{
  "invariant": "digest",
  "seed": 20260708,
  "wave": 104,
  "detail": "terrain - terrain: host=5 guest=0",
  "replay": "SOAK_SEED=20260708",
  "phaseState": null,
  "actionScript": [
    "SKIP mysteryEncounterDisabledV1",
    "wave 1: host slot move=85 guest slot move=85",
    "wave 1: reward shop owner=host take-nonparty",
    "wave 2: host slot move=85 guest slot move=85",
    "wave 2: reward shop owner=guest leave",
    "wave 3: host slot move=53 guest slot move=85",
    "wave 3: reward shop owner=host take-nonparty",
    "wave 4: host slot move=34 guest slot move=53",
    "wave 4: reward shop owner=guest leave",
    "wave 5: TRAINER (fixed)",
    "wave 5: host slot move=34 guest slot move=85",
    "wave 5: reward shop owner=host take-nonparty",
    "wave 6: host slot move=53 guest slot move=34",
    "wave 6: reward shop owner=guest take-nonparty",
    "wave 7: host slot move=85 guest slot move=53",
    "wave 7 turn 1: guest SWITCH -> party[3]",
    "wave 7 turn 2: host SWITCH -> party[2]",
    "wave 7: reward shop owner=host leave",
    "wave 8: TRAINER (fixed)",
    "wave 8: host slot move=34 guest slot move=53",
    "wave 8: reward shop owner=guest leave",
    "wave 9 turn 1: host SWITCH -> party[2]",
    "wave 9: host slot move=247 guest slot move=85",
    "wave 9: reward shop owner=host leave",
    "wave 10 turn 1: host SWITCH -> party[2]",
    "wave 10: host slot move=85 guest slot move=34",
    "wave 10 turn 2: host SWITCH -> party[2]",
    "wave 11: host slot move=85 guest slot move=34",
    "wave 11: reward shop owner=guest take-nonparty",
    "wave 12 turn 1: host SWITCH -> party[2]",
    "wave 12: host slot move=34 guest slot move=53",
    "wave 12: reward shop owner=host take-nonparty",
    "wave 13: TRAINER (random)",
    "wave 13 turn 1: host SWITCH -> party[2]",
    "wave 13: host slot move=247 guest slot move=53",
    "wave 13 turn 1: guest SWITCH -> party[3]",
    "wave 13: reward shop owner=guest take-nonparty",
    "wave 14: TRAINER (random)",
    "wave 14: host slot move=53 guest slot move=53",
    "wave 14 turn 1: guest SWITCH -> party[3]",
    "wave 14 turn 2: host SWITCH -> party[2]",
    "wave 14: reward shop owner=host take-nonparty",
    "wave 15: host slot move=85 guest slot move=247",
    "wave 15 turn 1: guest SWITCH -> party[3]",
    "wave 15: reward shop owner=guest take-nonparty",
    "wave 16: host slot move=34 guest slot move=53",
    "wave 16: reward shop owner=host leave",
    "wave 17: host slot move=247 guest slot move=85",
    "wave 17 turn 1: guest SWITCH -> party[3]",
    "wave 17 turn 2: host SWITCH -> party[2]",
    "wave 17 turn 2: guest SWITCH -> party[3]",
    "wave 17: reward shop owner=guest leave",
    "wave 18: host slot move=53 guest slot move=34",
    "wave 18: reward shop owner=host leave",
    "wave 19: TRAINER (random)",
    "wave 19: host slot move=85 guest slot move=247",
    "wave 19: reward shop owner=guest leave",
    "wave 20: host slot move=34 guest slot move=53",
    "wave 21: host slot move=247 guest slot move=85",
    "wave 21: reward shop owner=host leave",
    "wave 22: host slot move=53 guest slot move=247",
    "wave 22: reward shop owner=guest leave",
    "wave 23: host slot move=85 guest slot move=53",
    "wave 23: reward shop owner=host take-nonparty",
    "wave 24: host slot move=34 guest slot move=53",
    "wave 24: reward shop owner=guest take-nonparty",
    "wave 25: TRAINER (fixed)",
    "wave 25: host slot move=247 guest slot move=85",
    "wave 25 turn 2: host SWITCH -> party[2]",
    "wave 25: reward shop owner=host take-nonparty",
    "wave 26: host slot move=53 guest slot move=34",
    "wave 26: reward shop owner=guest take-nonparty",
    "wave 27: TRAINER (random)",
    "wave 27: host slot move=85 guest slot move=247",
    "wave 27: reward shop owner=host take-nonparty",
    "wave 28: TRAINER (random)",
    "wave 28: host slot move=34 guest slot move=34",
    "wave 28: reward shop owner=guest take-nonparty",
    "wave 29: host slot move=247 guest slot move=85",
    "wave 29: reward shop owner=host leave",
    "wave 30: TRAINER (random)",
    "wave 30: host slot move=53 guest slot move=34",
    "wave 31 turn 1: host SWITCH -> party[2]",
    "wave 31: host slot move=85 guest slot move=247",
    "wave 32: host slot move=34 guest slot move=53",
    "wave 32 turn 1: guest SWITCH -> party[3]",
    "wave 32 turn 2: guest SWITCH -> party[3]",
    "wave 32: reward shop owner=host leave",
    "wave 33: host slot move=53 guest slot move=53",
    "wave 33: reward shop owner=guest take-nonparty",
    "wave 34: host slot move=53 guest slot move=34",
    "wave 34: reward shop owner=host take-nonparty",
    "wave 35: TRAINER (fixed)",
    "wave 35: host slot move=85 guest slot move=85",
    "wave 35: reward shop owner=guest take-nonparty",
    "wave 36: host slot move=34 guest slot move=53",
    "wave 36: reward shop owner=host take-nonparty",
    "wave 37: host slot move=247 guest slot move=85",
    "wave 37: reward shop owner=guest leave",
    "wave 38: host slot move=247 guest slot move=34",
    "wave 38: reward shop owner=host take-nonparty",
    "wave 39 turn 1: host SWITCH -> party[2]",
    "wave 39: host slot move=85 guest slot move=247",
    "wave 39: reward shop owner=guest take-nonparty",
    "wave 40: host slot move=34 guest slot move=53",
    "wave 41: host slot move=247 guest slot move=85",
    "wave 41: reward shop owner=host take-nonparty",
    "wave 42: host slot move=53 guest slot move=34",
    "wave 42: reward shop owner=guest leave",
    "wave 43: TRAINER (random)",
    "wave 43: host slot move=53 guest slot move=247",
    "wave 43 turn 2: guest SWITCH -> party[3]",
    "wave 43 turn 4: host SWITCH -> party[2]",
    "wave 43: reward shop owner=host leave",
    "wave 44: TRAINER (random)",
    "wave 44: host slot move=34 guest slot move=53",
    "wave 44: reward shop owner=guest take-nonparty",
    "wave 45 turn 1: host SWITCH -> party[2]",
    "wave 45: host slot move=247 guest slot move=85",
    "wave 45: reward shop owner=host take-nonparty",
    "wave 46: host slot move=53 guest slot move=34",
    "wave 46: reward shop owner=guest leave",
    "wave 47: host slot move=85 guest slot move=247",
    "wave 47: reward shop owner=host leave",
    "wave 48: host slot move=85 guest slot move=53",
    "wave 48: reward shop owner=guest take-nonparty",
    "wave 49: host slot move=53 guest slot move=85",
    "wave 49: reward shop owner=host leave",
    "wave 50: host slot move=53 guest slot move=34",
    "wave 51: host slot move=85 guest slot move=247",
    "wave 51: reward shop owner=guest leave",
    "wave 52: host slot move=34 guest slot move=53",
    "wave 52: reward shop owner=host take-nonparty",
    "wave 53: host slot move=85 guest slot move=85",
    "wave 53: reward shop owner=guest take-nonparty",
    "wave 54: host slot move=53 guest slot move=34",
    "wave 54: reward shop owner=host take-nonparty",
    "wave 55: TRAINER (fixed)",
    "wave 55: host slot move=85 guest slot move=247",
    "wave 55 turn 2: guest SWITCH -> party[3]",
    "wave 55: reward shop owner=guest take-nonparty",
    "wave 56: host slot move=34 guest slot move=53",
    "wave 56 turn 2: host SWITCH -> party[2]",
    "wave 56: reward shop owner=host leave",
    "wave 57: host slot move=247 guest slot move=85",
    "wave 57: reward shop owner=guest take-nonparty",
    "wave 58: TRAINER (random)",
    "wave 58: host slot move=53 guest slot move=34",
    "wave 58: reward shop owner=host leave",
    "wave 59: host slot move=85 guest slot move=247",
    "wave 59 turn 1: guest SWITCH -> party[3]",
    "wave 59 turn 2: guest SWITCH -> party[3]",
    "wave 59: reward shop owner=guest take-nonparty",
    "wave 60: TRAINER (random)",
    "wave 60: host slot move=34 guest slot move=53",
    "wave 60 turn 2: host SWITCH -> party[2]",
    "wave 61: host slot move=247 guest slot move=85",
    "wave 62: TRAINER (fixed)",
    "wave 62: host slot move=53 guest slot move=34",
    "wave 62: reward shop owner=guest take-nonparty",
    "wave 63: host slot move=53 guest slot move=34",
    "wave 63: reward shop owner=host take-nonparty",
    "wave 64: TRAINER (fixed)",
    "wave 64: host slot move=247 guest slot move=53",
    "wave 64: reward shop owner=guest take-nonparty",
    "wave 65 turn 1: host SWITCH -> party[2]",
    "wave 65: host slot move=85 guest slot move=53",
    "wave 65: reward shop owner=host take-nonparty",
    "wave 66: TRAINER (fixed)",
    "wave 66: host slot move=53 guest slot move=34",
    "wave 66: reward shop owner=guest leave",
    "wave 67: host slot move=85 guest slot move=247",
    "wave 67: reward shop owner=host leave",
    "wave 68: host slot move=34 guest slot move=34",
    "wave 68: reward shop owner=guest leave",
    "wave 69: TRAINER (random)",
    "wave 69: host slot move=247 guest slot move=53",
    "wave 69 turn 1: guest SWITCH -> party[3]",
    "wave 69 turn 2: guest SWITCH -> party[3]",
    "wave 69: reward shop owner=host leave",
    "wave 70 turn 1: host SWITCH -> party[2]",
    "wave 70: host slot move=34 guest slot move=34",
    "wave 71: host slot move=53 guest slot move=53",
    "wave 71: reward shop owner=guest take-nonparty",
    "wave 72 turn 1: host SWITCH -> party[2]",
    "wave 72: host slot move=85 guest slot move=34",
    "wave 72 turn 2: host SWITCH -> party[2]",
    "wave 72: reward shop owner=host leave",
    "wave 73: TRAINER (random)",
    "wave 73 turn 1: host SWITCH -> party[2]",
    "wave 73: host slot move=247 guest slot move=85",
    "wave 73 turn 5: host SWITCH -> party[2]",
    "wave 73 turn 5: guest SWITCH -> party[3]",
    "wave 73 turn 6: host SWITCH -> party[2]",
    "wave 73: reward shop owner=guest leave",
    "wave 74: host slot move=53 guest slot move=247",
    "wave 74: reward shop owner=host take-nonparty",
    "wave 75: host slot move=85 guest slot move=247",
    "wave 75: reward shop owner=guest leave",
    "wave 76: host slot move=34 guest slot move=34",
    "wave 76: reward shop owner=host leave",
    "wave 77 turn 1: host SWITCH -> party[2]",
    "wave 77: host slot move=53 guest slot move=85",
    "wave 77: reward shop owner=guest take-nonparty",
    "wave 78: host slot move=53 guest slot move=34",
    "wave 78: reward shop owner=host leave",
    "wave 79: host slot move=85 guest slot move=247",
    "wave 79 turn 1: guest SWITCH -> party[3]",
    "wave 79 turn 2: host SWITCH -> party[2]",
    "wave 79: reward shop owner=guest take-nonparty",
    "wave 80: host slot move=85 guest slot move=53",
    "wave 81: host slot move=247 guest slot move=85",
    "wave 81: reward shop owner=host take-nonparty",
    "wave 82: host slot move=53 guest slot move=34",
    "wave 82: reward shop owner=guest leave",
    "wave 83 turn 1: host SWITCH -> party[2]",
    "wave 83: host slot move=53 guest slot move=247",
    "wave 83: reward shop owner=host take-nonparty",
    "wave 84: host slot move=34 guest slot move=53",
    "wave 84 turn 1: guest SWITCH -> party[3]",
    "wave 84: reward shop owner=guest leave",
    "wave 85: TRAINER (random)",
    "wave 85: host slot move=247 guest slot move=85",
    "wave 85: reward shop owner=host take-nonparty",
    "wave 86: host slot move=53 guest slot move=53",
    "wave 86 turn 1: guest SWITCH -> party[3]",
    "wave 86: reward shop owner=guest take-nonparty",
    "wave 87: host slot move=85 guest slot move=247",
    "wave 87: reward shop owner=host take-nonparty",
    "wave 88: host slot move=34 guest slot move=53",
    "wave 88: reward shop owner=guest take-nonparty",
    "wave 89: host slot move=53 guest slot move=53",
    "wave 90: TRAINER (random)",
    "wave 90: host slot move=53 guest slot move=34",
    "wave 90 turn 1: guest SWITCH -> party[3]",
    "wave 91: host slot move=85 guest slot move=247",
    "wave 92: host slot move=34 guest slot move=53",
    "wave 92 turn 1: guest SWITCH -> party[3]",
    "wave 93: host slot move=247 guest slot move=85",
    "wave 93: reward shop owner=guest take-nonparty",
    "wave 94 turn 1: host SWITCH -> party[2]",
    "wave 94: host slot move=53 guest slot move=34",
    "wave 94 turn 1: guest SWITCH -> party[3]",
    "wave 95: TRAINER (fixed)",
    "wave 95: host slot move=85 guest slot move=247",
    "wave 95: reward shop owner=guest take-nonparty",
    "wave 96: host slot move=34 guest slot move=53",
    "wave 97: host slot move=247 guest slot move=85",
    "wave 97: reward shop owner=guest leave",
    "wave 98: host slot move=53 guest slot move=34",
    "wave 98: reward shop owner=host leave",
    "wave 99: host slot move=34 guest slot move=247",
    "wave 99 turn 1: guest SWITCH -> party[3]",
    "wave 100: host slot move=34 guest slot move=53",
    "wave 101: host slot move=247 guest slot move=85",
    "wave 101: reward shop owner=host take-nonparty",
    "wave 102: host slot move=53 guest slot move=34",
    "wave 102: reward shop owner=guest take-nonparty",
    "wave 103: TRAINER (random)",
    "wave 103: host slot move=85 guest slot move=247",
    "wave 103 turn 1: guest SWITCH -> party[3]",
    "wave 103: reward shop owner=host leave",
    "wave 104: host slot move=34 guest slot move=53",
    "wave 104: DIGEST mismatch @post-turn -> one-heal resync"
  ]
}