url:      https://elite-redux-staging.pages.dev/
build:    mrc9a598-g33b
mode:     4  wave:16
seed:     8qTfcBYmEfSU9ZxXYKIR5GTk
party:    Mudbray(L13 33hp f0), Sobble(L13 39hp f0), Varoom(L12 25hp f0), Rookidee(L8 26hp f0)
enemy:    Lillipup(L10), Pikachu(L10), Fidough(L10)

----- COMMENT -----
pikachu used struggle for some reasons

----- CONSOLE -----
[22:25:45.609] LOG: %cStart Phase DamageAnimPhase color:green;
[22:25:45.619] LOG: %cStart Phase MessagePhase color:green;
[22:25:45.819] LOG: %cStart Phase MessagePhase color:green;
[22:25:46.013] LOG: %cStart Phase FaintPhase color:green;
[22:25:46.809] LOG: %cStart Phase MessagePhase color:green;
[22:25:47.047] LOG: %cStart Phase VictoryPhase color:green;
[22:25:47.047] LOG: %cStart Phase ExpPhase color:green;
[22:25:47.047] LOG: Applied Super EXP. Charm 
[22:25:47.047] LOG: Applied EXP. Charm 
[22:25:47.297] LOG: %cStart Phase LevelUpPhase color:green;
[22:25:47.297] LOG: Applied Zinc 
[22:25:47.297] LOG: %cStart Phase ExpPhase color:green;
[22:25:47.297] LOG: Applied Super EXP. Charm 
[22:25:47.297] LOG: Applied EXP. Charm 
[22:25:47.475] LOG: %cStart Phase LevelUpPhase color:green;
[22:25:47.475] LOG: %cStart Phase ExpPhase color:green;
[22:25:47.475] LOG: Applied Super EXP. Charm 
[22:25:47.475] LOG: Applied EXP. Charm 
[22:25:47.608] LOG: %cStart Phase ShowPartyExpBarPhase color:green;
[22:25:47.608] LOG: Applied Super EXP. Charm 
[22:25:47.608] LOG: Applied EXP. Charm 
[22:25:47.608] LOG: %cStart Phase LevelUpPhase color:green;
[22:25:47.609] LOG: %cStart Phase HidePartyExpBarPhase color:green;
[22:25:47.609] LOG: %cStart Phase MoveEndPhase color:green;
[22:25:47.609] LOG: %cStart Phase MovePhase color:green;
[22:25:47.609] LOG: %cStart Phase MoveEndPhase color:green;
[22:25:47.609] LOG: %cStart Phase MovePhase color:green;
[22:25:47.609] LOG: %cStart Phase MoveEndPhase color:green;
[22:25:47.609] LOG: %cStart Phase CheckInterludePhase color:green;
[22:25:47.609] LOG: %cStart Phase WeatherEffectPhase color:green;
[22:25:47.609] LOG: %cStart Phase PositionalTagPhase color:green;
[22:25:47.609] LOG: %cStart Phase BerryPhase color:green;
[22:25:47.610] LOG: %cStart Phase CheckStatusEffectPhase color:green;
[22:25:47.611] LOG: %cStart Phase TurnEndPhase color:green;
[22:25:47.612] WARN: [coop:turn] host recorder: finalize with NO open recording -> turn=-1 events=0 (caller decides not to emit)
[22:25:47.612] LOG: %cStart Phase ShowAbilityPhase color:green;
[22:25:47.764] LOG: %cStart Phase StatStageChangePhase color:green;
[22:25:47.942] LOG: %cStart Phase MessagePhase color:green;
[22:25:48.135] LOG: %cStart Phase HideAbilityPhase color:green;
[22:25:48.158] LOG: %cStart Phase BattleEndPhase color:green;
[22:25:48.158] LOG: Battle Score: 123 (2 Turns x0.93)
[22:25:48.158] LOG: Total Score: 1016
[22:25:48.163] LOG: Applied Zinc 
[22:25:48.165] LOG: %cStart Phase TrainerVictoryPhase color:green;
[22:25:48.166] LOG: Breeder Addison
[22:25:48.291] LOG: Breeder Addison
[22:25:48.480] LOG: Dialogue saved as seen: dialogue:breeder.victory.1
[22:25:48.480] LOG: %cStart Phase MoneyRewardPhase color:green;
[22:25:48.641] LOG: %cStart Phase EggLapsePhase color:green;
[22:25:48.641] LOG: %cStart Phase SelectModifierPhase color:green;
[22:25:48.641] LOG: Wave Seed: GcurQh|TubdHighZXaDVcz 15
[22:25:48.648] LOG: 6 3 [3,4,5]
[22:25:48.648] LOG: {"id":"LURE","localeKey":"modifierType:ModifierType.LURE","iconImage":"lure","group":"lure","soundName":"se/restore","tier":0,"maxBattles":10} 
[22:25:48.648] LOG: 0 0 [3,4,5]
[22:25:48.648] LOG: {"id":"POKEBALL","localeKey":"","iconImage":"pb","group":"pb","soundName":"se/pb_bounce_1","tier":0,"pokeballType":0,"count":5} 
[22:25:48.648] LOG: 0 0 [3,4,5]
[22:25:48.648] LOG: {"id":"POKEBALL","localeKey":"","iconImage":"pb","group":"pb","soundName":"se/pb_bounce_1","tier":0,"pokeballType":0,"count":5} 
[22:25:48.648] LOG: 7 3 [3,4,5]
[22:25:48.648] LOG: {"id":"TEMP_STAT_STAGE_BOOSTER","localeKey":"","iconImage":"x_defense","soundName":"se/restore","tier":0,"stat":2,"nameKey":"x_defense","quantityKey":"percentage"} 
[22:25:57.680] LOG: Applied Zinc 
[22:25:57.685] LOG: %cStart Phase ErCrossroadsPhase color:green;
[22:25:58.603] LOG: %cStart Phase SelectBiomePhase color:green;
[22:25:58.603] LOG: Wave Seed: GcurQh|TubdHighZXaDVcz 15
[22:25:59.570] LOG: %cStart Phase SwitchBiomePhase color:green;
[22:25:59.980] LOG: %cStart Phase NewBattlePhase color:green;
[22:25:59.980] LOG: Wave Seed: HdvsRi}UvceIjhi[YbEWd{ 16
[22:25:59.981] LOG: %cStart Phase ReturnPhase color:green;
[22:26:00.086] LOG: %cStart Phase ReturnPhase color:green;
[22:26:00.191] LOG: %cStart Phase ReturnPhase color:green;
[22:26:00.297] LOG: %cStart Phase ShowTrainerPhase color:green;
[22:26:00.397] LOG: %cStart Phase NewBiomeEncounterPhase color:green;
[22:26:00.398] LOG: Starting species pool tier: COMMON
[22:26:00.403] LOG: Pokemon: Wild Lillipup | Species ID: 506 | Level: 10 | Nature: Relaxed (+Def/-Spd)
[22:26:00.403] LOG: Stats (IVs): HP: 29 (3), Atk: 21 (20), Def: 18 (29), Spatk: 11 (19), Spdef: 14 (7), Spd: 18 (25)
[22:26:00.403] LOG: Ability: Pickup | Passive Ability: Fluffy 
[22:26:00.403] LOG: Moveset: ["Tackle","Roar","Howl","Odor Sleuth"]
[22:26:00.403] LOG: Starting species pool tier: UNCOMMON
[22:26:00.410] LOG: Pokemon: Wild Pikachu | Species ID: 25 | Level: 10 | Nature: Bashful (-)
[22:26:00.410] LOG: Stats (IVs): HP: 27 (1), Atk: 18 (26), Def: 14 (16), Spatk: 17 (26), Spdef: 16 (19), Spd: 24 (3)
[22:26:00.410] LOG: Ability: Electrocytes | Passive Ability: Short Circuit 
[22:26:00.410] LOG: Moveset: []
[22:26:00.410] LOG: Starting species pool tier: UNCOMMON
[22:26:00.415] LOG: Pokemon: Wild Fidough | Species ID: 926 | Level: 10 | Nature: Bold (+Def/-Atk)
[22:26:00.415] LOG: Stats (IVs): HP: 28 (6), Atk: 15 (12), Def: 24 (20), Spatk: 12 (19), Spdef: 16 (6), Spd: 19 (15)
[22:26:00.415] LOG: Ability: Aroma Veil | Passive Ability: Well-Baked Body 
[22:26:00.415] LOG: Moveset: ["Lovely Bite","Growl","Howl"]
[22:26:00.693] DEBUG: Session data saved to slot 1!
[22:26:00.694] LOG: Wave Seed: HdvsRi}UvceIjhi[YbEWd{ 16
[22:26:00.897] WARN: cry/926 not found
[22:26:01.136] LOG: %cStart Phase SummonPhase color:green;
[22:26:01.280] LOG: Applied Zinc 
[22:26:01.309] WARN: cry/749 not found
[22:26:01.408] LOG: %cStart Phase ToggleDoublePositionPhase color:green;
[22:26:01.409] LOG: %cStart Phase SummonPhase color:green;
[22:26:01.553] LOG: Applied Zinc 
[22:26:01.580] WARN: cry/816 not found
[22:26:01.680] LOG: %cStart Phase SummonPhase color:green;
[22:26:01.830] LOG: Applied Zinc 
[22:26:01.858] WARN: cry/965 not found
[22:26:01.958] LOG: %cStart Phase CheckSwitchPhase color:green;
[22:26:02.798] LOG: %cStart Phase CheckSwitchPhase color:green;
[22:26:03.143] LOG: %cStart Phase CheckSwitchPhase color:green;
[22:26:03.670] LOG: %cStart Phase InitEncounterPhase color:green;
[22:26:03.674] LOG: %cStart Phase PostSummonPhase color:green;
[22:26:03.674] LOG: Ran PSP for: Sobble
[22:26:03.678] LOG: %cStart Phase PostSummonPhase color:green;
[22:26:03.679] LOG: %cStart Phase ShowAbilityPhase color:green;
[22:26:03.836] LOG: %cStart Phase MessagePhase color:green;
[22:26:04.041] LOG: %cStart Phase HideAbilityPhase color:green;
[22:26:04.068] LOG: %cStart Phase PostSummonPhase color:green;
[22:26:04.070] LOG: %cStart Phase PostSummonPhase color:green;
[22:26:04.070] LOG: Ran PSP for: Pikachu
[22:26:04.073] LOG: %cStart Phase PostSummonPhase color:green;
[22:26:04.076] LOG: %cStart Phase PostSummonPhase color:green;
[22:26:04.078] LOG: %cStart Phase PostSummonPhase color:green;
[22:26:04.078] LOG: Ran PSP for: Mudbray
[22:26:04.080] LOG: %cStart Phase PostSummonPhase color:green;
[22:26:04.081] LOG: %cStart Phase PostSummonPhase color:green;
[22:26:04.082] LOG: %cStart Phase PostSummonPhase color:green;
[22:26:04.082] LOG: Ran PSP for: Fidough
[22:26:04.083] LOG: %cStart Phase PostSummonPhase color:green;
[22:26:04.084] LOG: %cStart Phase PostSummonPhase color:green;
[22:26:04.085] LOG: %cStart Phase PostSummonPhase color:green;
[22:26:04.085] LOG: Ran PSP for: Lillipup
[22:26:04.086] LOG: %cStart Phase PostSummonPhase color:green;
[22:26:04.086] LOG: %cStart Phase PostSummonPhase color:green;
[22:26:04.086] LOG: %cStart Phase PostSummonPhase color:green;
[22:26:04.086] LOG: Ran PSP for: Varoom
[22:26:04.087] LOG: %cStart Phase PostSummonPhase color:green;
[22:26:04.087] LOG: %cStart Phase PostSummonPhase color:green;
[22:26:04.087] LOG: %cStart Phase TurnInitPhase color:green;
[22:26:04.087] LOG: %cStart Phase CommandPhase color:green;
[22:26:05.808] LOG: Move: BODY_PRESS Move targets: {"targets":[3,4,1],"multiple":false} 
Player Pokemon: Mudbray
[22:26:05.810] LOG: %cStart Phase SelectTargetPhase color:green;
[22:26:09.569] LOG: %cStart Phase CommandPhase color:green;
[22:26:12.208] LOG: Move: SCALD Move targets: {"targets":[3,4,5,0,2],"multiple":false} 
Player Pokemon: Sobble
[22:26:12.209] LOG: %cStart Phase SelectTargetPhase color:green;
[22:26:13.280] LOG: %cStart Phase CommandPhase color:green;
[22:26:15.708] LOG: Move: BARRAGE Move targets: {"targets":[4,5,1],"multiple":false} 
Player Pokemon: Varoom
[22:26:15.710] LOG: %cStart Phase SelectTargetPhase color:green;
[22:26:16.336] LOG: %cStart Phase EnemyCommandPhase color:green;
[22:26:16.336] LOG: Applied X Defense 
[22:26:16.338] LOG: Applied X Defense 
[22:26:16.339] LOG: Battle Seed: 93T0fGKB95Losrdd
[22:26:16.339] WARN: BattlerTag IGNORE_GHOST is missing a score!
[22:26:16.339] WARN: BattlerTag IGNORE_GHOST is missing a score!
[22:26:16.339] WARN: BattlerTag IGNORE_GHOST is missing a score!
[22:26:16.340] WARN: BattlerTag IGNORE_GHOST is missing a score!
[22:26:16.340] LOG: Move Pool: ["Tackle","Roar","Howl","Odor Sleuth"]
[22:26:16.340] LOG: Move Scores: [12,-20,2,0]
[22:26:16.340] LOG: Sorted Move Pool: ["Tackle","Howl","Odor Sleuth","Roar"]
[22:26:16.340] LOG: Chosen Move: Tackle
[22:26:16.340] LOG: %cStart Phase EnemyCommandPhase color:green;
[22:26:16.340] LOG: %cStart Phase EnemyCommandPhase color:green;
[22:26:16.342] LOG: Applied X Defense 
[22:26:16.343] LOG: Applied X Defense 
[22:26:16.346] LOG: Move Pool: ["Lovely Bite","Growl","Howl"]
[22:26:16.346] LOG: Move Scores: [6.1171875,2,2]
[22:26:16.346] LOG: Sorted Move Pool: ["Lovely Bite","Growl","Howl"]
[22:26:16.346] LOG: Chosen Move: Growl
[22:26:16.346] LOG: %cStart Phase TurnStartPhase color:green;
[22:26:16.365] LOG: %cStart Phase MovePhase color:green;
[22:26:16.365] LOG: %cUser: Sobble
Move: SCALD
Use Mode: NORMAL color:orchid
[22:26:16.381] LOG: %cStart Phase MessagePhase color:green;
[22:26:16.436] LOG: %cStart Phase MoveEffectPhase color:green;
[22:26:16.608] LOG: crit stage: +0
[22:26:16.609] LOG: Applied X Sp. Atk 
[22:26:16.609] LOG: Move: Scald | Base damage: 30.512000000000004 | Power: 96 | Source attack: 33 | Target defense: 16
[22:26:16.609] LOG: Move: Scald | Attack damage: 43
[22:26:16.610] LOG: %cStart Phase DamageAnimPhase color:green;
[22:26:16.620] LOG: %cStart Phase FaintPhase color:green;
[22:26:16.624] WARN: cry/926 not found
[22:26:16.678] LOG: %cStart Phase MessagePhase color:green;
[22:26:17.102] LOG: %cStart Phase VictoryPhase color:green;
[22:26:17.103] LOG: %cStart Phase ExpPhase color:green;
[22:26:17.103] LOG: Applied Super EXP. Charm 
[22:26:17.103] LOG: Applied EXP. Charm 
[22:26:17.320] LOG: %cStart Phase ExpPhase color:green;
[22:26:17.320] LOG: Applied Super EXP. Charm 
[22:26:17.320] LOG: Applied EXP. Charm 
[22:26:17.509] LOG: %cStart Phase ExpPhase color:green;
[22:26:17.509] LOG: Applied Super EXP. Charm 
[22:26:17.509] LOG: Applied EXP. Charm 
[22:26:17.709] LOG: %cStart Phase ShowPartyExpBarPhase color:green;
[22:26:17.709] LOG: Applied Super EXP. Charm 
[22:26:17.709] LOG: Applied EXP. Charm 
[22:26:17.709] LOG: %cStart Phase HidePartyExpBarPhase color:green;
[22:26:17.709] LOG: %cStart Phase MoveEndPhase color:green;
[22:26:17.711] LOG: %cStart Phase MovePhase color:green;
[22:26:17.711] LOG: %cUser: Pikachu
Move: STRUGGLE
Use Mode: IGNORE_PP color:orchid
[22:26:17.719] LOG: %cStart Phase MessagePhase color:green;
[22:26:17.819] LOG: %cStart Phase MessagePhase color:green;
[22:26:17.975] LOG: %cStart Phase MoveEffectPhase color:green;
[22:26:18.075] LOG: crit stage: +0
[22:26:18.075] LOG: Applied X Defense 
[22:26:18.075] LOG: Move: Struggle | Base damage: 5.483870967741936 | Power: 50 | Source attack: 18 | Target defense: 31
[22:26:18.076] LOG: Move: Struggle | Attack damage: 5
[22:26:18.076] LOG: %cStart Phase DamageAnimPhase color:green;
[22:26:18.087] LOG: %cStart Phase DamageAnimPhase color:green;
[22:26:18.087] LOG: %cStart Phase MessagePhase color:green;
[22:26:18.330] LOG: %cStart Phase ShowAbilityPhase color:green;
[22:26:18.486] LOG: %cStart Phase StatStageChangePhase color:green;
[22:26:18.665] LOG: %cStart Phase MessagePhase color:green;
[22:26:18.875] LOG: %cStart Phase HideAbilityPhase color:green;
[22:26:18.898] LOG: %cStart Phase MoveEndPhase color:green;
[22:26:18.899] LOG: %cStart Phase MovePhase color:green;
[22:26:18.899] LOG: %cUser: Mudbray
Move: BODY_PRESS
Use Mode: NORMAL color:orchid
[22:26:18.907] LOG: %cStart Phase MessagePhase color:green;
[22:26:19.008] LOG: %cStart Phase MoveEffectPhase color:green;
[22:26:19.141] LOG: crit stage: +0
[22:26:19.142] LOG: Applied X Defense 
[22:26:19.142] LOG: Move: Body Press | Base damage: 30.16 | Power: 80 | Source attack: 44 | Target defense: 18
[22:26:19.143] LOG: Move: Body Press | Attack damage: 25
[22:26:19.143] LOG: %cStart Phase DamageAnimPhase color:green;
[22:26:19.153] LOG: %cStart Phase MessagePhase color:green;
[22:26:19.352] LOG: %cStart Phase MoveEndPhase color:green;
[22:26:19.353] LOG: %cStart Phase MovePhase color:green;
[22:26:19.353] LOG: %cStart Phase MoveEndPhase color:green;
[22:26:19.354] LOG: %cStart Phase MovePhase color:green;
[22:26:19.354] LOG: %cUser: Lillipup
Move: TACKLE
Use Mode: NORMAL color:orchid
[22:26:19.362] LOG: %cStart Phase MessagePhase color:green;
[22:26:19.469] LOG: %cStart Phase MoveEffectPhase color:green;
[22:26:19.536] LOG: crit stage: +0
[22:26:19.536] LOG: Applied X Defense 
[22:26:19.536] LOG: Move: Tackle | Base damage: 4.290909090909091 | Power: 40 | Source attack: 21 | Target defense: 44
[22:26:19.537] LOG: Move: Tackle | Attack damage: 6
[22:26:19.537] LOG: %cStart Phase DamageAnimPhase color:green;
[22:26:19.548] LOG: %cStart Phase ShowAbilityPhase color:green;
[22:26:19.703] LOG: %cStart Phase StatStageChangePhase color:green;
[22:26:19.882] LOG: %cStart Phase MessagePhase color:green;
[22:26:20.091] LOG: %cStart Phase HideAbilityPhase color:green;
[22:26:20.114] LOG: %cStart Phase MoveEndPhase color:green;
[22:26:20.115] LOG: %cStart Phase MovePhase color:green;
[22:26:20.115] LOG: %cUser: Varoom
Move: BARRAGE
Use Mode: NORMAL color:orchid
[22:26:20.120] LOG: %cStart Phase MessagePhase color:green;
[22:26:20.208] LOG: %cStart Phase MessagePhase color:green;
[22:26:20.397] LOG: %cStart Phase MoveEndPhase color:green;
[22:26:20.397] LOG: %cStart Phase CheckInterludePhase color:green;
[22:26:20.397] LOG: %cStart Phase WeatherEffectPhase color:green;
[22:26:20.397] LOG: %cStart Phase PositionalTagPhase color:green;
[22:26:20.397] LOG: %cStart Phase BerryPhase color:green;
[22:26:20.401] LOG: %cStart Phase CheckStatusEffectPhase color:green;
[22:26:20.405] LOG: %cStart Phase TurnEndPhase color:green;
[22:26:20.408] WARN: [coop:turn] host recorder: finalize with NO open recording -> turn=-1 events=0 (caller decides not to emit)
[22:26:20.408] LOG: %cStart Phase ShowAbilityPhase color:green;
[22:26:20.564] LOG: %cStart Phase StatStageChangePhase color:green;
[22:26:20.743] LOG: %cStart Phase MessagePhase color:green;
[22:26:20.936] LOG: %cStart Phase HideAbilityPhase color:green;
[22:26:20.959] LOG: %cStart Phase TurnInitPhase color:green;
[22:26:20.959] LOG: %cStart Phase CommandPhase color:green;
