url:      https://elite-redux-staging.pages.dev/
build:    mrbd0qtc-lbsx
mode:     7  wave:1
seed:     ARwXo2hBi2PtgtcPWe65guOM
party:    Steelix(L100 291hp f1), Kaiosea(L100 321hp f0)
enemy:    Steelix(L100), Zapdos(L100), Moltres(L100)

----- COMMENT -----
still stuck and the pokemon sprite of my pokemon and the ui in the wrong position still

----- CONSOLE -----
[00:49:34.741] LOG: %c %c %c %c %c Phaser v3.90.0 (WebGL | Web Audio) %c https://phaser.io/v390 background: #ff0000 background: #ffff00 background: #00ff00 background: #00ffff color: #ffffff; background: #000000 background: transparent
[00:49:35.426] LOG: [ER] build mrbd0qtc-lbsx
[00:49:35.498] LOG: [dev-tools] loaded — 473 scenarios + Send Logs button
[00:49:55.810] DEBUG: Destroying loading scene
[00:49:55.811] DEBUG: Destroyed loading scene
[00:49:56.041] LOG: Seed: zuO297Mq73YfBDGtSKWWOUlD
[00:49:56.041] LOG: Wave Seed: zuO297Mq73YfBDGtSKWWOUlD 0
[00:50:01.018] LOG: %cStart Phase LoginPhase color:green;
[00:50:01.199] LOG: Client Session: YLgAuaBwIgYyBSNQFrPgKlBM3TmgOxgC
[00:50:01.773] LOG: %cStart Phase TitlePhase color:green;
[00:50:01.775] LOG: Getting Session Slot id: %d 4
[00:50:01.793] LOG: use seasonal splash messages true
[00:50:12.566] LOG: [coop:lobby] start announce name=Heraklines1
[00:50:12.839] LOG: [coop:lobby] announced id=825100f6-74d6-49cd-81fc-66eadde3241c -> begin polling
[00:50:13.121] LOG: [coop:lobby] poll players=1
[00:50:13.827] LOG: [coop:lobby] request target=e00d90e7-d6e8-4b13-ba8c-bd232c320fe8 (self=825100f6-74d6-49cd-81fc-66eadde3241c)
[00:50:14.351] LOG: [coop:lobby] poll players=1
[00:50:16.112] LOG: [coop:lobby] poll matched code=5DXUAN role=guest -> connect
[00:50:16.112] LOG: [coop:launch] lobby connect code=5DXUAN role=guest name=Heraklines1
[00:50:16.114] LOG: [coop:launch] connectCoopWithCode code=5DXUAN role=guest username=Heraklines1
[00:50:16.114] LOG: [coop:launch] exchange SDP start code=5DXUAN role=guest (ice=fetched)
[00:50:16.322] LOG: [coop:launch] ICE from worker /coop/ice servers=1
[00:50:16.325] LOG: [coop:launch] await peer signal start code=5DXUAN role=guest timeout=60000ms
[00:50:16.583] LOG: [coop:launch] await peer signal resolve code=5DXUAN role=guest (2102b)
[00:50:16.583] LOG: [coop:launch] guest received offer code=5DXUAN -> answering
[00:50:16.622] LOG: [coop:launch] iceConnectionState=checking code=5DXUAN role=guest
[00:50:16.623] LOG: [coop:launch] pcConnectionState=connecting code=5DXUAN role=guest
[00:50:16.631] LOG: [coop:launch] iceConnectionState=connected code=5DXUAN role=guest
[00:50:16.632] LOG: [coop:launch] guest pushing answer code=5DXUAN (ICE gathered)
[00:50:16.632] LOG: [coop:launch] pushSignal code=5DXUAN role=guest sdpBytes=778
[00:50:17.938] LOG: [coop:launch] pcConnectionState=connected code=5DXUAN role=guest
[00:50:17.946] LOG: [coop:launch] guest datachannel event label=coop state=open code=5DXUAN
[00:50:17.946] LOG: [coop:launch] data channel already open
[00:50:17.946] LOG: [coop:webrtc] ctor role=guest readyState=open state=connected
[00:50:17.947] LOG: [coop:launch] connectCoopSession role=guest state=connected username=Heraklines1 netcode=authoritative
[00:50:17.947] LOG: [coop:stream] streamer CONSTRUCT timeout=1200000ms onMessage registered
[00:50:17.947] LOG: [coop:stream] guest REGISTER onGhostPool handler (bufferedEarly=false)
[00:50:17.948] LOG: [coop:stream] host REGISTER onStateSyncRequest handler (was=false)
[00:50:17.948] LOG: [coop:stream] host REGISTER onEnemyPartyRequest handler (was=false)
[00:50:17.948] LOG: [coop:stream] guest REGISTER onWaveResolved handler (was=false)
[00:50:17.948] LOG: [coop:stream] guest REGISTER onWaveEndState handler (was=false)
[00:50:17.948] LOG: [coop:stream] watcher REGISTER onMeChecksum handler (was=false)
[00:50:17.948] LOG: [coop:turn] host recorder: REGISTER live emitter (was=false)
[00:50:17.949] LOG: [coop:session] coopAuthoritativeGuestPredicate INSTALLED
[00:50:17.949] LOG: [coop:launch] peer session ready role=guest netcode=authoritative -> connecting
[00:50:17.950] LOG: [coop:launch] session connect role=guest partnerRole=host netcode=authoritative username=Heraklines1 version=er-coop-11 tiebreak=0.580469995967224
[00:50:17.950] LOG: [coop:webrtc] raw tx role=guest t=hello bytes=105
[00:50:17.996] LOG: [coop:checksum] dataFingerprint compute moveMap=e9b828360aafb9e2(1032) movesData=61fa3383767be347(1107) movesName=fad7fe8932ec09a1(1107) movesets=6eb276198552346d(1908) abilitiesData=3088ac8089021d9e(1047) abilitiesName=7c302bdd9cc50a0b(1047)
[00:50:18.001] LOG: [coop:webrtc] raw tx role=guest t=dataFingerprint bytes=329
[00:50:18.001] LOG: [coop:launch] lobby connected code=5DXUAN role=guest -> onConnected
[00:50:18.005] LOG: [coop:session] isCoopAuthoritativeGuestGated -> true (authoritative GUEST gates a structural mutation)
[00:50:18.005] LOG: [coop:session] isCoopAuthoritativeGuestGated -> true (authoritative GUEST gates a structural mutation)
[00:50:18.005] LOG: %cStart Phase SelectStarterPhase color:green;
[00:50:18.006] LOG: [coop:webrtc] channel OPEN role=guest gen=0
[00:50:18.008] LOG: [coop:webrtc] raw rx role=guest t=hello bytes=104 handlers=13
[00:50:18.008] LOG: [coop:launch] hello recv partner=Heraklines1 partnerRole=host (local role=guest; no conflict)
[00:50:18.009] LOG: [coop:owner] ownerOf(counter=0) seat=0 -> owner=host
[00:50:18.009] LOG: [coop:owner] ownerOf(counter=0) seat=0 -> owner=host
[00:50:18.009] LOG: [coop:webrtc] raw rx role=guest t=dataFingerprint bytes=329 handlers=13
[00:50:18.010] LOG: [coop:checksum] MATCH - data tables identical across clients
[00:50:21.343] LOG: Spearow's icon __BASE does not match getIconId with female: false, formIndex: 0, shiny: true, variant: 2
[00:50:23.050] LOG: [coop:interaction] interactionCounter() read -> 0 (role=guest)
[00:50:23.050] LOG: [coop:health] tick=0g turn=- wave=- counter=0 assertions=0 wait=-1ms peerBeat=- transport=connected
[00:50:43.382] LOG: [coop:webrtc] raw rx role=guest t=showdownTeam bytes=914 handlers=13
[00:50:43.382] LOG: [coop:webrtc] raw rx role=guest t=showdownReady bytes=51 handlers=13
[00:50:45.433] LOG: Goldeen's icon __BASE does not match getIconId with female: false, formIndex: 0, shiny: true, variant: 2
[00:50:46.355] LOG: [coop:webrtc] raw tx role=guest t=showdownTeam bytes=753
[00:50:46.355] LOG: [coop:webrtc] raw tx role=guest t=showdownReady bytes=51
[00:50:46.355] LOG: [coop:rendezvous] ARRIVE point=showdown-ready (send) role=guest
[00:50:46.355] LOG: [coop:webrtc] raw tx role=guest t=rendezvous bytes=43
[00:50:46.355] LOG: [coop:rendezvous] AWAIT point=showdown-ready timeoutMs=600000 -> network-wait role=guest
[00:50:46.360] LOG: [coop:webrtc] raw rx role=guest t=rendezvous bytes=43 handlers=13
[00:50:46.360] LOG: [coop:rendezvous] RECV arrival point=showdown-ready -> deliver-to-waiter role=guest
[00:50:46.360] LOG: [coop:rendezvous] AWAIT point=showdown-ready RESOLVE both-arrived role=guest
[00:50:46.384] LOG: [coop:webrtc] raw tx role=guest t=showdownStakeOffer bytes=106
[00:50:46.412] LOG: [coop:webrtc] raw rx role=guest t=showdownStakeOffer bytes=106 handlers=13
[00:50:47.074] LOG: [coop:rendezvous] ARRIVE point=showdown-wager-commit (send) role=guest
[00:50:47.074] LOG: [coop:webrtc] raw tx role=guest t=rendezvous bytes=50
[00:50:47.074] LOG: [coop:rendezvous] AWAIT point=showdown-wager-commit timeoutMs=600000 -> network-wait role=guest
[00:50:48.279] LOG: [coop:webrtc] raw rx role=guest t=rendezvous bytes=50 handlers=13
[00:50:48.279] LOG: [coop:rendezvous] RECV arrival point=showdown-wager-commit -> deliver-to-waiter role=guest
[00:50:48.279] LOG: [coop:rendezvous] AWAIT point=showdown-wager-commit RESOLVE both-arrived role=guest
[00:50:48.312] LOG: [coop-launch] guest: awaiting host launch snapshot (push-snapshot boot, no poll)
[00:50:48.312] LOG: [coop:stream] guest awaitLaunchSnapshot wave=1 START timeout=1200000ms
[00:50:51.568] LOG: [coop:webrtc] raw rx role=guest t=enemyPartySync bytes=619 handlers=12
[00:50:51.568] LOG: [coop:replay] guest RECV enemyPartySync wave=1 count=2 -> buffered (no waiter)
[00:50:51.574] LOG: [coop:webrtc] raw rx role=guest t=launchSnapshot bytes=12434 handlers=12
[00:50:51.575] LOG: [coop:replay] guest RECV launchSnapshot wave=1 sessionLen=11140 -> parked waiter
[00:50:51.575] LOG: [coop:stream] guest awaitLaunchSnapshot wave=1 RESOLVE len=11140
[00:50:51.577] LOG: Wave Seed: ARwXo2hBi2PtgtcPWe65guOM 0
[00:50:51.577] LOG: Seed: ARwXo2hBi2PtgtcPWe65guOM
[00:50:51.613] LOG: Wave Seed: BSxYp3iCj3QuhudQXf76hvPN 1
[00:50:51.949] WARN: [asset-retry] load error key=PRAS-Dragon Dance BG - retry 1/2 with cache-buster
[00:50:52.124] WARN: [asset-retry] load error key=PRAS-Dragon Dance BG - retry 2/2 via fastly mirror + cache-buster
[00:50:52.187] ERROR: [asset-retry] PERMANENT load failure key=PRAS-Dragon Dance BG url=images/battle_anims/PRAS-Dragon Dance BG.png
[00:50:52.216] LOG: [coop-launch] guest: booted from host snapshot -> LOADED EncounterPhase (no generation)
[00:50:52.217] LOG: [coop:session] isCoopAuthoritativeGuestGated -> true (authoritative GUEST gates a structural mutation)
[00:50:52.217] LOG: %cStart Phase EncounterPhase color:green;
[00:50:52.217] LOG: [coop:stream] guest consumeEnemyParty wave=1 -> 2 enemies
[00:50:52.218] LOG: [coop:stream] guest awaitEnemyParty wave=1 RESOLVE (buffered race) count=2
[00:50:52.223] LOG: Pokemon: Mega Steelix | Species ID: 208 | Level: 100 | Nature: Hardy (-)
[00:50:52.223] LOG: Stats (IVs): HP: 291 (31), Atk: 326 (31), Def: 496 (31), Spatk: 146 (31), Spdef: 246 (31), Spd: 76 (31)
[00:50:52.223] LOG: Ability: Primal Armor | Passive Ability: Lead Coat 
[00:50:52.223] LOG: Moveset: ["Shore Up","Substitute","Protect","Self-Destruct"]
[00:50:52.224] LOG: Pokemon: Zapdos | Species ID: 145 | Level: 100 | Nature: Hardy (-)
[00:50:52.224] LOG: Stats (IVs): HP: 321 (31), Atk: 216 (31), Def: 206 (31), Spatk: 286 (31), Spdef: 216 (31), Spd: 236 (31)
[00:50:52.224] LOG: Ability: Raging Storm | Passive Ability: Volt Absorb 
[00:50:52.224] LOG: Moveset: ["Ancient Power","Charge","Gust","Roar"]
[00:50:52.224] LOG: Pokemon: Moltres | Species ID: 146 | Level: 100 | Nature: Hardy (-)
[00:50:52.224] LOG: Stats (IVs): HP: 321 (31), Atk: 236 (31), Def: 216 (31), Spatk: 286 (31), Spdef: 206 (31), Spd: 216 (31)
[00:50:52.224] LOG: Ability: Air Blower | Passive Ability: Flash Fire 
[00:50:52.224] LOG: Moveset: ["Ancient Power","Flame Burst","Gust","Roar"]
[00:50:52.311] LOG: Generated AI funcs
[00:50:52.320] LOG: Wave Seed: BSxYp3iCj3QuhudQXf76hvPN 1
[00:50:52.526] LOG: Dancer Heraklines1
[00:50:53.023] LOG: Dancer Heraklines1
[00:50:53.387] LOG: [coop:session] isCoopAuthoritativeGuestGated -> true (authoritative GUEST gates a structural mutation)
[00:50:53.387] LOG: [coop:session] isCoopAuthoritativeGuestGated -> true (authoritative GUEST gates a structural mutation)
[00:50:53.388] LOG: [coop:session] isCoopAuthoritativeGuestGated -> true (authoritative GUEST gates a structural mutation)
[00:50:53.388] LOG: [coop:session] isCoopAuthoritativeGuestGated -> true (authoritative GUEST gates a structural mutation)
[00:50:53.388] LOG: [coop:session] isCoopAuthoritativeGuestGated -> true (authoritative GUEST gates a structural mutation)
[00:50:53.389] LOG: %cStart Phase SummonPhase color:green;
[00:50:53.390] LOG: Heraklines1
[00:50:53.576] WARN: cry/208-mega not found
[00:50:53.673] LOG: [coop:session] isCoopAuthoritativeGuestGated -> true (authoritative GUEST gates a structural mutation)
[00:50:53.674] LOG: %cStart Phase ShinySparklePhase color:green;
[00:50:53.782] LOG: %cStart Phase ShinySparklePhase color:green;
[00:50:53.782] LOG: %cStart Phase EncounterPhase color:green;
[00:50:53.785] LOG: Pokemon: Mega Steelix | Species ID: 208 | Level: 100 | Nature: Hardy (-)
[00:50:53.785] LOG: Stats (IVs): HP: 291 (31), Atk: 326 (31), Def: 496 (31), Spatk: 146 (31), Spdef: 246 (31), Spd: 76 (31)
[00:50:53.785] LOG: Ability: Primal Armor | Passive Ability: Lead Coat 
[00:50:53.785] LOG: Moveset: ["Shore Up","Substitute","Protect","Self-Destruct"]
[00:50:53.785] LOG: Pokemon: Zapdos | Species ID: 145 | Level: 100 | Nature: Hardy (-)
[00:50:53.785] LOG: Stats (IVs): HP: 321 (31), Atk: 216 (31), Def: 206 (31), Spatk: 286 (31), Spdef: 216 (31), Spd: 236 (31)
[00:50:53.785] LOG: Ability: Raging Storm | Passive Ability: Volt Absorb 
[00:50:53.785] LOG: Moveset: ["Ancient Power","Charge","Gust","Roar"]
[00:50:53.785] LOG: Pokemon: Moltres | Species ID: 146 | Level: 100 | Nature: Hardy (-)
[00:50:53.785] LOG: Stats (IVs): HP: 321 (31), Atk: 236 (31), Def: 216 (31), Spatk: 286 (31), Spdef: 206 (31), Spd: 216 (31)
[00:50:53.785] LOG: Ability: Air Blower | Passive Ability: Flash Fire 
[00:50:53.785] LOG: Moveset: ["Ancient Power","Flame Burst","Gust","Roar"]
[00:50:54.589] LOG: Generated AI funcs
[00:50:54.591] LOG: Wave Seed: BSxYp3iCj3QuhudQXf76hvPN 1
[00:50:54.799] LOG: Dancer Heraklines1
[00:50:56.862] LOG: Dancer Heraklines1
[00:50:57.365] LOG: [coop:session] isCoopAuthoritativeGuestGated -> true (authoritative GUEST gates a structural mutation)
[00:50:57.365] LOG: [coop:session] isCoopAuthoritativeGuestGated -> true (authoritative GUEST gates a structural mutation)
[00:50:57.365] LOG: [coop:session] isCoopAuthoritativeGuestGated -> true (authoritative GUEST gates a structural mutation)
[00:50:57.367] LOG: %cStart Phase SummonPhase color:green;
[00:50:57.367] LOG: Heraklines1
[00:50:57.555] WARN: cry/208-mega not found
[00:50:57.659] LOG: [coop:session] isCoopAuthoritativeGuestGated -> true (authoritative GUEST gates a structural mutation)
[00:50:57.659] LOG: %cStart Phase ShinySparklePhase color:green;
[00:50:57.763] LOG: %cStart Phase ShinySparklePhase color:green;
[00:50:57.763] LOG: %cStart Phase SummonPhase color:green;
[00:50:57.940] LOG: [coop:interaction] interactionCounter() read -> 0 (role=guest)
[00:50:57.940] LOG: [coop:health] tick=0g turn=1 wave=1 counter=0 assertions=0 wait=-1ms peerBeat=- transport=connected
[00:50:57.949] WARN: cry/208-mega not found
[00:50:58.052] LOG: [coop:session] isCoopAuthoritativeGuestGated -> true (authoritative GUEST gates a structural mutation)
[00:50:58.052] LOG: %cStart Phase ShinySparklePhase color:green;
[00:50:58.053] LOG: %cStart Phase ToggleDoublePositionPhase color:green;
[00:50:58.055] LOG: %cStart Phase InitEncounterPhase color:green;
[00:50:58.055] LOG: [coop:session] isCoopAuthoritativeGuestGated -> true (authoritative GUEST gates a structural mutation)
[00:50:58.056] ERROR: [unhandledrejection] TypeError: Cannot read properties of undefined (reading 'getAbilityPriorities')
TypeError: Cannot read properties of undefined (reading 'getAbilityPriorities')
    at PostSummonPhasePriorityQueue.queueAbilityPhase (https://elite-redux-staging.pages.dev/assets/battle-scene-CewQ9qZB.js:18:14679)
    at PostSummonPhasePriorityQueue.push (https://elite-redux-staging.pages.dev/assets/battle-scene-CewQ9qZB.js:18:14560)
    at DynamicQueueManager.queueDynamicPhase (https://elite-redux-staging.pages.dev/assets/battle-scene-CewQ9qZB.js:18:15632)
    at PhaseManager.checkDynamic (https://elite-redux-staging.pages.dev/assets/battle-scene-CewQ9qZB.js:462:23701)
    at PhaseManager.unshiftPhase (https://elite-redux-staging.pages.dev/assets/battle-scene-CewQ9qZB.js:462:23547)
    at PhaseManager.unshiftNew (https://elite-redux-staging.pages.dev/assets/battle-scene-CewQ9qZB.js:462:25369)
    at InitEncounterPhase.start (https://elite-redux-staging.pages.dev/assets/battle-scene-CewQ9qZB.js:22:145413)
    at PhaseManager.startCurrentPhase (https://elite-redux-staging.pages.dev/assets/battle-scene-CewQ9qZB.js:462:24314)
    at PhaseManager.shiftPhase (https://elite-redux-staging.pages.dev/assets/battle-scene-CewQ9qZB.js:462:24181)
    at ToggleDoublePositionPhase.end (https://elite-redux-staging.pages.dev/assets/battle-scene-CewQ9qZB.js:18:11384)
