url:      https://elite-redux-staging.pages.dev/
build:    mr57mdfj-759k
mode:     6  wave:2
seed:     94On5WUUuLd3SfhemZLrkkBt
party:    Icognito(L5 16hp f28), Flamiau(L5 20hp f0), Waumpel(L5 21hp f0), Endivie(L5 20hp f0), Goldini(L5 21hp f0)
enemy:    

----- COMMENT -----
after the me, the reward shop doesnt load for the other player

----- CONSOLE -----
[17:35:40.904] LOG: [coop:replay] present faint bi=2 narrate=true
[17:35:40.980] LOG: %cStart Phase MessagePhase color:green;
[17:35:41.577] LOG: [coop:webrtc] raw rx role=guest t=battleEvent bytes=95 handlers=8
[17:35:41.577] LOG: [coop:replay] guest RECV live battleEvent turn=1 seq=7 k=moveUsed
[17:35:42.020] LOG: [coop:webrtc] raw rx role=guest t=battleEvent bytes=89 handlers=8
[17:35:42.020] LOG: [coop:replay] guest RECV live battleEvent turn=1 seq=8 k=hp
[17:35:42.020] LOG: [coop:webrtc] raw rx role=guest t=battleEvent bytes=89 handlers=8
[17:35:42.020] LOG: [coop:replay] guest RECV live battleEvent turn=1 seq=9 k=faint
[17:35:42.256] LOG: [coop:webrtc] raw rx role=guest t=battleEvent bytes=92 handlers=8
[17:35:42.256] LOG: [coop:replay] guest RECV live battleEvent turn=1 seq=10 k=message
[17:35:42.256] LOG: [coop:webrtc] raw rx role=guest t=battleEvent bytes=89 handlers=8
[17:35:42.256] LOG: [coop:replay] guest RECV live battleEvent turn=1 seq=11 k=statStage
[17:35:43.912] LOG: %cStart Phase CoopReplayTurnPhase color:green;
[17:35:43.912] LOG: [coop:replay] guest live-pump drain turn=1 seq=7..11
[17:35:43.912] LOG: [coop:replay] guest replay turn=1: live increment seq=7..11
[17:35:43.912] LOG: [coop:replay] guest replay turn=1: rendering 5 event(s)
[17:35:43.912] LOG: [coop:replay] guest replay turn=1: present k=moveUsed
[17:35:43.912] LOG: [coop:session] isCoopAuthoritativeGuestGated -> true (authoritative GUEST gates a structural mutation)
[17:35:43.912] LOG: [coop:replay] guest replay turn=1: present k=hp
[17:35:43.912] LOG: [coop:session] isCoopAuthoritativeGuestGated -> true (authoritative GUEST gates a structural mutation)
[17:35:43.912] LOG: [coop:replay] guest replay turn=1: present k=faint
[17:35:43.912] LOG: [coop:session] isCoopAuthoritativeGuestGated -> true (authoritative GUEST gates a structural mutation)
[17:35:43.912] LOG: [coop:replay] guest replay turn=1: present k=message
[17:35:43.912] LOG: [coop:replay] guest replay turn=1: present k=statStage
[17:35:43.912] LOG: [coop:session] isCoopAuthoritativeGuestGated -> true (authoritative GUEST gates a structural mutation)
[17:35:43.913] LOG: [coop:replay] guest replay turn=1: rendered phases [moveUsed=1 hp=1 faint=1 message=1 statStage=1]
[17:35:43.913] LOG: [coop:session] isCoopAuthoritativeGuestGated -> true (authoritative GUEST gates a structural mutation)
[17:35:43.913] LOG: %cStart Phase MessagePhase color:green;
[17:35:44.052] LOG: %cStart Phase CoopMoveAnimReplayPhase color:green;
[17:35:44.052] LOG: [coop:replay] present move bi=0 moveId=832 targets=1
[17:35:44.373] LOG: %cStart Phase CoopHpDrainReplayPhase color:green;
[17:35:44.373] LOG: [coop:replay] present hp bi=3 13->0/13
[17:35:44.374] LOG: %cStart Phase CoopFaintReplayPhase color:green;
[17:35:44.374] LOG: [coop:replay] present faint bi=3 narrate=true
[17:35:44.430] LOG: %cStart Phase MessagePhase color:green;
[17:35:44.621] LOG: %cStart Phase MessagePhase color:green;
[17:35:44.815] LOG: %cStart Phase CoopStatStageReplayPhase color:green;
[17:35:44.815] LOG: [coop:replay] present statStage bi=0 stat=3 -> 1
[17:35:45.323] LOG: %cStart Phase CoopReplayTurnPhase color:green;
[17:35:45.323] WARN: [coop:stream] guest awaitTurn turn=1 superseding stale waiter
[17:35:45.323] WARN: [coop:replay] guest awaitTurn turn=1 STALL -> null (timeout/superseded)
[17:35:45.323] LOG: [coop:replay] guest awaitTurn turn=1 START timeout=1200000ms
[17:35:46.679] LOG: [coop:webrtc] raw rx role=guest t=waveResolved bytes=45 handlers=8
[17:35:46.679] LOG: [coop:replay] guest RECV waveResolved wave=1 outcome=win
[17:35:46.680] LOG: [coop:runtime] recv waveResolved wave=1 outcome=win role=guest netcode=authoritative
[17:35:46.680] LOG: [coop:runtime] pend waveResolved wave=1 outcome=win (prevPending=none)
[17:35:47.071] LOG: [coop:webrtc] raw rx role=guest t=turnResolution bytes=4022 handlers=8
[17:35:47.071] LOG: [coop:replay] guest RECV turnResolution turn=1 events=12 checksum=da013e6ad6db2ce5 -> parked waiter
[17:35:47.071] LOG: [coop:replay] guest awaitTurn turn=1 RESOLVE events=12 checksum=da013e6ad6db2ce5
[17:35:47.071] LOG: [coop:replay] guest consume live events turn=1 count=0
[17:35:47.071] LOG: [coop:replay] guest replay turn=1: RESOLVE renderedLive=12 remaining=0 batch=12
[17:35:47.071] LOG: [coop:replay] guest replay turn=1: rendering 0 event(s)
[17:35:47.071] LOG: [coop:replay] guest replay turn=1: rendered phases [none]
[17:35:47.071] LOG: [coop:replay] guest replay turn=1: unshift CoopFinalizeTurnPhase (checkpoint apply deferred)
[17:35:47.071] LOG: [coop:session] isCoopAuthoritativeGuestGated -> true (authoritative GUEST gates a structural mutation)
[17:35:47.071] LOG: %cStart Phase CoopFinalizeTurnPhase color:green;
[17:35:47.071] LOG: [coop:checksum] guest finalize turn=1: apply checkpoint + verify checksum=da013e6ad6db2ce5
[17:35:47.072] LOG: [coop:checkpoint] guest apply field=4 weather=0 terrain=0 arenaTags=0
[17:35:47.074] LOG: [coop:session] isCoopAuthoritativeGuestGated -> true (authoritative GUEST gates a structural mutation)
[17:35:47.078] LOG: [coop:checksum] capture digest=da013e6ad6db2ce5 field=2 biome=0 seed=94On5WUUuLd3SfhemZLrkkBt weather=0 terrain=0 money=1000 party=[201,725,265,152,118] partyLevels=[5,5,5,5,5] arenaTags=0 modifiers=1 heldItemsDigest=0 pokeballs=[0:5,1:0,2:0,3:0,4:0] mons=[bi0:sp201/hp16-22/st0/ab107/form28/tera0:13/boss0:0 bi1:sp725/hp20-20/st0/ab5067/form0/tera0:9/boss0:0]
[17:35:47.078] LOG: [coop:checksum] guest verify turn=1: MATCH host=guest=da013e6ad6db2ce5
[17:35:47.079] WARN: [coop:replay] guest finalize turn=1: suppressing phantom turn after wave-advance signaled wave=1 (terminal final turn, NOT queuing turn-end)
[17:35:47.079] LOG: [coop:runtime] consume wave-advance wave=1 outcome=win (lastResolved -1 -> 1)
[17:35:47.079] LOG: [coop:replay] guest wave-advance outcome=win wave=1 battleType=WILD queues=VictoryPhase
[17:35:47.079] LOG: [coop:session] isCoopAuthoritativeGuestGated -> true (authoritative GUEST gates a structural mutation)
[17:35:47.080] LOG: [coop:replay] guest finalize turn=1: END (checkpoint applied, turn-end queued)
[17:35:47.080] LOG: %cStart Phase VictoryPhase color:green;
[17:35:47.080] LOG: [coop:progression] GUEST applyPartyExp SKIP wave=1 koMon=Yorkleff (awaiting host expResolved)
[17:35:47.081] LOG: [coop:session] isCoopAuthoritativeGuestGated -> true (authoritative GUEST gates a structural mutation)
[17:35:47.081] LOG: [coop:session] isCoopAuthoritativeGuestGated -> true (authoritative GUEST gates a structural mutation)
[17:35:47.081] LOG: [coop:session] isCoopAuthoritativeGuestGated -> true (authoritative GUEST gates a structural mutation)
[17:35:47.081] LOG: [coop:session] isCoopAuthoritativeGuestGated -> true (authoritative GUEST gates a structural mutation)
[17:35:47.081] LOG: %cStart Phase BattleEndPhase color:green;
[17:35:47.081] LOG: [coop:progression] expResolved BROADCAST wave=1 (host streams settled deltas)
[17:35:47.081] LOG: [coop:progression] GUEST applyExpDeltas APPLY wave=1 count=0 slots=[]
[17:35:47.081] LOG: Battle Score: 0 (0 Turns x1.15)
[17:35:47.081] LOG: Total Score: 0
[17:35:47.085] LOG: %cStart Phase EggLapsePhase color:green;
[17:35:47.086] LOG: %cStart Phase SelectModifierPhase color:green;
[17:35:47.086] LOG: [coop:interaction] interactionCounter() read -> 0 (role=guest)
[17:35:47.086] LOG: [coop:owner] ownerOf(counter=0) seat=0 -> owner=host
[17:35:47.086] LOG: [coop:owner] isLocalOwnerAtCounter(pinnedCounter=0) parity=0 owner=host role=guest -> false
[17:35:47.086] LOG: Wave Seed: :5Po6XVVvMe4Tgifn[MsllCu 1
[17:35:47.091] LOG: [coop:owner] ownerOf(counter=0) seat=0 -> owner=host
[17:35:47.091] LOG: [coop:owner] isLocalOwnerAtCounter(pinnedCounter=0) parity=0 owner=host role=guest -> false
[17:35:47.091] LOG: [coop:interaction] interactionCounter() read -> 0 (role=guest)
[17:35:47.091] LOG: [coop:reward] owner/watcher decision: pinnedStart=0 liveCounter=0 parity=0 role=guest override=none spoof=false -> WATCHER
[17:35:47.091] LOG: [coop:reward] WATCHER waits for partner's reward picks (start=0 role=guest wave=1)
[17:35:47.092] LOG: [coop:reward] WATCHER awaiting owner reward options (start=0 reroll=0 localCount=0)
[17:35:47.092] LOG: [coop:relay] AWAIT rewardOptions key=0:0 timeoutMs=1200000 -> network-wait
[17:35:47.092] LOG: [coop:webrtc] raw rx role=guest t=expResolved bytes=1029 handlers=8
[17:35:47.092] LOG: [coop:replay] guest RECV expResolved wave=1 deltas=5
[17:35:47.092] LOG: [coop:runtime] pend expResolved wave=1 deltas=5
[17:35:47.093] LOG: [coop:webrtc] raw rx role=guest t=rewardOptions bytes=228 handlers=8
[17:35:47.093] LOG: [coop:relay] RECV rewardOptions key=0:0 -> deliver-to-waiter count=3
[17:35:47.094] LOG: [coop:relay] AWAIT rewardOptions key=0:0 RESOLVE count=3
[17:35:47.094] LOG: [coop:shop] reconstructRewardOptions OK count=3 ids=[SOOTHE_BELL,BERRY,POKEBALL]
[17:35:47.094] LOG: [coop:reward] WATCHER ADOPTED owner reward options (was=0 now=3 ids=[SOOTHE_BELL,BERRY,POKEBALL])
[17:35:47.103] LOG: [coop:interaction] mirror begin role=watcher mirrorSeq=0 interactionStart=0 reroll=0
[17:35:47.104] LOG: [coop:interaction] uiMirror beginSession role=watcher mode=6 seq=0 early=0
[17:35:47.104] LOG: [coop:relay] AWAIT interactionChoice seq=0 timeoutMs=1200000 -> network-wait
[17:35:47.211] LOG: [coop:webrtc] raw rx role=guest t=uiInput bytes=49 handlers=8
[17:35:47.211] LOG: [coop:interaction] uiMirror WATCHER apply n=0 button=5 mode=6
[17:35:49.152] LOG: [coop:webrtc] raw rx role=guest t=uiInput bytes=49 handlers=8
[17:35:49.152] LOG: [coop:interaction] uiMirror WATCHER apply n=1 button=3 mode=6
[17:35:49.389] LOG: [coop:webrtc] raw rx role=guest t=uiInput bytes=49 handlers=8
[17:35:49.390] LOG: [coop:interaction] uiMirror WATCHER apply n=2 button=5 mode=6
[17:35:50.621] LOG: [coop:webrtc] raw rx role=guest t=interactionChoice bytes=75 handlers=8
[17:35:50.621] LOG: [coop:relay] RECV interactionChoice seq=0 -> deliver-to-waiter choice=1 data=[0,0,3]
[17:35:50.621] LOG: [coop:relay] AWAIT interactionChoice seq=0 RESOLVE choice=1 data=[0,0,3]
[17:35:50.621] LOG: [coop:reward] WATCHER applying relayed action seq=0 act=REWARD choice=1 data=[0,0,3]
[17:35:50.621] LOG: [coop:owner] ownerOf(counter=0) seat=0 -> owner=host
[17:35:50.621] LOG: [coop:owner] isLocalOwnerAtCounter(pinnedCounter=0) parity=0 owner=host role=guest -> false
[17:35:50.654] LOG: %cStart Phase NewBattlePhase color:green;
[17:35:50.654] LOG: Wave Seed: ;6Qp7YWWwNf5Uhjgo\NtmmDv 2
[17:35:50.655] LOG: [er-gauntlet] wave=2 kind=me -> MYSTERY_ENCOUNTER
[17:35:50.655] LOG: [coop:session] isCoopAuthoritativeGuestGated -> true (authoritative GUEST gates a structural mutation)
[17:35:50.655] LOG: [coop:session] isCoopAuthoritativeGuestGated -> true (authoritative GUEST gates a structural mutation)
[17:35:50.656] LOG: [coop:session] isCoopAuthoritativeGuestGated -> true (authoritative GUEST gates a structural mutation)
[17:35:50.656] LOG: [coop:session] isCoopAuthoritativeGuestGated -> true (authoritative GUEST gates a structural mutation)
[17:35:50.656] LOG: %cStart Phase ReturnPhase color:green;
[17:35:50.657] LOG: [coop:interaction] interactionCounter() read -> 0 (role=guest)
[17:35:50.657] LOG: [coop:interaction] CoopInteractionTurn.advance INCREMENT (fromCounter=0) counter 0 -> 1
[17:35:50.657] LOG: [coop:interaction] advanceInteraction ADVANCED+BROADCAST (fromCounter=0) counter 0 -> 1 role=guest; send interaction screen=__turn__ choice=1
[17:35:50.658] LOG: [coop:webrtc] raw tx role=guest t=interaction bytes=50
[17:35:50.658] LOG: [coop:owner] ownerOf(counter=1) seat=1 -> owner=guest
[17:35:50.658] LOG: [coop:owner] ownerOf(counter=1) seat=1 -> owner=guest
[17:35:50.658] LOG: [coop-launch] proceedIfReady launched=true localTeam=2 bothReady=true role=guest partnerReady=true
[17:35:50.658] LOG: [coop:interaction] interactionCounter() read -> 1 (role=guest)
[17:35:50.658] LOG: [coop:reward] advance interaction (role=guest from=0 counter 0 -> 1)
[17:35:50.658] LOG: [coop:session] isCoopAuthoritativeGuestGated -> true (authoritative GUEST gates a structural mutation)
[17:35:50.660] LOG: [coop:webrtc] raw rx role=guest t=interaction bytes=50 handlers=8
[17:35:50.660] LOG: [coop:interaction] RECV interaction broadcast (deferred catch-up net) received=1 localBefore=1 role=guest -> no defer (local >= received)
[17:35:50.660] WARN: [coop:interaction] CoopInteractionTurn.mergeRemote DEFER (remote=1, counter=1, pendingRemote=1) live counter UNCHANGED (folds in at next advance if still ahead)
[17:35:50.660] LOG: [coop:owner] ownerOf(counter=1) seat=1 -> owner=guest
[17:35:50.660] LOG: [coop:owner] ownerOf(counter=1) seat=1 -> owner=guest
[17:35:50.660] LOG: [coop-launch] proceedIfReady launched=true localTeam=2 bothReady=true role=guest partnerReady=true
[17:35:50.776] LOG: %cStart Phase CoopPartnerSyncPhase color:green;
[17:35:50.776] LOG: [coop:interaction] interactionCounter() read -> 1 (role=guest)
[17:35:50.776] LOG: %cStart Phase ReturnPhase color:green;
[17:35:50.886] LOG: %cStart Phase ShowTrainerPhase color:green;
[17:35:50.989] LOG: %cStart Phase NextEncounterPhase color:green;
[17:35:50.989] LOG: [coop:stream] guest consumeEnemyParty wave=2 -> null (buffered=none)
[17:35:50.990] LOG: [coop:stream] guest awaitEnemyParty wave=2 START timeout=120000ms
[17:35:52.859] LOG: [coop:webrtc] raw rx role=guest t=enemyPartySync bytes=44 handlers=8
[17:35:52.859] LOG: [coop:replay] guest RECV enemyPartySync wave=2 count=0 -> parked waiter
[17:35:52.859] LOG: [coop:stream] guest awaitEnemyParty wave=2 RESOLVE count=0
[17:35:52.862] LOG: [er-gauntlet] wave=2 ME type -> PART_TIMER
[17:35:53.246] DEBUG: Session data saved to slot 2!
[17:35:53.247] LOG: Wave Seed: ;6Qp7YWWwNf5Uhjgo\NtmmDv 2
[17:35:56.009] LOG: [coop:session] isCoopAuthoritativeGuestGated -> true (authoritative GUEST gates a structural mutation)
[17:35:56.010] LOG: [coop:session] isCoopAuthoritativeGuestGated -> true (authoritative GUEST gates a structural mutation)
[17:35:56.010] LOG: [coop:session] isCoopAuthoritativeGuestGated -> true (authoritative GUEST gates a structural mutation)
[17:35:56.010] LOG: [coop:session] isCoopAuthoritativeGuestGated -> true (authoritative GUEST gates a structural mutation)
[17:35:56.010] LOG: [coop:session] isCoopAuthoritativeGuestGated -> true (authoritative GUEST gates a structural mutation)
[17:35:56.010] LOG: %cStart Phase MysteryEncounterPhase color:green;
[17:35:56.011] LOG: [coop:interaction] interactionCounter() read -> 1 (role=guest)
[17:35:56.011] LOG: [coop:me] authoritative guest: diverting MysteryEncounterPhase -> CoopReplayMePhase {"counter":1,"wave":2}
[17:35:56.012] LOG: [coop:me] coopSetMePinForGuest {"before":-1,"after":1}
[17:35:56.012] LOG: [coop:me] interaction-counter -1 -> 1 (ME begin)
[17:35:56.012] LOG: [coop:me] purged 3 stale summon-chain phases at ME divert (#813)
[17:35:56.012] LOG: [coop:session] isCoopAuthoritativeGuestGated -> true (authoritative GUEST gates a structural mutation)
[17:35:56.012] LOG: %cStart Phase InitEncounterPhase color:green;
[17:35:56.012] LOG: %cStart Phase CoopReplayMePhase color:green;
[17:35:56.012] LOG: [coop:me] guest diverted into CoopReplayMePhase {"counter":1,"seqMe":8000001,"seqTerm":9000001,"wave":2}
[17:35:56.012] LOG: [coop:stream] guest REGISTER onMeMessage handler (was=false)
[17:35:56.012] LOG: [coop:me] await host presentation (mePresent) {"seq":8000001,"timeoutMs":1200000}
[17:35:56.012] LOG: [coop:relay] AWAIT interactionOutcome seq=8000001 timeoutMs=1200000 -> network-wait
[17:35:58.403] LOG: [coop:webrtc] raw rx role=guest t=meChecksum bytes=62 handlers=8
[17:35:58.403] LOG: [coop:checksum] watcher RECV meChecksum seq=8000001 checksum=4d10173c3e1353c8
[17:35:58.403] LOG: [coop:checksum] capture digest=4d10173c3e1353c8 field=1 biome=0 seed=94On5WUUuLd3SfhemZLrkkBt weather=0 terrain=0 money=1000 party=[201,725,265,152,118] partyLevels=[5,5,5,5,5] arenaTags=0 modifiers=2 heldItemsDigest=1 pokeballs=[0:5,1:0,2:0,3:0,4:0] mons=[bi0:sp201/hp16-22/st0/ab107/form28/tera0:13/boss0:0]
[17:35:58.403] LOG: [coop:checksum] recv meChecksum seq=8000001 MATCH owner=4d10173c3e1353c8 watcher=4d10173c3e1353c8
[17:35:58.403] LOG: [coop:webrtc] raw rx role=guest t=interactionOutcome bytes=297 handlers=8
[17:35:58.403] LOG: [coop:relay] RECV interactionOutcome seq=8000001 -> deliver-to-waiter k=mePresent opts=3
[17:35:58.403] LOG: [coop:relay] AWAIT interactionOutcome seq=8000001 RESOLVE k=mePresent opts=3
[17:35:58.403] LOG: [coop:me] adopted host presentation {"seq":8000001,"opts":3,"labels":3,"tokens":4}
[17:35:58.403] LOG: [coop:owner] ownerOf(counter=1) seat=1 -> owner=guest
[17:35:58.403] LOG: [coop:owner] isLocalOwnerAtCounter(pinnedCounter=1) parity=1 owner=guest role=guest -> true
[17:35:58.403] LOG: [coop:me] ME ownership resolved {"counter":1,"ownsMe":true,"branch":"guest renders selector + relays picks"}
[17:36:00.840] LOG: [coop:owner] ownerOf(counter=1) seat=1 -> owner=guest
[17:36:00.840] LOG: [coop:owner] isLocalOwnerAtCounter(pinnedCounter=1) parity=1 owner=guest role=guest -> true
[17:36:00.841] LOG: [coop:webrtc] raw tx role=guest t=meCursor bytes=26
[17:36:01.275] LOG: [coop:owner] ownerOf(counter=1) seat=1 -> owner=guest
[17:36:01.275] LOG: [coop:owner] isLocalOwnerAtCounter(pinnedCounter=1) parity=1 owner=guest role=guest -> true
[17:36:01.275] LOG: [coop:webrtc] raw tx role=guest t=meCursor bytes=26
[17:36:01.536] LOG: [coop:owner] ownerOf(counter=1) seat=1 -> owner=guest
[17:36:01.536] LOG: [coop:owner] isLocalOwnerAtCounter(pinnedCounter=1) parity=1 owner=guest role=guest -> true
[17:36:01.536] LOG: [coop:webrtc] raw tx role=guest t=meCursor bytes=26
[17:36:01.876] LOG: [coop:owner] ownerOf(counter=1) seat=1 -> owner=guest
[17:36:01.876] LOG: [coop:owner] isLocalOwnerAtCounter(pinnedCounter=1) parity=1 owner=guest role=guest -> true
[17:36:01.876] LOG: [coop:webrtc] raw tx role=guest t=meCursor bytes=26
[17:36:02.103] LOG: [coop:owner] ownerOf(counter=1) seat=1 -> owner=guest
[17:36:02.103] LOG: [coop:owner] isLocalOwnerAtCounter(pinnedCounter=1) parity=1 owner=guest role=guest -> true
[17:36:02.103] LOG: [coop:webrtc] raw tx role=guest t=meCursor bytes=26
[17:36:02.381] LOG: [coop:owner] ownerOf(counter=1) seat=1 -> owner=guest
[17:36:02.381] LOG: [coop:owner] isLocalOwnerAtCounter(pinnedCounter=1) parity=1 owner=guest role=guest -> true
[17:36:02.381] LOG: [coop:webrtc] raw tx role=guest t=meCursor bytes=26
[17:36:03.510] LOG: [coop:owner] ownerOf(counter=1) seat=1 -> owner=guest
[17:36:03.510] LOG: [coop:owner] isLocalOwnerAtCounter(pinnedCounter=1) parity=1 owner=guest role=guest -> true
[17:36:03.510] LOG: [coop:webrtc] raw tx role=guest t=meCursor bytes=26
[17:36:03.751] LOG: [coop:owner] ownerOf(counter=1) seat=1 -> owner=guest
[17:36:03.751] LOG: [coop:owner] isLocalOwnerAtCounter(pinnedCounter=1) parity=1 owner=guest role=guest -> true
[17:36:03.751] LOG: [coop:webrtc] raw tx role=guest t=meCursor bytes=26
[17:36:03.811] LOG: [coop:owner] ownerOf(counter=1) seat=1 -> owner=guest
[17:36:03.811] LOG: [coop:owner] isLocalOwnerAtCounter(pinnedCounter=1) parity=1 owner=guest role=guest -> true
[17:36:03.811] LOG: [coop:webrtc] raw tx role=guest t=meCursor bytes=26
[17:36:04.278] LOG: [coop:owner] ownerOf(counter=1) seat=1 -> owner=guest
[17:36:04.278] LOG: [coop:owner] isLocalOwnerAtCounter(pinnedCounter=1) parity=1 owner=guest role=guest -> true
[17:36:04.278] LOG: [coop:webrtc] raw tx role=guest t=meCursor bytes=26
[17:36:04.514] LOG: [coop:owner] ownerOf(counter=1) seat=1 -> owner=guest
[17:36:04.514] LOG: [coop:owner] isLocalOwnerAtCounter(pinnedCounter=1) parity=1 owner=guest role=guest -> true
[17:36:04.514] LOG: [coop:webrtc] raw tx role=guest t=meCursor bytes=26
[17:36:05.143] LOG: [coop:owner] ownerOf(counter=1) seat=1 -> owner=guest
[17:36:05.143] LOG: [coop:owner] isLocalOwnerAtCounter(pinnedCounter=1) parity=1 owner=guest role=guest -> true
[17:36:05.143] LOG: [coop:webrtc] raw tx role=guest t=meCursor bytes=26
[17:36:05.402] LOG: [coop:owner] ownerOf(counter=1) seat=1 -> owner=guest
[17:36:05.402] LOG: [coop:owner] isLocalOwnerAtCounter(pinnedCounter=1) parity=1 owner=guest role=guest -> true
[17:36:05.402] LOG: [coop:webrtc] raw tx role=guest t=meCursor bytes=26
[17:36:05.814] LOG: [coop:me] guest relays top-level ME pick {"seq":8000001,"kind":"me","index":2}
[17:36:05.814] LOG: [coop:relay] SEND interactionChoice seq=8000001 kind=me choice=2 data=-
[17:36:05.815] LOG: [coop:webrtc] raw tx role=guest t=interactionChoice bytes=62
[17:36:05.815] LOG: [coop:me] await host outcome (mePresent subPrompt / meResync) racing terminal {"seq":8000001,"seqTerm":9000001,"timeoutMs":1200000}
[17:36:05.815] LOG: [coop:relay] AWAIT interactionOutcome seq=8000001 timeoutMs=1200000 -> network-wait
[17:36:05.815] LOG: [coop:relay] AWAIT interactionChoice seq=9000001 timeoutMs=1200000 -> network-wait
[17:36:05.820] LOG: [coop:webrtc] raw rx role=guest t=meMessage bytes=109 handlers=8
[17:36:05.820] LOG: [coop:stream] guest RECV meMessage len=82 -> handler
[17:36:05.820] LOG: [coop:me] ui: host streams ME narration (showText) {"len":82,"preview":"Your Chikorita spends the day using Swee"}
[17:36:08.424] LOG: [coop:interaction] interactionCounter() read -> 1 (role=guest)
[17:36:08.424] LOG: [coop:health] tick=0g turn=1 wave=2 counter=1 wait=2608ms peerBeat=- transport=connected
[17:36:08.449] LOG: [coop:webrtc] raw rx role=guest t=meMessage bytes=93 handlers=8
[17:36:08.449] LOG: [coop:stream] guest RECV meMessage len=65 -> handler
[17:36:08.449] LOG: [coop:me] ui: host streams ME narration (showText) {"len":65,"preview":"Thanks for the assistance!\nYour Chikorit"}
[17:36:10.730] LOG: [coop:webrtc] raw rx role=guest t=meMessage bytes=57 handlers=8
[17:36:10.730] LOG: [coop:stream] guest RECV meMessage len=30 -> handler
[17:36:10.730] LOG: [coop:me] ui: host streams ME narration (showText) {"len":30,"preview":"Here’s your check for the day."}
[17:36:11.175] LOG: [coop:webrtc] raw rx role=guest t=meMessage bytes=45 handlers=8
[17:36:11.175] LOG: [coop:stream] guest RECV meMessage len=18 -> handler
[17:36:11.175] LOG: [coop:me] ui: host streams ME narration (showText) {"len":18,"preview":"You received ₽480!"}
[17:36:12.411] LOG: [coop:webrtc] raw rx role=guest t=meMessage bytes=97 handlers=8
[17:36:12.411] LOG: [coop:stream] guest RECV meMessage len=69 -> handler
[17:36:12.411] LOG: [coop:me] ui: host streams ME narration (showText) {"len":69,"preview":"Your Chikorita is worn out!\nThe PP of al"}
[17:36:12.622] LOG: [coop:webrtc] raw rx role=guest t=rewardOptions bytes=253 handlers=8
[17:36:12.623] LOG: [coop:relay] RECV rewardOptions key=1:0 -> BUFFER rewardOptionsInbox (latest-wins) count=3
[17:36:13.201] LOG: [coop:webrtc] raw rx role=guest t=meMessage bytes=27 handlers=8
[17:36:13.201] LOG: [coop:stream] guest RECV meMessage len=0 -> handler
[17:36:13.201] LOG: [coop:me] ui: host streams ME narration (showText) {"len":0,"preview":""}
[17:36:13.202] LOG: [coop:webrtc] raw rx role=guest t=meMessage bytes=27 handlers=8
[17:36:13.202] LOG: [coop:stream] guest RECV meMessage len=0 -> handler
[17:36:13.202] LOG: [coop:me] ui: host streams ME narration (showText) {"len":0,"preview":""}
[17:36:18.424] LOG: [coop:webrtc] raw tx role=guest t=stallBeat bytes=35
