url:      https://elite-redux-staging.pages.dev/
build:    mr56fmta-ji9w
mode:     6  wave:2
seed:     V08UzRkSlacwerMR9SUDttsX
party:    Icognito(L5 22hp f28), Flamiau(L5 20hp f0), Waumpel(L5 21hp f0), Endivie(L5 20hp f0), Goldini(L5 21hp f0)
enemy:    Choreogel(L2), Choreogel(L3)

----- COMMENT -----
battle doesnt start for the other person

----- CONSOLE -----
[17:16:38.745] LOG: [coop:replay] present hp bi=2 14->0/14
[17:16:38.746] LOG: %cStart Phase CoopReplayTurnPhase color:green;
[17:16:38.746] WARN: [coop:stream] guest awaitTurn turn=1 superseding stale waiter
[17:16:38.746] WARN: [coop:replay] guest awaitTurn turn=1 STALL -> null (timeout/superseded)
[17:16:38.746] LOG: [coop:replay] guest awaitTurn turn=1 START timeout=1200000ms
[17:16:38.746] LOG: [coop:webrtc] raw rx role=guest t=battleEvent bytes=89 handlers=7
[17:16:38.746] LOG: [coop:replay] guest RECV live battleEvent turn=1 seq=7 k=faint
[17:16:38.747] LOG: [coop:replay] guest live-pump drain turn=1 seq=7..7
[17:16:38.747] LOG: [coop:replay] guest replay turn=1: live increment seq=7..7
[17:16:38.747] LOG: [coop:replay] guest replay turn=1: rendering 1 event(s)
[17:16:38.747] LOG: [coop:replay] guest replay turn=1: present k=faint
[17:16:38.747] LOG: [coop:session] isCoopAuthoritativeGuestGated -> true (authoritative GUEST gates a structural mutation)
[17:16:38.747] LOG: [coop:replay] guest replay turn=1: rendered phases [faint=1]
[17:16:38.747] LOG: [coop:session] isCoopAuthoritativeGuestGated -> true (authoritative GUEST gates a structural mutation)
[17:16:38.747] LOG: %cStart Phase CoopFaintReplayPhase color:green;
[17:16:38.747] LOG: [coop:replay] present faint bi=2 narrate=true
[17:16:38.817] LOG: %cStart Phase MessagePhase color:green;
[17:16:38.967] LOG: [coop:webrtc] raw rx role=guest t=battleEvent bytes=91 handlers=7
[17:16:38.968] LOG: [coop:replay] guest RECV live battleEvent turn=1 seq=8 k=message
[17:16:38.968] LOG: [coop:webrtc] raw rx role=guest t=battleEvent bytes=88 handlers=7
[17:16:38.968] LOG: [coop:replay] guest RECV live battleEvent turn=1 seq=9 k=statStage
[17:16:39.577] LOG: [coop:webrtc] raw rx role=guest t=waveResolved bytes=45 handlers=7
[17:16:39.577] LOG: [coop:replay] guest RECV waveResolved wave=1 outcome=win
[17:16:39.577] LOG: [coop:runtime] recv waveResolved wave=1 outcome=win role=guest netcode=authoritative
[17:16:39.577] LOG: [coop:runtime] pend waveResolved wave=1 outcome=win (prevPending=none)
[17:16:40.961] LOG: %cStart Phase CoopReplayTurnPhase color:green;
[17:16:40.961] LOG: [coop:replay] guest live-pump drain turn=1 seq=8..9
[17:16:40.961] LOG: [coop:replay] guest replay turn=1: live increment seq=8..9
[17:16:40.961] LOG: [coop:replay] guest replay turn=1: rendering 2 event(s)
[17:16:40.961] LOG: [coop:replay] guest replay turn=1: present k=message
[17:16:40.961] LOG: [coop:replay] guest replay turn=1: present k=statStage
[17:16:40.961] LOG: [coop:session] isCoopAuthoritativeGuestGated -> true (authoritative GUEST gates a structural mutation)
[17:16:40.961] LOG: [coop:replay] guest replay turn=1: rendered phases [message=1 statStage=1]
[17:16:40.961] LOG: [coop:session] isCoopAuthoritativeGuestGated -> true (authoritative GUEST gates a structural mutation)
[17:16:40.961] LOG: %cStart Phase MessagePhase color:green;
[17:16:41.165] LOG: %cStart Phase CoopStatStageReplayPhase color:green;
[17:16:41.165] LOG: [coop:replay] present statStage bi=0 stat=3 -> 1
[17:16:41.727] LOG: %cStart Phase CoopReplayTurnPhase color:green;
[17:16:41.728] WARN: [coop:stream] guest awaitTurn turn=1 superseding stale waiter
[17:16:41.728] WARN: [coop:replay] guest awaitTurn turn=1 STALL -> null (timeout/superseded)
[17:16:41.728] LOG: [coop:replay] guest awaitTurn turn=1 START timeout=1200000ms
[17:16:43.173] LOG: [coop:webrtc] raw rx role=guest t=turnResolution bytes=3890 handlers=7
[17:16:43.173] LOG: [coop:replay] guest RECV turnResolution turn=1 events=10 checksum=85cfc21ba223a5e1 -> parked waiter
[17:16:43.173] LOG: [coop:replay] guest awaitTurn turn=1 RESOLVE events=10 checksum=85cfc21ba223a5e1
[17:16:43.173] LOG: [coop:replay] guest consume live events turn=1 count=0
[17:16:43.174] LOG: [coop:replay] guest replay turn=1: RESOLVE renderedLive=10 remaining=0 batch=10
[17:16:43.174] LOG: [coop:replay] guest replay turn=1: rendering 0 event(s)
[17:16:43.174] LOG: [coop:replay] guest replay turn=1: rendered phases [none]
[17:16:43.174] LOG: [coop:replay] guest replay turn=1: unshift CoopFinalizeTurnPhase (checkpoint apply deferred)
[17:16:43.174] LOG: [coop:session] isCoopAuthoritativeGuestGated -> true (authoritative GUEST gates a structural mutation)
[17:16:43.174] LOG: %cStart Phase CoopFinalizeTurnPhase color:green;
[17:16:43.174] LOG: [coop:checksum] guest finalize turn=1: apply checkpoint + verify checksum=85cfc21ba223a5e1
[17:16:43.175] LOG: [coop:checkpoint] guest apply field=4 weather=0 terrain=0 arenaTags=0
[17:16:43.176] LOG: [coop:session] isCoopAuthoritativeGuestGated -> true (authoritative GUEST gates a structural mutation)
[17:16:43.181] LOG: [coop:checksum] capture digest=85cfc21ba223a5e1 field=2 biome=0 seed=V08UzRkSlacwerMR9SUDttsX weather=0 terrain=0 money=1000 party=[201,725,265,152,118] partyLevels=[5,5,5,5,5] arenaTags=0 modifiers=1 heldItemsDigest=0 pokeballs=[0:5,1:0,2:0,3:0,4:0] mons=[bi0:sp201/hp22-22/st0/ab107/form28/tera0:13/boss0:0 bi1:sp725/hp20-20/st0/ab5067/form0/tera0:9/boss0:0]
[17:16:43.181] LOG: [coop:checksum] guest verify turn=1: MATCH host=guest=85cfc21ba223a5e1
[17:16:43.181] WARN: [coop:replay] guest finalize turn=1: suppressing phantom turn after wave-advance signaled wave=1 (terminal final turn, NOT queuing turn-end)
[17:16:43.182] LOG: [coop:runtime] consume wave-advance wave=1 outcome=win (lastResolved -1 -> 1)
[17:16:43.182] LOG: [coop:replay] guest wave-advance outcome=win wave=1 battleType=WILD queues=VictoryPhase
[17:16:43.182] LOG: [coop:session] isCoopAuthoritativeGuestGated -> true (authoritative GUEST gates a structural mutation)
[17:16:43.182] LOG: [coop:replay] guest finalize turn=1: END (checkpoint applied, turn-end queued)
[17:16:43.182] LOG: %cStart Phase VictoryPhase color:green;
[17:16:43.182] LOG: [coop:progression] GUEST applyPartyExp SKIP wave=1 koMon=Waumpel (awaiting host expResolved)
[17:16:43.183] LOG: [coop:session] isCoopAuthoritativeGuestGated -> true (authoritative GUEST gates a structural mutation)
[17:16:43.183] LOG: [coop:session] isCoopAuthoritativeGuestGated -> true (authoritative GUEST gates a structural mutation)
[17:16:43.183] LOG: [coop:session] isCoopAuthoritativeGuestGated -> true (authoritative GUEST gates a structural mutation)
[17:16:43.183] LOG: [coop:session] isCoopAuthoritativeGuestGated -> true (authoritative GUEST gates a structural mutation)
[17:16:43.183] LOG: %cStart Phase BattleEndPhase color:green;
[17:16:43.183] LOG: [coop:progression] expResolved BROADCAST wave=1 (host streams settled deltas)
[17:16:43.183] LOG: [coop:progression] GUEST applyExpDeltas APPLY wave=1 count=0 slots=[]
[17:16:43.184] LOG: Battle Score: 0 (0 Turns x1.15)
[17:16:43.184] LOG: Total Score: 0
[17:16:43.192] LOG: %cStart Phase EggLapsePhase color:green;
[17:16:43.193] LOG: %cStart Phase SelectModifierPhase color:green;
[17:16:43.193] LOG: [coop:interaction] interactionCounter() read -> 0 (role=guest)
[17:16:43.193] LOG: [coop:owner] ownerOf(counter=0) seat=0 -> owner=host
[17:16:43.193] LOG: [coop:owner] isLocalOwnerAtCounter(pinnedCounter=0) parity=0 owner=host role=guest -> false
[17:16:43.193] LOG: Wave Seed: W19V{SlTmbdxfsNS:TVEuutY 1
[17:16:43.198] LOG: [coop:owner] ownerOf(counter=0) seat=0 -> owner=host
[17:16:43.198] LOG: [coop:owner] isLocalOwnerAtCounter(pinnedCounter=0) parity=0 owner=host role=guest -> false
[17:16:43.198] LOG: [coop:interaction] interactionCounter() read -> 0 (role=guest)
[17:16:43.198] LOG: [coop:reward] owner/watcher decision: pinnedStart=0 liveCounter=0 parity=0 role=guest override=none spoof=false -> WATCHER
[17:16:43.198] LOG: [coop:reward] WATCHER waits for partner's reward picks (start=0 role=guest wave=1)
[17:16:43.199] LOG: [coop:reward] WATCHER awaiting owner reward options (start=0 reroll=0 localCount=0)
[17:16:43.199] LOG: [coop:relay] AWAIT rewardOptions key=0:0 timeoutMs=1200000 -> network-wait
[17:16:43.199] LOG: [coop:webrtc] raw rx role=guest t=expResolved bytes=1029 handlers=7
[17:16:43.199] LOG: [coop:replay] guest RECV expResolved wave=1 deltas=5
[17:16:43.199] LOG: [coop:runtime] pend expResolved wave=1 deltas=5
[17:16:43.200] LOG: [coop:webrtc] raw rx role=guest t=rewardOptions bytes=241 handlers=7
[17:16:43.200] LOG: [coop:relay] RECV rewardOptions key=0:0 -> deliver-to-waiter count=3
[17:16:43.201] LOG: [coop:relay] AWAIT rewardOptions key=0:0 RESOLVE count=3
[17:16:43.201] LOG: [coop:shop] reconstructRewardOptions OK count=3 ids=[TEMP_STAT_STAGE_BOOSTER,NUGGET,POKEBALL]
[17:16:43.201] LOG: [coop:reward] WATCHER ADOPTED owner reward options (was=0 now=3 ids=[TEMP_STAT_STAGE_BOOSTER,NUGGET,POKEBALL])
[17:16:43.215] LOG: [coop:interaction] mirror begin role=watcher mirrorSeq=0 interactionStart=0 reroll=0
[17:16:43.216] LOG: [coop:interaction] uiMirror beginSession role=watcher mode=6 seq=0 early=0
[17:16:43.216] LOG: [coop:relay] AWAIT interactionChoice seq=0 timeoutMs=1200000 -> network-wait
[17:16:43.360] LOG: [coop:webrtc] raw rx role=guest t=uiInput bytes=49 handlers=7
[17:16:43.360] LOG: [coop:interaction] uiMirror WATCHER apply n=0 button=5 mode=6
[17:16:44.518] LOG: [coop:webrtc] raw rx role=guest t=uiInput bytes=49 handlers=7
[17:16:44.518] LOG: [coop:interaction] uiMirror WATCHER apply n=1 button=3 mode=6
[17:16:44.682] LOG: [coop:webrtc] raw rx role=guest t=uiInput bytes=49 handlers=7
[17:16:44.682] LOG: [coop:interaction] uiMirror WATCHER apply n=2 button=3 mode=6
[17:16:45.019] LOG: [coop:webrtc] raw rx role=guest t=uiInput bytes=49 handlers=7
[17:16:45.019] LOG: [coop:interaction] uiMirror WATCHER apply n=3 button=2 mode=6
[17:16:45.274] LOG: [coop:webrtc] raw rx role=guest t=interactionChoice bytes=71 handlers=7
[17:16:45.274] LOG: [coop:relay] RECV interactionChoice seq=0 -> deliver-to-waiter choice=1 data=[0]
[17:16:45.274] LOG: [coop:relay] AWAIT interactionChoice seq=0 RESOLVE choice=1 data=[0]
[17:16:45.274] LOG: [coop:reward] WATCHER applying relayed action seq=0 act=REWARD choice=1 data=[0]
[17:16:45.274] LOG: [coop:owner] ownerOf(counter=0) seat=0 -> owner=host
[17:16:45.274] LOG: [coop:owner] isLocalOwnerAtCounter(pinnedCounter=0) parity=0 owner=host role=guest -> false
[17:16:45.277] LOG: %cStart Phase NewBattlePhase color:green;
[17:16:45.277] LOG: Wave Seed: X2:W|TmUnceygtOT;UWFvvuZ 2
[17:16:45.278] LOG: [er-gauntlet] wave=2 kind=me -> MYSTERY_ENCOUNTER
[17:16:45.279] LOG: [coop:session] isCoopAuthoritativeGuestGated -> true (authoritative GUEST gates a structural mutation)
[17:16:45.279] LOG: [coop:session] isCoopAuthoritativeGuestGated -> true (authoritative GUEST gates a structural mutation)
[17:16:45.280] LOG: [coop:session] isCoopAuthoritativeGuestGated -> true (authoritative GUEST gates a structural mutation)
[17:16:45.280] LOG: [coop:session] isCoopAuthoritativeGuestGated -> true (authoritative GUEST gates a structural mutation)
[17:16:45.280] LOG: %cStart Phase ReturnPhase color:green;
[17:16:45.281] LOG: [coop:interaction] interactionCounter() read -> 0 (role=guest)
[17:16:45.281] LOG: [coop:interaction] CoopInteractionTurn.advance INCREMENT (fromCounter=0) counter 0 -> 1
[17:16:45.281] LOG: [coop:interaction] advanceInteraction ADVANCED+BROADCAST (fromCounter=0) counter 0 -> 1 role=guest; send interaction screen=__turn__ choice=1
[17:16:45.281] LOG: [coop:webrtc] raw tx role=guest t=interaction bytes=50
[17:16:45.282] LOG: [coop:owner] ownerOf(counter=1) seat=1 -> owner=guest
[17:16:45.282] LOG: [coop:owner] ownerOf(counter=1) seat=1 -> owner=guest
[17:16:45.282] LOG: [coop-launch] proceedIfReady launched=true localTeam=2 bothReady=true role=guest partnerReady=true
[17:16:45.282] LOG: [coop:interaction] interactionCounter() read -> 1 (role=guest)
[17:16:45.282] LOG: [coop:reward] advance interaction (role=guest from=0 counter 0 -> 1)
[17:16:45.282] LOG: [coop:session] isCoopAuthoritativeGuestGated -> true (authoritative GUEST gates a structural mutation)
[17:16:45.285] LOG: [coop:webrtc] raw rx role=guest t=interaction bytes=50 handlers=7
[17:16:45.285] LOG: [coop:interaction] RECV interaction broadcast (deferred catch-up net) received=1 localBefore=1 role=guest -> no defer (local >= received)
[17:16:45.285] WARN: [coop:interaction] CoopInteractionTurn.mergeRemote DEFER (remote=1, counter=1, pendingRemote=1) live counter UNCHANGED (folds in at next advance if still ahead)
[17:16:45.285] LOG: [coop:owner] ownerOf(counter=1) seat=1 -> owner=guest
[17:16:45.285] LOG: [coop:owner] ownerOf(counter=1) seat=1 -> owner=guest
[17:16:45.285] LOG: [coop-launch] proceedIfReady launched=true localTeam=2 bothReady=true role=guest partnerReady=true
[17:16:45.416] LOG: %cStart Phase CoopPartnerSyncPhase color:green;
[17:16:45.416] LOG: [coop:interaction] interactionCounter() read -> 1 (role=guest)
[17:16:45.416] LOG: %cStart Phase ReturnPhase color:green;
[17:16:45.505] LOG: %cStart Phase ShowTrainerPhase color:green;
[17:16:45.609] LOG: %cStart Phase NextEncounterPhase color:green;
[17:16:45.609] LOG: [coop:stream] guest consumeEnemyParty wave=2 -> null (buffered=none)
[17:16:45.609] LOG: [coop:stream] guest awaitEnemyParty wave=2 START timeout=120000ms
[17:16:50.593] LOG: [coop:webrtc] raw rx role=guest t=enemyPartySync bytes=276 handlers=7
[17:16:50.594] LOG: [coop:replay] guest RECV enemyPartySync wave=2 count=1 -> parked waiter
[17:16:50.594] LOG: [coop:stream] guest awaitEnemyParty wave=2 RESOLVE count=1
[17:16:50.615] LOG: [coop:enemy] buildCoopEnemy ADOPT bi=0 species=741 form=0 lv=2 abilityIdx=1 nature=10 gender=1 shiny=false hp=15/15 moves=4 heldItems=0
[17:16:50.617] LOG: [er-gauntlet] wave=2 ME type -> DANCING_LESSONS
[17:16:51.054] DEBUG: Session data saved to slot 2!
[17:16:51.055] LOG: Wave Seed: X2:W|TmUnceygtOT;UWFvvuZ 2
[17:16:52.471] LOG: [coop:webrtc] raw rx role=guest t=meChecksum bytes=62 handlers=7
[17:16:52.471] LOG: [coop:checksum] watcher RECV meChecksum seq=8000001 checksum=8ae1faa24103c544
[17:16:52.472] LOG: [coop:checksum] capture digest=8ae1faa24103c544 field=2 biome=0 seed=V08UzRkSlacwerMR9SUDttsX weather=0 terrain=0 money=1180 party=[201,725,265,152,118] partyLevels=[5,5,5,5,5] arenaTags=0 modifiers=1 heldItemsDigest=0 pokeballs=[0:5,1:0,2:0,3:0,4:0] mons=[bi0:sp201/hp22-22/st0/ab107/form28/tera0:13/boss0:0 bi2:sp741/hp15-15/st0/ab158/form0/tera0:13/boss0:0]
[17:16:52.472] LOG: [coop:checksum] recv meChecksum seq=8000001 MATCH owner=8ae1faa24103c544 watcher=8ae1faa24103c544
[17:16:52.472] LOG: [coop:webrtc] raw rx role=guest t=interactionOutcome bytes=317 handlers=7
[17:16:52.472] LOG: [coop:relay] RECV interactionOutcome seq=8000001 -> BUFFER outcomeInbox depth=1 k=mePresent opts=3
[17:16:54.192] LOG: [coop:session] isCoopAuthoritativeGuestGated -> true (authoritative GUEST gates a structural mutation)
[17:16:54.192] LOG: [coop:session] isCoopAuthoritativeGuestGated -> true (authoritative GUEST gates a structural mutation)
[17:16:54.192] LOG: [coop:session] isCoopAuthoritativeGuestGated -> true (authoritative GUEST gates a structural mutation)
[17:16:54.192] LOG: [coop:session] isCoopAuthoritativeGuestGated -> true (authoritative GUEST gates a structural mutation)
[17:16:54.192] LOG: [coop:session] isCoopAuthoritativeGuestGated -> true (authoritative GUEST gates a structural mutation)
[17:16:54.193] LOG: %cStart Phase MysteryEncounterPhase color:green;
[17:16:54.193] LOG: [coop:interaction] interactionCounter() read -> 1 (role=guest)
[17:16:54.193] LOG: [coop:me] authoritative guest: diverting MysteryEncounterPhase -> CoopReplayMePhase {"counter":1,"wave":2}
[17:16:54.193] LOG: [coop:me] coopSetMePinForGuest {"before":-1,"after":1}
[17:16:54.193] LOG: [coop:me] interaction-counter -1 -> 1 (ME begin)
[17:16:54.193] LOG: [coop:me] purged 3 stale summon-chain phases at ME divert (#813)
[17:16:54.193] LOG: [coop:session] isCoopAuthoritativeGuestGated -> true (authoritative GUEST gates a structural mutation)
[17:16:54.193] LOG: %cStart Phase InitEncounterPhase color:green;
[17:16:54.193] LOG: [coop:session] isCoopAuthoritativeGuestGated -> true (authoritative GUEST gates a structural mutation)
[17:16:54.194] LOG: %cStart Phase PostSummonPhase color:green;
[17:16:54.194] LOG: Ran PSP for: Choreogel
[17:16:54.194] LOG: %cStart Phase PostSummonPhase color:green;
[17:16:54.194] LOG: %cStart Phase PostSummonPhase color:green;
[17:16:54.194] LOG: %cStart Phase CoopReplayMePhase color:green;
[17:16:54.194] LOG: [coop:me] guest diverted into CoopReplayMePhase {"counter":1,"seqMe":8000001,"seqTerm":9000001,"wave":2}
[17:16:54.195] LOG: [coop:stream] guest REGISTER onMeMessage handler (was=false)
[17:16:54.195] LOG: [coop:me] await host presentation (mePresent) {"seq":8000001,"timeoutMs":1200000}
[17:16:54.195] LOG: [coop:relay] AWAIT interactionOutcome seq=8000001 timeoutMs=1200000 -> BUFFER-HIT resolve k=mePresent opts=3
[17:16:54.195] LOG: [coop:me] adopted host presentation {"seq":8000001,"opts":3,"labels":3,"tokens":5}
[17:16:54.195] LOG: [coop:owner] ownerOf(counter=1) seat=1 -> owner=guest
[17:16:54.195] LOG: [coop:owner] isLocalOwnerAtCounter(pinnedCounter=1) parity=1 owner=guest role=guest -> true
[17:16:54.195] LOG: [coop:me] ME ownership resolved {"counter":1,"ownsMe":true,"branch":"guest renders selector + relays picks"}
[17:16:55.079] LOG: [coop:owner] ownerOf(counter=1) seat=1 -> owner=guest
[17:16:55.079] LOG: [coop:owner] isLocalOwnerAtCounter(pinnedCounter=1) parity=1 owner=guest role=guest -> true
[17:16:55.079] LOG: [coop:webrtc] raw tx role=guest t=meCursor bytes=26
[17:16:55.698] LOG: [coop:owner] ownerOf(counter=1) seat=1 -> owner=guest
[17:16:55.698] LOG: [coop:owner] isLocalOwnerAtCounter(pinnedCounter=1) parity=1 owner=guest role=guest -> true
[17:16:55.698] LOG: [coop:webrtc] raw tx role=guest t=meCursor bytes=26
[17:16:55.946] LOG: [coop:owner] ownerOf(counter=1) seat=1 -> owner=guest
[17:16:55.946] LOG: [coop:owner] isLocalOwnerAtCounter(pinnedCounter=1) parity=1 owner=guest role=guest -> true
[17:16:55.946] LOG: [coop:webrtc] raw tx role=guest t=meCursor bytes=26
[17:16:56.218] LOG: [coop:owner] ownerOf(counter=1) seat=1 -> owner=guest
[17:16:56.219] LOG: [coop:owner] isLocalOwnerAtCounter(pinnedCounter=1) parity=1 owner=guest role=guest -> true
[17:16:56.219] LOG: [coop:webrtc] raw tx role=guest t=meCursor bytes=26
[17:16:56.416] LOG: [coop:owner] ownerOf(counter=1) seat=1 -> owner=guest
[17:16:56.416] LOG: [coop:owner] isLocalOwnerAtCounter(pinnedCounter=1) parity=1 owner=guest role=guest -> true
[17:16:56.416] LOG: [coop:webrtc] raw tx role=guest t=meCursor bytes=26
[17:16:56.685] LOG: [coop:owner] ownerOf(counter=1) seat=1 -> owner=guest
[17:16:56.685] LOG: [coop:owner] isLocalOwnerAtCounter(pinnedCounter=1) parity=1 owner=guest role=guest -> true
[17:16:56.685] LOG: [coop:webrtc] raw tx role=guest t=meCursor bytes=26
[17:16:56.860] LOG: [coop:owner] ownerOf(counter=1) seat=1 -> owner=guest
[17:16:56.860] LOG: [coop:owner] isLocalOwnerAtCounter(pinnedCounter=1) parity=1 owner=guest role=guest -> true
[17:16:56.860] LOG: [coop:webrtc] raw tx role=guest t=meCursor bytes=26
[17:17:24.405] LOG: [coop:owner] ownerOf(counter=1) seat=1 -> owner=guest
[17:17:24.405] LOG: [coop:owner] isLocalOwnerAtCounter(pinnedCounter=1) parity=1 owner=guest role=guest -> true
[17:17:24.405] LOG: [coop:webrtc] raw tx role=guest t=meCursor bytes=26
[17:17:24.832] LOG: [coop:owner] ownerOf(counter=1) seat=1 -> owner=guest
[17:17:24.832] LOG: [coop:owner] isLocalOwnerAtCounter(pinnedCounter=1) parity=1 owner=guest role=guest -> true
[17:17:24.832] LOG: [coop:webrtc] raw tx role=guest t=meCursor bytes=26
[17:17:25.776] LOG: [coop:owner] ownerOf(counter=1) seat=1 -> owner=guest
[17:17:25.776] LOG: [coop:owner] isLocalOwnerAtCounter(pinnedCounter=1) parity=1 owner=guest role=guest -> true
[17:17:25.776] LOG: [coop:webrtc] raw tx role=guest t=meCursor bytes=26
[17:17:25.983] LOG: [coop:owner] ownerOf(counter=1) seat=1 -> owner=guest
[17:17:25.983] LOG: [coop:owner] isLocalOwnerAtCounter(pinnedCounter=1) parity=1 owner=guest role=guest -> true
[17:17:25.983] LOG: [coop:webrtc] raw tx role=guest t=meCursor bytes=26
[17:17:27.161] LOG: [coop:owner] ownerOf(counter=1) seat=1 -> owner=guest
[17:17:27.161] LOG: [coop:owner] isLocalOwnerAtCounter(pinnedCounter=1) parity=1 owner=guest role=guest -> true
[17:17:27.161] LOG: [coop:webrtc] raw tx role=guest t=meCursor bytes=26
[17:17:27.535] LOG: [coop:owner] ownerOf(counter=1) seat=1 -> owner=guest
[17:17:27.535] LOG: [coop:owner] isLocalOwnerAtCounter(pinnedCounter=1) parity=1 owner=guest role=guest -> true
[17:17:27.535] LOG: [coop:webrtc] raw tx role=guest t=meCursor bytes=26
[17:17:28.213] LOG: [coop:me] guest relays top-level ME pick {"seq":8000001,"kind":"me","index":0}
[17:17:28.213] LOG: [coop:relay] SEND interactionChoice seq=8000001 kind=me choice=0 data=-
[17:17:28.213] LOG: [coop:webrtc] raw tx role=guest t=interactionChoice bytes=62
[17:17:28.213] LOG: [coop:me] await host outcome (mePresent subPrompt / meResync) racing terminal {"seq":8000001,"seqTerm":9000001,"timeoutMs":1200000}
[17:17:28.213] LOG: [coop:relay] AWAIT interactionOutcome seq=8000001 timeoutMs=1200000 -> network-wait
[17:17:28.213] LOG: [coop:relay] AWAIT interactionChoice seq=9000001 timeoutMs=1200000 -> network-wait
[17:17:28.218] LOG: [coop:webrtc] raw rx role=guest t=meMessage bytes=81 handlers=7
[17:17:28.218] LOG: [coop:stream] guest RECV meMessage len=54 -> handler
[17:17:28.218] LOG: [coop:me] ui: host streams ME narration (showText) {"len":54,"preview":"The Oricorio is distraught and moves to "}
[17:17:30.602] LOG: [coop:webrtc] raw rx role=guest t=meBattleEnemyPartySync bytes=590 handlers=7
[17:17:30.602] LOG: [coop:stream] guest RECV meBattleEnemyPartySync key=me:2:1 count=2 -> buffered (no waiter)
[17:17:30.602] LOG: [coop:webrtc] raw rx role=guest t=interactionChoice bytes=69 handlers=7
[17:17:30.602] LOG: [coop:relay] RECV interactionChoice seq=9000001 -> deliver-to-waiter choice=-1000 data=-
[17:17:30.602] LOG: [coop:relay] AWAIT interactionChoice seq=9000001 RESOLVE choice=-1000 data=-
[17:17:30.602] LOG: [coop:me] terminal won the outcome/terminal race (no trailing meResync) {"seqTerm":9000001,"action":-1000}
[17:17:30.602] LOG: [coop:me] host terminal resolved {"seqTerm":9000001,"action":-1000,"isHandoff":true}
[17:17:30.602] LOG: [coop:me] battle-handoff sentinel on seq_term; finishing without leaving {"seqTerm":9000001}
[17:17:30.602] LOG: [coop:me] ME terminal: battle-handoff, ending phase WITHOUT leaving encounter {"counter":1}
[17:17:30.603] LOG: [coop:me] meBattleHandoffKey wave=2 meCounter=1 -> key=me:2:1
[17:17:30.603] LOG: [coop:stream] guest consumeMeBattleEnemyParty me:2:1 -> 2 enemies
[17:17:30.611] LOG: [coop:replay] guest adopt enemy bi=0 isBoss segments=2 index=1
[17:17:30.611] LOG: [coop:enemy] buildCoopEnemy ADOPT bi=0 species=741 form=1 lv=3 abilityIdx=0 nature=2 gender=1 shiny=false hp=17/17 moves=2 heldItems=0
[17:17:30.611] LOG: [coop:enemy] structural adopt: shape align double false -> true (#818)
[17:17:30.611] LOG: [coop:enemy] structural adopt: REBUILT 1 enemy slot(s) from the host stream (#818)
[17:17:30.612] LOG: [coop:session] isCoopAuthoritativeGuestGated -> true (authoritative GUEST gates a structural mutation)
[17:17:30.612] LOG: [coop:me] guest queued its OWN ME battle boot (adopt + MysteryEncounterBattlePhase) (#819) {"adopted":2}
[17:17:30.612] LOG: [coop:stream] guest UNREGISTER onMeMessage handler (null-out)
[17:17:30.612] LOG: %cStart Phase MysteryEncounterBattlePhase color:green;
[17:17:41.204] LOG: [coop:webrtc] raw rx role=guest t=enemyPartySync bytes=576 handlers=7
[17:17:41.204] LOG: [coop:replay] guest RECV enemyPartySync wave=2 count=2 -> buffered (no waiter)
