url:      https://elite-redux-staging.pages.dev/
build:    mqu80mnr-hy89
mode:     6  wave:3
seed:     VABALFpSt6gMfyj43vRS2atT
party:    Magnetilo(L5 19hp f0), Flamiau(L5 15hp f0), Vulpix(L5 20hp f0), Endivie(L5 20hp f0), Kangama(L5 27hp f0)
enemy:    

----- COMMENT -----
mystery event desync2

----- CONSOLE -----
[01:09:35.114] LOG: %c %c %c %c %c Phaser v3.90.0 (WebGL | Web Audio) %c https://phaser.io/v390 background: #ff0000 background: #ffff00 background: #00ff00 background: #00ffff color: #ffffff; background: #000000 background: transparent
[01:09:35.776] LOG: [ER] build mqu80mnr-hy89
[01:09:36.520] LOG: [dev-tools] loaded — 325 scenarios + Send Logs button
[01:10:09.630] DEBUG: Destroying loading scene
[01:10:09.630] DEBUG: Destroyed loading scene
[01:10:09.836] LOG: Seed: ZdXlHT5BYIPlZMCby3Ty4NcJ
[01:10:09.836] LOG: Wave Seed: ZdXlHT5BYIPlZMCby3Ty4NcJ 0
[01:10:20.530] LOG: %cStart Phase LoginPhase color:green;
[01:10:31.448] LOG: Client Session: vWf6H4add9GO7X6IKAN5XianVcItYw5A
[01:10:31.799] LOG: %cStart Phase TitlePhase color:green;
[01:10:31.800] LOG: Getting Session Slot id: %d 0
[01:10:32.961] LOG: use seasonal splash messages true
[01:10:32.961] LOG: Adding 2 Pride Month splash messages (weight: x15)
[01:10:39.241] WARN: [coop-fp] MISMATCH sections=movesName,abilitiesName - movesName local=30e2bf626b99790e(1107) peer=fad7fe8932ec09a1(1107) abilitiesName local=1670a4f3df00cb38(1046) peer=1412a816005397a3(1046)
[01:10:43.132] LOG: [coop-launch] title challenge-gate: role=guest isCoopGuest=true -> SelectStarterPhase
[01:10:43.132] LOG: %cStart Phase SelectStarterPhase color:green;
[01:10:43.133] LOG: [coop-launch] startCoopSelect role=guest partnerConnected=true partnerReady=false
[01:10:48.878] WARN: cry/725 not found
[01:10:50.075] WARN: cry/152 not found
[01:11:02.203] LOG: [coop-runconfig] guest received difficulty=elite netcode=authoritative
[01:11:02.203] LOG: [coop-launch] proceedIfReady launched=false localTeam=0 bothReady=false role=guest partnerReady=false
[01:11:02.208] LOG: [coop-launch] proceedIfReady launched=false localTeam=0 bothReady=false role=guest partnerReady=false
[01:11:02.208] LOG: [coop-launch] proceedIfReady launched=false localTeam=0 bothReady=false role=guest partnerReady=true
[01:11:05.764] LOG: Wave Seed: VABALFpSt6gMfyj43vRS2atT 0
[01:11:05.764] LOG: [coop-runconfig] startRun role=guest willBroadcast=false difficulty=elite
[01:11:05.766] LOG: [coop-launch] local team locked in: 2 mons, role=guest
[01:11:05.767] LOG: [coop-launch] proceedIfReady launched=false localTeam=2 bothReady=false role=guest partnerReady=true
[01:11:05.767] LOG: [coop-launch] proceedIfReady launched=false localTeam=2 bothReady=true role=guest partnerReady=true
[01:11:05.769] LOG: [coop-launch] launchCoopMergedParty role=guest merged=5 slot=0
[01:11:05.769] LOG: [coop-launch] guest: clearing STARTER_SELECT -> MESSAGE, then initBattle
[01:11:05.770] LOG: [coop-launch] proceedIfReady launched=true localTeam=2 bothReady=true role=guest partnerReady=true
[01:11:07.434] LOG: Wave Seed: WBCBMGqTu7hNgzk54wST3buU 1
[01:11:07.439] LOG: %cStart Phase EncounterPhase color:green;
[01:11:10.184] LOG: Pokemon: Staralili (wild) | Species ID: 396 | Level: 2 | Nature: Forsch (+SpVert/-Init)
[01:11:10.184] LOG: Stats (IVs): HP: 13 (17), Atk: 7 (19), Def: 6 (16), Spatk: 6 (12), Spdef: 7 (29), Spd: 6 (17)
[01:11:10.184] LOG: Ability: Bedroher | Passive Ability: Flock 
[01:11:10.184] LOG: Moveset: ["Aufruhr (P)","Scanner","Pikser"]
[01:11:10.187] LOG: Pokemon: Waumpel (wild) | Species ID: 265 | Level: 2 | Nature: Naiv (+Init/-SpVert)
[01:11:10.187] LOG: Stats (IVs): HP: 14 (13), Atk: 6 (0), Def: 6 (17), Spatk: 5 (1), Spdef: 5 (6), Spd: 6 (8)
[01:11:10.187] LOG: Ability: Puderabwehr | Passive Ability: Hexaplaga 
[01:11:10.187] LOG: Moveset: ["Käfertrutz","Web Shot","Giftstachel","Tackle"]
[01:11:11.805] DEBUG: Session data saved to slot 0!
[01:11:12.645] LOG: Wave Seed: WBCBMGqTu7hNgzk54wST3buU 1
[01:11:14.153] LOG: %cStart Phase SummonPhase color:green;
[01:11:15.060] LOG: %cStart Phase ShinySparklePhase color:green;
[01:11:15.402] LOG: %cStart Phase ToggleDoublePositionPhase color:green;
[01:11:15.404] LOG: %cStart Phase SummonPhase color:green;
[01:11:15.970] WARN: cry/725 not found
[01:11:16.309] LOG: %cStart Phase CheckSwitchPhase color:green;
[01:11:16.309] LOG: %cStart Phase CheckSwitchPhase color:green;
[01:11:16.310] LOG: %cStart Phase InitEncounterPhase color:green;
[01:11:16.315] LOG: %cStart Phase PostSummonPhase color:green;
[01:11:16.316] LOG: Ran PSP for: Flamiau
[01:11:16.320] LOG: %cStart Phase PostSummonPhase color:green;
[01:11:16.321] LOG: %cStart Phase ShowAbilityPhase color:green;
[01:11:16.833] LOG: %cStart Phase StatStageChangePhase color:green;
[01:11:17.450] LOG: %cStart Phase MessagePhase color:green;
[01:11:18.217] LOG: %cStart Phase StatStageChangePhase color:green;
[01:11:18.817] LOG: %cStart Phase MessagePhase color:green;
[01:11:19.568] LOG: %cStart Phase HideAbilityPhase color:green;
[01:11:19.642] LOG: %cStart Phase PostSummonPhase color:green;
[01:11:19.642] LOG: Ran PSP for: Magnetilo
[01:11:19.644] LOG: %cStart Phase PostSummonPhase color:green;
[01:11:19.644] LOG: %cStart Phase PostSummonPhase color:green;
[01:11:19.645] LOG: %cStart Phase PostSummonPhase color:green;
[01:11:19.645] LOG: Ran PSP for: Staralili
[01:11:19.645] LOG: %cStart Phase PostSummonPhase color:green;
[01:11:19.646] LOG: Ran PSP for: Waumpel
[01:11:19.647] LOG: %cStart Phase PostSummonPhase color:green;
[01:11:19.649] LOG: %cStart Phase ShowAbilityPhase color:green;
[01:11:20.164] LOG: %cStart Phase StatStageChangePhase color:green;
[01:11:20.774] LOG: %cStart Phase MessagePhase color:green;
[01:11:21.451] LOG: %cStart Phase StatStageChangePhase color:green;
[01:11:22.040] LOG: %cStart Phase MessagePhase color:green;
[01:11:22.753] LOG: %cStart Phase HideAbilityPhase color:green;
[01:11:22.822] LOG: %cStart Phase PostSummonPhase color:green;
[01:11:22.823] LOG: %cStart Phase PostSummonPhase color:green;
[01:11:22.823] LOG: %cStart Phase PostSummonPhase color:green;
[01:11:22.823] LOG: %cStart Phase TurnInitPhase color:green;
[01:11:22.824] LOG: %cStart Phase CommandPhase color:green;
[01:11:22.826] LOG: %cStart Phase CommandPhase color:green;
[01:11:31.243] LOG: Move: FIRE_FANG Move targets: {"targets":[2,3,0],"multiple":false} 
Player Pokemon: Flamiau
[01:11:31.245] LOG: %cStart Phase SelectTargetPhase color:green;
[01:11:31.890] LOG: %cStart Phase EnemyCommandPhase color:green;
[01:11:31.891] LOG: %cStart Phase EnemyCommandPhase color:green;
[01:11:31.891] LOG: %cStart Phase TurnStartPhase color:green;
[01:11:31.892] LOG: %cStart Phase CoopReplayTurnPhase color:green;
[01:11:41.294] LOG: %cStart Phase MessagePhase color:green;
[01:11:41.544] LOG: %cStart Phase CoopMoveAnimReplayPhase color:green;
[01:11:41.854] LOG: %cStart Phase CoopHpDrainReplayPhase color:green;
[01:11:41.858] LOG: %cStart Phase MessagePhase color:green;
[01:11:42.070] LOG: %cStart Phase MessagePhase color:green;
[01:11:42.309] LOG: %cStart Phase CoopMoveAnimReplayPhase color:green;
[01:11:42.530] LOG: %cStart Phase CoopHpDrainReplayPhase color:green;
[01:11:42.533] LOG: %cStart Phase CoopFaintReplayPhase color:green;
[01:11:43.039] LOG: %cStart Phase MessagePhase color:green;
[01:11:43.243] LOG: %cStart Phase MessagePhase color:green;
[01:11:43.456] LOG: %cStart Phase MessagePhase color:green;
[01:11:43.688] LOG: %cStart Phase CoopMoveAnimReplayPhase color:green;
[01:11:43.925] LOG: %cStart Phase CoopHpDrainReplayPhase color:green;
[01:11:43.929] LOG: %cStart Phase CoopFaintReplayPhase color:green;
[01:11:44.429] LOG: %cStart Phase MessagePhase color:green;
[01:11:44.634] LOG: %cStart Phase MessagePhase color:green;
[01:11:44.851] LOG: %cStart Phase CoopHpDrainReplayPhase color:green;
[01:11:44.853] LOG: %cStart Phase CoopFinalizeTurnPhase color:green;
[01:11:44.856] WARN: [coop-desync] turn=1 host=08921f6831ab6448 guest=c44f57c9102b0506
[01:11:44.858] WARN: [coop-cs] turn=1 2 differing field(s):
[01:11:44.858] WARN:   field.bi#0.moves.0.1: host=1 guest=0
[01:11:44.858] WARN:   field.bi#1.moves.2.1: host=1 guest=0
[01:11:44.859] LOG: %cStart Phase WeatherEffectPhase color:green;
[01:11:44.859] LOG: %cStart Phase PositionalTagPhase color:green;
[01:11:44.859] LOG: %cStart Phase BerryPhase color:green;
[01:11:44.860] LOG: %cStart Phase CheckStatusEffectPhase color:green;
[01:11:44.861] LOG: %cStart Phase PostTurnStatusEffectPhase color:green;
[01:11:45.073] LOG: %cStart Phase MessagePhase color:green;
[01:11:45.309] LOG: %cStart Phase TurnEndPhase color:green;
[01:11:45.311] LOG: %cStart Phase VictoryPhase color:green;
[01:11:45.313] LOG: %cStart Phase ExpPhase color:green;
[01:11:46.113] LOG: %cStart Phase ExpPhase color:green;
[01:11:46.541] LOG: %cStart Phase BattleEndPhase color:green;
[01:11:46.542] LOG: Battle Score: 0 (1 Turns x1)
[01:11:46.542] LOG: Total Score: 0
[01:11:46.550] LOG: %cStart Phase EggLapsePhase color:green;
[01:11:46.551] LOG: %cStart Phase SelectModifierPhase color:green;
[01:11:46.551] LOG: Wave Seed: WBCBMGqTu7hNgzk54wST3buU 1
[01:11:46.560] LOG: [coop-reward] WATCHER waits for partner's reward picks (start=0 role=guest wave=1)
[01:11:49.662] LOG: %cStart Phase NewBattlePhase color:green;
[01:11:49.663] LOG: Wave Seed: XCDCNHrUv8iOh{l65xTU4cvV 2
[01:11:49.666] LOG: Applied X-Tempo 
[01:11:49.666] LOG: Applied X-Tempo 
[01:11:49.666] LOG: %cStart Phase ReturnPhase color:green;
[01:11:49.668] LOG: [coop-reward] advance interaction (role=guest from=0 counter=0)
[01:11:49.669] LOG: [coop-launch] proceedIfReady launched=true localTeam=2 bothReady=true role=guest partnerReady=true
[01:11:49.673] LOG: [coop-launch] proceedIfReady launched=true localTeam=2 bothReady=true role=guest partnerReady=true
[01:11:49.784] LOG: %cStart Phase ReturnPhase color:green;
[01:11:49.898] LOG: %cStart Phase ShowTrainerPhase color:green;
[01:11:50.001] LOG: %cStart Phase NextEncounterPhase color:green;
[01:11:54.341] DEBUG: Session data saved to slot 0!
[01:11:54.343] LOG: Wave Seed: XCDCNHrUv8iOh{l65xTU4cvV 2
[01:12:02.354] LOG: %cStart Phase MysteryEncounterPhase color:green;
[01:12:06.211] LOG: %cStart Phase MysteryEncounterOptionSelectedPhase color:green;
[01:12:08.851] LOG: %cStart Phase MysteryEncounterRewardsPhase color:green;
[01:12:08.851] LOG: %cStart Phase SelectModifierPhase color:green;
[01:12:08.852] LOG: Wave Seed: XCDCNHrUv8iOh{l65xTU4cvV 2
[01:12:08.854] LOG: 4 1 [1,9,11,13,24]
[01:12:08.854] LOG: {"id":"MINT","localeKey":"","iconImage":"mint_def","group":"mint","soundName":"se/restore","tier":2,"nature":8} 
[01:12:08.854] LOG: 16 4 [1,9,11,13,24]
[01:12:08.854] LOG: {"id":"REVIVER_SEED","localeKey":"modifierType:ModifierType.REVIVER_SEED","iconImage":"reviver_seed","soundName":"se/restore","tier":2} 
[01:12:08.855] LOG: 15 4 [1,9,11,13,24]
[01:12:08.855] LOG: {"id":"MYSTICAL_ROCK","localeKey":"modifierType:ModifierType.MYSTICAL_ROCK","iconImage":"mystical_rock","soundName":"se/restore","tier":2} 
[01:12:08.855] LOG: 18 4 [1,9,11,13,24]
[01:12:08.855] LOG: {"id":"ATTACK_TYPE_BOOSTER","localeKey":"","iconImage":"silk_scarf","soundName":"se/restore","tier":2,"moveType":0,"boostPercent":20} 
[01:12:08.855] LOG: 14 4 [1,9,11,13,24]
[01:12:08.855] LOG: {"id":"FROSTBITE_ORB","localeKey":"","iconImage":"frostbite_orb","soundName":"se/restore","tier":2} 
[01:12:08.855] LOG: 10 2 [1,9,11,13,24]
[01:12:08.856] LOG: ULTRA 0
[01:12:08.856] LOG: 12 3 [1,9,11,13,24]
[01:12:08.856] LOG: {"id":"TOXIC_ORB","localeKey":"modifierType:ModifierType.TOXIC_ORB","iconImage":"toxic_orb","soundName":"se/restore","tier":2} 
[01:12:08.856] LOG: 0 0 [1,9,11,13,24]
[01:12:08.856] LOG: {"id":"ULTRA_BALL","localeKey":"","iconImage":"ub","group":"pb","soundName":"se/pb_bounce_1","tier":2,"pokeballType":2,"count":5} 
[01:12:08.857] LOG: [coop-reward] OWNER drives reward screen (start=1 role=guest spoof=false wave=2)
[01:12:20.902] LOG: %cStart Phase EggLapsePhase color:green;
[01:12:20.902] LOG: %cStart Phase PostMysteryEncounterPhase color:green;
[01:12:20.902] LOG: [coop-launch] proceedIfReady launched=true localTeam=2 bothReady=true role=guest partnerReady=true
[01:12:20.902] LOG: %cStart Phase NewBattlePhase color:green;
[01:12:20.903] LOG: Wave Seed: YDEDOIsVw9jPi|m76yUV5dwW 3
[01:12:20.903] LOG: %cStart Phase NextEncounterPhase color:green;
[01:12:20.903] LOG: [coop-reward] advance interaction (role=guest from=1 counter=2)
[01:12:20.903] LOG: [coop-launch] proceedIfReady launched=true localTeam=2 bothReady=true role=guest partnerReady=true
[01:12:20.906] LOG: [coop-launch] proceedIfReady launched=true localTeam=2 bothReady=true role=guest partnerReady=true
