{
  "invariant": "no-park",
  "seed": 828633,
  "wave": 25,
  "detail": "wave driving threw (strand/stall): client phase drive to SelectModifierPhase HANG on TitlePhase; queued=[], ui=TITLE",
  "replay": "SOAK_SEED=828633",
  "phaseState": {
    "hostPhase": "SelectModifierPhase",
    "guestPhase": "TitlePhase",
    "hostInteractionCounter": 28,
    "guestInteractionCounter": 28,
    "hostWave": 25,
    "hostBattleType": 1,
    "hostPlayerField": [
      {
        "id": 56923909,
        "battlerIndex": 0,
        "speciesId": 493,
        "speciesName": "Arceus",
        "hp": 1861,
        "maxHp": 1865,
        "fainted": false,
        "status": 0,
        "statStages": [
          -1,
          0,
          -1,
          0,
          0,
          0,
          0
        ],
        "moves": [
          {
            "id": 34,
            "ppUsed": 0
          },
          {
            "id": 247,
            "ppUsed": 0
          },
          {
            "id": 53,
            "ppUsed": 0
          },
          {
            "id": 85,
            "ppUsed": 2
          }
        ],
        "coopOwner": "host"
      },
      {
        "id": 2375993299,
        "battlerIndex": 1,
        "speciesId": 150,
        "speciesName": "Mewtwo",
        "hp": 1721,
        "maxHp": 1725,
        "fainted": false,
        "status": 0,
        "statStages": [
          0,
          0,
          0,
          0,
          0,
          0,
          0
        ],
        "moves": [
          {
            "id": 34,
            "ppUsed": 0
          },
          {
            "id": 247,
            "ppUsed": 1
          },
          {
            "id": 53,
            "ppUsed": 0
          },
          {
            "id": 85,
            "ppUsed": 0
          }
        ],
        "coopOwner": "guest"
      }
    ],
    "hostEnemyField": [
      {
        "id": 4224655785,
        "battlerIndex": 2,
        "speciesId": 240,
        "speciesName": "Magby",
        "hp": 0,
        "maxHp": 45,
        "fainted": true,
        "status": 7,
        "statStages": [
          0,
          0,
          0,
          0,
          0,
          0,
          0
        ],
        "moves": [
          {
            "id": 436,
            "ppUsed": 1
          },
          {
            "id": 266,
            "ppUsed": 0
          },
          {
            "id": 108,
            "ppUsed": 0
          },
          {
            "id": 139,
            "ppUsed": 0
          }
        ]
      },
      {
        "id": 1190299152,
        "battlerIndex": 3,
        "speciesId": 822,
        "speciesName": "Corvisquire",
        "hp": 0,
        "maxHp": 55,
        "fainted": true,
        "status": 7,
        "statStages": [
          0,
          0,
          0,
          0,
          0,
          0,
          0
        ],
        "moves": [
          {
            "id": 13,
            "ppUsed": 1
          },
          {
            "id": 468,
            "ppUsed": 0
          },
          {
            "id": 31,
            "ppUsed": 0
          },
          {
            "id": 184,
            "ppUsed": 0
          }
        ]
      }
    ],
    "guestPlayerField": [],
    "guestEnemyField": []
  },
  "actionScript": [
    "content seed=test preseeded=true",
    "wave 1 turn 1: replay guest crossed cmd:1:1 through real public COMMAND=opened",
    "wave 1: host slot move=85 guest slot move=34",
    "wave 1 turn 1: progress enemyHp=[16:0/14,263:0/14] playerHp=[890:2061/2065,384:1715/1715]",
    "wave 1: reward shop owner=host leave",
    "wave 2 turn 1: replay guest crossed cmd:2:1 through real public COMMAND=opened",
    "wave 2: host slot move=85 guest slot move=53",
    "wave 2 turn 1: progress enemyHp=[661:0/14,21:0/14] playerHp=[890:2061/2065,384:1715/1715]",
    "wave 2: reward shop owner=guest leave",
    "wave 3 turn 1: replay guest crossed cmd:3:1 through real public COMMAND=opened",
    "wave 3: host slot move=85 guest slot move=85",
    "wave 3 turn 1: progress enemyHp=[293:0/18,506:0/16] playerHp=[890:2056/2065,384:1715/1715]",
    "wave 3: reward shop owner=host leave",
    "wave 4 turn 1: replay guest crossed cmd:4:1 through real public COMMAND=opened",
    "wave 4: host slot move=85 guest slot move=34",
    "wave 4 turn 1: progress enemyHp=[506:0/18,43:0/16] playerHp=[890:2051/2065,384:1715/1715]",
    "wave 4: reward shop owner=guest leave",
    "wave 5 turn 1: replay guest crossed cmd:5:1 through real public COMMAND=opened",
    "wave 5: TRAINER (fixed)",
    "wave 5: host slot move=53 guest slot move=53",
    "wave 5 turn 1: progress enemyHp=[399:0/20,161:0/18] playerHp=[890:2059/2065,384:1715/1715]",
    "wave 5: reward shop owner=host take-nonparty",
    "wave 5: guest chose Crossroads Leave through public UI",
    "wave 5: guest drove World Map via public UI=true and both consumed 1826972855914588:1:BIOME_PICK:9700005",
    "wave 6 turn 1: replay guest crossed cmd:6:1 through real public COMMAND=opened",
    "wave 6: BIOME 0->1",
    "wave 6: host slot move=53 guest slot move=53",
    "wave 6 turn 1: progress enemyHp=[915:0/21,25:0/18] playerHp=[890:2053/2065,384:1715/1715]",
    "wave 6: reward shop owner=host take-nonparty",
    "wave 7 turn 1: replay guest crossed cmd:7:1 through real public COMMAND=opened",
    "wave 7: host slot move=247 guest slot move=85",
    "wave 7 turn 1: progress enemyHp=[25:0/21,261:0/20] playerHp=[890:2059/2065,384:1715/1715]",
    "wave 7: reward shop owner=guest leave",
    "wave 8 turn 1: replay guest crossed cmd:8:1 through real public COMMAND=opened",
    "wave 8: TRAINER (fixed)",
    "wave 8: host slot move=53 guest slot move=34",
    "wave 8 turn 1: progress enemyHp=[158:0/26,821:0/22] playerHp=[890:2057/2065,384:1715/1715]",
    "wave 8: reward shop owner=host take-nonparty",
    "wave 9 turn 1: replay guest crossed cmd:9:1 through real public COMMAND=opened",
    "wave 9: host slot move=85 guest slot move=53",
    "wave 9 turn 1: progress enemyHp=[41:0/24,52:0/22] playerHp=[890:2058/2065,384:1715/1715]",
    "wave 9: reward shop owner=guest leave",
    "wave 10 turn 1: replay guest crossed cmd:10:1 through real public COMMAND=opened",
    "wave 10: host slot move=53 guest slot move=34",
    "wave 10 turn 1: progress enemyHp=[263:0/22,263:0/22] playerHp=[890:2058/2065,384:1715/1715]",
    "wave 10: biome market owner=host leave",
    "wave 10: drained 1 milestone reward continuation(s)",
    "wave 10: guest chose Crossroads Leave through public UI",
    "wave 10: guest drove World Map via public UI=true and both consumed 1826972855914588:1:BIOME_PICK:9700011",
    "wave 11 turn 1: replay guest crossed cmd:11:1 through real public COMMAND=opened",
    "wave 11: BIOME 1->2",
    "wave 11: host slot move=247 guest slot move=85",
    "wave 11 turn 1: guest SWITCH -> party[3]",
    "wave 11 turn 1: progress enemyHp=[590:0/28,268:26/26] playerHp=[890:2056/2065,150:1725/1725]",
    "wave 11 turn 2: replay guest crossed cmd:11:2 through real public COMMAND=opened",
    "wave 11: reward shop owner=host take-nonparty",
    "wave 12: ME DEPARTMENT_STORE_SALE public embedded reward leave",
    "wave 12: ME DEPARTMENT_STORE_SALE option=1 driven (guest-owned, counter 13->14)",
    "wave 12: host drove World Map via public UI=true and both consumed 1826972855914588:0:BIOME_PICK:9700014",
    "wave 13 turn 1: replay guest crossed cmd:13:1 through real public COMMAND=opened",
    "wave 13: BIOME 2->1",
    "wave 13: host slot move=85 guest slot move=85",
    "wave 13 turn 1: progress enemyHp=[821:0/26,263:0/26] playerHp=[890:2057/2065,150:1725/1725]",
    "wave 13: reward shop owner=guest leave",
    "wave 14: ME ER_HOT_SPRING option=2 driven (host-owned, counter 16->17)",
    "wave 15 turn 1: replay guest crossed cmd:15:1 through real public COMMAND=opened",
    "wave 15: host slot move=53 guest slot move=53",
    "wave 15 turn 1: progress enemyHp=[819:0/34,427:0/34] playerHp=[890:2051/2065,150:1725/1725]",
    "wave 15: reward shop owner=guest take-nonparty",
    "wave 16: ME BERRIES_ABOUND option=3 driven (host-owned, counter 18->19)",
    "wave 17 turn 1: replay guest crossed cmd:17:1 through real public COMMAND=opened",
    "wave 17: host slot move=53 guest slot move=34",
    "wave 17 turn 1: progress enemyHp=[161:0/32,915:0/38] playerHp=[890:2055/2065,150:1725/1725]",
    "wave 17: reward shop owner=guest leave",
    "wave 18: ME ER_PICNIC option=4 driven (host-owned, counter 20->21)",
    "wave 19 turn 1: replay guest crossed cmd:19:1 through real public COMMAND=opened",
    "wave 19: host slot move=53 guest slot move=85",
    "wave 19 turn 1: progress enemyHp=[206:0/53,819:0/45] playerHp=[890:2038/2065,150:1725/1725]",
    "wave 19: reward shop owner=guest take-nonparty",
    "wave 20 turn 1: replay guest crossed cmd:20:1 through real public COMMAND=opened",
    "wave 20 turn 1: host SWITCH -> party[2]",
    "wave 20: host slot move=53 guest slot move=53",
    "wave 20 turn 1: guest SWITCH -> party[3]",
    "wave 20 turn 1: progress enemyHp=[820:58/58,734:39/39] playerHp=[493:1865/1865,384:1709/1715]",
    "wave 20 turn 2: replay guest crossed cmd:20:2 through real public COMMAND=opened",
    "wave 20: biome market owner=host leave",
    "wave 20: drained 1 milestone reward continuation(s)",
    "wave 21 turn 1: replay guest crossed cmd:21:1 through real public COMMAND=opened",
    "wave 21: host slot move=85 guest slot move=247",
    "wave 21 turn 1: progress enemyHp=[734:0/41,261:0/36] playerHp=[493:1865/1865,384:1715/1715]",
    "wave 21: reward shop owner=guest leave",
    "wave 22 turn 1: replay guest crossed cmd:22:1 through real public COMMAND=opened",
    "wave 22: host slot move=34 guest slot move=53",
    "wave 22 turn 1: progress enemyHp=[84:49/49,396:39/39] playerHp=[493:1865/1865,384:1715/1715]",
    "wave 22 turn 2: replay guest crossed cmd:22:2 through real public COMMAND=opened",
    "wave 22: reward shop owner=host take-nonparty",
    "wave 22: guest chose Crossroads Leave through public UI",
    "wave 22: guest drove World Map via public UI=true and both consumed 1826972855914588:1:BIOME_PICK:9700025",
    "wave 23 turn 1: replay guest crossed cmd:23:1 through real public COMMAND=opened",
    "wave 23: BIOME 1->4",
    "wave 23: host slot move=247 guest slot move=53",
    "wave 23 turn 1: progress enemyHp=[978:0/47,263:0/41] playerHp=[493:1865/1865,384:1715/1715]",
    "wave 23: reward shop owner=host leave",
    "wave 24: ME FIELD_TRIP public PARTY pick=0",
    "wave 24: ME FIELD_TRIP public OPTION_SELECT pick=0",
    "wave 24: ME FIELD_TRIP public embedded reward leave",
    "wave 24: ME FIELD_TRIP option=1 driven (guest-owned, counter 27->28)",
    "wave 25 turn 1: replay guest crossed cmd:25:1 through real public COMMAND=opened",
    "wave 25: TRAINER (fixed)",
    "wave 25: host slot move=85 guest slot move=247",
    "wave 25 turn 1: guest SWITCH -> party[3]",
    "wave 25 turn 1: progress enemyHp=[159:0/58,822:55/55] playerHp=[493:1863/1865,150:1723/1725]",
    "wave 25 turn 2: replay guest crossed cmd:25:2 through real public COMMAND=opened"
  ]
}