{
  "invariant": "no-park",
  "seed": 20470474,
  "wave": 143,
  "detail": "wave driving threw (strand/stall): Timed out in waitUntil!",
  "replay": "SOAK_SEED=20470474",
  "phaseState": {
    "hostPhase": "CommandPhase",
    "guestPhase": "TitlePhase",
    "hostInteractionCounter": 169,
    "guestInteractionCounter": 169,
    "hostWave": 143,
    "hostBattleType": 0,
    "hostPlayerField": [
      {
        "id": 2876069112,
        "battlerIndex": -1,
        "speciesId": 493,
        "speciesName": "Arceus",
        "hp": 1865,
        "maxHp": 1865,
        "fainted": false,
        "status": 0,
        "statStages": [
          0,
          0,
          0,
          0,
          0,
          0,
          0
        ],
        "moves": [
          {
            "id": 34,
            "ppUsed": 0
          },
          {
            "id": 247,
            "ppUsed": 0
          },
          {
            "id": 53,
            "ppUsed": 0
          },
          {
            "id": 85,
            "ppUsed": 1
          }
        ],
        "coopOwner": "host"
      },
      {
        "id": 3292573267,
        "battlerIndex": -1,
        "speciesId": 150,
        "speciesName": "Mewtwo",
        "hp": 1725,
        "maxHp": 1725,
        "fainted": false,
        "status": 0,
        "statStages": [
          0,
          0,
          0,
          0,
          0,
          0,
          0
        ],
        "moves": [
          {
            "id": 34,
            "ppUsed": 0
          },
          {
            "id": 247,
            "ppUsed": 0
          },
          {
            "id": 53,
            "ppUsed": 0
          },
          {
            "id": 85,
            "ppUsed": 0
          }
        ],
        "coopOwner": "guest"
      }
    ],
    "hostEnemyField": [
      {
        "id": 2725176583,
        "battlerIndex": -1,
        "speciesId": 218,
        "speciesName": "Slugma",
        "hp": 0,
        "maxHp": 261,
        "fainted": true,
        "status": 7,
        "statStages": [
          0,
          0,
          0,
          0,
          0,
          0,
          0
        ],
        "moves": [
          {
            "id": 682,
            "ppUsed": 0
          },
          {
            "id": 481,
            "ppUsed": 0
          },
          {
            "id": 105,
            "ppUsed": 0
          },
          {
            "id": 133,
            "ppUsed": 0
          }
        ]
      },
      {
        "id": 4064596240,
        "battlerIndex": -1,
        "speciesId": 464,
        "speciesName": "Rhyperior",
        "hp": 414,
        "maxHp": 414,
        "fainted": false,
        "status": 0,
        "statStages": [
          0,
          0,
          0,
          0,
          0,
          0,
          0
        ],
        "moves": [
          {
            "id": 5035,
            "ppUsed": 0
          },
          {
            "id": 397,
            "ppUsed": 0
          },
          {
            "id": 368,
            "ppUsed": 1
          },
          {
            "id": 838,
            "ppUsed": 0
          }
        ]
      }
    ],
    "guestPlayerField": [],
    "guestEnemyField": []
  },
  "actionScript": [
    "SKIP mysteryEncounterDisabledV1",
    "content seed=coop-soak-20470474 preseeded=false",
    "wave 1 turn 1: replay guest crossed cmd:1:1 through real public COMMAND=opened",
    "wave 1: host slot move=34 guest slot move=34",
    "wave 1 turn 1: progress enemyHp=[16:0/14,263:0/14] playerHp=[890:2061/2065,384:1715/1715]",
    "wave 1: reward shop owner=host leave",
    "wave 2 turn 1: replay guest crossed cmd:2:1 through real public COMMAND=opened",
    "wave 2: host slot move=53 guest slot move=53",
    "wave 2 turn 1: progress enemyHp=[664:0/14,276:0/14] playerHp=[890:2061/2065,384:1715/1715]",
    "wave 2: reward shop owner=guest leave",
    "wave 3 turn 1: replay guest crossed cmd:3:1 through real public COMMAND=opened",
    "wave 3: host slot move=85 guest slot move=247",
    "wave 3 turn 1: progress enemyHp=[19:0/15,290:0/15] playerHp=[890:2061/2065,384:1715/1715]",
    "wave 3: reward shop owner=host take-nonparty",
    "wave 4 turn 1: replay guest crossed cmd:4:1 through real public COMMAND=opened",
    "wave 4: host slot move=53 guest slot move=85",
    "wave 4 turn 1: progress enemyHp=[396:18/18,572:0/19] playerHp=[890:2065/2065,384:1715/1715]",
    "wave 4 turn 2: replay guest crossed cmd:4:2 through real public COMMAND=opened",
    "wave 4: reward shop owner=guest take-nonparty",
    "wave 5 turn 1: replay guest crossed cmd:5:1 through real public COMMAND=opened",
    "wave 5: TRAINER (fixed)",
    "wave 5: host slot move=34 guest slot move=34",
    "wave 5 turn 1: progress enemyHp=[506:0/18,263:0/18] playerHp=[890:2060/2065,384:1715/1715]",
    "wave 5: reward shop owner=host leave",
    "wave 5: guest chose Crossroads Leave through public UI",
    "wave 5: guest drove World Map via public UI=true and both consumed 1826967518804702:1:BIOME_PICK:9700005",
    "wave 6 turn 1: replay guest crossed cmd:6:1 through real public COMMAND=opened",
    "wave 6: BIOME 0->1",
    "wave 6: host slot move=34 guest slot move=34",
    "wave 6 turn 1: progress enemyHp=[519:0/23,819:0/23] playerHp=[890:2055/2065,384:1715/1715]",
    "wave 6: reward shop owner=host take-nonparty",
    "wave 7 turn 1: replay guest crossed cmd:7:1 through real public COMMAND=opened",
    "wave 7: host slot move=85 guest slot move=85",
    "wave 7 turn 1: progress enemyHp=[915:0/24,161:0/22] playerHp=[890:2058/2065,384:1715/1715]",
    "wave 7: reward shop owner=guest take-nonparty",
    "wave 8 turn 1: replay guest crossed cmd:8:1 through real public COMMAND=opened",
    "wave 8: TRAINER (fixed)",
    "wave 8: host slot move=53 guest slot move=34",
    "wave 8 turn 1: guest SWITCH -> party[3]",
    "wave 8 turn 1: progress enemyHp=[387:0/27,16:22/22] playerHp=[890:2048/2065,150:1723/1725]",
    "wave 8 turn 2: replay guest crossed cmd:8:2 through real public COMMAND=opened",
    "wave 8: reward shop owner=host take-nonparty",
    "wave 9 turn 1: replay guest crossed cmd:9:1 through real public COMMAND=opened",
    "wave 9: host slot move=53 guest slot move=53",
    "wave 9 turn 1: progress enemyHp=[399:0/26,519:0/28] playerHp=[890:2057/2065,150:1723/1725]",
    "wave 9: reward shop owner=guest leave",
    "wave 10 turn 1: replay guest crossed cmd:10:1 through real public COMMAND=opened",
    "wave 10 turn 1: host SWITCH -> party[2]",
    "wave 10: host slot move=85 guest slot move=34",
    "wave 10 turn 1: progress enemyHp=[108:31/31,819:0/26] playerHp=[493:1865/1865,150:1720/1725]",
    "wave 10 turn 2: replay guest crossed cmd:10:2 through real public COMMAND=opened",
    "wave 10 turn 2: guest SWITCH -> party[3]",
    "wave 10: biome market owner=host leave",
    "wave 10: drained 1 milestone reward continuation(s)",
    "wave 10: guest chose Crossroads Leave through public UI",
    "wave 10: guest drove World Map via public UI=true and both consumed 1826967518804702:1:BIOME_PICK:9700011",
    "wave 11 turn 1: replay guest crossed cmd:11:1 through real public COMMAND=opened",
    "wave 11: BIOME 1->2",
    "wave 11: host slot move=85 guest slot move=247",
    "wave 11 turn 1: progress enemyHp=[546:0/24,420:0/25] playerHp=[493:1865/1865,384:1715/1715]",
    "wave 11: reward shop owner=host leave",
    "wave 12 turn 1: replay guest crossed cmd:12:1 through real public COMMAND=opened",
    "wave 12: host slot move=34 guest slot move=53",
    "wave 12 turn 1: progress enemyHp=[266:0/28,415:0/26] playerHp=[493:1865/1865,384:1715/1715]",
    "wave 12: reward shop owner=guest leave",
    "wave 13 turn 1: replay guest crossed cmd:13:1 through real public COMMAND=opened",
    "wave 13: host slot move=247 guest slot move=85",
    "wave 13 turn 1: progress enemyHp=[543:0/25,187:0/28] playerHp=[493:1865/1865,384:1715/1715]",
    "wave 13: reward shop owner=host leave",
    "wave 14 turn 1: replay guest crossed cmd:14:1 through real public COMMAND=opened",
    "wave 14: host slot move=53 guest slot move=34",
    "wave 14 turn 1: progress enemyHp=[543:0/27,543:0/27] playerHp=[493:1865/1865,384:1715/1715]",
    "wave 14: reward shop owner=guest take-nonparty",
    "wave 15 turn 1: replay guest crossed cmd:15:1 through real public COMMAND=opened",
    "wave 15: host slot move=85 guest slot move=247",
    "wave 15 turn 1: progress enemyHp=[187:0/30,543:0/29] playerHp=[493:1865/1865,384:1715/1715]",
    "wave 15: reward shop owner=host take-nonparty",
    "wave 15: guest chose Crossroads Leave through public UI",
    "wave 15: guest drove World Map via public UI=true and both consumed 1826967518804702:1:BIOME_PICK:9700017",
    "wave 16 turn 1: replay guest crossed cmd:16:1 through real public COMMAND=opened",
    "wave 16: BIOME 2->3",
    "wave 16: TRAINER (random)",
    "wave 16: host slot move=53 guest slot move=53",
    "wave 16 turn 1: progress enemyHp=[401:0/30,44:0/35] playerHp=[493:1865/1865,384:1715/1715]",
    "wave 16 turn 2: replay guest crossed cmd:16:2 through real public COMMAND=opened",
    "wave 16: reward shop owner=host leave",
    "wave 17 turn 1: replay guest crossed cmd:17:1 through real public COMMAND=opened",
    "wave 17: host slot move=247 guest slot move=85",
    "wave 17 turn 1: progress enemyHp=[32:0/34,32:0/32] playerHp=[493:1865/1865,384:1715/1715]",
    "wave 17: reward shop owner=guest leave",
    "wave 18 turn 1: replay guest crossed cmd:18:1 through real public COMMAND=opened",
    "wave 18: host slot move=53 guest slot move=34",
    "wave 18 turn 1: progress enemyHp=[665:0/34,303:0/39] playerHp=[493:1865/1865,384:1715/1715]",
    "wave 18: reward shop owner=host take-nonparty",
    "wave 19 turn 1: replay guest crossed cmd:19:1 through real public COMMAND=opened",
    "wave 19: host slot move=85 guest slot move=247",
    "wave 19 turn 1: guest SWITCH -> party[3]",
    "wave 19 turn 1: progress enemyHp=[20:0/41,37:34/34] playerHp=[493:1749/1865,150:1722/1725]",
    "wave 19 turn 2: replay guest crossed cmd:19:2 through real public COMMAND=opened",
    "wave 19: reward shop owner=guest take-nonparty",
    "wave 20 turn 1: replay guest crossed cmd:20:1 through real public COMMAND=opened",
    "wave 20: TRAINER (random)",
    "wave 20 turn 1: host SWITCH -> party[2]",
    "wave 20: host slot move=85 guest slot move=53",
    "wave 20 turn 1: progress enemyHp=[928:38/38,438:1/42] playerHp=[890:2065/2065,150:1718/1725]",
    "wave 20 turn 2: replay guest crossed cmd:20:2 through real public COMMAND=opened",
    "wave 20: biome market owner=host leave",
    "wave 20: drained 1 milestone reward continuation(s)",
    "wave 20: guest chose Crossroads Leave through public UI",
    "wave 20: guest drove World Map via public UI=true and both consumed 1826967518804702:1:BIOME_PICK:9700023",
    "wave 21 turn 1: replay guest crossed cmd:21:1 through real public COMMAND=opened",
    "wave 21: BIOME 3->5",
    "wave 21: host slot move=247 guest slot move=85",
    "wave 21 turn 1: progress enemyHp=[204:40/40,917:0/36] playerHp=[890:2065/2065,150:1725/1725]",
    "wave 21 turn 2: replay guest crossed cmd:21:2 through real public COMMAND=opened",
    "wave 21: reward shop owner=host leave",
    "wave 22 turn 1: replay guest crossed cmd:22:1 through real public COMMAND=opened",
    "wave 22: host slot move=53 guest slot move=34",
    "wave 22 turn 1: progress enemyHp=[15:0/46,917:0/36] playerHp=[890:2048/2065,150:1725/1725]",
    "wave 22: reward shop owner=guest take-nonparty",
    "wave 23 turn 1: replay guest crossed cmd:23:1 through real public COMMAND=opened",
    "wave 23 turn 1: host SWITCH -> party[2]",
    "wave 23: host slot move=85 guest slot move=247",
    "wave 23 turn 1: progress enemyHp=[825:42/42,273:0/39] playerHp=[493:1629/1865,150:1725/1725]",
    "wave 23 turn 2: replay guest crossed cmd:23:2 through real public COMMAND=opened",
    "wave 23: reward shop owner=host take-nonparty",
    "wave 24 turn 1: replay guest crossed cmd:24:1 through real public COMMAND=opened",
    "wave 24: host slot move=34 guest slot move=53",
    "wave 24 turn 1: progress enemyHp=[216:0/50,825:0/44] playerHp=[493:1629/1865,150:1725/1725]",
    "wave 24: reward shop owner=guest take-nonparty",
    "wave 25 turn 1: replay guest crossed cmd:25:1 through real public COMMAND=opened",
    "wave 25: TRAINER (fixed)",
    "wave 25: host slot move=34 guest slot move=53",
    "wave 25 turn 1: guest SWITCH -> party[3]",
    "wave 25 turn 1: progress enemyHp=[388:0/62,17:53/53] playerHp=[493:1627/1865,384:1713/1715]",
    "wave 25 turn 2: replay guest crossed cmd:25:2 through real public COMMAND=opened",
    "wave 25: reward shop owner=host leave",
    "wave 25: guest chose Crossroads Leave through public UI",
    "wave 25: guest drove World Map via public UI=true and both consumed 1826967518804702:1:BIOME_PICK:9700029",
    "wave 26 turn 1: replay guest crossed cmd:26:1 through real public COMMAND=opened",
    "wave 26: BIOME 5->27",
    "wave 26: host slot move=53 guest slot move=53",
    "wave 26 turn 1: progress enemyHp=[595:0/51,190:0/55] playerHp=[493:1627/1865,384:1713/1715]",
    "wave 26: reward shop owner=host leave",
    "wave 26: drained 1 milestone reward continuation(s)",
    "wave 27 turn 1: replay guest crossed cmd:27:1 through real public COMMAND=opened",
    "wave 27: host slot move=34 guest slot move=247",
    "wave 27 turn 1: progress enemyHp=[732:0/58,167:0/50] playerHp=[493:1743/1865,384:1713/1715]",
    "wave 27: reward shop owner=guest leave",
    "wave 28 turn 1: replay guest crossed cmd:28:1 through real public COMMAND=opened",
    "wave 28: host slot move=34 guest slot move=53",
    "wave 28 turn 1: progress enemyHp=[522:0/58,509:0/52] playerHp=[493:1859/1865,384:1713/1715]",
    "wave 28: reward shop owner=host leave",
    "wave 29 turn 1: replay guest crossed cmd:29:1 through real public COMMAND=opened",
    "wave 29: host slot move=85 guest slot move=53",
    "wave 29 turn 1: progress enemyHp=[190:0/58,667:0/61] playerHp=[493:1865/1865,384:1713/1715]",
    "wave 29: reward shop owner=guest take-nonparty",
    "wave 30 turn 1: replay guest crossed cmd:30:1 through real public COMMAND=opened",
    "wave 30: host slot move=53 guest slot move=34",
    "wave 30 turn 1: progress enemyHp=[190:0/70,285:0/65] playerHp=[493:1865/1865,384:1713/1715]",
    "wave 30: biome market owner=host leave",
    "wave 30: drained 1 milestone reward continuation(s)",
    "wave 30: guest chose Crossroads Leave through public UI",
    "wave 30: guest drove World Map via public UI=true and both consumed 1826967518804702:1:BIOME_PICK:9700035",
    "wave 31 turn 1: replay guest crossed cmd:31:1 through real public COMMAND=opened",
    "wave 31: BIOME 27->29",
    "wave 31: host slot move=53 guest slot move=247",
    "wave 31 turn 1: progress enemyHp=[679:0/51,433:0/54] playerHp=[493:1865/1865,384:1715/1715]",
    "wave 31: reward shop owner=host leave",
    "wave 31: drained 1 milestone reward continuation(s)",
    "wave 32 turn 1: replay guest crossed cmd:32:1 through real public COMMAND=opened",
    "wave 32: host slot move=247 guest slot move=247",
    "wave 32 turn 1: progress enemyHp=[92:0/48,355:0/42] playerHp=[493:1399/1865,384:1715/1715]",
    "wave 32: reward shop owner=guest leave",
    "wave 33 turn 1: replay guest crossed cmd:33:1 through real public COMMAND=opened",
    "wave 33: host slot move=247 guest slot move=85",
    "wave 33 turn 1: progress enemyHp=[10440:0/67,433:0/54] playerHp=[493:933/1865,384:1715/1715]",
    "wave 33: reward shop owner=host leave",
    "wave 33: drained 1 milestone reward continuation(s)",
    "wave 34 turn 1: replay guest crossed cmd:34:1 through real public COMMAND=opened",
    "wave 34 turn 1: host SWITCH -> party[2]",
    "wave 34: host slot move=85 guest slot move=34",
    "wave 34 turn 1: progress enemyHp=[355:45/45,177:0/52] playerHp=[890:2062/2065,384:1715/1715]",
    "wave 34 turn 2: replay guest crossed cmd:34:2 through real public COMMAND=opened",
    "wave 34: reward shop owner=guest take-nonparty",
    "wave 35 turn 1: replay guest crossed cmd:35:1 through real public COMMAND=opened",
    "wave 35: TRAINER (fixed)",
    "wave 35: host slot move=34 guest slot move=53",
    "wave 35 turn 1: progress enemyHp=[28:0/87,75:1/67] playerHp=[890:2037/2065,384:1712/1715]",
    "wave 35 turn 2: replay guest crossed cmd:35:2 through real public COMMAND=opened",
    "wave 35: reward shop owner=host leave",
    "wave 35: guest chose Crossroads Leave through public UI",
    "wave 35: guest drove World Map via public UI=true and both consumed 1826967518804702:1:BIOME_PICK:9700041",
    "wave 36 turn 1: replay guest crossed cmd:36:1 through real public COMMAND=opened",
    "wave 36: BIOME 29->14",
    "wave 36 turn 1: host SWITCH -> party[2]",
    "wave 36: host slot move=34 guest slot move=85",
    "wave 36 turn 1: guest SWITCH -> party[3]",
    "wave 36 turn 1: progress enemyHp=[449:66/66,946:61/65] playerHp=[493:1748/1865,150:1615/1725]",
    "wave 36 turn 2: replay guest crossed cmd:36:2 through real public COMMAND=opened",
    "wave 36 turn 2: guest SWITCH -> party[3]",
    "wave 36 turn 3: replay guest crossed cmd:36:3 through real public COMMAND=opened",
    "wave 36 turn 3: guest SWITCH -> party[3]",
    "wave 36: reward shop owner=host leave",
    "wave 36: drained 1 milestone reward continuation(s)",
    "wave 37 turn 1: replay guest crossed cmd:37:1 through real public COMMAND=opened",
    "wave 37: host slot move=53 guest slot move=34",
    "wave 37 turn 1: progress enemyHp=[449:0/71,552:0/67] playerHp=[493:1400/1865,150:1511/1725]",
    "wave 37: reward shop owner=guest leave",
    "wave 37: drained 1 milestone reward continuation(s)",
    "wave 38 turn 1: replay guest crossed cmd:38:1 through real public COMMAND=opened",
    "wave 38: host slot move=34 guest slot move=53",
    "wave 38 turn 1: progress enemyHp=[843:0/68,423:0/101] playerHp=[493:1284/1865,150:1404/1725]",
    "wave 38: reward shop owner=host leave",
    "wave 39 turn 1: replay guest crossed cmd:39:1 through real public COMMAND=opened",
    "wave 39: host slot move=53 guest slot move=247",
    "wave 39 turn 1: progress enemyHp=[28:0/93,552:0/70] playerHp=[493:1168/1865,150:1297/1725]",
    "wave 39: reward shop owner=guest leave",
    "wave 39: drained 1 milestone reward continuation(s)",
    "wave 40 turn 1: replay guest crossed cmd:40:1 through real public COMMAND=opened",
    "wave 40 turn 1: host SWITCH -> party[2]",
    "wave 40: host slot move=247 guest slot move=247",
    "wave 40 turn 1: guest SWITCH -> party[3]",
    "wave 40 turn 1: progress enemyHp=[451:77/77,563:88/88] playerHp=[890:1931/2065,384:1605/1715]",
    "wave 40 turn 2: replay guest crossed cmd:40:2 through real public COMMAND=opened",
    "wave 40: biome market owner=host leave",
    "wave 40: drained 1 milestone reward continuation(s)",
    "wave 40: guest chose Crossroads Leave through public UI",
    "wave 40: guest drove World Map via public UI=true and both consumed 1826967518804702:1:BIOME_PICK:9700047",
    "wave 41 turn 1: replay guest crossed cmd:41:1 through real public COMMAND=opened",
    "wave 41: BIOME 14->22",
    "wave 41: host slot move=247 guest slot move=85",
    "wave 41 turn 1: progress enemyHp=[343:0/67,958:0/75] playerHp=[890:2043/2065,384:1715/1715]",
    "wave 41: reward shop owner=host leave",
    "wave 41: drained 1 milestone reward continuation(s)",
    "wave 42 turn 1: replay guest crossed cmd:42:1 through real public COMMAND=opened",
    "wave 42: host slot move=53 guest slot move=34",
    "wave 42 turn 1: progress enemyHp=[325:0/77,958:0/83] playerHp=[890:2040/2065,384:1715/1715]",
    "wave 42: reward shop owner=guest leave",
    "wave 42: drained 1 milestone reward continuation(s)",
    "wave 43 turn 1: replay guest crossed cmd:43:1 through real public COMMAND=opened",
    "wave 43: host slot move=85 guest slot move=247",
    "wave 43 turn 1: progress enemyHp=[177:0/71,64:0/66] playerHp=[890:2042/2065,384:1715/1715]",
    "wave 43: reward shop owner=host leave",
    "wave 44 turn 1: replay guest crossed cmd:44:1 through real public COMMAND=opened",
    "wave 44: host slot move=34 guest slot move=53",
    "wave 44 turn 1: guest SWITCH -> party[3]",
    "wave 44 turn 1: progress enemyHp=[343:0/72,201:76/76] playerHp=[890:2042/2065,150:1725/1725]",
    "wave 44 turn 2: replay guest crossed cmd:44:2 through real public COMMAND=opened",
    "wave 44: reward shop owner=guest take-nonparty",
    "wave 45 turn 1: replay guest crossed cmd:45:1 through real public COMMAND=opened",
    "wave 45: host slot move=247 guest slot move=85",
    "wave 45 turn 1: progress enemyHp=[96:0/85,97:0/106] playerHp=[890:2037/2065,150:1725/1725]",
    "wave 45: reward shop owner=host leave",
    "wave 45: guest chose Crossroads Leave through public UI",
    "wave 45: guest drove World Map via public UI=true and both consumed 1826967518804702:1:BIOME_PICK:9700053",
    "wave 46 turn 1: replay guest crossed cmd:46:1 through real public COMMAND=opened",
    "wave 46: BIOME 22->11",
    "wave 46: host slot move=53 guest slot move=34",
    "wave 46 turn 1: progress enemyHp=[227:0/97,955:0/67] playerHp=[890:2033/2065,150:1725/1725]",
    "wave 46: reward shop owner=host take-nonparty",
    "wave 47 turn 1: replay guest crossed cmd:47:1 through real public COMMAND=opened",
    "wave 47: host slot move=85 guest slot move=247",
    "wave 47 turn 1: progress enemyHp=[672:0/94,67:0/100] playerHp=[890:2034/2065,150:1725/1725]",
    "wave 47: reward shop owner=guest take-nonparty",
    "wave 48 turn 1: replay guest crossed cmd:48:1 through real public COMMAND=opened",
    "wave 48 turn 1: host SWITCH -> party[2]",
    "wave 48: host slot move=34 guest slot move=85",
    "wave 48 turn 1: progress enemyHp=[672:86/86,521:119/119] playerHp=[493:1861/1865,150:1725/1725]",
    "wave 48 turn 2: replay guest crossed cmd:48:2 through real public COMMAND=opened",
    "wave 48: reward shop owner=host leave",
    "wave 49 turn 1: replay guest crossed cmd:49:1 through real public COMMAND=opened",
    "wave 49: host slot move=247 guest slot move=53",
    "wave 49 turn 1: progress enemyHp=[662:0/91,397:0/87] playerHp=[493:1861/1865,150:1723/1725]",
    "wave 49: reward shop owner=guest take-nonparty",
    "wave 50 turn 1: replay guest crossed cmd:50:1 through real public COMMAND=opened",
    "wave 50: TRAINER (random)",
    "wave 50: host slot move=53 guest slot move=34",
    "wave 50 turn 1: progress enemyHp=[430:0/122,178:0/121] playerHp=[493:1855/1865,150:1723/1725]",
    "wave 50 turn 2: replay guest crossed cmd:50:2 through real public COMMAND=opened",
    "wave 50 turn 2: guest SWITCH -> party[3]",
    "wave 50: biome market owner=host leave",
    "wave 50: drained 1 milestone reward continuation(s)",
    "wave 50: guest chose Crossroads Leave through public UI",
    "wave 50: guest drove World Map via public UI=true and both consumed 1826967518804702:1:BIOME_PICK:9700059",
    "wave 51 turn 1: replay guest crossed cmd:51:1 through real public COMMAND=opened",
    "wave 51: BIOME 11->18",
    "wave 51: host slot move=85 guest slot move=247",
    "wave 51 turn 1: progress enemyHp=[37:0/78,2051:0/76] playerHp=[493:1865/1865,384:1715/1715]",
    "wave 51: reward shop owner=host leave",
    "wave 52 turn 1: replay guest crossed cmd:52:1 through real public COMMAND=opened",
    "wave 52 turn 1: host SWITCH -> party[2]",
    "wave 52: host slot move=53 guest slot move=53",
    "wave 52 turn 1: progress enemyHp=[333:82/82,307:0/73] playerHp=[890:2065/2065,384:1715/1715]",
    "wave 52 turn 2: replay guest crossed cmd:52:2 through real public COMMAND=opened",
    "wave 52: reward shop owner=guest take-nonparty",
    "wave 53 turn 1: replay guest crossed cmd:53:1 through real public COMMAND=opened",
    "wave 53 turn 1: host SWITCH -> party[2]",
    "wave 53: host slot move=247 guest slot move=247",
    "wave 53 turn 1: progress enemyHp=[814:93/93,514:0/102] playerHp=[493:1865/1865,384:1709/1715]",
    "wave 53 turn 2: replay guest crossed cmd:53:2 through real public COMMAND=opened",
    "wave 53: reward shop owner=host leave",
    "wave 53: drained 1 milestone reward continuation(s)",
    "wave 54 turn 1: replay guest crossed cmd:54:1 through real public COMMAND=opened",
    "wave 54: host slot move=85 guest slot move=34",
    "wave 54 turn 1: progress enemyHp=[219:0/97,839:0/136] playerHp=[493:1865/1865,384:1709/1715]",
    "wave 54: reward shop owner=guest leave",
    "wave 54: drained 1 milestone reward continuation(s)",
    "wave 55 turn 1: replay guest crossed cmd:55:1 through real public COMMAND=opened",
    "wave 55: TRAINER (fixed)",
    "wave 55: host slot move=34 guest slot move=34",
    "wave 55 turn 1: progress enemyHp=[389:0/141,18:0/122] playerHp=[493:1632/1865,384:1709/1715]",
    "wave 55 turn 2: replay guest crossed cmd:55:2 through real public COMMAND=opened",
    "wave 55 turn 2: guest SWITCH -> party[3]",
    "wave 55 turn 3: replay guest crossed cmd:55:3 through real public COMMAND=opened",
    "wave 55: reward shop owner=host take-nonparty",
    "wave 55: guest chose Crossroads Leave through public UI",
    "wave 55: guest drove World Map via public UI=true and both consumed 1826967518804702:1:BIOME_PICK:9700065",
    "wave 56 turn 1: replay guest crossed cmd:56:1 through real public COMMAND=opened",
    "wave 56: BIOME 18->8",
    "wave 56: host slot move=34 guest slot move=53",
    "wave 56 turn 1: progress enemyHp=[747:97/97,120:0/82] playerHp=[493:1516/1865,150:1721/1725]",
    "wave 56 turn 2: replay guest crossed cmd:56:2 through real public COMMAND=opened",
    "wave 56 turn 2: guest SWITCH -> party[3]",
    "wave 56: reward shop owner=host take-nonparty",
    "wave 57 turn 1: replay guest crossed cmd:57:1 through real public COMMAND=opened",
    "wave 57 turn 1: host SWITCH -> party[2]",
    "wave 57: host slot move=247 guest slot move=85",
    "wave 57 turn 1: progress enemyHp=[692:113/113,99:0/120] playerHp=[890:2065/2065,384:1715/1715]",
    "wave 57 turn 2: replay guest crossed cmd:57:2 through real public COMMAND=opened",
    "wave 57 turn 2: guest SWITCH -> party[3]",
    "wave 57: reward shop owner=guest take-nonparty",
    "wave 58 turn 1: replay guest crossed cmd:58:1 through real public COMMAND=opened",
    "wave 58: host slot move=247 guest slot move=34",
    "wave 58 turn 1: progress enemyHp=[770:0/127,557:0/100] playerHp=[890:2024/2065,150:1725/1725]",
    "wave 58: reward shop owner=host take-nonparty",
    "wave 59 turn 1: replay guest crossed cmd:59:1 through real public COMMAND=opened",
    "wave 59: host slot move=85 guest slot move=247",
    "wave 59 turn 1: progress enemyHp=[99:0/129,414:0/111] playerHp=[890:2023/2065,150:1725/1725]",
    "wave 59: reward shop owner=guest take-nonparty",
    "wave 60 turn 1: replay guest crossed cmd:60:1 through real public COMMAND=opened",
    "wave 60: host slot move=34 guest slot move=247",
    "wave 60 turn 1: progress enemyHp=[558:0/126,770:0/160] playerHp=[890:2024/2065,150:1725/1725]",
    "wave 60: biome market owner=host leave",
    "wave 60: drained 1 milestone reward continuation(s)",
    "wave 60: guest chose Crossroads Leave through public UI",
    "wave 60: guest drove World Map via public UI=true and both consumed 1826967518804702:1:BIOME_PICK:9700071",
    "wave 61 turn 1: replay guest crossed cmd:61:1 through real public COMMAND=opened",
    "wave 61: BIOME 8->6",
    "wave 61: host slot move=247 guest slot move=85",
    "wave 61 turn 1: progress enemyHp=[687:0/143,319:0/121] playerHp=[890:2018/2065,150:1725/1725]",
    "wave 61: reward shop owner=host take-nonparty",
    "wave 62 turn 1: replay guest crossed cmd:62:1 through real public COMMAND=opened",
    "wave 62: TRAINER (fixed)",
    "wave 62: host slot move=53 guest slot move=34",
    "wave 62 turn 1: progress enemyHp=[28:0/148,75:1/113] playerHp=[890:2017/2065,150:1725/1725]",
    "wave 62 turn 2: replay guest crossed cmd:62:2 through real public COMMAND=opened",
    "wave 62 turn 2: host SWITCH -> party[2]",
    "wave 62 turn 3: replay guest crossed cmd:62:3 through real public COMMAND=opened",
    "wave 62: reward shop owner=guest leave",
    "wave 63 turn 1: replay guest crossed cmd:63:1 through real public COMMAND=opened",
    "wave 63 turn 1: host SWITCH -> party[2]",
    "wave 63: host slot move=85 guest slot move=247",
    "wave 63 turn 1: guest SWITCH -> party[3]",
    "wave 63 turn 1: progress enemyHp=[73:123/123,129:81/81] playerHp=[890:2065/2065,384:1712/1715]",
    "wave 63 turn 2: replay guest crossed cmd:63:2 through real public COMMAND=opened",
    "wave 63 turn 2: host SWITCH -> party[2]",
    "wave 63 turn 3: replay guest crossed cmd:63:3 through real public COMMAND=opened",
    "wave 63: reward shop owner=host leave",
    "wave 64 turn 1: replay guest crossed cmd:64:1 through real public COMMAND=opened",
    "wave 64: TRAINER (fixed)",
    "wave 64: host slot move=34 guest slot move=247",
    "wave 64 turn 1: progress enemyHp=[463:0/203,2105:0/136] playerHp=[493:1865/1865,384:1704/1715]",
    "wave 64 turn 2: replay guest crossed cmd:64:2 through real public COMMAND=opened",
    "wave 64: reward shop owner=guest leave",
    "wave 65 turn 1: replay guest crossed cmd:65:1 through real public COMMAND=opened",
    "wave 65 turn 1: host SWITCH -> party[2]",
    "wave 65: host slot move=247 guest slot move=85",
    "wave 65 turn 1: progress enemyHp=[457:125/125,321:0/212] playerHp=[890:2065/2065,384:1702/1715]",
    "wave 65 turn 2: replay guest crossed cmd:65:2 through real public COMMAND=opened",
    "wave 65: reward shop owner=host leave",
    "wave 66 turn 1: replay guest crossed cmd:66:1 through real public COMMAND=opened",
    "wave 66: TRAINER (fixed)",
    "wave 66: host slot move=53 guest slot move=34",
    "wave 66 turn 1: progress enemyHp=[103:0/160,130:0/160] playerHp=[890:2013/2065,384:1700/1715]",
    "wave 66 turn 2: replay guest crossed cmd:66:2 through real public COMMAND=opened",
    "wave 66 turn 3: replay guest crossed cmd:66:3 through real public COMMAND=opened",
    "wave 66 turn 4: replay guest crossed cmd:66:4 through real public COMMAND=opened",
    "wave 66 turn 4: host SWITCH -> party[2]",
    "wave 66: reward shop owner=guest leave",
    "wave 67 turn 1: replay guest crossed cmd:67:1 through real public COMMAND=opened",
    "wave 67: host slot move=85 guest slot move=247",
    "wave 67 turn 1: progress enemyHp=[321:0/226,457:0/139] playerHp=[493:1865/1865,384:1700/1715]",
    "wave 67: reward shop owner=host take-nonparty",
    "wave 68 turn 1: replay guest crossed cmd:68:1 through real public COMMAND=opened",
    "wave 68 turn 1: host SWITCH -> party[2]",
    "wave 68: host slot move=34 guest slot move=53",
    "wave 68 turn 1: progress enemyHp=[117:124/124,321:0/203] playerHp=[890:2065/2065,384:1700/1715]",
    "wave 68 turn 2: replay guest crossed cmd:68:2 through real public COMMAND=opened",
    "wave 68: reward shop owner=guest leave",
    "wave 69 turn 1: replay guest crossed cmd:69:1 through real public COMMAND=opened",
    "wave 69: host slot move=247 guest slot move=85",
    "wave 69 turn 1: progress enemyHp=[131:0/201,687:0/146] playerHp=[890:1999/2065,384:1700/1715]",
    "wave 69: reward shop owner=host leave",
    "wave 70 turn 1: replay guest crossed cmd:70:1 through real public COMMAND=opened",
    "wave 70: host slot move=53 guest slot move=34",
    "wave 70 turn 1: progress enemyHp=[419:0/166,516:0/213] playerHp=[890:2013/2065,384:1674/1715]",
    "wave 70: biome market owner=guest leave",
    "wave 70: drained 1 milestone reward continuation(s)",
    "wave 70: host chose Crossroads Leave through public UI",
    "wave 70: host drove World Map via public UI=true and both consumed 1826967518804702:0:BIOME_PICK:9700082",
    "wave 71 turn 1: replay guest crossed cmd:71:1 through real public COMMAND=opened",
    "wave 71: BIOME 6->10",
    "wave 71 turn 1: host SWITCH -> party[2]",
    "wave 71: host slot move=85 guest slot move=247",
    "wave 71 turn 1: progress enemyHp=[367:132/132,226:0/154] playerHp=[493:1865/1865,384:1710/1715]",
    "wave 71 turn 2: replay guest crossed cmd:71:2 through real public COMMAND=opened",
    "wave 71 turn 2: host SWITCH -> party[2]",
    "wave 71 turn 3: replay guest crossed cmd:71:3 through real public COMMAND=opened",
    "wave 71 turn 3: host SWITCH -> party[2]",
    "wave 71 turn 4: replay guest crossed cmd:71:4 through real public COMMAND=opened",
    "wave 71 turn 4: host SWITCH -> party[2]",
    "wave 71: reward shop owner=guest leave",
    "wave 71: drained 1 milestone reward continuation(s)",
    "wave 72 turn 1: replay guest crossed cmd:72:1 through real public COMMAND=opened",
    "wave 72: host slot move=34 guest slot move=53",
    "wave 72 turn 1: progress enemyHp=[904:0/148,224:127/150] playerHp=[890:2013/2065,384:1697/1715]",
    "wave 72 turn 2: replay guest crossed cmd:72:2 through real public COMMAND=opened",
    "wave 72: reward shop owner=host leave",
    "wave 72: drained 1 milestone reward continuation(s)",
    "wave 73 turn 1: replay guest crossed cmd:73:1 through real public COMMAND=opened",
    "wave 73: host slot move=247 guest slot move=85",
    "wave 73 turn 1: progress enemyHp=[226:0/151,224:0/147] playerHp=[890:2016/2065,384:1697/1715]",
    "wave 73: reward shop owner=guest leave",
    "wave 73: drained 1 milestone reward continuation(s)",
    "wave 74 turn 1: replay guest crossed cmd:74:1 through real public COMMAND=opened",
    "wave 74: host slot move=85 guest slot move=34",
    "wave 74 turn 1: progress enemyHp=[593:0/188,321:0/249] playerHp=[890:2003/2065,384:1697/1715]",
    "wave 74: reward shop owner=host take-nonparty",
    "wave 75 turn 1: replay guest crossed cmd:75:1 through real public COMMAND=opened",
    "wave 75 turn 1: host SWITCH -> party[2]",
    "wave 75: host slot move=85 guest slot move=247",
    "wave 75 turn 1: progress enemyHp=[226:169/169,368:0/143] playerHp=[493:1630/1865,384:1691/1715]",
    "wave 75 turn 2: replay guest crossed cmd:75:2 through real public COMMAND=opened",
    "wave 75: reward shop owner=guest leave",
    "wave 75: drained 1 milestone reward continuation(s)",
    "wave 75: host chose Crossroads Leave through public UI",
    "wave 75: host drove World Map via public UI=true and both consumed 1826967518804702:0:BIOME_PICK:9700088",
    "wave 76 turn 1: replay guest crossed cmd:76:1 through real public COMMAND=opened",
    "wave 76: BIOME 10->13",
    "wave 76: host slot move=34 guest slot move=53",
    "wave 76 turn 1: progress enemyHp=[528:0/139,598:0/152] playerHp=[493:1164/1865,384:1691/1715]",
    "wave 76: reward shop owner=guest leave",
    "wave 76: drained 1 milestone reward continuation(s)",
    "wave 77 turn 1: replay guest crossed cmd:77:1 through real public COMMAND=opened",
    "wave 77 turn 1: host SWITCH -> party[2]",
    "wave 77: host slot move=247 guest slot move=53",
    "wave 77 turn 1: progress enemyHp=[42:164/164,47:0/170] playerHp=[890:2065/2065,384:1691/1715]",
    "wave 77 turn 2: replay guest crossed cmd:77:2 through real public COMMAND=opened",
    "wave 77: reward shop owner=host leave",
    "wave 78 turn 1: replay guest crossed cmd:78:1 through real public COMMAND=opened",
    "wave 78: host slot move=34 guest slot move=34",
    "wave 78 turn 1: progress enemyHp=[660:0/169,660:0/172] playerHp=[890:2010/2065,384:1691/1715]",
    "wave 78: reward shop owner=guest take-nonparty",
    "wave 79 turn 1: replay guest crossed cmd:79:1 through real public COMMAND=opened",
    "wave 79: host slot move=85 guest slot move=247",
    "wave 79 turn 1: progress enemyHp=[42:0/158,526:1/172] playerHp=[890:1884/2065,384:1584/1715]",
    "wave 79 turn 2: replay guest crossed cmd:79:2 through real public COMMAND=opened",
    "wave 79: reward shop owner=host take-nonparty",
    "wave 80 turn 1: replay guest crossed cmd:80:1 through real public COMMAND=opened",
    "wave 80: TRAINER (random)",
    "wave 80: host slot move=34 guest slot move=53",
    "wave 80 turn 1: progress enemyHp=[142:0/194,141:0/160] playerHp=[890:1948/2065,384:1477/1715]",
    "wave 80 turn 2: replay guest crossed cmd:80:2 through real public COMMAND=opened",
    "wave 80 turn 2: guest SWITCH -> party[3]",
    "wave 80 turn 3: replay guest crossed cmd:80:3 through real public COMMAND=opened",
    "wave 80 turn 4: replay guest crossed cmd:80:4 through real public COMMAND=opened",
    "wave 80: biome market owner=guest leave",
    "wave 80: drained 1 milestone reward continuation(s)",
    "wave 80: host chose Crossroads Leave through public UI",
    "wave 80: host drove World Map via public UI=true and both consumed 1826967518804702:0:BIOME_PICK:9700094",
    "wave 81 turn 1: replay guest crossed cmd:81:1 through real public COMMAND=opened",
    "wave 81: BIOME 13->12",
    "wave 81: host slot move=247 guest slot move=247",
    "wave 81 turn 1: progress enemyHp=[750:0/195,232:0/171] playerHp=[890:1872/2065,150:1618/1725]",
    "wave 81: reward shop owner=guest take-nonparty",
    "wave 82 turn 1: replay guest crossed cmd:82:1 through real public COMMAND=opened",
    "wave 82: host slot move=53 guest slot move=53",
    "wave 82 turn 1: progress enemyHp=[1013:0/173,208:0/175] playerHp=[890:1815/2065,150:1511/1725]",
    "wave 82: reward shop owner=host leave",
    "wave 82: drained 1 milestone reward continuation(s)",
    "wave 83 turn 1: replay guest crossed cmd:83:1 through real public COMMAND=opened",
    "wave 83: TRAINER (random)",
    "wave 83 turn 1: host SWITCH -> party[2]",
    "wave 83: host slot move=53 guest slot move=53",
    "wave 83 turn 1: progress enemyHp=[10072:212/212,10658:32/248] playerHp=[493:1740/1865,150:1363/1725]",
    "wave 83 turn 2: replay guest crossed cmd:83:2 through real public COMMAND=opened",
    "wave 83: reward shop owner=guest take-nonparty",
    "wave 84 turn 1: replay guest crossed cmd:84:1 through real public COMMAND=opened",
    "wave 84: host slot move=247 guest slot move=53",
    "wave 84 turn 1: progress enemyHp=[472:0/167,879:0/227] playerHp=[493:1508/1865,150:1149/1725]",
    "wave 84: reward shop owner=host leave",
    "wave 84: drained 1 milestone reward continuation(s)",
    "wave 85 turn 1: replay guest crossed cmd:85:1 through real public COMMAND=opened",
    "wave 85: host slot move=53 guest slot move=53",
    "wave 85 turn 1: guest SWITCH -> party[3]",
    "wave 85 turn 1: progress enemyHp=[232:0/181,75:159/159] playerHp=[493:1387/1865,384:1608/1715]",
    "wave 85 turn 2: replay guest crossed cmd:85:2 through real public COMMAND=opened",
    "wave 85: reward shop owner=guest leave",
    "wave 85: host chose Crossroads Leave through public UI",
    "wave 85: host drove World Map via public UI=true and both consumed 1826967518804702:0:BIOME_PICK:9700100",
    "wave 86 turn 1: replay guest crossed cmd:86:1 through real public COMMAND=opened",
    "wave 86: BIOME 12->14",
    "wave 86: host slot move=53 guest slot move=34",
    "wave 86 turn 1: guest SWITCH -> party[3]",
    "wave 86 turn 1: progress enemyHp=[556:0/167,85:209/209] playerHp=[493:1155/1865,150:1598/1725]",
    "wave 86 turn 2: replay guest crossed cmd:86:2 through real public COMMAND=opened",
    "wave 86 turn 2: host SWITCH -> party[2]",
    "wave 86: reward shop owner=guest leave",
    "wave 87 turn 1: replay guest crossed cmd:87:1 through real public COMMAND=opened",
    "wave 87: TRAINER (random)",
    "wave 87: host slot move=53 guest slot move=247",
    "wave 87 turn 1: progress enemyHp=[10658:0/252,178:0/210] playerHp=[890:1853/2065,150:1384/1725]",
    "wave 87: reward shop owner=host leave",
    "wave 88 turn 1: replay guest crossed cmd:88:1 through real public COMMAND=opened",
    "wave 88: host slot move=34 guest slot move=247",
    "wave 88 turn 1: progress enemyHp=[377:0/181,330:0/197] playerHp=[890:1794/2065,150:1277/1725]",
    "wave 88: reward shop owner=guest leave",
    "wave 88: drained 1 milestone reward continuation(s)",
    "wave 89 turn 1: replay guest crossed cmd:89:1 through real public COMMAND=opened",
    "wave 89: host slot move=34 guest slot move=85",
    "wave 89 turn 1: progress enemyHp=[450:0/239,968:0/191] playerHp=[890:1716/2065,150:1170/1725]",
    "wave 89: reward shop owner=host leave",
    "wave 90 turn 1: replay guest crossed cmd:90:1 through real public COMMAND=opened",
    "wave 90: host slot move=34 guest slot move=34",
    "wave 90 turn 1: progress enemyHp=[695:0/183,28:0/215] playerHp=[890:1785/2065,150:1170/1725]",
    "wave 90: biome market owner=guest leave",
    "wave 90: drained 1 milestone reward continuation(s)",
    "wave 90: host chose Crossroads Leave through public UI",
    "wave 90: host drove World Map via public UI=true and both consumed 1826967518804702:0:BIOME_PICK:9700106",
    "wave 91 turn 1: replay guest crossed cmd:91:1 through real public COMMAND=opened",
    "wave 91: BIOME 14->22",
    "wave 91: host slot move=85 guest slot move=247",
    "wave 91 turn 1: guest SWITCH -> party[3]",
    "wave 91 turn 1: progress enemyHp=[201:0/165,201:150/150] playerHp=[890:2011/2065,384:1711/1715]",
    "wave 91 turn 2: replay guest crossed cmd:91:2 through real public COMMAND=opened",
    "wave 91 turn 2: host SWITCH -> party[2]",
    "wave 91: reward shop owner=guest take-nonparty",
    "wave 92 turn 1: replay guest crossed cmd:92:1 through real public COMMAND=opened",
    "wave 92: host slot move=53 guest slot move=53",
    "wave 92 turn 1: progress enemyHp=[344:0/186,325:0/173] playerHp=[493:1865/1865,384:1711/1715]",
    "wave 92: reward shop owner=host leave",
    "wave 93 turn 1: replay guest crossed cmd:93:1 through real public COMMAND=opened",
    "wave 93: host slot move=247 guest slot move=85",
    "wave 93 turn 1: progress enemyHp=[959:0/211,178:0/213] playerHp=[493:1865/1865,384:1711/1715]",
    "wave 93: reward shop owner=guest leave",
    "wave 94 turn 1: replay guest crossed cmd:94:1 through real public COMMAND=opened",
    "wave 94: host slot move=53 guest slot move=34",
    "wave 94 turn 1: progress enemyHp=[959:0/214,344:0/196] playerHp=[493:1865/1865,384:1711/1715]",
    "wave 94: reward shop owner=host leave",
    "wave 95 turn 1: replay guest crossed cmd:95:1 through real public COMMAND=opened",
    "wave 95: TRAINER (fixed)",
    "wave 95: host slot move=247 guest slot move=85",
    "wave 95 turn 1: progress enemyHp=[389:0/253,18:0/226] playerHp=[493:1865/1865,384:1711/1715]",
    "wave 95 turn 2: replay guest crossed cmd:95:2 through real public COMMAND=opened",
    "wave 95 turn 3: replay guest crossed cmd:95:3 through real public COMMAND=opened",
    "wave 95: reward shop owner=guest leave",
    "wave 95: host chose Crossroads Leave through public UI",
    "wave 95: host drove World Map via public UI=true and both consumed 1826967518804702:0:BIOME_PICK:9700112",
    "wave 96 turn 1: replay guest crossed cmd:96:1 through real public COMMAND=opened",
    "wave 96: BIOME 22->11",
    "wave 96 turn 1: host SWITCH -> party[2]",
    "wave 96: host slot move=34 guest slot move=53",
    "wave 96 turn 1: guest SWITCH -> party[3]",
    "wave 96 turn 1: progress enemyHp=[334:212/212,398:214/214] playerHp=[890:2065/2065,150:1708/1725]",
    "wave 96 turn 2: replay guest crossed cmd:96:2 through real public COMMAND=opened",
    "wave 96: reward shop owner=guest take-nonparty",
    "wave 97 turn 1: replay guest crossed cmd:97:1 through real public COMMAND=opened",
    "wave 97: host slot move=247 guest slot move=34",
    "wave 97 turn 1: progress enemyHp=[178:0/219,521:0/248] playerHp=[890:1993/2065,150:1708/1725]",
    "wave 97: reward shop owner=host take-nonparty",
    "wave 98 turn 1: replay guest crossed cmd:98:1 through real public COMMAND=opened",
    "wave 98: host slot move=53 guest slot move=85",
    "wave 98 turn 1: guest SWITCH -> party[3]",
    "wave 98 turn 1: progress enemyHp=[334:0/198,521:241/241] playerHp=[890:2000/2065,384:1715/1715]",
    "wave 98 turn 2: replay guest crossed cmd:98:2 through real public COMMAND=opened",
    "wave 98 turn 2: host SWITCH -> party[2]",
    "wave 98: reward shop owner=guest take-nonparty",
    "wave 99 turn 1: replay guest crossed cmd:99:1 through real public COMMAND=opened",
    "wave 99: host slot move=85 guest slot move=247",
    "wave 99 turn 1: progress enemyHp=[673:0/296,178:0/222] playerHp=[493:1865/1865,384:1715/1715]",
    "wave 99: reward shop owner=host leave",
    "wave 100 turn 1: replay guest crossed cmd:100:1 through real public COMMAND=opened",
    "wave 100: host slot move=34 guest slot move=53",
    "wave 100 turn 1: progress enemyHp=[663:0/245,934:0/297] playerHp=[493:1865/1865,384:1689/1715]",
    "wave 100: biome market owner=guest leave",
    "wave 100: drained 1 milestone reward continuation(s)",
    "wave 100: host chose Crossroads Leave through public UI",
    "wave 100: host drove World Map via public UI=true and both consumed 1826967518804702:0:BIOME_PICK:9700118",
    "wave 101 turn 1: replay guest crossed cmd:101:1 through real public COMMAND=opened",
    "wave 101: BIOME 11->18",
    "wave 101: host slot move=85 guest slot move=85",
    "wave 101 turn 1: progress enemyHp=[38:0/206,839:0/273] playerHp=[493:1865/1865,384:1715/1715]",
    "wave 101: reward shop owner=guest leave",
    "wave 101: drained 1 milestone reward continuation(s)",
    "wave 102 turn 1: replay guest crossed cmd:102:1 through real public COMMAND=opened",
    "wave 102: host slot move=85 guest slot move=34",
    "wave 102 turn 1: progress enemyHp=[146:0/230,776:0/200] playerHp=[493:1865/1865,384:1501/1715]",
    "wave 102: reward shop owner=host leave",
    "wave 102: drained 1 milestone reward continuation(s)",
    "wave 103 turn 1: replay guest crossed cmd:103:1 through real public COMMAND=opened",
    "wave 103: host slot move=85 guest slot move=85",
    "wave 103 turn 1: guest SWITCH -> party[3]",
    "wave 103 turn 1: progress enemyHp=[1004:0/185,38:231/231] playerHp=[493:1865/1865,150:1599/1725]",
    "wave 103 turn 2: replay guest crossed cmd:103:2 through real public COMMAND=opened",
    "wave 103 turn 2: guest SWITCH -> party[3]",
    "wave 103: reward shop owner=guest leave",
    "wave 103: drained 1 milestone reward continuation(s)",
    "wave 104 turn 1: replay guest crossed cmd:104:1 through real public COMMAND=opened",
    "wave 104: host slot move=34 guest slot move=53",
    "wave 104 turn 1: progress enemyHp=[323:0/243,500:0/259] playerHp=[493:1865/1865,384:1715/1715]",
    "wave 104: reward shop owner=host leave",
    "wave 105 turn 1: replay guest crossed cmd:105:1 through real public COMMAND=opened",
    "wave 105 turn 1: host SWITCH -> party[2]",
    "wave 105: host slot move=247 guest slot move=85",
    "wave 105 turn 1: progress enemyHp=[500:287/287,631:0/247] playerHp=[890:2065/2065,384:1708/1715]",
    "wave 105 turn 2: replay guest crossed cmd:105:2 through real public COMMAND=opened",
    "wave 105: reward shop owner=guest leave",
    "wave 105: host chose Crossroads Leave through public UI",
    "wave 105: host drove World Map via public UI=true and both consumed 1826967518804702:0:BIOME_PICK:9700124",
    "wave 106 turn 1: replay guest crossed cmd:106:1 through real public COMMAND=opened",
    "wave 106: BIOME 18->8",
    "wave 106: host slot move=53 guest slot move=34",
    "wave 106 turn 1: guest SWITCH -> party[3]",
    "wave 106 turn 1: progress enemyHp=[341:0/168,960:135/135] playerHp=[890:2010/2065,150:1717/1725]",
    "wave 106 turn 2: replay guest crossed cmd:106:2 through real public COMMAND=opened",
    "wave 106: reward shop owner=guest take-nonparty",
    "wave 107 turn 1: replay guest crossed cmd:107:1 through real public COMMAND=opened",
    "wave 107: TRAINER (random)",
    "wave 107: host slot move=85 guest slot move=247",
    "wave 107 turn 1: progress enemyHp=[730:0/260,10542:1/251] playerHp=[890:1972/2065,150:1717/1725]",
    "wave 107 turn 2: replay guest crossed cmd:107:2 through real public COMMAND=opened",
    "wave 107: reward shop owner=host leave",
    "wave 108 turn 1: replay guest crossed cmd:108:1 through real public COMMAND=opened",
    "wave 108: host slot move=34 guest slot move=53",
    "wave 108 turn 1: progress enemyHp=[748:220/220,689:0/219] playerHp=[890:2065/2065,150:1717/1725]",
    "wave 108 turn 2: replay guest crossed cmd:108:2 through real public COMMAND=opened",
    "wave 108 turn 2: host SWITCH -> party[2]",
    "wave 108 turn 2: guest SWITCH -> party[3]",
    "wave 108 turn 3: replay guest crossed cmd:108:3 through real public COMMAND=opened",
    "wave 108 turn 4: replay guest crossed cmd:108:4 through real public COMMAND=opened",
    "wave 108: reward shop owner=guest take-nonparty",
    "wave 109 turn 1: replay guest crossed cmd:109:1 through real public COMMAND=opened",
    "wave 109: host slot move=247 guest slot move=85",
    "wave 109 turn 1: progress enemyHp=[558:0/215,689:0/235] playerHp=[493:933/1865,384:1715/1715]",
    "wave 109: reward shop owner=host leave",
    "wave 110 turn 1: replay guest crossed cmd:110:1 through real public COMMAND=opened",
    "wave 110: TRAINER (random)",
    "wave 110: host slot move=53 guest slot move=34",
    "wave 110 turn 1: progress enemyHp=[284:0/251,279:0/233] playerHp=[493:700/1865,384:1715/1715]",
    "wave 110 turn 2: replay guest crossed cmd:110:2 through real public COMMAND=opened",
    "wave 110 turn 3: replay guest crossed cmd:110:3 through real public COMMAND=opened",
    "wave 110 turn 3: host SWITCH -> party[2]",
    "wave 110: biome market owner=guest leave",
    "wave 110: drained 1 milestone reward continuation(s)",
    "wave 110: host chose Crossroads Leave through public UI",
    "wave 110: host drove World Map via public UI=true and both consumed 1826967518804702:0:BIOME_PICK:9700130",
    "wave 111 turn 1: replay guest crossed cmd:111:1 through real public COMMAND=opened",
    "wave 111: BIOME 8->6",
    "wave 111: host slot move=85 guest slot move=247",
    "wave 111 turn 1: progress enemyHp=[72:0/191,321:0/375] playerHp=[890:2002/2065,384:1715/1715]",
    "wave 111: reward shop owner=guest take-nonparty",
    "wave 112 turn 1: replay guest crossed cmd:112:1 through real public COMMAND=opened",
    "wave 112: TRAINER (fixed)",
    "wave 112: host slot move=34 guest slot move=53",
    "wave 112 turn 1: progress enemyHp=[463:0/402,4110:0/283] playerHp=[890:1933/2065,384:1715/1715]",
    "wave 112 turn 2: replay guest crossed cmd:112:2 through real public COMMAND=opened",
    "wave 112 turn 2: guest SWITCH -> party[3]",
    "wave 112 turn 3: replay guest crossed cmd:112:3 through real public COMMAND=opened",
    "wave 112 turn 3: host SWITCH -> party[2]",
    "wave 112 turn 4: replay guest crossed cmd:112:4 through real public COMMAND=opened",
    "wave 112 turn 4: host SWITCH -> party[2]",
    "wave 112 turn 5: replay guest crossed cmd:112:5 through real public COMMAND=opened",
    "wave 112 turn 5: guest SWITCH -> party[3]",
    "wave 112: reward shop owner=host leave",
    "wave 113 turn 1: replay guest crossed cmd:113:1 through real public COMMAND=opened",
    "wave 113: host slot move=247 guest slot move=85",
    "wave 113 turn 1: progress enemyHp=[456:0/195,687:252/252] playerHp=[890:2001/2065,384:1696/1715]",
    "wave 113 turn 2: replay guest crossed cmd:113:2 through real public COMMAND=opened",
    "wave 113 turn 2: host SWITCH -> party[2]",
    "wave 113: reward shop owner=guest leave",
    "wave 114 turn 1: replay guest crossed cmd:114:1 through real public COMMAND=opened",
    "wave 114: TRAINER (fixed)",
    "wave 114: host slot move=53 guest slot move=34",
    "wave 114 turn 1: progress enemyHp=[149:94/301,10050:0/427] playerHp=[493:1826/1865,384:1696/1715]",
    "wave 114 turn 2: replay guest crossed cmd:114:2 through real public COMMAND=opened",
    "wave 114 turn 3: replay guest crossed cmd:114:3 through real public COMMAND=opened",
    "wave 114 turn 3: host SWITCH -> party[2]",
    "wave 114 turn 3: guest SWITCH -> party[3]",
    "wave 114 turn 4: replay guest crossed cmd:114:4 through real public COMMAND=opened",
    "wave 114: reward shop owner=host leave",
    "wave 115 turn 1: replay guest crossed cmd:115:1 through real public COMMAND=opened",
    "wave 115: TRAINER (fixed)",
    "wave 115 turn 1: host SWITCH -> party[2]",
    "wave 115: host slot move=53 guest slot move=53",
    "wave 115 turn 1: progress enemyHp=[53:260/260,10072:0/302] playerHp=[493:1843/1865,150:1631/1725]",
    "wave 115 turn 2: replay guest crossed cmd:115:2 through real public COMMAND=opened",
    "wave 115 turn 3: replay guest crossed cmd:115:3 through real public COMMAND=opened",
    "wave 115 turn 4: replay guest crossed cmd:115:4 through real public COMMAND=opened",
    "wave 115 turn 4: guest SWITCH -> party[3]",
    "wave 115 turn 5: replay guest crossed cmd:115:5 through real public COMMAND=opened",
    "wave 115: reward shop owner=guest take-nonparty",
    "wave 115: host chose Crossroads Leave through public UI",
    "wave 115: host drove World Map via public UI=true and both consumed 1826967518804702:0:BIOME_PICK:9700136",
    "wave 116 turn 1: replay guest crossed cmd:116:1 through real public COMMAND=opened",
    "wave 116: BIOME 6->10",
    "wave 116: host slot move=53 guest slot move=53",
    "wave 116 turn 1: progress enemyHp=[593:0/321,367:1/214] playerHp=[493:1843/1865,384:1653/1715]",
    "wave 116 turn 2: replay guest crossed cmd:116:2 through real public COMMAND=opened",
    "wave 116: reward shop owner=guest take-nonparty",
    "wave 117 turn 1: replay guest crossed cmd:117:1 through real public COMMAND=opened",
    "wave 117: host slot move=247 guest slot move=247",
    "wave 117 turn 1: progress enemyHp=[976:0/291,423:0/338] playerHp=[493:1843/1865,384:1653/1715]",
    "wave 117: reward shop owner=host take-nonparty",
    "wave 118 turn 1: replay guest crossed cmd:118:1 through real public COMMAND=opened",
    "wave 118: host slot move=53 guest slot move=53",
    "wave 118 turn 1: progress enemyHp=[976:0/288,871:0/257] playerHp=[493:1843/1865,384:1653/1715]",
    "wave 118: reward shop owner=guest take-nonparty",
    "wave 119 turn 1: replay guest crossed cmd:119:1 through real public COMMAND=opened",
    "wave 119: host slot move=85 guest slot move=247",
    "wave 119 turn 1: guest SWITCH -> party[3]",
    "wave 119 turn 1: progress enemyHp=[847:0/247,902:329/329] playerHp=[493:1843/1865,150:1725/1725]",
    "wave 119 turn 2: replay guest crossed cmd:119:2 through real public COMMAND=opened",
    "wave 119: reward shop owner=host leave",
    "wave 120 turn 1: replay guest crossed cmd:120:1 through real public COMMAND=opened",
    "wave 120: host slot move=53 guest slot move=53",
    "wave 120 turn 1: progress enemyHp=[781:0/272,370:0/263] playerHp=[493:1843/1865,150:1725/1725]",
    "wave 120: biome market owner=guest leave",
    "wave 120: drained 1 milestone reward continuation(s)",
    "wave 120: host chose Crossroads Leave through public UI",
    "wave 120: host drove World Map via public UI=true and both consumed 1826967518804702:0:BIOME_PICK:9700142",
    "wave 121 turn 1: replay guest crossed cmd:121:1 through real public COMMAND=opened",
    "wave 121: BIOME 10->13",
    "wave 121: host slot move=247 guest slot move=85",
    "wave 121 turn 1: progress enemyHp=[528:0/243,526:1/268] playerHp=[493:1865/1865,150:1725/1725]",
    "wave 121 turn 2: replay guest crossed cmd:121:2 through real public COMMAND=opened",
    "wave 121: reward shop owner=guest take-nonparty",
    "wave 122 turn 1: replay guest crossed cmd:122:1 through real public COMMAND=opened",
    "wave 122: host slot move=53 guest slot move=85",
    "wave 122 turn 1: progress enemyHp=[598:0/280,295:0/397] playerHp=[493:1865/1865,150:1725/1725]",
    "wave 122: reward shop owner=host leave",
    "wave 123 turn 1: replay guest crossed cmd:123:1 through real public COMMAND=opened",
    "wave 123: host slot move=85 guest slot move=247",
    "wave 123 turn 1: progress enemyHp=[169:0/286,715:0/286] playerHp=[493:1865/1865,150:1725/1725]",
    "wave 123: reward shop owner=guest take-nonparty",
    "wave 124 turn 1: replay guest crossed cmd:124:1 through real public COMMAND=opened",
    "wave 124: TRAINER (random)",
    "wave 124: host slot move=34 guest slot move=53",
    "wave 124 turn 1: progress enemyHp=[934:0/360,306:0/297] playerHp=[493:1865/1865,150:1725/1725]",
    "wave 124: reward shop owner=host leave",
    "wave 125 turn 1: replay guest crossed cmd:125:1 through real public COMMAND=opened",
    "wave 125: host slot move=85 guest slot move=85",
    "wave 125 turn 1: progress enemyHp=[295:0/389,295:0/405] playerHp=[493:1865/1865,150:1725/1725]",
    "wave 125: reward shop owner=guest leave",
    "wave 125: host chose Crossroads Leave through public UI",
    "wave 125: host drove World Map via public UI=true and both consumed 1826967518804702:0:BIOME_PICK:9700148",
    "wave 126 turn 1: replay guest crossed cmd:126:1 through real public COMMAND=opened",
    "wave 126: BIOME 13->12",
    "wave 126: host slot move=53 guest slot move=247",
    "wave 126 turn 1: progress enemyHp=[232:0/321,530:0/364] playerHp=[493:1749/1865,150:1618/1725]",
    "wave 126: reward shop owner=guest leave",
    "wave 126: drained 1 milestone reward continuation(s)",
    "wave 127 turn 1: replay guest crossed cmd:127:1 through real public COMMAND=opened",
    "wave 127: host slot move=53 guest slot move=34",
    "wave 127 turn 1: progress enemyHp=[529:0/261,750:0/347] playerHp=[493:1633/1865,150:1511/1725]",
    "wave 127: reward shop owner=host leave",
    "wave 128 turn 1: replay guest crossed cmd:128:1 through real public COMMAND=opened",
    "wave 128: host slot move=247 guest slot move=34",
    "wave 128 turn 1: progress enemyHp=[530:0/353,208:146/291] playerHp=[493:1517/1865,150:1366/1725]",
    "wave 128 turn 2: replay guest crossed cmd:128:2 through real public COMMAND=opened",
    "wave 128 turn 2: host SWITCH -> party[2]",
    "wave 128: reward shop owner=guest leave",
    "wave 128: drained 1 milestone reward continuation(s)",
    "wave 129 turn 1: replay guest crossed cmd:129:1 through real public COMMAND=opened",
    "wave 129: host slot move=53 guest slot move=85",
    "wave 129 turn 1: progress enemyHp=[28:0/343,526:1/314] playerHp=[890:1823/2065,150:1152/1725]",
    "wave 129 turn 2: replay guest crossed cmd:129:2 through real public COMMAND=opened",
    "wave 129 turn 2: host SWITCH -> party[2]",
    "wave 129: reward shop owner=host leave",
    "wave 130 turn 1: replay guest crossed cmd:130:1 through real public COMMAND=opened",
    "wave 130: host slot move=53 guest slot move=34",
    "wave 130 turn 1: progress enemyHp=[464:0/378,750:0/360] playerHp=[493:1749/1865,150:1045/1725]",
    "wave 130: biome market owner=guest leave",
    "wave 130: drained 1 milestone reward continuation(s)",
    "wave 130: host chose Crossroads Leave through public UI",
    "wave 130: host drove World Map via public UI=true and both consumed 1826967518804702:0:BIOME_PICK:9700154",
    "wave 131 turn 1: replay guest crossed cmd:131:1 through real public COMMAND=opened",
    "wave 131: BIOME 12->14",
    "wave 131: host slot move=85 guest slot move=53",
    "wave 131 turn 1: progress enemyHp=[452:0/289,695:0/267] playerHp=[493:1749/1865,150:1618/1725]",
    "wave 131: reward shop owner=guest leave",
    "wave 131: drained 1 milestone reward continuation(s)",
    "wave 132 turn 1: replay guest crossed cmd:132:1 through real public COMMAND=opened",
    "wave 132: host slot move=53 guest slot move=34",
    "wave 132 turn 1: progress enemyHp=[844:0/304,553:0/324] playerHp=[493:1633/1865,150:1511/1725]",
    "wave 132: reward shop owner=host take-nonparty",
    "wave 133 turn 1: replay guest crossed cmd:133:1 through real public COMMAND=opened",
    "wave 133: host slot move=247 guest slot move=85",
    "wave 133 turn 1: progress enemyHp=[346:0/345,954:291/310] playerHp=[493:1517/1865,150:1404/1725]",
    "wave 133 turn 2: replay guest crossed cmd:133:2 through real public COMMAND=opened",
    "wave 133: reward shop owner=guest take-nonparty",
    "wave 134 turn 1: replay guest crossed cmd:134:1 through real public COMMAND=opened",
    "wave 134: host slot move=34 guest slot move=53",
    "wave 134 turn 1: progress enemyHp=[85:0/345,553:0/347] playerHp=[493:1285/1865,150:1190/1725]",
    "wave 134: reward shop owner=host leave",
    "wave 134: drained 1 milestone reward continuation(s)",
    "wave 135 turn 1: replay guest crossed cmd:135:1 through real public COMMAND=opened",
    "wave 135: host slot move=85 guest slot move=247",
    "wave 135 turn 1: progress enemyHp=[561:0/282,947:0/268] playerHp=[493:1285/1865,150:1190/1725]",
    "wave 135: reward shop owner=guest leave",
    "wave 135: drained 1 milestone reward continuation(s)",
    "wave 135: host chose Crossroads Leave through public UI",
    "wave 135: host drove World Map via public UI=true and both consumed 1826967518804702:0:BIOME_PICK:9700160",
    "wave 136 turn 1: replay guest crossed cmd:136:1 through real public COMMAND=opened",
    "wave 136: BIOME 14->22",
    "wave 136: host slot move=34 guest slot move=53",
    "wave 136 turn 1: progress enemyHp=[606:296/296,325:0/266] playerHp=[493:1285/1865,150:1190/1725]",
    "wave 136 turn 2: replay guest crossed cmd:136:2 through real public COMMAND=opened",
    "wave 136: reward shop owner=guest leave",
    "wave 137 turn 1: replay guest crossed cmd:137:1 through real public COMMAND=opened",
    "wave 137: host slot move=247 guest slot move=85",
    "wave 137 turn 1: progress enemyHp=[561:0/296,201:0/279] playerHp=[493:1285/1865,150:1186/1725]",
    "wave 137: reward shop owner=host leave",
    "wave 138 turn 1: replay guest crossed cmd:138:1 through real public COMMAND=opened",
    "wave 138: host slot move=53 guest slot move=34",
    "wave 138 turn 1: progress enemyHp=[576:0/306,65:0/267] playerHp=[493:1285/1865,150:1186/1725]",
    "wave 138: reward shop owner=guest leave",
    "wave 138: drained 1 milestone reward continuation(s)",
    "wave 139 turn 1: replay guest crossed cmd:139:1 through real public COMMAND=opened",
    "wave 139: host slot move=85 guest slot move=247",
    "wave 139 turn 1: progress enemyHp=[65:0/272,97:0/359] playerHp=[493:1285/1865,150:1186/1725]",
    "wave 139: reward shop owner=host leave",
    "wave 140 turn 1: replay guest crossed cmd:140:1 through real public COMMAND=opened",
    "wave 140: TRAINER (random)",
    "wave 140: host slot move=34 guest slot move=53",
    "wave 140 turn 1: progress enemyHp=[10197:0/294,826:0/313] playerHp=[493:1285/1865,150:1186/1725]",
    "wave 140 turn 2: replay guest crossed cmd:140:2 through real public COMMAND=opened",
    "wave 140 turn 3: replay guest crossed cmd:140:3 through real public COMMAND=opened",
    "wave 140 turn 4: replay guest crossed cmd:140:4 through real public COMMAND=opened",
    "wave 140 turn 4: guest SWITCH -> party[3]",
    "wave 140: biome market owner=guest leave",
    "wave 140: drained 1 milestone reward continuation(s)",
    "wave 140: host chose Crossroads Leave through public UI",
    "wave 140: host drove World Map via public UI=true and both consumed 1826967518804702:0:BIOME_PICK:9700166",
    "wave 141 turn 1: replay guest crossed cmd:141:1 through real public COMMAND=opened",
    "wave 141: BIOME 22->11",
    "wave 141 turn 1: host SWITCH -> party[2]",
    "wave 141: host slot move=247 guest slot move=247",
    "wave 141 turn 1: progress enemyHp=[673:424/424,464:0/392] playerHp=[890:2065/2065,384:1715/1715]",
    "wave 141 turn 2: replay guest crossed cmd:141:2 through real public COMMAND=opened",
    "wave 141 turn 2: guest SWITCH -> party[3]",
    "wave 141: reward shop owner=guest take-nonparty",
    "wave 142 turn 1: replay guest crossed cmd:142:1 through real public COMMAND=opened",
    "wave 142 turn 1: host SWITCH -> party[2]",
    "wave 142: host slot move=247 guest slot move=34",
    "wave 142 turn 1: progress enemyHp=[464:435/435,68:0/364] playerHp=[493:1865/1865,150:1725/1725]",
    "wave 142 turn 2: replay guest crossed cmd:142:2 through real public COMMAND=opened",
    "wave 142 turn 2: guest SWITCH -> party[3]",
    "wave 142: reward shop owner=host leave",
    "wave 143 turn 1: replay guest crossed cmd:143:1 through real public COMMAND=opened",
    "wave 143: host slot move=85 guest slot move=53",
    "wave 143 turn 1: guest SWITCH -> party[3]",
    "wave 143 turn 1: progress enemyHp=[218:0/261,464:414/414] playerHp=[493:1865/1865,150:1725/1725]"
  ]
}