===== COOP SOAK RESULT =====
profile: god-c
verdict: FAIL
waves_requested: 45
run: 29405613631 (ci/coop/p33-auto-victory-seal)
timestamp: 2026-07-15T09-45-54Z

----- driver lines -----
[22m[39m[coop-soak] SEED=20470471 WAVES=45 - replay this run with:  SOAK_SEED=20470471 SOAK_WAVES=45 ER_SCENARIO=1 npx vitest run test/tests/elite-redux/coop/coop-soak.test.ts
[31m[1mSoakInvariantError[22m: [coop-soak] NO-PARK invariant breached at wave 16 (seed 20470471): guest retained World Map boundary did not release after host commit (current=SelectBiomePhase, queued=[NewBattlePhase]). Artifact + both logs: /home/runner/work/elite-redux/elite-redux/dev-logs/coop-soak/2026-07-15T09-45-46-342Z__seed-20470471__wave-16. Replay: SOAK_SEED=20470471[39m

----- vitest result tail -----
[coop:stream] streamer DISPOSE: cancel pending(turns=0 enemyParty=0 meBattle=0 stateSync=0) + null-out all handlers
[coop:relay] dispose() (no in-flight waiters)
[coop:pump] end session { seq: -1, termSeq: -1, wasOwner: false }
[coop:transport] state host disconnected -> closed
[coop:turn] host recorder: CLEAR (null-out) live emitter (was=false)
[coop:session] coopAuthoritativeGuestPredicate CLEARED (-> solo/host/lockstep reads false)

[90mstdout[2m | test/tests/elite-redux/coop/coop-soak.test.ts[2m:280:3[22m[2m[2m > [22m[2mNIGHTLY co-op SOAK: seeded randomized two-engine run (#841)[2m > [22m[2mretained wave boundary keeps one X Attack exact on both clients through natural expiry without recovery
[22m[39m[2m> [22m[30m[48;2;193;98;222m Test finished! [49m[39m
    Name: [38;2;0;136;134mNIGHTLY co-op SOAK: seeded randomized two-engine run (#841) > retained wave boundary keeps one X Attack exact on both clients through natural expiry without recovery[39m
    Result: [32m[1m✓ Passed[22m[39m [2min[22m [32m7649[39m[2mms[22m
    File: [38;2;210;155;14melite-redux/test/tests/elite-redux/coop/coop-soak.test.ts:280:3[39m

[33m[39m[32m·[39m

[31m⎯⎯⎯⎯⎯⎯⎯[39m[1m[41m Failed Tests 1 [49m[22m[31m⎯⎯⎯⎯⎯⎯⎯[39m

[41m[1m FAIL [22m[49m [30m[45m main [49m[39m test/tests/elite-redux/coop/coop-soak.test.ts[2m:156:3[22m[2m > [22mNIGHTLY co-op SOAK: seeded randomized two-engine run (#841)[2m > [22mplays a seeded randomized co-op run asserting DIGEST/LOCKSTEP/NO-PARK/TEARDOWN each wave
[31m[1mSoakInvariantError[22m: [coop-soak] NO-PARK invariant breached at wave 16 (seed 20470471): guest retained World Map boundary did not release after host commit (current=SelectBiomePhase, queued=[NewBattlePhase]). Artifact + both logs: /home/runner/work/elite-redux/elite-redux/dev-logs/coop-soak/2026-07-15T09-45-46-342Z__seed-20470471__wave-16. Replay: SOAK_SEED=20470471[39m
[36m [2m❯[22m fail test/tools/coop-soak-driver.ts:[2m1566:11[22m[39m
    [90m1564|[39m       phaseState: phaseStateDump(rig),
    [90m1565|[39m     });
    [90m1566|[39m     throw new SoakInvariantError(invariant, seed, wave, detail, dir);
    [90m   |[39m           [31m^[39m
    [90m1567|[39m   };
    [90m1568|[39m
[90m [2m❯[22m test/tools/coop-soak-driver.ts:[2m2078:11[22m[39m
[90m [2m❯[22m withClient test/tools/coop-duo-harness.ts:[2m574:12[22m[39m
[90m [2m❯[22m crossCommandBoundaryWithReplayGuest test/tools/coop-soak-driver.ts:[2m2069:9[22m[39m
[90m [2m❯[22m runCoopSoak test/tools/coop-soak-driver.ts:[2m3815:11[22m[39m
[90m [2m❯[22m test/tests/elite-redux/coop/coop-soak.test.ts:[2m175:22[22m[39m

[31m[2m⎯⎯⎯⎯⎯⎯⎯⎯⎯⎯⎯⎯⎯⎯⎯⎯⎯⎯⎯⎯⎯⎯⎯⎯[1/1]⎯[22m[39m


[2m Test Files [22m [1m[31m1 failed[39m[22m[90m (1)[39m
[2m      Tests [22m [1m[31m1 failed[39m[22m[2m | [22m[1m[32m1 passed[39m[22m[90m (2)[39m
[2m   Start at [22m 09:45:02
[2m   Duration [22m 51.83s[2m (transform 19.49s, setup 23.65s, import 237ms, tests 27.10s, environment 688ms)[22m

