{
  "invariant": "digest",
  "seed": 828633,
  "wave": 13,
  "detail": "saveDataDigest - saveDataDigest: host=\"ea86c7b4b9b6423d\" guest=\"48c933c01c58eea5\" || saveDataDigest SUB-DIFF keys=[erMapState] :: erMapState: host={\"biomeOverstayAnchor\":null,\"biomeLength\":16,\"biomeStartWave\":13,\"nodes\":[{\"biome\":4,\"kind\":\"biome\"},{\"biome\":9,\"kind\":\"biome\"},{\"biome\":3,\"kind\":\"biome\"}],\"travelTarget\":null,\"fragments\":0} guest={\"biomeOverstayAnchor\":null,\"biomeLength\":null,\"biomeStartWave\":13,\"nodes\":[],\"travelTarget\":null,\"fragments\":0}",
  "replay": "SOAK_SEED=828633",
  "phaseState": null,
  "actionScript": [
    "content seed=test preseeded=true",
    "wave 1: host slot move=85 guest slot move=34",
    "wave 1 turn 1: progress enemyHp=[16:0/14,263:0/14] playerHp=[890:2061/2065,384:1715/1715]",
    "wave 1: reward shop owner=host leave",
    "wave 2 turn 1: replay guest reciprocally crossed cmd:2:1",
    "wave 2: host slot move=85 guest slot move=53",
    "wave 2 turn 1: progress enemyHp=[661:0/14,21:0/14] playerHp=[890:2061/2065,384:1715/1715]",
    "wave 2: reward shop owner=guest leave",
    "wave 3 turn 1: replay guest reciprocally crossed cmd:3:1",
    "wave 3: host slot move=85 guest slot move=85",
    "wave 3 turn 1: progress enemyHp=[293:0/18,506:0/16] playerHp=[890:2056/2065,384:1715/1715]",
    "wave 3: reward shop owner=host leave",
    "wave 4 turn 1: replay guest reciprocally crossed cmd:4:1",
    "wave 4: host slot move=85 guest slot move=34",
    "wave 4 turn 1: progress enemyHp=[506:0/18,43:0/16] playerHp=[890:2051/2065,384:1715/1715]",
    "wave 4: reward shop owner=guest leave",
    "wave 5 turn 1: replay guest reciprocally crossed cmd:5:1",
    "wave 5: TRAINER (fixed)",
    "wave 5: host slot move=53 guest slot move=53",
    "wave 5 turn 1: progress enemyHp=[399:0/20,161:0/18] playerHp=[890:2059/2065,384:1715/1715]",
    "wave 5: reward shop owner=host take-nonparty",
    "wave 5: guest chose Crossroads Leave through public UI",
    "wave 5: guest drove World Map via public UI=true and both consumed 1826956207218001:1:BIOME_PICK:9700005",
    "wave 6 turn 1: replay guest reciprocally crossed cmd:6:1",
    "wave 6: BIOME 0->1",
    "wave 6: host slot move=53 guest slot move=53",
    "wave 6 turn 1: progress enemyHp=[915:0/21,25:0/18] playerHp=[890:2053/2065,384:1715/1715]",
    "wave 6: reward shop owner=host take-nonparty",
    "wave 7 turn 1: replay guest reciprocally crossed cmd:7:1",
    "wave 7: host slot move=247 guest slot move=85",
    "wave 7 turn 1: progress enemyHp=[25:0/21,261:0/20] playerHp=[890:2059/2065,384:1715/1715]",
    "wave 7: reward shop owner=guest leave",
    "wave 8 turn 1: replay guest reciprocally crossed cmd:8:1",
    "wave 8: TRAINER (fixed)",
    "wave 8: host slot move=53 guest slot move=34",
    "wave 8 turn 1: progress enemyHp=[158:0/26,821:0/22] playerHp=[890:2057/2065,384:1715/1715]",
    "wave 8: reward shop owner=host take-nonparty",
    "wave 9 turn 1: replay guest reciprocally crossed cmd:9:1",
    "wave 9: host slot move=85 guest slot move=53",
    "wave 9 turn 1: progress enemyHp=[41:0/24,52:0/22] playerHp=[890:2058/2065,384:1715/1715]",
    "wave 9: reward shop owner=guest leave",
    "wave 10 turn 1: replay guest reciprocally crossed cmd:10:1",
    "wave 10: host slot move=53 guest slot move=34",
    "wave 10 turn 1: progress enemyHp=[263:0/22,263:0/22] playerHp=[890:2058/2065,384:1715/1715]",
    "wave 10: biome market owner=host leave",
    "wave 10: drained 1 milestone reward continuation(s)",
    "wave 10: guest chose Crossroads Leave through public UI",
    "wave 10: guest drove World Map via public UI=true and both consumed 1826956207218001:1:BIOME_PICK:9700011",
    "wave 11 turn 1: replay guest reciprocally crossed cmd:11:1",
    "wave 11: BIOME 1->2",
    "wave 11: host slot move=247 guest slot move=85",
    "wave 11 turn 1: guest SWITCH -> party[3]",
    "wave 11 turn 1: progress enemyHp=[590:0/28,268:26/26] playerHp=[890:2056/2065,150:1725/1725]",
    "wave 11 turn 2: replay guest reciprocally crossed cmd:11:2",
    "wave 11: reward shop owner=host take-nonparty",
    "wave 12: ME DEPARTMENT_STORE_SALE public embedded reward leave",
    "wave 12: ME DEPARTMENT_STORE_SALE option=1 driven (guest-owned, counter 13->14)",
    "wave 12: host drove World Map via public UI=true and both consumed 1826956207218001:0:BIOME_PICK:9700014",
    "wave 13 turn 1: replay guest reciprocally crossed cmd:13:1",
    "wave 13: BIOME 2->1",
    "wave 13: TRAINER (random)",
    "wave 13: DIGEST mismatch @wave-start class=unexpected fields=[saveDataDigest] -> one-heal resync"
  ]
}