{
  "invariant": "no-park",
  "seed": 20365444,
  "wave": 15,
  "detail": "World Map did not leave on both clients (host=SwitchBiomePhase guest=SelectBiomePhase)",
  "replay": "SOAK_SEED=20365444",
  "phaseState": {
    "hostPhase": "SwitchBiomePhase",
    "guestPhase": "SelectBiomePhase",
    "hostInteractionCounter": 18,
    "guestInteractionCounter": 17,
    "hostWave": 15,
    "hostBattleType": 0,
    "hostPlayerField": [
      {
        "id": 3654592613,
        "battlerIndex": -1,
        "speciesId": 493,
        "speciesName": "Arceus",
        "hp": 700,
        "maxHp": 1865,
        "fainted": false,
        "status": 1,
        "statStages": [
          -2,
          0,
          -2,
          0,
          0,
          0,
          0
        ],
        "moves": [
          {
            "id": 34,
            "ppUsed": 0
          },
          {
            "id": 247,
            "ppUsed": 1
          },
          {
            "id": 53,
            "ppUsed": 0
          },
          {
            "id": 85,
            "ppUsed": 0
          }
        ],
        "coopOwner": "host"
      },
      {
        "id": 5346084,
        "battlerIndex": -1,
        "speciesId": 384,
        "speciesName": "Rayquaza",
        "hp": 1715,
        "maxHp": 1715,
        "fainted": false,
        "status": 0,
        "statStages": [
          0,
          0,
          0,
          0,
          0,
          0,
          0
        ],
        "moves": [
          {
            "id": 34,
            "ppUsed": 0
          },
          {
            "id": 247,
            "ppUsed": 0
          },
          {
            "id": 53,
            "ppUsed": 0
          },
          {
            "id": 85,
            "ppUsed": 1
          }
        ],
        "coopOwner": "guest"
      }
    ],
    "hostEnemyField": [
      {
        "id": 2390345733,
        "battlerIndex": -1,
        "speciesId": 543,
        "speciesName": "Venipede",
        "hp": 0,
        "maxHp": 29,
        "fainted": true,
        "status": 7,
        "statStages": [
          0,
          0,
          0,
          0,
          0,
          0,
          0
        ],
        "moves": [
          {
            "id": 806,
            "ppUsed": 0
          },
          {
            "id": 111,
            "ppUsed": 0
          },
          {
            "id": 40,
            "ppUsed": 0
          },
          {
            "id": 205,
            "ppUsed": 0
          }
        ]
      },
      {
        "id": 4128747872,
        "battlerIndex": -1,
        "speciesId": 302,
        "speciesName": "Sableye",
        "hp": 0,
        "maxHp": 37,
        "fainted": true,
        "status": 7,
        "statStages": [
          0,
          0,
          0,
          0,
          0,
          0,
          0
        ],
        "moves": [
          {
            "id": 310,
            "ppUsed": 1
          },
          {
            "id": 498,
            "ppUsed": 0
          },
          {
            "id": 468,
            "ppUsed": 0
          },
          {
            "id": 185,
            "ppUsed": 0
          }
        ]
      }
    ],
    "guestPlayerField": [
      {
        "id": 3654592613,
        "battlerIndex": 0,
        "speciesId": 493,
        "speciesName": "Arceus",
        "hp": 700,
        "maxHp": 1865,
        "fainted": false,
        "status": 1,
        "statStages": [
          -2,
          0,
          -2,
          0,
          0,
          0,
          0
        ],
        "moves": [
          {
            "id": 34,
            "ppUsed": 0
          },
          {
            "id": 247,
            "ppUsed": 1
          },
          {
            "id": 53,
            "ppUsed": 0
          },
          {
            "id": 85,
            "ppUsed": 0
          }
        ],
        "coopOwner": "host"
      },
      {
        "id": 5346084,
        "battlerIndex": 1,
        "speciesId": 384,
        "speciesName": "Rayquaza",
        "hp": 1715,
        "maxHp": 1715,
        "fainted": false,
        "status": 0,
        "statStages": [
          0,
          0,
          0,
          0,
          0,
          0,
          0
        ],
        "moves": [
          {
            "id": 34,
            "ppUsed": 0
          },
          {
            "id": 247,
            "ppUsed": 0
          },
          {
            "id": 53,
            "ppUsed": 0
          },
          {
            "id": 85,
            "ppUsed": 1
          }
        ],
        "coopOwner": "guest"
      }
    ],
    "guestEnemyField": [
      {
        "id": 2390345733,
        "battlerIndex": 2,
        "speciesId": 543,
        "speciesName": "Venipede",
        "hp": 0,
        "maxHp": 29,
        "fainted": true,
        "status": 7,
        "statStages": [
          0,
          0,
          0,
          0,
          0,
          0,
          0
        ],
        "moves": [
          {
            "id": 806,
            "ppUsed": 0
          },
          {
            "id": 111,
            "ppUsed": 0
          },
          {
            "id": 40,
            "ppUsed": 0
          },
          {
            "id": 205,
            "ppUsed": 0
          }
        ]
      },
      {
        "id": 4128747872,
        "battlerIndex": 3,
        "speciesId": 302,
        "speciesName": "Sableye",
        "hp": 0,
        "maxHp": 37,
        "fainted": true,
        "status": 7,
        "statStages": [
          0,
          0,
          0,
          0,
          0,
          0,
          0
        ],
        "moves": [
          {
            "id": 310,
            "ppUsed": 1
          },
          {
            "id": 498,
            "ppUsed": 0
          },
          {
            "id": 468,
            "ppUsed": 0
          },
          {
            "id": 185,
            "ppUsed": 0
          }
        ]
      }
    ]
  },
  "actionScript": [
    "SKIP mysteryEncounterDisabledV1",
    "content seed=coop-soak-20365444 preseeded=false",
    "wave 1: host slot move=85 guest slot move=53",
    "wave 1 turn 1: guest SWITCH -> party[3]",
    "wave 1 turn 1: progress enemyHp=[16:0/14,263:14/14] playerHp=[890:2061/2065,150:1723/1725]",
    "wave 1 turn 2: replay guest reciprocally crossed cmd:1:2",
    "wave 1: reward shop owner=host take-nonparty",
    "wave 2 turn 1: replay guest reciprocally crossed cmd:2:1",
    "wave 2: host slot move=34 guest slot move=53",
    "wave 2 turn 1: progress enemyHp=[447:0/14,420:0/16] playerHp=[890:2061/2065,150:1723/1725]",
    "wave 2: reward shop owner=guest leave",
    "wave 3 turn 1: replay guest reciprocally crossed cmd:3:1",
    "wave 3: host slot move=247 guest slot move=34",
    "wave 3 turn 1: progress enemyHp=[265:0/16,915:0/17] playerHp=[890:2060/2065,150:1723/1725]",
    "wave 3: reward shop owner=host take-nonparty",
    "wave 4 turn 1: replay guest reciprocally crossed cmd:4:1",
    "wave 4: host slot move=53 guest slot move=34",
    "wave 4 turn 1: progress enemyHp=[165:0/18,283:0/18] playerHp=[890:2060/2065,150:1723/1725]",
    "wave 4: reward shop owner=guest leave",
    "wave 5 turn 1: replay guest reciprocally crossed cmd:5:1",
    "wave 5: TRAINER (fixed)",
    "wave 5: host slot move=34 guest slot move=34",
    "wave 5 turn 1: guest SWITCH -> party[3]",
    "wave 5 turn 1: progress enemyHp=[263:0/18,19:17/17] playerHp=[890:2060/2065,384:1712/1715]",
    "wave 5 turn 2: replay guest reciprocally crossed cmd:5:2",
    "wave 5: reward shop owner=host take-nonparty",
    "wave 5: guest chose Crossroads Leave through public UI",
    "wave 5: guest drove World Map via public UI=true and both consumed 1826955148108452:1:BIOME_PICK:9700005",
    "wave 6 turn 1: replay guest reciprocally crossed cmd:6:1",
    "wave 6: BIOME 0->1",
    "wave 6: host slot move=85 guest slot move=53",
    "wave 6 turn 1: progress enemyHp=[734:0/19,915:0/21] playerHp=[890:2059/2065,384:1709/1715]",
    "wave 6: reward shop owner=host leave",
    "wave 7 turn 1: replay guest reciprocally crossed cmd:7:1",
    "wave 7: host slot move=85 guest slot move=85",
    "wave 7 turn 1: guest SWITCH -> party[3]",
    "wave 7 turn 1: progress enemyHp=[915:0/24,819:23/23] playerHp=[890:2055/2065,150:1725/1725]",
    "wave 7 turn 2: replay guest reciprocally crossed cmd:7:2",
    "wave 7: reward shop owner=guest leave",
    "wave 8 turn 1: replay guest reciprocally crossed cmd:8:1",
    "wave 8: TRAINER (fixed)",
    "wave 8: host slot move=53 guest slot move=53",
    "wave 8 turn 1: progress enemyHp=[906:0/24,16:0/22] playerHp=[890:2058/2065,150:1725/1725]",
    "wave 8: reward shop owner=host leave",
    "wave 9 turn 1: replay guest reciprocally crossed cmd:9:1",
    "wave 9: host slot move=53 guest slot move=34",
    "wave 9 turn 1: progress enemyHp=[819:0/26,263:0/24] playerHp=[890:2054/2065,150:1725/1725]",
    "wave 9: reward shop owner=guest leave",
    "wave 10 turn 1: replay guest reciprocally crossed cmd:10:1",
    "wave 10: host slot move=34 guest slot move=53",
    "wave 10 turn 1: progress enemyHp=[84:0/30,427:0/24] playerHp=[890:2056/2065,150:1725/1725]",
    "wave 10: biome market owner=host leave",
    "wave 10: drained 1 milestone reward continuation(s)",
    "wave 10: guest chose Crossroads Leave through public UI",
    "wave 10: guest drove World Map via public UI=true and both consumed 1826955148108452:1:BIOME_PICK:9700011",
    "wave 11 turn 1: replay guest reciprocally crossed cmd:11:1",
    "wave 11: BIOME 1->2",
    "wave 11: host slot move=247 guest slot move=85",
    "wave 11 turn 1: progress enemyHp=[415:0/24,543:0/25] playerHp=[890:2058/2065,150:1725/1725]",
    "wave 11: reward shop owner=host take-nonparty",
    "wave 12 turn 1: replay guest reciprocally crossed cmd:12:1",
    "wave 12 turn 1: host SWITCH -> party[2]",
    "wave 12: host slot move=53 guest slot move=34",
    "wave 12 turn 1: guest SWITCH -> party[3]",
    "wave 12 turn 1: progress enemyHp=[420:27/27,285:30/30] playerHp=[493:1632/1865,384:1715/1715]",
    "wave 12 turn 2: replay guest reciprocally crossed cmd:12:2",
    "wave 12: reward shop owner=guest leave",
    "wave 13 turn 1: replay guest reciprocally crossed cmd:13:1",
    "wave 13: host slot move=85 guest slot move=247",
    "wave 13 turn 1: progress enemyHp=[285:0/32,546:0/26] playerHp=[493:1166/1865,384:1715/1715]",
    "wave 13: reward shop owner=host leave",
    "wave 14 turn 1: replay guest reciprocally crossed cmd:14:1",
    "wave 14: host slot move=34 guest slot move=53",
    "wave 14 turn 1: progress enemyHp=[546:0/28,590:0/34] playerHp=[493:933/1865,384:1715/1715]",
    "wave 14: reward shop owner=guest take-nonparty",
    "wave 15 turn 1: replay guest reciprocally crossed cmd:15:1",
    "wave 15: host slot move=247 guest slot move=85",
    "wave 15 turn 1: progress enemyHp=[543:0/29,302:0/37] playerHp=[493:700/1865,384:1715/1715]",
    "wave 15: reward shop owner=host take-nonparty",
    "wave 15: guest chose Crossroads Leave through public UI"
  ]
}