===== COOP SOAK RESULT =====
profile: journey
verdict: FAIL
waves_requested: 45
run: 29410627869 (ci/coop/p33-auto-victory-seal)
timestamp: 2026-07-15T11-11-22Z

----- driver lines -----
[coop-soak] ME DRIVEN wave 12 (seed 828633): DEPARTMENT_STORE_SALE [guest-owned]
[coop-soak] ME DRIVEN wave 14 (seed 828633): ER_HOT_SPRING [guest-owned]
[coop-soak] ME DRIVEN wave 16 (seed 828633): BERRIES_ABOUND [guest-owned]
[coop-soak] ME DRIVEN wave 18 (seed 828633): ER_PICNIC [guest-owned]
[coop-soak] ME DRIVEN wave 24 (seed 828633): FIELD_TRIP [guest-owned]
[coop-soak] ME DRIVEN wave 26 (seed 828633): ER_TOWN_RAFFLE [guest-owned]
[coop-soak] ME DRIVEN wave 28 (seed 828633): ER_FORTUNE_TELLER [guest-owned]
[22m[39m[coop-soak] RUN ENDED crossing into wave 32 (seed 828633): host at terminal phase TitlePhase. Survey stops here.

----- vitest result tail -----
[33m[coop:relay] AWAIT interactionOutcome seq=8000017 RESOLVE null (TIMEOUT or supersede) -> watcher leaves[39m
[33m[coop:relay] AWAIT interactionOutcome seq=8000023 RESOLVE null (TIMEOUT or supersede) -> watcher leaves[39m
[33m[coop:relay] AWAIT interactionOutcome seq=8000025 RESOLVE null (TIMEOUT or supersede) -> watcher leaves[39m
[33m[coop:relay] AWAIT interactionOutcome seq=8000027 RESOLVE null (TIMEOUT or supersede) -> watcher leaves[39m

[90mstdout[2m | test/tests/elite-redux/coop/coop-soak-journey.test.ts[2m:101:3[22m[2m[2m > [22m[2mco-op continuous journey: many mystery events plus biome transitions[2m > [22m[2mplays through thirteen heterogeneous events, later battles, and repeated world-map boundaries without drift
[22m[39m[2m> [22m[30m[48;2;193;98;222m Test finished! [49m[39m
    Name: [38;2;0;136;134mco-op continuous journey: many mystery events plus biome transitions > plays through thirteen heterogeneous events, later battles, and repeated world-map boundaries without drift[39m
    Result: [31m[1m✗ Failed[22m[39m [2min[22m [33m58193[39m[2mms[22m
    File: [38;2;210;155;14melite-redux/test/tests/elite-redux/coop/coop-soak-journey.test.ts:101:3[39m

[33m[39m[31mx[39m

[31m⎯⎯⎯⎯⎯⎯⎯[39m[1m[41m Failed Tests 1 [49m[22m[31m⎯⎯⎯⎯⎯⎯⎯[39m

[41m[1m FAIL [22m[49m [30m[45m main [49m[39m test/tests/elite-redux/coop/coop-soak-journey.test.ts[2m:101:3[22m[2m > [22mco-op continuous journey: many mystery events plus biome transitions[2m > [22mplays through thirteen heterogeneous events, later battles, and repeated world-map boundaries without drift
[31m[1mAssertionError[22m: the campaign continued after the final forced event: expected 31 to be 45 // Object.is equality[39m

[32m- Expected[39m
[31m+ Received[39m

[32m- 45[39m
[31m+ 31[39m

[36m [2m❯[22m test/tests/elite-redux/coop/coop-soak-journey.test.ts:[2m119:90[22m[39m
    [90m117|[39m     })[33m;[39m
    [90m118|[39m
    [90m119|[39m     expect(result.wavesCompleted, "the campaign continued after the fi…
    [90m   |[39m                                                                                          [31m^[39m
    [90m120|[39m     expect(result.runEnded, "the campaign did not silently terminal/de…
    [90m121|[39m     expect(result.actionScript, "wave 10 used the odd-seat guest as th…

[31m[2m⎯⎯⎯⎯⎯⎯⎯⎯⎯⎯⎯⎯⎯⎯⎯⎯⎯⎯⎯⎯⎯⎯⎯⎯[1/1]⎯[22m[39m


[2m Test Files [22m [1m[31m1 failed[39m[22m[90m (1)[39m
[2m      Tests [22m [1m[31m1 failed[39m[22m[90m (1)[39m
[2m   Start at [22m 11:09:59
[2m   Duration [22m 82.88s[2m (transform 18.93s, setup 23.01s, import 231ms, tests 58.61s, environment 813ms)[22m

