{
  "invariant": "no-park",
  "seed": 20260712,
  "wave": 60,
  "detail": "wave driving threw (strand/stall): client phase drive to guest command 60:5 HANG on TitlePhase; queued=[], ui=TITLE",
  "replay": "SOAK_SEED=20260712",
  "phaseState": {
    "hostPhase": "CommandPhase",
    "guestPhase": "TitlePhase",
    "hostInteractionCounter": 70,
    "guestInteractionCounter": 70,
    "hostWave": 60,
    "hostBattleType": 1,
    "hostPlayerField": [
      {
        "id": 825266041,
        "battlerIndex": -1,
        "speciesId": 376,
        "speciesName": "Metagross",
        "hp": 199,
        "maxHp": 199,
        "fainted": false,
        "status": 0,
        "statStages": [
          0,
          0,
          0,
          0,
          0,
          0,
          0
        ],
        "moves": [
          {
            "id": 153,
            "ppUsed": 0
          },
          {
            "id": 247,
            "ppUsed": 0
          },
          {
            "id": 53,
            "ppUsed": 0
          },
          {
            "id": 85,
            "ppUsed": 0
          }
        ],
        "coopOwner": "host"
      },
      {
        "id": 1544440000,
        "battlerIndex": -1,
        "speciesId": 248,
        "speciesName": "Tyranitar",
        "hp": 0,
        "maxHp": 225,
        "fainted": true,
        "status": 7,
        "statStages": [
          0,
          0,
          0,
          0,
          0,
          0,
          0
        ],
        "moves": [
          {
            "id": 153,
            "ppUsed": 0
          },
          {
            "id": 247,
            "ppUsed": 0
          },
          {
            "id": 53,
            "ppUsed": 1
          },
          {
            "id": 85,
            "ppUsed": 0
          }
        ],
        "coopOwner": "guest"
      }
    ],
    "hostEnemyField": [
      {
        "id": 3979927955,
        "battlerIndex": -1,
        "speciesId": 740,
        "speciesName": "Crabominable",
        "hp": 29,
        "maxHp": 159,
        "fainted": false,
        "status": 0,
        "statStages": [
          1,
          -1,
          0,
          1,
          0,
          0,
          0
        ],
        "moves": [
          {
            "id": 276,
            "ppUsed": 1
          },
          {
            "id": 184,
            "ppUsed": 0
          },
          {
            "id": 419,
            "ppUsed": 1
          },
          {
            "id": 335,
            "ppUsed": 0
          }
        ]
      },
      {
        "id": 1795533401,
        "battlerIndex": -1,
        "speciesId": 10075,
        "speciesName": "Pentawug",
        "hp": 50,
        "maxHp": 123,
        "fainted": false,
        "status": 0,
        "statStages": [
          0,
          0,
          -1,
          0,
          0,
          0,
          0
        ],
        "moves": [
          {
            "id": 127,
            "ppUsed": 2
          },
          {
            "id": 675,
            "ppUsed": 0
          },
          {
            "id": 397,
            "ppUsed": 0
          },
          {
            "id": 861,
            "ppUsed": 2
          }
        ]
      }
    ],
    "guestPlayerField": [],
    "guestEnemyField": []
  },
  "actionScript": [
    "SKIP mysteryEncounterDisabledV1",
    "content seed=coop-soak-20260712 preseeded=false",
    "wave 1 turn 1: replay guest crossed cmd:1:1 through real public COMMAND=opened",
    "wave 1 turn 1: host SWITCH -> party[2]",
    "wave 1: host slot move=85 guest slot move=85",
    "wave 1 turn 1: progress enemyHp=[16:14/14,263:0/14] playerHp=[149:213/213,94:179/179]",
    "wave 1 turn 2: replay guest crossed cmd:1:2 through real public COMMAND=opened",
    "wave 1 turn 2: host SWITCH -> party[2]",
    "wave 1: reward shop owner=host take-nonparty",
    "wave 2 turn 1: replay guest crossed cmd:2:1 through real public COMMAND=opened",
    "wave 2 turn 1: staged guest-owned lead at 1 HP on both engines",
    "wave 2: host slot move=53 guest slot move=53",
    "wave 2 turn 1: forced-faint guest EXPLOSION self-KO",
    "wave 2 turn 1: progress enemyHp=[572:0/17,270:0/16] playerHp=[143:232/303,94:0/179]",
    "wave 2: reward shop owner=guest take-nonparty",
    "wave 3 turn 1: replay guest crossed cmd:3:1 through real public COMMAND=opened",
    "wave 3: host slot move=85 guest slot move=85",
    "wave 3 turn 1: progress enemyHp=[187:0/16,504:0/16] playerHp=[143:232/303,248:225/225]",
    "wave 3: reward shop owner=host take-nonparty",
    "wave 4 turn 1: replay guest crossed cmd:4:1 through real public COMMAND=opened",
    "wave 4: host slot move=53 guest slot move=247",
    "wave 4 turn 1: guest SWITCH -> party[5]",
    "wave 4 turn 1: progress enemyHp=[831:0/18,265:18/18] playerHp=[143:232/303,445:233/235]",
    "wave 4 turn 2: replay guest crossed cmd:4:2 through real public COMMAND=opened",
    "wave 4: reward shop owner=guest take-nonparty",
    "wave 5 turn 1: replay guest crossed cmd:5:1 through real public COMMAND=opened",
    "wave 5: TRAINER (fixed)",
    "wave 5: host slot move=85 guest slot move=85",
    "wave 5 turn 1: guest SWITCH -> party[5]",
    "wave 5 turn 1: progress enemyHp=[13:0/18,265:18/18] playerHp=[143:230/303,248:220/225]",
    "wave 5 turn 2: replay guest crossed cmd:5:2 through real public COMMAND=opened",
    "wave 5: reward shop owner=host leave",
    "wave 5: guest chose Crossroads Leave through public UI",
    "wave 5: guest drove World Map via public UI=true and both consumed 1826970877648924:1:BIOME_PICK:9700005",
    "wave 6 turn 1: replay guest crossed cmd:6:1 through real public COMMAND=opened",
    "wave 6: BIOME 0->1",
    "wave 6: host slot move=247 guest slot move=53",
    "wave 6 turn 1: progress enemyHp=[261:0/20,263:0/20] playerHp=[143:230/303,248:225/225]",
    "wave 6: reward shop owner=host leave",
    "wave 7 turn 1: replay guest crossed cmd:7:1 through real public COMMAND=opened",
    "wave 7: host slot move=85 guest slot move=53",
    "wave 7 turn 1: progress enemyHp=[16:0/20,41:0/22] playerHp=[143:230/303,248:225/225]",
    "wave 7: reward shop owner=guest take-nonparty",
    "wave 8 turn 1: replay guest crossed cmd:8:1 through real public COMMAND=opened",
    "wave 8: TRAINER (fixed)",
    "wave 8: host slot move=53 guest slot move=53",
    "wave 8 turn 1: progress enemyHp=[906:0/24,16:0/22] playerHp=[143:230/303,248:225/225]",
    "wave 8: reward shop owner=host take-nonparty",
    "wave 9 turn 1: replay guest crossed cmd:9:1 through real public COMMAND=opened",
    "wave 9: host slot move=85 guest slot move=247",
    "wave 9 turn 1: progress enemyHp=[915:0/26,41:0/22] playerHp=[143:230/303,248:225/225]",
    "wave 9: reward shop owner=guest take-nonparty",
    "wave 10 turn 1: replay guest crossed cmd:10:1 through real public COMMAND=opened",
    "wave 10: host slot move=53 guest slot move=53",
    "wave 10 turn 1: progress enemyHp=[263:0/22,915:0/29] playerHp=[143:230/303,248:225/225]",
    "wave 10: biome market owner=host leave",
    "wave 10: drained 1 milestone reward continuation(s)",
    "wave 10: guest chose Crossroads Leave through public UI",
    "wave 10: guest drove World Map via public UI=true and both consumed 1826970877648924:1:BIOME_PICK:9700011",
    "wave 11 turn 1: replay guest crossed cmd:11:1 through real public COMMAND=opened",
    "wave 11: BIOME 1->2",
    "wave 11: host slot move=247 guest slot move=53",
    "wave 11 turn 1: progress enemyHp=[548:0/25,548:0/25] playerHp=[143:303/303,248:225/225]",
    "wave 11: reward shop owner=host leave",
    "wave 12 turn 1: replay guest crossed cmd:12:1 through real public COMMAND=opened",
    "wave 12: host slot move=85 guest slot move=53",
    "wave 12 turn 1: progress enemyHp=[546:0/26,543:0/25] playerHp=[143:303/303,248:225/225]",
    "wave 12: reward shop owner=guest leave",
    "wave 13 turn 1: replay guest crossed cmd:13:1 through real public COMMAND=opened",
    "wave 13: host slot move=247 guest slot move=85",
    "wave 13 turn 1: progress enemyHp=[268:0/30,268:0/28] playerHp=[143:303/303,248:225/225]",
    "wave 13: reward shop owner=host leave",
    "wave 14 turn 1: replay guest crossed cmd:14:1 through real public COMMAND=opened",
    "wave 14: host slot move=53 guest slot move=53",
    "wave 14 turn 1: progress enemyHp=[420:0/29,10307:0/35] playerHp=[143:303/303,248:225/225]",
    "wave 14: reward shop owner=guest leave",
    "wave 15 turn 1: replay guest crossed cmd:15:1 through real public COMMAND=opened",
    "wave 15 turn 1: host SWITCH -> party[2]",
    "wave 15: host slot move=85 guest slot move=247",
    "wave 15 turn 1: progress enemyHp=[285:32/32,58:0/34] playerHp=[149:213/213,248:197/225]",
    "wave 15 turn 2: replay guest crossed cmd:15:2 through real public COMMAND=opened",
    "wave 15: reward shop owner=host leave",
    "wave 15: guest chose Crossroads Leave through public UI",
    "wave 15: guest drove World Map via public UI=true and both consumed 1826970877648924:1:BIOME_PICK:9700017",
    "wave 16 turn 1: replay guest crossed cmd:16:1 through real public COMMAND=opened",
    "wave 16: BIOME 2->3",
    "wave 16: host slot move=247 guest slot move=53",
    "wave 16 turn 1: progress enemyHp=[919:27/27,10306:0/38] playerHp=[149:213/213,248:197/225]",
    "wave 16 turn 2: replay guest crossed cmd:16:2 through real public COMMAND=opened",
    "wave 16 turn 2: guest SWITCH -> party[3]",
    "wave 16: reward shop owner=host take-nonparty",
    "wave 17 turn 1: replay guest crossed cmd:17:1 through real public COMMAND=opened",
    "wave 17 turn 1: host SWITCH -> party[2]",
    "wave 17: host slot move=53 guest slot move=53",
    "wave 17 turn 1: progress enemyHp=[664:30/30,919:0/29] playerHp=[143:303/303,94:179/179]",
    "wave 17 turn 2: replay guest crossed cmd:17:2 through real public COMMAND=opened",
    "wave 17: reward shop owner=guest take-nonparty",
    "wave 18 turn 1: replay guest crossed cmd:18:1 through real public COMMAND=opened",
    "wave 18: host slot move=53 guest slot move=53",
    "wave 18 turn 1: progress enemyHp=[44:0/40,919:33/33] playerHp=[143:303/303,94:179/179]",
    "wave 18 turn 2: replay guest crossed cmd:18:2 through real public COMMAND=opened",
    "wave 18: reward shop owner=host leave",
    "wave 19 turn 1: replay guest crossed cmd:19:1 through real public COMMAND=opened",
    "wave 19: host slot move=53 guest slot move=85",
    "wave 19 turn 1: progress enemyHp=[290:33/33,48:0/40] playerHp=[143:303/303,94:179/179]",
    "wave 19 turn 2: replay guest crossed cmd:19:2 through real public COMMAND=opened",
    "wave 19: reward shop owner=guest leave",
    "wave 20 turn 1: replay guest crossed cmd:20:1 through real public COMMAND=opened",
    "wave 20: host slot move=247 guest slot move=53",
    "wave 20 turn 1: progress enemyHp=[950:0/47,402:0/47] playerHp=[143:303/303,94:179/179]",
    "wave 20: biome market owner=host leave",
    "wave 20: drained 1 milestone reward continuation(s)",
    "wave 20: guest chose Crossroads Leave through public UI",
    "wave 20: guest drove World Map via public UI=true and both consumed 1826970877648924:1:BIOME_PICK:9700023",
    "wave 21 turn 1: replay guest crossed cmd:21:1 through real public COMMAND=opened",
    "wave 21: BIOME 3->5",
    "wave 21: host slot move=85 guest slot move=53",
    "wave 21 turn 1: progress enemyHp=[543:0/36,273:0/39] playerHp=[143:303/303,94:179/179]",
    "wave 21: reward shop owner=host leave",
    "wave 22 turn 1: replay guest crossed cmd:22:1 through real public COMMAND=opened",
    "wave 22 turn 1: host SWITCH -> party[2]",
    "wave 22: host slot move=53 guest slot move=53",
    "wave 22 turn 1: progress enemyHp=[944:37/37,918:0/56] playerHp=[149:213/213,94:179/179]",
    "wave 22 turn 2: replay guest crossed cmd:22:2 through real public COMMAND=opened",
    "wave 22: reward shop owner=guest leave",
    "wave 23 turn 1: replay guest crossed cmd:23:1 through real public COMMAND=opened",
    "wave 23: host slot move=85 guest slot move=247",
    "wave 23 turn 1: progress enemyHp=[917:0/42,273:0/37] playerHp=[149:210/213,94:179/179]",
    "wave 23: reward shop owner=host leave",
    "wave 24 turn 1: replay guest crossed cmd:24:1 through real public COMMAND=opened",
    "wave 24: host slot move=247 guest slot move=53",
    "wave 24 turn 1: progress enemyHp=[269:0/52,944:0/41] playerHp=[149:206/213,94:179/179]",
    "wave 24: reward shop owner=guest leave",
    "wave 25 turn 1: replay guest crossed cmd:25:1 through real public COMMAND=opened",
    "wave 25: TRAINER (fixed)",
    "wave 25: host slot move=53 guest slot move=85",
    "wave 25 turn 1: progress enemyHp=[907:0/57,17:0/53] playerHp=[149:206/213,94:179/179]",
    "wave 25 turn 2: replay guest crossed cmd:25:2 through real public COMMAND=opened",
    "wave 25: reward shop owner=host leave",
    "wave 25: guest chose Crossroads Leave through public UI",
    "wave 25: guest drove World Map via public UI=true and both consumed 1826970877648924:1:BIOME_PICK:9700029",
    "wave 26 turn 1: replay guest crossed cmd:26:1 through real public COMMAND=opened",
    "wave 26: BIOME 5->27",
    "wave 26: host slot move=53 guest slot move=247",
    "wave 26 turn 1: progress enemyHp=[595:0/53,193:0/59] playerHp=[149:206/213,94:179/179]",
    "wave 26: reward shop owner=host leave",
    "wave 27 turn 1: replay guest crossed cmd:27:1 through real public COMMAND=opened",
    "wave 27: host slot move=247 guest slot move=53",
    "wave 27 turn 1: progress enemyHp=[420:0/49,171:0/82] playerHp=[149:205/213,94:179/179]",
    "wave 27: reward shop owner=guest take-nonparty",
    "wave 28 turn 1: replay guest crossed cmd:28:1 through real public COMMAND=opened",
    "wave 28: host slot move=247 guest slot move=85",
    "wave 28 turn 1: progress enemyHp=[541:58/58,415:0/50] playerHp=[149:205/213,94:179/179]",
    "wave 28 turn 2: replay guest crossed cmd:28:2 through real public COMMAND=opened",
    "wave 28: reward shop owner=host take-nonparty",
    "wave 29 turn 1: replay guest crossed cmd:29:1 through real public COMMAND=opened",
    "wave 29: host slot move=85 guest slot move=247",
    "wave 29 turn 1: progress enemyHp=[732:0/55,420:0/54] playerHp=[149:205/213,94:179/179]",
    "wave 29: reward shop owner=guest leave",
    "wave 30 turn 1: replay guest crossed cmd:30:1 through real public COMMAND=opened",
    "wave 30: TRAINER (random)",
    "wave 30: host slot move=53 guest slot move=85",
    "wave 30 turn 1: progress enemyHp=[69:0/67,188:0/60] playerHp=[149:205/213,94:179/179]",
    "wave 30 turn 2: replay guest crossed cmd:30:2 through real public COMMAND=opened",
    "wave 30: biome market owner=host leave",
    "wave 30: drained 1 milestone reward continuation(s)",
    "wave 30: guest chose Crossroads Leave through public UI",
    "wave 30: guest drove World Map via public UI=true and both consumed 1826970877648924:1:BIOME_PICK:9700035",
    "wave 31 turn 1: replay guest crossed cmd:31:1 through real public COMMAND=opened",
    "wave 31: BIOME 27->29",
    "wave 31: host slot move=85 guest slot move=85",
    "wave 31 turn 1: progress enemyHp=[679:0/49,355:0/45] playerHp=[149:213/213,94:179/179]",
    "wave 31: reward shop owner=host leave",
    "wave 32 turn 1: replay guest crossed cmd:32:1 through real public COMMAND=opened",
    "wave 32 turn 1: host SWITCH -> party[2]",
    "wave 32: host slot move=247 guest slot move=85",
    "wave 32 turn 1: progress enemyHp=[355:47/47,433:0/54] playerHp=[143:303/303,94:179/179]",
    "wave 32 turn 2: replay guest crossed cmd:32:2 through real public COMMAND=opened",
    "wave 32 turn 2: host SWITCH -> party[2]",
    "wave 32 turn 2: guest SWITCH -> party[3]",
    "wave 32 turn 3: replay guest crossed cmd:32:3 through real public COMMAND=opened",
    "wave 32: reward shop owner=guest take-nonparty",
    "wave 33 turn 1: replay guest crossed cmd:33:1 through real public COMMAND=opened",
    "wave 33: host slot move=247 guest slot move=53",
    "wave 33 turn 1: progress enemyHp=[10440:67/67,622:0/57] playerHp=[149:204/213,248:221/225]",
    "wave 33 turn 2: replay guest crossed cmd:33:2 through real public COMMAND=opened",
    "wave 33: reward shop owner=host take-nonparty",
    "wave 34 turn 1: replay guest crossed cmd:34:1 through real public COMMAND=opened",
    "wave 34: host slot move=53 guest slot move=53",
    "wave 34 turn 1: progress enemyHp=[10440:70/70,679:0/58] playerHp=[149:192/213,248:219/225]",
    "wave 34 turn 2: replay guest crossed cmd:34:2 through real public COMMAND=opened",
    "wave 34: reward shop owner=guest leave",
    "wave 35 turn 1: replay guest crossed cmd:35:1 through real public COMMAND=opened",
    "wave 35: TRAINER (fixed)",
    "wave 35: host slot move=247 guest slot move=247",
    "wave 35 turn 1: progress enemyHp=[978:10/74,211:0/72] playerHp=[149:192/213,248:196/225]",
    "wave 35 turn 2: replay guest crossed cmd:35:2 through real public COMMAND=opened",
    "wave 35 turn 2: host SWITCH -> party[2]",
    "wave 35: reward shop owner=host leave",
    "wave 35: guest chose Crossroads Leave through public UI",
    "wave 35: guest drove World Map via public UI=true and both consumed 1826970877648924:1:BIOME_PICK:9700041",
    "wave 36 turn 1: replay guest crossed cmd:36:1 through real public COMMAND=opened",
    "wave 36: BIOME 29->14",
    "wave 36 turn 1: host SWITCH -> party[2]",
    "wave 36: host slot move=53 guest slot move=247",
    "wave 36 turn 1: progress enemyHp=[347:60/60,552:0/73] playerHp=[149:179/213,248:200/225]",
    "wave 36 turn 2: replay guest crossed cmd:36:2 through real public COMMAND=opened",
    "wave 36 turn 2: host SWITCH -> party[2]",
    "wave 36 turn 2: guest SWITCH -> party[3]",
    "wave 36 turn 3: replay guest crossed cmd:36:3 through real public COMMAND=opened",
    "wave 36: reward shop owner=host leave",
    "wave 37 turn 1: replay guest crossed cmd:37:1 through real public COMMAND=opened",
    "wave 37: host slot move=53 guest slot move=53",
    "wave 37 turn 1: progress enemyHp=[551:0/63,694:0/64] playerHp=[143:249/303,94:127/179]",
    "wave 37: reward shop owner=guest leave",
    "wave 38 turn 1: replay guest crossed cmd:38:1 through real public COMMAND=opened",
    "wave 38: host slot move=247 guest slot move=53",
    "wave 38 turn 1: progress enemyHp=[329:0/63,953:0/61] playerHp=[143:231/303,94:116/179]",
    "wave 38: reward shop owner=host leave",
    "wave 39 turn 1: replay guest crossed cmd:39:1 through real public COMMAND=opened",
    "wave 39: host slot move=53 guest slot move=53",
    "wave 39 turn 1: progress enemyHp=[946:0/72,953:0/61] playerHp=[143:213/303,94:105/179]",
    "wave 39: reward shop owner=guest leave",
    "wave 40 turn 1: replay guest crossed cmd:40:1 through real public COMMAND=opened",
    "wave 40 turn 1: host SWITCH -> party[2]",
    "wave 40: host slot move=85 guest slot move=53",
    "wave 40 turn 1: progress enemyHp=[348:101/101,694:0/71] playerHp=[149:166/213,94:77/179]",
    "wave 40 turn 2: replay guest crossed cmd:40:2 through real public COMMAND=opened",
    "wave 40: biome market owner=host leave",
    "wave 40: drained 1 milestone reward continuation(s)",
    "wave 40: guest chose Crossroads Leave through public UI",
    "wave 40: guest drove World Map via public UI=true and both consumed 1826970877648924:1:BIOME_PICK:9700047",
    "wave 41 turn 1: replay guest crossed cmd:41:1 through real public COMMAND=opened",
    "wave 41: BIOME 14->22",
    "wave 41: host slot move=85 guest slot move=247",
    "wave 41 turn 1: progress enemyHp=[605:0/80,958:0/80] playerHp=[149:213/213,94:176/179]",
    "wave 41: reward shop owner=host leave",
    "wave 42 turn 1: replay guest crossed cmd:42:1 through real public COMMAND=opened",
    "wave 42 turn 1: host SWITCH -> party[2]",
    "wave 42: host slot move=85 guest slot move=85",
    "wave 42 turn 1: progress enemyHp=[177:71/71,605:0/80] playerHp=[143:303/303,94:176/179]",
    "wave 42 turn 2: replay guest crossed cmd:42:2 through real public COMMAND=opened",
    "wave 42: reward shop owner=guest take-nonparty",
    "wave 43 turn 1: replay guest crossed cmd:43:1 through real public COMMAND=opened",
    "wave 43: host slot move=53 guest slot move=247",
    "wave 43 turn 1: progress enemyHp=[202:40/158,561:0/84] playerHp=[143:185/303,94:176/179]",
    "wave 43 turn 2: replay guest crossed cmd:43:2 through real public COMMAND=opened",
    "wave 43: reward shop owner=host leave",
    "wave 44 turn 1: replay guest crossed cmd:44:1 through real public COMMAND=opened",
    "wave 44: host slot move=247 guest slot move=85",
    "wave 44 turn 1: guest SWITCH -> party[5]",
    "wave 44 turn 1: progress enemyHp=[561:0/89,605:85/85] playerHp=[143:185/303,445:220/235]",
    "wave 44 turn 2: replay guest crossed cmd:44:2 through real public COMMAND=opened",
    "wave 44: reward shop owner=guest leave",
    "wave 45 turn 1: replay guest crossed cmd:45:1 through real public COMMAND=opened",
    "wave 45: host slot move=247 guest slot move=53",
    "wave 45 turn 1: progress enemyHp=[958:39/83,201:20/89] playerHp=[143:185/303,445:210/235]",
    "wave 45 turn 2: replay guest crossed cmd:45:2 through real public COMMAND=opened",
    "wave 45: reward shop owner=host take-nonparty",
    "wave 45: guest chose Crossroads Leave through public UI",
    "wave 45: guest drove World Map via public UI=true and both consumed 1826970877648924:1:BIOME_PICK:9700053",
    "wave 46 turn 1: replay guest crossed cmd:46:1 through real public COMMAND=opened",
    "wave 46: BIOME 22->11",
    "wave 46: host slot move=247 guest slot move=247",
    "wave 46 turn 1: progress enemyHp=[304:1/79,111:0/103] playerHp=[143:185/303,445:210/235]",
    "wave 46 turn 2: replay guest crossed cmd:46:2 through real public COMMAND=opened",
    "wave 46: reward shop owner=host take-nonparty",
    "wave 47 turn 1: replay guest crossed cmd:47:1 through real public COMMAND=opened",
    "wave 47: host slot move=247 guest slot move=247",
    "wave 47 turn 1: progress enemyHp=[177:0/79,177:0/69] playerHp=[143:185/303,445:210/235]",
    "wave 47: reward shop owner=guest leave",
    "wave 48 turn 1: replay guest crossed cmd:48:1 through real public COMMAND=opened",
    "wave 48: host slot move=53 guest slot move=53",
    "wave 48 turn 1: progress enemyHp=[22:85/85,22:0/90] playerHp=[143:185/303,445:210/235]",
    "wave 48 turn 2: replay guest crossed cmd:48:2 through real public COMMAND=opened",
    "wave 48: reward shop owner=host revive party[3]",
    "wave 49 turn 1: replay guest crossed cmd:49:1 through real public COMMAND=opened",
    "wave 49: host slot move=85 guest slot move=85",
    "wave 49 turn 1: progress enemyHp=[22:0/93,219:0/92] playerHp=[143:185/303,445:169/235]",
    "wave 49: reward shop owner=guest leave",
    "wave 50 turn 1: replay guest crossed cmd:50:1 through real public COMMAND=opened",
    "wave 50: host slot move=247 guest slot move=247",
    "wave 50 turn 1: progress enemyHp=[673:77/153,305:0/110] playerHp=[143:185/303,445:142/235]",
    "wave 50 turn 2: replay guest crossed cmd:50:2 through real public COMMAND=opened",
    "wave 50: biome market owner=host leave",
    "wave 50: drained 1 milestone reward continuation(s)",
    "wave 50: guest chose Crossroads Leave through public UI",
    "wave 50: guest drove World Map via public UI=true and both consumed 1826970877648924:1:BIOME_PICK:9700059",
    "wave 51 turn 1: replay guest crossed cmd:51:1 through real public COMMAND=opened",
    "wave 51: BIOME 11->18",
    "wave 51: host slot move=53 guest slot move=247",
    "wave 51 turn 1: guest SWITCH -> party[3]",
    "wave 51 turn 1: progress enemyHp=[324:94/94,262:0/99] playerHp=[143:285/303,94:157/179]",
    "wave 51 turn 2: replay guest crossed cmd:51:2 through real public COMMAND=opened",
    "wave 51 turn 2: guest SWITCH -> party[3]",
    "wave 51 turn 3: replay guest crossed cmd:51:3 through real public COMMAND=opened",
    "wave 51: reward shop owner=host leave",
    "wave 52 turn 1: replay guest crossed cmd:52:1 through real public COMMAND=opened",
    "wave 52: host slot move=247 guest slot move=85",
    "wave 52 turn 1: progress enemyHp=[37:0/80,58:0/96] playerHp=[143:267/303,445:225/235]",
    "wave 52: reward shop owner=guest take-nonparty",
    "wave 53 turn 1: replay guest crossed cmd:53:1 through real public COMMAND=opened",
    "wave 53 turn 1: host SWITCH -> party[2]",
    "wave 53: host slot move=247 guest slot move=85",
    "wave 53 turn 1: progress enemyHp=[324:102/102,77:0/93] playerHp=[149:213/213,445:225/235]",
    "wave 53 turn 2: replay guest crossed cmd:53:2 through real public COMMAND=opened",
    "wave 53: reward shop owner=host leave",
    "wave 54 turn 1: replay guest crossed cmd:54:1 through real public COMMAND=opened",
    "wave 54 turn 1: host SWITCH -> party[2]",
    "wave 54: host slot move=247 guest slot move=247",
    "wave 54 turn 1: progress enemyHp=[323:121/121,631:130/130] playerHp=[143:267/303,445:159/235]",
    "wave 54 turn 2: replay guest crossed cmd:54:2 through real public COMMAND=opened",
    "wave 54 turn 3: replay guest crossed cmd:54:3 through real public COMMAND=opened",
    "wave 54 turn 4: replay guest crossed cmd:54:4 through real public COMMAND=opened",
    "wave 54 turn 5: replay guest crossed cmd:54:5 through real public COMMAND=opened",
    "wave 54 turn 6: replay guest crossed cmd:54:6 through real public COMMAND=opened",
    "wave 54: reward shop owner=guest take-nonparty",
    "wave 55 turn 1: replay guest crossed cmd:55:1 through real public COMMAND=opened",
    "wave 55: TRAINER (fixed)",
    "wave 55: host slot move=247 guest slot move=85",
    "wave 55 turn 1: progress enemyHp=[908:95/130,18:0/122] playerHp=[143:216/303,94:102/179]",
    "wave 55 turn 2: replay guest crossed cmd:55:2 through real public COMMAND=opened",
    "wave 55 turn 2: host SWITCH -> party[2]",
    "wave 55 turn 3: replay guest crossed cmd:55:3 through real public COMMAND=opened",
    "wave 55 turn 4: replay guest crossed cmd:55:4 through real public COMMAND=opened",
    "wave 55: reward shop owner=host revive party[3]",
    "wave 55: guest chose Crossroads Leave through public UI",
    "wave 55: guest drove World Map via public UI=true and both consumed 1826970877648924:1:BIOME_PICK:9700065",
    "wave 56 turn 1: replay guest crossed cmd:56:1 through real public COMMAND=opened",
    "wave 56: BIOME 18->8",
    "wave 56: host slot move=247 guest slot move=247",
    "wave 56 turn 1: progress enemyHp=[978:26/111,90:1/76] playerHp=[149:213/213,94:61/179]",
    "wave 56 turn 2: replay guest crossed cmd:56:2 through real public COMMAND=opened",
    "wave 56: reward shop owner=host leave",
    "wave 57 turn 1: replay guest crossed cmd:57:1 through real public COMMAND=opened",
    "wave 57: host slot move=247 guest slot move=247",
    "wave 57 turn 1: progress enemyHp=[414:55/111,342:16/110] playerHp=[149:213/213,94:61/179]",
    "wave 57 turn 2: replay guest crossed cmd:57:2 through real public COMMAND=opened",
    "wave 57: reward shop owner=guest leave",
    "wave 58 turn 1: replay guest crossed cmd:58:1 through real public COMMAND=opened",
    "wave 58: host slot move=247 guest slot move=53",
    "wave 58 turn 1: progress enemyHp=[342:48/102,978:87/108] playerHp=[149:183/213,94:61/179]",
    "wave 58 turn 2: replay guest crossed cmd:58:2 through real public COMMAND=opened",
    "wave 58 turn 3: replay guest crossed cmd:58:3 through real public COMMAND=opened",
    "wave 58: reward shop owner=host leave",
    "wave 59 turn 1: replay guest crossed cmd:59:1 through real public COMMAND=opened",
    "wave 59: host slot move=53 guest slot move=85",
    "wave 59 turn 1: progress enemyHp=[978:77/111,692:11/119] playerHp=[149:154/213,94:61/179]",
    "wave 59 turn 2: replay guest crossed cmd:59:2 through real public COMMAND=opened",
    "wave 59 turn 3: replay guest crossed cmd:59:3 through real public COMMAND=opened",
    "wave 59 turn 4: replay guest crossed cmd:59:4 through real public COMMAND=opened",
    "wave 59: reward shop owner=guest take-nonparty",
    "wave 60 turn 1: replay guest crossed cmd:60:1 through real public COMMAND=opened",
    "wave 60: TRAINER (random)",
    "wave 60: host slot move=247 guest slot move=53",
    "wave 60 turn 1: progress enemyHp=[279:30/115,10075:103/123] playerHp=[149:124/213,445:0/235]",
    "wave 60 turn 2: replay guest crossed cmd:60:2 through real public COMMAND=opened",
    "wave 60 turn 3: replay guest crossed cmd:60:3 through real public COMMAND=opened",
    "wave 60 turn 4: replay guest crossed cmd:60:4 through real public COMMAND=opened"
  ]
}