{
  "invariant": "no-park",
  "seed": 20260715,
  "wave": 70,
  "detail": "wave driving threw (strand/stall): guest retained wave 70 did not reach continuationReady within 24 destination pumps (current=NewBattlePhase dataApplied=true continuationReady=false)",
  "replay": "SOAK_SEED=20260715",
  "phaseState": {
    "hostPhase": "NewBattlePhase",
    "guestPhase": "NewBattlePhase",
    "hostInteractionCounter": 83,
    "guestInteractionCounter": 83,
    "hostWave": 70,
    "hostBattleType": 0,
    "hostPlayerField": [
      {
        "id": 196229763,
        "battlerIndex": -1,
        "speciesId": 890,
        "speciesName": "Eternatus",
        "hp": 2065,
        "maxHp": 2065,
        "fainted": false,
        "status": 0,
        "statStages": [
          0,
          0,
          2,
          0,
          0,
          0,
          0
        ],
        "moves": [
          {
            "id": 34,
            "ppUsed": 0
          },
          {
            "id": 247,
            "ppUsed": 0
          },
          {
            "id": 53,
            "ppUsed": 0
          },
          {
            "id": 85,
            "ppUsed": 0
          }
        ],
        "coopOwner": "host"
      },
      {
        "id": 2043291692,
        "battlerIndex": -1,
        "speciesId": 384,
        "speciesName": "Rayquaza",
        "hp": 1715,
        "maxHp": 1715,
        "fainted": false,
        "status": 0,
        "statStages": [
          0,
          0,
          0,
          0,
          0,
          0,
          0
        ],
        "moves": [
          {
            "id": 34,
            "ppUsed": 0
          },
          {
            "id": 247,
            "ppUsed": 0
          },
          {
            "id": 53,
            "ppUsed": 0
          },
          {
            "id": 85,
            "ppUsed": 0
          }
        ],
        "coopOwner": "guest"
      }
    ],
    "hostEnemyField": [
      {
        "id": 39457962,
        "battlerIndex": -1,
        "speciesId": 226,
        "speciesName": "Mantine",
        "hp": 0,
        "maxHp": 172,
        "fainted": true,
        "status": 7,
        "statStages": [
          0,
          0,
          0,
          0,
          0,
          0,
          0
        ],
        "moves": [
          {
            "id": 5182,
            "ppUsed": 1
          },
          {
            "id": 5131,
            "ppUsed": 0
          },
          {
            "id": 102,
            "ppUsed": 0
          },
          {
            "id": 503,
            "ppUsed": 0
          }
        ]
      },
      {
        "id": 3850928634,
        "battlerIndex": -1,
        "speciesId": 211,
        "speciesName": "Qwilfish",
        "hp": 0,
        "maxHp": 140,
        "fainted": true,
        "status": 7,
        "statStages": [
          0,
          0,
          0,
          0,
          0,
          0,
          0
        ],
        "moves": [
          {
            "id": 127,
            "ppUsed": 0
          },
          {
            "id": 661,
            "ppUsed": 0
          },
          {
            "id": 839,
            "ppUsed": 0
          },
          {
            "id": 256,
            "ppUsed": 0
          }
        ]
      }
    ],
    "guestPlayerField": [
      {
        "id": 196229763,
        "battlerIndex": 0,
        "speciesId": 890,
        "speciesName": "Eternatus",
        "hp": 2065,
        "maxHp": 2065,
        "fainted": false,
        "status": 0,
        "statStages": [
          0,
          0,
          2,
          0,
          0,
          0,
          0
        ],
        "moves": [
          {
            "id": 34,
            "ppUsed": 0
          },
          {
            "id": 247,
            "ppUsed": 0
          },
          {
            "id": 53,
            "ppUsed": 0
          },
          {
            "id": 85,
            "ppUsed": 0
          }
        ],
        "coopOwner": "host"
      },
      {
        "id": 2043291692,
        "battlerIndex": 1,
        "speciesId": 384,
        "speciesName": "Rayquaza",
        "hp": 1715,
        "maxHp": 1715,
        "fainted": false,
        "status": 0,
        "statStages": [
          0,
          0,
          0,
          0,
          0,
          0,
          0
        ],
        "moves": [
          {
            "id": 34,
            "ppUsed": 0
          },
          {
            "id": 247,
            "ppUsed": 0
          },
          {
            "id": 53,
            "ppUsed": 0
          },
          {
            "id": 85,
            "ppUsed": 0
          }
        ],
        "coopOwner": "guest"
      }
    ],
    "guestEnemyField": [
      {
        "id": 39457962,
        "battlerIndex": 2,
        "speciesId": 226,
        "speciesName": "Mantine",
        "hp": 0,
        "maxHp": 172,
        "fainted": true,
        "status": 7,
        "statStages": [
          0,
          0,
          0,
          0,
          0,
          0,
          0
        ],
        "moves": [
          {
            "id": 5182,
            "ppUsed": 1
          },
          {
            "id": 5131,
            "ppUsed": 0
          },
          {
            "id": 102,
            "ppUsed": 0
          },
          {
            "id": 503,
            "ppUsed": 0
          }
        ]
      },
      {
        "id": 3850928634,
        "battlerIndex": 3,
        "speciesId": 211,
        "speciesName": "Qwilfish",
        "hp": 0,
        "maxHp": 140,
        "fainted": true,
        "status": 7,
        "statStages": [
          0,
          0,
          0,
          0,
          0,
          0,
          0
        ],
        "moves": [
          {
            "id": 127,
            "ppUsed": 0
          },
          {
            "id": 661,
            "ppUsed": 0
          },
          {
            "id": 839,
            "ppUsed": 0
          },
          {
            "id": 256,
            "ppUsed": 0
          }
        ]
      }
    ]
  },
  "actionScript": [
    "SKIP mysteryEncounterDisabledV1",
    "content seed=coop-soak-20260715 preseeded=false",
    "wave 1 turn 1: replay guest crossed cmd:1:1 through real public COMMAND=opened",
    "wave 1: host slot move=53 guest slot move=53",
    "wave 1 turn 1: progress enemyHp=[16:0/14,263:0/14] playerHp=[890:2061/2065,384:1715/1715]",
    "wave 1: reward shop owner=host take-nonparty",
    "wave 2 turn 1: replay guest crossed cmd:2:1 through real public COMMAND=opened",
    "wave 2: host slot move=34 guest slot move=53",
    "wave 2 turn 1: progress enemyHp=[824:15/15,924:0/16] playerHp=[890:2060/2065,384:1500/1715]",
    "wave 2 turn 2: replay guest crossed cmd:2:2 through real public COMMAND=opened",
    "wave 2 turn 2: host SWITCH -> party[2]",
    "wave 2: reward shop owner=guest take-nonparty",
    "wave 3 turn 1: replay guest crossed cmd:3:1 through real public COMMAND=opened",
    "wave 3: host slot move=85 guest slot move=53",
    "wave 3 turn 1: guest SWITCH -> party[3]",
    "wave 3 turn 1: progress enemyHp=[21:16/16,285:17/17] playerHp=[493:1865/1865,150:1722/1725]",
    "wave 3 turn 2: replay guest crossed cmd:3:2 through real public COMMAND=opened",
    "wave 3 turn 2: guest SWITCH -> party[3]",
    "wave 3 turn 3: replay guest crossed cmd:3:3 through real public COMMAND=opened",
    "wave 3: reward shop owner=host leave",
    "wave 4 turn 1: replay guest crossed cmd:4:1 through real public COMMAND=opened",
    "wave 4: host slot move=34 guest slot move=53",
    "wave 4 turn 1: progress enemyHp=[915:0/17,831:0/18] playerHp=[493:1865/1865,384:1073/1715]",
    "wave 4: reward shop owner=guest take-nonparty",
    "wave 5 turn 1: replay guest crossed cmd:5:1 through real public COMMAND=opened",
    "wave 5: TRAINER (fixed)",
    "wave 5 turn 1: host SWITCH -> party[2]",
    "wave 5: host slot move=85 guest slot move=34",
    "wave 5 turn 1: progress enemyHp=[263:17/18,13:0/18] playerHp=[890:2065/2065,384:856/1715]",
    "wave 5 turn 2: replay guest crossed cmd:5:2 through real public COMMAND=opened",
    "wave 5: reward shop owner=host take-nonparty",
    "wave 5: guest chose Crossroads Leave through public UI",
    "wave 5: guest drove World Map via public UI=true and both consumed 1826968056234627:1:BIOME_PICK:9700005",
    "wave 6 turn 1: replay guest crossed cmd:6:1 through real public COMMAND=opened",
    "wave 6: BIOME 0->1",
    "wave 6: host slot move=34 guest slot move=85",
    "wave 6 turn 1: progress enemyHp=[519:0/20,399:0/23] playerHp=[890:2059/2065,384:428/1715]",
    "wave 6: reward shop owner=host leave",
    "wave 7 turn 1: replay guest crossed cmd:7:1 through real public COMMAND=opened",
    "wave 7: host slot move=34 guest slot move=85",
    "wave 7 turn 1: progress enemyHp=[734:0/21,819:0/26] playerHp=[890:2059/2065,384:214/1715]",
    "wave 7: reward shop owner=guest leave",
    "wave 8 turn 1: replay guest crossed cmd:8:1 through real public COMMAND=opened",
    "wave 8: TRAINER (fixed)",
    "wave 8: host slot move=85 guest slot move=53",
    "wave 8 turn 1: progress enemyHp=[653:0/24,731:0/22] playerHp=[890:2052/2065,384:0/1715]",
    "wave 8: reward shop owner=host take-nonparty",
    "wave 9 turn 1: replay guest crossed cmd:9:1 through real public COMMAND=opened",
    "wave 9: host slot move=85 guest slot move=85",
    "wave 9 turn 1: guest SWITCH -> party[5]",
    "wave 9 turn 1: progress enemyHp=[427:0/24,263:24/24] playerHp=[890:2058/2065,888:1585/1585]",
    "wave 9 turn 2: replay guest crossed cmd:9:2 through real public COMMAND=opened",
    "wave 9 turn 2: host SWITCH -> party[2]",
    "wave 9: reward shop owner=guest leave",
    "wave 10 turn 1: replay guest crossed cmd:10:1 through real public COMMAND=opened",
    "wave 10: host slot move=85 guest slot move=34",
    "wave 10 turn 1: progress enemyHp=[263:0/24,915:0/26] playerHp=[493:1865/1865,888:1585/1585]",
    "wave 10: biome market owner=host leave",
    "wave 10: drained 1 milestone reward continuation(s)",
    "wave 10: guest chose Crossroads Leave through public UI",
    "wave 10: guest drove World Map via public UI=true and both consumed 1826968056234627:1:BIOME_PICK:9700011",
    "wave 11 turn 1: replay guest crossed cmd:11:1 through real public COMMAND=opened",
    "wave 11: BIOME 1->2",
    "wave 11 turn 1: host SWITCH -> party[2]",
    "wave 11: host slot move=34 guest slot move=53",
    "wave 11 turn 1: progress enemyHp=[546:24/24,548:0/27] playerHp=[890:2065/2065,888:1585/1585]",
    "wave 11 turn 2: replay guest crossed cmd:11:2 through real public COMMAND=opened",
    "wave 11: reward shop owner=host leave",
    "wave 12 turn 1: replay guest crossed cmd:12:1 through real public COMMAND=opened",
    "wave 12: TRAINER (random)",
    "wave 12 turn 1: host SWITCH -> party[2]",
    "wave 12: host slot move=85 guest slot move=247",
    "wave 12 turn 1: progress enemyHp=[447:26/26,406:0/26] playerHp=[493:1865/1865,888:1583/1585]",
    "wave 12 turn 2: replay guest crossed cmd:12:2 through real public COMMAND=opened",
    "wave 12 turn 3: replay guest crossed cmd:12:3 through real public COMMAND=opened",
    "wave 12: reward shop owner=guest leave",
    "wave 13 turn 1: replay guest crossed cmd:13:1 through real public COMMAND=opened",
    "wave 13: host slot move=53 guest slot move=34",
    "wave 13 turn 1: progress enemyHp=[285:0/30,266:0/30] playerHp=[493:1865/1865,888:1585/1585]",
    "wave 13: reward shop owner=host leave",
    "wave 14 turn 1: replay guest crossed cmd:14:1 through real public COMMAND=opened",
    "wave 14: host slot move=247 guest slot move=85",
    "wave 14 turn 1: guest SWITCH -> party[3]",
    "wave 14 turn 1: progress enemyHp=[58:0/31,266:30/30] playerHp=[493:1865/1865,384:1713/1715]",
    "wave 14 turn 2: replay guest crossed cmd:14:2 through real public COMMAND=opened",
    "wave 14: reward shop owner=guest leave",
    "wave 15 turn 1: replay guest crossed cmd:15:1 through real public COMMAND=opened",
    "wave 15: host slot move=34 guest slot move=53",
    "wave 15 turn 1: progress enemyHp=[266:0/33,285:0/32] playerHp=[493:1865/1865,384:1713/1715]",
    "wave 15: reward shop owner=host leave",
    "wave 15: guest chose Crossroads Leave through public UI",
    "wave 15: guest drove World Map via public UI=true and both consumed 1826968056234627:1:BIOME_PICK:9700017",
    "wave 16 turn 1: replay guest crossed cmd:16:1 through real public COMMAND=opened",
    "wave 16: BIOME 2->3",
    "wave 16: host slot move=85 guest slot move=85",
    "wave 16 turn 1: progress enemyHp=[48:0/37,302:0/39] playerHp=[493:1865/1865,384:1713/1715]",
    "wave 16: reward shop owner=host leave",
    "wave 17 turn 1: replay guest crossed cmd:17:1 through real public COMMAND=opened",
    "wave 17: host slot move=53 guest slot move=34",
    "wave 17 turn 1: guest SWITCH -> party[3]",
    "wave 17 turn 1: progress enemyHp=[32:0/32,761:31/31] playerHp=[493:1865/1865,888:1582/1585]",
    "wave 17 turn 2: replay guest crossed cmd:17:2 through real public COMMAND=opened",
    "wave 17 turn 2: host SWITCH -> party[2]",
    "wave 17: reward shop owner=guest take-nonparty",
    "wave 18 turn 1: replay guest crossed cmd:18:1 through real public COMMAND=opened",
    "wave 18: host slot move=247 guest slot move=85",
    "wave 18 turn 1: progress enemyHp=[32:0/34,919:33/33] playerHp=[890:2054/2065,888:1585/1585]",
    "wave 18 turn 2: replay guest crossed cmd:18:2 through real public COMMAND=opened",
    "wave 18: reward shop owner=host leave",
    "wave 19 turn 1: replay guest crossed cmd:19:1 through real public COMMAND=opened",
    "wave 19: host slot move=85 guest slot move=53",
    "wave 19 turn 1: progress enemyHp=[37:0/34,753:0/35] playerHp=[890:2053/2065,888:1486/1585]",
    "wave 19: reward shop owner=guest take-nonparty",
    "wave 20 turn 1: replay guest crossed cmd:20:1 through real public COMMAND=opened",
    "wave 20: TRAINER (random)",
    "wave 20: host slot move=85 guest slot move=247",
    "wave 20 turn 1: progress enemyHp=[283:0/37,664:0/38] playerHp=[890:2053/2065,888:1585/1585]",
    "wave 20: biome market owner=host leave",
    "wave 20: drained 1 milestone reward continuation(s)",
    "wave 20: guest chose Crossroads Leave through public UI",
    "wave 20: guest drove World Map via public UI=true and both consumed 1826968056234627:1:BIOME_PICK:9700023",
    "wave 21 turn 1: replay guest crossed cmd:21:1 through real public COMMAND=opened",
    "wave 21: BIOME 3->5",
    "wave 21: host slot move=53 guest slot move=34",
    "wave 21 turn 1: progress enemyHp=[69:0/47,917:0/34] playerHp=[890:2050/2065,888:1585/1585]",
    "wave 21: reward shop owner=host take-nonparty",
    "wave 22 turn 1: replay guest crossed cmd:22:1 through real public COMMAND=opened",
    "wave 22: host slot move=247 guest slot move=85",
    "wave 22 turn 1: progress enemyHp=[548:0/40,917:0/38] playerHp=[890:2052/2065,888:1585/1585]",
    "wave 22: reward shop owner=guest take-nonparty",
    "wave 23 turn 1: replay guest crossed cmd:23:1 through real public COMMAND=opened",
    "wave 23: host slot move=34 guest slot move=53",
    "wave 23 turn 1: progress enemyHp=[267:0/46,69:0/45] playerHp=[890:2049/2065,888:1585/1585]",
    "wave 23: reward shop owner=host take-nonparty",
    "wave 24 turn 1: replay guest crossed cmd:24:1 through real public COMMAND=opened",
    "wave 24 turn 1: host SWITCH -> party[2]",
    "wave 24: host slot move=85 guest slot move=247",
    "wave 24 turn 1: progress enemyHp=[548:43/43,267:0/46] playerHp=[493:1863/1865,888:1585/1585]",
    "wave 24 turn 2: replay guest crossed cmd:24:2 through real public COMMAND=opened",
    "wave 24 turn 2: guest SWITCH -> party[3]",
    "wave 24: reward shop owner=guest take-nonparty",
    "wave 25 turn 1: replay guest crossed cmd:25:1 through real public COMMAND=opened",
    "wave 25: TRAINER (fixed)",
    "wave 25: host slot move=53 guest slot move=34",
    "wave 25 turn 1: progress enemyHp=[654:0/54,732:0/50] playerHp=[493:1863/1865,384:1715/1715]",
    "wave 25 turn 2: replay guest crossed cmd:25:2 through real public COMMAND=opened",
    "wave 25: reward shop owner=host take-nonparty",
    "wave 25: guest chose Crossroads Leave through public UI",
    "wave 25: guest drove World Map via public UI=true and both consumed 1826968056234627:1:BIOME_PICK:9700029",
    "wave 25: host declined IV Scanner through public UI",
    "wave 25: host declined IV Scanner through public UI",
    "wave 26 turn 1: replay guest crossed cmd:26:1 through real public COMMAND=opened",
    "wave 26: BIOME 5->27",
    "wave 26: host slot move=247 guest slot move=85",
    "wave 26 turn 1: progress enemyHp=[595:0/49,758:0/60] playerHp=[493:1863/1865,384:1715/1715]",
    "wave 26: reward shop owner=host leave",
    "wave 26: drained 1 milestone reward continuation(s)",
    "wave 26: host declined IV Scanner through public UI",
    "wave 26: host declined IV Scanner through public UI",
    "wave 26: guest declined IV Scanner through public UI",
    "wave 26: guest declined IV Scanner through public UI",
    "wave 27 turn 1: replay guest crossed cmd:27:1 through real public COMMAND=opened",
    "wave 27: host slot move=34 guest slot move=53",
    "wave 27 turn 1: guest SWITCH -> party[3]",
    "wave 27 turn 1: progress enemyHp=[168:0/64,511:56/56] playerHp=[493:1865/1865,888:1585/1585]",
    "wave 27 turn 2: replay guest crossed cmd:27:2 through real public COMMAND=opened",
    "wave 27: reward shop owner=guest leave",
    "wave 27: host declined IV Scanner through public UI",
    "wave 27: host declined IV Scanner through public UI",
    "wave 27: guest declined IV Scanner through public UI",
    "wave 27: guest declined IV Scanner through public UI",
    "wave 28 turn 1: replay guest crossed cmd:28:1 through real public COMMAND=opened",
    "wave 28: host slot move=85 guest slot move=85",
    "wave 28 turn 1: progress enemyHp=[667:0/58,190:0/58] playerHp=[493:1865/1865,888:1585/1585]",
    "wave 28: reward shop owner=host leave",
    "wave 28: host declined IV Scanner through public UI",
    "wave 28: host declined IV Scanner through public UI",
    "wave 28: guest declined IV Scanner through public UI",
    "wave 28: guest declined IV Scanner through public UI",
    "wave 29 turn 1: replay guest crossed cmd:29:1 through real public COMMAND=opened",
    "wave 29: host slot move=53 guest slot move=34",
    "wave 29 turn 1: guest SWITCH -> party[3]",
    "wave 29 turn 1: progress enemyHp=[811:0/64,193:62/62] playerHp=[493:1865/1865,384:1714/1715]",
    "wave 29 turn 2: replay guest crossed cmd:29:2 through real public COMMAND=opened",
    "wave 29: reward shop owner=guest leave",
    "wave 29: host declined IV Scanner through public UI",
    "wave 29: host declined IV Scanner through public UI",
    "wave 29: guest declined IV Scanner through public UI",
    "wave 29: guest declined IV Scanner through public UI",
    "wave 30 turn 1: replay guest crossed cmd:30:1 through real public COMMAND=opened",
    "wave 30: host slot move=247 guest slot move=85",
    "wave 30 turn 1: progress enemyHp=[590:0/66,590:0/61] playerHp=[493:1865/1865,384:1714/1715]",
    "wave 30: biome market owner=host leave",
    "wave 30: drained 1 milestone reward continuation(s)",
    "wave 30: guest chose Crossroads Leave through public UI",
    "wave 30: guest drove World Map via public UI=true and both consumed 1826968056234627:1:BIOME_PICK:9700035",
    "wave 30: host declined IV Scanner through public UI",
    "wave 30: host declined IV Scanner through public UI",
    "wave 31 turn 1: replay guest crossed cmd:31:1 through real public COMMAND=opened",
    "wave 31: BIOME 27->29",
    "wave 31: host slot move=34 guest slot move=247",
    "wave 31 turn 1: guest SWITCH -> party[3]",
    "wave 31 turn 1: progress enemyHp=[177:0/52,622:57/57] playerHp=[493:1865/1865,888:1582/1585]",
    "wave 31 turn 2: replay guest crossed cmd:31:2 through real public COMMAND=opened",
    "wave 31: reward shop owner=host leave",
    "wave 31: host declined IV Scanner through public UI",
    "wave 31: host declined IV Scanner through public UI",
    "wave 31: guest declined IV Scanner through public UI",
    "wave 31: guest declined IV Scanner through public UI",
    "wave 32 turn 1: replay guest crossed cmd:32:1 through real public COMMAND=opened",
    "wave 32 turn 1: host SWITCH -> party[2]",
    "wave 32: host slot move=85 guest slot move=85",
    "wave 32 turn 1: progress enemyHp=[177:50/50,355:0/44] playerHp=[890:2062/2065,888:1582/1585]",
    "wave 32 turn 2: replay guest crossed cmd:32:2 through real public COMMAND=opened",
    "wave 32 turn 2: guest SWITCH -> party[3]",
    "wave 32: reward shop owner=guest leave",
    "wave 32: host declined IV Scanner through public UI",
    "wave 32: host declined IV Scanner through public UI",
    "wave 32: guest declined IV Scanner through public UI",
    "wave 32: guest declined IV Scanner through public UI",
    "wave 33 turn 1: replay guest crossed cmd:33:1 through real public COMMAND=opened",
    "wave 33 turn 1: host SWITCH -> party[2]",
    "wave 33: host slot move=247 guest slot move=247",
    "wave 33 turn 1: progress enemyHp=[92:52/52,104:0/58] playerHp=[493:1865/1865,384:1715/1715]",
    "wave 33 turn 2: replay guest crossed cmd:33:2 through real public COMMAND=opened",
    "wave 33: reward shop owner=host leave",
    "wave 33: host declined IV Scanner through public UI",
    "wave 33: host declined IV Scanner through public UI",
    "wave 33: guest declined IV Scanner through public UI",
    "wave 33: guest declined IV Scanner through public UI",
    "wave 34 turn 1: replay guest crossed cmd:34:1 through real public COMMAND=opened",
    "wave 34: host slot move=53 guest slot move=85",
    "wave 34 turn 1: guest SWITCH -> party[3]",
    "wave 34 turn 1: progress enemyHp=[622:0/67,679:54/54] playerHp=[493:933/1865,888:1577/1585]",
    "wave 34 turn 2: replay guest crossed cmd:34:2 through real public COMMAND=opened",
    "wave 34: reward shop owner=guest leave",
    "wave 34: drained 1 milestone reward continuation(s)",
    "wave 35 turn 1: replay guest crossed cmd:35:1 through real public COMMAND=opened",
    "wave 35: TRAINER (fixed)",
    "wave 35 turn 1: host SWITCH -> party[2]",
    "wave 35: host slot move=85 guest slot move=53",
    "wave 35 turn 1: progress enemyHp=[710:64/64,316:0/75] playerHp=[890:2065/2065,888:1573/1585]",
    "wave 35 turn 2: replay guest crossed cmd:35:2 through real public COMMAND=opened",
    "wave 35 turn 2: host SWITCH -> party[2]",
    "wave 35: reward shop owner=host take-nonparty",
    "wave 35: guest chose Crossroads Leave through public UI",
    "wave 35: guest drove World Map via public UI=true and both consumed 1826968056234627:1:BIOME_PICK:9700041",
    "wave 35: host declined IV Scanner through public UI",
    "wave 35: host declined IV Scanner through public UI",
    "wave 36 turn 1: replay guest crossed cmd:36:1 through real public COMMAND=opened",
    "wave 36: BIOME 29->14",
    "wave 36: host slot move=53 guest slot move=247",
    "wave 36 turn 1: progress enemyHp=[449:0/71,843:0/59] playerHp=[493:1749/1865,888:1078/1585]",
    "wave 36: reward shop owner=host leave",
    "wave 36: drained 1 milestone reward continuation(s)",
    "wave 36: host declined IV Scanner through public UI",
    "wave 36: host declined IV Scanner through public UI",
    "wave 36: guest declined IV Scanner through public UI",
    "wave 36: guest declined IV Scanner through public UI",
    "wave 37 turn 1: replay guest crossed cmd:37:1 through real public COMMAND=opened",
    "wave 37: host slot move=53 guest slot move=34",
    "wave 37 turn 1: progress enemyHp=[347:0/65,347:0/65] playerHp=[493:1633/1865,888:979/1585]",
    "wave 37: reward shop owner=guest leave",
    "wave 37: drained 1 milestone reward continuation(s)",
    "wave 37: host declined IV Scanner through public UI",
    "wave 37: host declined IV Scanner through public UI",
    "wave 37: guest declined IV Scanner through public UI",
    "wave 37: guest declined IV Scanner through public UI",
    "wave 38 turn 1: replay guest crossed cmd:38:1 through real public COMMAND=opened",
    "wave 38: host slot move=34 guest slot move=85",
    "wave 38 turn 1: progress enemyHp=[843:0/66,562:0/57] playerHp=[493:1517/1865,888:880/1585]",
    "wave 38: reward shop owner=host leave",
    "wave 38: drained 1 milestone reward continuation(s)",
    "wave 38: host declined IV Scanner through public UI",
    "wave 38: host declined IV Scanner through public UI",
    "wave 38: guest declined IV Scanner through public UI",
    "wave 38: guest declined IV Scanner through public UI",
    "wave 39 turn 1: replay guest crossed cmd:39:1 through real public COMMAND=opened",
    "wave 39: host slot move=53 guest slot move=53",
    "wave 39 turn 1: progress enemyHp=[843:0/68,331:65/65] playerHp=[493:1401/1865,888:781/1585]",
    "wave 39 turn 2: replay guest crossed cmd:39:2 through real public COMMAND=opened",
    "wave 39: reward shop owner=guest leave",
    "wave 39: host declined IV Scanner through public UI",
    "wave 39: host declined IV Scanner through public UI",
    "wave 39: guest declined IV Scanner through public UI",
    "wave 39: guest declined IV Scanner through public UI",
    "wave 40 turn 1: replay guest crossed cmd:40:1 through real public COMMAND=opened",
    "wave 40: host slot move=85 guest slot move=53",
    "wave 40 turn 1: progress enemyHp=[554:0/85,28:0/109] playerHp=[493:1285/1865,888:682/1585]",
    "wave 40: biome market owner=host leave",
    "wave 40: drained 1 milestone reward continuation(s)",
    "wave 40: guest chose Crossroads Leave through public UI",
    "wave 40: guest drove World Map via public UI=true and both consumed 1826968056234627:1:BIOME_PICK:9700047",
    "wave 40: host declined IV Scanner through public UI",
    "wave 40: host declined IV Scanner through public UI",
    "wave 41 turn 1: replay guest crossed cmd:41:1 through real public COMMAND=opened",
    "wave 41: BIOME 14->22",
    "wave 41: host slot move=34 guest slot move=34",
    "wave 41 turn 1: progress enemyHp=[201:0/71,605:0/77] playerHp=[493:1865/1865,888:1585/1585]",
    "wave 41: reward shop owner=host take-nonparty",
    "wave 41: host declined IV Scanner through public UI",
    "wave 41: host declined IV Scanner through public UI",
    "wave 41: guest declined IV Scanner through public UI",
    "wave 41: guest declined IV Scanner through public UI",
    "wave 42 turn 1: replay guest crossed cmd:42:1 through real public COMMAND=opened",
    "wave 42 turn 1: host SWITCH -> party[2]",
    "wave 42: host slot move=247 guest slot move=247",
    "wave 42 turn 1: progress enemyHp=[343:72/72,343:0/72] playerHp=[890:2065/2065,888:1585/1585]",
    "wave 42 turn 2: replay guest crossed cmd:42:2 through real public COMMAND=opened",
    "wave 42: reward shop owner=guest take-nonparty",
    "wave 42: host declined IV Scanner through public UI",
    "wave 42: host declined IV Scanner through public UI",
    "wave 42: guest declined IV Scanner through public UI",
    "wave 42: guest declined IV Scanner through public UI",
    "wave 43 turn 1: replay guest crossed cmd:43:1 through real public COMMAND=opened",
    "wave 43: host slot move=34 guest slot move=53",
    "wave 43 turn 1: progress enemyHp=[201:0/79,177:0/69] playerHp=[890:2039/2065,888:1585/1585]",
    "wave 43: reward shop owner=host take-nonparty",
    "wave 43: host declined IV Scanner through public UI",
    "wave 43: host declined IV Scanner through public UI",
    "wave 43: guest declined IV Scanner through public UI",
    "wave 43: guest declined IV Scanner through public UI",
    "wave 44 turn 1: replay guest crossed cmd:44:1 through real public COMMAND=opened",
    "wave 44: host slot move=85 guest slot move=247",
    "wave 44 turn 1: guest SWITCH -> party[3]",
    "wave 44 turn 1: progress enemyHp=[325:0/80,343:74/74] playerHp=[890:2039/2065,384:1715/1715]",
    "wave 44 turn 2: replay guest crossed cmd:44:2 through real public COMMAND=opened",
    "wave 44 turn 2: host SWITCH -> party[2]",
    "wave 44: reward shop owner=guest leave",
    "wave 44: drained 1 milestone reward continuation(s)",
    "wave 44: host declined IV Scanner through public UI",
    "wave 44: host declined IV Scanner through public UI",
    "wave 44: guest declined IV Scanner through public UI",
    "wave 44: guest declined IV Scanner through public UI",
    "wave 45 turn 1: replay guest crossed cmd:45:1 through real public COMMAND=opened",
    "wave 45: host slot move=53 guest slot move=34",
    "wave 45 turn 1: progress enemyHp=[64:0/66,605:0/90] playerHp=[493:1865/1865,384:1707/1715]",
    "wave 45: reward shop owner=host leave",
    "wave 45: drained 1 milestone reward continuation(s)",
    "wave 45: guest chose Crossroads Leave through public UI",
    "wave 45: guest drove World Map via public UI=true and both consumed 1826968056234627:1:BIOME_PICK:9700053",
    "wave 45: host declined IV Scanner through public UI",
    "wave 45: host declined IV Scanner through public UI",
    "wave 46 turn 1: replay guest crossed cmd:46:1 through real public COMMAND=opened",
    "wave 46: BIOME 22->11",
    "wave 46: host slot move=53 guest slot move=53",
    "wave 46 turn 1: progress enemyHp=[333:0/76,22:0/93] playerHp=[493:1863/1865,384:1707/1715]",
    "wave 46: reward shop owner=host take-nonparty",
    "wave 47 turn 1: replay guest crossed cmd:47:1 through real public COMMAND=opened",
    "wave 47: TRAINER (random)",
    "wave 47 turn 1: host SWITCH -> party[2]",
    "wave 47: host slot move=247 guest slot move=53",
    "wave 47 turn 1: progress enemyHp=[609:91/91,10069:0/85] playerHp=[890:2062/2065,384:1704/1715]",
    "wave 47 turn 2: replay guest crossed cmd:47:2 through real public COMMAND=opened",
    "wave 47 turn 3: replay guest crossed cmd:47:3 through real public COMMAND=opened",
    "wave 47 turn 3: guest SWITCH -> party[3]",
    "wave 47: reward shop owner=guest leave",
    "wave 47: host declined IV Scanner through public UI",
    "wave 47: host declined IV Scanner through public UI",
    "wave 47: guest declined IV Scanner through public UI",
    "wave 47: guest declined IV Scanner through public UI",
    "wave 48 turn 1: replay guest crossed cmd:48:1 through real public COMMAND=opened",
    "wave 48: host slot move=85 guest slot move=85",
    "wave 48 turn 1: progress enemyHp=[672:0/94,22:0/90] playerHp=[890:2034/2065,888:1585/1585]",
    "wave 48: reward shop owner=host leave",
    "wave 48: host declined IV Scanner through public UI",
    "wave 48: host declined IV Scanner through public UI",
    "wave 48: guest declined IV Scanner through public UI",
    "wave 48: guest declined IV Scanner through public UI",
    "wave 49 turn 1: replay guest crossed cmd:49:1 through real public COMMAND=opened",
    "wave 49: host slot move=53 guest slot move=34",
    "wave 49 turn 1: guest SWITCH -> party[3]",
    "wave 49 turn 1: progress enemyHp=[22:0/88,22:98/98] playerHp=[890:2036/2065,384:1715/1715]",
    "wave 49 turn 2: replay guest crossed cmd:49:2 through real public COMMAND=opened",
    "wave 49: reward shop owner=guest take-nonparty",
    "wave 50 turn 1: replay guest crossed cmd:50:1 through real public COMMAND=opened",
    "wave 50: TRAINER (random)",
    "wave 50: host slot move=85 guest slot move=85",
    "wave 50 turn 1: progress enemyHp=[627:0/102,528:0/109] playerHp=[890:2032/2065,384:1715/1715]",
    "wave 50 turn 2: replay guest crossed cmd:50:2 through real public COMMAND=opened",
    "wave 50: biome market owner=host leave",
    "wave 50: drained 1 milestone reward continuation(s)",
    "wave 50: guest chose Crossroads Leave through public UI",
    "wave 50: guest drove World Map via public UI=true and both consumed 1826968056234627:1:BIOME_PICK:9700059",
    "wave 50: host declined IV Scanner through public UI",
    "wave 50: host declined IV Scanner through public UI",
    "wave 51 turn 1: replay guest crossed cmd:51:1 through real public COMMAND=opened",
    "wave 51: BIOME 11->18",
    "wave 51: host slot move=34 guest slot move=34",
    "wave 51 turn 1: guest SWITCH -> party[3]",
    "wave 51 turn 1: progress enemyHp=[838:0/111,156:99/99] playerHp=[890:2029/2065,888:1581/1585]",
    "wave 51 turn 2: replay guest crossed cmd:51:2 through real public COMMAND=opened",
    "wave 51: reward shop owner=host leave",
    "wave 51: drained 1 milestone reward continuation(s)",
    "wave 51: host declined IV Scanner through public UI",
    "wave 51: host declined IV Scanner through public UI",
    "wave 51: guest declined IV Scanner through public UI",
    "wave 51: guest declined IV Scanner through public UI",
    "wave 52 turn 1: replay guest crossed cmd:52:1 through real public COMMAND=opened",
    "wave 52: host slot move=85 guest slot move=34",
    "wave 52 turn 1: progress enemyHp=[776:0/92,322:0/108] playerHp=[890:2032/2065,888:1482/1585]",
    "wave 52: reward shop owner=guest take-nonparty",
    "wave 52: host declined IV Scanner through public UI",
    "wave 52: host declined IV Scanner through public UI",
    "wave 52: guest declined IV Scanner through public UI",
    "wave 52: guest declined IV Scanner through public UI",
    "wave 53 turn 1: replay guest crossed cmd:53:1 through real public COMMAND=opened",
    "wave 53: host slot move=53 guest slot move=34",
    "wave 53 turn 1: progress enemyHp=[262:0/107,307:73/73] playerHp=[890:2030/2065,888:1482/1585]",
    "wave 53 turn 2: replay guest crossed cmd:53:2 through real public COMMAND=opened",
    "wave 53: reward shop owner=host take-nonparty",
    "wave 53: host declined IV Scanner through public UI",
    "wave 53: host declined IV Scanner through public UI",
    "wave 53: guest declined IV Scanner through public UI",
    "wave 53: guest declined IV Scanner through public UI",
    "wave 54 turn 1: replay guest crossed cmd:54:1 through real public COMMAND=opened",
    "wave 54: host slot move=247 guest slot move=85",
    "wave 54 turn 1: progress enemyHp=[334:0/113,758:0/106] playerHp=[890:2028/2065,888:1482/1585]",
    "wave 54: reward shop owner=guest leave",
    "wave 55 turn 1: replay guest crossed cmd:55:1 through real public COMMAND=opened",
    "wave 55: TRAINER (fixed)",
    "wave 55: host slot move=34 guest slot move=34",
    "wave 55 turn 1: progress enemyHp=[655:0/125,733:0/120] playerHp=[890:2024/2065,888:1482/1585]",
    "wave 55 turn 2: replay guest crossed cmd:55:2 through real public COMMAND=opened",
    "wave 55 turn 3: replay guest crossed cmd:55:3 through real public COMMAND=opened",
    "wave 55 turn 3: guest SWITCH -> party[3]",
    "wave 55: reward shop owner=host leave",
    "wave 55: guest chose Crossroads Leave through public UI",
    "wave 55: guest drove World Map via public UI=true and both consumed 1826968056234627:1:BIOME_PICK:9700065",
    "wave 55: host declined IV Scanner through public UI",
    "wave 55: host declined IV Scanner through public UI",
    "wave 56 turn 1: replay guest crossed cmd:56:1 through real public COMMAND=opened",
    "wave 56: BIOME 18->8",
    "wave 56: host slot move=85 guest slot move=247",
    "wave 56 turn 1: guest SWITCH -> party[3]",
    "wave 56 turn 1: progress enemyHp=[961:0/86,978:111/111] playerHp=[890:2037/2065,888:1585/1585]",
    "wave 56 turn 2: replay guest crossed cmd:56:2 through real public COMMAND=opened",
    "wave 56 turn 2: guest SWITCH -> party[3]",
    "wave 56: reward shop owner=host take-nonparty",
    "wave 56: host declined IV Scanner through public UI",
    "wave 56: host declined IV Scanner through public UI",
    "wave 56: guest declined IV Scanner through public UI",
    "wave 56: guest declined IV Scanner through public UI",
    "wave 57 turn 1: replay guest crossed cmd:57:1 through real public COMMAND=opened",
    "wave 57: host slot move=53 guest slot move=34",
    "wave 57 turn 1: progress enemyHp=[747:102/102,689:0/109] playerHp=[890:2065/2065,384:1715/1715]",
    "wave 57 turn 2: replay guest crossed cmd:57:2 through real public COMMAND=opened",
    "wave 57: reward shop owner=guest take-nonparty",
    "wave 57: host declined IV Scanner through public UI",
    "wave 57: host declined IV Scanner through public UI",
    "wave 57: guest declined IV Scanner through public UI",
    "wave 57: guest declined IV Scanner through public UI",
    "wave 58 turn 1: replay guest crossed cmd:58:1 through real public COMMAND=opened",
    "wave 58: host slot move=247 guest slot move=53",
    "wave 58 turn 1: progress enemyHp=[747:0/102,770:0/127] playerHp=[890:2032/2065,384:1715/1715]",
    "wave 58: reward shop owner=host take-nonparty",
    "wave 58: host declined IV Scanner through public UI",
    "wave 58: host declined IV Scanner through public UI",
    "wave 58: guest declined IV Scanner through public UI",
    "wave 58: guest declined IV Scanner through public UI",
    "wave 59 turn 1: replay guest crossed cmd:59:1 through real public COMMAND=opened",
    "wave 59: host slot move=247 guest slot move=53",
    "wave 59 turn 1: progress enemyHp=[770:0/121,978:0/119] playerHp=[890:2026/2065,384:1715/1715]",
    "wave 59: reward shop owner=guest take-nonparty",
    "wave 59: host declined IV Scanner through public UI",
    "wave 59: host declined IV Scanner through public UI",
    "wave 59: guest declined IV Scanner through public UI",
    "wave 59: guest declined IV Scanner through public UI",
    "wave 60 turn 1: replay guest crossed cmd:60:1 through real public COMMAND=opened",
    "wave 60: host slot move=85 guest slot move=53",
    "wave 60 turn 1: progress enemyHp=[342:0/123,770:0/142] playerHp=[890:2025/2065,384:1715/1715]",
    "wave 60: biome market owner=host leave",
    "wave 60: drained 1 milestone reward continuation(s)",
    "wave 60: guest chose Crossroads Leave through public UI",
    "wave 60: guest drove World Map via public UI=true and both consumed 1826968056234627:1:BIOME_PICK:9700071",
    "wave 60: host declined IV Scanner through public UI",
    "wave 60: host declined IV Scanner through public UI",
    "wave 61 turn 1: replay guest crossed cmd:61:1 through real public COMMAND=opened",
    "wave 61: BIOME 8->6",
    "wave 61: host slot move=53 guest slot move=34",
    "wave 61 turn 1: progress enemyHp=[321:0/203,131:0/178] playerHp=[890:1870/2065,384:1608/1715]",
    "wave 61: reward shop owner=host take-nonparty",
    "wave 62 turn 1: replay guest crossed cmd:62:1 through real public COMMAND=opened",
    "wave 62: TRAINER (fixed)",
    "wave 62: host slot move=247 guest slot move=85",
    "wave 62 turn 1: progress enemyHp=[687:0/140,663:0/133] playerHp=[890:1953/2065,384:1608/1715]",
    "wave 62 turn 2: replay guest crossed cmd:62:2 through real public COMMAND=opened",
    "wave 62: reward shop owner=guest leave",
    "wave 62: host declined IV Scanner through public UI",
    "wave 62: host declined IV Scanner through public UI",
    "wave 62: guest declined IV Scanner through public UI",
    "wave 62: guest declined IV Scanner through public UI",
    "wave 63 turn 1: replay guest crossed cmd:63:1 through real public COMMAND=opened",
    "wave 63: host slot move=34 guest slot move=53",
    "wave 63 turn 1: guest SWITCH -> party[3]",
    "wave 63 turn 1: progress enemyHp=[845:0/125,845:125/125] playerHp=[890:2024/2065,888:1585/1585]",
    "wave 63 turn 2: replay guest crossed cmd:63:2 through real public COMMAND=opened",
    "wave 63: reward shop owner=host leave",
    "wave 64 turn 1: replay guest crossed cmd:64:1 through real public COMMAND=opened",
    "wave 64: TRAINER (fixed)",
    "wave 64: host slot move=85 guest slot move=247",
    "wave 64 turn 1: progress enemyHp=[510:0/126,709:0/145] playerHp=[890:2024/2065,888:1185/1585]",
    "wave 64 turn 2: replay guest crossed cmd:64:2 through real public COMMAND=opened",
    "wave 64: reward shop owner=guest leave",
    "wave 64: host declined IV Scanner through public UI",
    "wave 64: host declined IV Scanner through public UI",
    "wave 64: guest declined IV Scanner through public UI",
    "wave 64: guest declined IV Scanner through public UI",
    "wave 65 turn 1: replay guest crossed cmd:65:1 through real public COMMAND=opened",
    "wave 65: host slot move=53 guest slot move=34",
    "wave 65 turn 1: progress enemyHp=[321:0/190,73:0/129] playerHp=[890:2003/2065,888:393/1585]",
    "wave 65: reward shop owner=host take-nonparty",
    "wave 66 turn 1: replay guest crossed cmd:66:1 through real public COMMAND=opened",
    "wave 66: TRAINER (fixed)",
    "wave 66 turn 1: host SWITCH -> party[2]",
    "wave 66: host slot move=247 guest slot move=85",
    "wave 66 turn 1: progress enemyHp=[663:144/144,545:0/156] playerHp=[493:1865/1865,888:385/1585]",
    "wave 66 turn 2: replay guest crossed cmd:66:2 through real public COMMAND=opened",
    "wave 66 turn 3: replay guest crossed cmd:66:3 through real public COMMAND=opened",
    "wave 66 turn 4: replay guest crossed cmd:66:4 through real public COMMAND=opened",
    "wave 66: reward shop owner=guest leave",
    "wave 66: host declined IV Scanner through public UI",
    "wave 66: host declined IV Scanner through public UI",
    "wave 66: guest declined IV Scanner through public UI",
    "wave 66: guest declined IV Scanner through public UI",
    "wave 67 turn 1: replay guest crossed cmd:67:1 through real public COMMAND=opened",
    "wave 67: host slot move=247 guest slot move=53",
    "wave 67 turn 1: progress enemyHp=[941:0/134,687:0/149] playerHp=[493:1865/1865,888:377/1585]",
    "wave 67: reward shop owner=host leave",
    "wave 67: host declined IV Scanner through public UI",
    "wave 67: host declined IV Scanner through public UI",
    "wave 67: guest declined IV Scanner through public UI",
    "wave 67: guest declined IV Scanner through public UI",
    "wave 68 turn 1: replay guest crossed cmd:68:1 through real public COMMAND=opened",
    "wave 68: host slot move=85 guest slot move=247",
    "wave 68 turn 1: progress enemyHp=[91:1/120,319:0/134] playerHp=[493:1865/1865,888:377/1585]",
    "wave 68 turn 2: replay guest crossed cmd:68:2 through real public COMMAND=opened",
    "wave 68: reward shop owner=guest take-nonparty",
    "wave 68: host declined IV Scanner through public UI",
    "wave 68: host declined IV Scanner through public UI",
    "wave 68: guest declined IV Scanner through public UI",
    "wave 68: guest declined IV Scanner through public UI",
    "wave 69 turn 1: replay guest crossed cmd:69:1 through real public COMMAND=opened",
    "wave 69: host slot move=53 guest slot move=247",
    "wave 69 turn 1: progress enemyHp=[80:0/170,119:0/143] playerHp=[493:1865/1865,888:377/1585]",
    "wave 69: reward shop owner=host leave",
    "wave 69: guest drove World Map via public UI=true and both consumed 1826968056234627:1:BIOME_PICK:9700081",
    "wave 69: host declined IV Scanner through public UI",
    "wave 69: host declined IV Scanner through public UI",
    "wave 70 turn 1: replay guest crossed cmd:70:1 through real public COMMAND=opened",
    "wave 70: BIOME 6->10",
    "wave 70 turn 1: host SWITCH -> party[2]",
    "wave 70: host slot move=247 guest slot move=85",
    "wave 70 turn 1: progress enemyHp=[226:172/172,211:0/140] playerHp=[890:2065/2065,888:365/1585]",
    "wave 70 turn 2: replay guest crossed cmd:70:2 through real public COMMAND=opened",
    "wave 70 turn 2: guest SWITCH -> party[3]"
  ]
}