===== COOP SOAK RESULT =====
profile: level
verdict: PASS
waves_requested: 45
run: 29410359547 (ci/coop/p33-auto-victory-seal)
timestamp: 2026-07-15T11-06-53Z

----- driver lines -----
[22m[39m[coop-soak] SEED=20260712 WAVES=45 - replay this run with:  SOAK_SEED=20260712 SOAK_WAVES=45 ER_SCENARIO=1 npx vitest run test/tests/elite-redux/coop/coop-soak.test.ts
[22m[39m[coop-soak] RUN ENDED crossing into wave 31 (seed 20260712): host at terminal phase TitlePhase. Survey stops here.
[22m[39m[coop-soak] DONE seed=20260712 waves=30/45 resyncHeals=0 assertions=0 findings=0 trainerWaves=5 (fixed=3 random=2) skips={"mysteryEncounterDisabledV1":1} elapsedMs=56156
[coop-soak] RUN ENDED at wave 31 (seed 20260712): host at terminal phase TitlePhase. Surveyed 30/45 waves under all invariants before the terminal.

----- vitest result tail -----
[coop:stream] guest REGISTER onGhostPool handler (bufferedEarly=false)

[90mstdout[2m | test/tests/elite-redux/coop/coop-soak.test.ts[2m:280:3[22m[2m[2m > [22m[2mNIGHTLY co-op SOAK: seeded randomized two-engine run (#841)[2m > [22m[2mretained wave boundary keeps one X Attack exact on both clients through natural expiry without recovery
[22m[39m[coop:launch] clearCoopRuntime role=guest netcode=authoritative gen->3
[coop:stream] streamer DISPOSE: cancel pending(turns=0 enemyParty=0 meBattle=0 stateSync=0) + null-out all handlers
[coop:relay] dispose() (no in-flight waiters)
[coop:pump] end session { seq: -1, termSeq: -1, wasOwner: false }
[coop:transport] state guest connected -> closed
[coop:transport] state host connected -> disconnected
[coop:relay] cancelWaiters() no orphaned waiters selected -> nothing cancelled (live waits spared)
[coop:turn] host recorder: CLEAR (null-out) live emitter (was=true)
[coop:session] coopAuthoritativeGuestPredicate CLEARED (-> solo/host/lockstep reads false)

[90mstderr[2m | test/tests/elite-redux/coop/coop-soak.test.ts[2m:280:3[22m[2m[2m > [22m[2mNIGHTLY co-op SOAK: seeded randomized two-engine run (#841)[2m > [22m[2mretained wave boundary keeps one X Attack exact on both clients through natural expiry without recovery
[22m[39m[33m[coop:runtime] partner channel disconnected -> entering membership recovery (shared waits retained)[39m
[33m[coop:runtime] shared session terminal requested: Your partner disconnected and no authenticated rejoin path is available.[39m

[90mstdout[2m | test/tests/elite-redux/coop/coop-soak.test.ts[2m:280:3[22m[2m[2m > [22m[2mNIGHTLY co-op SOAK: seeded randomized two-engine run (#841)[2m > [22m[2mretained wave boundary keeps one X Attack exact on both clients through natural expiry without recovery
[22m[39m[coop:session] coopAuthoritativeGuestPredicate INSTALLED
[coop:launch] clearCoopRuntime role=host netcode=authoritative gen->4
[coop:stream] streamer DISPOSE: cancel pending(turns=0 enemyParty=0 meBattle=0 stateSync=0) + null-out all handlers
[coop:relay] dispose() (no in-flight waiters)
[coop:pump] end session { seq: -1, termSeq: -1, wasOwner: false }
[coop:transport] state host disconnected -> closed
[coop:turn] host recorder: CLEAR (null-out) live emitter (was=false)
[coop:session] coopAuthoritativeGuestPredicate CLEARED (-> solo/host/lockstep reads false)

[90mstdout[2m | test/tests/elite-redux/coop/coop-soak.test.ts[2m:280:3[22m[2m[2m > [22m[2mNIGHTLY co-op SOAK: seeded randomized two-engine run (#841)[2m > [22m[2mretained wave boundary keeps one X Attack exact on both clients through natural expiry without recovery
[22m[39m[2m> [22m[30m[48;2;193;98;222m Test finished! [49m[39m
    Name: [38;2;0;136;134mNIGHTLY co-op SOAK: seeded randomized two-engine run (#841) > retained wave boundary keeps one X Attack exact on both clients through natural expiry without recovery[39m
    Result: [32m[1m✓ Passed[22m[39m [2min[22m [32m7011[39m[2mms[22m
    File: [38;2;210;155;14melite-redux/test/tests/elite-redux/coop/coop-soak.test.ts:280:3[39m

[33m[39m[32m·[39m

[2m Test Files [22m [1m[32m1 passed[39m[22m[90m (1)[39m
[2m      Tests [22m [1m[32m2 passed[39m[22m[90m (2)[39m
[2m   Start at [22m 11:05:24
[2m   Duration [22m 89.54s[2m (transform 19.49s, setup 23.74s, import 250ms, tests 64.66s, environment 733ms)[22m

