{
  "invariant": "no-park",
  "seed": 20365441,
  "wave": 195,
  "detail": "wave driving threw (strand/stall): client phase drive to guest command 195:2 HANG on TitlePhase; queued=[], ui=TITLE",
  "replay": "SOAK_SEED=20365441",
  "phaseState": {
    "hostPhase": "CommandPhase",
    "guestPhase": "TitlePhase",
    "hostInteractionCounter": 226,
    "guestInteractionCounter": 226,
    "hostWave": 195,
    "hostBattleType": 1,
    "hostPlayerField": [
      {
        "id": 3726296983,
        "battlerIndex": -1,
        "speciesId": 890,
        "speciesName": "Eternatus",
        "hp": 2065,
        "maxHp": 2065,
        "fainted": false,
        "status": 0,
        "statStages": [
          0,
          0,
          0,
          0,
          0,
          0,
          0
        ],
        "moves": [
          {
            "id": 34,
            "ppUsed": 1
          },
          {
            "id": 247,
            "ppUsed": 0
          },
          {
            "id": 53,
            "ppUsed": 0
          },
          {
            "id": 85,
            "ppUsed": 0
          }
        ],
        "coopOwner": "host"
      },
      {
        "id": 1992645117,
        "battlerIndex": -1,
        "speciesId": 384,
        "speciesName": "Rayquaza",
        "hp": 1603,
        "maxHp": 1715,
        "fainted": false,
        "status": 0,
        "statStages": [
          0,
          0,
          0,
          0,
          0,
          0,
          0
        ],
        "moves": [
          {
            "id": 34,
            "ppUsed": 0
          },
          {
            "id": 247,
            "ppUsed": 0
          },
          {
            "id": 53,
            "ppUsed": 0
          },
          {
            "id": 85,
            "ppUsed": 0
          }
        ],
        "coopOwner": "guest"
      }
    ],
    "hostEnemyField": [
      {
        "id": 3121082235,
        "battlerIndex": -1,
        "speciesId": 652,
        "speciesName": "Chesnaught",
        "hp": 400,
        "maxHp": 599,
        "fainted": false,
        "status": 0,
        "statStages": [
          -1,
          1,
          0,
          0,
          0,
          0,
          0
        ],
        "moves": [
          {
            "id": 452,
            "ppUsed": 0
          },
          {
            "id": 276,
            "ppUsed": 0
          },
          {
            "id": 798,
            "ppUsed": 1
          },
          {
            "id": 504,
            "ppUsed": 0
          }
        ]
      },
      {
        "id": 2937282300,
        "battlerIndex": -1,
        "speciesId": 663,
        "speciesName": "Talonflame",
        "hp": 516,
        "maxHp": 552,
        "fainted": false,
        "status": 0,
        "statStages": [
          -1,
          0,
          0,
          0,
          0,
          0,
          0
        ],
        "moves": [
          {
            "id": 394,
            "ppUsed": 0
          },
          {
            "id": 413,
            "ppUsed": 1
          },
          {
            "id": 908,
            "ppUsed": 0
          },
          {
            "id": 119,
            "ppUsed": 0
          }
        ]
      }
    ],
    "guestPlayerField": [],
    "guestEnemyField": []
  },
  "actionScript": [
    "SKIP mysteryEncounterDisabledV1",
    "content seed=coop-soak-20365441 preseeded=false",
    "wave 1 turn 1: replay guest crossed cmd:1:1 through real public COMMAND=opened",
    "wave 1: host slot move=85 guest slot move=85",
    "wave 1 turn 1: guest SWITCH -> party[3]",
    "wave 1 turn 1: progress enemyHp=[16:0/14,263:14/14] playerHp=[890:2065/2065,150:1723/1725]",
    "wave 1 turn 2: replay guest crossed cmd:1:2 through real public COMMAND=opened",
    "wave 1 turn 2: host SWITCH -> party[2]",
    "wave 1: reward shop owner=host take-nonparty",
    "wave 2 turn 1: replay guest crossed cmd:2:1 through real public COMMAND=opened",
    "wave 2: host slot move=85 guest slot move=85",
    "wave 2 turn 1: progress enemyHp=[734:0/16,821:0/16] playerHp=[493:1865/1865,150:1723/1725]",
    "wave 2: reward shop owner=guest take-nonparty",
    "wave 3 turn 1: replay guest crossed cmd:3:1 through real public COMMAND=opened",
    "wave 3: host slot move=34 guest slot move=53",
    "wave 3 turn 1: progress enemyHp=[664:0/16,519:0/18] playerHp=[493:1865/1865,150:1723/1725]",
    "wave 3: reward shop owner=host leave",
    "wave 4 turn 1: replay guest crossed cmd:4:1 through real public COMMAND=opened",
    "wave 4: host slot move=85 guest slot move=34",
    "wave 4 turn 1: progress enemyHp=[191:0/19,16:0/18] playerHp=[493:1865/1865,150:1723/1725]",
    "wave 4: reward shop owner=guest leave",
    "wave 5 turn 1: replay guest crossed cmd:5:1 through real public COMMAND=opened",
    "wave 5: TRAINER (fixed)",
    "wave 5: host slot move=53 guest slot move=34",
    "wave 5 turn 1: progress enemyHp=[19:0/17,13:0/18] playerHp=[493:1865/1865,150:1723/1725]",
    "wave 5: reward shop owner=host leave",
    "wave 5: guest chose Crossroads Leave through public UI",
    "wave 5: guest drove World Map via public UI=true and both consumed 1826972862680811:1:BIOME_PICK:9700005",
    "wave 6 turn 1: replay guest crossed cmd:6:1 through real public COMMAND=opened",
    "wave 6: BIOME 0->1",
    "wave 6: host slot move=85 guest slot move=85",
    "wave 6 turn 1: progress enemyHp=[819:0/20,915:0/21] playerHp=[493:1862/1865,150:1723/1725]",
    "wave 6: reward shop owner=host take-nonparty",
    "wave 7 turn 1: replay guest crossed cmd:7:1 through real public COMMAND=opened",
    "wave 7: host slot move=53 guest slot move=85",
    "wave 7 turn 1: progress enemyHp=[819:0/23,161:0/20] playerHp=[493:1862/1865,150:1723/1725]",
    "wave 7: reward shop owner=guest leave",
    "wave 8 turn 1: replay guest crossed cmd:8:1 through real public COMMAND=opened",
    "wave 8: TRAINER (fixed)",
    "wave 8 turn 1: host SWITCH -> party[2]",
    "wave 8: host slot move=85 guest slot move=53",
    "wave 8 turn 1: progress enemyHp=[650:27/27,661:0/23] playerHp=[890:2065/2065,150:1720/1725]",
    "wave 8 turn 2: replay guest crossed cmd:8:2 through real public COMMAND=opened",
    "wave 8 turn 2: guest SWITCH -> party[3]",
    "wave 8: reward shop owner=host take-nonparty",
    "wave 9 turn 1: replay guest crossed cmd:9:1 through real public COMMAND=opened",
    "wave 9: host slot move=53 guest slot move=34",
    "wave 9 turn 1: progress enemyHp=[915:0/24,263:0/22] playerHp=[890:2065/2065,384:1715/1715]",
    "wave 9: reward shop owner=guest take-nonparty",
    "wave 10 turn 1: replay guest crossed cmd:10:1 through real public COMMAND=opened",
    "wave 10: host slot move=34 guest slot move=34",
    "wave 10 turn 1: progress enemyHp=[734:0/28,399:0/28] playerHp=[890:2065/2065,384:1715/1715]",
    "wave 10: biome market owner=host leave",
    "wave 10: drained 1 milestone reward continuation(s)",
    "wave 10: guest chose Crossroads Leave through public UI",
    "wave 10: guest drove World Map via public UI=true and both consumed 1826972862680811:1:BIOME_PICK:9700011",
    "wave 11 turn 1: replay guest crossed cmd:11:1 through real public COMMAND=opened",
    "wave 11: BIOME 1->2",
    "wave 11: host slot move=34 guest slot move=53",
    "wave 11 turn 1: guest SWITCH -> party[3]",
    "wave 11 turn 1: progress enemyHp=[108:0/31,548:25/25] playerHp=[890:2065/2065,150:1725/1725]",
    "wave 11 turn 2: replay guest crossed cmd:11:2 through real public COMMAND=opened",
    "wave 11: reward shop owner=host leave",
    "wave 12 turn 1: replay guest crossed cmd:12:1 through real public COMMAND=opened",
    "wave 12: host slot move=85 guest slot move=247",
    "wave 12 turn 1: progress enemyHp=[191:0/26,590:0/28] playerHp=[890:2065/2065,150:1725/1725]",
    "wave 12: reward shop owner=guest leave",
    "wave 13 turn 1: replay guest crossed cmd:13:1 through real public COMMAND=opened",
    "wave 13: host slot move=53 guest slot move=34",
    "wave 13 turn 1: guest SWITCH -> party[3]",
    "wave 13 turn 1: progress enemyHp=[266:0/28,187:26/26] playerHp=[890:2065/2065,384:1715/1715]",
    "wave 13 turn 2: replay guest crossed cmd:13:2 through real public COMMAND=opened",
    "wave 13: reward shop owner=host take-nonparty",
    "wave 14 turn 1: replay guest crossed cmd:14:1 through real public COMMAND=opened",
    "wave 14: host slot move=247 guest slot move=53",
    "wave 14 turn 1: progress enemyHp=[543:0/27,387:0/32] playerHp=[890:2065/2065,384:1715/1715]",
    "wave 14: reward shop owner=guest leave",
    "wave 15 turn 1: replay guest crossed cmd:15:1 through real public COMMAND=opened",
    "wave 15: host slot move=34 guest slot move=53",
    "wave 15 turn 1: guest SWITCH -> party[3]",
    "wave 15 turn 1: progress enemyHp=[543:0/29,548:32/32] playerHp=[890:2065/2065,150:1725/1725]",
    "wave 15 turn 2: replay guest crossed cmd:15:2 through real public COMMAND=opened",
    "wave 15: reward shop owner=host leave",
    "wave 15: guest chose Crossroads Leave through public UI",
    "wave 15: guest drove World Map via public UI=true and both consumed 1826972862680811:1:BIOME_PICK:9700017",
    "wave 16 turn 1: replay guest crossed cmd:16:1 through real public COMMAND=opened",
    "wave 16: BIOME 2->3",
    "wave 16: host slot move=85 guest slot move=247",
    "wave 16 turn 1: progress enemyHp=[665:0/32,43:0/32] playerHp=[890:2065/2065,150:1725/1725]",
    "wave 16: reward shop owner=host leave",
    "wave 17 turn 1: replay guest crossed cmd:17:1 through real public COMMAND=opened",
    "wave 17: host slot move=53 guest slot move=34",
    "wave 17 turn 1: progress enemyHp=[919:31/31,753:0/31] playerHp=[890:2065/2065,150:1725/1725]",
    "wave 17 turn 2: replay guest crossed cmd:17:2 through real public COMMAND=opened",
    "wave 17: reward shop owner=guest leave",
    "wave 18 turn 1: replay guest crossed cmd:18:1 through real public COMMAND=opened",
    "wave 18: host slot move=247 guest slot move=85",
    "wave 18 turn 1: progress enemyHp=[753:0/33,43:0/36] playerHp=[890:2065/2065,150:1725/1725]",
    "wave 18: reward shop owner=host leave",
    "wave 19 turn 1: replay guest crossed cmd:19:1 through real public COMMAND=opened",
    "wave 19: host slot move=34 guest slot move=53",
    "wave 19 turn 1: guest SWITCH -> party[3]",
    "wave 19 turn 1: progress enemyHp=[753:0/35,43:36/36] playerHp=[890:2065/2065,384:1715/1715]",
    "wave 19 turn 2: replay guest crossed cmd:19:2 through real public COMMAND=opened",
    "wave 19 turn 2: guest SWITCH -> party[3]",
    "wave 19: reward shop owner=guest take-nonparty",
    "wave 20 turn 1: replay guest crossed cmd:20:1 through real public COMMAND=opened",
    "wave 20: host slot move=85 guest slot move=247",
    "wave 20 turn 1: progress enemyHp=[753:0/35,753:0/37] playerHp=[890:2065/2065,150:1725/1725]",
    "wave 20: biome market owner=host leave",
    "wave 20: drained 1 milestone reward continuation(s)",
    "wave 20: guest chose Crossroads Leave through public UI",
    "wave 20: guest drove World Map via public UI=true and both consumed 1826972862680811:1:BIOME_PICK:9700023",
    "wave 21 turn 1: replay guest crossed cmd:21:1 through real public COMMAND=opened",
    "wave 21: BIOME 3->5",
    "wave 21 turn 1: host SWITCH -> party[2]",
    "wave 21: host slot move=34 guest slot move=34",
    "wave 21 turn 1: progress enemyHp=[944:27/39,273:0/35] playerHp=[493:1864/1865,150:1724/1725]",
    "wave 21 turn 2: replay guest crossed cmd:21:2 through real public COMMAND=opened",
    "wave 21: reward shop owner=host leave",
    "wave 22 turn 1: replay guest crossed cmd:22:1 through real public COMMAND=opened",
    "wave 22: host slot move=247 guest slot move=85",
    "wave 22 turn 1: progress enemyHp=[204:42/42,825:0/40] playerHp=[493:1864/1865,150:1724/1725]",
    "wave 22 turn 2: replay guest crossed cmd:22:2 through real public COMMAND=opened",
    "wave 22: reward shop owner=guest leave",
    "wave 23 turn 1: replay guest crossed cmd:23:1 through real public COMMAND=opened",
    "wave 23: host slot move=34 guest slot move=53",
    "wave 23 turn 1: progress enemyHp=[216:0/50,744:0/40] playerHp=[493:1864/1865,150:1724/1725]",
    "wave 23: reward shop owner=host leave",
    "wave 24 turn 1: replay guest crossed cmd:24:1 through real public COMMAND=opened",
    "wave 24: host slot move=85 guest slot move=247",
    "wave 24 turn 1: progress enemyHp=[919:37/37,825:0/44] playerHp=[493:1864/1865,150:1724/1725]",
    "wave 24 turn 2: replay guest crossed cmd:24:2 through real public COMMAND=opened",
    "wave 24: reward shop owner=guest take-nonparty",
    "wave 25 turn 1: replay guest crossed cmd:25:1 through real public COMMAND=opened",
    "wave 25: TRAINER (fixed)",
    "wave 25: host slot move=53 guest slot move=34",
    "wave 25 turn 1: guest SWITCH -> party[3]",
    "wave 25 turn 1: progress enemyHp=[651:0/57,662:53/53] playerHp=[493:1864/1865,384:1714/1715]",
    "wave 25 turn 2: replay guest crossed cmd:25:2 through real public COMMAND=opened",
    "wave 25 turn 2: host SWITCH -> party[2]",
    "wave 25: reward shop owner=host leave",
    "wave 25: guest chose Crossroads Leave through public UI",
    "wave 25: guest drove World Map via public UI=true and both consumed 1826972862680811:1:BIOME_PICK:9700029",
    "wave 26 turn 1: replay guest crossed cmd:26:1 through real public COMMAND=opened",
    "wave 26: BIOME 5->27",
    "wave 26: host slot move=247 guest slot move=85",
    "wave 26 turn 1: progress enemyHp=[285:0/57,167:0/47] playerHp=[890:2065/2065,384:1710/1715]",
    "wave 26: reward shop owner=host leave",
    "wave 27 turn 1: replay guest crossed cmd:27:1 through real public COMMAND=opened",
    "wave 27 turn 1: host SWITCH -> party[2]",
    "wave 27: host slot move=53 guest slot move=53",
    "wave 27 turn 1: progress enemyHp=[732:58/58,285:0/60] playerHp=[493:1865/1865,384:1710/1715]",
    "wave 27 turn 2: replay guest crossed cmd:27:2 through real public COMMAND=opened",
    "wave 27: reward shop owner=guest take-nonparty",
    "wave 28 turn 1: replay guest crossed cmd:28:1 through real public COMMAND=opened",
    "wave 28 turn 1: host SWITCH -> party[2]",
    "wave 28: host slot move=85 guest slot move=247",
    "wave 28 turn 1: progress enemyHp=[509:54/54,758:0/63] playerHp=[890:2065/2065,384:1710/1715]",
    "wave 28 turn 2: replay guest crossed cmd:28:2 through real public COMMAND=opened",
    "wave 28: reward shop owner=host take-nonparty",
    "wave 29 turn 1: replay guest crossed cmd:29:1 through real public COMMAND=opened",
    "wave 29: host slot move=53 guest slot move=34",
    "wave 29 turn 1: progress enemyHp=[114:0/62,674:0/68] playerHp=[890:2065/2065,384:1710/1715]",
    "wave 29: reward shop owner=guest leave",
    "wave 30 turn 1: replay guest crossed cmd:30:1 through real public COMMAND=opened",
    "wave 30: TRAINER (random)",
    "wave 30: host slot move=247 guest slot move=85",
    "wave 30 turn 1: guest SWITCH -> party[3]",
    "wave 30 turn 1: progress enemyHp=[69:0/64,188:60/60] playerHp=[890:2065/2065,150:1720/1725]",
    "wave 30 turn 2: replay guest crossed cmd:30:2 through real public COMMAND=opened",
    "wave 30: biome market owner=host leave",
    "wave 30: drained 1 milestone reward continuation(s)",
    "wave 30: guest chose Crossroads Leave through public UI",
    "wave 30: guest drove World Map via public UI=true and both consumed 1826972862680811:1:BIOME_PICK:9700035",
    "wave 31 turn 1: replay guest crossed cmd:31:1 through real public COMMAND=opened",
    "wave 31: BIOME 27->29",
    "wave 31: host slot move=85 guest slot move=53",
    "wave 31 turn 1: progress enemyHp=[562:0/51,104:0/56] playerHp=[890:2065/2065,150:1725/1725]",
    "wave 31: reward shop owner=host take-nonparty",
    "wave 32 turn 1: replay guest crossed cmd:32:1 through real public COMMAND=opened",
    "wave 32: host slot move=85 guest slot move=85",
    "wave 32 turn 1: progress enemyHp=[177:0/52,355:0/45] playerHp=[890:2065/2065,150:1725/1725]",
    "wave 32: reward shop owner=guest take-nonparty",
    "wave 33 turn 1: replay guest crossed cmd:33:1 through real public COMMAND=opened",
    "wave 33: host slot move=53 guest slot move=34",
    "wave 33 turn 1: guest SWITCH -> party[3]",
    "wave 33 turn 1: progress enemyHp=[679:0/58,433:51/51] playerHp=[890:2065/2065,384:1712/1715]",
    "wave 33 turn 2: replay guest crossed cmd:33:2 through real public COMMAND=opened",
    "wave 33: reward shop owner=host leave",
    "wave 33: drained 1 milestone reward continuation(s)",
    "wave 34 turn 1: replay guest crossed cmd:34:1 through real public COMMAND=opened",
    "wave 34: host slot move=85 guest slot move=53",
    "wave 34 turn 1: progress enemyHp=[355:0/47,343:0/60] playerHp=[890:2065/2065,384:1712/1715]",
    "wave 34: reward shop owner=guest leave",
    "wave 35 turn 1: replay guest crossed cmd:35:1 through real public COMMAND=opened",
    "wave 35: TRAINER (fixed)",
    "wave 35: host slot move=34 guest slot move=53",
    "wave 35 turn 1: guest SWITCH -> party[3]",
    "wave 35 turn 1: progress enemyHp=[49:0/75,96:75/75] playerHp=[890:2065/2065,150:1721/1725]",
    "wave 35 turn 2: replay guest crossed cmd:35:2 through real public COMMAND=opened",
    "wave 35: reward shop owner=host leave",
    "wave 35: guest chose Crossroads Leave through public UI",
    "wave 35: guest drove World Map via public UI=true and both consumed 1826972862680811:1:BIOME_PICK:9700041",
    "wave 36 turn 1: replay guest crossed cmd:36:1 through real public COMMAND=opened",
    "wave 36: BIOME 29->14",
    "wave 36: host slot move=85 guest slot move=34",
    "wave 36 turn 1: progress enemyHp=[556:77/77,843:0/61] playerHp=[890:1936/2065,150:1614/1725]",
    "wave 36 turn 2: replay guest crossed cmd:36:2 through real public COMMAND=opened",
    "wave 36: reward shop owner=host take-nonparty",
    "wave 37 turn 1: replay guest crossed cmd:37:1 through real public COMMAND=opened",
    "wave 37: host slot move=247 guest slot move=34",
    "wave 37 turn 1: progress enemyHp=[946:0/67,694:0/64] playerHp=[890:1936/2065,150:1400/1725]",
    "wave 37: reward shop owner=guest leave",
    "wave 37: drained 1 milestone reward continuation(s)",
    "wave 38 turn 1: replay guest crossed cmd:38:1 through real public COMMAND=opened",
    "wave 38: host slot move=247 guest slot move=85",
    "wave 38 turn 1: progress enemyHp=[552:0/70,347:0/65] playerHp=[890:1936/2065,150:1293/1725]",
    "wave 38: reward shop owner=host leave",
    "wave 38: drained 1 milestone reward continuation(s)",
    "wave 39 turn 1: replay guest crossed cmd:39:1 through real public COMMAND=opened",
    "wave 39: host slot move=34 guest slot move=53",
    "wave 39 turn 1: progress enemyHp=[329:0/67,556:0/80] playerHp=[890:1936/2065,150:1186/1725]",
    "wave 39: reward shop owner=guest leave",
    "wave 39: drained 1 milestone reward continuation(s)",
    "wave 40 turn 1: replay guest crossed cmd:40:1 through real public COMMAND=opened",
    "wave 40: host slot move=34 guest slot move=247",
    "wave 40 turn 1: guest SWITCH -> party[3]",
    "wave 40 turn 1: progress enemyHp=[552:0/72,947:88/88] playerHp=[890:1934/2065,384:1606/1715]",
    "wave 40 turn 2: replay guest crossed cmd:40:2 through real public COMMAND=opened",
    "wave 40 turn 2: guest SWITCH -> party[3]",
    "wave 40: biome market owner=host leave",
    "wave 40: drained 1 milestone reward continuation(s)",
    "wave 40: guest chose Crossroads Leave through public UI",
    "wave 40: guest drove World Map via public UI=true and both consumed 1826972862680811:1:BIOME_PICK:9700047",
    "wave 41 turn 1: replay guest crossed cmd:41:1 through real public COMMAND=opened",
    "wave 41: BIOME 14->22",
    "wave 41: host slot move=53 guest slot move=34",
    "wave 41 turn 1: progress enemyHp=[96:0/80,96:0/80] playerHp=[890:2065/2065,150:1725/1725]",
    "wave 41: reward shop owner=host leave",
    "wave 42 turn 1: replay guest crossed cmd:42:1 through real public COMMAND=opened",
    "wave 42: host slot move=53 guest slot move=85",
    "wave 42 turn 1: progress enemyHp=[343:0/74,64:0/64] playerHp=[890:2065/2065,150:1725/1725]",
    "wave 42: reward shop owner=guest leave",
    "wave 42: drained 1 milestone reward continuation(s)",
    "wave 43 turn 1: replay guest crossed cmd:43:1 through real public COMMAND=opened",
    "wave 43: host slot move=247 guest slot move=53",
    "wave 43 turn 1: progress enemyHp=[343:0/76,177:0/66] playerHp=[890:2065/2065,150:1725/1725]",
    "wave 43: reward shop owner=host take-nonparty",
    "wave 44 turn 1: replay guest crossed cmd:44:1 through real public COMMAND=opened",
    "wave 44: host slot move=85 guest slot move=247",
    "wave 44 turn 1: progress enemyHp=[64:0/66,605:0/85] playerHp=[890:2065/2065,150:1725/1725]",
    "wave 44: reward shop owner=guest leave",
    "wave 45 turn 1: replay guest crossed cmd:45:1 through real public COMMAND=opened",
    "wave 45: host slot move=53 guest slot move=34",
    "wave 45 turn 1: progress enemyHp=[958:0/88,605:0/88] playerHp=[890:2065/2065,150:1725/1725]",
    "wave 45: reward shop owner=host take-nonparty",
    "wave 45: guest chose Crossroads Leave through public UI",
    "wave 45: guest drove World Map via public UI=true and both consumed 1826972862680811:1:BIOME_PICK:9700053",
    "wave 46 turn 1: replay guest crossed cmd:46:1 through real public COMMAND=opened",
    "wave 46: BIOME 22->11",
    "wave 46: host slot move=247 guest slot move=85",
    "wave 46 turn 1: progress enemyHp=[672:0/94,325:0/85] playerHp=[890:2065/2065,150:1725/1725]",
    "wave 46: reward shop owner=host take-nonparty",
    "wave 47 turn 1: replay guest crossed cmd:47:1 through real public COMMAND=opened",
    "wave 47: host slot move=85 guest slot move=34",
    "wave 47 turn 1: guest SWITCH -> party[3]",
    "wave 47 turn 1: progress enemyHp=[520:0/101,397:87/87] playerHp=[890:2065/2065,384:1715/1715]",
    "wave 47 turn 2: replay guest crossed cmd:47:2 through real public COMMAND=opened",
    "wave 47: reward shop owner=guest take-nonparty",
    "wave 48 turn 1: replay guest crossed cmd:48:1 through real public COMMAND=opened",
    "wave 48 turn 1: host SWITCH -> party[2]",
    "wave 48: host slot move=85 guest slot move=247",
    "wave 48 turn 1: progress enemyHp=[962:91/91,304:1/76] playerHp=[493:1865/1865,384:1715/1715]",
    "wave 48 turn 2: replay guest crossed cmd:48:2 through real public COMMAND=opened",
    "wave 48 turn 2: guest SWITCH -> party[3]",
    "wave 48 turn 3: replay guest crossed cmd:48:3 through real public COMMAND=opened",
    "wave 48: reward shop owner=host take-nonparty",
    "wave 49 turn 1: replay guest crossed cmd:49:1 through real public COMMAND=opened",
    "wave 49 turn 1: host SWITCH -> party[2]",
    "wave 49: host slot move=53 guest slot move=34",
    "wave 49 turn 1: progress enemyHp=[672:94/94,256:0/98] playerHp=[890:2065/2065,888:1582/1585]",
    "wave 49 turn 2: replay guest crossed cmd:49:2 through real public COMMAND=opened",
    "wave 49: reward shop owner=guest take-nonparty",
    "wave 50 turn 1: replay guest crossed cmd:50:1 through real public COMMAND=opened",
    "wave 50: host slot move=247 guest slot move=85",
    "wave 50 turn 1: guest SWITCH -> party[3]",
    "wave 50 turn 1: progress enemyHp=[305:0/95,662:100/100] playerHp=[890:2061/2065,384:1711/1715]",
    "wave 50 turn 2: replay guest crossed cmd:50:2 through real public COMMAND=opened",
    "wave 50: biome market owner=host leave",
    "wave 50: drained 1 milestone reward continuation(s)",
    "wave 50: guest chose Crossroads Leave through public UI",
    "wave 50: guest drove World Map via public UI=true and both consumed 1826972862680811:1:BIOME_PICK:9700059",
    "wave 51 turn 1: replay guest crossed cmd:51:1 through real public COMMAND=opened",
    "wave 51: BIOME 11->18",
    "wave 51 turn 1: host SWITCH -> party[2]",
    "wave 51: host slot move=85 guest slot move=53",
    "wave 51 turn 1: progress enemyHp=[513:86/86,77:0/83] playerHp=[493:1865/1865,384:1715/1715]",
    "wave 51 turn 2: replay guest crossed cmd:51:2 through real public COMMAND=opened",
    "wave 51 turn 2: host SWITCH -> party[2]",
    "wave 51: reward shop owner=host leave",
    "wave 52 turn 1: replay guest crossed cmd:52:1 through real public COMMAND=opened",
    "wave 52: host slot move=85 guest slot move=247",
    "wave 52 turn 1: progress enemyHp=[838:0/103,776:0/100] playerHp=[890:2065/2065,384:1715/1715]",
    "wave 52: reward shop owner=guest leave",
    "wave 52: drained 1 milestone reward continuation(s)",
    "wave 53 turn 1: replay guest crossed cmd:53:1 through real public COMMAND=opened",
    "wave 53: host slot move=53 guest slot move=34",
    "wave 53 turn 1: progress enemyHp=[500:0/139,758:0/106] playerHp=[890:2065/2065,384:1715/1715]",
    "wave 53: reward shop owner=host leave",
    "wave 53: drained 1 milestone reward continuation(s)",
    "wave 54 turn 1: replay guest crossed cmd:54:1 through real public COMMAND=opened",
    "wave 54: host slot move=34 guest slot move=85",
    "wave 54 turn 1: progress enemyHp=[157:0/116,5:0/94] playerHp=[890:2065/2065,384:1706/1715]",
    "wave 54: reward shop owner=guest leave",
    "wave 54: drained 1 milestone reward continuation(s)",
    "wave 55 turn 1: replay guest crossed cmd:55:1 through real public COMMAND=opened",
    "wave 55: TRAINER (fixed)",
    "wave 55: host slot move=34 guest slot move=53",
    "wave 55 turn 1: progress enemyHp=[652:0/135,663:0/119] playerHp=[890:2065/2065,384:1696/1715]",
    "wave 55 turn 2: replay guest crossed cmd:55:2 through real public COMMAND=opened",
    "wave 55 turn 3: replay guest crossed cmd:55:3 through real public COMMAND=opened",
    "wave 55: reward shop owner=host take-nonparty",
    "wave 55: guest chose Crossroads Leave through public UI",
    "wave 55: guest drove World Map via public UI=true and both consumed 1826972862680811:1:BIOME_PICK:9700065",
    "wave 56 turn 1: replay guest crossed cmd:56:1 through real public COMMAND=opened",
    "wave 56: BIOME 18->8",
    "wave 56: host slot move=85 guest slot move=247",
    "wave 56 turn 1: progress enemyHp=[90:1/84,961:0/86] playerHp=[890:2065/2065,384:1696/1715]",
    "wave 56 turn 2: replay guest crossed cmd:56:2 through real public COMMAND=opened",
    "wave 56: reward shop owner=host take-nonparty",
    "wave 57 turn 1: replay guest crossed cmd:57:1 through real public COMMAND=opened",
    "wave 57: host slot move=247 guest slot move=34",
    "wave 57 turn 1: progress enemyHp=[770:0/121,413:100/100] playerHp=[890:2065/2065,384:1696/1715]",
    "wave 57 turn 2: replay guest crossed cmd:57:2 through real public COMMAND=opened",
    "wave 57: reward shop owner=guest take-nonparty",
    "wave 58 turn 1: replay guest crossed cmd:58:1 through real public COMMAND=opened",
    "wave 58 turn 1: host SWITCH -> party[2]",
    "wave 58: host slot move=247 guest slot move=85",
    "wave 58 turn 1: progress enemyHp=[342:105/105,692:0/111] playerHp=[493:1865/1865,384:1695/1715]",
    "wave 58 turn 2: replay guest crossed cmd:58:2 through real public COMMAND=opened",
    "wave 58: reward shop owner=host take-nonparty",
    "wave 59 turn 1: replay guest crossed cmd:59:1 through real public COMMAND=opened",
    "wave 59: host slot move=34 guest slot move=53",
    "wave 59 turn 1: progress enemyHp=[913:0/115,99:0/117] playerHp=[493:1865/1865,384:1695/1715]",
    "wave 59: reward shop owner=guest take-nonparty",
    "wave 60 turn 1: replay guest crossed cmd:60:1 through real public COMMAND=opened",
    "wave 60: TRAINER (random)",
    "wave 60: host slot move=85 guest slot move=53",
    "wave 60 turn 1: guest SWITCH -> party[3]",
    "wave 60 turn 1: progress enemyHp=[131:0/174,195:135/144] playerHp=[493:1745/1865,888:1482/1585]",
    "wave 60 turn 2: replay guest crossed cmd:60:2 through real public COMMAND=opened",
    "wave 60 turn 2: host SWITCH -> party[2]",
    "wave 60 turn 3: replay guest crossed cmd:60:3 through real public COMMAND=opened",
    "wave 60 turn 3: guest SWITCH -> party[3]",
    "wave 60 turn 4: replay guest crossed cmd:60:4 through real public COMMAND=opened",
    "wave 60 turn 4: host SWITCH -> party[2]",
    "wave 60: biome market owner=host leave",
    "wave 60: drained 1 milestone reward continuation(s)",
    "wave 60: guest chose Crossroads Leave through public UI",
    "wave 60: guest drove World Map via public UI=true and both consumed 1826972862680811:1:BIOME_PICK:9700071",
    "wave 61 turn 1: replay guest crossed cmd:61:1 through real public COMMAND=opened",
    "wave 61: BIOME 8->6",
    "wave 61: host slot move=53 guest slot move=34",
    "wave 61 turn 1: progress enemyHp=[687:0/128,687:0/131] playerHp=[493:1865/1865,384:1715/1715]",
    "wave 61: reward shop owner=host take-nonparty",
    "wave 62 turn 1: replay guest crossed cmd:62:1 through real public COMMAND=opened",
    "wave 62: TRAINER (fixed)",
    "wave 62: host slot move=247 guest slot move=85",
    "wave 62 turn 1: progress enemyHp=[97:0/148,4110:0/139] playerHp=[493:1865/1865,384:1715/1715]",
    "wave 62 turn 2: replay guest crossed cmd:62:2 through real public COMMAND=opened",
    "wave 62: reward shop owner=guest take-nonparty",
    "wave 63 turn 1: replay guest crossed cmd:63:1 through real public COMMAND=opened",
    "wave 63 turn 1: host SWITCH -> party[2]",
    "wave 63: host slot move=34 guest slot move=53",
    "wave 63 turn 1: progress enemyHp=[73:135/135,457:0/120] playerHp=[890:2065/2065,384:1712/1715]",
    "wave 63 turn 2: replay guest crossed cmd:63:2 through real public COMMAND=opened",
    "wave 63: reward shop owner=host take-nonparty",
    "wave 64 turn 1: replay guest crossed cmd:64:1 through real public COMMAND=opened",
    "wave 64: TRAINER (fixed)",
    "wave 64: host slot move=53 guest slot move=34",
    "wave 64 turn 1: progress enemyHp=[2105:0/136,2020:0/136] playerHp=[890:2065/2065,384:1705/1715]",
    "wave 64 turn 2: replay guest crossed cmd:64:2 through real public COMMAND=opened",
    "wave 64: reward shop owner=guest take-nonparty",
    "wave 65 turn 1: replay guest crossed cmd:65:1 through real public COMMAND=opened",
    "wave 65: host slot move=53 guest slot move=34",
    "wave 65 turn 1: guest SWITCH -> party[3]",
    "wave 65 turn 1: progress enemyHp=[457:0/131,565:127/127] playerHp=[890:2065/2065,888:1585/1585]",
    "wave 65 turn 2: replay guest crossed cmd:65:2 through real public COMMAND=opened",
    "wave 65: reward shop owner=host leave",
    "wave 66 turn 1: replay guest crossed cmd:66:1 through real public COMMAND=opened",
    "wave 66: TRAINER (fixed)",
    "wave 66 turn 1: host SWITCH -> party[2]",
    "wave 66: host slot move=247 guest slot move=53",
    "wave 66 turn 1: guest SWITCH -> party[3]",
    "wave 66 turn 1: progress enemyHp=[49:102/137,94:120/132] playerHp=[493:1854/1865,384:1701/1715]",
    "wave 66 turn 2: replay guest crossed cmd:66:2 through real public COMMAND=opened",
    "wave 66 turn 2: guest SWITCH -> party[3]",
    "wave 66 turn 3: replay guest crossed cmd:66:3 through real public COMMAND=opened",
    "wave 66 turn 4: replay guest crossed cmd:66:4 through real public COMMAND=opened",
    "wave 66 turn 5: replay guest crossed cmd:66:5 through real public COMMAND=opened",
    "wave 66: reward shop owner=guest take-nonparty",
    "wave 67 turn 1: replay guest crossed cmd:67:1 through real public COMMAND=opened",
    "wave 67: host slot move=34 guest slot move=53",
    "wave 67 turn 1: progress enemyHp=[73:0/135,457:0/128] playerHp=[493:1848/1865,888:1571/1585]",
    "wave 67: reward shop owner=host leave",
    "wave 68 turn 1: replay guest crossed cmd:68:1 through real public COMMAND=opened",
    "wave 68 turn 1: host SWITCH -> party[2]",
    "wave 68: host slot move=85 guest slot move=247",
    "wave 68 turn 1: progress enemyHp=[687:152/152,687:0/155] playerHp=[890:2065/2065,888:1571/1585]",
    "wave 68 turn 2: replay guest crossed cmd:68:2 through real public COMMAND=opened",
    "wave 68: reward shop owner=guest leave",
    "wave 69 turn 1: replay guest crossed cmd:69:1 through real public COMMAND=opened",
    "wave 69: host slot move=53 guest slot move=34",
    "wave 69 turn 1: progress enemyHp=[130:0/160,687:0/149] playerHp=[890:2065/2065,888:1571/1585]",
    "wave 69: reward shop owner=host leave",
    "wave 70 turn 1: replay guest crossed cmd:70:1 through real public COMMAND=opened",
    "wave 70: host slot move=247 guest slot move=85",
    "wave 70 turn 1: progress enemyHp=[516:0/171,457:0/131] playerHp=[890:2065/2065,888:1571/1585]",
    "wave 70: biome market owner=guest leave",
    "wave 70: drained 1 milestone reward continuation(s)",
    "wave 70: host chose Crossroads Leave through public UI",
    "wave 70: host drove World Map via public UI=true and both consumed 1826972862680811:0:BIOME_PICK:9700082",
    "wave 71 turn 1: replay guest crossed cmd:71:1 through real public COMMAND=opened",
    "wave 71: BIOME 6->10",
    "wave 71 turn 1: host SWITCH -> party[2]",
    "wave 71: host slot move=34 guest slot move=53",
    "wave 71 turn 1: guest SWITCH -> party[3]",
    "wave 71 turn 1: progress enemyHp=[211:140/140,550:137/137] playerHp=[493:1865/1865,384:1715/1715]",
    "wave 71 turn 2: replay guest crossed cmd:71:2 through real public COMMAND=opened",
    "wave 71: reward shop owner=guest take-nonparty",
    "wave 72 turn 1: replay guest crossed cmd:72:1 through real public COMMAND=opened",
    "wave 72: host slot move=53 guest slot move=85",
    "wave 72 turn 1: progress enemyHp=[593:0/180,902:0/184] playerHp=[493:1865/1865,384:1715/1715]",
    "wave 72: reward shop owner=host take-nonparty",
    "wave 73 turn 1: replay guest crossed cmd:73:1 through real public COMMAND=opened",
    "wave 73: host slot move=247 guest slot move=34",
    "wave 73 turn 1: progress enemyHp=[171:0/204,91:125/125] playerHp=[493:1865/1865,384:1608/1715]",
    "wave 73 turn 2: replay guest crossed cmd:73:2 through real public COMMAND=opened",
    "wave 73: reward shop owner=guest leave",
    "wave 74 turn 1: replay guest crossed cmd:74:1 through real public COMMAND=opened",
    "wave 74: host slot move=247 guest slot move=85",
    "wave 74 turn 1: guest SWITCH -> party[3]",
    "wave 74 turn 1: progress enemyHp=[224:0/156,224:144/144] playerHp=[493:1865/1865,888:1578/1585]",
    "wave 74 turn 2: replay guest crossed cmd:74:2 through real public COMMAND=opened",
    "wave 74: reward shop owner=host leave",
    "wave 75 turn 1: replay guest crossed cmd:75:1 through real public COMMAND=opened",
    "wave 75: host slot move=34 guest slot move=53",
    "wave 75 turn 1: progress enemyHp=[603:0/145,224:0/144] playerHp=[493:1865/1865,888:1578/1585]",
    "wave 75: reward shop owner=guest take-nonparty",
    "wave 75: host chose Crossroads Leave through public UI",
    "wave 75: host drove World Map via public UI=true and both consumed 1826972862680811:0:BIOME_PICK:9700088",
    "wave 76 turn 1: replay guest crossed cmd:76:1 through real public COMMAND=opened",
    "wave 76: BIOME 10->13",
    "wave 76: host slot move=53 guest slot move=34",
    "wave 76 turn 1: progress enemyHp=[660:0/160,294:0/172] playerHp=[493:1865/1865,888:1578/1585]",
    "wave 76: reward shop owner=guest take-nonparty",
    "wave 77 turn 1: replay guest crossed cmd:77:1 through real public COMMAND=opened",
    "wave 77: host slot move=247 guest slot move=34",
    "wave 77 turn 1: progress enemyHp=[990:0/171,934:0/182] playerHp=[493:1865/1865,888:1578/1585]",
    "wave 77: reward shop owner=host leave",
    "wave 77: drained 1 milestone reward continuation(s)",
    "wave 78 turn 1: replay guest crossed cmd:78:1 through real public COMMAND=opened",
    "wave 78: host slot move=247 guest slot move=85",
    "wave 78 turn 1: progress enemyHp=[526:1/172,528:0/155] playerHp=[493:1865/1865,888:1570/1585]",
    "wave 78 turn 2: replay guest crossed cmd:78:2 through real public COMMAND=opened",
    "wave 78: reward shop owner=guest leave",
    "wave 78: drained 1 milestone reward continuation(s)",
    "wave 79 turn 1: replay guest crossed cmd:79:1 through real public COMMAND=opened",
    "wave 79: host slot move=53 guest slot move=53",
    "wave 79 turn 1: progress enemyHp=[294:0/188,294:0/191] playerHp=[493:1865/1865,888:1570/1585]",
    "wave 79: reward shop owner=host leave",
    "wave 79: drained 1 milestone reward continuation(s)",
    "wave 80 turn 1: replay guest crossed cmd:80:1 through real public COMMAND=opened",
    "wave 80: host slot move=85 guest slot move=247",
    "wave 80 turn 1: progress enemyHp=[934:0/201,169:0/199] playerHp=[493:1865/1865,888:1570/1585]",
    "wave 80: biome market owner=guest leave",
    "wave 80: drained 1 milestone reward continuation(s)",
    "wave 80: host chose Crossroads Leave through public UI",
    "wave 80: host drove World Map via public UI=true and both consumed 1826972862680811:0:BIOME_PICK:9700094",
    "wave 81 turn 1: replay guest crossed cmd:81:1 through real public COMMAND=opened",
    "wave 81: BIOME 13->12",
    "wave 81: host slot move=247 guest slot move=247",
    "wave 81 turn 1: progress enemyHp=[851:0/201,529:0/155] playerHp=[493:1749/1865,888:1486/1585]",
    "wave 81: reward shop owner=guest take-nonparty",
    "wave 82 turn 1: replay guest crossed cmd:82:1 through real public COMMAND=opened",
    "wave 82 turn 1: host SWITCH -> party[2]",
    "wave 82: host slot move=247 guest slot move=53",
    "wave 82 turn 1: progress enemyHp=[526:178/178,750:0/208] playerHp=[890:1936/2065,888:1387/1585]",
    "wave 82 turn 2: replay guest crossed cmd:82:2 through real public COMMAND=opened",
    "wave 82: reward shop owner=host leave",
    "wave 83 turn 1: replay guest crossed cmd:83:1 through real public COMMAND=opened",
    "wave 83: host slot move=247 guest slot move=85",
    "wave 83 turn 1: progress enemyHp=[232:0/199,851:0/208] playerHp=[890:1936/2065,888:1189/1585]",
    "wave 83: reward shop owner=guest leave",
    "wave 83: drained 1 milestone reward continuation(s)",
    "wave 84 turn 1: replay guest crossed cmd:84:1 through real public COMMAND=opened",
    "wave 84: host slot move=247 guest slot move=34",
    "wave 84 turn 1: progress enemyHp=[51:0/132,232:0/184] playerHp=[890:1936/2065,888:1090/1585]",
    "wave 84: reward shop owner=host leave",
    "wave 84: drained 1 milestone reward continuation(s)",
    "wave 85 turn 1: replay guest crossed cmd:85:1 through real public COMMAND=opened",
    "wave 85: host slot move=53 guest slot move=53",
    "wave 85 turn 1: progress enemyHp=[952:0/153,50:0/100] playerHp=[890:1932/2065,888:793/1585]",
    "wave 85: reward shop owner=guest take-nonparty",
    "wave 85: host chose Crossroads Leave through public UI",
    "wave 85: host drove World Map via public UI=true and both consumed 1826972862680811:0:BIOME_PICK:9700100",
    "wave 86 turn 1: replay guest crossed cmd:86:1 through real public COMMAND=opened",
    "wave 86: BIOME 12->14",
    "wave 86 turn 1: host SWITCH -> party[2]",
    "wave 86: host slot move=85 guest slot move=85",
    "wave 86 turn 1: progress enemyHp=[947:174/174,452:0/183] playerHp=[493:1749/1865,888:694/1585]",
    "wave 86 turn 2: replay guest crossed cmd:86:2 through real public COMMAND=opened",
    "wave 86 turn 2: guest SWITCH -> party[3]",
    "wave 86: reward shop owner=guest take-nonparty",
    "wave 87 turn 1: replay guest crossed cmd:87:1 through real public COMMAND=opened",
    "wave 87: host slot move=53 guest slot move=53",
    "wave 87 turn 1: progress enemyHp=[450:0/214,555:0/218] playerHp=[493:1517/1865,384:1501/1715]",
    "wave 87: reward shop owner=host leave",
    "wave 87: drained 1 milestone reward continuation(s)",
    "wave 88 turn 1: replay guest crossed cmd:88:1 through real public COMMAND=opened",
    "wave 88: host slot move=34 guest slot move=247",
    "wave 88 turn 1: progress enemyHp=[28:0/202,553:0/205] playerHp=[493:1401/1865,384:1394/1715]",
    "wave 88: reward shop owner=guest leave",
    "wave 89 turn 1: replay guest crossed cmd:89:1 through real public COMMAND=opened",
    "wave 89: host slot move=53 guest slot move=34",
    "wave 89 turn 1: progress enemyHp=[556:0/195,694:0/145] playerHp=[493:1285/1865,384:1287/1715]",
    "wave 89: reward shop owner=host leave",
    "wave 90 turn 1: replay guest crossed cmd:90:1 through real public COMMAND=opened",
    "wave 90: TRAINER (random)",
    "wave 90: host slot move=247 guest slot move=85",
    "wave 90 turn 1: progress enemyHp=[6059:0/224,248:0/238] playerHp=[493:1169/1865,384:1180/1715]",
    "wave 90 turn 2: replay guest crossed cmd:90:2 through real public COMMAND=opened",
    "wave 90 turn 2: guest SWITCH -> party[3]",
    "wave 90 turn 3: replay guest crossed cmd:90:3 through real public COMMAND=opened",
    "wave 90: biome market owner=guest leave",
    "wave 90: drained 1 milestone reward continuation(s)",
    "wave 90: host chose Crossroads Leave through public UI",
    "wave 90: host drove World Map via public UI=true and both consumed 1826972862680811:0:BIOME_PICK:9700106",
    "wave 91 turn 1: replay guest crossed cmd:91:1 through real public COMMAND=opened",
    "wave 91: BIOME 14->22",
    "wave 91: host slot move=34 guest slot move=53",
    "wave 91 turn 1: progress enemyHp=[65:0/176,606:0/198] playerHp=[493:1865/1865,888:1585/1585]",
    "wave 91: reward shop owner=guest leave",
    "wave 92 turn 1: replay guest crossed cmd:92:1 through real public COMMAND=opened",
    "wave 92 turn 1: host SWITCH -> party[2]",
    "wave 92: host slot move=85 guest slot move=247",
    "wave 92 turn 1: progress enemyHp=[178:192/192,97:0/218] playerHp=[890:2065/2065,888:1585/1585]",
    "wave 92 turn 2: replay guest crossed cmd:92:2 through real public COMMAND=opened",
    "wave 92: reward shop owner=host take-nonparty",
    "wave 93 turn 1: replay guest crossed cmd:93:1 through real public COMMAND=opened",
    "wave 93: host slot move=53 guest slot move=34",
    "wave 93 turn 1: progress enemyHp=[325:0/165,202:0/347] playerHp=[890:2065/2065,888:1238/1585]",
    "wave 93: reward shop owner=guest leave",
    "wave 94 turn 1: replay guest crossed cmd:94:1 through real public COMMAND=opened",
    "wave 94: host slot move=247 guest slot move=85",
    "wave 94 turn 1: progress enemyHp=[178:0/204,561:0/199] playerHp=[890:2065/2065,888:1238/1585]",
    "wave 94: reward shop owner=host leave",
    "wave 95 turn 1: replay guest crossed cmd:95:1 through real public COMMAND=opened",
    "wave 95: TRAINER (fixed)",
    "wave 95 turn 1: host SWITCH -> party[2]",
    "wave 95: host slot move=34 guest slot move=53",
    "wave 95 turn 1: progress enemyHp=[652:255/255,663:0/219] playerHp=[493:1865/1865,888:1238/1585]",
    "wave 95 turn 2: replay guest crossed cmd:95:2 through real public COMMAND=opened",
    "wave 95 turn 3: replay guest crossed cmd:95:3 through real public COMMAND=opened",
    "wave 95 turn 4: replay guest crossed cmd:95:4 through real public COMMAND=opened",
    "wave 95 turn 4: host SWITCH -> party[2]",
    "wave 95 turn 5: replay guest crossed cmd:95:5 through real public COMMAND=opened",
    "wave 95: reward shop owner=guest take-nonparty",
    "wave 95: host chose Crossroads Leave through public UI",
    "wave 95: host drove World Map via public UI=true and both consumed 1826972862680811:0:BIOME_PICK:9700112",
    "wave 96 turn 1: replay guest crossed cmd:96:1 through real public COMMAND=opened",
    "wave 96: BIOME 22->11",
    "wave 96 turn 1: host SWITCH -> party[2]",
    "wave 96: host slot move=53 guest slot move=247",
    "wave 96 turn 1: progress enemyHp=[18:211/211,227:0/192] playerHp=[493:1849/1865,888:988/1585]",
    "wave 96 turn 2: replay guest crossed cmd:96:2 through real public COMMAND=opened",
    "wave 96 turn 2: guest SWITCH -> party[3]",
    "wave 96: reward shop owner=guest leave",
    "wave 97 turn 1: replay guest crossed cmd:97:1 through real public COMMAND=opened",
    "wave 97: host slot move=53 guest slot move=34",
    "wave 97 turn 1: progress enemyHp=[76:1/224,325:0/188] playerHp=[493:1849/1865,384:1715/1715]",
    "wave 97 turn 2: replay guest crossed cmd:97:2 through real public COMMAND=opened",
    "wave 97: reward shop owner=host leave",
    "wave 98 turn 1: replay guest crossed cmd:98:1 through real public COMMAND=opened",
    "wave 98: host slot move=53 guest slot move=53",
    "wave 98 turn 1: progress enemyHp=[18:0/220,76:1/243] playerHp=[493:1849/1865,384:1715/1715]",
    "wave 98 turn 2: replay guest crossed cmd:98:2 through real public COMMAND=opened",
    "wave 98: reward shop owner=guest leave",
    "wave 99 turn 1: replay guest crossed cmd:99:1 through real public COMMAND=opened",
    "wave 99: host slot move=34 guest slot move=53",
    "wave 99 turn 1: progress enemyHp=[306:0/191,673:0/262] playerHp=[493:1849/1865,384:1715/1715]",
    "wave 99: reward shop owner=host take-nonparty",
    "wave 100 turn 1: replay guest crossed cmd:100:1 through real public COMMAND=opened",
    "wave 100: host slot move=53 guest slot move=247",
    "wave 100 turn 1: progress enemyHp=[1003:0/378,630:0/283] playerHp=[493:1849/1865,384:1715/1715]",
    "wave 100: biome market owner=guest leave",
    "wave 100: drained 1 milestone reward continuation(s)",
    "wave 100: host chose Crossroads Leave through public UI",
    "wave 100: host drove World Map via public UI=true and both consumed 1826972862680811:0:BIOME_PICK:9700118",
    "wave 101 turn 1: replay guest crossed cmd:101:1 through real public COMMAND=opened",
    "wave 101: BIOME 11->18",
    "wave 101: host slot move=247 guest slot move=247",
    "wave 101 turn 1: progress enemyHp=[157:0/216,323:0/224] playerHp=[493:1842/1865,384:1701/1715]",
    "wave 101: reward shop owner=guest leave",
    "wave 101: drained 1 milestone reward continuation(s)",
    "wave 102 turn 1: replay guest crossed cmd:102:1 through real public COMMAND=opened",
    "wave 102: host slot move=247 guest slot move=85",
    "wave 102 turn 1: progress enemyHp=[261:0/152,334:0/217] playerHp=[493:1842/1865,384:1701/1715]",
    "wave 102: reward shop owner=host take-nonparty",
    "wave 103 turn 1: replay guest crossed cmd:103:1 through real public COMMAND=opened",
    "wave 103: TRAINER (random)",
    "wave 103: host slot move=247 guest slot move=247",
    "wave 103 turn 1: progress enemyHp=[76:0/265,76:1/265] playerHp=[493:1826/1865,384:1701/1715]",
    "wave 103 turn 2: replay guest crossed cmd:103:2 through real public COMMAND=opened",
    "wave 103: reward shop owner=guest leave",
    "wave 104 turn 1: replay guest crossed cmd:104:1 through real public COMMAND=opened",
    "wave 104: host slot move=34 guest slot move=247",
    "wave 104 turn 1: progress enemyHp=[78:0/241,631:0/223] playerHp=[493:1826/1865,384:1701/1715]",
    "wave 104: reward shop owner=host take-nonparty",
    "wave 105 turn 1: replay guest crossed cmd:105:1 through real public COMMAND=opened",
    "wave 105: host slot move=85 guest slot move=85",
    "wave 105 turn 1: progress enemyHp=[467:0/240,78:0/226] playerHp=[493:1826/1865,384:1701/1715]",
    "wave 105: reward shop owner=guest take-nonparty",
    "wave 105: host chose Crossroads Leave through public UI",
    "wave 105: host drove World Map via public UI=true and both consumed 1826972862680811:0:BIOME_PICK:9700124",
    "wave 106 turn 1: replay guest crossed cmd:106:1 through real public COMMAND=opened",
    "wave 106: BIOME 18->8",
    "wave 106: host slot move=53 guest slot move=85",
    "wave 106 turn 1: progress enemyHp=[769:0/185,91:199/199] playerHp=[493:1826/1865,384:1701/1715]",
    "wave 106 turn 2: replay guest crossed cmd:106:2 through real public COMMAND=opened",
    "wave 106: reward shop owner=guest take-nonparty",
    "wave 107 turn 1: replay guest crossed cmd:107:1 through real public COMMAND=opened",
    "wave 107 turn 1: host SWITCH -> party[2]",
    "wave 107: host slot move=34 guest slot move=53",
    "wave 107 turn 1: progress enemyHp=[341:168/168,748:220/220] playerHp=[890:2065/2065,384:1701/1715]",
    "wave 107 turn 2: replay guest crossed cmd:107:2 through real public COMMAND=opened",
    "wave 107: reward shop owner=host leave",
    "wave 108 turn 1: replay guest crossed cmd:108:1 through real public COMMAND=opened",
    "wave 108: host slot move=85 guest slot move=247",
    "wave 108 turn 1: progress enemyHp=[693:0/258,413:213/213] playerHp=[890:2065/2065,384:1701/1715]",
    "wave 108 turn 2: replay guest crossed cmd:108:2 through real public COMMAND=opened",
    "wave 108: reward shop owner=guest leave",
    "wave 109 turn 1: replay guest crossed cmd:109:1 through real public COMMAND=opened",
    "wave 109: host slot move=53 guest slot move=34",
    "wave 109 turn 1: progress enemyHp=[99:0/248,692:0/228] playerHp=[890:2065/2065,384:1701/1715]",
    "wave 109: reward shop owner=host leave",
    "wave 110 turn 1: replay guest crossed cmd:110:1 through real public COMMAND=opened",
    "wave 110: host slot move=247 guest slot move=85",
    "wave 110 turn 1: progress enemyHp=[565:0/235,565:0/280] playerHp=[890:2065/2065,384:1701/1715]",
    "wave 110: biome market owner=guest leave",
    "wave 110: drained 1 milestone reward continuation(s)",
    "wave 110: host chose Crossroads Leave through public UI",
    "wave 110: host drove World Map via public UI=true and both consumed 1826972862680811:0:BIOME_PICK:9700130",
    "wave 111 turn 1: replay guest crossed cmd:111:1 through real public COMMAND=opened",
    "wave 111: BIOME 8->6",
    "wave 111: host slot move=34 guest slot move=53",
    "wave 111 turn 1: progress enemyHp=[687:0/243,321:0/388] playerHp=[890:2065/2065,384:1715/1715]",
    "wave 111: reward shop owner=guest take-nonparty",
    "wave 112 turn 1: replay guest crossed cmd:112:1 through real public COMMAND=opened",
    "wave 112: TRAINER (fixed)",
    "wave 112: host slot move=85 guest slot move=247",
    "wave 112 turn 1: progress enemyHp=[748:0/265,545:0/293] playerHp=[890:2065/2065,384:1715/1715]",
    "wave 112 turn 2: replay guest crossed cmd:112:2 through real public COMMAND=opened",
    "wave 112 turn 2: host SWITCH -> party[2]",
    "wave 112 turn 3: replay guest crossed cmd:112:3 through real public COMMAND=opened",
    "wave 112 turn 4: replay guest crossed cmd:112:4 through real public COMMAND=opened",
    "wave 112: reward shop owner=host take-nonparty",
    "wave 113 turn 1: replay guest crossed cmd:113:1 through real public COMMAND=opened",
    "wave 113 turn 1: host SWITCH -> party[2]",
    "wave 113: host slot move=53 guest slot move=34",
    "wave 113 turn 1: progress enemyHp=[91:194/194,456:0/204] playerHp=[890:2065/2065,384:1697/1715]",
    "wave 113 turn 2: replay guest crossed cmd:113:2 through real public COMMAND=opened",
    "wave 113 turn 2: host SWITCH -> party[2]",
    "wave 113: reward shop owner=guest take-nonparty",
    "wave 114 turn 1: replay guest crossed cmd:114:1 through real public COMMAND=opened",
    "wave 114: TRAINER (fixed)",
    "wave 114: host slot move=247 guest slot move=247",
    "wave 114 turn 1: progress enemyHp=[49:0/262,94:0/252] playerHp=[493:1865/1865,384:1697/1715]",
    "wave 114 turn 2: replay guest crossed cmd:114:2 through real public COMMAND=opened",
    "wave 114 turn 3: replay guest crossed cmd:114:3 through real public COMMAND=opened",
    "wave 114: reward shop owner=host take-nonparty",
    "wave 115 turn 1: replay guest crossed cmd:115:1 through real public COMMAND=opened",
    "wave 115: TRAINER (fixed)",
    "wave 115: host slot move=34 guest slot move=53",
    "wave 115 turn 1: progress enemyHp=[469:0/300,212:0/264] playerHp=[493:1865/1865,384:1697/1715]",
    "wave 115 turn 2: replay guest crossed cmd:115:2 through real public COMMAND=opened",
    "wave 115 turn 3: replay guest crossed cmd:115:3 through real public COMMAND=opened",
    "wave 115 turn 3: guest SWITCH -> party[3]",
    "wave 115 turn 4: replay guest crossed cmd:115:4 through real public COMMAND=opened",
    "wave 115: reward shop owner=guest leave",
    "wave 115: host chose Crossroads Leave through public UI",
    "wave 115: host drove World Map via public UI=true and both consumed 1826972862680811:0:BIOME_PICK:9700136",
    "wave 116 turn 1: replay guest crossed cmd:116:1 through real public COMMAND=opened",
    "wave 116: BIOME 6->10",
    "wave 116: host slot move=53 guest slot move=247",
    "wave 116 turn 1: progress enemyHp=[593:0/332,72:0/189] playerHp=[493:1865/1865,888:1498/1585]",
    "wave 116: reward shop owner=guest leave",
    "wave 117 turn 1: replay guest crossed cmd:117:1 through real public COMMAND=opened",
    "wave 117 turn 1: host SWITCH -> party[2]",
    "wave 117: host slot move=247 guest slot move=34",
    "wave 117 turn 1: guest SWITCH -> party[3]",
    "wave 117 turn 1: progress enemyHp=[171:352/352,91:208/208] playerHp=[890:2065/2065,384:1715/1715]",
    "wave 117 turn 2: replay guest crossed cmd:117:2 through real public COMMAND=opened",
    "wave 117 turn 3: replay guest crossed cmd:117:3 through real public COMMAND=opened",
    "wave 117: reward shop owner=host leave",
    "wave 118 turn 1: replay guest crossed cmd:118:1 through real public COMMAND=opened",
    "wave 118: host slot move=247 guest slot move=85",
    "wave 118 turn 1: guest SWITCH -> party[3]",
    "wave 118 turn 1: progress enemyHp=[171:0/341,224:240/240] playerHp=[890:2065/2065,888:1575/1585]",
    "wave 118 turn 2: replay guest crossed cmd:118:2 through real public COMMAND=opened",
    "wave 118: reward shop owner=guest leave",
    "wave 119 turn 1: replay guest crossed cmd:119:1 through real public COMMAND=opened",
    "wave 119: host slot move=53 guest slot move=247",
    "wave 119 turn 1: progress enemyHp=[171:0/356,902:0/358] playerHp=[890:2060/2065,888:1575/1585]",
    "wave 119: reward shop owner=host leave",
    "wave 120 turn 1: replay guest crossed cmd:120:1 through real public COMMAND=opened",
    "wave 120: TRAINER (random)",
    "wave 120: host slot move=85 guest slot move=247",
    "wave 120 turn 1: progress enemyHp=[10826:0/307,10479:0/270] playerHp=[890:2065/2065,888:1575/1585]",
    "wave 120 turn 2: replay guest crossed cmd:120:2 through real public COMMAND=opened",
    "wave 120 turn 3: replay guest crossed cmd:120:3 through real public COMMAND=opened",
    "wave 120 turn 4: replay guest crossed cmd:120:4 through real public COMMAND=opened",
    "wave 120: biome market owner=guest leave",
    "wave 120: drained 1 milestone reward continuation(s)",
    "wave 120: host chose Crossroads Leave through public UI",
    "wave 120: host drove World Map via public UI=true and both consumed 1826972862680811:0:BIOME_PICK:9700142",
    "wave 121 turn 1: replay guest crossed cmd:121:1 through real public COMMAND=opened",
    "wave 121: BIOME 10->13",
    "wave 121: host slot move=34 guest slot move=34",
    "wave 121 turn 1: progress enemyHp=[660:0/265,934:0/297] playerHp=[890:2065/2065,888:1585/1585]",
    "wave 121: reward shop owner=guest leave",
    "wave 121: drained 1 milestone reward continuation(s)",
    "wave 122 turn 1: replay guest crossed cmd:122:1 through real public COMMAND=opened",
    "wave 122: host slot move=247 guest slot move=85",
    "wave 122 turn 1: progress enemyHp=[169:0/283,528:0/259] playerHp=[890:2065/2065,888:1585/1585]",
    "wave 122: reward shop owner=host leave",
    "wave 122: drained 1 milestone reward continuation(s)",
    "wave 123 turn 1: replay guest crossed cmd:123:1 through real public COMMAND=opened",
    "wave 123: host slot move=34 guest slot move=34",
    "wave 123 turn 1: progress enemyHp=[715:0/289,660:0/292] playerHp=[890:2065/2065,888:1585/1585]",
    "wave 123: reward shop owner=guest leave",
    "wave 124 turn 1: replay guest crossed cmd:124:1 through real public COMMAND=opened",
    "wave 124: host slot move=247 guest slot move=85",
    "wave 124 turn 1: progress enemyHp=[47:0/280,47:0/277] playerHp=[890:2065/2065,888:1585/1585]",
    "wave 124: reward shop owner=host leave",
    "wave 125 turn 1: replay guest crossed cmd:125:1 through real public COMMAND=opened",
    "wave 125: host slot move=85 guest slot move=34",
    "wave 125 turn 1: progress enemyHp=[47:0/303,660:0/298] playerHp=[890:2065/2065,888:1585/1585]",
    "wave 125: reward shop owner=guest take-nonparty",
    "wave 125: host chose Crossroads Leave through public UI",
    "wave 125: host drove World Map via public UI=true and both consumed 1826972862680811:0:BIOME_PICK:9700148",
    "wave 126 turn 1: replay guest crossed cmd:126:1 through real public COMMAND=opened",
    "wave 126: BIOME 13->12",
    "wave 126: host slot move=53 guest slot move=247",
    "wave 126 turn 1: guest SWITCH -> party[3]",
    "wave 126 turn 1: progress enemyHp=[530:0/329,464:363/363] playerHp=[890:1887/2065,384:1608/1715]",
    "wave 126 turn 2: replay guest crossed cmd:126:2 through real public COMMAND=opened",
    "wave 126: reward shop owner=guest leave",
    "wave 126: drained 1 milestone reward continuation(s)",
    "wave 127 turn 1: replay guest crossed cmd:127:1 through real public COMMAND=opened",
    "wave 127: host slot move=34 guest slot move=53",
    "wave 127 turn 1: progress enemyHp=[879:198/396,851:0/331] playerHp=[890:1823/2065,384:1394/1715]",
    "wave 127 turn 2: replay guest crossed cmd:127:2 through real public COMMAND=opened",
    "wave 127: reward shop owner=host leave",
    "wave 127: drained 1 milestone reward continuation(s)",
    "wave 128 turn 1: replay guest crossed cmd:128:1 through real public COMMAND=opened",
    "wave 128: host slot move=247 guest slot move=247",
    "wave 128 turn 1: progress enemyHp=[529:0/248,50:0/157] playerHp=[890:1823/2065,384:1180/1715]",
    "wave 128: reward shop owner=guest take-nonparty",
    "wave 129 turn 1: replay guest crossed cmd:129:1 through real public COMMAND=opened",
    "wave 129 turn 1: host SWITCH -> party[2]",
    "wave 129: host slot move=53 guest slot move=247",
    "wave 129 turn 1: progress enemyHp=[1013:247/263,472:0/302] playerHp=[493:1749/1865,384:1033/1715]",
    "wave 129 turn 2: replay guest crossed cmd:129:2 through real public COMMAND=opened",
    "wave 129: reward shop owner=host leave",
    "wave 129: drained 1 milestone reward continuation(s)",
    "wave 130 turn 1: replay guest crossed cmd:130:1 through real public COMMAND=opened",
    "wave 130: host slot move=247 guest slot move=53",
    "wave 130 turn 1: progress enemyHp=[750:0/403,645:0/331] playerHp=[493:1633/1865,384:926/1715]",
    "wave 130: biome market owner=guest leave",
    "wave 130: drained 1 milestone reward continuation(s)",
    "wave 130: host chose Crossroads Leave through public UI",
    "wave 130: host drove World Map via public UI=true and both consumed 1826972862680811:0:BIOME_PICK:9700154",
    "wave 131 turn 1: replay guest crossed cmd:131:1 through real public COMMAND=opened",
    "wave 131: BIOME 12->14",
    "wave 131: host slot move=34 guest slot move=53",
    "wave 131 turn 1: progress enemyHp=[555:0/344,452:0/283] playerHp=[493:1749/1865,384:1608/1715]",
    "wave 131: reward shop owner=guest leave",
    "wave 131: drained 1 milestone reward continuation(s)",
    "wave 132 turn 1: replay guest crossed cmd:132:1 through real public COMMAND=opened",
    "wave 132: host slot move=53 guest slot move=85",
    "wave 132 turn 1: guest SWITCH -> party[3]",
    "wave 132 turn 1: progress enemyHp=[85:0/333,947:268/285] playerHp=[493:1633/1865,888:1465/1585]",
    "wave 132 turn 2: replay guest crossed cmd:132:2 through real public COMMAND=opened",
    "wave 132: reward shop owner=host leave",
    "wave 132: drained 1 milestone reward continuation(s)",
    "wave 133 turn 1: replay guest crossed cmd:133:1 through real public COMMAND=opened",
    "wave 133: host slot move=34 guest slot move=247",
    "wave 133 turn 1: progress enemyHp=[450:0/350,28:0/340] playerHp=[493:1401/1865,888:1267/1585]",
    "wave 133: reward shop owner=guest leave",
    "wave 134 turn 1: replay guest crossed cmd:134:1 through real public COMMAND=opened",
    "wave 134: host slot move=53 guest slot move=247",
    "wave 134 turn 1: progress enemyHp=[85:0/330,553:0/363] playerHp=[493:1285/1865,888:1168/1585]",
    "wave 134: reward shop owner=host leave",
    "wave 135 turn 1: replay guest crossed cmd:135:1 through real public COMMAND=opened",
    "wave 135: host slot move=34 guest slot move=53",
    "wave 135 turn 1: progress enemyHp=[85:0/330,332:0/283] playerHp=[493:1169/1865,888:1069/1585]",
    "wave 135: reward shop owner=guest leave",
    "wave 135: drained 1 milestone reward continuation(s)",
    "wave 135: host chose Crossroads Leave through public UI",
    "wave 135: host drove World Map via public UI=true and both consumed 1826972862680811:0:BIOME_PICK:9700160",
    "wave 136 turn 1: replay guest crossed cmd:136:1 through real public COMMAND=opened",
    "wave 136: BIOME 14->22",
    "wave 136: host slot move=85 guest slot move=247",
    "wave 136 turn 1: guest SWITCH -> party[3]",
    "wave 136 turn 1: progress enemyHp=[201:0/266,325:263/263] playerHp=[493:1169/1865,384:1715/1715]",
    "wave 136 turn 2: replay guest crossed cmd:136:2 through real public COMMAND=opened",
    "wave 136: reward shop owner=guest leave",
    "wave 137 turn 1: replay guest crossed cmd:137:1 through real public COMMAND=opened",
    "wave 137 turn 1: host SWITCH -> party[2]",
    "wave 137: host slot move=53 guest slot move=34",
    "wave 137 turn 1: progress enemyHp=[97:337/337,178:0/305] playerHp=[890:2065/2065,384:1715/1715]",
    "wave 137 turn 2: replay guest crossed cmd:137:2 through real public COMMAND=opened",
    "wave 137: reward shop owner=host leave",
    "wave 138 turn 1: replay guest crossed cmd:138:1 through real public COMMAND=opened",
    "wave 138: host slot move=247 guest slot move=85",
    "wave 138 turn 1: progress enemyHp=[1007:0/367,326:0/321] playerHp=[890:2065/2065,384:1715/1715]",
    "wave 138: reward shop owner=guest leave",
    "wave 138: drained 1 milestone reward continuation(s)",
    "wave 139 turn 1: replay guest crossed cmd:139:1 through real public COMMAND=opened",
    "wave 139: host slot move=34 guest slot move=53",
    "wave 139 turn 1: progress enemyHp=[959:0/326,325:0/278] playerHp=[890:2065/2065,384:1715/1715]",
    "wave 139: reward shop owner=host leave",
    "wave 140 turn 1: replay guest crossed cmd:140:1 through real public COMMAND=opened",
    "wave 140: host slot move=85 guest slot move=247",
    "wave 140 turn 1: progress enemyHp=[576:0/365,1016:0/337] playerHp=[890:2065/2065,384:1715/1715]",
    "wave 140: biome market owner=guest leave",
    "wave 140: drained 1 milestone reward continuation(s)",
    "wave 140: host chose Crossroads Leave through public UI",
    "wave 140: host drove World Map via public UI=true and both consumed 1826972862680811:0:BIOME_PICK:9700166",
    "wave 141 turn 1: replay guest crossed cmd:141:1 through real public COMMAND=opened",
    "wave 141: BIOME 22->11",
    "wave 141: host slot move=53 guest slot move=85",
    "wave 141 turn 1: progress enemyHp=[673:0/439,21:0/239] playerHp=[890:2065/2065,384:1715/1715]",
    "wave 141: reward shop owner=guest leave",
    "wave 142 turn 1: replay guest crossed cmd:142:1 through real public COMMAND=opened",
    "wave 142: TRAINER (random)",
    "wave 142: host slot move=247 guest slot move=85",
    "wave 142 turn 1: progress enemyHp=[10658:0/465,10110:0/346] playerHp=[890:2065/2065,384:1715/1715]",
    "wave 142 turn 2: replay guest crossed cmd:142:2 through real public COMMAND=opened",
    "wave 142: reward shop owner=host leave",
    "wave 143 turn 1: replay guest crossed cmd:143:1 through real public COMMAND=opened",
    "wave 143: host slot move=247 guest slot move=34",
    "wave 143 turn 1: progress enemyHp=[76:96/380,76:1/355] playerHp=[890:2065/2065,384:1715/1715]",
    "wave 143 turn 2: replay guest crossed cmd:143:2 through real public COMMAND=opened",
    "wave 143: reward shop owner=guest leave",
    "wave 144 turn 1: replay guest crossed cmd:144:1 through real public COMMAND=opened",
    "wave 144: host slot move=85 guest slot move=34",
    "wave 144 turn 1: progress enemyHp=[21:0/244,21:261/261] playerHp=[890:2065/2065,384:1715/1715]",
    "wave 144 turn 2: replay guest crossed cmd:144:2 through real public COMMAND=opened",
    "wave 144: reward shop owner=host leave",
    "wave 145 turn 1: replay guest crossed cmd:145:1 through real public COMMAND=opened",
    "wave 145: TRAINER (fixed)",
    "wave 145: host slot move=53 guest slot move=34",
    "wave 145 turn 1: progress enemyHp=[778:283/323,663:0/392] playerHp=[890:2065/2065,384:1628/1715]",
    "wave 145 turn 2: replay guest crossed cmd:145:2 through real public COMMAND=opened",
    "wave 145 turn 3: replay guest crossed cmd:145:3 through real public COMMAND=opened",
    "wave 145 turn 3: guest SWITCH -> party[3]",
    "wave 145 turn 4: replay guest crossed cmd:145:4 through real public COMMAND=opened",
    "wave 145 turn 5: replay guest crossed cmd:145:5 through real public COMMAND=opened",
    "wave 145: reward shop owner=guest leave",
    "wave 145: drained 1 milestone reward continuation(s)",
    "wave 145: host chose Crossroads Leave through public UI",
    "wave 145: host drove World Map via public UI=true and both consumed 1826972862680811:0:BIOME_PICK:9700172",
    "wave 146 turn 1: replay guest crossed cmd:146:1 through real public COMMAND=opened",
    "wave 146: BIOME 11->18",
    "wave 146: host slot move=85 guest slot move=53",
    "wave 146 turn 1: progress enemyHp=[485:0/373,2051:0/241] playerHp=[890:2065/2065,888:1371/1585]",
    "wave 146: reward shop owner=guest leave",
    "wave 146: drained 1 milestone reward continuation(s)",
    "wave 147 turn 1: replay guest crossed cmd:147:1 through real public COMMAND=opened",
    "wave 147: host slot move=247 guest slot move=53",
    "wave 147 turn 1: progress enemyHp=[514:0/324,631:0/368] playerHp=[890:2065/2065,888:1371/1585]",
    "wave 147: reward shop owner=host leave",
    "wave 147: drained 1 milestone reward continuation(s)",
    "wave 148 turn 1: replay guest crossed cmd:148:1 through real public COMMAND=opened",
    "wave 148: host slot move=85 guest slot move=34",
    "wave 148 turn 1: progress enemyHp=[643:0/374,936:0/377] playerHp=[890:2065/2065,888:1371/1585]",
    "wave 148: reward shop owner=guest leave",
    "wave 148: drained 1 milestone reward continuation(s)",
    "wave 149 turn 1: replay guest crossed cmd:149:1 through real public COMMAND=opened",
    "wave 149: host slot move=53 guest slot move=53",
    "wave 149 turn 1: progress enemyHp=[500:0/446,323:193/386] playerHp=[890:2065/2065,888:1314/1585]",
    "wave 149 turn 2: replay guest crossed cmd:149:2 through real public COMMAND=opened",
    "wave 149: reward shop owner=host leave",
    "wave 149: drained 1 milestone reward continuation(s)",
    "wave 150 turn 1: replay guest crossed cmd:150:1 through real public COMMAND=opened",
    "wave 150: TRAINER (random)",
    "wave 150: host slot move=247 guest slot move=247",
    "wave 150 turn 1: progress enemyHp=[10527:0/399,136:0/433] playerHp=[890:2065/2065,888:1314/1585]",
    "wave 150 turn 2: replay guest crossed cmd:150:2 through real public COMMAND=opened",
    "wave 150 turn 2: host SWITCH -> party[2]",
    "wave 150 turn 3: replay guest crossed cmd:150:3 through real public COMMAND=opened",
    "wave 150 turn 4: replay guest crossed cmd:150:4 through real public COMMAND=opened",
    "wave 150: biome market owner=guest leave",
    "wave 150: drained 1 milestone reward continuation(s)",
    "wave 150: host drove World Map via public UI=true and both consumed 1826972862680811:0:BIOME_PICK:9700178",
    "wave 151 turn 1: replay guest crossed cmd:151:1 through real public COMMAND=opened",
    "wave 151: BIOME 18->8",
    "wave 151 turn 1: host SWITCH -> party[2]",
    "wave 151: host slot move=34 guest slot move=53",
    "wave 151 turn 1: progress enemyHp=[91:273/273,91:1/289] playerHp=[890:2065/2065,888:1585/1585]",
    "wave 151 turn 2: replay guest crossed cmd:151:2 through real public COMMAND=opened",
    "wave 151 turn 3: replay guest crossed cmd:151:3 through real public COMMAND=opened",
    "wave 151 turn 4: replay guest crossed cmd:151:4 through real public COMMAND=opened",
    "wave 151 turn 4: host SWITCH -> party[2]",
    "wave 151 turn 4: guest SWITCH -> party[3]",
    "wave 151 turn 5: replay guest crossed cmd:151:5 through real public COMMAND=opened",
    "wave 151 turn 5: guest SWITCH -> party[3]",
    "wave 151 turn 6: replay guest crossed cmd:151:6 through real public COMMAND=opened",
    "wave 151 turn 6: guest SWITCH -> party[3]",
    "wave 151: reward shop owner=guest take-nonparty",
    "wave 152 turn 1: replay guest crossed cmd:152:1 through real public COMMAND=opened",
    "wave 152 turn 1: host SWITCH -> party[2]",
    "wave 152: host slot move=247 guest slot move=247",
    "wave 152 turn 1: guest SWITCH -> party[3]",
    "wave 152 turn 1: progress enemyHp=[413:321/321,99:382/382] playerHp=[890:2065/2065,888:1585/1585]",
    "wave 152 turn 2: replay guest crossed cmd:152:2 through real public COMMAND=opened",
    "wave 152: reward shop owner=host take-nonparty",
    "wave 153 turn 1: replay guest crossed cmd:153:1 through real public COMMAND=opened",
    "wave 153: TRAINER (random)",
    "wave 153: host slot move=53 guest slot move=34",
    "wave 153 turn 1: progress enemyHp=[693:202/446,186:0/483] playerHp=[890:2009/2065,888:1585/1585]",
    "wave 153 turn 2: replay guest crossed cmd:153:2 through real public COMMAND=opened",
    "wave 153: reward shop owner=guest take-nonparty",
    "wave 154 turn 1: replay guest crossed cmd:154:1 through real public COMMAND=opened",
    "wave 154: host slot move=247 guest slot move=85",
    "wave 154 turn 1: progress enemyHp=[748:0/378,91:301/301] playerHp=[890:2065/2065,888:1585/1585]",
    "wave 154 turn 2: replay guest crossed cmd:154:2 through real public COMMAND=opened",
    "wave 154: reward shop owner=host leave",
    "wave 155 turn 1: replay guest crossed cmd:155:1 through real public COMMAND=opened",
    "wave 155: host slot move=34 guest slot move=53",
    "wave 155 turn 1: guest SWITCH -> party[3]",
    "wave 155 turn 1: progress enemyHp=[565:0/355,689:345/345] playerHp=[890:2065/2065,384:1715/1715]",
    "wave 155 turn 2: replay guest crossed cmd:155:2 through real public COMMAND=opened",
    "wave 155 turn 2: host SWITCH -> party[2]",
    "wave 155: reward shop owner=guest leave",
    "wave 156 turn 1: replay guest crossed cmd:156:1 through real public COMMAND=opened",
    "wave 156: host slot move=85 guest slot move=247",
    "wave 156 turn 1: progress enemyHp=[960:0/216,121:0/341] playerHp=[493:1633/1865,384:1715/1715]",
    "wave 156: reward shop owner=host leave",
    "wave 157 turn 1: replay guest crossed cmd:157:1 through real public COMMAND=opened",
    "wave 157 turn 1: host SWITCH -> party[2]",
    "wave 157: host slot move=53 guest slot move=34",
    "wave 157 turn 1: progress enemyHp=[960:219/219,121:0/343] playerHp=[890:2065/2065,384:1686/1715]",
    "wave 157 turn 2: replay guest crossed cmd:157:2 through real public COMMAND=opened",
    "wave 157 turn 2: guest SWITCH -> party[3]",
    "wave 157: reward shop owner=guest leave",
    "wave 158 turn 1: replay guest crossed cmd:158:1 through real public COMMAND=opened",
    "wave 158: host slot move=247 guest slot move=85",
    "wave 158 turn 1: progress enemyHp=[748:361/361,121:0/336] playerHp=[890:2065/2065,888:1585/1585]",
    "wave 158 turn 2: replay guest crossed cmd:158:2 through real public COMMAND=opened",
    "wave 158: reward shop owner=host leave",
    "wave 159 turn 1: replay guest crossed cmd:159:1 through real public COMMAND=opened",
    "wave 159: host slot move=34 guest slot move=53",
    "wave 159 turn 1: progress enemyHp=[414:0/351,558:0/340] playerHp=[890:2065/2065,888:1585/1585]",
    "wave 159: reward shop owner=guest take-nonparty",
    "wave 160 turn 1: replay guest crossed cmd:160:1 through real public COMMAND=opened",
    "wave 160: host slot move=85 guest slot move=247",
    "wave 160 turn 1: progress enemyHp=[342:0/413,342:218/435] playerHp=[890:2030/2065,888:1585/1585]",
    "wave 160 turn 2: replay guest crossed cmd:160:2 through real public COMMAND=opened",
    "wave 160: biome market owner=host leave",
    "wave 160: drained 1 milestone reward continuation(s)",
    "wave 160: guest drove World Map via public UI=true and both consumed 1826972862680811:1:BIOME_PICK:9700189",
    "wave 161 turn 1: replay guest crossed cmd:161:1 through real public COMMAND=opened",
    "wave 161: BIOME 8->6",
    "wave 161: host slot move=53 guest slot move=34",
    "wave 161 turn 1: progress enemyHp=[279:0/351,845:0/355] playerHp=[890:2065/2065,888:1585/1585]",
    "wave 161: reward shop owner=host take-nonparty",
    "wave 162 turn 1: replay guest crossed cmd:162:1 through real public COMMAND=opened",
    "wave 162: host slot move=247 guest slot move=85",
    "wave 162 turn 1: progress enemyHp=[186:0/448,321:0/623] playerHp=[890:2065/2065,888:1585/1585]",
    "wave 162: reward shop owner=guest take-nonparty",
    "wave 163 turn 1: replay guest crossed cmd:163:1 through real public COMMAND=opened",
    "wave 163: host slot move=34 guest slot move=53",
    "wave 163 turn 1: progress enemyHp=[964:0/460,845:260/400] playerHp=[890:2050/2065,888:1585/1585]",
    "wave 163 turn 2: replay guest crossed cmd:163:2 through real public COMMAND=opened",
    "wave 163: reward shop owner=host leave",
    "wave 164 turn 1: replay guest crossed cmd:164:1 through real public COMMAND=opened",
    "wave 164: TRAINER (fixed)",
    "wave 164: host slot move=85 guest slot move=85",
    "wave 164 turn 1: guest SWITCH -> party[3]",
    "wave 164 turn 1: progress enemyHp=[49:0/413,94:437/437] playerHp=[890:2022/2065,384:1624/1715]",
    "wave 164 turn 2: replay guest crossed cmd:164:2 through real public COMMAND=opened",
    "wave 164 turn 3: replay guest crossed cmd:164:3 through real public COMMAND=opened",
    "wave 164 turn 4: replay guest crossed cmd:164:4 through real public COMMAND=opened",
    "wave 164 turn 4: host SWITCH -> party[2]",
    "wave 164: reward shop owner=guest take-nonparty",
    "wave 165 turn 1: replay guest crossed cmd:165:1 through real public COMMAND=opened",
    "wave 165: TRAINER (fixed)",
    "wave 165: host slot move=53 guest slot move=34",
    "wave 165 turn 1: progress enemyHp=[768:0/439,212:416/416] playerHp=[493:1865/1865,384:1528/1715]",
    "wave 165 turn 2: replay guest crossed cmd:165:2 through real public COMMAND=opened",
    "wave 165 turn 3: replay guest crossed cmd:165:3 through real public COMMAND=opened",
    "wave 165 turn 4: replay guest crossed cmd:165:4 through real public COMMAND=opened",
    "wave 165: reward shop owner=host leave",
    "wave 165: drained 1 milestone reward continuation(s)",
    "wave 166 turn 1: replay guest crossed cmd:166:1 through real public COMMAND=opened",
    "wave 166: host slot move=247 guest slot move=85",
    "wave 166 turn 1: guest SWITCH -> party[3]",
    "wave 166 turn 1: progress enemyHp=[279:0/366,516:480/480] playerHp=[493:1865/1865,888:1585/1585]",
    "wave 166 turn 2: replay guest crossed cmd:166:2 through real public COMMAND=opened",
    "wave 166: reward shop owner=guest take-nonparty",
    "wave 167 turn 1: replay guest crossed cmd:167:1 through real public COMMAND=opened",
    "wave 167: host slot move=34 guest slot move=53",
    "wave 167 turn 1: progress enemyHp=[321:0/636,845:0/372] playerHp=[493:1865/1865,888:1585/1585]",
    "wave 167: reward shop owner=host leave",
    "wave 168 turn 1: replay guest crossed cmd:168:1 through real public COMMAND=opened",
    "wave 168: host slot move=85 guest slot move=247",
    "wave 168 turn 1: progress enemyHp=[279:0/371,279:0/373] playerHp=[493:1865/1865,888:1585/1585]",
    "wave 168: reward shop owner=guest leave",
    "wave 169 turn 1: replay guest crossed cmd:169:1 through real public COMMAND=opened",
    "wave 169: host slot move=53 guest slot move=34",
    "wave 169 turn 1: progress enemyHp=[80:84/452,516:0/525] playerHp=[493:1865/1865,888:1585/1585]",
    "wave 169 turn 2: replay guest crossed cmd:169:2 through real public COMMAND=opened",
    "wave 169 turn 2: guest SWITCH -> party[3]",
    "wave 169: reward shop owner=host leave",
    "wave 170 turn 1: replay guest crossed cmd:170:1 through real public COMMAND=opened",
    "wave 170 turn 1: host SWITCH -> party[2]",
    "wave 170: host slot move=34 guest slot move=85",
    "wave 170 turn 1: progress enemyHp=[941:427/427,279:0/391] playerHp=[890:2065/2065,384:1616/1715]",
    "wave 170 turn 2: replay guest crossed cmd:170:2 through real public COMMAND=opened",
    "wave 170: biome market owner=guest leave",
    "wave 170: drained 1 milestone reward continuation(s)",
    "wave 170: host drove World Map via public UI=true and both consumed 1826972862680811:0:BIOME_PICK:9700200",
    "wave 171 turn 1: replay guest crossed cmd:171:1 through real public COMMAND=opened",
    "wave 171: BIOME 6->10",
    "wave 171: host slot move=247 guest slot move=53",
    "wave 171 turn 1: progress enemyHp=[593:0/521,368:0/367] playerHp=[890:2065/2065,384:1715/1715]",
    "wave 171: reward shop owner=guest take-nonparty",
    "wave 172 turn 1: replay guest crossed cmd:172:1 through real public COMMAND=opened",
    "wave 172: host slot move=34 guest slot move=247",
    "wave 172 turn 1: progress enemyHp=[171:0/543,902:0/514] playerHp=[890:2065/2065,384:1715/1715]",
    "wave 172: reward shop owner=host leave",
    "wave 173 turn 1: replay guest crossed cmd:173:1 through real public COMMAND=opened",
    "wave 173 turn 1: host SWITCH -> party[2]",
    "wave 173: host slot move=53 guest slot move=34",
    "wave 173 turn 1: progress enemyHp=[976:492/492,976:0/465] playerHp=[493:1865/1865,384:1680/1715]",
    "wave 173 turn 2: replay guest crossed cmd:173:2 through real public COMMAND=opened",
    "wave 173: reward shop owner=guest take-nonparty",
    "wave 174 turn 1: replay guest crossed cmd:174:1 through real public COMMAND=opened",
    "wave 174: host slot move=247 guest slot move=247",
    "wave 174 turn 1: guest SWITCH -> party[3]",
    "wave 174 turn 1: progress enemyHp=[847:0/374,593:536/536] playerHp=[493:1865/1865,888:1585/1585]",
    "wave 174 turn 2: replay guest crossed cmd:174:2 through real public COMMAND=opened",
    "wave 174: reward shop owner=host take-nonparty",
    "wave 175 turn 1: replay guest crossed cmd:175:1 through real public COMMAND=opened",
    "wave 175: host slot move=34 guest slot move=53",
    "wave 175 turn 1: progress enemyHp=[222:0/455,368:222/443] playerHp=[493:1632/1865,888:1520/1585]",
    "wave 175 turn 2: replay guest crossed cmd:175:2 through real public COMMAND=opened",
    "wave 175 turn 2: host SWITCH -> party[2]",
    "wave 175: reward shop owner=guest leave",
    "wave 175: drained 1 milestone reward continuation(s)",
    "wave 176 turn 1: replay guest crossed cmd:176:1 through real public COMMAND=opened",
    "wave 176: host slot move=85 guest slot move=247",
    "wave 176 turn 1: progress enemyHp=[72:0/324,171:0/566] playerHp=[890:2054/2065,888:1520/1585]",
    "wave 176: reward shop owner=host take-nonparty",
    "wave 177 turn 1: replay guest crossed cmd:177:1 through real public COMMAND=opened",
    "wave 177: host slot move=53 guest slot move=34",
    "wave 177 turn 1: guest SWITCH -> party[3]",
    "wave 177 turn 1: progress enemyHp=[222:223/446,604:488/488] playerHp=[890:1990/2065,384:1715/1715]",
    "wave 177 turn 2: replay guest crossed cmd:177:2 through real public COMMAND=opened",
    "wave 177: reward shop owner=guest leave",
    "wave 177: drained 1 milestone reward continuation(s)",
    "wave 178 turn 1: replay guest crossed cmd:178:1 through real public COMMAND=opened",
    "wave 178: host slot move=53 guest slot move=247",
    "wave 178 turn 1: progress enemyHp=[902:0/555,871:0/448] playerHp=[890:2065/2065,384:1715/1715]",
    "wave 178: reward shop owner=host take-nonparty",
    "wave 179 turn 1: replay guest crossed cmd:179:1 through real public COMMAND=opened",
    "wave 179: host slot move=34 guest slot move=247",
    "wave 179 turn 1: progress enemyHp=[91:349/349,902:0/562] playerHp=[890:1936/2065,384:1715/1715]",
    "wave 179 turn 2: replay guest crossed cmd:179:2 through real public COMMAND=opened",
    "wave 179: reward shop owner=guest leave",
    "wave 180 turn 1: replay guest crossed cmd:180:1 through real public COMMAND=opened",
    "wave 180: TRAINER (random)",
    "wave 180: host slot move=85 guest slot move=247",
    "wave 180 turn 1: progress enemyHp=[10826:0/545,10479:0/474] playerHp=[890:2065/2065,384:1715/1715]",
    "wave 180 turn 2: replay guest crossed cmd:180:2 through real public COMMAND=opened",
    "wave 180 turn 3: replay guest crossed cmd:180:3 through real public COMMAND=opened",
    "wave 180: biome market owner=host leave",
    "wave 180: drained 1 milestone reward continuation(s)",
    "wave 180: guest drove World Map via public UI=true and both consumed 1826972862680811:1:BIOME_PICK:9700211",
    "wave 181 turn 1: replay guest crossed cmd:181:1 through real public COMMAND=opened",
    "wave 181: BIOME 10->13",
    "wave 181 turn 1: host SWITCH -> party[2]",
    "wave 181: host slot move=53 guest slot move=34",
    "wave 181 turn 1: progress enemyHp=[169:449/449,901:0/623] playerHp=[493:1865/1865,384:1715/1715]",
    "wave 181 turn 2: replay guest crossed cmd:181:2 through real public COMMAND=opened",
    "wave 181: reward shop owner=host take-nonparty",
    "wave 182 turn 1: replay guest crossed cmd:182:1 through real public COMMAND=opened",
    "wave 182: TRAINER (fixed)",
    "wave 182 turn 1: host SWITCH -> party[2]",
    "wave 182: host slot move=53 guest slot move=247",
    "wave 182 turn 1: progress enemyHp=[10072:603/603,232:0/582] playerHp=[890:2065/2065,384:1614/1715]",
    "wave 182 turn 2: replay guest crossed cmd:182:2 through real public COMMAND=opened",
    "wave 182 turn 2: guest SWITCH -> party[3]",
    "wave 182 turn 3: replay guest crossed cmd:182:3 through real public COMMAND=opened",
    "wave 182 turn 4: replay guest crossed cmd:182:4 through real public COMMAND=opened",
    "wave 182 turn 5: replay guest crossed cmd:182:5 through real public COMMAND=opened",
    "wave 182: reward shop owner=guest leave",
    "wave 183 turn 1: replay guest crossed cmd:183:1 through real public COMMAND=opened",
    "wave 183: host slot move=34 guest slot move=53",
    "wave 183 turn 1: progress enemyHp=[768:0/462,768:0/453] playerHp=[890:2065/2065,888:1439/1585]",
    "wave 183: reward shop owner=host take-nonparty",
    "wave 184 turn 1: replay guest crossed cmd:184:1 through real public COMMAND=opened",
    "wave 184: TRAINER (fixed)",
    "wave 184 turn 1: host SWITCH -> party[2]",
    "wave 184: host slot move=85 guest slot move=247",
    "wave 184 turn 1: progress enemyHp=[879:662/662,462:0/489] playerHp=[493:1817/1865,888:1439/1585]",
    "wave 184 turn 2: replay guest crossed cmd:184:2 through real public COMMAND=opened",
    "wave 184 turn 3: replay guest crossed cmd:184:3 through real public COMMAND=opened",
    "wave 184 turn 4: replay guest crossed cmd:184:4 through real public COMMAND=opened",
    "wave 184: reward shop owner=guest take-nonparty",
    "wave 185 turn 1: replay guest crossed cmd:185:1 through real public COMMAND=opened",
    "wave 185: host slot move=53 guest slot move=85",
    "wave 185 turn 1: progress enemyHp=[528:0/407,47:126/458] playerHp=[493:1584/1865,888:1068/1585]",
    "wave 185 turn 2: replay guest crossed cmd:185:2 through real public COMMAND=opened",
    "wave 185: reward shop owner=host take-nonparty",
    "wave 186 turn 1: replay guest crossed cmd:186:1 through real public COMMAND=opened",
    "wave 186: TRAINER (fixed)",
    "wave 186: host slot move=247 guest slot move=85",
    "wave 186 turn 1: progress enemyHp=[334:0/507,962:0/523] playerHp=[493:1584/1865,888:1068/1585]",
    "wave 186 turn 2: replay guest crossed cmd:186:2 through real public COMMAND=opened",
    "wave 186 turn 2: guest SWITCH -> party[3]",
    "wave 186 turn 3: replay guest crossed cmd:186:3 through real public COMMAND=opened",
    "wave 186 turn 4: replay guest crossed cmd:186:4 through real public COMMAND=opened",
    "wave 186: reward shop owner=guest leave",
    "wave 187 turn 1: replay guest crossed cmd:187:1 through real public COMMAND=opened",
    "wave 187: host slot move=34 guest slot move=53",
    "wave 187 turn 1: guest SWITCH -> party[3]",
    "wave 187 turn 1: progress enemyHp=[768:0/442,528:439/439] playerHp=[493:1584/1865,888:1585/1585]",
    "wave 187 turn 2: replay guest crossed cmd:187:2 through real public COMMAND=opened",
    "wave 187 turn 2: guest SWITCH -> party[3]",
    "wave 187: reward shop owner=host leave",
    "wave 188 turn 1: replay guest crossed cmd:188:1 through real public COMMAND=opened",
    "wave 188: TRAINER (fixed)",
    "wave 188: host slot move=85 guest slot move=247",
    "wave 188 turn 1: progress enemyHp=[715:0/548,691:0/557] playerHp=[493:1584/1865,384:1715/1715]",
    "wave 188 turn 2: replay guest crossed cmd:188:2 through real public COMMAND=opened",
    "wave 188 turn 2: guest SWITCH -> party[3]",
    "wave 188 turn 3: replay guest crossed cmd:188:3 through real public COMMAND=opened",
    "wave 188 turn 3: host SWITCH -> party[2]",
    "wave 188 turn 4: replay guest crossed cmd:188:4 through real public COMMAND=opened",
    "wave 188 turn 4: guest SWITCH -> party[3]",
    "wave 188 turn 5: replay guest crossed cmd:188:5 through real public COMMAND=opened",
    "wave 188: reward shop owner=guest take-nonparty",
    "wave 189 turn 1: replay guest crossed cmd:189:1 through real public COMMAND=opened",
    "wave 189 turn 1: host SWITCH -> party[2]",
    "wave 189: host slot move=53 guest slot move=34",
    "wave 189 turn 1: guest SWITCH -> party[3]",
    "wave 189 turn 1: progress enemyHp=[528:457/457,526:489/521] playerHp=[493:1749/1865,888:1438/1585]",
    "wave 189 turn 2: replay guest crossed cmd:189:2 through real public COMMAND=opened",
    "wave 189: reward shop owner=host take-nonparty",
    "wave 190 turn 1: replay guest crossed cmd:190:1 through real public COMMAND=opened",
    "wave 190: TRAINER (fixed)",
    "wave 190: host slot move=247 guest slot move=85",
    "wave 190 turn 1: progress enemyHp=[970:0/559,956:0/603] playerHp=[493:1633/1865,888:1339/1585]",
    "wave 190 turn 2: replay guest crossed cmd:190:2 through real public COMMAND=opened",
    "wave 190 turn 3: replay guest crossed cmd:190:3 through real public COMMAND=opened",
    "wave 190 turn 4: replay guest crossed cmd:190:4 through real public COMMAND=opened",
    "wave 190: biome market owner=guest leave",
    "wave 190: drained 1 milestone reward continuation(s)",
    "wave 190: host drove World Map via public UI=false and both consumed 1826972862680811:0:BIOME_PICK:9800191",
    "wave 191 turn 1: replay guest crossed cmd:191:1 through real public COMMAND=opened",
    "wave 191: BIOME 13->50",
    "wave 191: host slot move=53 guest slot move=53",
    "wave 191 turn 1: progress enemyHp=[987:0/402,989:0/497] playerHp=[493:1865/1865,888:1585/1585]",
    "wave 191: reward shop owner=host take-nonparty",
    "wave 192 turn 1: replay guest crossed cmd:192:1 through real public COMMAND=opened",
    "wave 192: host slot move=34 guest slot move=53",
    "wave 192 turn 1: progress enemyHp=[989:0/521,984:0/594] playerHp=[493:1865/1865,888:1585/1585]",
    "wave 192: reward shop owner=guest take-nonparty",
    "wave 193 turn 1: replay guest crossed cmd:193:1 through real public COMMAND=opened",
    "wave 193 turn 1: host SWITCH -> party[2]",
    "wave 193: host slot move=53 guest slot move=34",
    "wave 193 turn 1: progress enemyHp=[994:516/516,989:0/518] playerHp=[890:2065/2065,888:1585/1585]",
    "wave 193 turn 2: replay guest crossed cmd:193:2 through real public COMMAND=opened",
    "wave 193: reward shop owner=host leave",
    "wave 194 turn 1: replay guest crossed cmd:194:1 through real public COMMAND=opened",
    "wave 194: host slot move=247 guest slot move=85",
    "wave 194 turn 1: progress enemyHp=[991:0/403,995:0/572] playerHp=[890:2065/2065,888:1550/1585]",
    "wave 194: reward shop owner=guest leave",
    "wave 195 turn 1: replay guest crossed cmd:195:1 through real public COMMAND=opened",
    "wave 195: TRAINER (fixed)",
    "wave 195: host slot move=34 guest slot move=53",
    "wave 195 turn 1: guest SWITCH -> party[3]",
    "wave 195 turn 1: progress enemyHp=[652:400/599,663:516/552] playerHp=[890:2017/2065,384:1603/1715]"
  ]
}