===== COOP SOAK RESULT =====
profile: me-asym
verdict: FAIL
waves_requested: fixed
run_mode: calibrated-release
calibration_id: me-host-guest-asym-double-faint
target_sha: f0d3406a64babfcd59f15784b906f69be6a1ff38
checked_out_sha: f0d3406a64babfcd59f15784b906f69be6a1ff38
base_seed: 20260717
campaign_seed: fixed-in-test (matrix candidate 20260717 not consumed)
run: 29569189855 (workflow source f0d3406a64babfcd59f15784b906f69be6a1ff38)
timestamp: 2026-07-17T09-16-06Z

----- driver lines -----
[22m[39m[coop-soak] SEED=828633 WAVES=15 - replay this run with:  SOAK_SEED=828633 SOAK_WAVES=15 ER_SCENARIO=1 npx vitest run test/tests/elite-redux/coop/coop-soak.test.ts
[coop-soak] ME DRIVEN wave 15 (seed 828633): DEPARTMENT_STORE_SALE [host-owned]
[22m[39m[coop-soak] SEED=828633 WAVES=17 - replay this run with:  SOAK_SEED=828633 SOAK_WAVES=17 ER_SCENARIO=1 npx vitest run test/tests/elite-redux/coop/coop-soak.test.ts
[coop-soak] ME DRIVEN wave 15 (seed 828633): DEPARTMENT_STORE_SALE [host-owned]
[22m[39m[coop-soak] SEED=828633 WAVES=13 - replay this run with:  SOAK_SEED=828633 SOAK_WAVES=13 ER_SCENARIO=1 npx vitest run test/tests/elite-redux/coop/coop-soak.test.ts
[coop-soak] ME DRIVEN wave 12 (seed 828633): DEPARTMENT_STORE_SALE [guest-owned]

----- vitest result tail -----
[coop:launch] clearCoopRuntime role=guest netcode=authoritative gen->7
[coop:stream] streamer DISPOSE: cancel pending(turns=0 enemyParty=0 meBattle=0 stateSync=0) + null-out all handlers
[coop:relay] dispose() (no in-flight waiters)
[coop:pump] end session { seq: -1, termSeq: -1, wasOwner: false }
[coop:transport] state guest disconnected -> closed
[coop:turn] host recorder: CLEAR (null-out) live emitter (was=false)
[coop:session] coopAuthoritativeGuestPredicate CLEARED (-> solo/host/lockstep reads false)

[90mstdout[2m | test/tests/elite-redux/coop/coop-soak-me.test.ts[2m:213:3[22m[2m[2m > [22m[2mNIGHTLY co-op SOAK: mid-run mystery-encounter continuation (#633 BUILD 1)[2m > [22m[2mdrives a GUEST-OWNED ME inline (counter parity), then surveys past it, findings=0
[22m[39m[2m> [22m[30m[48;2;193;98;222m Test finished! [49m[39m
    Name: [38;2;0;136;134mNIGHTLY co-op SOAK: mid-run mystery-encounter continuation (#633 BUILD 1) > drives a GUEST-OWNED ME inline (counter parity), then surveys past it, findings=0[39m
    Result: [32m[1m✓ Passed[22m[39m [2min[22m [33m20548[39m[2mms[22m
    File: [38;2;210;155;14melite-redux/test/tests/elite-redux/coop/coop-soak-me.test.ts:213:3[39m

[33m[39m[32m·[39m

[31m⎯⎯⎯⎯⎯⎯⎯[39m[1m[41m Failed Tests 1 [49m[22m[31m⎯⎯⎯⎯⎯⎯⎯[39m

[41m[1m FAIL [22m[49m [30m[45m main [49m[39m test/tests/elite-redux/coop/coop-duo-double-faint.test.ts[2m:125:5[22m[2m > [22mco-op DUO double faint: both field slots KO'd in one turn, both replacements drive (#847)[2m > [22mboth replacement SwitchPhases are driven (host picker + guest relay); neither strands the crossing
[31m[1mError[22m: PhaseInterceptor.to("CommandPhase") did not reach its target (soft-lock / freeze?): stuck at phase "SwitchPhase", UI mode MESSAGE (=0), interceptor state "running".
Original: Timed out in waitUntil![39m
[36m [2m❯[22m PhaseInterceptor.to test/framework/phase-interceptor.ts:[2m117:13[22m[39m
    [90m115|[39m       [35mconst[39m stuckPhase [33m=[39m pm[33m.[39m[34mgetCurrentPhase[39m()[33m?.[39mphaseName [33m??[39m [32m"(none)"[39m[33m;[39m
    [90m116|[39m       [35mconst[39m uiMode [33m=[39m [34mgetEnumStr[39m([33mUiMode[39m[33m,[39m [35mthis[39m[33m.[39mscene[33m.[39mui[33m.[39m[34mgetMode[39m())[33m;[39m
    [90m117|[39m       [35mthrow[39m [35mnew[39m [33mError[39m(
    [90m   |[39m             [31m^[39m
    [90m118|[39m         `PhaseInterceptor.to("${this.target}") did not reach its targe…
    [90m119|[39m           + `stuck at phase "${stuckPhase}", UI mode ${uiMode}, interc…
[90m [2m❯[22m test/tests/elite-redux/coop/coop-duo-double-faint.test.ts:[2m213:9[22m[39m
[90m [2m❯[22m withClient test/tools/coop-duo-harness.ts:[2m662:12[22m[39m
[90m [2m❯[22m test/tests/elite-redux/coop/coop-duo-double-faint.test.ts:[2m209:7[22m[39m

[31m[2m⎯⎯⎯⎯⎯⎯⎯⎯⎯⎯⎯⎯⎯⎯⎯⎯⎯⎯⎯⎯⎯⎯⎯⎯[1/1]⎯[22m[39m


[2m Test Files [22m [1m[31m1 failed[39m[22m[2m | [22m[1m[32m2 passed[39m[22m[90m (3)[39m
[2m      Tests [22m [1m[31m1 failed[39m[22m[2m | [22m[1m[32m5 passed[39m[22m[90m (6)[39m
[2m   Start at [22m 09:14:30
[2m   Duration [22m 95.22s[2m (transform 46.96s, setup 67.09s, import 714ms, tests 105.13s, environment 2.30s)[22m

