url:      https://elite-redux-staging.pages.dev/
build:    github:0378aa724a4fa6a34d5ac2c9bbbe734587a4ef2b:run-29584209884.1
ua:       Mozilla/5.0 (Windows NT 10.0; Win64; x64) AppleWebKit/537.36 (KHTML, like Gecko) Chrome/150.0.0.0 Safari/537.36
platform: Win32
screen:   1920x1080 @1x  devmem:16 GB
boot:     boot-start@0ms -> loading-complete@39102ms -> title-shown@58112ms
lastSess: crashed after loading-complete
mode:     0  wave:?
seed:     cUBsk1ZR6U8l6NKQ0R8hsA6l
party:    
enemy:    

----- BUILD IDENTITY (JSON) -----
{"version":1,"id":"github:0378aa724a4fa6a34d5ac2c9bbbe734587a4ef2b:run-29584209884.1","source":"github","sha":"0378aa724a4fa6a34d5ac2c9bbbe734587a4ef2b","workflow":{"provider":"github-actions","runId":"29584209884","runAttempt":1,"workflow":"Deploy Staging","job":"deploy","repository":"Heraklines/elite-redux","ref":"feat/elite-redux-port"},"deployment":null}

----- CO-OP REPORT CORRELATION (JSON) -----
{"version":1,"pairKey":"coop-v1|session=p33-session%3A36JATZ%3A1827118534702529|run=f9fefe71-c9ff-4131-8d2a-34f6cafc706a|epoch=1827118534702529|seed=cUBsk1ZR6U8l6NKQ0R8hsA6l","runId":"f9fefe71-c9ff-4131-8d2a-34f6cafc706a","epoch":1827118534702529,"seed":"cUBsk1ZR6U8l6NKQ0R8hsA6l","binding":{"bindingId":"p33-binding:36JATZ:1827118534702529:4c157f0f1a22d567","sessionId":"p33-session:36JATZ:1827118534702529","source":"fresh","authoritySeat":0},"membership":{"revision":2,"connectionGeneration":0},"local":{"role":"host","seat":0},"partner":{"role":"guest","seat":1},"build":{"version":1,"id":"github:0378aa724a4fa6a34d5ac2c9bbbe734587a4ef2b:run-29584209884.1","source":"github","sha":"0378aa724a4fa6a34d5ac2c9bbbe734587a4ef2b","workflow":{"provider":"github-actions","runId":"29584209884","runAttempt":1,"workflow":"Deploy Staging","job":"deploy","repository":"Heraklines/elite-redux","ref":"feat/elite-redux-port"},"deployment":null}}

----- CO-OP CONTROL PLANE -----
session:  role=host seat=0 gen=0g epoch=1827118534702529 run=f9fefe71-c9ff-4131-8d2a-34f6cafc706a binding=p33-binding:36JATZ:1827118534702529:4c157f0f1a22d567 sessionId=p33-session:36JATZ:1827118534702529 netcode=authoritative PRESENTATION-FINGERPRINT-MISMATCH
members:  rev=2 state=terminated connectionGen=0 present=[0:host=true, 1:guest=true]
phase:    running=EncounterPhase queue=[LoginPhase, TitlePhase]
interact: counter=0 awaiting=none
commands: pending=[]
rendez:   awaiting=[] localArrived=[] partnerArrived=[]
transport(local): state=disconnected generation=0 lastRx=6s
causal:   4/4 most-recent edges
  #1 lobby:start-new-committed id=mrozfrym-0.1wu6gsx1fi5-1 role=host @e1827118534702529
  #2 recovery:terminal-received id=terminal:v1:p33-session%3A36JATZ%3A1827118534702529:e1827118534702529:m1:w0:t0:b0:s1:r1 role=host @e1827118534702529/w0/t0
  #3 recovery:terminal-prepared id=terminal:v1:p33-session%3A36JATZ%3A1827118534702529:e1827118534702529:m1:w0:t0:b0:s1:r1 role=host @e1827118534702529/w0/t0 entered
  #4 recovery:terminal-ack-sent id=terminal:v1:p33-session%3A36JATZ%3A1827118534702529:e1827118534702529:m1:w0:t0:b0:s1:r1 role=host @e1827118534702529/w0/t0
uiRelay:  none

----- CONSOLE -----
[13:36:08.280] LOG: %c %c %c %c %c Phaser v3.90.0 (WebGL | Web Audio) %c https://phaser.io/v390 background: #ff0000 background: #ffff00 background: #00ff00 background: #00ffff color: #ffffff; background: #000000 background: transparent
[13:36:10.518] LOG: [ER] build {"version":1,"id":"github:0378aa724a4fa6a34d5ac2c9bbbe734587a4ef2b:run-29584209884.1","source":"github","sha":"0378aa724a4fa6a34d5ac2c9bbbe734587a4ef2b","workflow":{"provider":"github-actions","runId":"29584209884","runAttempt":1,"workflow":"Deploy Staging","job":"deploy","repository":"Heraklines/elite-redux","ref":"feat/elite-redux-port"},"deployment":null}
[13:36:10.572] LOG: [dev-tools] loaded — 638 scenarios + Send Logs button
[13:36:40.340] DEBUG: Destroying loading scene
[13:36:40.340] DEBUG: Destroyed loading scene
[13:36:40.437] LOG: Seed: w2Bdy79GgozRDKCNcLTyoyu6
[13:36:40.438] LOG: Wave Seed: w2Bdy79GgozRDKCNcLTyoyu6 0
[13:36:50.119] LOG: %cStart Phase LoginPhase color:green;
[13:36:51.441] LOG: Client Session: EeWbKJqytJ1IP4pok43albqWZqIAmR75
[13:36:59.097] DEBUG: Using cached system data
[13:36:59.336] LOG: %cStart Phase TitlePhase color:green;
[13:36:59.338] LOG: Getting Session Slot id: %d 3
[13:36:59.373] LOG: use seasonal splash messages true
[13:37:06.386] LOG: [coop:lobby] start announce name=Heraklines1 protocol=p33
[13:37:07.473] LOG: [coop:lobby] poll players=1
[13:37:08.623] LOG: [coop:lobby] request target=p33_2EmfJ7u1hwgk3y6udTVO5SCT_g9luq5q (self=p33_oN30ykpNuVvScsh5RUycyvZiqlKcAgIE)
[13:37:09.103] LOG: [coop:lobby] poll players=1
[13:37:10.956] LOG: [coop:lobby] poll matched code=36JATZ transportRole=answerer -> connect
[13:37:11.266] LOG: [coop:launch] ICE from worker /coop/ice servers=1
[13:37:13.172] LOG: [coop:launch] data channel already open
[13:37:13.173] LOG: [coop:webrtc] peer connection state role=host state=connected channel=open
[13:37:13.174] LOG: [coop:webrtc] ICE connection state role=host state=connected channel=open
[13:37:13.174] LOG: [coop:webrtc] ctor role=host readyState=open state=connected
[13:37:13.175] LOG: [coop:webrtc] channel OPEN role=host gen=0
[13:37:13.191] LOG: [coop:launch] connectCoopSession role=host state=connected username=Heraklines1 netcode=authoritative
[13:37:13.192] LOG: [coop:stream] streamer CONSTRUCT timeout=1200000ms onMessage registered
[13:37:13.193] LOG: [coop:stream] guest REGISTER onGhostPool handler (bufferedEarly=false)
[13:37:13.193] LOG: [coop:stream] host REGISTER onStateSyncRequest handler (was=false)
[13:37:13.193] LOG: [coop:stream] host REGISTER onEnemyPartyRequest handler (was=false)
[13:37:13.193] LOG: [coop:stream] guest REGISTER onWaveResolved handler (was=false)
[13:37:13.193] LOG: [coop:stream] guest REGISTER onWaveEndState handler (was=false)
[13:37:13.193] LOG: [coop:stream] watcher REGISTER onMeChecksum handler (was=false)
[13:37:13.194] LOG: [coop:turn] host recorder: REGISTER live emitter (was=false)
[13:37:13.195] LOG: [coop:session] coopAuthoritativeGuestPredicate INSTALLED
[13:37:13.195] LOG: [coop:launch] peer session ready role=host netcode=authoritative -> connecting
[13:37:13.195] LOG: [coop:launch] session connect role=host partnerRole=guest netcode=authoritative username=Heraklines1 version=er-coop-37 tiebreak=0.05311599005816747
[13:37:13.197] LOG: [coop:webrtc] raw tx QUEUE role=host t=hello bytes=543
[13:37:13.247] LOG: [coop:checksum] dataFingerprint compute moveMap=e9b828360aafb9e2(1032) movesData=d934626e515c046f(1108) movesName=c262a065143b9028(1108) movesets=44374aedf908f2ff(1920) abilitiesData=484720164af0dd92(1115) abilitiesName=0dc202b994a0ebe5(1115)
[13:37:13.249] LOG: [coop:webrtc] raw tx QUEUE role=host t=dataFingerprint bytes=329
[13:37:13.254] LOG: [coop:owner] ownerOf(counter=0) seat=0 -> owner=host
[13:37:13.254] LOG: [coop:owner] ownerOf(counter=0) seat=0 -> owner=host
[13:37:13.254] LOG: [coop:owner] ownerOf(counter=0) seat=0 -> owner=host
[13:37:13.254] LOG: [coop:owner] ownerOf(counter=0) seat=0 -> owner=host
[13:37:13.287] LOG: [coop:webrtc] raw rx role=host t=hello bytes=530 handlers=11
[13:37:13.289] LOG: [coop:session] capabilities NEGOTIATED local=[durability.journal,opSurface.abilityPicker,opSurface.bargain,opSurface.biome,opSurface.catchFull,opSurface.colosseum,opSurface.faintSwitch,opSurface.learnMove,opSurface.me.v2,opSurface.revival,opSurface.reward,opSurface.stormglass,opSurface.wave,renderer.allowlistEnforce] peer=[durability.journal,opSurface.abilityPicker,opSurface.bargain,opSurface.biome,opSurface.catchFull,opSurface.colosseum,opSurface.faintSwitch,opSurface.learnMove,opSurface.me.v2,opSurface.revival,opSurface.reward,opSurface.stormglass,opSurface.wave,renderer.allowlistEnforce] -> effective=[durability.journal,opSurface.abilityPicker,opSurface.bargain,opSurface.biome,opSurface.catchFull,opSurface.colosseum,opSurface.faintSwitch,opSurface.learnMove,opSurface.me.v2,opSurface.revival,opSurface.reward,opSurface.stormglass,opSurface.wave,renderer.allowlistEnforce]
[13:37:13.289] LOG: [coop:owner] ownerOf(counter=0) seat=0 -> owner=host
[13:37:13.289] LOG: [coop:owner] ownerOf(counter=0) seat=0 -> owner=host
[13:37:13.289] LOG: [coop:owner] ownerOf(counter=0) seat=0 -> owner=host
[13:37:13.289] LOG: [coop:owner] ownerOf(counter=0) seat=0 -> owner=host
[13:37:13.289] LOG: [coop:owner] ownerOf(counter=0) seat=0 -> owner=host
[13:37:13.289] LOG: [coop:owner] ownerOf(counter=0) seat=0 -> owner=host
[13:37:13.324] LOG: [coop:webrtc] raw rx role=host t=dataFingerprint bytes=329 handlers=11
[13:37:13.325] WARN: [coop:checksum] PRESENTATION MISMATCH sections=movesName,abilitiesName - simulation compatible - movesName local=c262a065143b9028(1108) peer=12be97f97ecdc120(1108) abilitiesName local=0dc202b994a0ebe5(1115) peer=1581743383868012(1115)
[13:37:13.325] LOG: [coop:owner] ownerOf(counter=0) seat=0 -> owner=host
[13:37:13.325] LOG: [coop:owner] ownerOf(counter=0) seat=0 -> owner=host
[13:37:13.325] LOG: [coop:owner] ownerOf(counter=0) seat=0 -> owner=host
[13:37:13.325] LOG: [coop:owner] ownerOf(counter=0) seat=0 -> owner=host
[13:37:18.197] LOG: [coop:interaction] interactionCounter() read -> 0 (role=host)
[13:37:18.197] LOG: [coop:health] tick=0g turn=- wave=- counter=0 assertions=0 wait=-1ms machineWaits=- peerBeat=- lastRx=0s transport=connected journal=0/0 queue=0
[13:37:24.045] LOG: [coop:launch] RUN IDENTITY fresh reason=start-new run=f9fefe71-c9ff-4131-8d2a-34f6cafc706a
[13:37:24.045] LOG: [coop:launch] EPOCH MINT epoch=1827118534702529 reason=start-new
[13:37:24.046] LOG: [coop:launch] SEND resumeStartNew id=mrozfrym-0.1wu6gsx1fi5-1 (#810 durable barrier release)
[13:37:24.046] LOG: [coop:webrtc] raw tx QUEUE role=host t=resumeStartNew bytes=157
[13:37:24.047] LOG: [coop:webrtc] raw tx QUEUE role=host t=hello bytes=543
[13:37:24.050] LOG: [coop:webrtc] raw tx QUEUE role=host t=sessionBinding bytes=533
[13:37:24.063] LOG: [coop:webrtc] raw rx role=host t=resumeDecisionAck bytes=65 handlers=11
[13:37:24.064] LOG: [coop:launch] RECV resumeDecisionAck id=mrozfrym-0.1wu6gsx1fi5-1 -> start-new committed on both peers
[13:37:24.076] LOG: [coop-launch] title challenge-gate: role=host isCoopGuest=false -> SelectChallengePhase
[13:37:24.077] LOG: %cStart Phase SelectChallengePhase color:green;
[13:37:24.083] LOG: [coop:webrtc] raw rx role=host t=sessionBindingAck bytes=148 handlers=11
[13:37:24.084] LOG: [coop:owner] ownerOf(counter=0) seat=0 -> owner=host
[13:37:24.084] LOG: [coop:owner] ownerOf(counter=0) seat=0 -> owner=host
[13:37:24.084] LOG: [coop:webrtc] raw rx role=host t=hello bytes=801 handlers=11
[13:37:24.084] LOG: [coop:owner] ownerOf(counter=0) seat=0 -> owner=host
[13:37:24.084] LOG: [coop:owner] ownerOf(counter=0) seat=0 -> owner=host
[13:37:26.208] LOG: %cStart Phase SelectStarterPhase color:green;
[13:37:26.208] LOG: [coop-launch] startCoopSelect role=host partnerConnected=true partnerReady=false
[13:37:26.258] LOG: [coop:owner] ownerOf(counter=0) seat=0 -> owner=host
[13:37:26.258] LOG: [coop:owner] ownerOf(counter=0) seat=0 -> owner=host
[13:37:35.216] LOG: [coop:webrtc] raw rx role=host t=requestRunConfig bytes=24 handlers=11
[13:37:37.503] LOG: [coop:webrtc] raw rx role=host t=requestRunConfig bytes=24 handlers=11
[13:37:37.788] LOG: Spearow's icon __BASE does not match getIconId with female: false, formIndex: 0, shiny: true, variant: 2
[13:37:39.320] LOG: [coop:webrtc] raw rx role=host t=requestRunConfig bytes=24 handlers=11
[13:37:40.520] LOG: Goldeen's icon __BASE does not match getIconId with female: false, formIndex: 0, shiny: true, variant: 2
[13:37:41.229] LOG: [coop:webrtc] raw rx role=host t=requestRunConfig bytes=24 handlers=11
[13:37:43.280] LOG: [coop:webrtc] raw rx role=host t=requestRunConfig bytes=24 handlers=11
[13:37:43.696] LOG: [coop-runconfig] startRun role=host willBroadcast=true difficulty=elite
[13:37:43.696] LOG: [coop:runtime] host broadcast difficulty=elite netcode=authoritative kind=coop (role=host)
[13:37:43.697] LOG: [coop:webrtc] raw tx QUEUE role=host t=runConfig bytes=585
[13:37:43.697] LOG: [coop:owner] ownerOf(counter=0) seat=0 -> owner=host
[13:37:43.697] LOG: [coop:owner] ownerOf(counter=0) seat=0 -> owner=host
[13:37:43.697] LOG: [coop-launch] proceedIfReady launched=false localTeam=0 bothReady=false role=host partnerReady=false
[13:37:43.697] LOG: [coop:owner] ownerOf(counter=0) seat=0 -> owner=host
[13:37:43.697] LOG: [coop:owner] ownerOf(counter=0) seat=0 -> owner=host
[13:37:43.699] LOG: [coop-launch] local team locked in: 3 mons, role=host
[13:37:43.699] LOG: [coop:session] roster carry shinyLab speciesId=118 -> ATTACHED
[13:37:43.700] LOG: [coop:session] roster carry shinyLab speciesId=37 -> ATTACHED
[13:37:43.700] LOG: [coop:session] roster carry shinyLab speciesId=151 -> none
[13:37:43.700] LOG: [coop:roster] add ACCEPT role=host speciesId=118 cost=0.5 hasStarter=true -> count=1 spent=0.5 remaining=4.5
[13:37:43.700] LOG: [coop:roster] add ACCEPT role=host speciesId=37 cost=1 hasStarter=true -> count=2 spent=1.5 remaining=3.5
[13:37:43.700] LOG: [coop:roster] add ACCEPT role=host speciesId=151 cost=3 hasStarter=true -> count=3 spent=4.5 remaining=0.5
[13:37:43.700] LOG: [coop:roster] replace role=host requested=3 accepted=3 spent=4.5 species=[118,37,151]
[13:37:43.701] LOG: [coop:roster] rosterSync SEND role=host entries=3 ready=false spent=4.5 species=[118,37,151]
[13:37:43.701] LOG: [coop:webrtc] raw tx QUEUE role=host t=rosterSync bytes=1382
[13:37:43.701] LOG: [coop:owner] ownerOf(counter=0) seat=0 -> owner=host
[13:37:43.701] LOG: [coop:owner] ownerOf(counter=0) seat=0 -> owner=host
[13:37:43.701] LOG: [coop-launch] proceedIfReady launched=false localTeam=3 bothReady=false role=host partnerReady=false
[13:37:43.701] LOG: [coop:owner] ownerOf(counter=0) seat=0 -> owner=host
[13:37:43.701] LOG: [coop:owner] ownerOf(counter=0) seat=0 -> owner=host
[13:37:43.701] LOG: [coop:roster] setLocalReady role=host localReady=true localCount=3 partnerReady=false -> bothReady=false
[13:37:43.701] LOG: [coop:roster] rosterSync SEND role=host entries=3 ready=true spent=4.5 species=[118,37,151]
[13:37:43.701] LOG: [coop:webrtc] raw tx QUEUE role=host t=rosterSync bytes=1381
[13:37:43.701] LOG: [coop:owner] ownerOf(counter=0) seat=0 -> owner=host
[13:37:43.702] LOG: [coop:owner] ownerOf(counter=0) seat=0 -> owner=host
[13:37:43.702] LOG: [coop-launch] proceedIfReady launched=false localTeam=3 bothReady=false role=host partnerReady=false
[13:37:43.702] LOG: [coop:owner] ownerOf(counter=0) seat=0 -> owner=host
[13:37:43.702] LOG: [coop:owner] ownerOf(counter=0) seat=0 -> owner=host
[13:37:43.702] LOG: [coop-launch] local ready, partner NOT ready -> waiting screen
[13:37:43.925] LOG: [coop:webrtc] raw rx role=host t=rosterSync bytes=971 handlers=11
[13:37:43.926] LOG: [coop:roster] add ACCEPT role=guest speciesId=115 cost=2 hasStarter=true -> count=1 spent=2 remaining=3
[13:37:43.926] LOG: [coop:roster] add ACCEPT role=guest speciesId=131 cost=3 hasStarter=true -> count=2 spent=5 remaining=0
[13:37:43.926] LOG: [coop:roster] replace role=guest requested=2 accepted=2 spent=5 species=[115,131]
[13:37:43.926] LOG: [coop:roster] rosterSync RECV partner=guest entries=2 partnerReady=false partnerCount=2 -> bothReady=false (local role=host)
[13:37:43.926] LOG: [coop:owner] ownerOf(counter=0) seat=0 -> owner=host
[13:37:43.926] LOG: [coop:owner] ownerOf(counter=0) seat=0 -> owner=host
[13:37:43.926] LOG: [coop-launch] proceedIfReady launched=false localTeam=3 bothReady=false role=host partnerReady=false
[13:37:43.926] LOG: [coop:webrtc] raw rx role=host t=rosterSync bytes=970 handlers=11
[13:37:43.926] LOG: [coop:roster] add ACCEPT role=guest speciesId=115 cost=2 hasStarter=true -> count=1 spent=2 remaining=3
[13:37:43.926] LOG: [coop:roster] add ACCEPT role=guest speciesId=131 cost=3 hasStarter=true -> count=2 spent=5 remaining=0
[13:37:43.926] LOG: [coop:roster] replace role=guest requested=2 accepted=2 spent=5 species=[115,131]
[13:37:43.926] LOG: [coop:roster] rosterSync RECV partner=guest entries=2 partnerReady=true partnerCount=2 -> bothReady=true (local role=host)
[13:37:43.927] LOG: [coop:owner] ownerOf(counter=0) seat=0 -> owner=host
[13:37:43.927] LOG: [coop:owner] ownerOf(counter=0) seat=0 -> owner=host
[13:37:43.927] LOG: [coop-launch] proceedIfReady launched=false localTeam=3 bothReady=true role=host partnerReady=true
[13:37:43.928] LOG: [coop-launch] launchCoopMergedParty role=host merged=5 slot=3
[13:37:43.934] LOG: [coop:webrtc] raw rx role=host t=requestLaunchSnapshot bytes=38 handlers=11
[13:37:43.934] WARN: [coop:stream] host RECV requestLaunchSnapshot wave=1 -> no matching cache (cached=none)
[13:37:44.927] LOG: [coop:webrtc] raw rx role=host t=requestLaunchSnapshot bytes=38 handlers=11
[13:37:44.927] WARN: [coop:stream] host RECV requestLaunchSnapshot wave=1 -> no matching cache (cached=none)
[13:37:45.127] WARN: [coop:launch] fresh co-op slot scan found NO verified slot [0:local-occupied 1:local-occupied 2:local-occupied 3:local-occupied 4:local-occupied]
[13:37:45.903] LOG: [coop:launch] fresh co-op launch reclaiming least-recent save slot=4 wave=9 garbage=true
[13:37:45.974] LOG: [coop:webrtc] raw rx role=host t=requestLaunchSnapshot bytes=38 handlers=11
[13:37:45.974] WARN: [coop:stream] host RECV requestLaunchSnapshot wave=1 -> no matching cache (cached=none)
[13:37:46.454] ERROR: Local/cloud checkpoint bytes differ; refusing ambiguous delete.
[13:37:46.454] WARN: [coop:launch] least-recent reclamation delete failed slot=4; trying next candidate
[13:37:46.454] LOG: [coop:launch] fresh co-op launch reclaiming least-recent save slot=0 wave=1 garbage=false
[13:37:46.941] LOG: [coop:webrtc] raw rx role=host t=requestLaunchSnapshot bytes=38 handlers=11
[13:37:46.941] WARN: [coop:stream] host RECV requestLaunchSnapshot wave=1 -> no matching cache (cached=none)
[13:37:47.107] DEBUG: %cSending a request to delete session in slot %d color: blue 0
[13:37:47.483] LOG: [coop:launch] fresh co-op slot scan verified slot 0 []
[13:37:47.484] LOG: [coop-launch] host: reclaimed least-recent save slot=0 (wave 1) for the fresh co-op run
[13:37:47.484] LOG: [coop-launch] host: auto-picked slot 0 (no picker), clearing STARTER_SELECT -> MESSAGE
[13:37:47.963] LOG: [coop:webrtc] raw rx role=host t=requestLaunchSnapshot bytes=38 handlers=11
[13:37:47.963] WARN: [coop:stream] host RECV requestLaunchSnapshot wave=1 -> no matching cache (cached=none)
[13:37:48.214] WARN: [asset-retry] load error key=PRAS-Dragon Dance BG - retry 1/2 with cache-buster
[13:37:48.698] WARN: [asset-retry] load error key=PRAS-Dragon Dance BG - retry 2/2 via fastly mirror + cache-buster
[13:37:48.943] LOG: [coop:webrtc] raw rx role=host t=requestLaunchSnapshot bytes=38 handlers=11
[13:37:48.944] WARN: [coop:stream] host RECV requestLaunchSnapshot wave=1 -> no matching cache (cached=none)
[13:37:49.366] ERROR: [asset-retry] PERMANENT load failure key=PRAS-Dragon Dance BG url=images/battle_anims/PRAS-Dragon Dance BG.png
[13:37:49.391] LOG: Wave Seed: x3Cez8:Hhp{SELDOdMUzpzv7 1
[13:37:49.395] LOG: %cStart Phase EncounterPhase color:green;
[13:37:49.400] LOG: [coop:shop] dex baseline captured (species=1925 starters=922) - deltas are run-scoped
[13:37:49.407] LOG: Starting species pool tier: COMMON
[13:37:49.433] LOG: Pokemon: Wild Yungoos | Species ID: 734 | Level: 2 | Nature: Bashful (-)
[13:37:49.434] LOG: Stats (IVs): HP: 14 (25), Atk: 8 (12), Def: 6 (22), Spatk: 6 (14), Spdef: 6 (1), Spd: 7 (31)
[13:37:49.434] LOG: Ability: Hustle | Passive Ability: Stakeout 
[13:37:49.434] LOG: Moveset: ["Hyper Fang","Yawn","Pounce","Super Fang"]
[13:37:49.434] LOG: Starting species pool tier: RARE
[13:37:49.453] LOG: Pokemon: Wild Abra | Species ID: 63 | Level: 2 | Nature: Quiet (+SpAtk/-Spd)
[13:37:49.454] LOG: Stats (IVs): HP: 13 (26), Atk: 6 (24), Def: 5 (16), Spatk: 10 (11), Spdef: 7 (21), Spd: 7 (5)
[13:37:49.454] LOG: Ability: Mystic Power | Passive Ability: Psychic Mind 
[13:37:49.454] LOG: Moveset: ["Teleport","Ally Switch","Quash","Kinesis"]
[13:37:49.947] LOG: [coop:webrtc] raw rx role=host t=requestLaunchSnapshot bytes=38 handlers=11
[13:37:49.947] WARN: [coop:stream] host RECV requestLaunchSnapshot wave=1 -> no matching cache (cached=none)
[13:37:50.190] LOG: [coop:interaction] interactionCounter() read -> 0 (role=host)
[13:37:50.949] LOG: [coop:webrtc] raw rx role=host t=requestLaunchSnapshot bytes=38 handlers=11
[13:37:50.949] WARN: [coop:stream] host RECV requestLaunchSnapshot wave=1 -> no matching cache (cached=none)
[13:37:51.263] LOG: [coop:launch] resume marker recorded slot=0 self=Heraklines1 partner=test4 wave=1 (#810)
[13:37:51.264] LOG: [coop:webrtc] raw tx QUEUE role=host t=resumeCheckpoint bytes=18342
[13:37:51.265] LOG: [coop:webrtc] raw tx CHUNKED role=host t=resumeCheckpoint bytes=18342 chunks=3 id=host-0-9
[13:37:51.949] LOG: [coop:webrtc] raw rx role=host t=requestLaunchSnapshot bytes=38 handlers=11
[13:37:51.949] WARN: [coop:stream] host RECV requestLaunchSnapshot wave=1 -> no matching cache (cached=none)
[13:37:52.950] LOG: [coop:webrtc] raw rx role=host t=requestLaunchSnapshot bytes=38 handlers=11
[13:37:52.950] WARN: [coop:stream] host RECV requestLaunchSnapshot wave=1 -> no matching cache (cached=none)
[13:37:53.196] LOG: [coop:interaction] interactionCounter() read -> 0 (role=host)
[13:37:53.197] LOG: [coop:health] tick=0g turn=1 wave=1 counter=0 assertions=0 wait=-1ms machineWaits=- peerBeat=- lastRx=0s transport=connected journal=0/0 queue=0
[13:37:53.949] LOG: [coop:webrtc] raw rx role=host t=requestLaunchSnapshot bytes=38 handlers=11
[13:37:53.950] WARN: [coop:stream] host RECV requestLaunchSnapshot wave=1 -> no matching cache (cached=none)
[13:37:54.501] LOG: [coop:webrtc] raw rx role=host t=resumeCheckpointAck bytes=151 handlers=11
[13:37:54.502] WARN: [coop:launch] guest resume checkpoint durable NACK reason=no-safe-slot; retained for retry/evidence
[13:37:54.502] WARN: [coop:stream] host SEND launchSnapshotAbort wave=1 reason=guest-persistence-failed
[13:37:54.502] LOG: [coop:webrtc] raw tx QUEUE role=host t=launchSnapshotAbort bytes=72
[13:37:54.502] WARN: [coop:launch] fresh co-op launch aborted wave=1 reason=guest-persistence-failed
[13:37:54.525] LOG: Seed: U9NSrAUXq9i7kSxXVpZRo0kB
[13:37:54.526] LOG: Wave Seed: U9NSrAUXq9i7kSxXVpZRo0kB 0
[13:37:54.530] LOG: [coop:webrtc] raw rx role=host t=sharedTerminal bytes=676 handlers=11
[13:37:54.532] LOG: [coop:relay] cancelWaiters() no orphaned waiters selected -> nothing cancelled (live waits spared)
[13:37:54.535] LOG: [coop:webrtc] raw tx QUEUE role=host t=sharedTerminalAck bytes=436
[13:37:54.543] WARN: [coop:webrtc] carrier LOST role=host state=connected gen=0 reason=data channel closed
[13:37:54.543] LOG: [coop:webrtc] state role=host connected -> disconnected
[13:37:54.856] WARN: AnimationManager key already exists: prompt
[13:37:54.856] WARN: AnimationManager key already exists: tera_sparkle
[13:37:54.856] LOG: Seed: cUBsk1ZR6U8l6NKQ0R8hsA6l
[13:37:54.856] LOG: Wave Seed: cUBsk1ZR6U8l6NKQ0R8hsA6l 0
[13:38:00.880] LOG: [coop:interaction] interactionCounter() read -> 0 (role=host)

----- REPLAY TRACE (JSON) -----
{"version":2,"seed":"w2Bdy79GgozRDKCNcLTyoyu6","gameModeId":6,"difficulty":"elite","challenges":[{"id":4,"value":0,"severity":0},{"id":9,"value":0,"severity":0},{"id":7,"value":0,"severity":0},{"id":8,"value":0,"severity":0},{"id":0,"value":0,"severity":0},{"id":1,"value":0,"severity":0},{"id":13,"value":0,"severity":0},{"id":10,"value":1,"severity":0},{"id":5,"value":0,"severity":0},{"id":6,"value":0,"severity":0},{"id":11,"value":0,"severity":0},{"id":15,"value":0,"severity":0},{"id":14,"value":0,"severity":0},{"id":12,"value":0,"severity":0}],"roster":[{"id":2699423995,"player":true,"species":118,"formIndex":0,"abilityIndex":0,"passive":false,"shiny":true,"variant":2,"pokeball":0,"level":5,"exp":125,"levelExp":0,"gender":0,"hp":21,"stats":[21,16,12,9,11,14],"ivs":[31,31,31,31,31,31],"nature":3,"moveset":[{"moveId":755,"ppUsed":0,"ppUp":0},{"moveId":349,"ppUsed":0,"ppUp":0},{"moveId":916,"ppUsed":0,"ppUp":0},{"moveId":824,"ppUsed":0,"ppUp":0}],"status":null,"friendship":50,"metLevel":5,"metBiome":-1,"metSpecies":118,"metWave":-1,"luck":3,"pauseEvolutions":false,"pokerus":false,"usedTMs":[],"teraType":10,"isTerastallized":false,"stellarTypesBoosted":[],"fusionShiny":false,"fusionLuck":3,"fusionTeraType":0,"boss":false,"bossSegments":0,"coopOwner":"host","summonData":{"statStages":[0,0,0,0,0,0,0],"moveQueue":[],"tags":[],"abilitySuppressed":false,"abilitiesApplied":[],"chuckusterReductionUsed":false,"forceAttackerOutUsed":false,"erCommandedUsedThisSwitchIn":false,"stats":[0,0,0,0,0,0],"types":[],"berriesEatenLast":[],"moveHistory":[]},"battleData":{"hitCount":0,"hasEatenBerry":false,"berriesEaten":[],"anticipationDodgeUsed":false,"rudeAwakeningTriggered":false,"cowardProtectUsed":false,"lostItems":[]},"customPokemonData":{"spriteScale":-1,"ability":-1,"passive":-1,"passive2":-1,"passive3":-1,"nature":-1,"bonusMoveSlots":0,"abilityOverridesForm":false,"types":[],"hitsRecCount":null,"erBlackShiny":false,"erGiftAbilities":[],"erGiftIndex":0,"erShinyLab":[50,30,0,255,255,255,96,0,1,0,0,0,70,85],"erShinyLabSuppressLocal":false,"erInnateShrineUnlocked":false,"erCursedStat":-1,"erLockedAbilitySlots":[],"erRunUnlockedAbilitySlots":[],"coopPassiveAttr":[63,63,63],"coopLuck":3},"fusionCustomPokemonData":{"spriteScale":-1,"ability":-1,"passive":-1,"passive2":-1,"passive3":-1,"nature":-1,"bonusMoveSlots":0,"abilityOverridesForm":false,"types":[],"hitsRecCount":null,"erBlackShiny":false,"erGiftAbilities":[],"erGiftIndex":0,"erShinyLabSuppressLocal":false,"erInnateShrineUnlocked":false,"erCursedStat":-1,"erLockedAbilitySlots":[],"erRunUnlockedAbilitySlots":[]},"mysteryEncounterPokemonData":null,"fusionMysteryEncounterPokemonData":null},{"id":1346712878,"player":true,"species":115,"formIndex":0,"abilityIndex":0,"passive":false,"shiny":true,"variant":0,"pokeball":0,"level":5,"exp":125,"levelExp":0,"gender":1,"hp":27,"stats":[27,16,14,10,14,15],"ivs":[31,31,31,31,31,31],"nature":0,"moveset":[{"moveId":458,"ppUsed":0,"ppUp":0},{"moveId":252,"ppUsed":0,"ppUp":0},{"moveId":43,"ppUsed":0,"ppUp":0},{"moveId":23,"ppUsed":0,"ppUp":0}],"status":null,"friendship":50,"metLevel":5,"metBiome":-1,"metSpecies":115,"metWave":-1,"luck":1,"pauseEvolutions":false,"pokerus":false,"usedTMs":[],"teraType":0,"isTerastallized":false,"stellarTypesBoosted":[],"fusionShiny":false,"fusionLuck":1,"fusionTeraType":0,"boss":false,"bossSegments":0,"coopOwner":"guest","summonData":{"statStages":[0,0,0,0,0,0,0],"moveQueue":[],"tags":[],"abilitySuppressed":false,"abilitiesApplied":[],"chuckusterReductionUsed":false,"forceAttackerOutUsed":false,"erCommandedUsedThisSwitchIn":false,"stats":[0,0,0,0,0,0],"types":[],"berriesEatenLast":[],"moveHistory":[]},"battleData":{"hitCount":0,"hasEatenBerry":false,"berriesEaten":[],"anticipationDodgeUsed":false,"rudeAwakeningTriggered":false,"cowardProtectUsed":false,"lostItems":[]},"customPokemonData":{"spriteScale":-1,"ability":-1,"passive":-1,"passive2":-1,"passive3":-1,"nature":-1,"bonusMoveSlots":0,"abilityOverridesForm":false,"types":[],"hitsRecCount":null,"erBlackShiny":false,"erGiftAbilities":[],"erGiftIndex":0,"erShinyLabSuppressLocal":true,"erInnateShrineUnlocked":false,"erCursedStat":-1,"erLockedAbilitySlots":[],"erRunUnlockedAbilitySlots":[],"coopPassiveAttr":[63,63,63],"coopLuck":1},"fusionCustomPokemonData":{"spriteScale":-1,"ability":-1,"passive":-1,"passive2":-1,"passive3":-1,"nature":-1,"bonusMoveSlots":0,"abilityOverridesForm":false,"types":[],"hitsRecCount":null,"erBlackShiny":false,"erGiftAbilities":[],"erGiftIndex":0,"erShinyLabSuppressLocal":false,"erInnateShrineUnlocked":false,"erCursedStat":-1,"erLockedAbilitySlots":[],"erRunUnlockedAbilitySlots":[]},"mysteryEncounterPokemonData":null,"fusionMysteryEncounterPokemonData":null},{"id":2379746399,"player":true,"species":37,"formIndex":0,"abilityIndex":2,"passive":false,"shiny":true,"variant":2,"pokeball":0,"level":5,"exp":125,"levelExp":0,"gender":0,"hp":20,"stats":[20,9,10,14,13,13],"ivs":[31,31,31,31,31,31],"nature":15,"moveset":[{"moveId":294,"ppUsed":0,"ppUp":0},{"moveId":595,"ppUsed":0,"ppUp":0},{"moveId":585,"ppUsed":0,"ppUp":0},{"moveId":844,"ppUsed":0,"ppUp":0}],"status":null,"friendship":50,"metLevel":5,"metBiome":-1,"metSpecies":37,"metWave":-1,"luck":3,"pauseEvolutions":false,"pokerus":false,"usedTMs":[],"teraType":9,"isTerastallized":false,"stellarTypesBoosted":[],"fusionShiny":false,"fusionLuck":3,"fusionTeraType":0,"boss":false,"bossSegments":0,"coopOwner":"host","summonData":{"statStages":[0,0,0,0,0,0,0],"moveQueue":[],"tags":[],"abilitySuppressed":false,"abilitiesApplied":[],"chuckusterReductionUsed":false,"forceAttackerOutUsed":false,"erCommandedUsedThisSwitchIn":false,"stats":[0,0,0,0,0,0],"types":[],"berriesEatenLast":[],"moveHistory":[]},"battleData":{"hitCount":0,"hasEatenBerry":false,"berriesEaten":[],"anticipationDodgeUsed":false,"rudeAwakeningTriggered":false,"cowardProtectUsed":false,"lostItems":[]},"customPokemonData":{"spriteScale":-1,"ability":-1,"passive":-1,"passive2":-1,"passive3":-1,"nature":-1,"bonusMoveSlots":0,"abilityOverridesForm":false,"types":[],"hitsRecCount":null,"erBlackShiny":false,"erGiftAbilities":[],"erGiftIndex":0,"erShinyLab":[50,0,0,255,255,255,96,0,0,0,0,0,70,85],"erShinyLabSuppressLocal":false,"erInnateShrineUnlocked":false,"erCursedStat":-1,"erLockedAbilitySlots":[],"erRunUnlockedAbilitySlots":[],"coopPassiveAttr":[63,63,63],"coopLuck":3},"fusionCustomPokemonData":{"spriteScale":-1,"ability":-1,"passive":-1,"passive2":-1,"passive3":-1,"nature":-1,"bonusMoveSlots":0,"abilityOverridesForm":false,"types":[],"hitsRecCount":null,"erBlackShiny":false,"erGiftAbilities":[],"erGiftIndex":0,"erShinyLabSuppressLocal":false,"erInnateShrineUnlocked":false,"erCursedStat":-1,"erLockedAbilitySlots":[],"erRunUnlockedAbilitySlots":[]},"mysteryEncounterPokemonData":null,"fusionMysteryEncounterPokemonData":null},{"id":175186556,"player":true,"species":131,"formIndex":0,"abilityIndex":0,"passive":false,"shiny":true,"variant":1,"pokeball":0,"level":5,"exp":135,"levelExp":0,"gender":0,"hp":29,"stats":[29,15,14,16,16,12],"ivs":[31,31,31,31,31,31],"nature":0,"moveset":[{"moveId":105,"ppUsed":0,"ppUp":0},{"moveId":573,"ppUsed":0,"ppUp":0},{"moveId":47,"ppUsed":0,"ppUp":0},{"moveId":503,"ppUsed":0,"ppUp":0}],"status":null,"friendship":50,"metLevel":5,"metBiome":-1,"metSpecies":131,"metWave":-1,"luck":2,"pauseEvolutions":false,"pokerus":false,"usedTMs":[],"teraType":10,"isTerastallized":false,"stellarTypesBoosted":[],"fusionShiny":false,"fusionLuck":2,"fusionTeraType":0,"boss":false,"bossSegments":0,"coopOwner":"guest","summonData":{"statStages":[0,0,0,0,0,0,0],"moveQueue":[],"tags":[],"abilitySuppressed":false,"abilitiesApplied":[],"chuckusterReductionUsed":false,"forceAttackerOutUsed":false,"erCommandedUsedThisSwitchIn":false,"stats":[0,0,0,0,0,0],"types":[],"berriesEatenLast":[],"moveHistory":[]},"battleData":{"hitCount":0,"hasEatenBerry":false,"berriesEaten":[],"anticipationDodgeUsed":false,"rudeAwakeningTriggered":false,"cowardProtectUsed":false,"lostItems":[]},"customPokemonData":{"spriteScale":-1,"ability":-1,"passive":-1,"passive2":-1,"passive3":-1,"nature":-1,"bonusMoveSlots":0,"abilityOverridesForm":false,"types":[],"hitsRecCount":null,"erBlackShiny":false,"erGiftAbilities":[],"erGiftIndex":0,"erShinyLabSuppressLocal":true,"erInnateShrineUnlocked":false,"erCursedStat":-1,"erLockedAbilitySlots":[],"erRunUnlockedAbilitySlots":[],"coopPassiveAttr":[63,63,63],"coopLuck":2},"fusionCustomPokemonData":{"spriteScale":-1,"ability":-1,"passive":-1,"passive2":-1,"passive3":-1,"nature":-1,"bonusMoveSlots":0,"abilityOverridesForm":false,"types":[],"hitsRecCount":null,"erBlackShiny":false,"erGiftAbilities":[],"erGiftIndex":0,"erShinyLabSuppressLocal":false,"erInnateShrineUnlocked":false,"erCursedStat":-1,"erLockedAbilitySlots":[],"erRunUnlockedAbilitySlots":[]},"mysteryEncounterPokemonData":null,"fusionMysteryEncounterPokemonData":null},{"id":987060718,"player":true,"species":151,"formIndex":0,"abilityIndex":0,"passive":false,"shiny":true,"variant":0,"pokeball":0,"level":5,"exp":128,"levelExp":0,"gender":-1,"hp":26,"stats":[26,16,16,16,16,16],"ivs":[31,31,31,31,31,31],"nature":0,"moveset":[{"moveId":585,"ppUsed":0,"ppUp":0},{"moveId":722,"ppUsed":0,"ppUp":0},{"moveId":825,"ppUsed":0,"ppUp":0},{"moveId":504,"ppUsed":0,"ppUp":0}],"status":null,"friendship":100,"metLevel":5,"metBiome":-1,"metSpecies":151,"metWave":-1,"luck":1,"pauseEvolutions":false,"pokerus":false,"usedTMs":[],"teraType":13,"isTerastallized":false,"stellarTypesBoosted":[],"fusionShiny":false,"fusionLuck":1,"fusionTeraType":0,"boss":false,"bossSegments":0,"coopOwner":"host","summonData":{"statStages":[0,0,0,0,0,0,0],"moveQueue":[],"tags":[],"abilitySuppressed":false,"abilitiesApplied":[],"chuckusterReductionUsed":false,"forceAttackerOutUsed":false,"erCommandedUsedThisSwitchIn":false,"stats":[0,0,0,0,0,0],"types":[],"berriesEatenLast":[],"moveHistory":[]},"battleData":{"hitCount":0,"hasEatenBerry":false,"berriesEaten":[],"anticipationDodgeUsed":false,"rudeAwakeningTriggered":false,"cowardProtectUsed":false,"lostItems":[]},"customPokemonData":{"spriteScale":-1,"ability":-1,"passive":-1,"passive2":-1,"passive3":-1,"nature":-1,"bonusMoveSlots":0,"abilityOverridesForm":false,"types":[],"hitsRecCount":null,"erBlackShiny":false,"erGiftAbilities":[],"erGiftIndex":0,"erShinyLabSuppressLocal":false,"erInnateShrineUnlocked":false,"erCursedStat":-1,"erLockedAbilitySlots":[],"erRunUnlockedAbilitySlots":[],"coopPassiveAttr":[63,63,63],"coopLuck":1},"fusionCustomPokemonData":{"spriteScale":-1,"ability":-1,"passive":-1,"passive2":-1,"passive3":-1,"nature":-1,"bonusMoveSlots":0,"abilityOverridesForm":false,"types":[],"hitsRecCount":null,"erBlackShiny":false,"erGiftAbilities":[],"erGiftIndex":0,"erShinyLabSuppressLocal":false,"erInnateShrineUnlocked":false,"erCursedStat":-1,"erLockedAbilitySlots":[],"erRunUnlockedAbilitySlots":[]},"mysteryEncounterPokemonData":null,"fusionMysteryEncounterPokemonData":null}],"events":[],"coop":{"runConfig":{"difficulty":"elite","challenges":[{"id":4,"value":0,"severity":0},{"id":9,"value":0,"severity":0},{"id":7,"value":0,"severity":0},{"id":8,"value":0,"severity":0},{"id":0,"value":0,"severity":0},{"id":1,"value":0,"severity":0},{"id":13,"value":0,"severity":0},{"id":10,"value":1,"severity":0},{"id":5,"value":0,"severity":0},{"id":6,"value":0,"severity":0},{"id":11,"value":0,"severity":0},{"id":15,"value":0,"severity":0},{"id":14,"value":0,"severity":0},{"id":12,"value":0,"severity":0}],"seed":"w2Bdy79GgozRDKCNcLTyoyu6","netcodeMode":"authoritative","kind":"coop"}},"checkpoint":{"wave":1,"seed":"w2Bdy79GgozRDKCNcLTyoyu6","party":[{"id":2699423995,"player":true,"species":118,"formIndex":0,"abilityIndex":0,"passive":false,"shiny":true,"variant":2,"pokeball":0,"level":5,"exp":125,"levelExp":0,"gender":0,"hp":21,"stats":[21,16,12,9,11,14],"ivs":[31,31,31,31,31,31],"nature":3,"moveset":[{"moveId":755,"ppUsed":0,"ppUp":0},{"moveId":349,"ppUsed":0,"ppUp":0},{"moveId":916,"ppUsed":0,"ppUp":0},{"moveId":824,"ppUsed":0,"ppUp":0}],"status":null,"friendship":50,"metLevel":5,"metBiome":-1,"metSpecies":118,"metWave":-1,"luck":3,"pauseEvolutions":false,"pokerus":false,"usedTMs":[],"teraType":10,"isTerastallized":false,"stellarTypesBoosted":[],"fusionShiny":false,"fusionLuck":3,"fusionTeraType":0,"boss":false,"bossSegments":0,"coopOwner":"host","summonData":{"statStages":[0,0,0,0,0,0,0],"moveQueue":[],"tags":[],"abilitySuppressed":false,"abilitiesApplied":[],"chuckusterReductionUsed":false,"forceAttackerOutUsed":false,"erCommandedUsedThisSwitchIn":false,"stats":[0,0,0,0,0,0],"types":[],"berriesEatenLast":[],"moveHistory":[]},"battleData":{"hitCount":0,"hasEatenBerry":false,"berriesEaten":[],"anticipationDodgeUsed":false,"rudeAwakeningTriggered":false,"cowardProtectUsed":false,"lostItems":[]},"customPokemonData":{"spriteScale":-1,"ability":-1,"passive":-1,"passive2":-1,"passive3":-1,"nature":-1,"bonusMoveSlots":0,"abilityOverridesForm":false,"types":[],"hitsRecCount":null,"erBlackShiny":false,"erGiftAbilities":[],"erGiftIndex":0,"erShinyLab":[50,30,0,255,255,255,96,0,1,0,0,0,70,85],"erShinyLabSuppressLocal":false,"erInnateShrineUnlocked":false,"erCursedStat":-1,"erLockedAbilitySlots":[],"erRunUnlockedAbilitySlots":[],"coopPassiveAttr":[63,63,63],"coopLuck":3},"fusionCustomPokemonData":{"spriteScale":-1,"ability":-1,"passive":-1,"passive2":-1,"passive3":-1,"nature":-1,"bonusMoveSlots":0,"abilityOverridesForm":false,"types":[],"hitsRecCount":null,"erBlackShiny":false,"erGiftAbilities":[],"erGiftIndex":0,"erShinyLabSuppressLocal":false,"erInnateShrineUnlocked":false,"erCursedStat":-1,"erLockedAbilitySlots":[],"erRunUnlockedAbilitySlots":[]},"mysteryEncounterPokemonData":null,"fusionMysteryEncounterPokemonData":null},{"id":1346712878,"player":true,"species":115,"formIndex":0,"abilityIndex":0,"passive":false,"shiny":true,"variant":0,"pokeball":0,"level":5,"exp":125,"levelExp":0,"gender":1,"hp":27,"stats":[27,16,14,10,14,15],"ivs":[31,31,31,31,31,31],"nature":0,"moveset":[{"moveId":458,"ppUsed":0,"ppUp":0},{"moveId":252,"ppUsed":0,"ppUp":0},{"moveId":43,"ppUsed":0,"ppUp":0},{"moveId":23,"ppUsed":0,"ppUp":0}],"status":null,"friendship":50,"metLevel":5,"metBiome":-1,"metSpecies":115,"metWave":-1,"luck":1,"pauseEvolutions":false,"pokerus":false,"usedTMs":[],"teraType":0,"isTerastallized":false,"stellarTypesBoosted":[],"fusionShiny":false,"fusionLuck":1,"fusionTeraType":0,"boss":false,"bossSegments":0,"coopOwner":"guest","summonData":{"statStages":[0,0,0,0,0,0,0],"moveQueue":[],"tags":[],"abilitySuppressed":false,"abilitiesApplied":[],"chuckusterReductionUsed":false,"forceAttackerOutUsed":false,"erCommandedUsedThisSwitchIn":false,"stats":[0,0,0,0,0,0],"types":[],"berriesEatenLast":[],"moveHistory":[]},"battleData":{"hitCount":0,"hasEatenBerry":false,"berriesEaten":[],"anticipationDodgeUsed":false,"rudeAwakeningTriggered":false,"cowardProtectUsed":false,"lostItems":[]},"customPokemonData":{"spriteScale":-1,"ability":-1,"passive":-1,"passive2":-1,"passive3":-1,"nature":-1,"bonusMoveSlots":0,"abilityOverridesForm":false,"types":[],"hitsRecCount":null,"erBlackShiny":false,"erGiftAbilities":[],"erGiftIndex":0,"erShinyLabSuppressLocal":true,"erInnateShrineUnlocked":false,"erCursedStat":-1,"erLockedAbilitySlots":[],"erRunUnlockedAbilitySlots":[],"coopPassiveAttr":[63,63,63],"coopLuck":1},"fusionCustomPokemonData":{"spriteScale":-1,"ability":-1,"passive":-1,"passive2":-1,"passive3":-1,"nature":-1,"bonusMoveSlots":0,"abilityOverridesForm":false,"types":[],"hitsRecCount":null,"erBlackShiny":false,"erGiftAbilities":[],"erGiftIndex":0,"erShinyLabSuppressLocal":false,"erInnateShrineUnlocked":false,"erCursedStat":-1,"erLockedAbilitySlots":[],"erRunUnlockedAbilitySlots":[]},"mysteryEncounterPokemonData":null,"fusionMysteryEncounterPokemonData":null},{"id":2379746399,"player":true,"species":37,"formIndex":0,"abilityIndex":2,"passive":false,"shiny":true,"variant":2,"pokeball":0,"level":5,"exp":125,"levelExp":0,"gender":0,"hp":20,"stats":[20,9,10,14,13,13],"ivs":[31,31,31,31,31,31],"nature":15,"moveset":[{"moveId":294,"ppUsed":0,"ppUp":0},{"moveId":595,"ppUsed":0,"ppUp":0},{"moveId":585,"ppUsed":0,"ppUp":0},{"moveId":844,"ppUsed":0,"ppUp":0}],"status":null,"friendship":50,"metLevel":5,"metBiome":-1,"metSpecies":37,"metWave":-1,"luck":3,"pauseEvolutions":false,"pokerus":false,"usedTMs":[],"teraType":9,"isTerastallized":false,"stellarTypesBoosted":[],"fusionShiny":false,"fusionLuck":3,"fusionTeraType":0,"boss":false,"bossSegments":0,"coopOwner":"host","summonData":{"statStages":[0,0,0,0,0,0,0],"moveQueue":[],"tags":[],"abilitySuppressed":false,"abilitiesApplied":[],"chuckusterReductionUsed":false,"forceAttackerOutUsed":false,"erCommandedUsedThisSwitchIn":false,"stats":[0,0,0,0,0,0],"types":[],"berriesEatenLast":[],"moveHistory":[]},"battleData":{"hitCount":0,"hasEatenBerry":false,"berriesEaten":[],"anticipationDodgeUsed":false,"rudeAwakeningTriggered":false,"cowardProtectUsed":false,"lostItems":[]},"customPokemonData":{"spriteScale":-1,"ability":-1,"passive":-1,"passive2":-1,"passive3":-1,"nature":-1,"bonusMoveSlots":0,"abilityOverridesForm":false,"types":[],"hitsRecCount":null,"erBlackShiny":false,"erGiftAbilities":[],"erGiftIndex":0,"erShinyLab":[50,0,0,255,255,255,96,0,0,0,0,0,70,85],"erShinyLabSuppressLocal":false,"erInnateShrineUnlocked":false,"erCursedStat":-1,"erLockedAbilitySlots":[],"erRunUnlockedAbilitySlots":[],"coopPassiveAttr":[63,63,63],"coopLuck":3},"fusionCustomPokemonData":{"spriteScale":-1,"ability":-1,"passive":-1,"passive2":-1,"passive3":-1,"nature":-1,"bonusMoveSlots":0,"abilityOverridesForm":false,"types":[],"hitsRecCount":null,"erBlackShiny":false,"erGiftAbilities":[],"erGiftIndex":0,"erShinyLabSuppressLocal":false,"erInnateShrineUnlocked":false,"erCursedStat":-1,"erLockedAbilitySlots":[],"erRunUnlockedAbilitySlots":[]},"mysteryEncounterPokemonData":null,"fusionMysteryEncounterPokemonData":null},{"id":175186556,"player":true,"species":131,"formIndex":0,"abilityIndex":0,"passive":false,"shiny":true,"variant":1,"pokeball":0,"level":5,"exp":135,"levelExp":0,"gender":0,"hp":29,"stats":[29,15,14,16,16,12],"ivs":[31,31,31,31,31,31],"nature":0,"moveset":[{"moveId":105,"ppUsed":0,"ppUp":0},{"moveId":573,"ppUsed":0,"ppUp":0},{"moveId":47,"ppUsed":0,"ppUp":0},{"moveId":503,"ppUsed":0,"ppUp":0}],"status":null,"friendship":50,"metLevel":5,"metBiome":-1,"metSpecies":131,"metWave":-1,"luck":2,"pauseEvolutions":false,"pokerus":false,"usedTMs":[],"teraType":10,"isTerastallized":false,"stellarTypesBoosted":[],"fusionShiny":false,"fusionLuck":2,"fusionTeraType":0,"boss":false,"bossSegments":0,"coopOwner":"guest","summonData":{"statStages":[0,0,0,0,0,0,0],"moveQueue":[],"tags":[],"abilitySuppressed":false,"abilitiesApplied":[],"chuckusterReductionUsed":false,"forceAttackerOutUsed":false,"erCommandedUsedThisSwitchIn":false,"stats":[0,0,0,0,0,0],"types":[],"berriesEatenLast":[],"moveHistory":[]},"battleData":{"hitCount":0,"hasEatenBerry":false,"berriesEaten":[],"anticipationDodgeUsed":false,"rudeAwakeningTriggered":false,"cowardProtectUsed":false,"lostItems":[]},"customPokemonData":{"spriteScale":-1,"ability":-1,"passive":-1,"passive2":-1,"passive3":-1,"nature":-1,"bonusMoveSlots":0,"abilityOverridesForm":false,"types":[],"hitsRecCount":null,"erBlackShiny":false,"erGiftAbilities":[],"erGiftIndex":0,"erShinyLabSuppressLocal":true,"erInnateShrineUnlocked":false,"erCursedStat":-1,"erLockedAbilitySlots":[],"erRunUnlockedAbilitySlots":[],"coopPassiveAttr":[63,63,63],"coopLuck":2},"fusionCustomPokemonData":{"spriteScale":-1,"ability":-1,"passive":-1,"passive2":-1,"passive3":-1,"nature":-1,"bonusMoveSlots":0,"abilityOverridesForm":false,"types":[],"hitsRecCount":null,"erBlackShiny":false,"erGiftAbilities":[],"erGiftIndex":0,"erShinyLabSuppressLocal":false,"erInnateShrineUnlocked":false,"erCursedStat":-1,"erLockedAbilitySlots":[],"erRunUnlockedAbilitySlots":[]},"mysteryEncounterPokemonData":null,"fusionMysteryEncounterPokemonData":null},{"id":987060718,"player":true,"species":151,"formIndex":0,"abilityIndex":0,"passive":false,"shiny":true,"variant":0,"pokeball":0,"level":5,"exp":128,"levelExp":0,"gender":-1,"hp":26,"stats":[26,16,16,16,16,16],"ivs":[31,31,31,31,31,31],"nature":0,"moveset":[{"moveId":585,"ppUsed":0,"ppUp":0},{"moveId":722,"ppUsed":0,"ppUp":0},{"moveId":825,"ppUsed":0,"ppUp":0},{"moveId":504,"ppUsed":0,"ppUp":0}],"status":null,"friendship":100,"metLevel":5,"metBiome":-1,"metSpecies":151,"metWave":-1,"luck":1,"pauseEvolutions":false,"pokerus":false,"usedTMs":[],"teraType":13,"isTerastallized":false,"stellarTypesBoosted":[],"fusionShiny":false,"fusionLuck":1,"fusionTeraType":0,"boss":false,"bossSegments":0,"coopOwner":"host","summonData":{"statStages":[0,0,0,0,0,0,0],"moveQueue":[],"tags":[],"abilitySuppressed":false,"abilitiesApplied":[],"chuckusterReductionUsed":false,"forceAttackerOutUsed":false,"erCommandedUsedThisSwitchIn":false,"stats":[0,0,0,0,0,0],"types":[],"berriesEatenLast":[],"moveHistory":[]},"battleData":{"hitCount":0,"hasEatenBerry":false,"berriesEaten":[],"anticipationDodgeUsed":false,"rudeAwakeningTriggered":false,"cowardProtectUsed":false,"lostItems":[]},"customPokemonData":{"spriteScale":-1,"ability":-1,"passive":-1,"passive2":-1,"passive3":-1,"nature":-1,"bonusMoveSlots":0,"abilityOverridesForm":false,"types":[],"hitsRecCount":null,"erBlackShiny":false,"erGiftAbilities":[],"erGiftIndex":0,"erShinyLabSuppressLocal":false,"erInnateShrineUnlocked":false,"erCursedStat":-1,"erLockedAbilitySlots":[],"erRunUnlockedAbilitySlots":[],"coopPassiveAttr":[63,63,63],"coopLuck":1},"fusionCustomPokemonData":{"spriteScale":-1,"ability":-1,"passive":-1,"passive2":-1,"passive3":-1,"nature":-1,"bonusMoveSlots":0,"abilityOverridesForm":false,"types":[],"hitsRecCount":null,"erBlackShiny":false,"erGiftAbilities":[],"erGiftIndex":0,"erShinyLabSuppressLocal":false,"erInnateShrineUnlocked":false,"erCursedStat":-1,"erLockedAbilitySlots":[],"erRunUnlockedAbilitySlots":[]},"mysteryEncounterPokemonData":null,"fusionMysteryEncounterPokemonData":null}],"modifiers":[{"player":true,"typeId":"MAP","args":[],"stackCount":1,"className":"MapModifier"}],"money":1000,"pokeballCounts":{"0":5,"1":0,"2":0,"3":0,"4":0}}}
