{
  "invariant": "no-park",
  "seed": 20365446,
  "wave": 130,
  "detail": "wave driving threw (strand/stall): client phase drive to guest command 130:2 HANG on TitlePhase; queued=[], ui=TITLE",
  "replay": "SOAK_SEED=20365446",
  "phaseState": {
    "hostPhase": "CommandPhase",
    "guestPhase": "TitlePhase",
    "hostInteractionCounter": 153,
    "guestInteractionCounter": 153,
    "hostWave": 130,
    "hostBattleType": 0,
    "hostPlayerField": [
      {
        "id": 2481537132,
        "battlerIndex": -1,
        "speciesId": 493,
        "speciesName": "Arceus",
        "hp": 807,
        "maxHp": 1865,
        "fainted": false,
        "status": 0,
        "statStages": [
          0,
          -1,
          0,
          0,
          0,
          0,
          0
        ],
        "moves": [
          {
            "id": 34,
            "ppUsed": 1
          },
          {
            "id": 247,
            "ppUsed": 0
          },
          {
            "id": 53,
            "ppUsed": 0
          },
          {
            "id": 85,
            "ppUsed": 0
          }
        ],
        "coopOwner": "host"
      },
      {
        "id": 1539318377,
        "battlerIndex": -1,
        "speciesId": 150,
        "speciesName": "Mewtwo",
        "hp": 868,
        "maxHp": 1725,
        "fainted": false,
        "status": 0,
        "statStages": [
          0,
          0,
          0,
          0,
          0,
          0,
          0
        ],
        "moves": [
          {
            "id": 34,
            "ppUsed": 1
          },
          {
            "id": 247,
            "ppUsed": 0
          },
          {
            "id": 53,
            "ppUsed": 0
          },
          {
            "id": 85,
            "ppUsed": 0
          }
        ],
        "coopOwner": "guest"
      }
    ],
    "hostEnemyField": [
      {
        "id": 1000311070,
        "battlerIndex": -1,
        "speciesId": 76,
        "speciesName": "Golem",
        "hp": 0,
        "maxHp": 327,
        "fainted": true,
        "status": 7,
        "statStages": [
          0,
          0,
          0,
          0,
          0,
          0,
          0
        ],
        "moves": [
          {
            "id": 457,
            "ppUsed": 0
          },
          {
            "id": 130,
            "ppUsed": 0
          },
          {
            "id": 5167,
            "ppUsed": 1
          },
          {
            "id": 335,
            "ppUsed": 0
          }
        ]
      },
      {
        "id": 1324659255,
        "battlerIndex": -1,
        "speciesId": 208,
        "speciesName": "Steelix",
        "hp": 174,
        "maxHp": 310,
        "fainted": false,
        "status": 0,
        "statStages": [
          0,
          0,
          0,
          -1,
          0,
          0,
          0
        ],
        "moves": [
          {
            "id": 838,
            "ppUsed": 1
          },
          {
            "id": 568,
            "ppUsed": 0
          },
          {
            "id": 439,
            "ppUsed": 0
          },
          {
            "id": 489,
            "ppUsed": 0
          }
        ]
      }
    ],
    "guestPlayerField": [],
    "guestEnemyField": []
  },
  "actionScript": [
    "SKIP mysteryEncounterDisabledV1",
    "content seed=coop-soak-20365446 preseeded=false",
    "wave 1 turn 1: replay guest crossed cmd:1:1 through real public COMMAND=opened",
    "wave 1: host slot move=85 guest slot move=34",
    "wave 1 turn 1: guest SWITCH -> party[3]",
    "wave 1 turn 1: progress enemyHp=[16:0/14,263:14/14] playerHp=[890:2065/2065,150:1723/1725]",
    "wave 1 turn 2: replay guest crossed cmd:1:2 through real public COMMAND=opened",
    "wave 1: reward shop owner=host leave",
    "wave 2 turn 1: replay guest crossed cmd:2:1 through real public COMMAND=opened",
    "wave 2: host slot move=85 guest slot move=53",
    "wave 2 turn 1: progress enemyHp=[263:0/16,924:0/16] playerHp=[890:2065/2065,150:1723/1725]",
    "wave 2: reward shop owner=guest take-nonparty",
    "wave 3 turn 1: replay guest crossed cmd:3:1 through real public COMMAND=opened",
    "wave 3: host slot move=53 guest slot move=247",
    "wave 3 turn 1: progress enemyHp=[276:0/16,29:0/17] playerHp=[890:2065/2065,150:1723/1725]",
    "wave 3: reward shop owner=host take-nonparty",
    "wave 4 turn 1: replay guest crossed cmd:4:1 through real public COMMAND=opened",
    "wave 4: host slot move=34 guest slot move=34",
    "wave 4 turn 1: guest SWITCH -> party[3]",
    "wave 4 turn 1: progress enemyHp=[261:0/16,572:19/19] playerHp=[890:2065/2065,384:1715/1715]",
    "wave 4 turn 2: replay guest crossed cmd:4:2 through real public COMMAND=opened",
    "wave 4 turn 2: guest SWITCH -> party[3]",
    "wave 4: reward shop owner=guest take-nonparty",
    "wave 5 turn 1: replay guest crossed cmd:5:1 through real public COMMAND=opened",
    "wave 5: TRAINER (fixed)",
    "wave 5: host slot move=247 guest slot move=53",
    "wave 5 turn 1: progress enemyHp=[13:0/18,504:0/18] playerHp=[890:2065/2065,150:1725/1725]",
    "wave 5: reward shop owner=host leave",
    "wave 5: guest chose Crossroads Leave through public UI",
    "wave 5: guest drove World Map via public UI=true and both consumed 1827096413707258:1:BIOME_PICK:9700005",
    "wave 6 turn 1: replay guest crossed cmd:6:1 through real public COMMAND=opened",
    "wave 6: BIOME 0->1",
    "wave 6: host slot move=53 guest slot move=34",
    "wave 6 turn 1: progress enemyHp=[25:0/18,41:0/20] playerHp=[890:2065/2065,150:1725/1725]",
    "wave 6: reward shop owner=host leave",
    "wave 7 turn 1: replay guest crossed cmd:7:1 through real public COMMAND=opened",
    "wave 7: host slot move=85 guest slot move=247",
    "wave 7 turn 1: progress enemyHp=[661:0/21,41:0/20] playerHp=[890:2065/2065,150:1725/1725]",
    "wave 7: reward shop owner=guest leave",
    "wave 8 turn 1: replay guest crossed cmd:8:1 through real public COMMAND=opened",
    "wave 8: TRAINER (fixed)",
    "wave 8: host slot move=34 guest slot move=85",
    "wave 8 turn 1: progress enemyHp=[653:0/24,396:0/22] playerHp=[890:2065/2065,150:1725/1725]",
    "wave 8: reward shop owner=host leave",
    "wave 9 turn 1: replay guest crossed cmd:9:1 through real public COMMAND=opened",
    "wave 9: host slot move=85 guest slot move=85",
    "wave 9 turn 1: progress enemyHp=[399:0/28,41:0/22] playerHp=[890:2065/2065,150:1725/1725]",
    "wave 9: reward shop owner=guest take-nonparty",
    "wave 10 turn 1: replay guest crossed cmd:10:1 through real public COMMAND=opened",
    "wave 10: host slot move=85 guest slot move=85",
    "wave 10 turn 1: progress enemyHp=[446:0/42,446:0/42] playerHp=[890:2065/2065,150:1725/1725]",
    "wave 10: biome market owner=host leave",
    "wave 10: drained 1 milestone reward continuation(s)",
    "wave 10: guest chose Crossroads Leave through public UI",
    "wave 10: guest drove World Map via public UI=true and both consumed 1827096413707258:1:BIOME_PICK:9700011",
    "wave 11 turn 1: replay guest crossed cmd:11:1 through real public COMMAND=opened",
    "wave 11: BIOME 1->2",
    "wave 11: host slot move=85 guest slot move=247",
    "wave 11 turn 1: progress enemyHp=[285:24/30,273:0/24] playerHp=[890:2065/2065,150:1725/1725]",
    "wave 11 turn 2: replay guest crossed cmd:11:2 through real public COMMAND=opened",
    "wave 11: reward shop owner=host leave",
    "wave 12 turn 1: replay guest crossed cmd:12:1 through real public COMMAND=opened",
    "wave 12: host slot move=34 guest slot move=53",
    "wave 12 turn 1: progress enemyHp=[268:0/28,714:0/26] playerHp=[890:2065/2065,150:1725/1725]",
    "wave 12: reward shop owner=guest take-nonparty",
    "wave 13 turn 1: replay guest crossed cmd:13:1 through real public COMMAND=opened",
    "wave 13: host slot move=247 guest slot move=85",
    "wave 13 turn 1: progress enemyHp=[285:0/32,548:0/29] playerHp=[890:2065/2065,150:1725/1725]",
    "wave 13: reward shop owner=host leave",
    "wave 14 turn 1: replay guest crossed cmd:14:1 through real public COMMAND=opened",
    "wave 14: host slot move=53 guest slot move=34",
    "wave 14 turn 1: progress enemyHp=[543:0/29,370:0/31] playerHp=[890:2065/2065,150:1725/1725]",
    "wave 14: reward shop owner=guest leave",
    "wave 15 turn 1: replay guest crossed cmd:15:1 through real public COMMAND=opened",
    "wave 15: host slot move=85 guest slot move=247",
    "wave 15 turn 1: progress enemyHp=[268:0/33,285:0/35] playerHp=[890:2065/2065,150:1725/1725]",
    "wave 15: reward shop owner=host take-nonparty",
    "wave 15: guest chose Crossroads Leave through public UI",
    "wave 15: guest drove World Map via public UI=true and both consumed 1827096413707258:1:BIOME_PICK:9700017",
    "wave 16 turn 1: replay guest crossed cmd:16:1 through real public COMMAND=opened",
    "wave 16: BIOME 2->3",
    "wave 16: host slot move=34 guest slot move=53",
    "wave 16 turn 1: progress enemyHp=[48:0/37,43:0/32] playerHp=[890:2065/2065,150:1725/1725]",
    "wave 16: reward shop owner=host take-nonparty",
    "wave 17 turn 1: replay guest crossed cmd:17:1 through real public COMMAND=opened",
    "wave 17: host slot move=247 guest slot move=85",
    "wave 17 turn 1: progress enemyHp=[46:0/32,48:0/35] playerHp=[890:2065/2065,150:1725/1725]",
    "wave 17: reward shop owner=guest take-nonparty",
    "wave 18 turn 1: replay guest crossed cmd:18:1 through real public COMMAND=opened",
    "wave 18 turn 1: host SWITCH -> party[2]",
    "wave 18: host slot move=53 guest slot move=34",
    "wave 18 turn 1: progress enemyHp=[919:31/31,753:0/35] playerHp=[493:1865/1865,150:1725/1725]",
    "wave 18 turn 2: replay guest crossed cmd:18:2 through real public COMMAND=opened",
    "wave 18: reward shop owner=host take-nonparty",
    "wave 19 turn 1: replay guest crossed cmd:19:1 through real public COMMAND=opened",
    "wave 19: host slot move=85 guest slot move=85",
    "wave 19 turn 1: progress enemyHp=[753:0/35,37:0/32] playerHp=[493:1865/1865,150:1725/1725]",
    "wave 19: reward shop owner=guest take-nonparty",
    "wave 20 turn 1: replay guest crossed cmd:20:1 through real public COMMAND=opened",
    "wave 20: host slot move=34 guest slot move=53",
    "wave 20 turn 1: progress enemyHp=[402:0/52,105:0/40] playerHp=[493:1865/1865,150:1725/1725]",
    "wave 20: biome market owner=host leave",
    "wave 20: drained 1 milestone reward continuation(s)",
    "wave 20: guest chose Crossroads Leave through public UI",
    "wave 20: guest drove World Map via public UI=true and both consumed 1827096413707258:1:BIOME_PICK:9700023",
    "wave 21 turn 1: replay guest crossed cmd:21:1 through real public COMMAND=opened",
    "wave 21: BIOME 3->5",
    "wave 21: host slot move=247 guest slot move=34",
    "wave 21 turn 1: progress enemyHp=[511:0/40,944:0/39] playerHp=[493:1865/1865,150:1725/1725]",
    "wave 21: reward shop owner=host take-nonparty",
    "wave 22 turn 1: replay guest crossed cmd:22:1 through real public COMMAND=opened",
    "wave 22: host slot move=53 guest slot move=34",
    "wave 22 turn 1: progress enemyHp=[919:37/37,15:0/46] playerHp=[493:1865/1865,150:1721/1725]",
    "wave 22 turn 2: replay guest crossed cmd:22:2 through real public COMMAND=opened",
    "wave 22: reward shop owner=guest take-nonparty",
    "wave 23 turn 1: replay guest crossed cmd:23:1 through real public COMMAND=opened",
    "wave 23: host slot move=85 guest slot move=53",
    "wave 23 turn 1: progress enemyHp=[744:0/40,944:0/43] playerHp=[493:1862/1865,150:1720/1725]",
    "wave 23: reward shop owner=host take-nonparty",
    "wave 24 turn 1: replay guest crossed cmd:24:1 through real public COMMAND=opened",
    "wave 24 turn 1: host SWITCH -> party[2]",
    "wave 24: host slot move=34 guest slot move=53",
    "wave 24 turn 1: progress enemyHp=[274:53/53,357:0/56] playerHp=[890:2065/2065,150:1720/1725]",
    "wave 24 turn 2: replay guest crossed cmd:24:2 through real public COMMAND=opened",
    "wave 24: reward shop owner=guest leave",
    "wave 25 turn 1: replay guest crossed cmd:25:1 through real public COMMAND=opened",
    "wave 25: TRAINER (fixed)",
    "wave 25: host slot move=247 guest slot move=34",
    "wave 25 turn 1: progress enemyHp=[654:0/54,397:0/50] playerHp=[890:2065/2065,150:1720/1725]",
    "wave 25 turn 2: replay guest crossed cmd:25:2 through real public COMMAND=opened",
    "wave 25: reward shop owner=host take-nonparty",
    "wave 25: guest chose Crossroads Leave through public UI",
    "wave 25: guest drove World Map via public UI=true and both consumed 1827096413707258:1:BIOME_PICK:9700029",
    "wave 26 turn 1: replay guest crossed cmd:26:1 through real public COMMAND=opened",
    "wave 26: BIOME 5->27",
    "wave 26: host slot move=53 guest slot move=85",
    "wave 26 turn 1: progress enemyHp=[541:55/55,732:0/58] playerHp=[890:2065/2065,150:1725/1725]",
    "wave 26 turn 2: replay guest crossed cmd:26:2 through real public COMMAND=opened",
    "wave 26: reward shop owner=host take-nonparty",
    "wave 27 turn 1: replay guest crossed cmd:27:1 through real public COMMAND=opened",
    "wave 27: host slot move=85 guest slot move=247",
    "wave 27 turn 1: guest SWITCH -> party[3]",
    "wave 27 turn 1: progress enemyHp=[357:0/69,870:62/62] playerHp=[890:2065/2065,384:1711/1715]",
    "wave 27 turn 2: replay guest crossed cmd:27:2 through real public COMMAND=opened",
    "wave 27: reward shop owner=guest leave",
    "wave 27: drained 1 milestone reward continuation(s)",
    "wave 28 turn 1: replay guest crossed cmd:28:1 through real public COMMAND=opened",
    "wave 28: host slot move=34 guest slot move=53",
    "wave 28 turn 1: progress enemyHp=[870:0/62,415:0/50] playerHp=[890:2065/2065,384:1711/1715]",
    "wave 28: reward shop owner=host leave",
    "wave 29 turn 1: replay guest crossed cmd:29:1 through real public COMMAND=opened",
    "wave 29: host slot move=34 guest slot move=34",
    "wave 29 turn 1: progress enemyHp=[190:0/63,190:0/55] playerHp=[890:2065/2065,384:1711/1715]",
    "wave 29: reward shop owner=guest take-nonparty",
    "wave 30 turn 1: replay guest crossed cmd:30:1 through real public COMMAND=opened",
    "wave 30: TRAINER (random)",
    "wave 30 turn 1: host SWITCH -> party[2]",
    "wave 30: host slot move=53 guest slot move=34",
    "wave 30 turn 1: progress enemyHp=[69:64/64,188:0/60] playerHp=[493:1865/1865,384:1495/1715]",
    "wave 30 turn 2: replay guest crossed cmd:30:2 through real public COMMAND=opened",
    "wave 30: biome market owner=host leave",
    "wave 30: drained 1 milestone reward continuation(s)",
    "wave 30: guest chose Crossroads Leave through public UI",
    "wave 30: guest drove World Map via public UI=true and both consumed 1827096413707258:1:BIOME_PICK:9700035",
    "wave 31 turn 1: replay guest crossed cmd:31:1 through real public COMMAND=opened",
    "wave 31: BIOME 27->29",
    "wave 31: host slot move=85 guest slot move=85",
    "wave 31 turn 1: progress enemyHp=[92:0/44,355:0/42] playerHp=[493:1399/1865,384:1715/1715]",
    "wave 31: reward shop owner=host leave",
    "wave 32 turn 1: replay guest crossed cmd:32:1 through real public COMMAND=opened",
    "wave 32: host slot move=34 guest slot move=247",
    "wave 32 turn 1: progress enemyHp=[177:0/54,607:0/56] playerHp=[493:933/1865,384:1715/1715]",
    "wave 32: reward shop owner=guest take-nonparty",
    "wave 33 turn 1: replay guest crossed cmd:33:1 through real public COMMAND=opened",
    "wave 33: host slot move=53 guest slot move=247",
    "wave 33 turn 1: guest SWITCH -> party[3]",
    "wave 33 turn 1: progress enemyHp=[92:0/52,451:60/60] playerHp=[493:467/1865,150:1722/1725]",
    "wave 33 turn 2: replay guest crossed cmd:33:2 through real public COMMAND=opened",
    "wave 33: reward shop owner=host take-nonparty",
    "wave 34 turn 1: replay guest crossed cmd:34:1 through real public COMMAND=opened",
    "wave 34: host slot move=53 guest slot move=85",
    "wave 34 turn 1: progress enemyHp=[562:0/57,562:0/55] playerHp=[493:0/1865,150:1722/1725]",
    "wave 34: reward shop owner=guest leave",
    "wave 34: drained 1 milestone reward continuation(s)",
    "wave 35 turn 1: replay guest crossed cmd:35:1 through real public COMMAND=opened",
    "wave 35: TRAINER (fixed)",
    "wave 35: host slot move=85 guest slot move=34",
    "wave 35 turn 1: guest SWITCH -> party[3]",
    "wave 35 turn 1: progress enemyHp=[219:0/70,231:84/84] playerHp=[890:2065/2065,384:1715/1715]",
    "wave 35 turn 2: replay guest crossed cmd:35:2 through real public COMMAND=opened",
    "wave 35: reward shop owner=host take-nonparty",
    "wave 35: guest chose Crossroads Leave through public UI",
    "wave 35: guest drove World Map via public UI=true and both consumed 1827096413707258:1:BIOME_PICK:9700041",
    "wave 36 turn 1: replay guest crossed cmd:36:1 through real public COMMAND=opened",
    "wave 36: BIOME 29->14",
    "wave 36 turn 1: host SWITCH -> party[2]",
    "wave 36: host slot move=247 guest slot move=53",
    "wave 36 turn 1: progress enemyHp=[968:75/75,843:0/66] playerHp=[493:1749/1865,384:1608/1715]",
    "wave 36 turn 2: replay guest crossed cmd:36:2 through real public COMMAND=opened",
    "wave 36 turn 2: host SWITCH -> party[2]",
    "wave 36: reward shop owner=host take-nonparty",
    "wave 37 turn 1: replay guest crossed cmd:37:1 through real public COMMAND=opened",
    "wave 37: host slot move=53 guest slot move=53",
    "wave 37 turn 1: progress enemyHp=[843:0/64,28:0/83] playerHp=[890:2065/2065,384:1394/1715]",
    "wave 37: reward shop owner=guest leave",
    "wave 37: drained 1 milestone reward continuation(s)",
    "wave 38 turn 1: replay guest crossed cmd:38:1 through real public COMMAND=opened",
    "wave 38: host slot move=53 guest slot move=34",
    "wave 38 turn 1: progress enemyHp=[777:19/75,347:0/65] playerHp=[890:2065/2065,384:1281/1715]",
    "wave 38 turn 2: replay guest crossed cmd:38:2 through real public COMMAND=opened",
    "wave 38: reward shop owner=host leave",
    "wave 38: drained 1 milestone reward continuation(s)",
    "wave 39 turn 1: replay guest crossed cmd:39:1 through real public COMMAND=opened",
    "wave 39: host slot move=53 guest slot move=34",
    "wave 39 turn 1: progress enemyHp=[843:0/68,843:0/68] playerHp=[890:2065/2065,384:1067/1715]",
    "wave 39: reward shop owner=guest take-nonparty",
    "wave 40 turn 1: replay guest crossed cmd:40:1 through real public COMMAND=opened",
    "wave 40: host slot move=34 guest slot move=247",
    "wave 40 turn 1: progress enemyHp=[874:0/112,451:0/72] playerHp=[890:2065/2065,384:1067/1715]",
    "wave 40: biome market owner=host leave",
    "wave 40: drained 1 milestone reward continuation(s)",
    "wave 40: guest chose Crossroads Leave through public UI",
    "wave 40: guest drove World Map via public UI=true and both consumed 1827096413707258:1:BIOME_PICK:9700047",
    "wave 41 turn 1: replay guest crossed cmd:41:1 through real public COMMAND=opened",
    "wave 41: BIOME 14->22",
    "wave 41: host slot move=247 guest slot move=85",
    "wave 41 turn 1: progress enemyHp=[958:0/80,64:0/69] playerHp=[890:2065/2065,384:1715/1715]",
    "wave 41: reward shop owner=host take-nonparty",
    "wave 42 turn 1: replay guest crossed cmd:42:1 through real public COMMAND=opened",
    "wave 42: host slot move=53 guest slot move=34",
    "wave 42 turn 1: guest SWITCH -> party[3]",
    "wave 42 turn 1: progress enemyHp=[575:0/83,958:75/75] playerHp=[890:2065/2065,150:1725/1725]",
    "wave 42 turn 2: replay guest crossed cmd:42:2 through real public COMMAND=opened",
    "wave 42: reward shop owner=guest leave",
    "wave 43 turn 1: replay guest crossed cmd:43:1 through real public COMMAND=opened",
    "wave 43: host slot move=85 guest slot move=247",
    "wave 43 turn 1: progress enemyHp=[201:0/79,605:0/77] playerHp=[890:2065/2065,150:1725/1725]",
    "wave 43: reward shop owner=host take-nonparty",
    "wave 44 turn 1: replay guest crossed cmd:44:1 through real public COMMAND=opened",
    "wave 44: host slot move=53 guest slot move=53",
    "wave 44 turn 1: progress enemyHp=[566:0/82,177:0/64] playerHp=[890:2065/2065,150:1713/1725]",
    "wave 44: reward shop owner=guest leave",
    "wave 44: drained 1 milestone reward continuation(s)",
    "wave 45 turn 1: replay guest crossed cmd:45:1 through real public COMMAND=opened",
    "wave 45: TRAINER (random)",
    "wave 45: host slot move=247 guest slot move=53",
    "wave 45 turn 1: progress enemyHp=[338:1/111,529:0/87] playerHp=[890:2065/2065,150:1709/1725]",
    "wave 45 turn 2: replay guest crossed cmd:45:2 through real public COMMAND=opened",
    "wave 45 turn 2: guest SWITCH -> party[3]",
    "wave 45: reward shop owner=host leave",
    "wave 45: guest chose Crossroads Leave through public UI",
    "wave 45: guest drove World Map via public UI=true and both consumed 1827096413707258:1:BIOME_PICK:9700053",
    "wave 46 turn 1: replay guest crossed cmd:46:1 through real public COMMAND=opened",
    "wave 46: BIOME 22->11",
    "wave 46: host slot move=34 guest slot move=34",
    "wave 46 turn 1: progress enemyHp=[22:0/90,219:0/80] playerHp=[890:2065/2065,384:1715/1715]",
    "wave 46: reward shop owner=host take-nonparty",
    "wave 47 turn 1: replay guest crossed cmd:47:1 through real public COMMAND=opened",
    "wave 47: host slot move=85 guest slot move=247",
    "wave 47 turn 1: progress enemyHp=[525:48/94,304:1/81] playerHp=[890:2065/2065,384:1715/1715]",
    "wave 47 turn 2: replay guest crossed cmd:47:2 through real public COMMAND=opened",
    "wave 47 turn 2: guest SWITCH -> party[3]",
    "wave 47 turn 3: replay guest crossed cmd:47:3 through real public COMMAND=opened",
    "wave 47 turn 3: host SWITCH -> party[2]",
    "wave 47: reward shop owner=guest take-nonparty",
    "wave 48 turn 1: replay guest crossed cmd:48:1 through real public COMMAND=opened",
    "wave 48: host slot move=34 guest slot move=53",
    "wave 48 turn 1: progress enemyHp=[22:0/93,411:0/106] playerHp=[493:1865/1865,150:1725/1725]",
    "wave 48: reward shop owner=host take-nonparty",
    "wave 49 turn 1: replay guest crossed cmd:49:1 through real public COMMAND=opened",
    "wave 49: host slot move=34 guest slot move=247",
    "wave 49 turn 1: guest SWITCH -> party[3]",
    "wave 49 turn 1: progress enemyHp=[22:0/90,111:100/100] playerHp=[493:1865/1865,384:1712/1715]",
    "wave 49 turn 2: replay guest crossed cmd:49:2 through real public COMMAND=opened",
    "wave 49 turn 2: host SWITCH -> party[2]",
    "wave 49: reward shop owner=guest take-nonparty",
    "wave 50 turn 1: replay guest crossed cmd:50:1 through real public COMMAND=opened",
    "wave 50: host slot move=53 guest slot move=34",
    "wave 50 turn 1: guest SWITCH -> party[3]",
    "wave 50 turn 1: progress enemyHp=[227:0/111,22:96/96] playerHp=[890:2065/2065,150:1711/1725]",
    "wave 50 turn 2: replay guest crossed cmd:50:2 through real public COMMAND=opened",
    "wave 50 turn 2: host SWITCH -> party[2]",
    "wave 50: biome market owner=host leave",
    "wave 50: drained 1 milestone reward continuation(s)",
    "wave 50: guest chose Crossroads Leave through public UI",
    "wave 50: guest drove World Map via public UI=true and both consumed 1827096413707258:1:BIOME_PICK:9700059",
    "wave 51 turn 1: replay guest crossed cmd:51:1 through real public COMMAND=opened",
    "wave 51: BIOME 11->18",
    "wave 51: host slot move=85 guest slot move=53",
    "wave 51 turn 1: progress enemyHp=[136:0/112,333:0/87] playerHp=[493:1865/1865,150:1725/1725]",
    "wave 51: reward shop owner=host leave",
    "wave 52 turn 1: replay guest crossed cmd:52:1 through real public COMMAND=opened",
    "wave 52: host slot move=34 guest slot move=34",
    "wave 52 turn 1: progress enemyHp=[77:0/83,333:0/89] playerHp=[493:1865/1865,150:1725/1725]",
    "wave 52: reward shop owner=guest take-nonparty",
    "wave 53 turn 1: replay guest crossed cmd:53:1 through real public COMMAND=opened",
    "wave 53: host slot move=247 guest slot move=85",
    "wave 53 turn 1: guest SWITCH -> party[3]",
    "wave 53 turn 1: progress enemyHp=[126:0/103,58:99/99] playerHp=[493:1862/1865,384:1713/1715]",
    "wave 53 turn 2: replay guest crossed cmd:53:2 through real public COMMAND=opened",
    "wave 53 turn 2: host SWITCH -> party[2]",
    "wave 53: reward shop owner=host leave",
    "wave 54 turn 1: replay guest crossed cmd:54:1 through real public COMMAND=opened",
    "wave 54: host slot move=53 guest slot move=247",
    "wave 54 turn 1: progress enemyHp=[325:0/95,77:0/95] playerHp=[890:2065/2065,384:1713/1715]",
    "wave 54: reward shop owner=guest take-nonparty",
    "wave 55 turn 1: replay guest crossed cmd:55:1 through real public COMMAND=opened",
    "wave 55: TRAINER (fixed)",
    "wave 55: host slot move=85 guest slot move=53",
    "wave 55 turn 1: progress enemyHp=[655:0/125,398:0/124] playerHp=[890:2065/2065,384:1713/1715]",
    "wave 55 turn 2: replay guest crossed cmd:55:2 through real public COMMAND=opened",
    "wave 55: reward shop owner=host leave",
    "wave 55: guest chose Crossroads Leave through public UI",
    "wave 55: guest drove World Map via public UI=true and both consumed 1827096413707258:1:BIOME_PICK:9700065",
    "wave 56 turn 1: replay guest crossed cmd:56:1 through real public COMMAND=opened",
    "wave 56: BIOME 18->8",
    "wave 56: host slot move=34 guest slot move=53",
    "wave 56 turn 1: progress enemyHp=[689:0/114,99:0/111] playerHp=[890:2065/2065,384:1710/1715]",
    "wave 56: reward shop owner=host take-nonparty",
    "wave 57 turn 1: replay guest crossed cmd:57:1 through real public COMMAND=opened",
    "wave 57 turn 1: host SWITCH -> party[2]",
    "wave 57: host slot move=247 guest slot move=85",
    "wave 57 turn 1: progress enemyHp=[99:114/114,558:0/115] playerHp=[493:1865/1865,384:1708/1715]",
    "wave 57 turn 2: replay guest crossed cmd:57:2 through real public COMMAND=opened",
    "wave 57: reward shop owner=guest take-nonparty",
    "wave 58 turn 1: replay guest crossed cmd:58:1 through real public COMMAND=opened",
    "wave 58: host slot move=53 guest slot move=34",
    "wave 58 turn 1: progress enemyHp=[689:0/109,99:0/129] playerHp=[493:1865/1865,384:1708/1715]",
    "wave 58: reward shop owner=host leave",
    "wave 59 turn 1: replay guest crossed cmd:59:1 through real public COMMAND=opened",
    "wave 59: host slot move=85 guest slot move=247",
    "wave 59 turn 1: progress enemyHp=[692:0/124,748:125/125] playerHp=[493:1865/1865,384:1708/1715]",
    "wave 59 turn 2: replay guest crossed cmd:59:2 through real public COMMAND=opened",
    "wave 59 turn 2: guest SWITCH -> party[3]",
    "wave 59: reward shop owner=guest leave",
    "wave 60 turn 1: replay guest crossed cmd:60:1 through real public COMMAND=opened",
    "wave 60: TRAINER (random)",
    "wave 60: host slot move=34 guest slot move=53",
    "wave 60 turn 1: progress enemyHp=[279:0/120,10075:0/123] playerHp=[493:1865/1865,150:1725/1725]",
    "wave 60 turn 2: replay guest crossed cmd:60:2 through real public COMMAND=opened",
    "wave 60: biome market owner=host leave",
    "wave 60: drained 1 milestone reward continuation(s)",
    "wave 60: guest chose Crossroads Leave through public UI",
    "wave 60: guest drove World Map via public UI=true and both consumed 1827096413707258:1:BIOME_PICK:9700071",
    "wave 61 turn 1: replay guest crossed cmd:61:1 through real public COMMAND=opened",
    "wave 61: BIOME 8->6",
    "wave 61: host slot move=247 guest slot move=85",
    "wave 61 turn 1: guest SWITCH -> party[3]",
    "wave 61 turn 1: progress enemyHp=[730:0/135,687:134/134] playerHp=[493:1865/1865,384:1715/1715]",
    "wave 61 turn 2: replay guest crossed cmd:61:2 through real public COMMAND=opened",
    "wave 61 turn 2: guest SWITCH -> party[3]",
    "wave 61: reward shop owner=host take-nonparty",
    "wave 62 turn 1: replay guest crossed cmd:62:1 through real public COMMAND=opened",
    "wave 62: TRAINER (fixed)",
    "wave 62: host slot move=53 guest slot move=53",
    "wave 62 turn 1: guest SWITCH -> party[3]",
    "wave 62 turn 1: progress enemyHp=[344:0/126,112:156/156] playerHp=[493:1865/1865,384:1715/1715]",
    "wave 62 turn 2: replay guest crossed cmd:62:2 through real public COMMAND=opened",
    "wave 62: reward shop owner=guest take-nonparty",
    "wave 63 turn 1: replay guest crossed cmd:63:1 through real public COMMAND=opened",
    "wave 63: host slot move=85 guest slot move=53",
    "wave 63 turn 1: progress enemyHp=[321:0/194,119:0/129] playerHp=[493:1865/1865,384:1705/1715]",
    "wave 63: reward shop owner=host leave",
    "wave 64 turn 1: replay guest crossed cmd:64:1 through real public COMMAND=opened",
    "wave 64: TRAINER (fixed)",
    "wave 64: host slot move=247 guest slot move=53",
    "wave 64 turn 1: progress enemyHp=[344:0/131,10072:0/149] playerHp=[493:1865/1865,384:1705/1715]",
    "wave 64 turn 2: replay guest crossed cmd:64:2 through real public COMMAND=opened",
    "wave 64: reward shop owner=guest take-nonparty",
    "wave 65 turn 1: replay guest crossed cmd:65:1 through real public COMMAND=opened",
    "wave 65: host slot move=247 guest slot move=85",
    "wave 65 turn 1: progress enemyHp=[964:0/165,516:0/167] playerHp=[493:1865/1865,384:1705/1715]",
    "wave 65: reward shop owner=host leave",
    "wave 66 turn 1: replay guest crossed cmd:66:1 through real public COMMAND=opened",
    "wave 66: TRAINER (fixed)",
    "wave 66: host slot move=53 guest slot move=34",
    "wave 66 turn 1: progress enemyHp=[452:0/143,555:0/170] playerHp=[493:1865/1865,384:1705/1715]",
    "wave 66 turn 2: replay guest crossed cmd:66:2 through real public COMMAND=opened",
    "wave 66 turn 3: replay guest crossed cmd:66:3 through real public COMMAND=opened",
    "wave 66 turn 3: host SWITCH -> party[2]",
    "wave 66 turn 4: replay guest crossed cmd:66:4 through real public COMMAND=opened",
    "wave 66 turn 4: guest SWITCH -> party[3]",
    "wave 66: reward shop owner=guest take-nonparty",
    "wave 67 turn 1: replay guest crossed cmd:67:1 through real public COMMAND=opened",
    "wave 67: host slot move=85 guest slot move=247",
    "wave 67 turn 1: progress enemyHp=[279:0/117,80:0/160] playerHp=[890:2065/2065,150:1725/1725]",
    "wave 67: reward shop owner=host take-nonparty",
    "wave 68 turn 1: replay guest crossed cmd:68:1 through real public COMMAND=opened",
    "wave 68: host slot move=34 guest slot move=53",
    "wave 68 turn 1: progress enemyHp=[131:0/185,73:0/138] playerHp=[890:1936/2065,150:1511/1725]",
    "wave 68: reward shop owner=guest leave",
    "wave 69 turn 1: replay guest crossed cmd:69:1 through real public COMMAND=opened",
    "wave 69: host slot move=247 guest slot move=85",
    "wave 69 turn 1: progress enemyHp=[964:0/158,321:0/212] playerHp=[890:1807/2065,150:1297/1725]",
    "wave 69: reward shop owner=host take-nonparty",
    "wave 70 turn 1: replay guest crossed cmd:70:1 through real public COMMAND=opened",
    "wave 70: host slot move=53 guest slot move=34",
    "wave 70 turn 1: guest SWITCH -> party[3]",
    "wave 70 turn 1: progress enemyHp=[964:0/210,964:189/201] playerHp=[890:1678/2065,384:1605/1715]",
    "wave 70 turn 2: replay guest crossed cmd:70:2 through real public COMMAND=opened",
    "wave 70: biome market owner=guest leave",
    "wave 70: drained 1 milestone reward continuation(s)",
    "wave 70: host chose Crossroads Leave through public UI",
    "wave 70: host drove World Map via public UI=true and both consumed 1827096413707258:0:BIOME_PICK:9700082",
    "wave 71 turn 1: replay guest crossed cmd:71:1 through real public COMMAND=opened",
    "wave 71: BIOME 6->10",
    "wave 71: host slot move=85 guest slot move=247",
    "wave 71 turn 1: progress enemyHp=[847:0/139,550:0/140] playerHp=[890:2065/2065,384:1715/1715]",
    "wave 71: reward shop owner=guest take-nonparty",
    "wave 72 turn 1: replay guest crossed cmd:72:1 through real public COMMAND=opened",
    "wave 72: host slot move=34 guest slot move=34",
    "wave 72 turn 1: guest SWITCH -> party[3]",
    "wave 72 turn 1: progress enemyHp=[976:0/164,171:192/192] playerHp=[890:2065/2065,150:1725/1725]",
    "wave 72 turn 2: replay guest crossed cmd:72:2 through real public COMMAND=opened",
    "wave 72 turn 2: host SWITCH -> party[2]",
    "wave 72: reward shop owner=host take-nonparty",
    "wave 73 turn 1: replay guest crossed cmd:73:1 through real public COMMAND=opened",
    "wave 73: host slot move=247 guest slot move=85",
    "wave 73 turn 1: progress enemyHp=[171:0/189,976:0/180] playerHp=[493:1865/1865,150:1725/1725]",
    "wave 73: reward shop owner=guest take-nonparty",
    "wave 74 turn 1: replay guest crossed cmd:74:1 through real public COMMAND=opened",
    "wave 74: host slot move=53 guest slot move=34",
    "wave 74 turn 1: progress enemyHp=[976:0/187,847:0/131] playerHp=[493:1865/1865,150:1725/1725]",
    "wave 74: reward shop owner=host leave",
    "wave 75 turn 1: replay guest crossed cmd:75:1 through real public COMMAND=opened",
    "wave 75: host slot move=85 guest slot move=247",
    "wave 75 turn 1: progress enemyHp=[904:0/154,222:0/169] playerHp=[493:1861/1865,150:1720/1725]",
    "wave 75: reward shop owner=guest leave",
    "wave 75: drained 1 milestone reward continuation(s)",
    "wave 75: host chose Crossroads Leave through public UI",
    "wave 75: host drove World Map via public UI=true and both consumed 1827096413707258:0:BIOME_PICK:9700088",
    "wave 76 turn 1: replay guest crossed cmd:76:1 through real public COMMAND=opened",
    "wave 76: BIOME 10->13",
    "wave 76: host slot move=34 guest slot move=85",
    "wave 76 turn 1: progress enemyHp=[213:0/139,47:0/155] playerHp=[493:1861/1865,150:1720/1725]",
    "wave 76: reward shop owner=guest leave",
    "wave 77 turn 1: replay guest crossed cmd:77:1 through real public COMMAND=opened",
    "wave 77: host slot move=247 guest slot move=85",
    "wave 77 turn 1: progress enemyHp=[526:109/163,526:1/169] playerHp=[493:1745/1865,150:1613/1725]",
    "wave 77 turn 2: replay guest crossed cmd:77:2 through real public COMMAND=opened",
    "wave 77: reward shop owner=host leave",
    "wave 78 turn 1: replay guest crossed cmd:78:1 through real public COMMAND=opened",
    "wave 78 turn 1: host SWITCH -> party[2]",
    "wave 78: host slot move=53 guest slot move=34",
    "wave 78 turn 1: guest SWITCH -> party[3]",
    "wave 78 turn 1: progress enemyHp=[42:149/158,526:181/181] playerHp=[890:2065/2065,384:1608/1715]",
    "wave 78 turn 2: replay guest crossed cmd:78:2 through real public COMMAND=opened",
    "wave 78 turn 3: replay guest crossed cmd:78:3 through real public COMMAND=opened",
    "wave 78 turn 3: guest SWITCH -> party[3]",
    "wave 78: reward shop owner=guest leave",
    "wave 79 turn 1: replay guest crossed cmd:79:1 through real public COMMAND=opened",
    "wave 79: host slot move=85 guest slot move=53",
    "wave 79 turn 1: progress enemyHp=[526:1/163,660:0/171] playerHp=[890:2065/2065,150:1511/1725]",
    "wave 79 turn 2: replay guest crossed cmd:79:2 through real public COMMAND=opened",
    "wave 79 turn 2: guest SWITCH -> party[3]",
    "wave 79: reward shop owner=host leave",
    "wave 79: drained 1 milestone reward continuation(s)",
    "wave 80 turn 1: replay guest crossed cmd:80:1 through real public COMMAND=opened",
    "wave 80: host slot move=34 guest slot move=53",
    "wave 80 turn 1: progress enemyHp=[768:0/189,598:177/177] playerHp=[890:2065/2065,384:1483/1715]",
    "wave 80 turn 2: replay guest crossed cmd:80:2 through real public COMMAND=opened",
    "wave 80 turn 2: guest SWITCH -> party[3]",
    "wave 80: biome market owner=guest leave",
    "wave 80: drained 1 milestone reward continuation(s)",
    "wave 80: host chose Crossroads Leave through public UI",
    "wave 80: host drove World Map via public UI=true and both consumed 1827096413707258:0:BIOME_PICK:9700094",
    "wave 81 turn 1: replay guest crossed cmd:81:1 through real public COMMAND=opened",
    "wave 81: BIOME 13->12",
    "wave 81: host slot move=34 guest slot move=85",
    "wave 81 turn 1: progress enemyHp=[208:0/170,1013:0/165] playerHp=[890:2065/2065,150:1618/1725]",
    "wave 81: reward shop owner=guest leave",
    "wave 81: drained 1 milestone reward continuation(s)",
    "wave 82 turn 1: replay guest crossed cmd:82:1 through real public COMMAND=opened",
    "wave 82: host slot move=53 guest slot move=53",
    "wave 82 turn 1: progress enemyHp=[232:0/199,207:0/150] playerHp=[890:2065/2065,150:1511/1725]",
    "wave 82: reward shop owner=host take-nonparty",
    "wave 83 turn 1: replay guest crossed cmd:83:1 through real public COMMAND=opened",
    "wave 83: host slot move=85 guest slot move=34",
    "wave 83 turn 1: progress enemyHp=[526:1/193,76:1/187] playerHp=[890:2065/2065,150:1404/1725]",
    "wave 83 turn 2: replay guest crossed cmd:83:2 through real public COMMAND=opened",
    "wave 83: reward shop owner=guest leave",
    "wave 84 turn 1: replay guest crossed cmd:84:1 through real public COMMAND=opened",
    "wave 84: host slot move=34 guest slot move=53",
    "wave 84 turn 1: progress enemyHp=[950:1/159,323:0/199] playerHp=[890:2061/2065,150:1190/1725]",
    "wave 84 turn 2: replay guest crossed cmd:84:2 through real public COMMAND=opened",
    "wave 84 turn 2: host SWITCH -> party[2]",
    "wave 84: reward shop owner=host leave",
    "wave 85 turn 1: replay guest crossed cmd:85:1 through real public COMMAND=opened",
    "wave 85: host slot move=53 guest slot move=247",
    "wave 85 turn 1: progress enemyHp=[112:0/204,28:0/205] playerHp=[493:1633/1865,150:976/1725]",
    "wave 85: reward shop owner=guest leave",
    "wave 85: host chose Crossroads Leave through public UI",
    "wave 85: host drove World Map via public UI=true and both consumed 1827096413707258:0:BIOME_PICK:9700100",
    "wave 86 turn 1: replay guest crossed cmd:86:1 through real public COMMAND=opened",
    "wave 86: BIOME 12->14",
    "wave 86: host slot move=247 guest slot move=85",
    "wave 86 turn 1: progress enemyHp=[472:0/184,947:0/166] playerHp=[493:1517/1865,150:869/1725]",
    "wave 86: reward shop owner=guest leave",
    "wave 86: drained 1 milestone reward continuation(s)",
    "wave 87 turn 1: replay guest crossed cmd:87:1 through real public COMMAND=opened",
    "wave 87: host slot move=34 guest slot move=247",
    "wave 87 turn 1: guest SWITCH -> party[3]",
    "wave 87 turn 1: progress enemyHp=[844:0/174,561:162/183] playerHp=[493:1401/1865,384:1587/1715]",
    "wave 87 turn 2: replay guest crossed cmd:87:2 through real public COMMAND=opened",
    "wave 87: reward shop owner=host leave",
    "wave 87: drained 1 milestone reward continuation(s)",
    "wave 88 turn 1: replay guest crossed cmd:88:1 through real public COMMAND=opened",
    "wave 88: host slot move=34 guest slot move=34",
    "wave 88 turn 1: progress enemyHp=[787:0/175,844:0/169] playerHp=[493:1285/1865,384:1373/1715]",
    "wave 88: reward shop owner=guest leave",
    "wave 88: drained 1 milestone reward continuation(s)",
    "wave 89 turn 1: replay guest crossed cmd:89:1 through real public COMMAND=opened",
    "wave 89: host slot move=247 guest slot move=85",
    "wave 89 turn 1: guest SWITCH -> party[3]",
    "wave 89 turn 1: progress enemyHp=[323:0/202,555:214/214] playerHp=[493:1285/1865,150:1725/1725]",
    "wave 89 turn 2: replay guest crossed cmd:89:2 through real public COMMAND=opened",
    "wave 89: reward shop owner=host take-nonparty",
    "wave 90 turn 1: replay guest crossed cmd:90:1 through real public COMMAND=opened",
    "wave 90: TRAINER (random)",
    "wave 90 turn 1: host SWITCH -> party[2]",
    "wave 90: host slot move=53 guest slot move=34",
    "wave 90 turn 1: progress enemyHp=[10499:238/238,248:0/238] playerHp=[890:2065/2065,150:1583/1725]",
    "wave 90 turn 2: replay guest crossed cmd:90:2 through real public COMMAND=opened",
    "wave 90 turn 3: replay guest crossed cmd:90:3 through real public COMMAND=opened",
    "wave 90: biome market owner=guest leave",
    "wave 90: drained 1 milestone reward continuation(s)",
    "wave 90: host chose Crossroads Leave through public UI",
    "wave 90: host drove World Map via public UI=true and both consumed 1827096413707258:0:BIOME_PICK:9700106",
    "wave 91 turn 1: replay guest crossed cmd:91:1 through real public COMMAND=opened",
    "wave 91: BIOME 14->22",
    "wave 91: host slot move=85 guest slot move=85",
    "wave 91 turn 1: progress enemyHp=[65:0/157,201:0/160] playerHp=[890:2065/2065,150:1725/1725]",
    "wave 91: reward shop owner=guest leave",
    "wave 92 turn 1: replay guest crossed cmd:92:1 through real public COMMAND=opened",
    "wave 92: host slot move=34 guest slot move=53",
    "wave 92 turn 1: progress enemyHp=[325:0/183,606:0/189] playerHp=[890:2065/2065,150:1725/1725]",
    "wave 92: reward shop owner=host leave",
    "wave 93 turn 1: replay guest crossed cmd:93:1 through real public COMMAND=opened",
    "wave 93: host slot move=247 guest slot move=85",
    "wave 93 turn 1: progress enemyHp=[202:0/352,576:210/210] playerHp=[890:1295/2065,150:1711/1725]",
    "wave 93 turn 2: replay guest crossed cmd:93:2 through real public COMMAND=opened",
    "wave 93 turn 2: guest SWITCH -> party[3]",
    "wave 93: reward shop owner=guest leave",
    "wave 93: drained 1 milestone reward continuation(s)",
    "wave 94 turn 1: replay guest crossed cmd:94:1 through real public COMMAND=opened",
    "wave 94 turn 1: host SWITCH -> party[2]",
    "wave 94: host slot move=53 guest slot move=34",
    "wave 94 turn 1: progress enemyHp=[325:168/168,201:0/175] playerHp=[493:1865/1865,384:1700/1715]",
    "wave 94 turn 2: replay guest crossed cmd:94:2 through real public COMMAND=opened",
    "wave 94: reward shop owner=host leave",
    "wave 95 turn 1: replay guest crossed cmd:95:1 through real public COMMAND=opened",
    "wave 95: TRAINER (fixed)",
    "wave 95: host slot move=85 guest slot move=34",
    "wave 95 turn 1: progress enemyHp=[655:0/234,398:0/229] playerHp=[493:1865/1865,384:1700/1715]",
    "wave 95 turn 2: replay guest crossed cmd:95:2 through real public COMMAND=opened",
    "wave 95 turn 3: replay guest crossed cmd:95:3 through real public COMMAND=opened",
    "wave 95: reward shop owner=guest take-nonparty",
    "wave 95: host chose Crossroads Leave through public UI",
    "wave 95: host drove World Map via public UI=true and both consumed 1827096413707258:0:BIOME_PICK:9700112",
    "wave 96 turn 1: replay guest crossed cmd:96:1 through real public COMMAND=opened",
    "wave 96: BIOME 22->11",
    "wave 96: host slot move=34 guest slot move=53",
    "wave 96 turn 1: progress enemyHp=[178:0/201,218:0/145] playerHp=[493:1865/1865,384:1700/1715]",
    "wave 96: reward shop owner=guest take-nonparty",
    "wave 97 turn 1: replay guest crossed cmd:97:1 through real public COMMAND=opened",
    "wave 97: host slot move=247 guest slot move=85",
    "wave 97 turn 1: progress enemyHp=[257:0/205,306:0/207] playerHp=[493:1865/1865,384:1700/1715]",
    "wave 97: reward shop owner=host leave",
    "wave 98 turn 1: replay guest crossed cmd:98:1 through real public COMMAND=opened",
    "wave 98: host slot move=53 guest slot move=34",
    "wave 98 turn 1: progress enemyHp=[306:0/196,218:0/157] playerHp=[493:1865/1865,384:1700/1715]",
    "wave 98: reward shop owner=guest leave",
    "wave 99 turn 1: replay guest crossed cmd:99:1 through real public COMMAND=opened",
    "wave 99: host slot move=85 guest slot move=247",
    "wave 99 turn 1: progress enemyHp=[21:0/168,306:0/202] playerHp=[493:1865/1865,384:1700/1715]",
    "wave 99: reward shop owner=host leave",
    "wave 100 turn 1: replay guest crossed cmd:100:1 through real public COMMAND=opened",
    "wave 100: host slot move=34 guest slot move=53",
    "wave 100 turn 1: progress enemyHp=[673:0/349,306:0/213] playerHp=[493:1865/1865,384:1700/1715]",
    "wave 100: biome market owner=guest leave",
    "wave 100: drained 1 milestone reward continuation(s)",
    "wave 100: host chose Crossroads Leave through public UI",
    "wave 100: host drove World Map via public UI=true and both consumed 1827096413707258:0:BIOME_PICK:9700118",
    "wave 101 turn 1: replay guest crossed cmd:101:1 through real public COMMAND=opened",
    "wave 101: BIOME 11->18",
    "wave 101: host slot move=247 guest slot move=85",
    "wave 101 turn 1: progress enemyHp=[59:0/230,59:0/237] playerHp=[493:1865/1865,384:1715/1715]",
    "wave 101: reward shop owner=guest leave",
    "wave 102 turn 1: replay guest crossed cmd:102:1 through real public COMMAND=opened",
    "wave 102: host slot move=53 guest slot move=34",
    "wave 102 turn 1: guest SWITCH -> party[3]",
    "wave 102 turn 1: progress enemyHp=[1004:0/195,500:141/282] playerHp=[493:1865/1865,150:1725/1725]",
    "wave 102 turn 2: replay guest crossed cmd:102:2 through real public COMMAND=opened",
    "wave 102: reward shop owner=host leave",
    "wave 102: drained 1 milestone reward continuation(s)",
    "wave 103 turn 1: replay guest crossed cmd:103:1 through real public COMMAND=opened",
    "wave 103: host slot move=85 guest slot move=247",
    "wave 103 turn 1: progress enemyHp=[757:0/168,218:0/168] playerHp=[493:1865/1865,150:1725/1725]",
    "wave 103: reward shop owner=guest leave",
    "wave 104 turn 1: replay guest crossed cmd:104:1 through real public COMMAND=opened",
    "wave 104: host slot move=34 guest slot move=53",
    "wave 104 turn 1: progress enemyHp=[323:0/255,308:0/188] playerHp=[493:1865/1865,150:1725/1725]",
    "wave 104: reward shop owner=host leave",
    "wave 105 turn 1: replay guest crossed cmd:105:1 through real public COMMAND=opened",
    "wave 105 turn 1: host SWITCH -> party[2]",
    "wave 105: host slot move=34 guest slot move=247",
    "wave 105 turn 1: progress enemyHp=[146:258/258,78:0/266] playerHp=[890:2065/2065,150:1688/1725]",
    "wave 105 turn 2: replay guest crossed cmd:105:2 through real public COMMAND=opened",
    "wave 105: reward shop owner=guest leave",
    "wave 105: drained 1 milestone reward continuation(s)",
    "wave 105: host chose Crossroads Leave through public UI",
    "wave 105: host drove World Map via public UI=true and both consumed 1827096413707258:0:BIOME_PICK:9700124",
    "wave 106 turn 1: replay guest crossed cmd:106:1 through real public COMMAND=opened",
    "wave 106: BIOME 18->8",
    "wave 106: host slot move=53 guest slot move=34",
    "wave 106 turn 1: progress enemyHp=[558:1/215,341:0/170] playerHp=[890:2065/2065,150:1688/1725]",
    "wave 106 turn 2: replay guest crossed cmd:106:2 through real public COMMAND=opened",
    "wave 106: reward shop owner=guest leave",
    "wave 107 turn 1: replay guest crossed cmd:107:1 through real public COMMAND=opened",
    "wave 107: host slot move=85 guest slot move=247",
    "wave 107 turn 1: progress enemyHp=[341:0/183,414:0/218] playerHp=[890:2065/2065,150:1688/1725]",
    "wave 107: reward shop owner=host take-nonparty",
    "wave 108 turn 1: replay guest crossed cmd:108:1 through real public COMMAND=opened",
    "wave 108: TRAINER (random)",
    "wave 108: host slot move=53 guest slot move=53",
    "wave 108 turn 1: guest SWITCH -> party[3]",
    "wave 108 turn 1: progress enemyHp=[40:0/299,4078:228/244] playerHp=[890:2065/2065,384:1664/1715]",
    "wave 108 turn 2: replay guest crossed cmd:108:2 through real public COMMAND=opened",
    "wave 108 turn 3: replay guest crossed cmd:108:3 through real public COMMAND=opened",
    "wave 108 turn 4: replay guest crossed cmd:108:4 through real public COMMAND=opened",
    "wave 108: reward shop owner=guest leave",
    "wave 109 turn 1: replay guest crossed cmd:109:1 through real public COMMAND=opened",
    "wave 109 turn 1: host SWITCH -> party[2]",
    "wave 109: host slot move=247 guest slot move=85",
    "wave 109 turn 1: progress enemyHp=[121:218/218,689:0/224] playerHp=[493:1865/1865,384:1655/1715]",
    "wave 109 turn 2: replay guest crossed cmd:109:2 through real public COMMAND=opened",
    "wave 109: reward shop owner=host take-nonparty",
    "wave 110 turn 1: replay guest crossed cmd:110:1 through real public COMMAND=opened",
    "wave 110: host slot move=53 guest slot move=34",
    "wave 110 turn 1: progress enemyHp=[914:0/298,121:0/220] playerHp=[493:1865/1865,384:1655/1715]",
    "wave 110: biome market owner=guest leave",
    "wave 110: drained 1 milestone reward continuation(s)",
    "wave 110: host chose Crossroads Leave through public UI",
    "wave 110: host drove World Map via public UI=true and both consumed 1827096413707258:0:BIOME_PICK:9700130",
    "wave 111 turn 1: replay guest crossed cmd:111:1 through real public COMMAND=opened",
    "wave 111: BIOME 8->6",
    "wave 111: host slot move=85 guest slot move=247",
    "wave 111 turn 1: progress enemyHp=[80:0/257,964:0/268] playerHp=[493:1865/1865,384:1706/1715]",
    "wave 111: reward shop owner=guest take-nonparty",
    "wave 112 turn 1: replay guest crossed cmd:112:1 through real public COMMAND=opened",
    "wave 112: TRAINER (fixed)",
    "wave 112: host slot move=34 guest slot move=53",
    "wave 112 turn 1: progress enemyHp=[4110:0/283,631:0/283] playerHp=[493:1865/1865,384:1706/1715]",
    "wave 112 turn 2: replay guest crossed cmd:112:2 through real public COMMAND=opened",
    "wave 112 turn 2: host SWITCH -> party[2]",
    "wave 112 turn 3: replay guest crossed cmd:112:3 through real public COMMAND=opened",
    "wave 112 turn 4: replay guest crossed cmd:112:4 through real public COMMAND=opened",
    "wave 112: reward shop owner=host leave",
    "wave 113 turn 1: replay guest crossed cmd:113:1 through real public COMMAND=opened",
    "wave 113: host slot move=247 guest slot move=85",
    "wave 113 turn 1: progress enemyHp=[964:0/297,80:0/266] playerHp=[890:2065/2065,384:1642/1715]",
    "wave 113: reward shop owner=guest take-nonparty",
    "wave 114 turn 1: replay guest crossed cmd:114:1 through real public COMMAND=opened",
    "wave 114: TRAINER (fixed)",
    "wave 114: host slot move=53 guest slot move=34",
    "wave 114 turn 1: progress enemyHp=[452:0/262,555:0/327] playerHp=[890:2065/2065,384:1621/1715]",
    "wave 114 turn 2: replay guest crossed cmd:114:2 through real public COMMAND=opened",
    "wave 114 turn 3: replay guest crossed cmd:114:3 through real public COMMAND=opened",
    "wave 114: reward shop owner=host leave",
    "wave 115 turn 1: replay guest crossed cmd:115:1 through real public COMMAND=opened",
    "wave 115: TRAINER (fixed)",
    "wave 115: host slot move=85 guest slot move=247",
    "wave 115 turn 1: progress enemyHp=[324:0/270,338:76/302] playerHp=[890:2065/2065,384:1588/1715]",
    "wave 115 turn 2: replay guest crossed cmd:115:2 through real public COMMAND=opened",
    "wave 115 turn 2: host SWITCH -> party[2]",
    "wave 115 turn 2: guest SWITCH -> party[3]",
    "wave 115 turn 3: replay guest crossed cmd:115:3 through real public COMMAND=opened",
    "wave 115 turn 4: replay guest crossed cmd:115:4 through real public COMMAND=opened",
    "wave 115 turn 5: replay guest crossed cmd:115:5 through real public COMMAND=opened",
    "wave 115: reward shop owner=guest leave",
    "wave 115: host chose Crossroads Leave through public UI",
    "wave 115: host drove World Map via public UI=true and both consumed 1827096413707258:0:BIOME_PICK:9700136",
    "wave 116 turn 1: replay guest crossed cmd:116:1 through real public COMMAND=opened",
    "wave 116: BIOME 6->10",
    "wave 116: host slot move=34 guest slot move=53",
    "wave 116 turn 1: progress enemyHp=[224:0/254,550:0/232] playerHp=[493:1865/1865,150:1638/1725]",
    "wave 116: reward shop owner=guest leave",
    "wave 117 turn 1: replay guest crossed cmd:117:1 through real public COMMAND=opened",
    "wave 117: host slot move=247 guest slot move=85",
    "wave 117 turn 1: progress enemyHp=[976:0/314,976:0/284] playerHp=[493:1865/1865,150:1638/1725]",
    "wave 117: reward shop owner=host leave",
    "wave 118 turn 1: replay guest crossed cmd:118:1 through real public COMMAND=opened",
    "wave 118: host slot move=53 guest slot move=34",
    "wave 118 turn 1: progress enemyHp=[550:0/256,367:1/212] playerHp=[493:1865/1865,150:1623/1725]",
    "wave 118 turn 2: replay guest crossed cmd:118:2 through real public COMMAND=opened",
    "wave 118: reward shop owner=guest take-nonparty",
    "wave 119 turn 1: replay guest crossed cmd:119:1 through real public COMMAND=opened",
    "wave 119: host slot move=85 guest slot move=85",
    "wave 119 turn 1: progress enemyHp=[793:0/334,593:0/336] playerHp=[493:1865/1865,150:1623/1725]",
    "wave 119: reward shop owner=host leave",
    "wave 119: drained 1 milestone reward continuation(s)",
    "wave 120 turn 1: replay guest crossed cmd:120:1 through real public COMMAND=opened",
    "wave 120: TRAINER (random)",
    "wave 120: host slot move=34 guest slot move=53",
    "wave 120 turn 1: progress enemyHp=[10223:0/317,10841:0/278] playerHp=[493:1865/1865,150:1623/1725]",
    "wave 120 turn 2: replay guest crossed cmd:120:2 through real public COMMAND=opened",
    "wave 120 turn 3: replay guest crossed cmd:120:3 through real public COMMAND=opened",
    "wave 120 turn 3: host SWITCH -> party[2]",
    "wave 120 turn 4: replay guest crossed cmd:120:4 through real public COMMAND=opened",
    "wave 120 turn 4: host SWITCH -> party[2]",
    "wave 120: biome market owner=guest leave",
    "wave 120: drained 1 milestone reward continuation(s)",
    "wave 120: host chose Crossroads Leave through public UI",
    "wave 120: host drove World Map via public UI=true and both consumed 1827096413707258:0:BIOME_PICK:9700142",
    "wave 121 turn 1: replay guest crossed cmd:121:1 through real public COMMAND=opened",
    "wave 121: BIOME 10->13",
    "wave 121: host slot move=247 guest slot move=53",
    "wave 121 turn 1: progress enemyHp=[526:1/280,295:0/361] playerHp=[493:1865/1865,150:1725/1725]",
    "wave 121 turn 2: replay guest crossed cmd:121:2 through real public COMMAND=opened",
    "wave 121: reward shop owner=guest leave",
    "wave 122 turn 1: replay guest crossed cmd:122:1 through real public COMMAND=opened",
    "wave 122: host slot move=85 guest slot move=34",
    "wave 122 turn 1: progress enemyHp=[295:0/357,295:0/401] playerHp=[493:1865/1865,150:1725/1725]",
    "wave 122: reward shop owner=host leave",
    "wave 123 turn 1: replay guest crossed cmd:123:1 through real public COMMAND=opened",
    "wave 123: host slot move=85 guest slot move=53",
    "wave 123 turn 1: guest SWITCH -> party[3]",
    "wave 123 turn 1: progress enemyHp=[528:0/259,76:314/314] playerHp=[493:1865/1865,384:1715/1715]",
    "wave 123 turn 2: replay guest crossed cmd:123:2 through real public COMMAND=opened",
    "wave 123: reward shop owner=guest leave",
    "wave 124 turn 1: replay guest crossed cmd:124:1 through real public COMMAND=opened",
    "wave 124: host slot move=34 guest slot move=53",
    "wave 124 turn 1: progress enemyHp=[768:0/279,768:0/271] playerHp=[493:1865/1865,384:1715/1715]",
    "wave 124: reward shop owner=host leave",
    "wave 124: drained 1 milestone reward continuation(s)",
    "wave 125 turn 1: replay guest crossed cmd:125:1 through real public COMMAND=opened",
    "wave 125 turn 1: host SWITCH -> party[2]",
    "wave 125: host slot move=247 guest slot move=85",
    "wave 125 turn 1: progress enemyHp=[768:265/265,528:272/272] playerHp=[890:2065/2065,384:1676/1715]",
    "wave 125 turn 2: replay guest crossed cmd:125:2 through real public COMMAND=opened",
    "wave 125 turn 2: guest SWITCH -> party[3]",
    "wave 125 turn 3: replay guest crossed cmd:125:3 through real public COMMAND=opened",
    "wave 125: reward shop owner=guest leave",
    "wave 125: drained 1 milestone reward continuation(s)",
    "wave 125: host chose Crossroads Leave through public UI",
    "wave 125: host drove World Map via public UI=true and both consumed 1827096413707258:0:BIOME_PICK:9700148",
    "wave 126 turn 1: replay guest crossed cmd:126:1 through real public COMMAND=opened",
    "wave 126: BIOME 13->12",
    "wave 126 turn 1: host SWITCH -> party[2]",
    "wave 126: host slot move=34 guest slot move=53",
    "wave 126 turn 1: progress enemyHp=[112:323/323,529:0/261] playerHp=[493:1749/1865,150:1606/1725]",
    "wave 126 turn 2: replay guest crossed cmd:126:2 through real public COMMAND=opened",
    "wave 126 turn 2: guest SWITCH -> party[3]",
    "wave 126: reward shop owner=guest take-nonparty",
    "wave 127 turn 1: replay guest crossed cmd:127:1 through real public COMMAND=opened",
    "wave 127: host slot move=34 guest slot move=34",
    "wave 127 turn 1: guest SWITCH -> party[3]",
    "wave 127 turn 1: progress enemyHp=[529:0/238,112:333/333] playerHp=[493:1284/1865,150:1618/1725]",
    "wave 127 turn 2: replay guest crossed cmd:127:2 through real public COMMAND=opened",
    "wave 127: reward shop owner=host leave",
    "wave 128 turn 1: replay guest crossed cmd:128:1 through real public COMMAND=opened",
    "wave 128: host slot move=53 guest slot move=53",
    "wave 128 turn 1: progress enemyHp=[750:0/347,50:0/157] playerHp=[493:1052/1865,150:1189/1725]",
    "wave 128: reward shop owner=guest leave",
    "wave 129 turn 1: replay guest crossed cmd:129:1 through real public COMMAND=opened",
    "wave 129: host slot move=247 guest slot move=53",
    "wave 129 turn 1: progress enemyHp=[28:0/340,750:0/344] playerHp=[493:936/1865,150:1082/1725]",
    "wave 129: reward shop owner=host leave",
    "wave 130 turn 1: replay guest crossed cmd:130:1 through real public COMMAND=opened",
    "wave 130: host slot move=34 guest slot move=34",
    "wave 130 turn 1: progress enemyHp=[76:0/327,208:174/310] playerHp=[493:807/1865,150:868/1725]"
  ]
}