{
  "invariant": "no-park",
  "seed": 20260717,
  "wave": 200,
  "detail": "wave crossing threw (strand/stall): client phase drive to guest command 200:1 HANG on CoopReplayTurnPhase; queued=[], ui=MESSAGE",
  "replay": "SOAK_SEED=20260717",
  "phaseState": {
    "hostPhase": "CommandPhase",
    "guestPhase": "CoopReplayTurnPhase",
    "hostInteractionCounter": 231,
    "guestInteractionCounter": 231,
    "hostWave": 200,
    "hostBattleType": 0,
    "hostPlayerField": [
      {
        "id": 4275289855,
        "battlerIndex": -1,
        "speciesId": 493,
        "speciesName": "Arceus",
        "hp": 1865,
        "maxHp": 1865,
        "fainted": false,
        "status": 0,
        "statStages": [
          0,
          0,
          0,
          0,
          0,
          0,
          0
        ],
        "moves": [
          {
            "id": 34,
            "ppUsed": 0
          },
          {
            "id": 247,
            "ppUsed": 0
          },
          {
            "id": 53,
            "ppUsed": 2
          },
          {
            "id": 85,
            "ppUsed": 0
          }
        ],
        "coopOwner": "host"
      }
    ],
    "hostEnemyField": [
      {
        "id": 1772190456,
        "battlerIndex": -1,
        "speciesId": 890,
        "speciesName": "Eternatus",
        "hp": 832,
        "maxHp": 832,
        "fainted": false,
        "status": 0,
        "statStages": [
          0,
          0,
          2,
          0,
          0,
          0,
          0
        ],
        "moves": [
          {
            "id": 795,
            "ppUsed": 0
          },
          {
            "id": 188,
            "ppUsed": 0
          },
          {
            "id": 53,
            "ppUsed": 0
          },
          {
            "id": 322,
            "ppUsed": 0
          }
        ]
      }
    ],
    "guestPlayerField": [
      {
        "id": 4275289855,
        "battlerIndex": 0,
        "speciesId": 493,
        "speciesName": "Arceus",
        "hp": 1865,
        "maxHp": 1865,
        "fainted": false,
        "status": 0,
        "statStages": [
          0,
          0,
          0,
          0,
          0,
          0,
          0
        ],
        "moves": [
          {
            "id": 34,
            "ppUsed": 0
          },
          {
            "id": 247,
            "ppUsed": 0
          },
          {
            "id": 53,
            "ppUsed": 2
          },
          {
            "id": 85,
            "ppUsed": 0
          }
        ],
        "coopOwner": "host"
      }
    ],
    "guestEnemyField": [
      {
        "id": 1772190456,
        "battlerIndex": 2,
        "speciesId": 890,
        "speciesName": "Eternatus",
        "hp": 832,
        "maxHp": 832,
        "fainted": false,
        "status": 0,
        "statStages": [
          0,
          0,
          2,
          0,
          0,
          0,
          0
        ],
        "moves": [
          {
            "id": 795,
            "ppUsed": 0
          },
          {
            "id": 188,
            "ppUsed": 0
          },
          {
            "id": 53,
            "ppUsed": 0
          },
          {
            "id": 322,
            "ppUsed": 0
          }
        ]
      }
    ]
  },
  "actionScript": [
    "SKIP mysteryEncounterDisabledV1",
    "content seed=coop-soak-20260717 preseeded=false",
    "wave 1 turn 1: replay guest crossed cmd:1:1 through real public COMMAND=opened",
    "wave 1: host slot move=53 guest slot move=85",
    "wave 1 turn 1: progress enemyHp=[16:0/14,263:0/14] playerHp=[890:2065/2065,384:1715/1715]",
    "wave 1: reward shop owner=host leave",
    "wave 2 turn 1: replay guest crossed cmd:2:1 through real public COMMAND=opened",
    "wave 2: host slot move=85 guest slot move=85",
    "wave 2 turn 1: progress enemyHp=[273:0/16,401:0/14] playerHp=[890:2065/2065,384:1715/1715]",
    "wave 2: reward shop owner=guest leave",
    "wave 3 turn 1: replay guest crossed cmd:3:1 through real public COMMAND=opened",
    "wave 3: host slot move=85 guest slot move=34",
    "wave 3 turn 1: progress enemyHp=[504:0/16,46:0/16] playerHp=[890:2065/2065,384:1715/1715]",
    "wave 3: reward shop owner=host leave",
    "wave 4 turn 1: replay guest crossed cmd:4:1 through real public COMMAND=opened",
    "wave 4 turn 1: host SWITCH -> party[2]",
    "wave 4: host slot move=247 guest slot move=85",
    "wave 4 turn 1: progress enemyHp=[543:15/15,19:0/17] playerHp=[493:1865/1865,384:1715/1715]",
    "wave 4 turn 2: replay guest crossed cmd:4:2 through real public COMMAND=opened",
    "wave 4: reward shop owner=guest take-nonparty",
    "wave 5 turn 1: replay guest crossed cmd:5:1 through real public COMMAND=opened",
    "wave 5: TRAINER (fixed)",
    "wave 5: host slot move=34 guest slot move=53",
    "wave 5 turn 1: progress enemyHp=[19:0/17,504:0/18] playerHp=[493:1865/1865,384:1715/1715]",
    "wave 5: reward shop owner=host take-nonparty",
    "wave 5: guest chose Crossroads Leave through public UI",
    "wave 5: guest drove World Map via public UI=true and both consumed 1827102401244469:1:BIOME_PICK:9700005",
    "wave 6 turn 1: replay guest crossed cmd:6:1 through real public COMMAND=opened",
    "wave 6: BIOME 0->1",
    "wave 6: host slot move=53 guest slot move=247",
    "wave 6 turn 1: progress enemyHp=[263:0/20,41:0/18] playerHp=[493:1865/1865,384:1715/1715]",
    "wave 6: reward shop owner=host leave",
    "wave 7 turn 1: replay guest crossed cmd:7:1 through real public COMMAND=opened",
    "wave 7: host slot move=53 guest slot move=34",
    "wave 7 turn 1: progress enemyHp=[263:0/20,261:0/20] playerHp=[493:1865/1865,384:1715/1715]",
    "wave 7: reward shop owner=guest take-nonparty",
    "wave 8 turn 1: replay guest crossed cmd:8:1 through real public COMMAND=opened",
    "wave 8: TRAINER (fixed)",
    "wave 8 turn 1: host SWITCH -> party[2]",
    "wave 8: host slot move=247 guest slot move=34",
    "wave 8 turn 1: progress enemyHp=[393:26/26,16:0/22] playerHp=[890:2065/2065,384:1713/1715]",
    "wave 8 turn 2: replay guest crossed cmd:8:2 through real public COMMAND=opened",
    "wave 8: reward shop owner=host leave",
    "wave 9 turn 1: replay guest crossed cmd:9:1 through real public COMMAND=opened",
    "wave 9: host slot move=34 guest slot move=53",
    "wave 9 turn 1: progress enemyHp=[41:0/24,915:0/24] playerHp=[890:2065/2065,384:1713/1715]",
    "wave 9: reward shop owner=guest leave",
    "wave 10 turn 1: replay guest crossed cmd:10:1 through real public COMMAND=opened",
    "wave 10: host slot move=53 guest slot move=34",
    "wave 10 turn 1: guest SWITCH -> party[3]",
    "wave 10 turn 1: progress enemyHp=[83:0/26,206:36/36] playerHp=[890:2065/2065,150:1722/1725]",
    "wave 10 turn 2: replay guest crossed cmd:10:2 through real public COMMAND=opened",
    "wave 10: biome market owner=host leave",
    "wave 10: drained 1 milestone reward continuation(s)",
    "wave 10: guest chose Crossroads Leave through public UI",
    "wave 10: guest drove World Map via public UI=true and both consumed 1827102401244469:1:BIOME_PICK:9700011",
    "wave 11 turn 1: replay guest crossed cmd:11:1 through real public COMMAND=opened",
    "wave 11: BIOME 1->2",
    "wave 11: host slot move=53 guest slot move=34",
    "wave 11 turn 1: progress enemyHp=[714:0/26,268:0/26] playerHp=[890:2065/2065,150:1725/1725]",
    "wave 11: reward shop owner=host take-nonparty",
    "wave 12 turn 1: replay guest crossed cmd:12:1 through real public COMMAND=opened",
    "wave 12: host slot move=34 guest slot move=85",
    "wave 12 turn 1: progress enemyHp=[387:0/29,714:0/26] playerHp=[890:2065/2065,150:1725/1725]",
    "wave 12: reward shop owner=guest leave",
    "wave 13 turn 1: replay guest crossed cmd:13:1 through real public COMMAND=opened",
    "wave 13: host slot move=34 guest slot move=247",
    "wave 13 turn 1: progress enemyHp=[268:0/28,302:34/34] playerHp=[890:2065/2065,150:1725/1725]",
    "wave 13 turn 2: replay guest crossed cmd:13:2 through real public COMMAND=opened",
    "wave 13 turn 2: guest SWITCH -> party[3]",
    "wave 13: reward shop owner=host leave",
    "wave 14 turn 1: replay guest crossed cmd:14:1 through real public COMMAND=opened",
    "wave 14 turn 1: host SWITCH -> party[2]",
    "wave 14: host slot move=85 guest slot move=247",
    "wave 14 turn 1: guest SWITCH -> party[3]",
    "wave 14 turn 1: progress enemyHp=[548:29/29,268:30/30] playerHp=[493:1865/1865,150:1725/1725]",
    "wave 14 turn 2: replay guest crossed cmd:14:2 through real public COMMAND=opened",
    "wave 14: reward shop owner=guest leave",
    "wave 15 turn 1: replay guest crossed cmd:15:1 through real public COMMAND=opened",
    "wave 15: host slot move=53 guest slot move=53",
    "wave 15 turn 1: progress enemyHp=[543:0/29,302:0/34] playerHp=[493:1865/1865,150:1725/1725]",
    "wave 15: reward shop owner=host leave",
    "wave 15: guest chose Crossroads Leave through public UI",
    "wave 15: guest drove World Map via public UI=true and both consumed 1827102401244469:1:BIOME_PICK:9700017",
    "wave 16 turn 1: replay guest crossed cmd:16:1 through real public COMMAND=opened",
    "wave 16: BIOME 2->3",
    "wave 16: host slot move=247 guest slot move=85",
    "wave 16 turn 1: progress enemyHp=[665:0/32,665:0/34] playerHp=[493:1865/1865,150:1725/1725]",
    "wave 16: reward shop owner=host leave",
    "wave 17 turn 1: replay guest crossed cmd:17:1 through real public COMMAND=opened",
    "wave 17: host slot move=34 guest slot move=53",
    "wave 17 turn 1: progress enemyHp=[48:0/37,152:0/34] playerHp=[493:1865/1865,150:1725/1725]",
    "wave 17: reward shop owner=guest take-nonparty",
    "wave 18 turn 1: replay guest crossed cmd:18:1 through real public COMMAND=opened",
    "wave 18: host slot move=85 guest slot move=247",
    "wave 18 turn 1: progress enemyHp=[43:0/36,43:0/34] playerHp=[493:1865/1865,150:1725/1725]",
    "wave 18: reward shop owner=host take-nonparty",
    "wave 19 turn 1: replay guest crossed cmd:19:1 through real public COMMAND=opened",
    "wave 19: TRAINER (random)",
    "wave 19: host slot move=53 guest slot move=34",
    "wave 19 turn 1: guest SWITCH -> party[3]",
    "wave 19 turn 1: progress enemyHp=[756:0/40,303:42/42] playerHp=[493:1865/1865,384:1706/1715]",
    "wave 19 turn 2: replay guest crossed cmd:19:2 through real public COMMAND=opened",
    "wave 19 turn 3: replay guest crossed cmd:19:3 through real public COMMAND=opened",
    "wave 19 turn 4: replay guest crossed cmd:19:4 through real public COMMAND=opened",
    "wave 19 turn 5: replay guest crossed cmd:19:5 through real public COMMAND=opened",
    "wave 19 turn 6: replay guest crossed cmd:19:6 through real public COMMAND=opened",
    "wave 19 turn 7: replay guest crossed cmd:19:7 through real public COMMAND=opened",
    "wave 19 turn 8: replay guest crossed cmd:19:8 through real public COMMAND=opened",
    "wave 19 turn 8: host SWITCH -> party[2]",
    "wave 19 turn 9: replay guest crossed cmd:19:9 through real public COMMAND=opened",
    "wave 19 turn 10: replay guest crossed cmd:19:10 through real public COMMAND=opened",
    "wave 19 turn 10: progress enemyHp=[202:71/71,303:0/42] playerHp=[890:2065/2065,384:1700/1715]",
    "wave 19 turn 11: replay guest crossed cmd:19:11 through real public COMMAND=opened",
    "wave 19 turn 12: replay guest crossed cmd:19:12 through real public COMMAND=opened",
    "wave 19 turn 13: replay guest crossed cmd:19:13 through real public COMMAND=opened",
    "wave 19 turn 13: host SWITCH -> party[2]",
    "wave 19 turn 13: guest SWITCH -> party[3]",
    "wave 19 turn 14: replay guest crossed cmd:19:14 through real public COMMAND=opened",
    "wave 19 turn 15: replay guest crossed cmd:19:15 through real public COMMAND=opened",
    "wave 19 turn 16: replay guest crossed cmd:19:16 through real public COMMAND=opened",
    "wave 19 turn 17: replay guest crossed cmd:19:17 through real public COMMAND=opened",
    "wave 19 turn 18: replay guest crossed cmd:19:18 through real public COMMAND=opened",
    "wave 19: reward shop owner=guest leave",
    "wave 20 turn 1: replay guest crossed cmd:20:1 through real public COMMAND=opened",
    "wave 20: host slot move=247 guest slot move=85",
    "wave 20 turn 1: progress enemyHp=[290:0/37,43:0/40] playerHp=[493:1865/1865,150:1725/1725]",
    "wave 20: biome market owner=host leave",
    "wave 20: drained 1 milestone reward continuation(s)",
    "wave 20: guest chose Crossroads Leave through public UI",
    "wave 20: guest drove World Map via public UI=true and both consumed 1827102401244469:1:BIOME_PICK:9700023",
    "wave 21 turn 1: replay guest crossed cmd:21:1 through real public COMMAND=opened",
    "wave 21: BIOME 3->5",
    "wave 21: host slot move=34 guest slot move=53",
    "wave 21 turn 1: progress enemyHp=[315:0/42,357:0/52] playerHp=[493:1865/1865,150:1725/1725]",
    "wave 21: reward shop owner=host leave",
    "wave 22 turn 1: replay guest crossed cmd:22:1 through real public COMMAND=opened",
    "wave 22: host slot move=85 guest slot move=247",
    "wave 22 turn 1: guest SWITCH -> party[3]",
    "wave 22 turn 1: progress enemyHp=[616:0/40,12:49/49] playerHp=[493:1865/1865,384:1713/1715]",
    "wave 22 turn 2: replay guest crossed cmd:22:2 through real public COMMAND=opened",
    "wave 22: reward shop owner=guest leave",
    "wave 23 turn 1: replay guest crossed cmd:23:1 through real public COMMAND=opened",
    "wave 23: host slot move=53 guest slot move=85",
    "wave 23 turn 1: guest SWITCH -> party[3]",
    "wave 23 turn 1: progress enemyHp=[69:0/53,944:41/41] playerHp=[493:1862/1865,150:1725/1725]",
    "wave 23 turn 2: replay guest crossed cmd:23:2 through real public COMMAND=opened",
    "wave 23: reward shop owner=host take-nonparty",
    "wave 24 turn 1: replay guest crossed cmd:24:1 through real public COMMAND=opened",
    "wave 24: host slot move=85 guest slot move=85",
    "wave 24 turn 1: progress enemyHp=[585:0/45,918:0/56] playerHp=[493:1862/1865,150:1725/1725]",
    "wave 24: reward shop owner=guest leave",
    "wave 25 turn 1: replay guest crossed cmd:25:1 through real public COMMAND=opened",
    "wave 25: TRAINER (fixed)",
    "wave 25: host slot move=34 guest slot move=85",
    "wave 25 turn 1: guest SWITCH -> party[3]",
    "wave 25 turn 1: progress enemyHp=[394:0/58,17:53/53] playerHp=[493:1860/1865,384:1713/1715]",
    "wave 25 turn 2: replay guest crossed cmd:25:2 through real public COMMAND=opened",
    "wave 25: reward shop owner=host take-nonparty",
    "wave 25: guest chose Crossroads Leave through public UI",
    "wave 25: guest drove World Map via public UI=true and both consumed 1827102401244469:1:BIOME_PICK:9700029",
    "wave 26 turn 1: replay guest crossed cmd:26:1 through real public COMMAND=opened",
    "wave 26: BIOME 5->27",
    "wave 26 turn 1: host SWITCH -> party[2]",
    "wave 26: host slot move=85 guest slot move=247",
    "wave 26 turn 1: progress enemyHp=[420:51/51,420:0/51] playerHp=[890:2065/2065,384:1713/1715]",
    "wave 26 turn 2: replay guest crossed cmd:26:2 through real public COMMAND=opened",
    "wave 26: reward shop owner=host leave",
    "wave 27 turn 1: replay guest crossed cmd:27:1 through real public COMMAND=opened",
    "wave 27: host slot move=53 guest slot move=34",
    "wave 27 turn 1: progress enemyHp=[511:0/51,415:0/50] playerHp=[890:2065/2065,384:1713/1715]",
    "wave 27: reward shop owner=guest take-nonparty",
    "wave 28 turn 1: replay guest crossed cmd:28:1 through real public COMMAND=opened",
    "wave 28: host slot move=247 guest slot move=85",
    "wave 28 turn 1: progress enemyHp=[420:0/54,190:0/58] playerHp=[890:2065/2065,384:1713/1715]",
    "wave 28: reward shop owner=host take-nonparty",
    "wave 29 turn 1: replay guest crossed cmd:29:1 through real public COMMAND=opened",
    "wave 29: host slot move=34 guest slot move=53",
    "wave 29 turn 1: progress enemyHp=[420:0/56,420:0/56] playerHp=[890:2065/2065,384:1712/1715]",
    "wave 29: reward shop owner=guest leave",
    "wave 30 turn 1: replay guest crossed cmd:30:1 through real public COMMAND=opened",
    "wave 30: TRAINER (random)",
    "wave 30: host slot move=85 guest slot move=247",
    "wave 30 turn 1: progress enemyHp=[69:0/64,188:0/60] playerHp=[890:2065/2065,384:1712/1715]",
    "wave 30 turn 2: replay guest crossed cmd:30:2 through real public COMMAND=opened",
    "wave 30: biome market owner=host leave",
    "wave 30: drained 1 milestone reward continuation(s)",
    "wave 30: guest chose Crossroads Leave through public UI",
    "wave 30: guest drove World Map via public UI=true and both consumed 1827102401244469:1:BIOME_PICK:9700035",
    "wave 31 turn 1: replay guest crossed cmd:31:1 through real public COMMAND=opened",
    "wave 31: BIOME 27->29",
    "wave 31: host slot move=85 guest slot move=53",
    "wave 31 turn 1: progress enemyHp=[10440:59/59,562:0/53] playerHp=[890:2065/2065,384:1713/1715]",
    "wave 31 turn 2: replay guest crossed cmd:31:2 through real public COMMAND=opened",
    "wave 31: reward shop owner=host leave",
    "wave 31: drained 1 milestone reward continuation(s)",
    "wave 32 turn 1: replay guest crossed cmd:32:1 through real public COMMAND=opened",
    "wave 32: host slot move=247 guest slot move=247",
    "wave 32 turn 1: progress enemyHp=[92:0/46,433:0/56] playerHp=[890:1678/2065,384:1713/1715]",
    "wave 32: reward shop owner=guest leave",
    "wave 33 turn 1: replay guest crossed cmd:33:1 through real public COMMAND=opened",
    "wave 33: host slot move=85 guest slot move=53",
    "wave 33 turn 1: progress enemyHp=[679:0/56,177:0/56] playerHp=[890:1291/2065,384:1713/1715]",
    "wave 33: reward shop owner=host take-nonparty",
    "wave 34 turn 1: replay guest crossed cmd:34:1 through real public COMMAND=opened",
    "wave 34: host slot move=85 guest slot move=85",
    "wave 34 turn 1: guest SWITCH -> party[3]",
    "wave 34 turn 1: progress enemyHp=[679:0/60,562:57/57] playerHp=[890:775/2065,150:1725/1725]",
    "wave 34 turn 2: replay guest crossed cmd:34:2 through real public COMMAND=opened",
    "wave 34: reward shop owner=guest leave",
    "wave 35 turn 1: replay guest crossed cmd:35:1 through real public COMMAND=opened",
    "wave 35: TRAINER (fixed)",
    "wave 35: host slot move=34 guest slot move=34",
    "wave 35 turn 1: progress enemyHp=[660:0/82,309:0/60] playerHp=[890:388/2065,150:1725/1725]",
    "wave 35: reward shop owner=host leave",
    "wave 35: guest chose Crossroads Leave through public UI",
    "wave 35: guest drove World Map via public UI=true and both consumed 1827102401244469:1:BIOME_PICK:9700041",
    "wave 36 turn 1: replay guest crossed cmd:36:1 through real public COMMAND=opened",
    "wave 36: BIOME 29->14",
    "wave 36: host slot move=247 guest slot move=34",
    "wave 36 turn 1: progress enemyHp=[451:0/67,843:0/61] playerHp=[890:388/2065,150:1618/1725]",
    "wave 36: reward shop owner=host leave",
    "wave 36: drained 1 milestone reward continuation(s)",
    "wave 37 turn 1: replay guest crossed cmd:37:1 through real public COMMAND=opened",
    "wave 37: host slot move=53 guest slot move=247",
    "wave 37 turn 1: progress enemyHp=[451:0/65,551:0/60] playerHp=[890:388/2065,150:1511/1725]",
    "wave 37: reward shop owner=guest leave",
    "wave 37: drained 1 milestone reward continuation(s)",
    "wave 38 turn 1: replay guest crossed cmd:38:1 through real public COMMAND=opened",
    "wave 38: host slot move=34 guest slot move=247",
    "wave 38 turn 1: progress enemyHp=[451:0/70,28:0/87] playerHp=[890:388/2065,150:1404/1725]",
    "wave 38: reward shop owner=host take-nonparty",
    "wave 39 turn 1: replay guest crossed cmd:39:1 through real public COMMAND=opened",
    "wave 39: host slot move=247 guest slot move=247",
    "wave 39 turn 1: guest SWITCH -> party[3]",
    "wave 39 turn 1: progress enemyHp=[946:0/70,451:77/77] playerHp=[890:388/2065,384:1608/1715]",
    "wave 39 turn 2: replay guest crossed cmd:39:2 through real public COMMAND=opened",
    "wave 39 turn 2: guest SWITCH -> party[3]",
    "wave 39: reward shop owner=guest take-nonparty",
    "wave 40 turn 1: replay guest crossed cmd:40:1 through real public COMMAND=opened",
    "wave 40: host slot move=53 guest slot move=85",
    "wave 40 turn 1: progress enemyHp=[329:0/67,346:0/100] playerHp=[890:388/2065,150:1618/1725]",
    "wave 40: biome market owner=host leave",
    "wave 40: drained 1 milestone reward continuation(s)",
    "wave 40: guest chose Crossroads Leave through public UI",
    "wave 40: guest drove World Map via public UI=true and both consumed 1827102401244469:1:BIOME_PICK:9700047",
    "wave 41 turn 1: replay guest crossed cmd:41:1 through real public COMMAND=opened",
    "wave 41: BIOME 14->22",
    "wave 41 turn 1: host SWITCH -> party[2]",
    "wave 41: host slot move=34 guest slot move=247",
    "wave 41 turn 1: guest SWITCH -> party[3]",
    "wave 41 turn 1: progress enemyHp=[64:60/60,566:67/67] playerHp=[493:1865/1865,384:1706/1715]",
    "wave 41 turn 2: replay guest crossed cmd:41:2 through real public COMMAND=opened",
    "wave 41: reward shop owner=host leave",
    "wave 41: drained 1 milestone reward continuation(s)",
    "wave 42 turn 1: replay guest crossed cmd:42:1 through real public COMMAND=opened",
    "wave 42: host slot move=53 guest slot move=34",
    "wave 42 turn 1: progress enemyHp=[201:0/79,343:0/74] playerHp=[493:1865/1865,384:1706/1715]",
    "wave 42: reward shop owner=guest take-nonparty",
    "wave 43 turn 1: replay guest crossed cmd:43:1 through real public COMMAND=opened",
    "wave 43 turn 1: host SWITCH -> party[2]",
    "wave 43: host slot move=53 guest slot move=85",
    "wave 43 turn 1: progress enemyHp=[64:69/69,201:0/79] playerHp=[890:2065/2065,384:1703/1715]",
    "wave 43 turn 2: replay guest crossed cmd:43:2 through real public COMMAND=opened",
    "wave 43 turn 2: guest SWITCH -> party[3]",
    "wave 43: reward shop owner=host take-nonparty",
    "wave 44 turn 1: replay guest crossed cmd:44:1 through real public COMMAND=opened",
    "wave 44: host slot move=247 guest slot move=85",
    "wave 44 turn 1: guest SWITCH -> party[3]",
    "wave 44 turn 1: progress enemyHp=[177:0/73,575:80/80] playerHp=[890:2065/2065,384:1710/1715]",
    "wave 44 turn 2: replay guest crossed cmd:44:2 through real public COMMAND=opened",
    "wave 44: reward shop owner=guest leave",
    "wave 44: drained 1 milestone reward continuation(s)",
    "wave 45 turn 1: replay guest crossed cmd:45:1 through real public COMMAND=opened",
    "wave 45: host slot move=247 guest slot move=53",
    "wave 45 turn 1: progress enemyHp=[343:0/81,958:0/88] playerHp=[890:2065/2065,384:1710/1715]",
    "wave 45: reward shop owner=host leave",
    "wave 45: guest chose Crossroads Leave through public UI",
    "wave 45: guest drove World Map via public UI=true and both consumed 1827102401244469:1:BIOME_PICK:9700053",
    "wave 46 turn 1: replay guest crossed cmd:46:1 through real public COMMAND=opened",
    "wave 46: BIOME 22->11",
    "wave 46: host slot move=34 guest slot move=34",
    "wave 46 turn 1: progress enemyHp=[111:0/91,17:0/87] playerHp=[890:1936/2065,384:1710/1715]",
    "wave 46: reward shop owner=host leave",
    "wave 47 turn 1: replay guest crossed cmd:47:1 through real public COMMAND=opened",
    "wave 47 turn 1: host SWITCH -> party[2]",
    "wave 47: host slot move=53 guest slot move=34",
    "wave 47 turn 1: progress enemyHp=[325:85/85,304:1/79] playerHp=[493:1865/1865,384:1710/1715]",
    "wave 47 turn 2: replay guest crossed cmd:47:2 through real public COMMAND=opened",
    "wave 47 turn 2: guest SWITCH -> party[3]",
    "wave 47 turn 3: replay guest crossed cmd:47:3 through real public COMMAND=opened",
    "wave 47 turn 3: guest SWITCH -> party[3]",
    "wave 47: reward shop owner=guest take-nonparty",
    "wave 48 turn 1: replay guest crossed cmd:48:1 through real public COMMAND=opened",
    "wave 48: host slot move=247 guest slot move=34",
    "wave 48 turn 1: guest SWITCH -> party[3]",
    "wave 48 turn 1: progress enemyHp=[304:1/86,17:87/87] playerHp=[493:1865/1865,150:1510/1725]",
    "wave 48 turn 2: replay guest crossed cmd:48:2 through real public COMMAND=opened",
    "wave 48: reward shop owner=host take-nonparty",
    "wave 49 turn 1: replay guest crossed cmd:49:1 through real public COMMAND=opened",
    "wave 49: host slot move=247 guest slot move=53",
    "wave 49 turn 1: progress enemyHp=[111:0/97,111:0/106] playerHp=[493:1865/1865,150:1510/1725]",
    "wave 49: reward shop owner=guest leave",
    "wave 50 turn 1: replay guest crossed cmd:50:1 through real public COMMAND=opened",
    "wave 50: host slot move=85 guest slot move=247",
    "wave 50 turn 1: progress enemyHp=[305:0/92,227:0/99] playerHp=[493:1865/1865,150:1510/1725]",
    "wave 50: biome market owner=host leave",
    "wave 50: drained 1 milestone reward continuation(s)",
    "wave 50: guest chose Crossroads Leave through public UI",
    "wave 50: guest drove World Map via public UI=true and both consumed 1827102401244469:1:BIOME_PICK:9700059",
    "wave 51 turn 1: replay guest crossed cmd:51:1 through real public COMMAND=opened",
    "wave 51: BIOME 11->18",
    "wave 51: host slot move=247 guest slot move=34",
    "wave 51 turn 1: guest SWITCH -> party[3]",
    "wave 51 turn 1: progress enemyHp=[323:0/115,324:94/94] playerHp=[493:1865/1865,384:1711/1715]",
    "wave 51 turn 2: replay guest crossed cmd:51:2 through real public COMMAND=opened",
    "wave 51 turn 2: host SWITCH -> party[2]",
    "wave 51: reward shop owner=host leave",
    "wave 51: drained 1 milestone reward continuation(s)",
    "wave 52 turn 1: replay guest crossed cmd:52:1 through real public COMMAND=opened",
    "wave 52: host slot move=247 guest slot move=85",
    "wave 52 turn 1: progress enemyHp=[77:0/90,262:0/96] playerHp=[890:2065/2065,384:1711/1715]",
    "wave 52: reward shop owner=guest leave",
    "wave 53 turn 1: replay guest crossed cmd:53:1 through real public COMMAND=opened",
    "wave 53 turn 1: host SWITCH -> party[2]",
    "wave 53: host slot move=34 guest slot move=34",
    "wave 53 turn 1: progress enemyHp=[326:111/111,322:0/111] playerHp=[493:1749/1865,384:1708/1715]",
    "wave 53 turn 2: replay guest crossed cmd:53:2 through real public COMMAND=opened",
    "wave 53: reward shop owner=host take-nonparty",
    "wave 54 turn 1: replay guest crossed cmd:54:1 through real public COMMAND=opened",
    "wave 54: host slot move=85 guest slot move=85",
    "wave 54 turn 1: progress enemyHp=[262:0/102,333:0/89] playerHp=[493:1749/1865,384:1708/1715]",
    "wave 54: reward shop owner=guest leave",
    "wave 55 turn 1: replay guest crossed cmd:55:1 through real public COMMAND=opened",
    "wave 55: TRAINER (fixed)",
    "wave 55: host slot move=53 guest slot move=53",
    "wave 55 turn 1: progress enemyHp=[395:0/132,18:0/122] playerHp=[493:1749/1865,384:1708/1715]",
    "wave 55 turn 2: replay guest crossed cmd:55:2 through real public COMMAND=opened",
    "wave 55: reward shop owner=host take-nonparty",
    "wave 55: guest chose Crossroads Leave through public UI",
    "wave 55: guest drove World Map via public UI=true and both consumed 1827102401244469:1:BIOME_PICK:9700065",
    "wave 56 turn 1: replay guest crossed cmd:56:1 through real public COMMAND=opened",
    "wave 56: BIOME 18->8",
    "wave 56: host slot move=247 guest slot move=85",
    "wave 56 turn 1: progress enemyHp=[90:1/78,557:0/88] playerHp=[493:1749/1865,384:1707/1715]",
    "wave 56 turn 2: replay guest crossed cmd:56:2 through real public COMMAND=opened",
    "wave 56: reward shop owner=host take-nonparty",
    "wave 57 turn 1: replay guest crossed cmd:57:1 through real public COMMAND=opened",
    "wave 57: host slot move=247 guest slot move=53",
    "wave 57 turn 1: progress enemyHp=[413:100/100,342:0/110] playerHp=[493:1749/1865,384:1707/1715]",
    "wave 57 turn 2: replay guest crossed cmd:57:2 through real public COMMAND=opened",
    "wave 57: reward shop owner=guest leave",
    "wave 58 turn 1: replay guest crossed cmd:58:1 through real public COMMAND=opened",
    "wave 58: host slot move=85 guest slot move=247",
    "wave 58 turn 1: guest SWITCH -> party[3]",
    "wave 58 turn 1: progress enemyHp=[961:0/84,978:106/106] playerHp=[493:1749/1865,150:1725/1725]",
    "wave 58 turn 2: replay guest crossed cmd:58:2 through real public COMMAND=opened",
    "wave 58: reward shop owner=host leave",
    "wave 59 turn 1: replay guest crossed cmd:59:1 through real public COMMAND=opened",
    "wave 59 turn 1: host SWITCH -> party[2]",
    "wave 59: host slot move=53 guest slot move=34",
    "wave 59 turn 1: progress enemyHp=[747:100/100,914:0/133] playerHp=[890:2065/2065,150:1725/1725]",
    "wave 59 turn 2: replay guest crossed cmd:59:2 through real public COMMAND=opened",
    "wave 59: reward shop owner=guest leave",
    "wave 60 turn 1: replay guest crossed cmd:60:1 through real public COMMAND=opened",
    "wave 60: TRAINER (random)",
    "wave 60: host slot move=247 guest slot move=85",
    "wave 60 turn 1: progress enemyHp=[279:0/115,10075:0/123] playerHp=[890:2065/2065,150:1725/1725]",
    "wave 60 turn 2: replay guest crossed cmd:60:2 through real public COMMAND=opened",
    "wave 60: biome market owner=host leave",
    "wave 60: drained 1 milestone reward continuation(s)",
    "wave 60: guest chose Crossroads Leave through public UI",
    "wave 60: guest drove World Map via public UI=true and both consumed 1827102401244469:1:BIOME_PICK:9700071",
    "wave 61 turn 1: replay guest crossed cmd:61:1 through real public COMMAND=opened",
    "wave 61: BIOME 8->6",
    "wave 61: host slot move=34 guest slot move=53",
    "wave 61 turn 1: progress enemyHp=[79:0/128,279:0/115] playerHp=[890:2065/2065,150:1725/1725]",
    "wave 61: reward shop owner=host leave",
    "wave 62 turn 1: replay guest crossed cmd:62:1 through real public COMMAND=opened",
    "wave 62: TRAINER (fixed)",
    "wave 62: host slot move=85 guest slot move=247",
    "wave 62 turn 1: guest SWITCH -> party[3]",
    "wave 62 turn 1: progress enemyHp=[687:0/140,545:143/143] playerHp=[890:2065/2065,384:1715/1715]",
    "wave 62 turn 2: replay guest crossed cmd:62:2 through real public COMMAND=opened",
    "wave 62: reward shop owner=guest leave",
    "wave 63 turn 1: replay guest crossed cmd:63:1 through real public COMMAND=opened",
    "wave 63: host slot move=53 guest slot move=34",
    "wave 63 turn 1: progress enemyHp=[419:0/142,80:0/148] playerHp=[890:2065/2065,384:1715/1715]",
    "wave 63: reward shop owner=host leave",
    "wave 64 turn 1: replay guest crossed cmd:64:1 through real public COMMAND=opened",
    "wave 64: TRAINER (fixed)",
    "wave 64 turn 1: host SWITCH -> party[2]",
    "wave 64: host slot move=247 guest slot move=53",
    "wave 64 turn 1: progress enemyHp=[663:139/139,695:0/130] playerHp=[493:1865/1865,384:1709/1715]",
    "wave 64 turn 2: replay guest crossed cmd:64:2 through real public COMMAND=opened",
    "wave 64: reward shop owner=guest take-nonparty",
    "wave 65 turn 1: replay guest crossed cmd:65:1 through real public COMMAND=opened",
    "wave 65: host slot move=34 guest slot move=53",
    "wave 65 turn 1: progress enemyHp=[120:0/86,964:0/155] playerHp=[493:1865/1865,384:1703/1715]",
    "wave 65: reward shop owner=host leave",
    "wave 66 turn 1: replay guest crossed cmd:66:1 through real public COMMAND=opened",
    "wave 66: TRAINER (fixed)",
    "wave 66: host slot move=85 guest slot move=247",
    "wave 66 turn 1: progress enemyHp=[407:0/127,707:0/153] playerHp=[493:1865/1865,384:1703/1715]",
    "wave 66 turn 2: replay guest crossed cmd:66:2 through real public COMMAND=opened",
    "wave 66 turn 3: replay guest crossed cmd:66:3 through real public COMMAND=opened",
    "wave 66: reward shop owner=guest leave",
    "wave 67 turn 1: replay guest crossed cmd:67:1 through real public COMMAND=opened",
    "wave 67: host slot move=53 guest slot move=34",
    "wave 67 turn 1: progress enemyHp=[129:0/83,321:0/226] playerHp=[493:1865/1865,384:1703/1715]",
    "wave 67: reward shop owner=host take-nonparty",
    "wave 68 turn 1: replay guest crossed cmd:68:1 through real public COMMAND=opened",
    "wave 68: host slot move=247 guest slot move=85",
    "wave 68 turn 1: progress enemyHp=[730:0/143,62:0/149] playerHp=[493:1865/1865,384:1703/1715]",
    "wave 68: reward shop owner=guest leave",
    "wave 69 turn 1: replay guest crossed cmd:69:1 through real public COMMAND=opened",
    "wave 69: host slot move=53 guest slot move=53",
    "wave 69 turn 1: progress enemyHp=[119:0/143,321:0/212] playerHp=[493:1865/1865,384:1703/1715]",
    "wave 69: reward shop owner=host leave",
    "wave 70 turn 1: replay guest crossed cmd:70:1 through real public COMMAND=opened",
    "wave 70: host slot move=85 guest slot move=247",
    "wave 70 turn 1: progress enemyHp=[516:0/189,230:0/172] playerHp=[493:1865/1865,384:1703/1715]",
    "wave 70: biome market owner=guest leave",
    "wave 70: drained 1 milestone reward continuation(s)",
    "wave 70: host chose Crossroads Leave through public UI",
    "wave 70: host drove World Map via public UI=true and both consumed 1827102401244469:0:BIOME_PICK:9700082",
    "wave 71 turn 1: replay guest crossed cmd:71:1 through real public COMMAND=opened",
    "wave 71: BIOME 6->10",
    "wave 71 turn 1: host SWITCH -> party[2]",
    "wave 71: host slot move=53 guest slot move=34",
    "wave 71 turn 1: progress enemyHp=[366:112/112,224:0/150] playerHp=[890:2065/2065,384:1715/1715]",
    "wave 71 turn 2: replay guest crossed cmd:71:2 through real public COMMAND=opened",
    "wave 71: reward shop owner=guest leave",
    "wave 72 turn 1: replay guest crossed cmd:72:1 through real public COMMAND=opened",
    "wave 72: host slot move=247 guest slot move=85",
    "wave 72 turn 1: progress enemyHp=[366:0/110,593:0/180] playerHp=[890:2065/2065,384:1715/1715]",
    "wave 72: reward shop owner=host take-nonparty",
    "wave 73 turn 1: replay guest crossed cmd:73:1 through real public COMMAND=opened",
    "wave 73: host slot move=34 guest slot move=53",
    "wave 73 turn 1: progress enemyHp=[847:0/128,976:0/177] playerHp=[890:2065/2065,384:1715/1715]",
    "wave 73: reward shop owner=guest take-nonparty",
    "wave 74 turn 1: replay guest crossed cmd:74:1 through real public COMMAND=opened",
    "wave 74: host slot move=85 guest slot move=247",
    "wave 74 turn 1: progress enemyHp=[224:0/158,550:0/140] playerHp=[890:2065/2065,384:1715/1715]",
    "wave 74: reward shop owner=host take-nonparty",
    "wave 75 turn 1: replay guest crossed cmd:75:1 through real public COMMAND=opened",
    "wave 75: host slot move=53 guest slot move=34",
    "wave 75 turn 1: progress enemyHp=[847:0/131,368:0/140] playerHp=[890:2065/2065,384:1715/1715]",
    "wave 75: reward shop owner=guest leave",
    "wave 75: drained 1 milestone reward continuation(s)",
    "wave 75: host chose Crossroads Leave through public UI",
    "wave 75: host drove World Map via public UI=true and both consumed 1827102401244469:0:BIOME_PICK:9700088",
    "wave 76 turn 1: replay guest crossed cmd:76:1 through real public COMMAND=opened",
    "wave 76: BIOME 10->13",
    "wave 76: host slot move=53 guest slot move=34",
    "wave 76 turn 1: progress enemyHp=[660:0/154,294:0/182] playerHp=[890:2065/2065,384:1715/1715]",
    "wave 76: reward shop owner=guest leave",
    "wave 77 turn 1: replay guest crossed cmd:77:1 through real public COMMAND=opened",
    "wave 77: host slot move=34 guest slot move=53",
    "wave 77 turn 1: progress enemyHp=[660:0/172,297:0/219] playerHp=[890:2065/2065,384:1715/1715]",
    "wave 77: reward shop owner=host take-nonparty",
    "wave 78 turn 1: replay guest crossed cmd:78:1 through real public COMMAND=opened",
    "wave 78: host slot move=85 guest slot move=53",
    "wave 78 turn 1: progress enemyHp=[297:0/227,660:0/178] playerHp=[890:2065/2065,384:1715/1715]",
    "wave 78: reward shop owner=guest take-nonparty",
    "wave 79 turn 1: replay guest crossed cmd:79:1 through real public COMMAND=opened",
    "wave 79: host slot move=247 guest slot move=34",
    "wave 79 turn 1: progress enemyHp=[75:1/140,970:173/173] playerHp=[890:2065/2065,384:1501/1715]",
    "wave 79 turn 2: replay guest crossed cmd:79:2 through real public COMMAND=opened",
    "wave 79 turn 3: replay guest crossed cmd:79:3 through real public COMMAND=opened",
    "wave 79 turn 4: replay guest crossed cmd:79:4 through real public COMMAND=opened",
    "wave 79 turn 4: guest SWITCH -> party[3]",
    "wave 79: reward shop owner=host leave",
    "wave 80 turn 1: replay guest crossed cmd:80:1 through real public COMMAND=opened",
    "wave 80: host slot move=247 guest slot move=85",
    "wave 80 turn 1: progress enemyHp=[768:0/158,480:0/158] playerHp=[890:2065/2065,150:1510/1725]",
    "wave 80: biome market owner=guest leave",
    "wave 80: drained 1 milestone reward continuation(s)",
    "wave 80: host chose Crossroads Leave through public UI",
    "wave 80: host drove World Map via public UI=true and both consumed 1827102401244469:0:BIOME_PICK:9700094",
    "wave 81 turn 1: replay guest crossed cmd:81:1 through real public COMMAND=opened",
    "wave 81: BIOME 13->12",
    "wave 81: host slot move=53 guest slot move=34",
    "wave 81 turn 1: progress enemyHp=[112:0/197,529:0/160] playerHp=[890:2065/2065,150:1618/1725]",
    "wave 81: reward shop owner=guest leave",
    "wave 82 turn 1: replay guest crossed cmd:82:1 through real public COMMAND=opened",
    "wave 82: host slot move=247 guest slot move=53",
    "wave 82 turn 1: progress enemyHp=[323:0/174,208:0/172] playerHp=[890:2065/2065,150:1511/1725]",
    "wave 82: reward shop owner=host take-nonparty",
    "wave 83 turn 1: replay guest crossed cmd:83:1 through real public COMMAND=opened",
    "wave 83: host slot move=34 guest slot move=34",
    "wave 83 turn 1: progress enemyHp=[28:0/189,208:0/175] playerHp=[890:2065/2065,150:1404/1725]",
    "wave 83: reward shop owner=guest take-nonparty",
    "wave 84 turn 1: replay guest crossed cmd:84:1 through real public COMMAND=opened",
    "wave 84: host slot move=53 guest slot move=247",
    "wave 84 turn 1: guest SWITCH -> party[3]",
    "wave 84 turn 1: progress enemyHp=[75:1/144,28:202/202] playerHp=[890:2065/2065,384:1608/1715]",
    "wave 84 turn 2: replay guest crossed cmd:84:2 through real public COMMAND=opened",
    "wave 84: reward shop owner=host leave",
    "wave 85 turn 1: replay guest crossed cmd:85:1 through real public COMMAND=opened",
    "wave 85: host slot move=247 guest slot move=53",
    "wave 85 turn 1: guest SWITCH -> party[3]",
    "wave 85 turn 1: progress enemyHp=[75:1/152,323:190/190] playerHp=[890:2065/2065,150:1590/1725]",
    "wave 85 turn 2: replay guest crossed cmd:85:2 through real public COMMAND=opened",
    "wave 85: reward shop owner=guest take-nonparty",
    "wave 85: host chose Crossroads Leave through public UI",
    "wave 85: host drove World Map via public UI=true and both consumed 1827102401244469:0:BIOME_PICK:9700100",
    "wave 86 turn 1: replay guest crossed cmd:86:1 through real public COMMAND=opened",
    "wave 86: BIOME 12->14",
    "wave 86: host slot move=34 guest slot move=34",
    "wave 86 turn 1: progress enemyHp=[450:0/211,553:0/196] playerHp=[890:2065/2065,150:1376/1725]",
    "wave 86: reward shop owner=guest take-nonparty",
    "wave 87 turn 1: replay guest crossed cmd:87:1 through real public COMMAND=opened",
    "wave 87: host slot move=53 guest slot move=85",
    "wave 87 turn 1: progress enemyHp=[452:0/175,947:0/158] playerHp=[890:2065/2065,150:1269/1725]",
    "wave 87: reward shop owner=host leave",
    "wave 87: drained 1 milestone reward continuation(s)",
    "wave 88 turn 1: replay guest crossed cmd:88:1 through real public COMMAND=opened",
    "wave 88: host slot move=247 guest slot move=85",
    "wave 88 turn 1: progress enemyHp=[332:0/183,555:0/218] playerHp=[890:2065/2065,150:1162/1725]",
    "wave 88: reward shop owner=guest leave",
    "wave 88: drained 1 milestone reward continuation(s)",
    "wave 89 turn 1: replay guest crossed cmd:89:1 through real public COMMAND=opened",
    "wave 89: host slot move=34 guest slot move=53",
    "wave 89 turn 1: progress enemyHp=[787:0/180,346:0/203] playerHp=[890:2065/2065,150:1162/1725]",
    "wave 89: reward shop owner=host leave",
    "wave 89: drained 1 milestone reward continuation(s)",
    "wave 90 turn 1: replay guest crossed cmd:90:1 through real public COMMAND=opened",
    "wave 90: TRAINER (random)",
    "wave 90: host slot move=85 guest slot move=247",
    "wave 90 turn 1: progress enemyHp=[703:45/176,248:0/238] playerHp=[890:2065/2065,150:1055/1725]",
    "wave 90 turn 2: replay guest crossed cmd:90:2 through real public COMMAND=opened",
    "wave 90 turn 3: replay guest crossed cmd:90:3 through real public COMMAND=opened",
    "wave 90 turn 3: host SWITCH -> party[2]",
    "wave 90 turn 4: replay guest crossed cmd:90:4 through real public COMMAND=opened",
    "wave 90: biome market owner=guest leave",
    "wave 90: drained 1 milestone reward continuation(s)",
    "wave 90: host chose Crossroads Leave through public UI",
    "wave 90: host drove World Map via public UI=true and both consumed 1827102401244469:0:BIOME_PICK:9700106",
    "wave 91 turn 1: replay guest crossed cmd:91:1 through real public COMMAND=opened",
    "wave 91: BIOME 14->22",
    "wave 91: host slot move=53 guest slot move=34",
    "wave 91 turn 1: progress enemyHp=[800:0/208,567:0/192] playerHp=[493:1865/1865,150:1725/1725]",
    "wave 91: reward shop owner=guest leave",
    "wave 91: drained 1 milestone reward continuation(s)",
    "wave 92 turn 1: replay guest crossed cmd:92:1 through real public COMMAND=opened",
    "wave 92: host slot move=247 guest slot move=85",
    "wave 92 turn 1: progress enemyHp=[1016:0/192,201:0/170] playerHp=[493:1865/1865,150:1725/1725]",
    "wave 92: reward shop owner=host leave",
    "wave 92: drained 1 milestone reward continuation(s)",
    "wave 93 turn 1: replay guest crossed cmd:93:1 through real public COMMAND=opened",
    "wave 93: host slot move=34 guest slot move=53",
    "wave 93 turn 1: progress enemyHp=[65:0/159,325:0/168] playerHp=[493:1865/1865,150:1725/1725]",
    "wave 93: reward shop owner=guest take-nonparty",
    "wave 94 turn 1: replay guest crossed cmd:94:1 through real public COMMAND=opened",
    "wave 94 turn 1: host SWITCH -> party[2]",
    "wave 94: host slot move=85 guest slot move=53",
    "wave 94 turn 1: progress enemyHp=[97:237/237,344:0/196] playerHp=[890:2065/2065,150:1725/1725]",
    "wave 94 turn 2: replay guest crossed cmd:94:2 through real public COMMAND=opened",
    "wave 94: reward shop owner=host leave",
    "wave 95 turn 1: replay guest crossed cmd:95:1 through real public COMMAND=opened",
    "wave 95: TRAINER (fixed)",
    "wave 95: host slot move=53 guest slot move=34",
    "wave 95 turn 1: progress enemyHp=[395:0/249,18:0/238] playerHp=[890:2065/2065,150:1725/1725]",
    "wave 95 turn 2: replay guest crossed cmd:95:2 through real public COMMAND=opened",
    "wave 95 turn 3: replay guest crossed cmd:95:3 through real public COMMAND=opened",
    "wave 95 turn 3: guest SWITCH -> party[3]",
    "wave 95: reward shop owner=guest leave",
    "wave 95: host chose Crossroads Leave through public UI",
    "wave 95: host drove World Map via public UI=true and both consumed 1827102401244469:0:BIOME_PICK:9700112",
    "wave 96 turn 1: replay guest crossed cmd:96:1 through real public COMMAND=opened",
    "wave 96: BIOME 22->11",
    "wave 96 turn 1: host SWITCH -> party[2]",
    "wave 96: host slot move=53 guest slot move=85",
    "wave 96 turn 1: progress enemyHp=[112:235/235,673:285/285] playerHp=[493:1865/1865,384:1708/1715]",
    "wave 96 turn 2: replay guest crossed cmd:96:2 through real public COMMAND=opened",
    "wave 96: reward shop owner=guest leave",
    "wave 97 turn 1: replay guest crossed cmd:97:1 through real public COMMAND=opened",
    "wave 97: host slot move=34 guest slot move=53",
    "wave 97 turn 1: guest SWITCH -> party[3]",
    "wave 97 turn 1: progress enemyHp=[673:0/262,673:277/277] playerHp=[493:1865/1865,150:1712/1725]",
    "wave 97 turn 2: replay guest crossed cmd:97:2 through real public COMMAND=opened",
    "wave 97: reward shop owner=host take-nonparty",
    "wave 98 turn 1: replay guest crossed cmd:98:1 through real public COMMAND=opened",
    "wave 98: host slot move=85 guest slot move=34",
    "wave 98 turn 1: progress enemyHp=[673:0/266,21:0/161] playerHp=[493:1865/1865,150:1712/1725]",
    "wave 98: reward shop owner=guest leave",
    "wave 99 turn 1: replay guest crossed cmd:99:1 through real public COMMAND=opened",
    "wave 99: host slot move=85 guest slot move=53",
    "wave 99 turn 1: progress enemyHp=[21:0/161,112:0/258] playerHp=[493:1865/1865,150:1712/1725]",
    "wave 99: reward shop owner=host take-nonparty",
    "wave 100 turn 1: replay guest crossed cmd:100:1 through real public COMMAND=opened",
    "wave 100 turn 1: host SWITCH -> party[2]",
    "wave 100: host slot move=247 guest slot move=85",
    "wave 100 turn 1: progress enemyHp=[306:207/207,673:0/326] playerHp=[890:2065/2065,150:1690/1725]",
    "wave 100 turn 2: replay guest crossed cmd:100:2 through real public COMMAND=opened",
    "wave 100: biome market owner=guest leave",
    "wave 100: drained 1 milestone reward continuation(s)",
    "wave 100: host chose Crossroads Leave through public UI",
    "wave 100: host drove World Map via public UI=true and both consumed 1827102401244469:0:BIOME_PICK:9700118",
    "wave 101 turn 1: replay guest crossed cmd:101:1 through real public COMMAND=opened",
    "wave 101: BIOME 11->18",
    "wave 101: host slot move=247 guest slot move=53",
    "wave 101 turn 1: progress enemyHp=[323:0/243,325:0/195] playerHp=[890:2065/2065,150:1725/1725]",
    "wave 101: reward shop owner=guest leave",
    "wave 102 turn 1: replay guest crossed cmd:102:1 through real public COMMAND=opened",
    "wave 102: host slot move=85 guest slot move=247",
    "wave 102 turn 1: progress enemyHp=[78:0/223,757:0/173] playerHp=[890:2065/2065,150:1725/1725]",
    "wave 102: reward shop owner=host leave",
    "wave 103 turn 1: replay guest crossed cmd:103:1 through real public COMMAND=opened",
    "wave 103 turn 1: host SWITCH -> party[2]",
    "wave 103: host slot move=53 guest slot move=34",
    "wave 103 turn 1: progress enemyHp=[839:269/269,59:0/252] playerHp=[493:1827/1865,150:1725/1725]",
    "wave 103 turn 2: replay guest crossed cmd:103:2 through real public COMMAND=opened",
    "wave 103: reward shop owner=guest leave",
    "wave 103: drained 1 milestone reward continuation(s)",
    "wave 104 turn 1: replay guest crossed cmd:104:1 through real public COMMAND=opened",
    "wave 104: host slot move=247 guest slot move=85",
    "wave 104 turn 1: progress enemyHp=[655:0/209,334:0/209] playerHp=[493:1827/1865,150:1725/1725]",
    "wave 104: reward shop owner=host leave",
    "wave 105 turn 1: replay guest crossed cmd:105:1 through real public COMMAND=opened",
    "wave 105: host slot move=34 guest slot move=53",
    "wave 105 turn 1: guest SWITCH -> party[3]",
    "wave 105 turn 1: progress enemyHp=[323:0/258,323:252/252] playerHp=[493:1811/1865,384:1705/1715]",
    "wave 105 turn 2: replay guest crossed cmd:105:2 through real public COMMAND=opened",
    "wave 105: reward shop owner=guest leave",
    "wave 105: drained 1 milestone reward continuation(s)",
    "wave 105: host chose Crossroads Leave through public UI",
    "wave 105: host drove World Map via public UI=true and both consumed 1827102401244469:0:BIOME_PICK:9700124",
    "wave 106 turn 1: replay guest crossed cmd:106:1 through real public COMMAND=opened",
    "wave 106: BIOME 18->8",
    "wave 106: host slot move=85 guest slot move=247",
    "wave 106 turn 1: progress enemyHp=[748:229/229,689:0/230] playerHp=[493:1811/1865,384:1705/1715]",
    "wave 106 turn 2: replay guest crossed cmd:106:2 through real public COMMAND=opened",
    "wave 106: reward shop owner=guest take-nonparty",
    "wave 107 turn 1: replay guest crossed cmd:107:1 through real public COMMAND=opened",
    "wave 107: host slot move=53 guest slot move=34",
    "wave 107 turn 1: progress enemyHp=[341:0/177,558:1/210] playerHp=[493:1811/1865,384:1705/1715]",
    "wave 107 turn 2: replay guest crossed cmd:107:2 through real public COMMAND=opened",
    "wave 107: reward shop owner=host take-nonparty",
    "wave 108 turn 1: replay guest crossed cmd:108:1 through real public COMMAND=opened",
    "wave 108: host slot move=247 guest slot move=85",
    "wave 108 turn 1: progress enemyHp=[748:231/231,341:0/172] playerHp=[493:1811/1865,384:1705/1715]",
    "wave 108 turn 2: replay guest crossed cmd:108:2 through real public COMMAND=opened",
    "wave 108: reward shop owner=guest leave",
    "wave 109 turn 1: replay guest crossed cmd:109:1 through real public COMMAND=opened",
    "wave 109: host slot move=34 guest slot move=53",
    "wave 109 turn 1: progress enemyHp=[914:256/256,748:237/237] playerHp=[493:1811/1865,384:1705/1715]",
    "wave 109 turn 2: replay guest crossed cmd:109:2 through real public COMMAND=opened",
    "wave 109: reward shop owner=host take-nonparty",
    "wave 110 turn 1: replay guest crossed cmd:110:1 through real public COMMAND=opened",
    "wave 110: host slot move=85 guest slot move=247",
    "wave 110 turn 1: progress enemyHp=[121:0/225,565:0/241] playerHp=[493:1811/1865,384:1705/1715]",
    "wave 110: biome market owner=guest leave",
    "wave 110: drained 1 milestone reward continuation(s)",
    "wave 110: host chose Crossroads Leave through public UI",
    "wave 110: host drove World Map via public UI=true and both consumed 1827102401244469:0:BIOME_PICK:9700130",
    "wave 111 turn 1: replay guest crossed cmd:111:1 through real public COMMAND=opened",
    "wave 111: BIOME 8->6",
    "wave 111 turn 1: host SWITCH -> party[2]",
    "wave 111: host slot move=53 guest slot move=34",
    "wave 111 turn 1: progress enemyHp=[321:384/384,845:0/248] playerHp=[890:2065/2065,384:1715/1715]",
    "wave 111 turn 2: replay guest crossed cmd:111:2 through real public COMMAND=opened",
    "wave 111: reward shop owner=guest take-nonparty",
    "wave 112 turn 1: replay guest crossed cmd:112:1 through real public COMMAND=opened",
    "wave 112: TRAINER (fixed)",
    "wave 112: host slot move=247 guest slot move=85",
    "wave 112 turn 1: progress enemyHp=[10009:0/256,828:0/256] playerHp=[890:2065/2065,384:1707/1715]",
    "wave 112 turn 2: replay guest crossed cmd:112:2 through real public COMMAND=opened",
    "wave 112 turn 3: replay guest crossed cmd:112:3 through real public COMMAND=opened",
    "wave 112 turn 3: guest SWITCH -> party[3]",
    "wave 112 turn 4: replay guest crossed cmd:112:4 through real public COMMAND=opened",
    "wave 112: reward shop owner=host take-nonparty",
    "wave 113 turn 1: replay guest crossed cmd:113:1 through real public COMMAND=opened",
    "wave 113: host slot move=34 guest slot move=53",
    "wave 113 turn 1: progress enemyHp=[395:0/258,80:0/276] playerHp=[890:2065/2065,150:1674/1725]",
    "wave 113: reward shop owner=guest take-nonparty",
    "wave 114 turn 1: replay guest crossed cmd:114:1 through real public COMMAND=opened",
    "wave 114: TRAINER (fixed)",
    "wave 114: host slot move=85 guest slot move=247",
    "wave 114 turn 1: progress enemyHp=[678:0/288,689:0/265] playerHp=[890:2065/2065,150:1674/1725]",
    "wave 114 turn 2: replay guest crossed cmd:114:2 through real public COMMAND=opened",
    "wave 114 turn 3: replay guest crossed cmd:114:3 through real public COMMAND=opened",
    "wave 114 turn 3: guest SWITCH -> party[3]",
    "wave 114 turn 4: replay guest crossed cmd:114:4 through real public COMMAND=opened",
    "wave 114: reward shop owner=host take-nonparty",
    "wave 115 turn 1: replay guest crossed cmd:115:1 through real public COMMAND=opened",
    "wave 115: TRAINER (fixed)",
    "wave 115: host slot move=53 guest slot move=34",
    "wave 115 turn 1: progress enemyHp=[620:0/260,430:0/321] playerHp=[890:2065/2065,384:1715/1715]",
    "wave 115 turn 2: replay guest crossed cmd:115:2 through real public COMMAND=opened",
    "wave 115 turn 3: replay guest crossed cmd:115:3 through real public COMMAND=opened",
    "wave 115: reward shop owner=guest take-nonparty",
    "wave 115: host chose Crossroads Leave through public UI",
    "wave 115: host drove World Map via public UI=true and both consumed 1827102401244469:0:BIOME_PICK:9700136",
    "wave 116 turn 1: replay guest crossed cmd:116:1 through real public COMMAND=opened",
    "wave 116: BIOME 6->10",
    "wave 116: host slot move=247 guest slot move=34",
    "wave 116 turn 1: progress enemyHp=[593:0/310,171:0/356] playerHp=[890:2065/2065,384:1715/1715]",
    "wave 116: reward shop owner=guest take-nonparty",
    "wave 117 turn 1: replay guest crossed cmd:117:1 through real public COMMAND=opened",
    "wave 117 turn 1: host SWITCH -> party[2]",
    "wave 117: host slot move=34 guest slot move=53",
    "wave 117 turn 1: progress enemyHp=[691:271/271,224:0/265] playerHp=[493:1865/1865,384:1697/1715]",
    "wave 117 turn 2: replay guest crossed cmd:117:2 through real public COMMAND=opened",
    "wave 117 turn 2: host SWITCH -> party[2]",
    "wave 117 turn 2: guest SWITCH -> party[3]",
    "wave 117 turn 3: replay guest crossed cmd:117:3 through real public COMMAND=opened",
    "wave 117: reward shop owner=host take-nonparty",
    "wave 118 turn 1: replay guest crossed cmd:118:1 through real public COMMAND=opened",
    "wave 118: host slot move=85 guest slot move=247",
    "wave 118 turn 1: progress enemyHp=[976:0/311,550:0/264] playerHp=[890:2065/2065,150:1696/1725]",
    "wave 118: reward shop owner=guest take-nonparty",
    "wave 119 turn 1: replay guest crossed cmd:119:1 through real public COMMAND=opened",
    "wave 119: host slot move=53 guest slot move=34",
    "wave 119 turn 1: progress enemyHp=[976:0/304,224:0/246] playerHp=[890:2065/2065,150:1696/1725]",
    "wave 119: reward shop owner=host take-nonparty",
    "wave 120 turn 1: replay guest crossed cmd:120:1 through real public COMMAND=opened",
    "wave 120: TRAINER (random)",
    "wave 120: host slot move=247 guest slot move=85",
    "wave 120 turn 1: progress enemyHp=[199:0/345,184:0/337] playerHp=[890:2065/2065,150:1696/1725]",
    "wave 120 turn 2: replay guest crossed cmd:120:2 through real public COMMAND=opened",
    "wave 120 turn 3: replay guest crossed cmd:120:3 through real public COMMAND=opened",
    "wave 120 turn 3: guest SWITCH -> party[3]",
    "wave 120 turn 4: replay guest crossed cmd:120:4 through real public COMMAND=opened",
    "wave 120: biome market owner=guest leave",
    "wave 120: drained 1 milestone reward continuation(s)",
    "wave 120: host chose Crossroads Leave through public UI",
    "wave 120: host drove World Map via public UI=true and both consumed 1827102401244469:0:BIOME_PICK:9700142",
    "wave 121 turn 1: replay guest crossed cmd:121:1 through real public COMMAND=opened",
    "wave 121: BIOME 10->13",
    "wave 121 turn 1: host SWITCH -> party[2]",
    "wave 121: host slot move=85 guest slot move=53",
    "wave 121 turn 1: progress enemyHp=[295:377/377,528:0/256] playerHp=[493:1865/1865,384:1715/1715]",
    "wave 121 turn 2: replay guest crossed cmd:121:2 through real public COMMAND=opened",
    "wave 121: reward shop owner=guest take-nonparty",
    "wave 122 turn 1: replay guest crossed cmd:122:1 through real public COMMAND=opened",
    "wave 122: host slot move=85 guest slot move=247",
    "wave 122 turn 1: progress enemyHp=[169:0/301,526:74/295] playerHp=[493:1865/1865,384:1715/1715]",
    "wave 122 turn 2: replay guest crossed cmd:122:2 through real public COMMAND=opened",
    "wave 122: reward shop owner=host leave",
    "wave 122: drained 1 milestone reward continuation(s)",
    "wave 123 turn 1: replay guest crossed cmd:123:1 through real public COMMAND=opened",
    "wave 123 turn 1: host SWITCH -> party[2]",
    "wave 123: host slot move=53 guest slot move=34",
    "wave 123 turn 1: progress enemyHp=[95:263/263,169:0/286] playerHp=[890:2065/2065,384:1715/1715]",
    "wave 123 turn 2: replay guest crossed cmd:123:2 through real public COMMAND=opened",
    "wave 123: reward shop owner=guest leave",
    "wave 124 turn 1: replay guest crossed cmd:124:1 through real public COMMAND=opened",
    "wave 124: TRAINER (random)",
    "wave 124: host slot move=53 guest slot move=85",
    "wave 124 turn 1: progress enemyHp=[10658:163/351,558:1/262] playerHp=[890:2065/2065,384:1715/1715]",
    "wave 124 turn 2: replay guest crossed cmd:124:2 through real public COMMAND=opened",
    "wave 124 turn 3: replay guest crossed cmd:124:3 through real public COMMAND=opened",
    "wave 124: reward shop owner=host leave",
    "wave 125 turn 1: replay guest crossed cmd:125:1 through real public COMMAND=opened",
    "wave 125: host slot move=53 guest slot move=53",
    "wave 125 turn 1: guest SWITCH -> party[3]",
    "wave 125 turn 1: progress enemyHp=[208:0/291,528:269/269] playerHp=[890:2065/2065,150:1714/1725]",
    "wave 125 turn 2: replay guest crossed cmd:125:2 through real public COMMAND=opened",
    "wave 125: reward shop owner=guest leave",
    "wave 125: drained 1 milestone reward continuation(s)",
    "wave 125: host chose Crossroads Leave through public UI",
    "wave 125: host drove World Map via public UI=true and both consumed 1827102401244469:0:BIOME_PICK:9700148",
    "wave 126 turn 1: replay guest crossed cmd:126:1 through real public COMMAND=opened",
    "wave 126: BIOME 13->12",
    "wave 126: host slot move=34 guest slot move=53",
    "wave 126 turn 1: guest SWITCH -> party[3]",
    "wave 126 turn 1: progress enemyHp=[208:160/285,530:300/325] playerHp=[890:2013/2065,384:1578/1715]",
    "wave 126 turn 2: replay guest crossed cmd:126:2 through real public COMMAND=opened",
    "wave 126 turn 2: guest SWITCH -> party[3]",
    "wave 126 turn 3: replay guest crossed cmd:126:3 through real public COMMAND=opened",
    "wave 126: reward shop owner=guest leave",
    "wave 126: drained 1 milestone reward continuation(s)",
    "wave 127 turn 1: replay guest crossed cmd:127:1 through real public COMMAND=opened",
    "wave 127: host slot move=53 guest slot move=53",
    "wave 127 turn 1: progress enemyHp=[879:0/358,105:0/299] playerHp=[890:1951/2065,150:1342/1725]",
    "wave 127: reward shop owner=host leave",
    "wave 127: drained 1 milestone reward continuation(s)",
    "wave 128 turn 1: replay guest crossed cmd:128:1 through real public COMMAND=opened",
    "wave 128: host slot move=53 guest slot move=34",
    "wave 128 turn 1: progress enemyHp=[1013:0/288,208:150/268] playerHp=[890:1951/2065,150:1203/1725]",
    "wave 128 turn 2: replay guest crossed cmd:128:2 through real public COMMAND=opened",
    "wave 128: reward shop owner=guest leave",
    "wave 128: drained 1 milestone reward continuation(s)",
    "wave 129 turn 1: replay guest crossed cmd:129:1 through real public COMMAND=opened",
    "wave 129: host slot move=53 guest slot move=34",
    "wave 129 turn 1: guest SWITCH -> party[3]",
    "wave 129 turn 1: progress enemyHp=[750:0/371,472:288/288] playerHp=[890:1951/2065,384:1579/1715]",
    "wave 129 turn 2: replay guest crossed cmd:129:2 through real public COMMAND=opened",
    "wave 129 turn 2: host SWITCH -> party[2]",
    "wave 129: reward shop owner=host leave",
    "wave 129: drained 1 milestone reward continuation(s)",
    "wave 130 turn 1: replay guest crossed cmd:130:1 through real public COMMAND=opened",
    "wave 130: host slot move=247 guest slot move=34",
    "wave 130 turn 1: progress enemyHp=[105:0/310,530:0/382] playerHp=[493:1749/1865,384:1258/1715]",
    "wave 130: biome market owner=guest leave",
    "wave 130: drained 1 milestone reward continuation(s)",
    "wave 130: host chose Crossroads Leave through public UI",
    "wave 130: host drove World Map via public UI=true and both consumed 1827102401244469:0:BIOME_PICK:9700154",
    "wave 131 turn 1: replay guest crossed cmd:131:1 through real public COMMAND=opened",
    "wave 131: BIOME 12->14",
    "wave 131: host slot move=34 guest slot move=34",
    "wave 131 turn 1: progress enemyHp=[844:0/285,954:0/274] playerHp=[493:1749/1865,384:1608/1715]",
    "wave 131: reward shop owner=guest take-nonparty",
    "wave 132 turn 1: replay guest crossed cmd:132:1 through real public COMMAND=opened",
    "wave 132: host slot move=247 guest slot move=53",
    "wave 132 turn 1: progress enemyHp=[954:0/288,947:0/268] playerHp=[493:1633/1865,384:1501/1715]",
    "wave 132: reward shop owner=host take-nonparty",
    "wave 133 turn 1: replay guest crossed cmd:133:1 through real public COMMAND=opened",
    "wave 133 turn 1: host SWITCH -> party[2]",
    "wave 133: host slot move=53 guest slot move=53",
    "wave 133 turn 1: progress enemyHp=[844:307/307,28:0/343] playerHp=[890:2065/2065,384:1394/1715]",
    "wave 133 turn 2: replay guest crossed cmd:133:2 through real public COMMAND=opened",
    "wave 133 turn 2: host SWITCH -> party[2]",
    "wave 133: reward shop owner=guest leave",
    "wave 134 turn 1: replay guest crossed cmd:134:1 through real public COMMAND=opened",
    "wave 134: host slot move=53 guest slot move=247",
    "wave 134 turn 1: progress enemyHp=[323:0/321,28:0/321] playerHp=[493:1633/1865,384:1180/1715]",
    "wave 134: reward shop owner=host take-nonparty",
    "wave 135 turn 1: replay guest crossed cmd:135:1 through real public COMMAND=opened",
    "wave 135 turn 1: host SWITCH -> party[2]",
    "wave 135: host slot move=53 guest slot move=34",
    "wave 135 turn 1: guest SWITCH -> party[3]",
    "wave 135 turn 1: progress enemyHp=[954:275/293,28:353/353] playerHp=[890:2065/2065,150:1618/1725]",
    "wave 135 turn 2: replay guest crossed cmd:135:2 through real public COMMAND=opened",
    "wave 135: reward shop owner=guest take-nonparty",
    "wave 135: host chose Crossroads Leave through public UI",
    "wave 135: host drove World Map via public UI=true and both consumed 1827102401244469:0:BIOME_PICK:9700160",
    "wave 136 turn 1: replay guest crossed cmd:136:1 through real public COMMAND=opened",
    "wave 136: BIOME 14->22",
    "wave 136: host slot move=247 guest slot move=85",
    "wave 136 turn 1: progress enemyHp=[178:0/322,201:0/261] playerHp=[890:2065/2065,150:1511/1725]",
    "wave 136: reward shop owner=guest take-nonparty",
    "wave 137 turn 1: replay guest crossed cmd:137:1 through real public COMMAND=opened",
    "wave 137: TRAINER (random)",
    "wave 137: host slot move=34 guest slot move=85",
    "wave 137 turn 1: progress enemyHp=[10757:1/400,947:0/323] playerHp=[890:2065/2065,150:1488/1725]",
    "wave 137 turn 2: replay guest crossed cmd:137:2 through real public COMMAND=opened",
    "wave 137: reward shop owner=host leave",
    "wave 138 turn 1: replay guest crossed cmd:138:1 through real public COMMAND=opened",
    "wave 138: host slot move=85 guest slot move=247",
    "wave 138 turn 1: progress enemyHp=[567:0/307,178:0/325] playerHp=[890:2065/2065,150:1463/1725]",
    "wave 138: reward shop owner=guest leave",
    "wave 139 turn 1: replay guest crossed cmd:139:1 through real public COMMAND=opened",
    "wave 139: host slot move=53 guest slot move=34",
    "wave 139 turn 1: progress enemyHp=[65:0/260,97:0/359] playerHp=[890:2065/2065,150:1463/1725]",
    "wave 139: reward shop owner=host leave",
    "wave 140 turn 1: replay guest crossed cmd:140:1 through real public COMMAND=opened",
    "wave 140: host slot move=247 guest slot move=85",
    "wave 140 turn 1: progress enemyHp=[326:0/367,606:0/364] playerHp=[890:1911/2065,150:1403/1725]",
    "wave 140: biome market owner=guest leave",
    "wave 140: drained 1 milestone reward continuation(s)",
    "wave 140: host chose Crossroads Leave through public UI",
    "wave 140: host drove World Map via public UI=true and both consumed 1827102401244469:0:BIOME_PICK:9700166",
    "wave 141 turn 1: replay guest crossed cmd:141:1 through real public COMMAND=opened",
    "wave 141: BIOME 22->11",
    "wave 141: host slot move=53 guest slot move=53",
    "wave 141 turn 1: progress enemyHp=[277:288/288,701:0/322] playerHp=[890:2065/2065,150:1725/1725]",
    "wave 141 turn 2: replay guest crossed cmd:141:2 through real public COMMAND=opened",
    "wave 141: reward shop owner=guest leave",
    "wave 142 turn 1: replay guest crossed cmd:142:1 through real public COMMAND=opened",
    "wave 142: host slot move=34 guest slot move=53",
    "wave 142 turn 1: progress enemyHp=[277:301/301,398:0/356] playerHp=[890:2065/2065,150:1725/1725]",
    "wave 142 turn 2: replay guest crossed cmd:142:2 through real public COMMAND=opened",
    "wave 142: reward shop owner=host take-nonparty",
    "wave 143 turn 1: replay guest crossed cmd:143:1 through real public COMMAND=opened",
    "wave 143: host slot move=85 guest slot move=85",
    "wave 143 turn 1: guest SWITCH -> party[3]",
    "wave 143 turn 1: progress enemyHp=[21:0/246,398:359/359] playerHp=[890:2065/2065,384:1707/1715]",
    "wave 143 turn 2: replay guest crossed cmd:143:2 through real public COMMAND=opened",
    "wave 143: reward shop owner=guest take-nonparty",
    "wave 144 turn 1: replay guest crossed cmd:144:1 through real public COMMAND=opened",
    "wave 144: host slot move=53 guest slot move=85",
    "wave 144 turn 1: guest SWITCH -> party[3]",
    "wave 144 turn 1: progress enemyHp=[21:0/246,257:347/347] playerHp=[890:2065/2065,150:1696/1725]",
    "wave 144 turn 2: replay guest crossed cmd:144:2 through real public COMMAND=opened",
    "wave 144: reward shop owner=host take-nonparty",
    "wave 145 turn 1: replay guest crossed cmd:145:1 through real public COMMAND=opened",
    "wave 145: TRAINER (fixed)",
    "wave 145: host slot move=34 guest slot move=34",
    "wave 145 turn 1: progress enemyHp=[395:0/416,18:0/387] playerHp=[890:2065/2065,150:1696/1725]",
    "wave 145 turn 2: replay guest crossed cmd:145:2 through real public COMMAND=opened",
    "wave 145 turn 3: replay guest crossed cmd:145:3 through real public COMMAND=opened",
    "wave 145: reward shop owner=guest leave",
    "wave 145: drained 1 milestone reward continuation(s)",
    "wave 145: host chose Crossroads Leave through public UI",
    "wave 145: host drove World Map via public UI=true and both consumed 1827102401244469:0:BIOME_PICK:9700172",
    "wave 146 turn 1: replay guest crossed cmd:146:1 through real public COMMAND=opened",
    "wave 146: BIOME 11->18",
    "wave 146: host slot move=85 guest slot move=247",
    "wave 146 turn 1: progress enemyHp=[261:0/245,218:0/265] playerHp=[890:2065/2065,150:1696/1725]",
    "wave 146: reward shop owner=guest leave",
    "wave 147 turn 1: replay guest crossed cmd:147:1 through real public COMMAND=opened",
    "wave 147: host slot move=247 guest slot move=34",
    "wave 147 turn 1: progress enemyHp=[38:0/314,2050:0/189] playerHp=[890:2065/2065,150:1696/1725]",
    "wave 147: reward shop owner=host take-nonparty",
    "wave 148 turn 1: replay guest crossed cmd:148:1 through real public COMMAND=opened",
    "wave 148: host slot move=247 guest slot move=85",
    "wave 148 turn 1: progress enemyHp=[937:0/330,815:0/347] playerHp=[890:2065/2065,150:1696/1725]",
    "wave 148: reward shop owner=guest leave",
    "wave 149 turn 1: replay guest crossed cmd:149:1 through real public COMMAND=opened",
    "wave 149: host slot move=34 guest slot move=53",
    "wave 149 turn 1: progress enemyHp=[467:0/355,776:0/301] playerHp=[890:2065/2065,150:1696/1725]",
    "wave 149: reward shop owner=host leave",
    "wave 149: drained 1 milestone reward continuation(s)",
    "wave 150 turn 1: replay guest crossed cmd:150:1 through real public COMMAND=opened",
    "wave 150: TRAINER (random)",
    "wave 150: host slot move=85 guest slot move=34",
    "wave 150 turn 1: progress enemyHp=[78:0/407,10142:0/473] playerHp=[890:2065/2065,150:1696/1725]",
    "wave 150 turn 2: replay guest crossed cmd:150:2 through real public COMMAND=opened",
    "wave 150 turn 3: replay guest crossed cmd:150:3 through real public COMMAND=opened",
    "wave 150: biome market owner=guest leave",
    "wave 150: drained 1 milestone reward continuation(s)",
    "wave 150: host drove World Map via public UI=true and both consumed 1827102401244469:0:BIOME_PICK:9700178",
    "wave 151 turn 1: replay guest crossed cmd:151:1 through real public COMMAND=opened",
    "wave 151: BIOME 18->8",
    "wave 151 turn 1: host SWITCH -> party[2]",
    "wave 151: host slot move=53 guest slot move=34",
    "wave 151 turn 1: progress enemyHp=[121:313/313,914:0/392] playerHp=[493:1865/1865,150:1705/1725]",
    "wave 151 turn 2: replay guest crossed cmd:151:2 through real public COMMAND=opened",
    "wave 151: reward shop owner=guest take-nonparty",
    "wave 152 turn 1: replay guest crossed cmd:152:1 through real public COMMAND=opened",
    "wave 152: host slot move=247 guest slot move=85",
    "wave 152 turn 1: progress enemyHp=[960:0/209,341:0/272] playerHp=[493:1865/1865,150:1705/1725]",
    "wave 152: reward shop owner=host leave",
    "wave 153 turn 1: replay guest crossed cmd:153:1 through real public COMMAND=opened",
    "wave 153: host slot move=34 guest slot move=53",
    "wave 153 turn 1: progress enemyHp=[341:0/268,99:0/344] playerHp=[493:1865/1865,150:1705/1725]",
    "wave 153: reward shop owner=guest take-nonparty",
    "wave 154 turn 1: replay guest crossed cmd:154:1 through real public COMMAND=opened",
    "wave 154: host slot move=85 guest slot move=247",
    "wave 154 turn 1: progress enemyHp=[748:338/338,914:0/386] playerHp=[493:1865/1865,150:1705/1725]",
    "wave 154 turn 2: replay guest crossed cmd:154:2 through real public COMMAND=opened",
    "wave 154: reward shop owner=host leave",
    "wave 155 turn 1: replay guest crossed cmd:155:1 through real public COMMAND=opened",
    "wave 155: host slot move=53 guest slot move=34",
    "wave 155 turn 1: progress enemyHp=[414:0/317,558:1/329] playerHp=[493:1865/1865,150:1705/1725]",
    "wave 155 turn 2: replay guest crossed cmd:155:2 through real public COMMAND=opened",
    "wave 155: reward shop owner=guest leave",
    "wave 156 turn 1: replay guest crossed cmd:156:1 through real public COMMAND=opened",
    "wave 156: host slot move=247 guest slot move=85",
    "wave 156 turn 1: progress enemyHp=[689:0/340,689:0/370] playerHp=[493:1865/1865,150:1705/1725]",
    "wave 156: reward shop owner=host leave",
    "wave 157 turn 1: replay guest crossed cmd:157:1 through real public COMMAND=opened",
    "wave 157: host slot move=34 guest slot move=53",
    "wave 157 turn 1: progress enemyHp=[748:358/358,692:0/340] playerHp=[493:1749/1865,150:1705/1725]",
    "wave 157 turn 2: replay guest crossed cmd:157:2 through real public COMMAND=opened",
    "wave 157 turn 2: host SWITCH -> party[2]",
    "wave 157: reward shop owner=guest take-nonparty",
    "wave 158 turn 1: replay guest crossed cmd:158:1 through real public COMMAND=opened",
    "wave 158: host slot move=85 guest slot move=247",
    "wave 158 turn 1: progress enemyHp=[341:0/289,914:0/413] playerHp=[890:2065/2065,150:1705/1725]",
    "wave 158: reward shop owner=host take-nonparty",
    "wave 159 turn 1: replay guest crossed cmd:159:1 through real public COMMAND=opened",
    "wave 159: host slot move=53 guest slot move=34",
    "wave 159 turn 1: progress enemyHp=[960:0/222,914:0/377] playerHp=[890:2065/2065,150:1705/1725]",
    "wave 159: reward shop owner=guest take-nonparty",
    "wave 160 turn 1: replay guest crossed cmd:160:1 through real public COMMAND=opened",
    "wave 160 turn 1: host SWITCH -> party[2]",
    "wave 160: host slot move=247 guest slot move=85",
    "wave 160 turn 1: progress enemyHp=[488:559/559,99:0/439] playerHp=[493:1749/1865,150:1686/1725]",
    "wave 160 turn 2: replay guest crossed cmd:160:2 through real public COMMAND=opened",
    "wave 160: biome market owner=host leave",
    "wave 160: drained 1 milestone reward continuation(s)",
    "wave 160: guest drove World Map via public UI=true and both consumed 1827102401244469:1:BIOME_PICK:9700189",
    "wave 161 turn 1: replay guest crossed cmd:161:1 through real public COMMAND=opened",
    "wave 161: BIOME 8->6",
    "wave 161: host slot move=34 guest slot move=53",
    "wave 161 turn 1: progress enemyHp=[456:0/319,321:113/587] playerHp=[493:1865/1865,150:1725/1725]",
    "wave 161 turn 2: replay guest crossed cmd:161:2 through real public COMMAND=opened",
    "wave 161: reward shop owner=host leave",
    "wave 162 turn 1: replay guest crossed cmd:162:1 through real public COMMAND=opened",
    "wave 162: host slot move=85 guest slot move=247",
    "wave 162 turn 1: progress enemyHp=[72:0/290,80:0/414] playerHp=[493:1865/1865,150:1725/1725]",
    "wave 162: reward shop owner=guest leave",
    "wave 163 turn 1: replay guest crossed cmd:163:1 through real public COMMAND=opened",
    "wave 163: host slot move=53 guest slot move=34",
    "wave 163 turn 1: progress enemyHp=[456:0/328,321:0/636] playerHp=[493:1865/1865,150:1725/1725]",
    "wave 163: reward shop owner=host leave",
    "wave 164 turn 1: replay guest crossed cmd:164:1 through real public COMMAND=opened",
    "wave 164: TRAINER (fixed)",
    "wave 164 turn 1: host SWITCH -> party[2]",
    "wave 164: host slot move=85 guest slot move=85",
    "wave 164 turn 1: progress enemyHp=[609:443/443,10009:0/413] playerHp=[890:2065/2065,150:1673/1725]",
    "wave 164 turn 2: replay guest crossed cmd:164:2 through real public COMMAND=opened",
    "wave 164 turn 3: replay guest crossed cmd:164:3 through real public COMMAND=opened",
    "wave 164 turn 3: host SWITCH -> party[2]",
    "wave 164 turn 4: replay guest crossed cmd:164:4 through real public COMMAND=opened",
    "wave 164: reward shop owner=guest leave",
    "wave 165 turn 1: replay guest crossed cmd:165:1 through real public COMMAND=opened",
    "wave 165: TRAINER (fixed)",
    "wave 165: host slot move=53 guest slot move=53",
    "wave 165 turn 1: guest SWITCH -> party[3]",
    "wave 165 turn 1: progress enemyHp=[668:0/498,620:419/419] playerHp=[493:1845/1865,384:1643/1715]",
    "wave 165 turn 2: replay guest crossed cmd:165:2 through real public COMMAND=opened",
    "wave 165 turn 3: replay guest crossed cmd:165:3 through real public COMMAND=opened",
    "wave 165 turn 4: replay guest crossed cmd:165:4 through real public COMMAND=opened",
    "wave 165: reward shop owner=host leave",
    "wave 165: drained 1 milestone reward continuation(s)",
    "wave 166 turn 1: replay guest crossed cmd:166:1 through real public COMMAND=opened",
    "wave 166: host slot move=247 guest slot move=247",
    "wave 166 turn 1: progress enemyHp=[171:0/524,321:0/645] playerHp=[493:1845/1865,384:1500/1715]",
    "wave 166: reward shop owner=guest leave",
    "wave 167 turn 1: replay guest crossed cmd:167:1 through real public COMMAND=opened",
    "wave 167: host slot move=53 guest slot move=34",
    "wave 167 turn 1: progress enemyHp=[321:0/609,321:0/600] playerHp=[493:1845/1865,384:1500/1715]",
    "wave 167: reward shop owner=host take-nonparty",
    "wave 168 turn 1: replay guest crossed cmd:168:1 through real public COMMAND=opened",
    "wave 168: host slot move=247 guest slot move=85",
    "wave 168 turn 1: progress enemyHp=[72:0/301,456:0/342] playerHp=[493:1845/1865,384:1500/1715]",
    "wave 168: reward shop owner=guest take-nonparty",
    "wave 169 turn 1: replay guest crossed cmd:169:1 through real public COMMAND=opened",
    "wave 169: host slot move=34 guest slot move=53",
    "wave 169 turn 1: progress enemyHp=[131:0/580,687:0/458] playerHp=[493:1729/1865,384:1393/1715]",
    "wave 169: reward shop owner=host leave",
    "wave 170 turn 1: replay guest crossed cmd:170:1 through real public COMMAND=opened",
    "wave 170: host slot move=53 guest slot move=247",
    "wave 170 turn 1: progress enemyHp=[941:0/462,395:0/482] playerHp=[493:1729/1865,384:1393/1715]",
    "wave 170: biome market owner=guest leave",
    "wave 170: drained 1 milestone reward continuation(s)",
    "wave 170: host drove World Map via public UI=true and both consumed 1827102401244469:0:BIOME_PICK:9700200",
    "wave 171 turn 1: replay guest crossed cmd:171:1 through real public COMMAND=opened",
    "wave 171: BIOME 6->10",
    "wave 171: host slot move=247 guest slot move=34",
    "wave 171 turn 1: progress enemyHp=[171:0/524,224:0/423] playerHp=[493:1865/1865,384:1715/1715]",
    "wave 171: reward shop owner=guest leave",
    "wave 172 turn 1: replay guest crossed cmd:172:1 through real public COMMAND=opened",
    "wave 172: host slot move=247 guest slot move=85",
    "wave 172 turn 1: progress enemyHp=[847:0/351,847:0/369] playerHp=[493:1865/1865,384:1715/1715]",
    "wave 172: reward shop owner=host leave",
    "wave 173 turn 1: replay guest crossed cmd:173:1 through real public COMMAND=opened",
    "wave 173: host slot move=34 guest slot move=53",
    "wave 173 turn 1: progress enemyHp=[91:1/338,368:0/383] playerHp=[493:1865/1865,384:1715/1715]",
    "wave 173 turn 2: replay guest crossed cmd:173:2 through real public COMMAND=opened",
    "wave 173: reward shop owner=guest leave",
    "wave 174 turn 1: replay guest crossed cmd:174:1 through real public COMMAND=opened",
    "wave 174: host slot move=247 guest slot move=247",
    "wave 174 turn 1: progress enemyHp=[171:0/554,976:0/472] playerHp=[493:1865/1865,384:1715/1715]",
    "wave 174: reward shop owner=host leave",
    "wave 175 turn 1: replay guest crossed cmd:175:1 through real public COMMAND=opened",
    "wave 175: host slot move=53 guest slot move=34",
    "wave 175 turn 1: guest SWITCH -> party[3]",
    "wave 175 turn 1: progress enemyHp=[224:128/403,847:359/359] playerHp=[493:1865/1865,150:1590/1725]",
    "wave 175 turn 2: replay guest crossed cmd:175:2 through real public COMMAND=opened",
    "wave 175: reward shop owner=guest leave",
    "wave 176 turn 1: replay guest crossed cmd:176:1 through real public COMMAND=opened",
    "wave 176: host slot move=247 guest slot move=85",
    "wave 176 turn 1: progress enemyHp=[847:0/366,226:0/437] playerHp=[493:1865/1865,150:1590/1725]",
    "wave 176: reward shop owner=host leave",
    "wave 177 turn 1: replay guest crossed cmd:177:1 through real public COMMAND=opened",
    "wave 177: host slot move=34 guest slot move=53",
    "wave 177 turn 1: progress enemyHp=[368:0/385,594:381/678] playerHp=[493:1865/1865,150:1543/1725]",
    "wave 177 turn 2: replay guest crossed cmd:177:2 through real public COMMAND=opened",
    "wave 177: reward shop owner=guest leave",
    "wave 177: drained 1 milestone reward continuation(s)",
    "wave 178 turn 1: replay guest crossed cmd:178:1 through real public COMMAND=opened",
    "wave 178: host slot move=85 guest slot move=247",
    "wave 178 turn 1: guest SWITCH -> party[3]",
    "wave 178 turn 1: progress enemyHp=[847:0/397,224:445/445] playerHp=[493:1865/1865,384:1715/1715]",
    "wave 178 turn 2: replay guest crossed cmd:178:2 through real public COMMAND=opened",
    "wave 178: reward shop owner=host take-nonparty",
    "wave 179 turn 1: replay guest crossed cmd:179:1 through real public COMMAND=opened",
    "wave 179: host slot move=53 guest slot move=34",
    "wave 179 turn 1: progress enemyHp=[321:407/700,224:0/409] playerHp=[493:1780/1865,384:1661/1715]",
    "wave 179 turn 2: replay guest crossed cmd:179:2 through real public COMMAND=opened",
    "wave 179: reward shop owner=guest leave",
    "wave 179: drained 1 milestone reward continuation(s)",
    "wave 180 turn 1: replay guest crossed cmd:180:1 through real public COMMAND=opened",
    "wave 180: TRAINER (random)",
    "wave 180 turn 1: host SWITCH -> party[2]",
    "wave 180: host slot move=247 guest slot move=85",
    "wave 180 turn 1: progress enemyHp=[199:552/552,184:0/636] playerHp=[890:2065/2065,384:1578/1715]",
    "wave 180 turn 2: replay guest crossed cmd:180:2 through real public COMMAND=opened",
    "wave 180 turn 2: guest SWITCH -> party[3]",
    "wave 180 turn 3: replay guest crossed cmd:180:3 through real public COMMAND=opened",
    "wave 180 turn 4: replay guest crossed cmd:180:4 through real public COMMAND=opened",
    "wave 180 turn 4: host SWITCH -> party[2]",
    "wave 180 turn 5: replay guest crossed cmd:180:5 through real public COMMAND=opened",
    "wave 180: biome market owner=host leave",
    "wave 180: drained 1 milestone reward continuation(s)",
    "wave 180: guest drove World Map via public UI=true and both consumed 1827102401244469:1:BIOME_PICK:9700211",
    "wave 181 turn 1: replay guest crossed cmd:181:1 through real public COMMAND=opened",
    "wave 181: BIOME 10->13",
    "wave 181: host slot move=34 guest slot move=34",
    "wave 181 turn 1: progress enemyHp=[660:0/464,660:0/476] playerHp=[493:1865/1865,150:1725/1725]",
    "wave 181: reward shop owner=host take-nonparty",
    "wave 182 turn 1: replay guest crossed cmd:182:1 through real public COMMAND=opened",
    "wave 182: TRAINER (fixed)",
    "wave 182: host slot move=85 guest slot move=247",
    "wave 182 turn 1: guest SWITCH -> party[3]",
    "wave 182 turn 1: progress enemyHp=[469:0/555,214:544/544] playerHp=[493:1865/1865,384:1668/1715]",
    "wave 182 turn 2: replay guest crossed cmd:182:2 through real public COMMAND=opened",
    "wave 182 turn 3: replay guest crossed cmd:182:3 through real public COMMAND=opened",
    "wave 182 turn 4: replay guest crossed cmd:182:4 through real public COMMAND=opened",
    "wave 182 turn 4: guest SWITCH -> party[3]",
    "wave 182: reward shop owner=guest leave",
    "wave 183 turn 1: replay guest crossed cmd:183:1 through real public COMMAND=opened",
    "wave 183 turn 1: host SWITCH -> party[2]",
    "wave 183: host slot move=53 guest slot move=34",
    "wave 183 turn 1: progress enemyHp=[526:470/470,296:0/411] playerHp=[890:2065/2065,150:1725/1725]",
    "wave 183 turn 2: replay guest crossed cmd:183:2 through real public COMMAND=opened",
    "wave 183 turn 2: guest SWITCH -> party[3]",
    "wave 183 turn 3: replay guest crossed cmd:183:3 through real public COMMAND=opened",
    "wave 183 turn 3: host SWITCH -> party[2]",
    "wave 183: reward shop owner=host leave",
    "wave 184 turn 1: replay guest crossed cmd:184:1 through real public COMMAND=opened",
    "wave 184: TRAINER (fixed)",
    "wave 184: host slot move=247 guest slot move=34",
    "wave 184 turn 1: progress enemyHp=[340:0/620,450:0/659] playerHp=[493:1749/1865,384:1608/1715]",
    "wave 184 turn 2: replay guest crossed cmd:184:2 through real public COMMAND=opened",
    "wave 184 turn 2: host SWITCH -> party[2]",
    "wave 184 turn 3: replay guest crossed cmd:184:3 through real public COMMAND=opened",
    "wave 184 turn 3: guest SWITCH -> party[3]",
    "wave 184 turn 4: replay guest crossed cmd:184:4 through real public COMMAND=opened",
    "wave 184 turn 4: guest SWITCH -> party[3]",
    "wave 184 turn 5: replay guest crossed cmd:184:5 through real public COMMAND=opened",
    "wave 184: reward shop owner=guest take-nonparty",
    "wave 185 turn 1: replay guest crossed cmd:185:1 through real public COMMAND=opened",
    "wave 185: host slot move=34 guest slot move=34",
    "wave 185 turn 1: progress enemyHp=[528:0/449,901:0/619] playerHp=[890:1388/2065,384:1394/1715]",
    "wave 185: reward shop owner=host leave",
    "wave 186 turn 1: replay guest crossed cmd:186:1 through real public COMMAND=opened",
    "wave 186: TRAINER (fixed)",
    "wave 186: host slot move=34 guest slot move=247",
    "wave 186 turn 1: progress enemyHp=[78:0/571,208:0/515] playerHp=[890:1517/2065,384:1394/1715]",
    "wave 186 turn 2: replay guest crossed cmd:186:2 through real public COMMAND=opened",
    "wave 186 turn 2: host SWITCH -> party[2]",
    "wave 186 turn 2: guest SWITCH -> party[3]",
    "wave 186 turn 3: replay guest crossed cmd:186:3 through real public COMMAND=opened",
    "wave 186 turn 4: replay guest crossed cmd:186:4 through real public COMMAND=opened",
    "wave 186: reward shop owner=guest take-nonparty",
    "wave 187 turn 1: replay guest crossed cmd:187:1 through real public COMMAND=opened",
    "wave 187: host slot move=53 guest slot move=34",
    "wave 187 turn 1: progress enemyHp=[47:0/498,528:0/455] playerHp=[493:1747/1865,150:1725/1725]",
    "wave 187: reward shop owner=host leave",
    "wave 188 turn 1: replay guest crossed cmd:188:1 through real public COMMAND=opened",
    "wave 188: TRAINER (fixed)",
    "wave 188: host slot move=247 guest slot move=85",
    "wave 188 turn 1: progress enemyHp=[437:0/484,65:0/466] playerHp=[493:1747/1865,150:1725/1725]",
    "wave 188 turn 2: replay guest crossed cmd:188:2 through real public COMMAND=opened",
    "wave 188 turn 3: replay guest crossed cmd:188:3 through real public COMMAND=opened",
    "wave 188 turn 4: replay guest crossed cmd:188:4 through real public COMMAND=opened",
    "wave 188 turn 4: host SWITCH -> party[2]",
    "wave 188: reward shop owner=guest leave",
    "wave 189 turn 1: replay guest crossed cmd:189:1 through real public COMMAND=opened",
    "wave 189: host slot move=34 guest slot move=85",
    "wave 189 turn 1: progress enemyHp=[526:219/479,295:0/628] playerHp=[890:2065/2065,150:1471/1725]",
    "wave 189 turn 2: replay guest crossed cmd:189:2 through real public COMMAND=opened",
    "wave 189 turn 2: guest SWITCH -> party[3]",
    "wave 189: reward shop owner=host take-nonparty",
    "wave 190 turn 1: replay guest crossed cmd:190:1 through real public COMMAND=opened",
    "wave 190: TRAINER (fixed)",
    "wave 190: host slot move=85 guest slot move=247",
    "wave 190 turn 1: progress enemyHp=[442:0/437,350:0/674] playerHp=[890:2065/2065,384:1287/1715]",
    "wave 190 turn 2: replay guest crossed cmd:190:2 through real public COMMAND=opened",
    "wave 190 turn 3: replay guest crossed cmd:190:3 through real public COMMAND=opened",
    "wave 190 turn 4: replay guest crossed cmd:190:4 through real public COMMAND=opened",
    "wave 190 turn 5: replay guest crossed cmd:190:5 through real public COMMAND=opened",
    "wave 190 turn 6: replay guest crossed cmd:190:6 through real public COMMAND=opened",
    "wave 190: biome market owner=guest leave",
    "wave 190: drained 1 milestone reward continuation(s)",
    "wave 190: host drove World Map via public UI=false and both consumed 1827102401244469:0:BIOME_PICK:9800191",
    "wave 191 turn 1: replay guest crossed cmd:191:1 through real public COMMAND=opened",
    "wave 191: BIOME 13->50",
    "wave 191: host slot move=53 guest slot move=34",
    "wave 191 turn 1: progress enemyHp=[992:0/721,1005:0/582] playerHp=[890:2065/2065,384:1715/1715]",
    "wave 191: reward shop owner=host leave",
    "wave 192 turn 1: replay guest crossed cmd:192:1 through real public COMMAND=opened",
    "wave 192: host slot move=247 guest slot move=85",
    "wave 192 turn 1: progress enemyHp=[1010:0/510,988:0/509] playerHp=[890:2065/2065,384:1715/1715]",
    "wave 192: reward shop owner=guest take-nonparty",
    "wave 193 turn 1: replay guest crossed cmd:193:1 through real public COMMAND=opened",
    "wave 193: host slot move=247 guest slot move=53",
    "wave 193 turn 1: progress enemyHp=[990:0/554,990:0/554] playerHp=[890:2065/2065,384:1715/1715]",
    "wave 193: reward shop owner=host leave",
    "wave 194 turn 1: replay guest crossed cmd:194:1 through real public COMMAND=opened",
    "wave 194: host slot move=85 guest slot move=247",
    "wave 194 turn 1: progress enemyHp=[988:0/527,1006:383/459] playerHp=[890:2065/2065,384:1715/1715]",
    "wave 194 turn 2: replay guest crossed cmd:194:2 through real public COMMAND=opened",
    "wave 194: reward shop owner=guest take-nonparty",
    "wave 195 turn 1: replay guest crossed cmd:195:1 through real public COMMAND=opened",
    "wave 195: TRAINER (fixed)",
    "wave 195: host slot move=53 guest slot move=85",
    "wave 195 turn 1: progress enemyHp=[395:358/614,18:0/571] playerHp=[890:1834/2065,384:1715/1715]",
    "wave 195 turn 2: replay guest crossed cmd:195:2 through real public COMMAND=opened",
    "wave 195 turn 2: host SWITCH -> party[2]",
    "wave 195 turn 3: replay guest crossed cmd:195:3 through real public COMMAND=opened",
    "wave 195 turn 3: host SWITCH -> party[2]",
    "wave 195 turn 4: replay guest crossed cmd:195:4 through real public COMMAND=opened",
    "wave 195 turn 5: replay guest crossed cmd:195:5 through real public COMMAND=opened",
    "wave 195 turn 6: replay guest crossed cmd:195:6 through real public COMMAND=opened",
    "wave 195 turn 6: host SWITCH -> party[2]",
    "wave 195: reward shop owner=host leave",
    "wave 195: drained 1 milestone reward continuation(s)",
    "wave 196 turn 1: replay guest crossed cmd:196:1 through real public COMMAND=opened",
    "wave 196: host slot move=247 guest slot move=85",
    "wave 196 turn 1: progress enemyHp=[1020:0/599,1006:467/467] playerHp=[493:1865/1865,384:835/1715]",
    "wave 196 turn 2: replay guest crossed cmd:196:2 through real public COMMAND=opened",
    "wave 196: reward shop owner=guest leave",
    "wave 197 turn 1: replay guest crossed cmd:197:1 through real public COMMAND=opened",
    "wave 197: host slot move=34 guest slot move=53",
    "wave 197 turn 1: progress enemyHp=[1005:0/572,1006:487/487] playerHp=[890:2065/2065,384:835/1715]",
    "wave 197 turn 2: replay guest crossed cmd:197:2 through real public COMMAND=opened",
    "wave 197: reward shop owner=host take-nonparty",
    "wave 198 turn 1: replay guest crossed cmd:198:1 through real public COMMAND=opened",
    "wave 198: host slot move=85 guest slot move=247",
    "wave 198 turn 1: progress enemyHp=[985:0/612,993:0/529] playerHp=[890:2065/2065,384:835/1715]",
    "wave 198: reward shop owner=guest take-nonparty",
    "wave 199 turn 1: replay guest crossed cmd:199:1 through real public COMMAND=opened",
    "wave 199: host slot move=53 guest slot move=34",
    "wave 199 turn 1: progress enemyHp=[1005:299/637,986:645/645] playerHp=[890:2065/2065,384:835/1715]",
    "wave 199 turn 2: replay guest crossed cmd:199:2 through real public COMMAND=opened",
    "wave 199 turn 2: host SWITCH -> party[2]",
    "wave 199 turn 3: replay guest crossed cmd:199:3 through real public COMMAND=opened",
    "wave 199 turn 4: replay guest crossed cmd:199:4 through real public COMMAND=opened",
    "wave 199: reward shop owner=host leave"
  ]
}