===== COOP SOAK RESULT =====
profile: god-a
verdict: FAIL
waves_requested: 200
run_mode: calibrated-release
calibration_id: god-200
target_sha: 694f440dd3bf5aec0e2403e29ae6f1e1a1660935
checked_out_sha: 694f440dd3bf5aec0e2403e29ae6f1e1a1660935
base_seed: 20260717
campaign_seed: 20260717
run: 29565961171 (workflow source 694f440dd3bf5aec0e2403e29ae6f1e1a1660935)
timestamp: 2026-07-17T08-26-40Z

----- driver lines -----
[22m[39m[coop-soak] SEED=20260717 WAVES=200 - replay this run with:  SOAK_SEED=20260717 SOAK_WAVES=200 ER_SCENARIO=1 npx vitest run test/tests/elite-redux/coop/coop-soak.test.ts
[31m[1mSoakInvariantError[22m: [coop-soak] NO-PARK invariant breached at wave 200 (seed 20260717): wave crossing threw (strand/stall): client phase drive to guest command 200:1 HANG on CoopReplayTurnPhase; queued=[], ui=MESSAGE. Artifact + both logs: /home/runner/work/elite-redux/elite-redux/dev-logs/coop-soak/2026-07-17T08-26-29-162Z__seed-20260717__wave-200. Replay: SOAK_SEED=20260717[39m

----- vitest result tail -----
[90m [2m❯[22m driveGuestReplayTurn test/tools/coop-duo-harness.ts:[2m2176:11[22m[39m
[90m [2m❯[22m runNextTicks node:internal/process/task_queues:[2m65:5[22m[39m

[31mThis error originated in "[1mtest/tests/elite-redux/coop/coop-soak.test.ts[22m" test file. It doesn't mean the error was thrown inside the file itself, but while it was running.[39m
[31mThe latest test that might've caused the error is "[1mplays a seeded randomized co-op run asserting DIGEST/LOCKSTEP/NO-PARK/TEARDOWN each wave[22m". It might mean one of the following:
- The error was thrown, while Vitest was running this test.
- If the error occurred after the test had been completed, this was the last documented test before it was thrown.[39m

[31m⎯⎯⎯⎯[39m[1m[41m Unhandled Rejection [49m[22m[31m⎯⎯⎯⎯⎯[39m
[31m[1mTypeError[22m: Cannot read properties of undefined (reading 'loadAssets')[39m
[36m [2m❯[22m EnemyPokemon.loadAssets src/field/pokemon.ts:[2m924:46[22m[39m
    [90m922|[39m     const formIndex = useIllusion ? illusion!.formIndex : this.formInd…
    [90m923|[39m     loadPromises.push(
    [90m924|[39m       this.getSpeciesForm(false, useIllusion).loadAssets(
    [90m   |[39m                                              [31m^[39m
    [90m925|[39m         this.getGender(useIllusion) === Gender.FEMALE,
    [90m926|[39m         formIndex,
[90m [2m❯[22m EnemyPokemon.pokemon.loadAssets test/tools/coop-duo-harness.ts:[2m1318:13[22m[39m
[90m [2m❯[22m applyCoopCheckpoint src/data/elite-redux/coop/coop-battle-engine.ts:[2m1090:24[22m[39m
[90m [2m❯[22m CoopFinalizeTurnPhase.applyModernTurnCommit src/phases/coop-replay-phases.ts:[2m1206:61[22m[39m
[90m [2m❯[22m CoopFinalizeTurnPhase.startModernTurnCommit src/phases/coop-replay-phases.ts:[2m1096:14[22m[39m
[90m [2m❯[22m CoopFinalizeTurnPhase.start src/phases/coop-replay-phases.ts:[2m921:12[22m[39m
[90m [2m❯[22m driveGuestReplayTurn test/tools/coop-duo-harness.ts:[2m2176:11[22m[39m
[90m [2m❯[22m runNextTicks node:internal/process/task_queues:[2m65:5[22m[39m
[90m [2m❯[22m listOnTimeout node:internal/timers:[2m569:9[22m[39m
[90m [2m❯[22m processTimers node:internal/timers:[2m543:7[22m[39m

[31mThis error originated in "[1mtest/tests/elite-redux/coop/coop-soak.test.ts[22m" test file. It doesn't mean the error was thrown inside the file itself, but while it was running.[39m
[31mThe latest test that might've caused the error is "[1mplays a seeded randomized co-op run asserting DIGEST/LOCKSTEP/NO-PARK/TEARDOWN each wave[22m". It might mean one of the following:
- The error was thrown, while Vitest was running this test.
- If the error occurred after the test had been completed, this was the last documented test before it was thrown.[39m
[31m⎯⎯⎯⎯⎯⎯⎯⎯⎯⎯⎯⎯⎯⎯⎯⎯⎯⎯⎯⎯⎯⎯⎯⎯⎯⎯⎯⎯⎯⎯[39m


[2m Test Files [22m [1m[31m1 failed[39m[22m[90m (1)[39m
[2m      Tests [22m [1m[31m1 failed[39m[22m[2m | [22m[1m[32m1 passed[39m[22m[90m (2)[39m
[2m     Errors [22m [1m[31m2 errors[39m[22m
[2m   Start at [22m 08:19:23
[2m   Duration [22m 436.09s[2m (transform 19.97s, setup 24.21s, import 245ms, tests 410.76s, environment 712ms)[22m

