===== COOP SOAK RESULT =====
profile: me-asym
verdict: FAIL
waves_requested: fixed
run_mode: calibrated-release
calibration_id: me-host-guest-asym-double-faint
target_sha: afe93d236520bb33fc3e7561ed5a232ea96e646d
checked_out_sha: afe93d236520bb33fc3e7561ed5a232ea96e646d
base_seed: 20260717
campaign_seed: fixed-in-test (matrix candidate 20260717 not consumed)
run: 29573606794 (workflow source afe93d236520bb33fc3e7561ed5a232ea96e646d)
timestamp: 2026-07-17T10-32-09Z

----- driver lines -----
[22m[39m[coop-soak] SEED=828633 WAVES=15 - replay this run with:  SOAK_SEED=828633 SOAK_WAVES=15 ER_SCENARIO=1 npx vitest run test/tests/elite-redux/coop/coop-soak.test.ts
[22m[39m[coop-soak] RUN ENDED crossing into wave 2 (seed 828633): host at terminal phase TitlePhase. Survey stops here.
[22m[39m[coop-soak] SEED=828633 WAVES=17 - replay this run with:  SOAK_SEED=828633 SOAK_WAVES=17 ER_SCENARIO=1 npx vitest run test/tests/elite-redux/coop/coop-soak.test.ts
[22m[39m[coop-soak] RUN ENDED crossing into wave 2 (seed 828633): host at terminal phase TitlePhase. Survey stops here.
[22m[39m[coop-soak] SEED=828633 WAVES=13 - replay this run with:  SOAK_SEED=828633 SOAK_WAVES=13 ER_SCENARIO=1 npx vitest run test/tests/elite-redux/coop/coop-soak.test.ts
[22m[39m[coop-soak] RUN ENDED crossing into wave 2 (seed 828633): host at terminal phase TitlePhase. Survey stops here.

----- vitest result tail -----
[31m+ Received[39m

[32m- 1[39m
[31m+ 0[39m

[36m [2m❯[22m test/tests/elite-redux/coop/coop-soak-me.test.ts:[2m190:102[22m[39m
    [90m188|[39m     // EXACTLY ONE ME was driven (the designated wave-15 host-owned ME…
    [90m189|[39m     // SECOND ME on wave 16/17 (the leak's signature - it surfaced as …
    [90m190|[39m     expect(result.mysteryEncounters.length, "exactly one ME driven - n…
    [90m   |[39m                                                                                                      [31m^[39m
    [90m191|[39m     expect(result.mysteryEncounters[0].wave, "the one ME was the desig…
    [90m192|[39m     expect(result.mysteryEncounters[0].path, "wave 15 is HOST-OWNED by…

[31m[2m⎯⎯⎯⎯⎯⎯⎯⎯⎯⎯⎯⎯⎯⎯⎯⎯⎯⎯⎯⎯⎯⎯⎯⎯[3/4]⎯[22m[39m

[41m[1m FAIL [22m[49m [30m[45m main [49m[39m test/tests/elite-redux/coop/coop-soak-me.test.ts[2m:213:3[22m[2m > [22mNIGHTLY co-op SOAK: mid-run mystery-encounter continuation (#633 BUILD 1)[2m > [22mdrives a GUEST-OWNED ME inline (counter parity), then surveys past it, findings=0
[31m[1mAssertionError[22m: the designated ME was driven inline: expected +0 to be 1 // Object.is equality[39m

[32m- Expected[39m
[31m+ Received[39m

[32m- 1[39m
[31m+ 0[39m

[36m [2m❯[22m test/tests/elite-redux/coop/coop-soak-me.test.ts:[2m247:84[22m[39m
    [90m245|[39m
    [90m246|[39m     // The GUEST-OWNED non-battle path was driven inline at wave 12 (t…
    [90m247|[39m     expect(result.mysteryEncounters.length, "the designated ME was dri…
    [90m   |[39m                                                                                    [31m^[39m
    [90m248|[39m     expect(result.mysteryEncounters[0].wave, "the ME was driven at the…
    [90m249|[39m     expect(result.mysteryEncounters[0].path, "wave 12 is GUEST-OWNED b…

[31m[2m⎯⎯⎯⎯⎯⎯⎯⎯⎯⎯⎯⎯⎯⎯⎯⎯⎯⎯⎯⎯⎯⎯⎯⎯[4/4]⎯[22m[39m


[2m Test Files [22m [1m[31m2 failed[39m[22m[2m | [22m[1m[32m1 passed[39m[22m[90m (3)[39m
[2m      Tests [22m [1m[31m4 failed[39m[22m[2m | [22m[1m[32m2 passed[39m[22m[90m (6)[39m
[2m   Start at [22m 10:31:15
[2m   Duration [22m 53.06s[2m (transform 57.36s, setup 78.03s, import 822ms, tests 48.54s, environment 3.09s)[22m

