url:      https://elite-redux-staging.pages.dev/
build:    github:a8f0a659b18fe650c9bd33a32746357030d2af6a:run-29545170798.1
ua:       Mozilla/5.0 (iPhone; CPU iPhone OS 18_7 like Mac OS X) AppleWebKit/605.1.15 (KHTML, like Gecko) Version/26.5 Mobile/15E148 Safari/604.1
platform: iPhone
screen:   393x852 @3x  devmem:?
boot:     boot-start@0ms -> loading-complete@14231ms -> title-shown@24551ms
lastSess: n/a (first load / storage blocked)
mode:     0  wave:11
seed:     8Fynjpx3bfaW3b0o57DEJZrE
party:    Flygon Redux B(L10 40hp f0), Deino(L6 24hp f0), Dratini(L6 22hp f0), Gible(L6 24hp f0)
enemy:    

----- COMMENT -----
Next Region does Not load

----- BUILD IDENTITY (JSON) -----
{"version":1,"id":"github:a8f0a659b18fe650c9bd33a32746357030d2af6a:run-29545170798.1","source":"github","sha":"a8f0a659b18fe650c9bd33a32746357030d2af6a","workflow":{"provider":"github-actions","runId":"29545170798","runAttempt":1,"workflow":"Deploy Staging","job":"deploy","repository":"Heraklines/elite-redux","ref":"feat/elite-redux-port"},"deployment":null}

----- CONSOLE -----
[01:10:25.634] LOG: %c %c %c %c %c Phaser v3.90.0 (WebGL | Web Audio) %c https://phaser.io/v390 background: #ff0000 background: #ffff00 background: #00ff00 background: #00ffff color: #ffffff; background: #000000 background: transparent
[01:10:26.165] LOG: [ER] build {"version":1,"id":"github:a8f0a659b18fe650c9bd33a32746357030d2af6a:run-29545170798.1","source":"github","sha":"a8f0a659b18fe650c9bd33a32746357030d2af6a","workflow":{"provider":"github-actions","runId":"29545170798","runAttempt":1,"workflow":"Deploy Staging","job":"deploy","repository":"Heraklines/elite-redux","ref":"feat/elite-redux-port"},"deployment":null}
[01:10:26.398] LOG: [dev-tools] loaded — 625 scenarios + Send Logs button
[01:10:34.791] DEBUG: Destroying loading scene
[01:10:34.791] DEBUG: Destroyed loading scene
[01:10:34.928] LOG: Seed: MEyY0L05XFZVvB1C7VJXoW3j
[01:10:34.928] LOG: Wave Seed: MEyY0L05XFZVvB1C7VJXoW3j 0
[01:10:44.683] LOG: %cStart Phase LoginPhase color:green;
[01:10:44.818] LOG: Client Session: EUuP0XwqOoYolQU35FPbw2bzVPLi7m44
[01:10:45.025] DEBUG: Using cached system data
[01:10:45.096] LOG: %cStart Phase TitlePhase color:green;
[01:10:45.097] LOG: Getting Session Slot id: %d 0
[01:10:45.124] LOG: use seasonal splash messages true
[01:10:50.045] LOG: Getting Session Slot id: %d 0
[01:10:50.062] LOG: Getting Session Slot id: %d 1
[01:10:50.068] LOG: Getting Session Slot id: %d 2
[01:10:50.073] LOG: Getting Session Slot id: %d 3
[01:10:50.077] LOG: Getting Session Slot id: %d 4
[01:10:50.227] ERROR: TypeError: Reflect.construct requires the first argument be a constructor
construct@[native code]
toModifier@https://elite-redux-staging.pages.dev/assets/coop-runtime-CaPyUtJz.js:3:338992
setupWithData@https://elite-redux-staging.pages.dev/assets/battle-scene-DLdiVOzG.js:1050:3465
@https://elite-redux-staging.pages.dev/assets/battle-scene-DLdiVOzG.js:1050:3829
[01:10:50.229] ERROR: Session read failed (missing).
[01:10:50.235] ERROR: Session read failed (missing).
[01:10:50.236] ERROR: Session read failed (missing).
[01:10:50.242] ERROR: Session read failed (missing).
[01:10:51.397] LOG: Getting Session Slot id: %d 0
[01:10:52.676] WARN: [asset-retry] load error key=PRAS-Dragon Dance BG - retry 1/2 with cache-buster
[01:10:52.782] WARN: [asset-retry] load error key=PRAS-Dragon Dance BG - retry 2/2 via fastly mirror + cache-buster
[01:10:53.386] ERROR: [asset-retry] PERMANENT load failure key=PRAS-Dragon Dance BG url=images/battle_anims/PRAS-Dragon Dance BG.png
[01:10:53.415] LOG: Wave Seed: 8Fynjpx3bfaW3b0o57DEJZrE 0
[01:10:53.415] LOG: Seed: 8Fynjpx3bfaW3b0o57DEJZrE
[01:10:53.421] LOG: Wave Seed: BPxtz=lpka=l:y?ANOTd|O 10
[01:10:53.423] LOG: Applied Calcium 
[01:10:53.429] LOG: Applied Carbos 
[01:10:53.440] LOG: Applied Calcium 
[01:10:53.444] LOG: Applied Carbos 
[01:10:53.451] LOG: Applied Calcium 
[01:10:53.454] LOG: Applied Carbos 
[01:10:53.571] LOG: %cStart Phase EncounterPhase color:green;
[01:10:54.331] LOG: Wave Seed: BPxtz=lpka=l:y?ANOTd|O 10
[01:10:56.238] LOG: %cStart Phase MysteryEncounterPhase color:green;
[01:10:58.479] LOG: %cStart Phase MysteryEncounterOptionSelectedPhase color:green;
[01:10:58.702] LOG: %cStart Phase MessagePhase color:green;
[01:10:59.330] LOG: %cStart Phase MysteryEncounterRewardsPhase color:green;
[01:10:59.331] LOG: %cStart Phase SelectModifierPhase color:green;
[01:10:59.331] LOG: Wave Seed: BPxtz=lpka=l:y?ANOTd|O 10
[01:11:02.733] LOG: Applied Calcium 
[01:11:02.748] LOG: Applied Carbos 
[01:11:02.773] LOG: %cStart Phase EggLapsePhase color:green;
[01:11:02.774] LOG: %cStart Phase PostMysteryEncounterPhase color:green;
[01:11:02.775] LOG: %cStart Phase SelectBiomePhase color:green;
[01:11:02.775] LOG: Wave Seed: BPxtz=lpka=l:y?ANOTd|O 10
[01:11:04.576] LOG: %cStart Phase PartyHealPhase color:green;
[01:11:07.266] LOG: %cStart Phase ResetStatusPhase color:green;
[01:11:07.279] LOG: %cStart Phase ResetStatusPhase color:green;
[01:11:07.283] LOG: %cStart Phase ResetStatusPhase color:green;
[01:11:07.286] LOG: %cStart Phase ResetStatusPhase color:green;
[01:11:07.290] LOG: %cStart Phase SwitchBiomePhase color:green;
[01:11:08.331] LOG: %cStart Phase NewBattlePhase color:green;
[01:11:08.332] LOG: Wave Seed: CQyu{>mqlb>m;z@BOPUe}P 11
[01:11:08.334] LOG: [er-gauntlet] wave=11 kind=me -> MYSTERY_ENCOUNTER
[01:11:08.340] LOG: %cStart Phase NewBiomeEncounterPhase color:green;
[01:11:08.362] LOG: [er-gauntlet] wave=11 ME type -> ER_OVERGROWN_TEMPLE

----- REPLAY TRACE (JSON) -----
{"version":2,"seed":"8Fynjpx3bfaW3b0o57DEJZrE","gameModeId":0,"difficulty":"youngster","challenges":[],"roster":[{"id":3330133437,"player":true,"species":10759,"formIndex":0,"abilityIndex":0,"passive":false,"shiny":true,"variant":2,"pokeball":0,"level":10,"exp":1000,"levelExp":0,"gender":0,"hp":40,"stats":[40,28,23,34,23,36],"ivs":[31,31,31,31,31,31],"nature":0,"moveset":[{"moveId":570,"ppUsed":6,"ppUp":1},{"moveId":414,"ppUsed":1,"ppUp":0},{"moveId":417,"ppUsed":0,"ppUp":0},{"moveId":396,"ppUsed":1,"ppUp":0}],"status":null,"friendship":86,"metLevel":5,"metBiome":-1,"metSpecies":10759,"metWave":-1,"luck":3,"pauseEvolutions":false,"pokerus":false,"usedTMs":[],"teraType":12,"isTerastallized":false,"stellarTypesBoosted":[],"fusionSpecies":null,"fusionShiny":false,"fusionVariant":0,"fusionLuck":3,"fusionTeraType":0,"boss":false,"bossSegments":0,"summonData":{"statStages":[0,0,0,0,0,0,0],"moveQueue":[],"tags":[],"abilitySuppressed":false,"abilitiesApplied":[],"chuckusterReductionUsed":false,"forceAttackerOutUsed":false,"erCommandedUsedThisSwitchIn":false,"stats":[0,0,0,0,0,0],"types":[],"berriesEatenLast":[],"moveHistory":[]},"battleData":{"hitCount":0,"hasEatenBerry":false,"berriesEaten":[],"anticipationDodgeUsed":false,"rudeAwakeningTriggered":false,"cowardProtectUsed":false,"lostItems":[]},"customPokemonData":{"spriteScale":-1,"ability":-1,"passive":-1,"passive2":-1,"passive3":-1,"nature":-1,"bonusMoveSlots":0,"abilityOverridesForm":false,"types":[],"hitsRecCount":null,"erBlackShiny":false,"erGiftAbilities":[],"erGiftIndex":0,"erShinyLabSuppressLocal":false,"erInnateShrineUnlocked":false,"erCursedStat":-1,"erLockedAbilitySlots":[],"erRunUnlockedAbilitySlots":[]},"fusionCustomPokemonData":{"spriteScale":-1,"ability":-1,"passive":-1,"passive2":-1,"passive3":-1,"nature":-1,"bonusMoveSlots":0,"abilityOverridesForm":false,"types":[],"hitsRecCount":null,"erBlackShiny":false,"erGiftAbilities":[],"erGiftIndex":0,"erShinyLabSuppressLocal":false,"erInnateShrineUnlocked":false,"erCursedStat":-1,"erLockedAbilitySlots":[],"erRunUnlockedAbilitySlots":[]},"mysteryEncounterPokemonData":null,"fusionMysteryEncounterPokemonData":null},{"id":2637920897,"player":true,"species":633,"formIndex":0,"abilityIndex":2,"passive":false,"shiny":true,"variant":1,"pokeball":0,"level":6,"exp":233,"levelExp":0,"gender":0,"hp":24,"stats":[24,12,12,14,12,11],"ivs":[31,31,31,31,31,31],"nature":0,"moveset":[{"moveId":907,"ppUsed":0,"ppUp":0},{"moveId":822,"ppUsed":0,"ppUp":0},{"moveId":840,"ppUsed":0,"ppUp":0},{"moveId":188,"ppUsed":0,"ppUp":0}],"status":null,"friendship":41,"metLevel":5,"metBiome":-1,"metSpecies":633,"metWave":-1,"luck":2,"pauseEvolutions":false,"pokerus":false,"usedTMs":[],"teraType":16,"isTerastallized":false,"stellarTypesBoosted":[],"fusionSpecies":null,"fusionShiny":false,"fusionVariant":0,"fusionLuck":2,"fusionTeraType":0,"boss":false,"bossSegments":0,"summonData":{"statStages":[0,0,0,0,0,0,0],"moveQueue":[],"tags":[],"abilitySuppressed":false,"abilitiesApplied":[],"chuckusterReductionUsed":false,"forceAttackerOutUsed":false,"erCommandedUsedThisSwitchIn":false,"stats":[0,0,0,0,0,0],"types":[],"berriesEatenLast":[],"moveHistory":[]},"battleData":{"hitCount":0,"hasEatenBerry":false,"berriesEaten":[],"anticipationDodgeUsed":false,"rudeAwakeningTriggered":false,"cowardProtectUsed":false,"lostItems":[]},"customPokemonData":{"spriteScale":-1,"ability":-1,"passive":-1,"passive2":-1,"passive3":-1,"nature":-1,"bonusMoveSlots":0,"abilityOverridesForm":false,"types":[],"hitsRecCount":null,"erBlackShiny":false,"erGiftAbilities":[],"erGiftIndex":0,"erShinyLabSuppressLocal":false,"erInnateShrineUnlocked":false,"erCursedStat":-1,"erLockedAbilitySlots":[],"erRunUnlockedAbilitySlots":[]},"fusionCustomPokemonData":{"spriteScale":-1,"ability":-1,"passive":-1,"passive2":-1,"passive3":-1,"nature":-1,"bonusMoveSlots":0,"abilityOverridesForm":false,"types":[],"hitsRecCount":null,"erBlackShiny":false,"erGiftAbilities":[],"erGiftIndex":0,"erShinyLabSuppressLocal":false,"erInnateShrineUnlocked":false,"erCursedStat":-1,"erLockedAbilitySlots":[],"erRunUnlockedAbilitySlots":[]},"mysteryEncounterPokemonData":null,"fusionMysteryEncounterPokemonData":null},{"id":1501105518,"player":true,"species":147,"formIndex":0,"abilityIndex":0,"passive":false,"shiny":false,"variant":0,"pokeball":0,"level":6,"exp":233,"levelExp":0,"gender":0,"hp":22,"stats":[22,14,12,12,12,12],"ivs":[30,31,31,27,30,29],"nature":0,"moveset":[{"moveId":34,"ppUsed":0,"ppUp":0},{"moveId":239,"ppUsed":0,"ppUp":0},{"moveId":55,"ppUsed":0,"ppUp":0},{"moveId":35,"ppUsed":0,"ppUp":0}],"status":null,"friendship":41,"metLevel":5,"metBiome":-1,"metSpecies":147,"metWave":-1,"luck":0,"pauseEvolutions":false,"pokerus":false,"usedTMs":[],"teraType":15,"isTerastallized":false,"stellarTypesBoosted":[],"fusionSpecies":null,"fusionShiny":false,"fusionVariant":0,"fusionLuck":0,"fusionTeraType":0,"boss":false,"bossSegments":0,"summonData":{"statStages":[0,0,0,0,0,0,0],"moveQueue":[],"tags":[],"abilitySuppressed":false,"abilitiesApplied":[],"chuckusterReductionUsed":false,"forceAttackerOutUsed":false,"erCommandedUsedThisSwitchIn":false,"stats":[0,0,0,0,0,0],"types":[],"berriesEatenLast":[],"moveHistory":[]},"battleData":{"hitCount":0,"hasEatenBerry":false,"berriesEaten":[],"anticipationDodgeUsed":false,"rudeAwakeningTriggered":false,"cowardProtectUsed":false,"lostItems":[]},"customPokemonData":{"spriteScale":-1,"ability":-1,"passive":-1,"passive2":-1,"passive3":-1,"nature":-1,"bonusMoveSlots":0,"abilityOverridesForm":false,"types":[],"hitsRecCount":null,"erBlackShiny":false,"erGiftAbilities":[],"erGiftIndex":0,"erShinyLabSuppressLocal":false,"erInnateShrineUnlocked":false,"erCursedStat":-1,"erLockedAbilitySlots":[],"erRunUnlockedAbilitySlots":[]},"fusionCustomPokemonData":{"spriteScale":-1,"ability":-1,"passive":-1,"passive2":-1,"passive3":-1,"nature":-1,"bonusMoveSlots":0,"abilityOverridesForm":false,"types":[],"hitsRecCount":null,"erBlackShiny":false,"erGiftAbilities":[],"erGiftIndex":0,"erShinyLabSuppressLocal":false,"erInnateShrineUnlocked":false,"erCursedStat":-1,"erLockedAbilitySlots":[],"erRunUnlockedAbilitySlots":[]},"mysteryEncounterPokemonData":null,"fusionMysteryEncounterPokemonData":null},{"id":2156916719,"player":true,"species":443,"formIndex":0,"abilityIndex":0,"passive":false,"shiny":false,"variant":0,"pokeball":0,"level":6,"exp":233,"levelExp":0,"gender":0,"hp":24,"stats":[24,15,12,11,12,13],"ivs":[31,31,31,31,31,31],"nature":0,"moveset":[{"moveId":431,"ppUsed":0,"ppUp":0},{"moveId":349,"ppUsed":0,"ppUp":0},{"moveId":616,"ppUsed":0,"ppUp":0},{"moveId":891,"ppUsed":0,"ppUp":0}],"status":null,"friendship":56,"metLevel":5,"metBiome":-1,"metSpecies":443,"metWave":-1,"luck":0,"pauseEvolutions":false,"pokerus":false,"usedTMs":[],"teraType":15,"isTerastallized":false,"stellarTypesBoosted":[],"fusionSpecies":null,"fusionShiny":false,"fusionVariant":0,"fusionLuck":0,"fusionTeraType":0,"boss":false,"bossSegments":0,"summonData":{"statStages":[0,0,0,0,0,0,0],"moveQueue":[],"tags":[],"abilitySuppressed":false,"abilitiesApplied":[],"chuckusterReductionUsed":false,"forceAttackerOutUsed":false,"erCommandedUsedThisSwitchIn":false,"stats":[0,0,0,0,0,0],"types":[],"berriesEatenLast":[],"moveHistory":[]},"battleData":{"hitCount":0,"hasEatenBerry":false,"berriesEaten":[],"anticipationDodgeUsed":false,"rudeAwakeningTriggered":false,"cowardProtectUsed":false,"lostItems":[]},"customPokemonData":{"spriteScale":-1,"ability":-1,"passive":-1,"passive2":-1,"passive3":-1,"nature":-1,"bonusMoveSlots":0,"abilityOverridesForm":false,"types":[],"hitsRecCount":null,"erBlackShiny":false,"erGiftAbilities":[],"erGiftIndex":0,"erShinyLabSuppressLocal":false,"erInnateShrineUnlocked":false,"erCursedStat":-1,"erLockedAbilitySlots":[],"erRunUnlockedAbilitySlots":[]},"fusionCustomPokemonData":{"spriteScale":-1,"ability":-1,"passive":-1,"passive2":-1,"passive3":-1,"nature":-1,"bonusMoveSlots":0,"abilityOverridesForm":false,"types":[],"hitsRecCount":null,"erBlackShiny":false,"erGiftAbilities":[],"erGiftIndex":0,"erShinyLabSuppressLocal":false,"erInnateShrineUnlocked":false,"erCursedStat":-1,"erLockedAbilitySlots":[],"erRunUnlockedAbilitySlots":[]},"mysteryEncounterPokemonData":null,"fusionMysteryEncounterPokemonData":null}],"events":[{"type":"interaction","seq":0,"kind":"me","choice":0},{"type":"interaction","seq":1,"kind":"reward","choice":0},{"type":"interaction","seq":2,"kind":"biome","choice":3}],"endState":{"waveIndex":11,"money":1550,"party":[{"species":10759,"level":10,"hp":40,"maxHp":40},{"species":633,"level":6,"hp":24,"maxHp":24},{"species":147,"level":6,"hp":22,"maxHp":22},{"species":443,"level":6,"hp":24,"maxHp":24}]},"checkpoint":{"wave":10,"seed":"8Fynjpx3bfaW3b0o57DEJZrE","party":[{"id":3330133437,"player":true,"species":10759,"formIndex":0,"abilityIndex":0,"passive":false,"shiny":true,"variant":2,"pokeball":0,"level":10,"exp":1000,"levelExp":0,"gender":0,"hp":40,"stats":[40,28,23,34,23,36],"ivs":[31,31,31,31,31,31],"nature":0,"moveset":[{"moveId":570,"ppUsed":6,"ppUp":1},{"moveId":414,"ppUsed":1,"ppUp":0},{"moveId":417,"ppUsed":0,"ppUp":0},{"moveId":396,"ppUsed":1,"ppUp":0}],"status":null,"friendship":86,"metLevel":5,"metBiome":-1,"metSpecies":10759,"metWave":-1,"luck":3,"pauseEvolutions":false,"pokerus":false,"usedTMs":[],"teraType":12,"isTerastallized":false,"stellarTypesBoosted":[],"fusionSpecies":null,"fusionShiny":false,"fusionVariant":0,"fusionLuck":3,"fusionTeraType":0,"boss":false,"bossSegments":0,"summonData":{"statStages":[0,0,0,0,0,0,0],"moveQueue":[],"tags":[],"abilitySuppressed":false,"abilitiesApplied":[],"chuckusterReductionUsed":false,"forceAttackerOutUsed":false,"erCommandedUsedThisSwitchIn":false,"stats":[0,0,0,0,0,0],"types":[],"berriesEatenLast":[],"moveHistory":[]},"battleData":{"hitCount":0,"hasEatenBerry":false,"berriesEaten":[],"anticipationDodgeUsed":false,"rudeAwakeningTriggered":false,"cowardProtectUsed":false,"lostItems":[]},"customPokemonData":{"spriteScale":-1,"ability":-1,"passive":-1,"passive2":-1,"passive3":-1,"nature":-1,"bonusMoveSlots":0,"abilityOverridesForm":false,"types":[],"hitsRecCount":null,"erBlackShiny":false,"erGiftAbilities":[],"erGiftIndex":0,"erShinyLabSuppressLocal":false,"erInnateShrineUnlocked":false,"erCursedStat":-1,"erLockedAbilitySlots":[],"erRunUnlockedAbilitySlots":[]},"fusionCustomPokemonData":{"spriteScale":-1,"ability":-1,"passive":-1,"passive2":-1,"passive3":-1,"nature":-1,"bonusMoveSlots":0,"abilityOverridesForm":false,"types":[],"hitsRecCount":null,"erBlackShiny":false,"erGiftAbilities":[],"erGiftIndex":0,"erShinyLabSuppressLocal":false,"erInnateShrineUnlocked":false,"erCursedStat":-1,"erLockedAbilitySlots":[],"erRunUnlockedAbilitySlots":[]},"mysteryEncounterPokemonData":null,"fusionMysteryEncounterPokemonData":null},{"id":2637920897,"player":true,"species":633,"formIndex":0,"abilityIndex":2,"passive":false,"shiny":true,"variant":1,"pokeball":0,"level":6,"exp":233,"levelExp":0,"gender":0,"hp":24,"stats":[24,12,12,14,12,11],"ivs":[31,31,31,31,31,31],"nature":0,"moveset":[{"moveId":907,"ppUsed":0,"ppUp":0},{"moveId":822,"ppUsed":0,"ppUp":0},{"moveId":840,"ppUsed":0,"ppUp":0},{"moveId":188,"ppUsed":0,"ppUp":0}],"status":null,"friendship":41,"metLevel":5,"metBiome":-1,"metSpecies":633,"metWave":-1,"luck":2,"pauseEvolutions":false,"pokerus":false,"usedTMs":[],"teraType":16,"isTerastallized":false,"stellarTypesBoosted":[],"fusionSpecies":null,"fusionShiny":false,"fusionVariant":0,"fusionLuck":2,"fusionTeraType":0,"boss":false,"bossSegments":0,"summonData":{"statStages":[0,0,0,0,0,0,0],"moveQueue":[],"tags":[],"abilitySuppressed":false,"abilitiesApplied":[],"chuckusterReductionUsed":false,"forceAttackerOutUsed":false,"erCommandedUsedThisSwitchIn":false,"stats":[0,0,0,0,0,0],"types":[],"berriesEatenLast":[],"moveHistory":[]},"battleData":{"hitCount":0,"hasEatenBerry":false,"berriesEaten":[],"anticipationDodgeUsed":false,"rudeAwakeningTriggered":false,"cowardProtectUsed":false,"lostItems":[]},"customPokemonData":{"spriteScale":-1,"ability":-1,"passive":-1,"passive2":-1,"passive3":-1,"nature":-1,"bonusMoveSlots":0,"abilityOverridesForm":false,"types":[],"hitsRecCount":null,"erBlackShiny":false,"erGiftAbilities":[],"erGiftIndex":0,"erShinyLabSuppressLocal":false,"erInnateShrineUnlocked":false,"erCursedStat":-1,"erLockedAbilitySlots":[],"erRunUnlockedAbilitySlots":[]},"fusionCustomPokemonData":{"spriteScale":-1,"ability":-1,"passive":-1,"passive2":-1,"passive3":-1,"nature":-1,"bonusMoveSlots":0,"abilityOverridesForm":false,"types":[],"hitsRecCount":null,"erBlackShiny":false,"erGiftAbilities":[],"erGiftIndex":0,"erShinyLabSuppressLocal":false,"erInnateShrineUnlocked":false,"erCursedStat":-1,"erLockedAbilitySlots":[],"erRunUnlockedAbilitySlots":[]},"mysteryEncounterPokemonData":null,"fusionMysteryEncounterPokemonData":null},{"id":1501105518,"player":true,"species":147,"formIndex":0,"abilityIndex":0,"passive":false,"shiny":false,"variant":0,"pokeball":0,"level":6,"exp":233,"levelExp":0,"gender":0,"hp":22,"stats":[22,14,12,12,12,12],"ivs":[30,31,31,27,30,29],"nature":0,"moveset":[{"moveId":34,"ppUsed":0,"ppUp":0},{"moveId":239,"ppUsed":0,"ppUp":0},{"moveId":55,"ppUsed":0,"ppUp":0},{"moveId":35,"ppUsed":0,"ppUp":0}],"status":null,"friendship":41,"metLevel":5,"metBiome":-1,"metSpecies":147,"metWave":-1,"luck":0,"pauseEvolutions":false,"pokerus":false,"usedTMs":[],"teraType":15,"isTerastallized":false,"stellarTypesBoosted":[],"fusionSpecies":null,"fusionShiny":false,"fusionVariant":0,"fusionLuck":0,"fusionTeraType":0,"boss":false,"bossSegments":0,"summonData":{"statStages":[0,0,0,0,0,0,0],"moveQueue":[],"tags":[],"abilitySuppressed":false,"abilitiesApplied":[],"chuckusterReductionUsed":false,"forceAttackerOutUsed":false,"erCommandedUsedThisSwitchIn":false,"stats":[0,0,0,0,0,0],"types":[],"berriesEatenLast":[],"moveHistory":[]},"battleData":{"hitCount":0,"hasEatenBerry":false,"berriesEaten":[],"anticipationDodgeUsed":false,"rudeAwakeningTriggered":false,"cowardProtectUsed":false,"lostItems":[]},"customPokemonData":{"spriteScale":-1,"ability":-1,"passive":-1,"passive2":-1,"passive3":-1,"nature":-1,"bonusMoveSlots":0,"abilityOverridesForm":false,"types":[],"hitsRecCount":null,"erBlackShiny":false,"erGiftAbilities":[],"erGiftIndex":0,"erShinyLabSuppressLocal":false,"erInnateShrineUnlocked":false,"erCursedStat":-1,"erLockedAbilitySlots":[],"erRunUnlockedAbilitySlots":[]},"fusionCustomPokemonData":{"spriteScale":-1,"ability":-1,"passive":-1,"passive2":-1,"passive3":-1,"nature":-1,"bonusMoveSlots":0,"abilityOverridesForm":false,"types":[],"hitsRecCount":null,"erBlackShiny":false,"erGiftAbilities":[],"erGiftIndex":0,"erShinyLabSuppressLocal":false,"erInnateShrineUnlocked":false,"erCursedStat":-1,"erLockedAbilitySlots":[],"erRunUnlockedAbilitySlots":[]},"mysteryEncounterPokemonData":null,"fusionMysteryEncounterPokemonData":null},{"id":2156916719,"player":true,"species":443,"formIndex":0,"abilityIndex":0,"passive":false,"shiny":false,"variant":0,"pokeball":0,"level":6,"exp":233,"levelExp":0,"gender":0,"hp":24,"stats":[24,15,12,11,12,13],"ivs":[31,31,31,31,31,31],"nature":0,"moveset":[{"moveId":431,"ppUsed":0,"ppUp":0},{"moveId":349,"ppUsed":0,"ppUp":0},{"moveId":616,"ppUsed":0,"ppUp":0},{"moveId":891,"ppUsed":0,"ppUp":0}],"status":null,"friendship":56,"metLevel":5,"metBiome":-1,"metSpecies":443,"metWave":-1,"luck":0,"pauseEvolutions":false,"pokerus":false,"usedTMs":[],"teraType":15,"isTerastallized":false,"stellarTypesBoosted":[],"fusionSpecies":null,"fusionShiny":false,"fusionVariant":0,"fusionLuck":0,"fusionTeraType":0,"boss":false,"bossSegments":0,"summonData":{"statStages":[0,0,0,0,0,0,0],"moveQueue":[],"tags":[],"abilitySuppressed":false,"abilitiesApplied":[],"chuckusterReductionUsed":false,"forceAttackerOutUsed":false,"erCommandedUsedThisSwitchIn":false,"stats":[0,0,0,0,0,0],"types":[],"berriesEatenLast":[],"moveHistory":[]},"battleData":{"hitCount":0,"hasEatenBerry":false,"berriesEaten":[],"anticipationDodgeUsed":false,"rudeAwakeningTriggered":false,"cowardProtectUsed":false,"lostItems":[]},"customPokemonData":{"spriteScale":-1,"ability":-1,"passive":-1,"passive2":-1,"passive3":-1,"nature":-1,"bonusMoveSlots":0,"abilityOverridesForm":false,"types":[],"hitsRecCount":null,"erBlackShiny":false,"erGiftAbilities":[],"erGiftIndex":0,"erShinyLabSuppressLocal":false,"erInnateShrineUnlocked":false,"erCursedStat":-1,"erLockedAbilitySlots":[],"erRunUnlockedAbilitySlots":[]},"fusionCustomPokemonData":{"spriteScale":-1,"ability":-1,"passive":-1,"passive2":-1,"passive3":-1,"nature":-1,"bonusMoveSlots":0,"abilityOverridesForm":false,"types":[],"hitsRecCount":null,"erBlackShiny":false,"erGiftAbilities":[],"erGiftIndex":0,"erShinyLabSuppressLocal":false,"erInnateShrineUnlocked":false,"erCursedStat":-1,"erLockedAbilitySlots":[],"erRunUnlockedAbilitySlots":[]},"mysteryEncounterPokemonData":null,"fusionMysteryEncounterPokemonData":null}],"modifiers":[{"player":true,"typeId":"MAP","args":[],"stackCount":1,"className":"MapModifier"},{"player":true,"typeId":"TEMP_STAT_STAGE_BOOSTER","typePregenArgs":[3],"args":[3,5,2],"stackCount":1,"className":"TempStatStageBoosterModifier"},{"player":true,"typeId":"BASE_STAT_BOOSTER","typePregenArgs":[3],"args":[3330133437,3],"stackCount":1,"className":"BaseStatModifier"},{"player":true,"typeId":"ER_COVERT_CLOAK","args":[3330133437,"covertCloak",false,0],"stackCount":1,"className":"ErTacticalItemModifier"},{"player":true,"typeId":"SUPER_EXP_CHARM","args":[60],"stackCount":1,"className":"ExpBoosterModifier"},{"player":true,"typeId":"EXP_SHARE","args":[],"stackCount":1,"className":"ExpShareModifier"},{"player":true,"typeId":"BASE_STAT_BOOSTER","typePregenArgs":[5],"args":[2156916719,5],"stackCount":3,"className":"BaseStatModifier"}],"money":1550,"pokeballCounts":{"0":5,"1":0,"2":0,"3":0,"4":0}}}
