{
  "invariant": "digest",
  "seed": 20365441,
  "wave": 79,
  "detail": "field - field: host=[{\"bi\":0,\"partyIndex\":0,\"speciesId\":890,\"hp\":2040,\"maxHp\":2065,\"status\":0,\"statStages\":[0,0,0,0,0,0,0],\"fainted\":false,\"abilityId\":212,\"formIndex\":0,\"isTerastallized\":false,\"teraType\":3,\"bossSegments\":0,\"bossSegmentIndex\":0,\"moves\":[[34,0],[247,0],[53,1],[85,0]],\"tags\":[],\"transformSpeciesId\":0,\"transformFormIndex\":0},{\"bi\":1,\"partyIndex\":1,\"speciesId\":150,\"hp\":0,\"maxHp\":1725,\"status\":4,\"statStages\":[0,0,-1,0,0,0,0],\"fainted\":true,\"abilityId\":227,\"formIndex\":0,\"isTerastallized\":false,\"teraType\":13,\"bossSegments\":0,\"bossSegmentIndex\":0,\"moves\":[[34,0],[247,0],[53,0],[85,0]],\"tags\":[\"CURSED\"],\"transformSpeciesId\":0,\"transformFormIndex\":0},{\"bi\":2,\"partyIndex\":0,\"speciesId\":477,\"hp\":0,\"maxHp\":133,\"status\":7,\"statStages\":[0,0,0,0,0,0,0],\"fainted\":true,\"abilityId\":5084,\"formIndex\":0,\"isTerastallized\":false,\"teraType\":7,\"bossSegments\":2,\"bossSegmentIndex\":0,\"moves\":[[5098,0],[409,0],[809,0],[663,1]],\"tags\":[],\"transformSpeciesId\":0,\"transformFormIndex\":0},{\"bi\":3,\"partyIndex\":1,\"speciesId\":94,\"hp\":0,\"maxHp\":158,\"status\":7,\"statStages\":[0,0,0,0,0,0,0],\"fainted\":true,\"abilityId\":5067,\"formIndex\":0,\"isTerastallized\":false,\"teraType\":7,\"bossSegments\":1,\"bossSegmentIndex\":0,\"moves\":[[661,0],[313,0],[5080,1],[95,2]],\"tags\":[],\"transformSpeciesId\":0,\"transformFormIndex\":0}] guest=[{\"bi\":0,\"partyIndex\":0,\"speciesId\":890,\"hp\":2040,\"maxHp\":2065,\"status\":0,\"statStages\":[0,0,0,0,0,0,0],\"fainted\":false,\"abilityId\":212,\"formIndex\":0,\"isTerastallized\":false,\"teraType\":3,\"bossSegments\":0,\"bossSegmentIndex\":0,\"moves\":[[34,0],[247,0],[53,1],[85,0]],\"tags\":[],\"transformSpeciesId\":0,\"transformFormIndex\":0},{\"bi\":1,\"partyIndex\":1,\"speciesId\":150,\"hp\":0,\"maxHp\":1725,\"status\":7,\"statStages\":[0,0,-1,0,0,0,0],\"fainted\":true,\"abilityId\":227,\"formIndex\":0,\"isTerastallized\":false,\"teraType\":13,\"bossSegments\":0,\"bossSegmentIndex\":0,\"moves\":[[34,0],[247,0],[53,0],[85,0]],\"tags\":[],\"transformSpeciesId\":0,\"transformFormIndex\":0},{\"bi\":2,\"partyIndex\":0,\"speciesId\":477,\"hp\":0,\"maxHp\":133,\"status\":7,\"statStages\":[0,0,0,0,0,0,0],\"fainted\":true,\"abilityId\":5084,\"formIndex\":0,\"isTerastallized\":false,\"teraType\":7,\"bossSegments\":2,\"bossSegmentIndex\":0,\"moves\":[[5098,0],[409,0],[809,0],[663,1]],\"tags\":[],\"transformSpeciesId\":0,\"transformFormIndex\":0},{\"bi\":3,\"partyIndex\":1,\"speciesId\":94,\"hp\":0,\"maxHp\":158,\"status\":7,\"statStages\":[0,0,0,0,0,0,0],\"fainted\":true,\"abilityId\":5067,\"formIndex\":0,\"isTerastallized\":false,\"teraType\":7,\"bossSegments\":1,\"bossSegmentIndex\":0,\"moves\":[[661,0],[313,0],[5080,1],[95,2]],\"tags\":[],\"transformSpeciesId\":0,\"transformFormIndex\":0}]",
  "replay": "SOAK_SEED=20365441",
  "phaseState": null,
  "actionScript": [
    "SKIP mysteryEncounterDisabledV1",
    "content seed=coop-soak-20365441 preseeded=false",
    "wave 1: host slot move=85 guest slot move=85",
    "wave 1 turn 1: guest SWITCH -> party[3]",
    "wave 1 turn 1: progress enemyHp=[16:0/14,263:14/14] playerHp=[890:2065/2065,150:1723/1725]",
    "wave 1 turn 2: replay guest reciprocally crossed cmd:1:2",
    "wave 1 turn 2: host SWITCH -> party[2]",
    "wave 1: reward shop owner=host take-nonparty",
    "wave 2 turn 1: replay guest reciprocally crossed cmd:2:1",
    "wave 2: host slot move=85 guest slot move=85",
    "wave 2 turn 1: progress enemyHp=[734:0/16,821:0/16] playerHp=[493:1865/1865,150:1723/1725]",
    "wave 2: reward shop owner=guest take-nonparty",
    "wave 3 turn 1: replay guest reciprocally crossed cmd:3:1",
    "wave 3: host slot move=34 guest slot move=53",
    "wave 3 turn 1: progress enemyHp=[664:0/16,519:0/18] playerHp=[493:1865/1865,150:1723/1725]",
    "wave 3: reward shop owner=host leave",
    "wave 4 turn 1: replay guest reciprocally crossed cmd:4:1",
    "wave 4: host slot move=85 guest slot move=34",
    "wave 4 turn 1: progress enemyHp=[191:0/19,16:0/18] playerHp=[493:1865/1865,150:1723/1725]",
    "wave 4: reward shop owner=guest leave",
    "wave 5 turn 1: replay guest reciprocally crossed cmd:5:1",
    "wave 5: TRAINER (fixed)",
    "wave 5: host slot move=53 guest slot move=34",
    "wave 5 turn 1: progress enemyHp=[19:0/17,13:0/18] playerHp=[493:1865/1865,150:1723/1725]",
    "wave 5: reward shop owner=host leave",
    "wave 6 turn 1: replay guest reciprocally crossed cmd:6:1",
    "wave 6: host slot move=247 guest slot move=85",
    "wave 6 turn 1: progress enemyHp=[546:0/18,10:0/21] playerHp=[493:1865/1865,150:1723/1725]",
    "wave 6: reward shop owner=guest take-nonparty",
    "wave 7 turn 1: replay guest reciprocally crossed cmd:7:1",
    "wave 7: host slot move=53 guest slot move=53",
    "wave 7 turn 1: progress enemyHp=[734:0/21,165:0/20] playerHp=[493:1865/1865,150:1723/1725]",
    "wave 7: reward shop owner=host leave",
    "wave 8 turn 1: replay guest reciprocally crossed cmd:8:1",
    "wave 8: TRAINER (fixed)",
    "wave 8 turn 1: host SWITCH -> party[2]",
    "wave 8: host slot move=85 guest slot move=53",
    "wave 8 turn 1: progress enemyHp=[650:27/27,661:0/23] playerHp=[890:2065/2065,150:1720/1725]",
    "wave 8 turn 2: replay guest reciprocally crossed cmd:8:2",
    "wave 8 turn 2: guest SWITCH -> party[3]",
    "wave 8: reward shop owner=guest take-nonparty",
    "wave 9 turn 1: replay guest reciprocally crossed cmd:9:1",
    "wave 9: host slot move=53 guest slot move=34",
    "wave 9 turn 1: progress enemyHp=[915:0/24,21:0/22] playerHp=[890:2065/2065,384:1715/1715]",
    "wave 9: reward shop owner=host take-nonparty",
    "wave 10 turn 1: replay guest reciprocally crossed cmd:10:1",
    "wave 10: host slot move=34 guest slot move=85",
    "wave 10 turn 1: progress enemyHp=[519:0/31,415:0/24] playerHp=[890:2065/2065,384:1712/1715]",
    "wave 10: drained 1 milestone reward continuation(s)",
    "wave 11 turn 1: replay guest reciprocally crossed cmd:11:1",
    "wave 11: host slot move=34 guest slot move=53",
    "wave 11 turn 1: guest SWITCH -> party[3]",
    "wave 11 turn 1: progress enemyHp=[293:0/32,11:28/28] playerHp=[890:2065/2065,150:1723/1725]",
    "wave 11 turn 2: replay guest reciprocally crossed cmd:11:2",
    "wave 11: reward shop owner=guest leave",
    "wave 12 turn 1: replay guest reciprocally crossed cmd:12:1",
    "wave 12: host slot move=85 guest slot move=34",
    "wave 12 turn 1: progress enemyHp=[415:0/28,293:0/35] playerHp=[890:2065/2065,150:1723/1725]",
    "wave 12: reward shop owner=host leave",
    "wave 13 turn 1: replay guest reciprocally crossed cmd:13:1",
    "wave 13: host slot move=53 guest slot move=34",
    "wave 13 turn 1: guest SWITCH -> party[3]",
    "wave 13 turn 1: progress enemyHp=[665:0/34,191:36/36] playerHp=[890:2064/2065,384:1715/1715]",
    "wave 13 turn 2: replay guest reciprocally crossed cmd:13:2",
    "wave 13: drained 1 milestone reward continuation(s)",
    "wave 14 turn 1: replay guest reciprocally crossed cmd:14:1",
    "wave 14: TRAINER (random)",
    "wave 14: host slot move=85 guest slot move=85",
    "wave 14 turn 1: progress enemyHp=[506:0/36,263:0/34] playerHp=[890:2065/2065,384:1715/1715]",
    "wave 14: reward shop owner=host take-nonparty",
    "wave 15 turn 1: replay guest reciprocally crossed cmd:15:1",
    "wave 15: host slot move=85 guest slot move=53",
    "wave 15 turn 1: guest SWITCH -> party[3]",
    "wave 15 turn 1: progress enemyHp=[504:0/43,163:47/47] playerHp=[890:2064/2065,150:1722/1725]",
    "wave 15 turn 2: replay guest reciprocally crossed cmd:15:2",
    "wave 15: reward shop owner=guest leave",
    "wave 16 turn 1: replay guest reciprocally crossed cmd:16:1",
    "wave 16: BIOME 0->26",
    "wave 16: host slot move=34 guest slot move=247",
    "wave 16 turn 1: progress enemyHp=[231:0/41,81:0/28] playerHp=[890:2065/2065,150:1722/1725]",
    "wave 16: reward shop owner=host leave",
    "wave 17 turn 1: replay guest reciprocally crossed cmd:17:1",
    "wave 17: host slot move=53 guest slot move=34",
    "wave 17 turn 1: progress enemyHp=[88:0/44,66:0/37] playerHp=[890:2065/2065,150:1722/1725]",
    "wave 17: reward shop owner=guest leave",
    "wave 18 turn 1: replay guest reciprocally crossed cmd:18:1",
    "wave 18: host slot move=247 guest slot move=85",
    "wave 18 turn 1: progress enemyHp=[66:39/39,296:43/43] playerHp=[890:2065/2065,150:1722/1725]",
    "wave 18 turn 2: replay guest reciprocally crossed cmd:18:2",
    "wave 18 turn 2: host SWITCH -> party[2]",
    "wave 18 turn 3: replay guest reciprocally crossed cmd:18:3",
    "wave 18: reward shop owner=host leave",
    "wave 19 turn 1: replay guest reciprocally crossed cmd:19:1",
    "wave 19: host slot move=34 guest slot move=53",
    "wave 19 turn 1: guest SWITCH -> party[3]",
    "wave 19 turn 1: progress enemyHp=[66:42/42,296:0/43] playerHp=[493:1865/1865,384:1715/1715]",
    "wave 19 turn 2: replay guest reciprocally crossed cmd:19:2",
    "wave 19 turn 2: guest SWITCH -> party[3]",
    "wave 19: reward shop owner=guest leave",
    "wave 20 turn 1: replay guest reciprocally crossed cmd:20:1",
    "wave 20: host slot move=85 guest slot move=247",
    "wave 20 turn 1: progress enemyHp=[299:0/32,81:0/33] playerHp=[493:1865/1865,150:1723/1725]",
    "wave 20: drained 1 milestone reward continuation(s)",
    "wave 21 turn 1: replay guest reciprocally crossed cmd:21:1",
    "wave 21 turn 1: host SWITCH -> party[2]",
    "wave 21: host slot move=53 guest slot move=34",
    "wave 21 turn 1: progress enemyHp=[66:47/47,299:1/32] playerHp=[890:2065/2065,150:1723/1725]",
    "wave 21 turn 2: replay guest reciprocally crossed cmd:21:2",
    "wave 21: reward shop owner=host take-nonparty",
    "wave 22 turn 1: replay guest reciprocally crossed cmd:22:1",
    "wave 22: host slot move=247 guest slot move=85",
    "wave 22 turn 1: progress enemyHp=[296:48/48,2074:37/37] playerHp=[890:2065/2065,150:1723/1725]",
    "wave 22 turn 2: replay guest reciprocally crossed cmd:22:2",
    "wave 22: reward shop owner=guest leave",
    "wave 23 turn 1: replay guest reciprocally crossed cmd:23:1",
    "wave 23: host slot move=34 guest slot move=53",
    "wave 23 turn 1: progress enemyHp=[109:0/43,559:0/42] playerHp=[890:2064/2065,150:1722/1725]",
    "wave 23: reward shop owner=host leave",
    "wave 24 turn 1: replay guest reciprocally crossed cmd:24:1",
    "wave 24: host slot move=85 guest slot move=247",
    "wave 24 turn 1: progress enemyHp=[66:0/47,50:0/32] playerHp=[890:2065/2065,150:1722/1725]",
    "wave 24: reward shop owner=guest leave",
    "wave 25 turn 1: replay guest reciprocally crossed cmd:25:1",
    "wave 25: TRAINER (fixed)",
    "wave 25: host slot move=53 guest slot move=34",
    "wave 25 turn 1: guest SWITCH -> party[3]",
    "wave 25 turn 1: progress enemyHp=[651:0/57,662:53/53] playerHp=[890:2063/2065,384:1713/1715]",
    "wave 25 turn 2: replay guest reciprocally crossed cmd:25:2",
    "wave 25 turn 2: host SWITCH -> party[2]",
    "wave 25: reward shop owner=host take-nonparty",
    "wave 26 turn 1: replay guest reciprocally crossed cmd:26:1",
    "wave 26: host slot move=247 guest slot move=85",
    "wave 26 turn 1: progress enemyHp=[296:0/59,299:1/42] playerHp=[493:1864/1865,384:1711/1715]",
    "wave 26 turn 2: replay guest reciprocally crossed cmd:26:2",
    "wave 26: reward shop owner=guest leave",
    "wave 27 turn 1: replay guest reciprocally crossed cmd:27:1",
    "wave 27 turn 1: host SWITCH -> party[2]",
    "wave 27: host slot move=34 guest slot move=53",
    "wave 27 turn 1: progress enemyHp=[88:52/72,109:0/52] playerHp=[890:2063/2065,384:1709/1715]",
    "wave 27 turn 2: replay guest reciprocally crossed cmd:27:2",
    "wave 27: reward shop owner=host leave",
    "wave 28 turn 1: replay guest reciprocally crossed cmd:28:1",
    "wave 28 turn 1: host SWITCH -> party[2]",
    "wave 28: host slot move=85 guest slot move=247",
    "wave 28 turn 1: progress enemyHp=[532:71/71,237:0/71] playerHp=[493:1865/1865,384:1708/1715]",
    "wave 28 turn 2: replay guest reciprocally crossed cmd:28:2",
    "wave 28: reward shop owner=guest take-nonparty",
    "wave 29 turn 1: replay guest reciprocally crossed cmd:29:1",
    "wave 29: BIOME 26->9",
    "wave 29: host slot move=53 guest slot move=34",
    "wave 29 turn 1: progress enemyHp=[746:0/49,746:0/54] playerHp=[493:1865/1865,384:1708/1715]",
    "wave 29: reward shop owner=host take-nonparty",
    "wave 30 turn 1: replay guest reciprocally crossed cmd:30:1",
    "wave 30: TRAINER (random)",
    "wave 30: host slot move=247 guest slot move=53",
    "wave 30 turn 1: guest SWITCH -> party[3]",
    "wave 30 turn 1: progress enemyHp=[394:0/63,194:62/62] playerHp=[493:1865/1865,150:1723/1725]",
    "wave 30 turn 2: replay guest reciprocally crossed cmd:30:2",
    "wave 30: drained 1 milestone reward continuation(s)",
    "wave 31 turn 1: replay guest reciprocally crossed cmd:31:1",
    "wave 31: host slot move=34 guest slot move=53",
    "wave 31 turn 1: progress enemyHp=[283:52/52,746:0/54] playerHp=[493:1865/1865,150:1725/1725]",
    "wave 31 turn 2: replay guest reciprocally crossed cmd:31:2",
    "wave 31: reward shop owner=guest leave",
    "wave 32 turn 1: replay guest reciprocally crossed cmd:32:1",
    "wave 32: host slot move=53 guest slot move=247",
    "wave 32 turn 1: progress enemyHp=[118:0/54,183:0/66] playerHp=[493:1865/1865,150:1725/1725]",
    "wave 32: reward shop owner=host take-nonparty",
    "wave 33 turn 1: replay guest reciprocally crossed cmd:33:1",
    "wave 33: host slot move=53 guest slot move=34",
    "wave 33 turn 1: guest SWITCH -> party[3]",
    "wave 33 turn 1: progress enemyHp=[833:0/60,8:59/59] playerHp=[493:1865/1865,384:1715/1715]",
    "wave 33 turn 2: replay guest reciprocally crossed cmd:33:2",
    "wave 33: reward shop owner=guest take-nonparty",
    "wave 34 turn 1: replay guest reciprocally crossed cmd:34:1",
    "wave 34: host slot move=53 guest slot move=53",
    "wave 34 turn 1: progress enemyHp=[194:0/65,194:0/65] playerHp=[493:1865/1865,384:1715/1715]",
    "wave 34: reward shop owner=host leave",
    "wave 35 turn 1: replay guest reciprocally crossed cmd:35:1",
    "wave 35: TRAINER (fixed)",
    "wave 35: host slot move=34 guest slot move=53",
    "wave 35 turn 1: guest SWITCH -> party[3]",
    "wave 35 turn 1: progress enemyHp=[49:0/75,96:75/75] playerHp=[493:1865/1865,150:1721/1725]",
    "wave 35 turn 2: replay guest reciprocally crossed cmd:35:2",
    "wave 35: reward shop owner=guest leave",
    "wave 36 turn 1: replay guest reciprocally crossed cmd:36:1",
    "wave 36: host slot move=85 guest slot move=247",
    "wave 36 turn 1: progress enemyHp=[752:0/74,271:0/65] playerHp=[493:1865/1865,150:1725/1725]",
    "wave 36: reward shop owner=host take-nonparty",
    "wave 37 turn 1: replay guest reciprocally crossed cmd:37:1",
    "wave 37: host slot move=53 guest slot move=34",
    "wave 37 turn 1: progress enemyHp=[833:0/67,833:0/67] playerHp=[493:1865/1865,150:1725/1725]",
    "wave 37: reward shop owner=guest leave",
    "wave 38 turn 1: replay guest reciprocally crossed cmd:38:1",
    "wave 38: host slot move=247 guest slot move=85",
    "wave 38 turn 1: progress enemyHp=[194:0/70,502:0/80] playerHp=[493:1865/1865,150:1725/1725]",
    "wave 38: reward shop owner=host take-nonparty",
    "wave 39 turn 1: replay guest reciprocally crossed cmd:39:1",
    "wave 39: host slot move=34 guest slot move=53",
    "wave 39 turn 1: progress enemyHp=[194:0/75,284:0/80] playerHp=[493:1865/1865,150:1725/1725]",
    "wave 39: reward shop owner=guest leave",
    "wave 40 turn 1: replay guest reciprocally crossed cmd:40:1",
    "wave 40: host slot move=85 guest slot move=247",
    "wave 40 turn 1: guest SWITCH -> party[3]",
    "wave 40 turn 1: progress enemyHp=[284:0/83,746:80/80] playerHp=[493:1859/1865,384:1712/1715]",
    "wave 40 turn 2: replay guest reciprocally crossed cmd:40:2",
    "wave 40 turn 2: guest SWITCH -> party[3]",
    "wave 40: drained 1 milestone reward continuation(s)",
    "wave 41 turn 1: replay guest reciprocally crossed cmd:41:1",
    "wave 41: host slot move=53 guest slot move=34",
    "wave 41 turn 1: progress enemyHp=[54:0/76,834:0/100] playerHp=[493:1859/1865,150:1718/1725]",
    "wave 41: reward shop owner=host take-nonparty",
    "wave 42 turn 1: replay guest reciprocally crossed cmd:42:1",
    "wave 42: DIGEST mismatch @wave-start class=unexpected fields=[field] -> one-heal resync",
    "wave 42: host slot move=247 guest slot move=85",
    "wave 42 turn 1: progress enemyHp=[284:0/96,752:0/93] playerHp=[493:1865/1865,150:1725/1725]",
    "wave 42: drained 1 milestone reward continuation(s)",
    "wave 43 turn 1: replay guest reciprocally crossed cmd:43:1",
    "wave 43: TRAINER (random)",
    "wave 43: host slot move=34 guest slot move=53",
    "wave 43 turn 1: progress enemyHp=[10391:0/118,689:0/109] playerHp=[493:1865/1865,150:1725/1725]",
    "wave 43: reward shop owner=host take-nonparty",
    "wave 44 turn 1: replay guest reciprocally crossed cmd:44:1",
    "wave 44: BIOME 9->3",
    "wave 44: host slot move=247 guest slot move=247",
    "wave 44 turn 1: progress enemyHp=[37:0/65,920:89/89] playerHp=[493:1865/1865,150:1725/1725]",
    "wave 44 turn 2: replay guest reciprocally crossed cmd:44:2",
    "wave 44 turn 2: guest SWITCH -> party[3]",
    "wave 44: reward shop owner=guest take-nonparty",
    "wave 45 turn 1: replay guest reciprocally crossed cmd:45:1",
    "wave 45: host slot move=53 guest slot move=34",
    "wave 45 turn 1: progress enemyHp=[336:0/93,291:85/85] playerHp=[493:1865/1865,384:1715/1715]",
    "wave 45 turn 2: replay guest reciprocally crossed cmd:45:2",
    "wave 45 turn 2: host SWITCH -> party[2]",
    "wave 45: reward shop owner=host take-nonparty",
    "wave 46 turn 1: replay guest reciprocally crossed cmd:46:1",
    "wave 46: host slot move=247 guest slot move=85",
    "wave 46 turn 1: progress enemyHp=[920:97/97,30:0/91] playerHp=[890:2065/2065,384:1715/1715]",
    "wave 46 turn 2: replay guest reciprocally crossed cmd:46:2",
    "wave 46: reward shop owner=guest take-nonparty",
    "wave 47 turn 1: replay guest reciprocally crossed cmd:47:1",
    "wave 47: host slot move=34 guest slot move=34",
    "wave 47 turn 1: guest SWITCH -> party[3]",
    "wave 47 turn 1: progress enemyHp=[33:0/88,531:117/117] playerHp=[890:2065/2065,150:1725/1725]",
    "wave 47 turn 2: replay guest reciprocally crossed cmd:47:2",
    "wave 47: reward shop owner=host leave",
    "wave 48 turn 1: replay guest reciprocally crossed cmd:48:1",
    "wave 48 turn 1: host SWITCH -> party[2]",
    "wave 48: host slot move=85 guest slot move=53",
    "wave 48 turn 1: progress enemyHp=[336:93/93,290:65/65] playerHp=[493:1865/1865,150:1725/1725]",
    "wave 48 turn 2: replay guest reciprocally crossed cmd:48:2",
    "wave 48 turn 2: guest SWITCH -> party[3]",
    "wave 48 turn 3: replay guest reciprocally crossed cmd:48:3",
    "wave 48 turn 4: replay guest reciprocally crossed cmd:48:4",
    "wave 48: reward shop owner=guest take-nonparty",
    "wave 49 turn 1: replay guest reciprocally crossed cmd:49:1",
    "wave 49 turn 1: host SWITCH -> party[2]",
    "wave 49: host slot move=53 guest slot move=53",
    "wave 49 turn 1: progress enemyHp=[920:97/97,335:0/104] playerHp=[890:2065/2065,384:1715/1715]",
    "wave 49 turn 2: replay guest reciprocally crossed cmd:49:2",
    "wave 49: reward shop owner=host take-nonparty",
    "wave 50 turn 1: replay guest reciprocally crossed cmd:50:1",
    "wave 50: host slot move=247 guest slot move=85",
    "wave 50 turn 1: guest SWITCH -> party[3]",
    "wave 50 turn 1: progress enemyHp=[336:0/104,336:104/104] playerHp=[890:2065/2065,150:1709/1725]",
    "wave 50 turn 2: replay guest reciprocally crossed cmd:50:2",
    "wave 50: drained 1 milestone reward continuation(s)",
    "wave 51 turn 1: replay guest reciprocally crossed cmd:51:1",
    "wave 51 turn 1: host SWITCH -> party[2]",
    "wave 51: host slot move=34 guest slot move=85",
    "wave 51 turn 1: progress enemyHp=[49:99/99,203:0/96] playerHp=[493:1865/1865,150:1709/1725]",
    "wave 51 turn 2: replay guest reciprocally crossed cmd:51:2",
    "wave 51 turn 2: host SWITCH -> party[2]",
    "wave 51: reward shop owner=guest take-nonparty",
    "wave 52 turn 1: replay guest reciprocally crossed cmd:52:1",
    "wave 52: host slot move=85 guest slot move=247",
    "wave 52 turn 1: progress enemyHp=[762:0/85,920:108/108] playerHp=[890:2065/2065,150:1709/1725]",
    "wave 52 turn 2: replay guest reciprocally crossed cmd:52:2",
    "wave 52: reward shop owner=host take-nonparty",
    "wave 53 turn 1: replay guest reciprocally crossed cmd:53:1",
    "wave 53: host slot move=53 guest slot move=34",
    "wave 53 turn 1: progress enemyHp=[920:0/111,33:0/101] playerHp=[890:2065/2065,150:1709/1725]",
    "wave 53: reward shop owner=guest take-nonparty",
    "wave 54 turn 1: replay guest reciprocally crossed cmd:54:1",
    "wave 54: TRAINER (random)",
    "wave 54: host slot move=247 guest slot move=85",
    "wave 54 turn 1: progress enemyHp=[758:0/111,274:0/112] playerHp=[890:2065/2065,150:1709/1725]",
    "wave 54: reward shop owner=host take-nonparty",
    "wave 54: armed owner Dex Nav picks",
    "wave 55 turn 1: replay guest reciprocally crossed cmd:55:1",
    "wave 55: TRAINER (fixed)",
    "wave 55: host slot move=34 guest slot move=53",
    "wave 55 turn 1: progress enemyHp=[652:0/142,663:0/124] playerHp=[890:2065/2065,150:1709/1725]",
    "wave 55 turn 2: replay guest reciprocally crossed cmd:55:2",
    "wave 55 turn 3: replay guest reciprocally crossed cmd:55:3",
    "wave 55: reward shop owner=guest take-nonparty",
    "wave 56 turn 1: replay guest reciprocally crossed cmd:56:1",
    "wave 56: host slot move=85 guest slot move=85",
    "wave 56 turn 1: progress enemyHp=[666:0/136,335:123/123] playerHp=[890:2065/2065,150:1703/1725]",
    "wave 56 turn 2: replay guest reciprocally crossed cmd:56:2",
    "wave 56: reward shop owner=host take-nonparty",
    "wave 57 turn 1: replay guest reciprocally crossed cmd:57:1",
    "wave 57: TRAINER (random)",
    "wave 57: host slot move=53 guest slot move=34",
    "wave 57 turn 1: progress enemyHp=[267:0/111,414:0/111] playerHp=[890:2065/2065,150:1703/1725]",
    "wave 57 turn 2: replay guest reciprocally crossed cmd:57:2",
    "wave 57: reward shop owner=guest take-nonparty",
    "wave 58 turn 1: replay guest reciprocally crossed cmd:58:1",
    "wave 58 turn 1: host SWITCH -> party[2]",
    "wave 58: host slot move=247 guest slot move=53",
    "wave 58 turn 1: progress enemyHp=[336:126/126,335:0/126] playerHp=[493:1865/1865,150:1703/1725]",
    "wave 58 turn 2: replay guest reciprocally crossed cmd:58:2",
    "wave 58: reward shop owner=host leave",
    "wave 59 turn 1: replay guest reciprocally crossed cmd:59:1",
    "wave 59: BIOME 3->19",
    "wave 59: host slot move=85 guest slot move=53",
    "wave 59 turn 1: progress enemyHp=[200:0/107,854:0/88] playerHp=[493:1865/1865,150:1703/1725]",
    "wave 59: reward shop owner=guest take-nonparty",
    "wave 60 turn 1: replay guest reciprocally crossed cmd:60:1",
    "wave 60: TRAINER (random)",
    "wave 60: host slot move=85 guest slot move=85",
    "wave 60 turn 1: guest SWITCH -> party[3]",
    "wave 60 turn 1: progress enemyHp=[6157:0/143,864:115/115] playerHp=[493:1865/1865,384:1707/1715]",
    "wave 60 turn 2: replay guest reciprocally crossed cmd:60:2",
    "wave 60 turn 3: replay guest reciprocally crossed cmd:60:3",
    "wave 60 turn 3: guest SWITCH -> party[3]",
    "wave 60: drained 1 milestone reward continuation(s)",
    "wave 61 turn 1: replay guest reciprocally crossed cmd:61:1",
    "wave 61: host slot move=247 guest slot move=53",
    "wave 61 turn 1: progress enemyHp=[710:0/99,778:93/106] playerHp=[493:1399/1865,150:1725/1725]",
    "wave 61 turn 2: replay guest reciprocally crossed cmd:61:2",
    "wave 61 turn 2: guest SWITCH -> party[3]",
    "wave 61 turn 3: replay guest reciprocally crossed cmd:61:3",
    "wave 61 turn 4: replay guest reciprocally crossed cmd:61:4",
    "wave 61: reward shop owner=host leave",
    "wave 62 turn 1: replay guest reciprocally crossed cmd:62:1",
    "wave 62: TRAINER (fixed)",
    "wave 62: host slot move=247 guest slot move=85",
    "wave 62 turn 1: progress enemyHp=[97:0/148,4110:0/139] playerHp=[493:1/1865,384:488/1715]",
    "wave 62 turn 2: replay guest reciprocally crossed cmd:62:2",
    "wave 62: reward shop owner=guest leave",
    "wave 63 turn 1: replay guest reciprocally crossed cmd:63:1",
    "wave 63: DIGEST mismatch @wave-start class=unexpected fields=[field] -> one-heal resync",
    "wave 63 turn 1: host SWITCH -> party[2]",
    "wave 63: host slot move=53 guest slot move=53",
    "wave 63 turn 1: progress enemyHp=[354:134/145,709:0/139] playerHp=[890:2061/2065,384:469/1715]",
    "wave 63 turn 2: replay guest reciprocally crossed cmd:63:2",
    "wave 63: drained 1 milestone reward continuation(s)",
    "wave 64 turn 1: replay guest reciprocally crossed cmd:64:1",
    "wave 64: TRAINER (fixed)",
    "wave 64: host slot move=53 guest slot move=34",
    "wave 64 turn 1: progress enemyHp=[2105:0/136,2020:0/136] playerHp=[890:1678/2065,384:456/1715]",
    "wave 64 turn 2: replay guest reciprocally crossed cmd:64:2",
    "wave 64: reward shop owner=guest leave",
    "wave 65 turn 1: replay guest reciprocally crossed cmd:65:1",
    "wave 65: host slot move=85 guest slot move=85",
    "wave 65 turn 1: guest SWITCH -> party[3]",
    "wave 65 turn 1: progress enemyHp=[608:0/122,710:106/106] playerHp=[890:1936/2065,150:1721/1725]",
    "wave 65 turn 2: replay guest reciprocally crossed cmd:65:2",
    "wave 65: reward shop owner=host take-nonparty",
    "wave 66 turn 1: replay guest reciprocally crossed cmd:66:1",
    "wave 66: TRAINER (fixed)",
    "wave 66 turn 1: host SWITCH -> party[2]",
    "wave 66: host slot move=247 guest slot move=53",
    "wave 66 turn 1: guest SWITCH -> party[3]",
    "wave 66 turn 1: progress enemyHp=[49:137/137,94:122/132] playerHp=[493:1860/1865,384:1709/1715]",
    "wave 66 turn 2: replay guest reciprocally crossed cmd:66:2",
    "wave 66 turn 2: guest SWITCH -> party[3]",
    "wave 66 turn 3: replay guest reciprocally crossed cmd:66:3",
    "wave 66 turn 4: replay guest reciprocally crossed cmd:66:4",
    "wave 66 turn 5: replay guest reciprocally crossed cmd:66:5",
    "wave 66: reward shop owner=guest take-nonparty",
    "wave 67 turn 1: replay guest reciprocally crossed cmd:67:1",
    "wave 67: host slot move=85 guest slot move=247",
    "wave 67 turn 1: progress enemyHp=[93:0/105,608:0/120] playerHp=[493:1851/1865,150:1717/1725]",
    "wave 67: reward shop owner=host leave",
    "wave 68 turn 1: replay guest reciprocally crossed cmd:68:1",
    "wave 68 turn 1: host SWITCH -> party[2]",
    "wave 68: host slot move=53 guest slot move=247",
    "wave 68 turn 1: progress enemyHp=[972:138/139,986:0/179] playerHp=[890:2065/2065,150:1711/1725]",
    "wave 68 turn 2: replay guest reciprocally crossed cmd:68:2",
    "wave 68: drained 1 milestone reward continuation(s)",
    "wave 69 turn 1: replay guest reciprocally crossed cmd:69:1",
    "wave 69: host slot move=53 guest slot move=247",
    "wave 69 turn 1: progress enemyHp=[354:0/153,711:0/151] playerHp=[890:1549/2065,150:849/1725]",
    "wave 69: reward shop owner=host leave",
    "wave 70 turn 1: replay guest reciprocally crossed cmd:70:1",
    "wave 70: host slot move=85 guest slot move=85",
    "wave 70 turn 1: progress enemyHp=[477:0/116,937:0/142] playerHp=[890:1664/2065,150:849/1725]",
    "wave 70: drained 1 milestone reward continuation(s)",
    "wave 71 turn 1: replay guest reciprocally crossed cmd:71:1",
    "wave 71: host slot move=53 guest slot move=247",
    "wave 71 turn 1: progress enemyHp=[429:0/143,563:0/150] playerHp=[890:1148/2065,150:418/1725]",
    "wave 71: reward shop owner=guest take-nonparty",
    "wave 72 turn 1: replay guest reciprocally crossed cmd:72:1",
    "wave 72: host slot move=85 guest slot move=85",
    "wave 72 turn 1: progress enemyHp=[354:0/159,709:0/163] playerHp=[890:761/2065,150:0/1725]",
    "wave 72: reward shop owner=host take-nonparty",
    "wave 73 turn 1: replay guest reciprocally crossed cmd:73:1",
    "wave 73: DIGEST mismatch @wave-start class=unexpected fields=[field] -> one-heal resync",
    "wave 73: host slot move=53 guest slot move=53",
    "wave 73 turn 1: progress enemyHp=[937:0/167,911:0/207] playerHp=[890:374/2065,384:1715/1715]",
    "wave 73: DIGEST mismatch @post-turn class=unexpected fields=[field,heldItems] -> one-heal resync",
    "wave 73: drained 1 milestone reward continuation(s)",
    "wave 74 turn 1: replay guest reciprocally crossed cmd:74:1",
    "wave 74: host slot move=53 guest slot move=53",
    "wave 74 turn 1: guest SWITCH -> party[3]",
    "wave 74 turn 1: progress enemyHp=[356:0/119,711:144/144] playerHp=[890:503/2065,150:1725/1725]",
    "wave 74 turn 2: replay guest reciprocally crossed cmd:74:2",
    "wave 74: reward shop owner=host take-nonparty",
    "wave 75 turn 1: replay guest reciprocally crossed cmd:75:1",
    "wave 75: host slot move=247 guest slot move=247",
    "wave 75 turn 1: progress enemyHp=[937:0/156,356:0/111] playerHp=[890:0/2065,150:1725/1725]",
    "wave 75: reward shop owner=guest leave",
    "wave 76 turn 1: replay guest reciprocally crossed cmd:76:1",
    "wave 76: host slot move=53 guest slot move=247",
    "wave 76 turn 1: progress enemyHp=[972:0/147,972:0/150] playerHp=[493:1399/1865,150:1294/1725]",
    "wave 76: DIGEST mismatch @post-turn class=unexpected fields=[field,heldItems] -> one-heal resync",
    "wave 76: reward shop owner=host take-nonparty",
    "wave 77 turn 1: replay guest reciprocally crossed cmd:77:1",
    "wave 77: TRAINER (random)",
    "wave 77: host slot move=53 guest slot move=85",
    "wave 77 turn 1: progress enemyHp=[10024:0/189,10065:0/141] playerHp=[493:1399/1865,150:1294/1725]",
    "wave 77 turn 2: replay guest reciprocally crossed cmd:77:2",
    "wave 77: reward shop owner=guest take-nonparty",
    "wave 78 turn 1: replay guest reciprocally crossed cmd:78:1",
    "wave 78: host slot move=85 guest slot move=85",
    "wave 78 turn 1: progress enemyHp=[711:0/172,711:0/142] playerHp=[493:933/1865,150:863/1725]",
    "wave 78: drained 1 milestone reward continuation(s)",
    "wave 79 turn 1: replay guest reciprocally crossed cmd:79:1",
    "wave 79: host slot move=53 guest slot move=53",
    "wave 79 turn 1: progress enemyHp=[477:0/133,94:158/158] playerHp=[493:460/1865,150:432/1725]",
    "wave 79 turn 2: replay guest reciprocally crossed cmd:79:2",
    "wave 79 turn 3: replay guest reciprocally crossed cmd:79:3",
    "wave 79: DIGEST mismatch @post-turn class=unexpected fields=[field,arenaTags,heldItems] -> one-heal resync"
  ]
}