{
  "invariant": "digest",
  "seed": 20470471,
  "wave": 26,
  "detail": "field - field: host=[{\"bi\":0,\"partyIndex\":0,\"speciesId\":890,\"hp\":2065,\"maxHp\":2065,\"status\":0,\"statStages\":[-1,0,0,0,0,0,0],\"fainted\":false,\"abilityId\":212,\"formIndex\":0,\"isTerastallized\":false,\"teraType\":3,\"bossSegments\":0,\"bossSegmentIndex\":0,\"moves\":[[34,0],[247,0],[53,0],[85,0]],\"tags\":[],\"transformSpeciesId\":0,\"transformFormIndex\":0},{\"bi\":1,\"partyIndex\":1,\"speciesId\":150,\"hp\":1725,\"maxHp\":1725,\"status\":0,\"statStages\":[-1,0,0,0,0,0,0],\"fainted\":false,\"abilityId\":5025,\"formIndex\":0,\"isTerastallized\":false,\"teraType\":13,\"bossSegments\":0,\"bossSegmentIndex\":0,\"moves\":[[34,0],[247,0],[53,0],[85,0]],\"tags\":[],\"transformSpeciesId\":0,\"transformFormIndex\":0},{\"bi\":2,\"partyIndex\":0,\"speciesId\":8,\"hp\":56,\"maxHp\":56,\"status\":0,\"statStages\":[0,0,0,0,0,0,0],\"fainted\":false,\"abilityId\":192,\"formIndex\":0,\"isTerastallized\":false,\"teraType\":10,\"bossSegments\":2,\"bossSegmentIndex\":1,\"moves\":[[518,0],[281,0],[886,0],[346,0]],\"tags\":[],\"transformSpeciesId\":0,\"transformFormIndex\":0},{\"bi\":3,\"partyIndex\":1,\"speciesId\":833,\"hp\":53,\"maxHp\":51,\"status\":0,\"statStages\":[0,0,0,0,0,0,0],\"fainted\":false,\"abilityId\":5102,\"formIndex\":0,\"isTerastallized\":false,\"teraType\":10,\"bossSegments\":1,\"bossSegmentIndex\":0,\"moves\":[[534,0],[5002,0],[33,0],[397,0]],\"tags\":[],\"transformSpeciesId\":0,\"transformFormIndex\":0}] guest=[{\"bi\":0,\"partyIndex\":0,\"speciesId\":890,\"hp\":2065,\"maxHp\":2065,\"status\":0,\"statStages\":[-1,0,0,0,0,0,0],\"fainted\":false,\"abilityId\":212,\"formIndex\":0,\"isTerastallized\":false,\"teraType\":3,\"bossSegments\":0,\"bossSegmentIndex\":0,\"moves\":[[34,0],[247,0],[53,0],[85,0]],\"tags\":[],\"transformSpeciesId\":0,\"transformFormIndex\":0},{\"bi\":1,\"partyIndex\":1,\"speciesId\":150,\"hp\":1725,\"maxHp\":1725,\"status\":0,\"statStages\":[-1,0,0,0,0,0,0],\"fainted\":false,\"abilityId\":5025,\"formIndex\":0,\"isTerastallized\":false,\"teraType\":13,\"bossSegments\":0,\"bossSegmentIndex\":0,\"moves\":[[34,0],[247,0],[53,0],[85,0]],\"tags\":[],\"transformSpeciesId\":0,\"transformFormIndex\":0},{\"bi\":2,\"partyIndex\":0,\"speciesId\":8,\"hp\":56,\"maxHp\":56,\"status\":0,\"statStages\":[0,0,0,0,0,0,0],\"fainted\":false,\"abilityId\":192,\"formIndex\":0,\"isTerastallized\":false,\"teraType\":10,\"bossSegments\":2,\"bossSegmentIndex\":1,\"moves\":[[518,0],[281,0],[886,0],[346,0]],\"tags\":[],\"transformSpeciesId\":0,\"transformFormIndex\":0},{\"bi\":3,\"partyIndex\":1,\"speciesId\":833,\"hp\":51,\"maxHp\":51,\"status\":0,\"statStages\":[0,0,0,0,0,0,0],\"fainted\":false,\"abilityId\":5102,\"formIndex\":0,\"isTerastallized\":false,\"teraType\":10,\"bossSegments\":1,\"bossSegmentIndex\":0,\"moves\":[[534,0],[5002,0],[33,0],[397,0]],\"tags\":[],\"transformSpeciesId\":0,\"transformFormIndex\":0}]",
  "replay": "SOAK_SEED=20470471",
  "phaseState": null,
  "actionScript": [
    "SKIP mysteryEncounterDisabledV1",
    "content seed=coop-soak-20470471 preseeded=false",
    "wave 1: host slot move=85 guest slot move=53",
    "wave 1 turn 1: progress enemyHp=[16:0/14,263:0/14] playerHp=[890:2065/2065,384:1715/1715]",
    "wave 1: reward shop owner=host leave",
    "wave 2 turn 1: replay guest reciprocally crossed cmd:2:1",
    "wave 2: host slot move=85 guest slot move=247",
    "wave 2 turn 1: guest SWITCH -> party[3]",
    "wave 2 turn 1: progress enemyHp=[831:0/16,283:16/16] playerHp=[890:2065/2065,150:1725/1725]",
    "wave 2 turn 2: replay guest reciprocally crossed cmd:2:2",
    "wave 2: reward shop owner=guest leave",
    "wave 3 turn 1: replay guest reciprocally crossed cmd:3:1",
    "wave 3: host slot move=53 guest slot move=34",
    "wave 3 turn 1: progress enemyHp=[29:0/17,263:0/16] playerHp=[890:1404/2065,150:1725/1725]",
    "wave 3: reward shop owner=host leave",
    "wave 4 turn 1: replay guest reciprocally crossed cmd:4:1",
    "wave 4: host slot move=247 guest slot move=85",
    "wave 4 turn 1: progress enemyHp=[415:0/18,29:0/19] playerHp=[890:1533/2065,150:1725/1725]",
    "wave 4: reward shop owner=guest take-nonparty",
    "wave 5 turn 1: replay guest reciprocally crossed cmd:5:1",
    "wave 5: TRAINER (fixed)",
    "wave 5: host slot move=53 guest slot move=34",
    "wave 5 turn 1: progress enemyHp=[504:0/18,399:0/20] playerHp=[890:1662/2065,150:1725/1725]",
    "wave 5: reward shop owner=host take-nonparty",
    "wave 6 turn 1: replay guest reciprocally crossed cmd:6:1",
    "wave 6: host slot move=85 guest slot move=247",
    "wave 6 turn 1: guest SWITCH -> party[3]",
    "wave 6 turn 1: progress enemyHp=[824:0/17,43:18/18] playerHp=[890:1791/2065,384:1715/1715]",
    "wave 6 turn 2: replay guest reciprocally crossed cmd:6:2",
    "wave 6: reward shop owner=guest leave",
    "wave 7 turn 1: replay guest reciprocally crossed cmd:7:1",
    "wave 7: host slot move=34 guest slot move=34",
    "wave 7 turn 1: progress enemyHp=[824:0/19,915:0/24] playerHp=[890:1534/2065,384:1715/1715]",
    "wave 7: reward shop owner=host leave",
    "wave 8 turn 1: replay guest reciprocally crossed cmd:8:1",
    "wave 8: TRAINER (fixed)",
    "wave 8: host slot move=247 guest slot move=85",
    "wave 8 turn 1: progress enemyHp=[252:0/24,396:0/22] playerHp=[890:1663/2065,384:1715/1715]",
    "wave 8: reward shop owner=guest take-nonparty",
    "wave 9 turn 1: replay guest reciprocally crossed cmd:9:1",
    "wave 9: host slot move=85 guest slot move=53",
    "wave 9 turn 1: guest SWITCH -> party[3]",
    "wave 9 turn 1: progress enemyHp=[661:0/23,268:26/26] playerHp=[890:1791/2065,150:1725/1725]",
    "wave 9 turn 2: replay guest reciprocally crossed cmd:9:2",
    "wave 9: reward shop owner=host leave",
    "wave 10 turn 1: replay guest reciprocally crossed cmd:10:1",
    "wave 10: host slot move=85 guest slot move=247",
    "wave 10 turn 1: guest SWITCH -> party[3]",
    "wave 10 turn 1: progress enemyHp=[273:0/24,14:19/27] playerHp=[890:1629/2065,384:1714/1715]",
    "wave 10 turn 2: replay guest reciprocally crossed cmd:10:2",
    "wave 10: drained 1 milestone reward continuation(s)",
    "wave 11 turn 1: replay guest reciprocally crossed cmd:11:1",
    "wave 11: host slot move=53 guest slot move=85",
    "wave 11 turn 1: progress enemyHp=[831:0/29,263:0/26] playerHp=[890:1243/2065,384:1714/1715]",
    "wave 11: reward shop owner=guest leave",
    "wave 12 turn 1: replay guest reciprocally crossed cmd:12:1",
    "wave 12: host slot move=53 guest slot move=53",
    "wave 12 turn 1: progress enemyHp=[263:0/30,52:0/28] playerHp=[890:1372/2065,384:1714/1715]",
    "wave 12: reward shop owner=host leave",
    "wave 13 turn 1: replay guest reciprocally crossed cmd:13:1",
    "wave 13 turn 1: host SWITCH -> party[2]",
    "wave 13: host slot move=34 guest slot move=85",
    "wave 13 turn 1: guest SWITCH -> party[3]",
    "wave 13 turn 1: progress enemyHp=[261:32/32,401:32/32] playerHp=[493:1863/1865,150:1723/1725]",
    "wave 13 turn 2: replay guest reciprocally crossed cmd:13:2",
    "wave 13: reward shop owner=guest take-nonparty",
    "wave 14 turn 1: replay guest reciprocally crossed cmd:14:1",
    "wave 14: host slot move=34 guest slot move=85",
    "wave 14 turn 1: progress enemyHp=[276:0/37,402:0/47] playerHp=[493:1180/1865,150:1723/1725]",
    "wave 14: reward shop owner=host leave",
    "wave 15 turn 1: replay guest reciprocally crossed cmd:15:1",
    "wave 15: host slot move=53 guest slot move=34",
    "wave 15 turn 1: progress enemyHp=[48:0/47,273:0/41] playerHp=[493:1180/1865,150:1723/1725]",
    "wave 15: drained 1 milestone reward continuation(s)",
    "wave 16 turn 1: replay guest reciprocally crossed cmd:16:1",
    "wave 16: BIOME 0->9",
    "wave 16: TRAINER (random)",
    "wave 16: host slot move=247 guest slot move=85",
    "wave 16 turn 1: progress enemyHp=[559:0/35,532:0/40] playerHp=[493:1180/1865,150:1723/1725]",
    "wave 16 turn 2: replay guest reciprocally crossed cmd:16:2",
    "wave 16: reward shop owner=host leave",
    "wave 17 turn 1: replay guest reciprocally crossed cmd:17:1",
    "wave 17: host slot move=34 guest slot move=53",
    "wave 17 turn 1: progress enemyHp=[833:0/33,129:0/28] playerHp=[493:1412/1865,150:1725/1725]",
    "wave 17: reward shop owner=guest take-nonparty",
    "wave 18 turn 1: replay guest reciprocally crossed cmd:18:1",
    "wave 18: host slot move=85 guest slot move=247",
    "wave 18 turn 1: progress enemyHp=[129:0/30,194:0/40] playerHp=[493:1528/1865,150:1725/1725]",
    "wave 18: reward shop owner=host leave",
    "wave 19 turn 1: replay guest reciprocally crossed cmd:19:1",
    "wave 19: host slot move=53 guest slot move=247",
    "wave 19 turn 1: progress enemyHp=[283:37/37,118:0/36] playerHp=[493:1644/1865,150:1725/1725]",
    "wave 19 turn 2: replay guest reciprocally crossed cmd:19:2",
    "wave 19: reward shop owner=guest take-nonparty",
    "wave 20 turn 1: replay guest reciprocally crossed cmd:20:1",
    "wave 20 turn 1: host SWITCH -> party[2]",
    "wave 20: host slot move=247 guest slot move=85",
    "wave 20 turn 1: progress enemyHp=[283:35/35,183:0/47] playerHp=[890:2065/2065,150:1719/1725]",
    "wave 20 turn 2: replay guest reciprocally crossed cmd:20:2",
    "wave 20: drained 1 milestone reward continuation(s)",
    "wave 21 turn 1: replay guest reciprocally crossed cmd:21:1",
    "wave 21: host slot move=34 guest slot move=53",
    "wave 21 turn 1: guest SWITCH -> party[3]",
    "wave 21 turn 1: progress enemyHp=[283:39/39,79:53/53] playerHp=[890:2065/2065,384:1715/1715]",
    "wave 21 turn 2: replay guest reciprocally crossed cmd:21:2",
    "wave 21: reward shop owner=host leave",
    "wave 22 turn 1: replay guest reciprocally crossed cmd:22:1",
    "wave 22: host slot move=85 guest slot move=247",
    "wave 22 turn 1: progress enemyHp=[283:39/39,746:0/40] playerHp=[890:2065/2065,384:1715/1715]",
    "wave 22 turn 2: replay guest reciprocally crossed cmd:22:2",
    "wave 22 turn 2: guest SWITCH -> party[3]",
    "wave 22: reward shop owner=guest take-nonparty",
    "wave 23 turn 1: replay guest reciprocally crossed cmd:23:1",
    "wave 23: host slot move=53 guest slot move=34",
    "wave 23 turn 1: progress enemyHp=[283:0/41,183:0/47] playerHp=[890:2065/2065,150:1725/1725]",
    "wave 23: reward shop owner=host take-nonparty",
    "wave 24 turn 1: replay guest reciprocally crossed cmd:24:1",
    "wave 24: host slot move=247 guest slot move=85",
    "wave 24 turn 1: progress enemyHp=[183:0/53,746:0/40] playerHp=[890:2065/2065,150:1725/1725]",
    "wave 24: reward shop owner=guest take-nonparty",
    "wave 25 turn 1: replay guest reciprocally crossed cmd:25:1",
    "wave 25: TRAINER (fixed)",
    "wave 25: host slot move=34 guest slot move=34",
    "wave 25 turn 1: progress enemyHp=[253:0/51,397:0/50] playerHp=[890:2065/2065,150:1725/1725]",
    "wave 25 turn 2: replay guest reciprocally crossed cmd:25:2",
    "wave 25: reward shop owner=host leave",
    "wave 26 turn 1: replay guest reciprocally crossed cmd:26:1",
    "wave 26: DIGEST mismatch @wave-start class=unexpected fields=[field] -> one-heal resync"
  ]
}