url:      https://elite-redux-staging.pages.dev/
build:    mrhl3isy-6407
mode:     6  wave:1
seed:     fSmxSkxuUwYecKQSm5syuCoh
party:    Kangaskhan(L5 27hp f0), Vulpix(L5 20hp f0), Goldeen(L5 21hp f0), Venonat(L5 22hp f0), Ponyta(L5 21hp f0)
enemy:    Whismur(L2), Whismur(L2)

----- COMMENT -----
stuck once both players choose a move

----- CO-OP CONTROL PLANE -----
session:  role=host seat=0 gen=0g netcode=authoritative PRESENTATION-FINGERPRINT-MISMATCH
members:  rev=1 state=active connectionGen=0 present=[0:host=true, 1:guest=true]
phase:    running=CommandPhase queue=[EnemyCommandPhase, EnemyCommandPhase, TurnStartPhase]
interact: counter=0 awaiting=none
commands: pending=[guest@t1{0/1/2/3}]
rendez:   awaiting=[] localArrived=[cmd:1:1] partnerArrived=[cmd:1:1]
transport(local): state=connected generation=0 lastRx=10s
causal:   1/1 most-recent edges
  #1 lobby:start-new-committed id=mrhmcsf6-0.8qlc189dnob-1 role=host @e1826662611389152

----- CONSOLE -----
[09:54:55.052] LOG: %c %c %c %c %c Phaser v3.90.0 (WebGL | Web Audio) %c https://phaser.io/v390 background: #ff0000 background: #ffff00 background: #00ff00 background: #00ffff color: #ffffff; background: #000000 background: transparent
[09:54:58.048] LOG: [ER] build mrhl3isy-6407
[09:54:58.316] LOG: [dev-tools] loaded — 526 scenarios + Send Logs button
[09:55:37.980] DEBUG: Destroying loading scene
[09:55:37.980] DEBUG: Destroyed loading scene
[09:55:38.287] LOG: Seed: fSmxSkxuUwYecKQSm5syuCoh
[09:55:38.287] LOG: Wave Seed: fSmxSkxuUwYecKQSm5syuCoh 0
[09:56:06.591] LOG: %cStart Phase LoginPhase color:green;
[09:56:06.994] LOG: Client Session: K2nXYTqp03Dc9xbeCPirIClDOKzlgRqa
[09:56:07.703] DEBUG: Using cached system data
[09:56:08.022] LOG: %cStart Phase TitlePhase color:green;
[09:56:08.024] LOG: Getting Session Slot id: %d 4
[09:56:08.064] LOG: use seasonal splash messages true
[09:56:24.741] LOG: [coop:lobby] start announce name=Heraklines1
[09:56:25.631] LOG: [coop:lobby] announced id=c133c592-e21e-4878-be71-443d36122ada -> begin polling
[09:56:25.871] LOG: [coop:lobby] poll players=0
[09:56:27.592] LOG: [coop:lobby] poll players=0
[09:56:29.401] LOG: [coop:lobby] poll players=0
[09:56:31.191] LOG: [coop:lobby] poll players=0
[09:56:33.083] LOG: [coop:lobby] poll players=0
[09:56:34.897] LOG: [coop:lobby] poll players=0
[09:56:36.769] LOG: [coop:lobby] poll players=1
[09:56:38.620] LOG: [coop:lobby] poll: incoming request from=2ecc67dd-0fc2-45f4-b34c-503bf39ad20e name=test4
[09:56:38.627] LOG: [coop:lobby] poll players=1
[09:56:38.748] LOG: [coop:lobby] respond accept=true from=2ecc67dd-0fc2-45f4-b34c-503bf39ad20e (self=c133c592-e21e-4878-be71-443d36122ada)
[09:56:39.328] LOG: [coop:launch] lobby connect code=Q3SK6R role=host name=Heraklines1
[09:56:39.334] LOG: [coop:launch] connectCoopWithCode code=Q3SK6R role=host username=Heraklines1
[09:56:39.335] LOG: [coop:launch] exchange SDP start code=Q3SK6R role=host (ice=fetched)
[09:56:39.634] LOG: [coop:launch] ICE from worker /coop/ice servers=1
[09:56:40.220] LOG: [coop:launch] host pushing offer code=Q3SK6R (ICE gathered)
[09:56:40.221] LOG: [coop:launch] pushSignal code=Q3SK6R role=host sdpBytes=1569
[09:56:40.510] LOG: [coop:launch] await peer signal start code=Q3SK6R role=host timeout=60000ms
[09:56:41.323] LOG: [coop:launch] iceConnectionState=checking code=Q3SK6R role=host
[09:56:41.324] LOG: [coop:launch] pcConnectionState=connecting code=Q3SK6R role=host
[09:56:41.996] LOG: [coop:launch] await peer signal resolve code=Q3SK6R role=host (648b)
[09:56:41.996] LOG: [coop:launch] host received answer code=Q3SK6R -> setRemoteDescription
[09:56:42.022] LOG: [coop:launch] await data channel open (state=connecting timeout=30000ms)
[09:56:42.026] LOG: [coop:launch] iceConnectionState=connected code=Q3SK6R role=host
[09:56:42.032] LOG: [coop:launch] pcConnectionState=connected code=Q3SK6R role=host
[09:56:42.048] LOG: [coop:launch] data channel OPEN
[09:56:42.049] LOG: [coop:webrtc] ctor role=host readyState=open state=connected
[09:56:42.051] LOG: [coop:launch] connectCoopSession role=host state=connected username=Heraklines1 netcode=authoritative
[09:56:42.058] LOG: [coop:stream] streamer CONSTRUCT timeout=1200000ms onMessage registered
[09:56:42.060] LOG: [coop:stream] guest REGISTER onGhostPool handler (bufferedEarly=false)
[09:56:42.060] LOG: [coop:stream] host REGISTER onStateSyncRequest handler (was=false)
[09:56:42.061] LOG: [coop:stream] host REGISTER onEnemyPartyRequest handler (was=false)
[09:56:42.062] LOG: [coop:stream] guest REGISTER onWaveResolved handler (was=false)
[09:56:42.062] LOG: [coop:stream] guest REGISTER onWaveEndState handler (was=false)
[09:56:42.063] LOG: [coop:stream] watcher REGISTER onMeChecksum handler (was=false)
[09:56:42.063] LOG: [coop:turn] host recorder: REGISTER live emitter (was=false)
[09:56:42.067] LOG: [coop:session] coopAuthoritativeGuestPredicate INSTALLED
[09:56:42.067] LOG: [coop:launch] peer session ready role=host netcode=authoritative -> connecting
[09:56:42.068] LOG: [coop:launch] session connect role=host partnerRole=guest netcode=authoritative username=Heraklines1 version=er-coop-29 tiebreak=0.24274121832112217
[09:56:42.070] LOG: [coop:webrtc] raw tx role=host t=hello bytes=445
[09:56:42.153] LOG: [coop:checksum] dataFingerprint compute moveMap=e9b828360aafb9e2(1032) movesData=6ba757f0b644976c(1107) movesName=fad7fe8932ec09a1(1107) movesets=573b3b198f518a35(1908) abilitiesData=3088ac8089021d9e(1047) abilitiesName=d96ec4d9a76806d2(1047)
[09:56:42.155] LOG: [coop:webrtc] raw tx role=host t=dataFingerprint bytes=329
[09:56:42.155] LOG: [coop:launch] lobby connected code=Q3SK6R role=host -> onConnected
[09:56:42.158] LOG: [coop:owner] ownerOf(counter=0) seat=0 -> owner=host
[09:56:42.158] LOG: [coop:owner] ownerOf(counter=0) seat=0 -> owner=host
[09:56:42.158] LOG: [coop:owner] ownerOf(counter=0) seat=0 -> owner=host
[09:56:42.158] LOG: [coop:owner] ownerOf(counter=0) seat=0 -> owner=host
[09:56:42.161] LOG: [coop:webrtc] raw rx role=host t=hello bytes=424 handlers=10
[09:56:42.161] LOG: [coop:launch] hello recv partner=test4 partnerRole=guest (local role=host; no conflict)
[09:56:42.162] LOG: [coop:session] capabilities NEGOTIATED local=[durability.journal,opSurface.abilityPicker,opSurface.bargain,opSurface.biome,opSurface.catchFull,opSurface.colosseum,opSurface.faintSwitch,opSurface.learnMove,opSurface.me,opSurface.revival,opSurface.reward,opSurface.stormglass,opSurface.wave,renderer.allowlistEnforce] peer=[durability.journal,opSurface.abilityPicker,opSurface.bargain,opSurface.biome,opSurface.catchFull,opSurface.colosseum,opSurface.faintSwitch,opSurface.learnMove,opSurface.me,opSurface.revival,opSurface.reward,opSurface.stormglass,opSurface.wave,renderer.allowlistEnforce] -> effective=[durability.journal,opSurface.abilityPicker,opSurface.bargain,opSurface.biome,opSurface.catchFull,opSurface.colosseum,opSurface.faintSwitch,opSurface.learnMove,opSurface.me,opSurface.revival,opSurface.reward,opSurface.stormglass,opSurface.wave,renderer.allowlistEnforce]
[09:56:42.162] LOG: [coop:owner] ownerOf(counter=0) seat=0 -> owner=host
[09:56:42.162] LOG: [coop:owner] ownerOf(counter=0) seat=0 -> owner=host
[09:56:42.165] LOG: Getting Session Slot id: %d 4
[09:56:42.184] LOG: [coop:webrtc] raw rx role=host t=dataFingerprint bytes=329 handlers=10
[09:56:42.184] WARN: [coop:checksum] PRESENTATION MISMATCH sections=movesName,abilitiesName - simulation compatible - movesName local=fad7fe8932ec09a1(1107) peer=30e2bf626b99790e(1107) abilitiesName local=d96ec4d9a76806d2(1047) peer=281d407936f2197b(1047)
[09:56:42.184] LOG: [coop:owner] ownerOf(counter=0) seat=0 -> owner=host
[09:56:42.184] LOG: [coop:owner] ownerOf(counter=0) seat=0 -> owner=host
[09:56:42.189] LOG: [coop:webrtc] raw rx role=host t=hello bytes=439 handlers=10
[09:56:42.189] LOG: [coop:launch] hello recv partner=test4 partnerRole=guest (local role=host; no conflict)
[09:56:42.190] LOG: [coop:owner] ownerOf(counter=0) seat=0 -> owner=host
[09:56:42.190] LOG: [coop:owner] ownerOf(counter=0) seat=0 -> owner=host
[09:56:46.434] LOG: [coop:launch] EPOCH MINT epoch=1826662611389152 reason=start-new
[09:56:46.434] LOG: [coop:webrtc] raw tx role=host t=hello bytes=445
[09:56:46.435] LOG: [coop:launch] SEND resumeStartNew id=mrhmcsf6-0.8qlc189dnob-1 (#810 durable barrier release)
[09:56:46.435] LOG: [coop:webrtc] raw tx role=host t=resumeStartNew bytes=62
[09:56:46.452] LOG: [coop:webrtc] raw rx role=host t=hello bytes=439 handlers=10
[09:56:46.452] LOG: [coop:launch] hello recv partner=test4 partnerRole=guest (local role=host; no conflict)
[09:56:46.452] LOG: [coop:owner] ownerOf(counter=0) seat=0 -> owner=host
[09:56:46.452] LOG: [coop:owner] ownerOf(counter=0) seat=0 -> owner=host
[09:56:46.461] LOG: [coop:webrtc] raw rx role=host t=resumeDecisionAck bytes=65 handlers=10
[09:56:46.461] LOG: [coop:launch] RECV resumeDecisionAck id=mrhmcsf6-0.8qlc189dnob-1 -> start-new committed on both peers
[09:56:46.475] LOG: [coop-launch] title challenge-gate: role=host isCoopGuest=false -> SelectChallengePhase
[09:56:46.477] LOG: %cStart Phase SelectChallengePhase color:green;
[09:56:47.067] LOG: [coop:interaction] interactionCounter() read -> 0 (role=host)
[09:56:47.068] LOG: [coop:health] tick=0g turn=- wave=- counter=0 assertions=0 wait=-1ms peerBeat=- lastRx=1s transport=connected journal=0/0 queue=0
[09:56:50.602] LOG: %cStart Phase SelectStarterPhase color:green;
[09:56:50.604] LOG: [coop-launch] startCoopSelect role=host partnerConnected=true partnerReady=false
[09:56:50.693] LOG: [coop:owner] ownerOf(counter=0) seat=0 -> owner=host
[09:56:50.694] LOG: [coop:owner] ownerOf(counter=0) seat=0 -> owner=host
[09:57:17.858] LOG: [coop:interaction] interactionCounter() read -> 0 (role=host)
[09:57:17.858] LOG: [coop:health] tick=0g turn=- wave=- counter=0 assertions=0 wait=-1ms peerBeat=- lastRx=0s transport=connected journal=0/0 queue=0
[09:57:52.574] LOG: [coop:interaction] interactionCounter() read -> 0 (role=host)
[09:57:52.574] LOG: [coop:health] tick=0g turn=- wave=- counter=0 assertions=0 wait=-1ms peerBeat=- lastRx=0s transport=connected journal=0/0 queue=0
[09:57:59.857] LOG: Goldeen's icon __BASE does not match getIconId with female: false, formIndex: 0, shiny: true, variant: 2
[09:58:06.948] LOG: [coop-runconfig] startRun role=host willBroadcast=true difficulty=elite
[09:58:06.950] LOG: [coop:runtime] host broadcast difficulty=elite netcode=authoritative kind=coop (role=host)
[09:58:06.950] LOG: [coop:webrtc] raw tx role=host t=runConfig bytes=585
[09:58:06.950] LOG: [coop:owner] ownerOf(counter=0) seat=0 -> owner=host
[09:58:06.950] LOG: [coop:owner] ownerOf(counter=0) seat=0 -> owner=host
[09:58:06.951] LOG: [coop-launch] proceedIfReady launched=false localTeam=0 bothReady=false role=host partnerReady=false
[09:58:06.952] LOG: [coop:owner] ownerOf(counter=0) seat=0 -> owner=host
[09:58:06.952] LOG: [coop:owner] ownerOf(counter=0) seat=0 -> owner=host
[09:58:06.957] LOG: [coop-launch] local team locked in: 3 mons, role=host
[09:58:06.959] LOG: [coop:session] roster carry shinyLab speciesId=115 -> ATTACHED
[09:58:06.959] LOG: [coop:session] roster carry shinyLab speciesId=118 -> ATTACHED
[09:58:06.960] LOG: [coop:session] roster carry shinyLab speciesId=77 -> ATTACHED
[09:58:06.961] LOG: [coop:roster] add ACCEPT role=host speciesId=115 cost=2 hasStarter=true -> count=1 spent=2 remaining=3
[09:58:06.961] LOG: [coop:roster] add ACCEPT role=host speciesId=118 cost=0.5 hasStarter=true -> count=2 spent=2.5 remaining=2.5
[09:58:06.961] LOG: [coop:roster] add ACCEPT role=host speciesId=77 cost=2 hasStarter=true -> count=3 spent=4.5 remaining=0.5
[09:58:06.962] LOG: [coop:roster] replace role=host requested=3 accepted=3 spent=4.5 species=[115,118,77]
[09:58:06.963] LOG: [coop:roster] rosterSync SEND role=host entries=3 ready=false spent=4.5 species=[115,118,77]
[09:58:06.964] LOG: [coop:webrtc] raw tx role=host t=rosterSync bytes=1457
[09:58:06.964] LOG: [coop:owner] ownerOf(counter=0) seat=0 -> owner=host
[09:58:06.965] LOG: [coop:owner] ownerOf(counter=0) seat=0 -> owner=host
[09:58:06.965] LOG: [coop-launch] proceedIfReady launched=false localTeam=3 bothReady=false role=host partnerReady=false
[09:58:06.965] LOG: [coop:owner] ownerOf(counter=0) seat=0 -> owner=host
[09:58:06.965] LOG: [coop:owner] ownerOf(counter=0) seat=0 -> owner=host
[09:58:06.966] LOG: [coop:roster] setLocalReady role=host localReady=true localCount=3 partnerReady=false -> bothReady=false
[09:58:06.966] LOG: [coop:roster] rosterSync SEND role=host entries=3 ready=true spent=4.5 species=[115,118,77]
[09:58:06.966] LOG: [coop:webrtc] raw tx role=host t=rosterSync bytes=1456
[09:58:06.966] LOG: [coop:owner] ownerOf(counter=0) seat=0 -> owner=host
[09:58:06.967] LOG: [coop:owner] ownerOf(counter=0) seat=0 -> owner=host
[09:58:06.967] LOG: [coop-launch] proceedIfReady launched=false localTeam=3 bothReady=false role=host partnerReady=false
[09:58:06.967] LOG: [coop:owner] ownerOf(counter=0) seat=0 -> owner=host
[09:58:06.967] LOG: [coop:owner] ownerOf(counter=0) seat=0 -> owner=host
[09:58:06.967] LOG: [coop-launch] local ready, partner NOT ready -> waiting screen
[09:58:08.968] LOG: [coop-launch] lobby resync tick (waiting for partner) role=host (#868)
[09:58:08.970] LOG: [coop:launch] resyncLobbyState role=host localReady=true partnerReady=false hasRunConfig=true (#868 self-healing handshake)
[09:58:08.970] LOG: [coop:webrtc] raw tx role=host t=hello bytes=445
[09:58:08.970] LOG: [coop:roster] rosterSync SEND role=host entries=3 ready=true spent=4.5 species=[115,118,77]
[09:58:08.971] LOG: [coop:webrtc] raw tx role=host t=rosterSync bytes=1456
[09:58:08.972] LOG: [coop:runtime] host broadcast difficulty=elite netcode=authoritative kind=coop (role=host)
[09:58:08.972] LOG: [coop:webrtc] raw tx role=host t=runConfig bytes=585
[09:58:08.972] LOG: [coop:owner] ownerOf(counter=0) seat=0 -> owner=host
[09:58:08.972] LOG: [coop:owner] ownerOf(counter=0) seat=0 -> owner=host
[09:58:08.973] LOG: [coop-launch] proceedIfReady launched=false localTeam=3 bothReady=false role=host partnerReady=false
[09:58:08.973] LOG: [coop:launch] RESEND resumeStartNew id=mrhmcsf6-0.8qlc189dnob-1 after reconnect
[09:58:08.974] LOG: [coop:webrtc] raw tx role=host t=resumeStartNew bytes=62
[09:58:08.975] LOG: [coop:webrtc] raw tx role=host t=requestRoster bytes=21
[09:58:08.975] LOG: [coop:interaction] SEND counter snapshot reason=reconnect choice=0 role=host
[09:58:08.976] LOG: [coop:webrtc] raw tx role=host t=interaction bytes=50
[09:58:08.982] LOG: [coop:webrtc] raw rx role=host t=resumeDecisionAck bytes=65 handlers=10
[09:58:08.982] WARN: [coop:launch] DROP stale resumeDecisionAck id=mrhmcsf6-0.8qlc189dnob-1 active=none
[09:58:08.983] LOG: [coop:webrtc] raw rx role=host t=rosterSync bytes=374 handlers=10
[09:58:08.984] LOG: [coop:roster] replace role=guest requested=0 accepted=0 spent=0 species=[]
[09:58:08.984] LOG: [coop:roster] rosterSync RECV partner=guest entries=0 partnerReady=false partnerCount=0 -> bothReady=false (local role=host)
[09:58:08.984] LOG: [coop:owner] ownerOf(counter=0) seat=0 -> owner=host
[09:58:08.984] LOG: [coop:owner] ownerOf(counter=0) seat=0 -> owner=host
[09:58:08.984] LOG: [coop-launch] proceedIfReady launched=false localTeam=3 bothReady=false role=host partnerReady=false
[09:58:10.969] LOG: [coop-launch] lobby resync tick (waiting for partner) role=host (#868)
[09:58:10.969] LOG: [coop:launch] resyncLobbyState role=host localReady=true partnerReady=false hasRunConfig=true (#868 self-healing handshake)
[09:58:10.969] LOG: [coop:webrtc] raw tx role=host t=hello bytes=445
[09:58:10.969] LOG: [coop:roster] rosterSync SEND role=host entries=3 ready=true spent=4.5 species=[115,118,77]
[09:58:10.970] LOG: [coop:webrtc] raw tx role=host t=rosterSync bytes=1456
[09:58:10.970] LOG: [coop:runtime] host broadcast difficulty=elite netcode=authoritative kind=coop (role=host)
[09:58:10.970] LOG: [coop:webrtc] raw tx role=host t=runConfig bytes=585
[09:58:10.970] LOG: [coop:owner] ownerOf(counter=0) seat=0 -> owner=host
[09:58:10.970] LOG: [coop:owner] ownerOf(counter=0) seat=0 -> owner=host
[09:58:10.970] LOG: [coop-launch] proceedIfReady launched=false localTeam=3 bothReady=false role=host partnerReady=false
[09:58:10.970] LOG: [coop:launch] RESEND resumeStartNew id=mrhmcsf6-0.8qlc189dnob-1 after reconnect
[09:58:10.970] LOG: [coop:webrtc] raw tx role=host t=resumeStartNew bytes=62
[09:58:10.971] LOG: [coop:webrtc] raw tx role=host t=requestRoster bytes=21
[09:58:10.971] LOG: [coop:interaction] SEND counter snapshot reason=reconnect choice=0 role=host
[09:58:10.971] LOG: [coop:webrtc] raw tx role=host t=interaction bytes=50
[09:58:10.984] LOG: [coop:webrtc] raw rx role=host t=resumeDecisionAck bytes=65 handlers=10
[09:58:10.984] WARN: [coop:launch] DROP stale resumeDecisionAck id=mrhmcsf6-0.8qlc189dnob-1 active=none
[09:58:10.985] LOG: [coop:webrtc] raw rx role=host t=rosterSync bytes=374 handlers=10
[09:58:10.985] LOG: [coop:roster] replace role=guest requested=0 accepted=0 spent=0 species=[]
[09:58:10.985] LOG: [coop:roster] rosterSync RECV partner=guest entries=0 partnerReady=false partnerCount=0 -> bothReady=false (local role=host)
[09:58:10.985] LOG: [coop:owner] ownerOf(counter=0) seat=0 -> owner=host
[09:58:10.985] LOG: [coop:owner] ownerOf(counter=0) seat=0 -> owner=host
[09:58:10.985] LOG: [coop-launch] proceedIfReady launched=false localTeam=3 bothReady=false role=host partnerReady=false
[09:58:12.975] LOG: [coop-launch] lobby resync tick (waiting for partner) role=host (#868)
[09:58:12.975] LOG: [coop:launch] resyncLobbyState role=host localReady=true partnerReady=false hasRunConfig=true (#868 self-healing handshake)
[09:58:12.976] LOG: [coop:webrtc] raw tx role=host t=hello bytes=445
[09:58:12.976] LOG: [coop:roster] rosterSync SEND role=host entries=3 ready=true spent=4.5 species=[115,118,77]
[09:58:12.976] LOG: [coop:webrtc] raw tx role=host t=rosterSync bytes=1456
[09:58:12.976] LOG: [coop:runtime] host broadcast difficulty=elite netcode=authoritative kind=coop (role=host)
[09:58:12.977] LOG: [coop:webrtc] raw tx role=host t=runConfig bytes=585
[09:58:12.977] LOG: [coop:owner] ownerOf(counter=0) seat=0 -> owner=host
[09:58:12.977] LOG: [coop:owner] ownerOf(counter=0) seat=0 -> owner=host
[09:58:12.977] LOG: [coop-launch] proceedIfReady launched=false localTeam=3 bothReady=false role=host partnerReady=false
[09:58:12.977] LOG: [coop:launch] RESEND resumeStartNew id=mrhmcsf6-0.8qlc189dnob-1 after reconnect
[09:58:12.977] LOG: [coop:webrtc] raw tx role=host t=resumeStartNew bytes=62
[09:58:12.977] LOG: [coop:webrtc] raw tx role=host t=requestRoster bytes=21
[09:58:12.977] LOG: [coop:interaction] SEND counter snapshot reason=reconnect choice=0 role=host
[09:58:12.977] LOG: [coop:webrtc] raw tx role=host t=interaction bytes=50
[09:58:12.982] LOG: [coop:webrtc] raw rx role=host t=resumeDecisionAck bytes=65 handlers=10
[09:58:12.983] WARN: [coop:launch] DROP stale resumeDecisionAck id=mrhmcsf6-0.8qlc189dnob-1 active=none
[09:58:12.983] LOG: [coop:webrtc] raw rx role=host t=rosterSync bytes=374 handlers=10
[09:58:12.983] LOG: [coop:roster] replace role=guest requested=0 accepted=0 spent=0 species=[]
[09:58:12.983] LOG: [coop:roster] rosterSync RECV partner=guest entries=0 partnerReady=false partnerCount=0 -> bothReady=false (local role=host)
[09:58:12.984] LOG: [coop:owner] ownerOf(counter=0) seat=0 -> owner=host
[09:58:12.984] LOG: [coop:owner] ownerOf(counter=0) seat=0 -> owner=host
[09:58:12.984] LOG: [coop-launch] proceedIfReady launched=false localTeam=3 bothReady=false role=host partnerReady=false
[09:58:14.968] LOG: [coop-launch] lobby resync tick (waiting for partner) role=host (#868)
[09:58:14.968] LOG: [coop:launch] resyncLobbyState role=host localReady=true partnerReady=false hasRunConfig=true (#868 self-healing handshake)
[09:58:14.968] LOG: [coop:webrtc] raw tx role=host t=hello bytes=445
[09:58:14.969] LOG: [coop:roster] rosterSync SEND role=host entries=3 ready=true spent=4.5 species=[115,118,77]
[09:58:14.969] LOG: [coop:webrtc] raw tx role=host t=rosterSync bytes=1456
[09:58:14.969] LOG: [coop:runtime] host broadcast difficulty=elite netcode=authoritative kind=coop (role=host)
[09:58:14.969] LOG: [coop:webrtc] raw tx role=host t=runConfig bytes=585
[09:58:14.969] LOG: [coop:owner] ownerOf(counter=0) seat=0 -> owner=host
[09:58:14.969] LOG: [coop:owner] ownerOf(counter=0) seat=0 -> owner=host
[09:58:14.969] LOG: [coop-launch] proceedIfReady launched=false localTeam=3 bothReady=false role=host partnerReady=false
[09:58:14.969] LOG: [coop:launch] RESEND resumeStartNew id=mrhmcsf6-0.8qlc189dnob-1 after reconnect
[09:58:14.969] LOG: [coop:webrtc] raw tx role=host t=resumeStartNew bytes=62
[09:58:14.969] LOG: [coop:webrtc] raw tx role=host t=requestRoster bytes=21
[09:58:14.969] LOG: [coop:interaction] SEND counter snapshot reason=reconnect choice=0 role=host
[09:58:14.969] LOG: [coop:webrtc] raw tx role=host t=interaction bytes=50
[09:58:14.971] LOG: [coop:webrtc] raw rx role=host t=resumeDecisionAck bytes=65 handlers=10
[09:58:14.971] WARN: [coop:launch] DROP stale resumeDecisionAck id=mrhmcsf6-0.8qlc189dnob-1 active=none
[09:58:14.971] LOG: [coop:webrtc] raw rx role=host t=rosterSync bytes=374 handlers=10
[09:58:14.971] LOG: [coop:roster] replace role=guest requested=0 accepted=0 spent=0 species=[]
[09:58:14.971] LOG: [coop:roster] rosterSync RECV partner=guest entries=0 partnerReady=false partnerCount=0 -> bothReady=false (local role=host)
[09:58:14.971] LOG: [coop:owner] ownerOf(counter=0) seat=0 -> owner=host
[09:58:14.971] LOG: [coop:owner] ownerOf(counter=0) seat=0 -> owner=host
[09:58:14.971] LOG: [coop-launch] proceedIfReady launched=false localTeam=3 bothReady=false role=host partnerReady=false
[09:58:16.969] LOG: [coop-launch] lobby resync tick (waiting for partner) role=host (#868)
[09:58:16.969] LOG: [coop:launch] resyncLobbyState role=host localReady=true partnerReady=false hasRunConfig=true (#868 self-healing handshake)
[09:58:16.969] LOG: [coop:webrtc] raw tx role=host t=hello bytes=445
[09:58:16.969] LOG: [coop:roster] rosterSync SEND role=host entries=3 ready=true spent=4.5 species=[115,118,77]
[09:58:16.969] LOG: [coop:webrtc] raw tx role=host t=rosterSync bytes=1456
[09:58:16.969] LOG: [coop:runtime] host broadcast difficulty=elite netcode=authoritative kind=coop (role=host)
[09:58:16.969] LOG: [coop:webrtc] raw tx role=host t=runConfig bytes=585
[09:58:16.969] LOG: [coop:owner] ownerOf(counter=0) seat=0 -> owner=host
[09:58:16.970] LOG: [coop:owner] ownerOf(counter=0) seat=0 -> owner=host
[09:58:16.970] LOG: [coop-launch] proceedIfReady launched=false localTeam=3 bothReady=false role=host partnerReady=false
[09:58:16.970] LOG: [coop:launch] RESEND resumeStartNew id=mrhmcsf6-0.8qlc189dnob-1 after reconnect
[09:58:16.970] LOG: [coop:webrtc] raw tx role=host t=resumeStartNew bytes=62
[09:58:16.970] LOG: [coop:webrtc] raw tx role=host t=requestRoster bytes=21
[09:58:16.970] LOG: [coop:interaction] SEND counter snapshot reason=reconnect choice=0 role=host
[09:58:16.970] LOG: [coop:webrtc] raw tx role=host t=interaction bytes=50
[09:58:16.975] LOG: [coop:webrtc] raw rx role=host t=resumeDecisionAck bytes=65 handlers=10
[09:58:16.976] WARN: [coop:launch] DROP stale resumeDecisionAck id=mrhmcsf6-0.8qlc189dnob-1 active=none
[09:58:16.976] LOG: [coop:webrtc] raw rx role=host t=rosterSync bytes=374 handlers=10
[09:58:16.976] LOG: [coop:roster] replace role=guest requested=0 accepted=0 spent=0 species=[]
[09:58:16.976] LOG: [coop:roster] rosterSync RECV partner=guest entries=0 partnerReady=false partnerCount=0 -> bothReady=false (local role=host)
[09:58:16.976] LOG: [coop:owner] ownerOf(counter=0) seat=0 -> owner=host
[09:58:16.976] LOG: [coop:owner] ownerOf(counter=0) seat=0 -> owner=host
[09:58:16.976] LOG: [coop-launch] proceedIfReady launched=false localTeam=3 bothReady=false role=host partnerReady=false
[09:58:18.970] LOG: [coop-launch] lobby resync tick (waiting for partner) role=host (#868)
[09:58:18.970] LOG: [coop:launch] resyncLobbyState role=host localReady=true partnerReady=false hasRunConfig=true (#868 self-healing handshake)
[09:58:18.970] LOG: [coop:webrtc] raw tx role=host t=hello bytes=445
[09:58:18.970] LOG: [coop:roster] rosterSync SEND role=host entries=3 ready=true spent=4.5 species=[115,118,77]
[09:58:18.970] LOG: [coop:webrtc] raw tx role=host t=rosterSync bytes=1456
[09:58:18.970] LOG: [coop:runtime] host broadcast difficulty=elite netcode=authoritative kind=coop (role=host)
[09:58:18.971] LOG: [coop:webrtc] raw tx role=host t=runConfig bytes=585
[09:58:18.971] LOG: [coop:owner] ownerOf(counter=0) seat=0 -> owner=host
[09:58:18.971] LOG: [coop:owner] ownerOf(counter=0) seat=0 -> owner=host
[09:58:18.971] LOG: [coop-launch] proceedIfReady launched=false localTeam=3 bothReady=false role=host partnerReady=false
[09:58:18.972] LOG: [coop:launch] RESEND resumeStartNew id=mrhmcsf6-0.8qlc189dnob-1 after reconnect
[09:58:18.972] LOG: [coop:webrtc] raw tx role=host t=resumeStartNew bytes=62
[09:58:18.972] LOG: [coop:webrtc] raw tx role=host t=requestRoster bytes=21
[09:58:18.972] LOG: [coop:interaction] SEND counter snapshot reason=reconnect choice=0 role=host
[09:58:18.973] LOG: [coop:webrtc] raw tx role=host t=interaction bytes=50
[09:58:18.984] LOG: [coop:webrtc] raw rx role=host t=resumeDecisionAck bytes=65 handlers=10
[09:58:18.984] WARN: [coop:launch] DROP stale resumeDecisionAck id=mrhmcsf6-0.8qlc189dnob-1 active=none
[09:58:18.984] LOG: [coop:webrtc] raw rx role=host t=rosterSync bytes=374 handlers=10
[09:58:18.984] LOG: [coop:roster] replace role=guest requested=0 accepted=0 spent=0 species=[]
[09:58:18.984] LOG: [coop:roster] rosterSync RECV partner=guest entries=0 partnerReady=false partnerCount=0 -> bothReady=false (local role=host)
[09:58:18.985] LOG: [coop:owner] ownerOf(counter=0) seat=0 -> owner=host
[09:58:18.985] LOG: [coop:owner] ownerOf(counter=0) seat=0 -> owner=host
[09:58:18.985] LOG: [coop-launch] proceedIfReady launched=false localTeam=3 bothReady=false role=host partnerReady=false
[09:58:19.989] LOG: [coop:webrtc] raw rx role=host t=rosterSync bytes=964 handlers=10
[09:58:19.989] LOG: [coop:roster] add ACCEPT role=guest speciesId=37 cost=3 hasStarter=true -> count=1 spent=3 remaining=2
[09:58:19.989] LOG: [coop:roster] add ACCEPT role=guest speciesId=48 cost=2 hasStarter=true -> count=2 spent=5 remaining=0
[09:58:19.989] LOG: [coop:roster] replace role=guest requested=2 accepted=2 spent=5 species=[37,48]
[09:58:19.989] LOG: [coop:roster] rosterSync RECV partner=guest entries=2 partnerReady=false partnerCount=2 -> bothReady=false (local role=host)
[09:58:19.989] LOG: [coop:owner] ownerOf(counter=0) seat=0 -> owner=host
[09:58:19.989] LOG: [coop:owner] ownerOf(counter=0) seat=0 -> owner=host
[09:58:19.989] LOG: [coop-launch] proceedIfReady launched=false localTeam=3 bothReady=false role=host partnerReady=false
[09:58:19.989] LOG: [coop:webrtc] raw rx role=host t=rosterSync bytes=963 handlers=10
[09:58:19.989] LOG: [coop:roster] add ACCEPT role=guest speciesId=37 cost=3 hasStarter=true -> count=1 spent=3 remaining=2
[09:58:19.989] LOG: [coop:roster] add ACCEPT role=guest speciesId=48 cost=2 hasStarter=true -> count=2 spent=5 remaining=0
[09:58:19.989] LOG: [coop:roster] replace role=guest requested=2 accepted=2 spent=5 species=[37,48]
[09:58:19.989] LOG: [coop:roster] rosterSync RECV partner=guest entries=2 partnerReady=true partnerCount=2 -> bothReady=true (local role=host)
[09:58:19.989] LOG: [coop:owner] ownerOf(counter=0) seat=0 -> owner=host
[09:58:19.989] LOG: [coop:owner] ownerOf(counter=0) seat=0 -> owner=host
[09:58:19.989] LOG: [coop-launch] proceedIfReady launched=false localTeam=3 bothReady=true role=host partnerReady=true
[09:58:19.991] LOG: [coop-launch] launchCoopMergedParty role=host merged=5 slot=4
[09:58:19.997] WARN: [coop-launch] host: all 5 save slots full, falling back to current slot 4 (will overwrite)
[09:58:19.997] LOG: [coop-launch] host: auto-picked slot 4 (no picker), clearing STARTER_SELECT -> MESSAGE
[09:58:20.538] LOG: [coop:webrtc] raw rx role=host t=requestLaunchSnapshot bytes=38 handlers=10
[09:58:20.538] WARN: [coop:stream] host RECV requestLaunchSnapshot wave=1 -> no matching cache (cached=none)
[09:58:23.053] WARN: [asset-retry] load error key=PRAS-Dragon Dance BG - retry 1/2 with cache-buster
[09:58:23.319] WARN: [asset-retry] load error key=PRAS-Dragon Dance BG - retry 2/2 via fastly mirror + cache-buster
[09:58:24.122] ERROR: [asset-retry] PERMANENT load failure key=PRAS-Dragon Dance BG url=images/battle_anims/PRAS-Dragon Dance BG.png
[09:58:24.589] LOG: Wave Seed: gTnyTlyvVxZfdLRTn6tzvDpi 1
[09:58:24.592] LOG: %cStart Phase EncounterPhase color:green;
[09:58:24.595] LOG: [coop:shop] dex baseline captured (species=1913 starters=913) - deltas are run-scoped
[09:58:24.601] LOG: Starting species pool tier: UNCOMMON
[09:58:24.632] LOG: Pokemon: Wild Whismur | Species ID: 293 | Level: 2 | Nature: Lonely (+Atk/-Def)
[09:58:24.632] LOG: Stats (IVs): HP: 15 (2), Atk: 8 (7), Def: 5 (0), Spatk: 8 (9), Spdef: 6 (14), Spd: 6 (5)
[09:58:24.632] LOG: Ability: Loud Bang | Passive Ability: Soundproof 
[09:58:24.632] LOG: Moveset: ["Growl","Howl","Astonish","Screech"]
[09:58:24.633] LOG: Starting species pool tier: UNCOMMON
[09:58:24.647] LOG: Pokemon: Wild Whismur | Species ID: 293 | Level: 2 | Nature: Serious (-)
[09:58:24.647] LOG: Stats (IVs): HP: 15 (13), Atk: 7 (21), Def: 6 (21), Spatk: 8 (29), Spdef: 6 (16), Spd: 7 (30)
[09:58:24.648] LOG: Ability: Scrappy | Passive Ability: Soundproof 
[09:58:24.648] LOG: Moveset: ["Growl","Howl","Screech","Astonish"]
[09:58:26.014] LOG: [coop:replay] host SEND enemyPartySync wave=1 count=2 meType=-1 battleType=0
[09:58:26.015] LOG: [coop:webrtc] raw tx role=host t=enemyPartySync bytes=15721
[09:58:26.021] LOG: [coop:interaction] interactionCounter() read -> 0 (role=host)
[09:58:26.022] LOG: [coop:replay] host SEND launchSnapshot wave=1 sessionLen=15446
[09:58:26.022] LOG: [coop:webrtc] raw tx role=host t=launchSnapshot bytes=17246
[09:58:26.024] LOG: [coop:interaction] interactionCounter() read -> 0 (role=host)
[09:58:26.025] LOG: [coop:launch] resume marker recorded slot=4 self=Heraklines1 partner=test4 wave=1 (#810)
[09:58:26.322] DEBUG: Session data saved to slot 4!
[09:58:27.068] LOG: [coop:interaction] interactionCounter() read -> 0 (role=host)
[09:58:27.068] LOG: [coop:health] tick=0g turn=1 wave=1 counter=0 assertions=0 wait=-1ms peerBeat=- lastRx=0s transport=connected journal=0/0 queue=0
[09:58:27.646] LOG: Wave Seed: gTnyTlyvVxZfdLRTn6tzvDpi 1
[09:58:28.443] LOG: %cStart Phase SummonPhase color:green;
[09:58:28.992] LOG: %cStart Phase ShinySparklePhase color:green;
[09:58:29.124] LOG: [coop:webrtc] raw rx role=host t=rendezvous bytes=36 handlers=10
[09:58:29.124] LOG: [coop:rendezvous] RECV arrival point=cmd:1:1 -> BUFFER (no waiter yet) role=host
[09:58:29.235] LOG: %cStart Phase ToggleDoublePositionPhase color:green;
[09:58:29.269] LOG: %cStart Phase SummonPhase color:green;
[09:58:29.564] WARN: cry/37 not found
[09:58:29.830] LOG: %cStart Phase ShinySparklePhase color:green;
[09:58:30.067] LOG: %cStart Phase CheckSwitchPhase color:green;
[09:58:30.068] LOG: %cStart Phase CheckSwitchPhase color:green;
[09:58:30.068] LOG: %cStart Phase InitEncounterPhase color:green;
[09:58:30.080] LOG: %cStart Phase PostSummonPhase color:green;
[09:58:30.081] LOG: Ran PSP for: Kangaskhan
[09:58:30.095] LOG: %cStart Phase PostSummonPhase color:green;
[09:58:30.106] LOG: %cStart Phase PostSummonPhase color:green;
[09:58:30.114] LOG: %cStart Phase PostSummonPhase color:green;
[09:58:30.114] LOG: Ran PSP for: Vulpix
[09:58:30.128] LOG: %cStart Phase PostSummonPhase color:green;
[09:58:30.141] LOG: %cStart Phase PostSummonPhase color:green;
[09:58:30.144] LOG: %cStart Phase PostSummonPhase color:green;
[09:58:30.145] LOG: Ran PSP for: Whismur
[09:58:30.154] LOG: %cStart Phase PostSummonPhase color:green;
[09:58:30.157] LOG: %cStart Phase PostSummonPhase color:green;
[09:58:30.158] LOG: %cStart Phase PostSummonPhase color:green;
[09:58:30.158] LOG: Ran PSP for: Whismur
[09:58:30.164] LOG: %cStart Phase PostSummonPhase color:green;
[09:58:30.164] LOG: %cStart Phase PostSummonPhase color:green;
[09:58:30.165] LOG: %cStart Phase TurnInitPhase color:green;
[09:58:30.169] LOG: %cStart Phase CommandPhase color:green;
[09:58:30.174] LOG: [coop:replay] host SEND enemyPartySync wave=1 count=2 meType=- battleType=0
[09:58:30.174] LOG: [coop:webrtc] raw tx role=host t=enemyPartySync bytes=15614
[09:58:30.182] LOG: [coop:battle] CommandPhase slot=0 turn=1 owner=host role=host -> LOCAL UI
[09:58:30.184] LOG: [coop:rendezvous] ARRIVE point=cmd:1:1 (send) role=host
[09:58:30.184] LOG: [coop:webrtc] raw tx role=host t=rendezvous bytes=36
[09:58:30.184] LOG: [coop:rendezvous] next-command barrier cmd:1:1 SYNC pass (partner already arrived)
[09:58:30.235] LOG: [coop:webrtc] raw rx role=host t=rendezvous bytes=36 handlers=10
[09:58:30.235] LOG: [coop:rendezvous] RECV arrival point=cmd:1:1 -> DUPLICATE (already seen) role=host
[09:58:32.624] LOG: [coop:webrtc] raw rx role=host t=command bytes=129 handlers=10
[09:58:32.625] LOG: [coop:relay] recv command fieldIndex=1 turn=1 command=0 -> BUFFERED (no awaiter yet)
[09:58:35.296] LOG: Move: FAKE_OUT Move targets: {"targets":[2,3,1],"multiple":false} 
Player Pokemon: Kangaskhan
[09:58:35.298] LOG: %cStart Phase SelectTargetPhase color:green;
[09:58:35.987] LOG: [coop:owner] broadcast own-slot fi=0 turn=1 role=host cmd=0
[09:58:35.988] LOG: [coop:relay] broadcastLocalCommand SEND fieldIndex=0 owner=host turn=1 command=0 cursor=1 moveId=252 targets=[3]
[09:58:35.989] LOG: [coop:webrtc] raw tx role=host t=command bytes=128
[09:58:35.990] LOG: %cStart Phase CommandPhase color:green;
[09:58:35.995] LOG: [coop:battle] CommandPhase slot=1 turn=1 owner=guest role=host -> partner path
[09:58:36.025] LOG: [coop:relay] host requestPartnerCommand SEND fieldIndex=1 turn=1 moveSlots=[0,1,2,3] (awaiting peer)
[09:58:36.026] LOG: [coop:webrtc] raw tx role=host t=commandRequest bytes=1211
[09:58:56.147] LOG: [coop:webrtc] raw rx role=host t=stallBeat bytes=35 handlers=10
[09:58:57.109] LOG: [coop:interaction] interactionCounter() read -> 0 (role=host)
[09:58:57.109] LOG: [coop:health] tick=0g turn=1 wave=1 counter=0 assertions=0 wait=-1ms peerBeat=1s lastRx=1s transport=connected journal=0/0 queue=0
[09:58:57.109] LOG: [coop:webrtc] raw rx role=host t=stallBeat bytes=35 handlers=10
[09:59:07.163] LOG: [coop:interaction] interactionCounter() read -> 0 (role=host)

----- REPLAY TRACE (JSON) -----
{"version":2,"seed":"fSmxSkxuUwYecKQSm5syuCoh","gameModeId":6,"difficulty":"elite","challenges":[{"id":4,"value":0,"severity":0},{"id":9,"value":0,"severity":0},{"id":7,"value":0,"severity":0},{"id":8,"value":0,"severity":0},{"id":0,"value":0,"severity":0},{"id":1,"value":0,"severity":0},{"id":13,"value":0,"severity":0},{"id":10,"value":1,"severity":0},{"id":5,"value":0,"severity":0},{"id":6,"value":0,"severity":0},{"id":11,"value":0,"severity":0},{"id":15,"value":0,"severity":0},{"id":14,"value":0,"severity":0},{"id":12,"value":0,"severity":0}],"roster":[{"id":129694130,"player":true,"species":115,"formIndex":0,"abilityIndex":0,"shiny":true,"variant":0,"pokeball":0,"level":5,"exp":125,"levelExp":0,"gender":1,"hp":27,"stats":[27,16,14,10,14,15],"ivs":[31,31,31,31,31,31],"nature":0,"moveset":[{"moveId":69,"ppUsed":0,"ppUp":0},{"moveId":252,"ppUsed":0,"ppUp":0},{"moveId":612,"ppUsed":0,"ppUp":0},{"moveId":885,"ppUsed":0,"ppUp":0}],"status":null,"friendship":50,"metLevel":5,"metBiome":-1,"metSpecies":115,"metWave":-1,"luck":1,"pauseEvolutions":false,"pokerus":false,"usedTMs":[],"teraType":0,"isTerastallized":false,"stellarTypesBoosted":[],"fusionLuck":1,"fusionTeraType":0,"boss":false,"bossSegments":0,"coopOwner":"host","summonData":{"statStages":[0,0,0,0,0,0,0],"moveQueue":[],"tags":[],"abilitySuppressed":false,"abilitiesApplied":[],"chuckusterReductionUsed":false,"forceAttackerOutUsed":false,"stats":[0,0,0,0,0,0],"types":[],"berriesEatenLast":[],"moveHistory":[]},"battleData":{"hitCount":0,"hasEatenBerry":false,"berriesEaten":[],"anticipationDodgeUsed":false,"rudeAwakeningTriggered":false,"cowardProtectUsed":false,"lostItems":[]},"customPokemonData":{"spriteScale":-1,"ability":-1,"passive":-1,"passive2":-1,"passive3":-1,"nature":-1,"bonusMoveSlots":0,"abilityOverridesForm":false,"types":[],"hitsRecCount":null,"erBlackShiny":false,"erGiftAbilities":[],"erGiftIndex":0,"erShinyLab":[135,0,0,255,255,255,96,0,0,0,0,0,70,85],"erShinyLabSuppressLocal":false,"erInnateShrineUnlocked":false,"erCursedStat":-1,"erLockedAbilitySlots":[],"erRunUnlockedAbilitySlots":[],"coopPassiveAttr":[63,63,63],"coopLuck":1},"fusionCustomPokemonData":{"spriteScale":-1,"ability":-1,"passive":-1,"passive2":-1,"passive3":-1,"nature":-1,"bonusMoveSlots":0,"abilityOverridesForm":false,"types":[],"hitsRecCount":null,"erBlackShiny":false,"erGiftAbilities":[],"erGiftIndex":0,"erShinyLabSuppressLocal":false,"erInnateShrineUnlocked":false,"erCursedStat":-1,"erLockedAbilitySlots":[],"erRunUnlockedAbilitySlots":[]},"mysteryEncounterPokemonData":null,"fusionMysteryEncounterPokemonData":null},{"id":1231446650,"player":true,"species":37,"formIndex":0,"abilityIndex":0,"shiny":true,"variant":2,"pokeball":0,"level":5,"exp":125,"levelExp":0,"gender":0,"hp":20,"stats":[20,10,10,12,13,13],"ivs":[31,31,31,31,31,31],"nature":0,"moveset":[{"moveId":481,"ppUsed":0,"ppUp":0},{"moveId":595,"ppUsed":0,"ppUp":0},{"moveId":585,"ppUsed":0,"ppUp":0},{"moveId":844,"ppUsed":0,"ppUp":0}],"status":null,"friendship":50,"metLevel":5,"metBiome":-1,"metSpecies":37,"metWave":-1,"luck":3,"pauseEvolutions":false,"pokerus":false,"usedTMs":[],"teraType":9,"isTerastallized":false,"stellarTypesBoosted":[],"fusionLuck":3,"fusionTeraType":0,"boss":false,"bossSegments":0,"coopOwner":"guest","summonData":{"statStages":[0,0,0,0,0,0,0],"moveQueue":[],"tags":[],"abilitySuppressed":false,"abilitiesApplied":[],"chuckusterReductionUsed":false,"forceAttackerOutUsed":false,"stats":[0,0,0,0,0,0],"types":[],"berriesEatenLast":[],"moveHistory":[]},"battleData":{"hitCount":0,"hasEatenBerry":false,"berriesEaten":[],"anticipationDodgeUsed":false,"rudeAwakeningTriggered":false,"cowardProtectUsed":false,"lostItems":[]},"customPokemonData":{"spriteScale":-1,"ability":-1,"passive":-1,"passive2":-1,"passive3":-1,"nature":-1,"bonusMoveSlots":0,"abilityOverridesForm":false,"types":[],"hitsRecCount":null,"erBlackShiny":false,"erGiftAbilities":[],"erGiftIndex":0,"erShinyLabSuppressLocal":true,"erInnateShrineUnlocked":false,"erCursedStat":-1,"erLockedAbilitySlots":[],"erRunUnlockedAbilitySlots":[],"coopPassiveAttr":[63,63,63],"coopLuck":3},"fusionCustomPokemonData":{"spriteScale":-1,"ability":-1,"passive":-1,"passive2":-1,"passive3":-1,"nature":-1,"bonusMoveSlots":0,"abilityOverridesForm":false,"types":[],"hitsRecCount":null,"erBlackShiny":false,"erGiftAbilities":[],"erGiftIndex":0,"erShinyLabSuppressLocal":false,"erInnateShrineUnlocked":false,"erCursedStat":-1,"erLockedAbilitySlots":[],"erRunUnlockedAbilitySlots":[]},"mysteryEncounterPokemonData":null,"fusionMysteryEncounterPokemonData":null},{"id":2795405786,"player":true,"species":118,"formIndex":0,"abilityIndex":0,"shiny":true,"variant":2,"pokeball":0,"level":5,"exp":125,"levelExp":0,"gender":0,"hp":21,"stats":[21,16,12,9,11,14],"ivs":[31,31,31,31,31,31],"nature":3,"moveset":[{"moveId":755,"ppUsed":0,"ppUp":0},{"moveId":349,"ppUsed":0,"ppUp":0},{"moveId":916,"ppUsed":0,"ppUp":0},{"moveId":824,"ppUsed":0,"ppUp":0}],"status":null,"friendship":50,"metLevel":5,"metBiome":-1,"metSpecies":118,"metWave":-1,"luck":3,"pauseEvolutions":false,"pokerus":false,"usedTMs":[],"teraType":10,"isTerastallized":false,"stellarTypesBoosted":[],"fusionLuck":3,"fusionTeraType":0,"boss":false,"bossSegments":0,"coopOwner":"host","summonData":{"statStages":[0,0,0,0,0,0,0],"moveQueue":[],"tags":[],"abilitySuppressed":false,"abilitiesApplied":[],"chuckusterReductionUsed":false,"forceAttackerOutUsed":false,"stats":[0,0,0,0,0,0],"types":[],"berriesEatenLast":[],"moveHistory":[]},"battleData":{"hitCount":0,"hasEatenBerry":false,"berriesEaten":[],"anticipationDodgeUsed":false,"rudeAwakeningTriggered":false,"cowardProtectUsed":false,"lostItems":[]},"customPokemonData":{"spriteScale":-1,"ability":-1,"passive":-1,"passive2":-1,"passive3":-1,"nature":-1,"bonusMoveSlots":0,"abilityOverridesForm":false,"types":[],"hitsRecCount":null,"erBlackShiny":false,"erGiftAbilities":[],"erGiftIndex":0,"erShinyLab":[50,30,0,255,255,255,96,0,1,0,0,0,70,85],"erShinyLabSuppressLocal":false,"erInnateShrineUnlocked":false,"erCursedStat":-1,"erLockedAbilitySlots":[],"erRunUnlockedAbilitySlots":[],"coopPassiveAttr":[63,63,63],"coopLuck":3},"fusionCustomPokemonData":{"spriteScale":-1,"ability":-1,"passive":-1,"passive2":-1,"passive3":-1,"nature":-1,"bonusMoveSlots":0,"abilityOverridesForm":false,"types":[],"hitsRecCount":null,"erBlackShiny":false,"erGiftAbilities":[],"erGiftIndex":0,"erShinyLabSuppressLocal":false,"erInnateShrineUnlocked":false,"erCursedStat":-1,"erLockedAbilitySlots":[],"erRunUnlockedAbilitySlots":[]},"mysteryEncounterPokemonData":null,"fusionMysteryEncounterPokemonData":null},{"id":2552979647,"player":true,"species":48,"formIndex":0,"abilityIndex":0,"shiny":true,"variant":0,"pokeball":0,"level":5,"exp":125,"levelExp":0,"gender":0,"hp":22,"stats":[22,12,11,12,12,12],"ivs":[31,31,31,31,31,31],"nature":0,"moveset":[{"moveId":93,"ppUsed":0,"ppUp":0},{"moveId":77,"ppUsed":0,"ppUp":0},{"moveId":324,"ppUsed":0,"ppUp":0},{"moveId":33,"ppUsed":0,"ppUp":0}],"status":null,"friendship":70,"metLevel":5,"metBiome":-1,"metSpecies":48,"metWave":-1,"luck":1,"pauseEvolutions":false,"pokerus":false,"usedTMs":[],"teraType":6,"isTerastallized":false,"stellarTypesBoosted":[],"fusionLuck":1,"fusionTeraType":0,"boss":false,"bossSegments":0,"coopOwner":"guest","summonData":{"statStages":[0,0,0,0,0,0,0],"moveQueue":[],"tags":[],"abilitySuppressed":false,"abilitiesApplied":[],"chuckusterReductionUsed":false,"forceAttackerOutUsed":false,"stats":[0,0,0,0,0,0],"types":[],"berriesEatenLast":[],"moveHistory":[]},"battleData":{"hitCount":0,"hasEatenBerry":false,"berriesEaten":[],"anticipationDodgeUsed":false,"rudeAwakeningTriggered":false,"cowardProtectUsed":false,"lostItems":[]},"customPokemonData":{"spriteScale":-1,"ability":-1,"passive":-1,"passive2":-1,"passive3":-1,"nature":-1,"bonusMoveSlots":0,"abilityOverridesForm":false,"types":[],"hitsRecCount":null,"erBlackShiny":false,"erGiftAbilities":[],"erGiftIndex":0,"erShinyLabSuppressLocal":true,"erInnateShrineUnlocked":false,"erCursedStat":-1,"erLockedAbilitySlots":[],"erRunUnlockedAbilitySlots":[],"coopPassiveAttr":[63,63,63],"coopLuck":1},"fusionCustomPokemonData":{"spriteScale":-1,"ability":-1,"passive":-1,"passive2":-1,"passive3":-1,"nature":-1,"bonusMoveSlots":0,"abilityOverridesForm":false,"types":[],"hitsRecCount":null,"erBlackShiny":false,"erGiftAbilities":[],"erGiftIndex":0,"erShinyLabSuppressLocal":false,"erInnateShrineUnlocked":false,"erCursedStat":-1,"erLockedAbilitySlots":[],"erRunUnlockedAbilitySlots":[]},"mysteryEncounterPokemonData":null,"fusionMysteryEncounterPokemonData":null},{"id":2228660171,"player":true,"species":77,"formIndex":0,"abilityIndex":0,"shiny":true,"variant":2,"pokeball":0,"level":5,"exp":125,"levelExp":0,"gender":0,"hp":21,"stats":[21,15,12,13,13,15],"ivs":[31,31,31,31,31,31],"nature":0,"moveset":[{"moveId":838,"ppUsed":0,"ppUp":0},{"moveId":344,"ppUsed":0,"ppUp":0},{"moveId":136,"ppUsed":0,"ppUp":0},{"moveId":14,"ppUsed":0,"ppUp":0}],"status":null,"friendship":50,"metLevel":5,"metBiome":-1,"metSpecies":77,"metWave":-1,"luck":3,"pauseEvolutions":false,"pokerus":false,"usedTMs":[],"teraType":9,"isTerastallized":false,"stellarTypesBoosted":[],"fusionLuck":3,"fusionTeraType":0,"boss":false,"bossSegments":0,"coopOwner":"host","summonData":{"statStages":[0,0,0,0,0,0,0],"moveQueue":[],"tags":[],"abilitySuppressed":false,"abilitiesApplied":[],"chuckusterReductionUsed":false,"forceAttackerOutUsed":false,"stats":[0,0,0,0,0,0],"types":[],"berriesEatenLast":[],"moveHistory":[]},"battleData":{"hitCount":0,"hasEatenBerry":false,"berriesEaten":[],"anticipationDodgeUsed":false,"rudeAwakeningTriggered":false,"cowardProtectUsed":false,"lostItems":[]},"customPokemonData":{"spriteScale":-1,"ability":-1,"passive":-1,"passive2":-1,"passive3":-1,"nature":-1,"bonusMoveSlots":0,"abilityOverridesForm":false,"types":[],"hitsRecCount":null,"erBlackShiny":false,"erGiftAbilities":[],"erGiftIndex":0,"erShinyLab":[0,3,0,255,255,255,96,0,0,0,0,1,70,85],"erShinyLabName":"Drug Fiend","erShinyLabSuppressLocal":false,"erInnateShrineUnlocked":false,"erCursedStat":-1,"erLockedAbilitySlots":[],"erRunUnlockedAbilitySlots":[],"coopPassiveAttr":[63,63,63],"coopLuck":3},"fusionCustomPokemonData":{"spriteScale":-1,"ability":-1,"passive":-1,"passive2":-1,"passive3":-1,"nature":-1,"bonusMoveSlots":0,"abilityOverridesForm":false,"types":[],"hitsRecCount":null,"erBlackShiny":false,"erGiftAbilities":[],"erGiftIndex":0,"erShinyLabSuppressLocal":false,"erInnateShrineUnlocked":false,"erCursedStat":-1,"erLockedAbilitySlots":[],"erRunUnlockedAbilitySlots":[]},"mysteryEncounterPokemonData":null,"fusionMysteryEncounterPokemonData":null}],"events":[{"type":"command","wave":1,"turn":1,"slotFieldIndex":0,"command":{"kind":"move","moveIndex":1,"target":3}}],"coop":{"runConfig":{"difficulty":"elite","challenges":[{"id":4,"value":0,"severity":0},{"id":9,"value":0,"severity":0},{"id":7,"value":0,"severity":0},{"id":8,"value":0,"severity":0},{"id":0,"value":0,"severity":0},{"id":1,"value":0,"severity":0},{"id":13,"value":0,"severity":0},{"id":10,"value":1,"severity":0},{"id":5,"value":0,"severity":0},{"id":6,"value":0,"severity":0},{"id":11,"value":0,"severity":0},{"id":15,"value":0,"severity":0},{"id":14,"value":0,"severity":0},{"id":12,"value":0,"severity":0}],"seed":"fSmxSkxuUwYecKQSm5syuCoh","netcodeMode":"authoritative","kind":"coop"}},"checkpoint":{"wave":1,"seed":"fSmxSkxuUwYecKQSm5syuCoh","party":[{"id":129694130,"player":true,"species":115,"formIndex":0,"abilityIndex":0,"shiny":true,"variant":0,"pokeball":0,"level":5,"exp":125,"levelExp":0,"gender":1,"hp":27,"stats":[27,16,14,10,14,15],"ivs":[31,31,31,31,31,31],"nature":0,"moveset":[{"moveId":69,"ppUsed":0,"ppUp":0},{"moveId":252,"ppUsed":0,"ppUp":0},{"moveId":612,"ppUsed":0,"ppUp":0},{"moveId":885,"ppUsed":0,"ppUp":0}],"status":null,"friendship":50,"metLevel":5,"metBiome":-1,"metSpecies":115,"metWave":-1,"luck":1,"pauseEvolutions":false,"pokerus":false,"usedTMs":[],"teraType":0,"isTerastallized":false,"stellarTypesBoosted":[],"fusionLuck":1,"fusionTeraType":0,"boss":false,"bossSegments":0,"coopOwner":"host","summonData":{"statStages":[0,0,0,0,0,0,0],"moveQueue":[],"tags":[],"abilitySuppressed":false,"abilitiesApplied":[],"chuckusterReductionUsed":false,"forceAttackerOutUsed":false,"stats":[0,0,0,0,0,0],"types":[],"berriesEatenLast":[],"moveHistory":[]},"battleData":{"hitCount":0,"hasEatenBerry":false,"berriesEaten":[],"anticipationDodgeUsed":false,"rudeAwakeningTriggered":false,"cowardProtectUsed":false,"lostItems":[]},"customPokemonData":{"spriteScale":-1,"ability":-1,"passive":-1,"passive2":-1,"passive3":-1,"nature":-1,"bonusMoveSlots":0,"abilityOverridesForm":false,"types":[],"hitsRecCount":null,"erBlackShiny":false,"erGiftAbilities":[],"erGiftIndex":0,"erShinyLab":[135,0,0,255,255,255,96,0,0,0,0,0,70,85],"erShinyLabSuppressLocal":false,"erInnateShrineUnlocked":false,"erCursedStat":-1,"erLockedAbilitySlots":[],"erRunUnlockedAbilitySlots":[],"coopPassiveAttr":[63,63,63],"coopLuck":1},"fusionCustomPokemonData":{"spriteScale":-1,"ability":-1,"passive":-1,"passive2":-1,"passive3":-1,"nature":-1,"bonusMoveSlots":0,"abilityOverridesForm":false,"types":[],"hitsRecCount":null,"erBlackShiny":false,"erGiftAbilities":[],"erGiftIndex":0,"erShinyLabSuppressLocal":false,"erInnateShrineUnlocked":false,"erCursedStat":-1,"erLockedAbilitySlots":[],"erRunUnlockedAbilitySlots":[]},"mysteryEncounterPokemonData":null,"fusionMysteryEncounterPokemonData":null},{"id":1231446650,"player":true,"species":37,"formIndex":0,"abilityIndex":0,"shiny":true,"variant":2,"pokeball":0,"level":5,"exp":125,"levelExp":0,"gender":0,"hp":20,"stats":[20,10,10,12,13,13],"ivs":[31,31,31,31,31,31],"nature":0,"moveset":[{"moveId":481,"ppUsed":0,"ppUp":0},{"moveId":595,"ppUsed":0,"ppUp":0},{"moveId":585,"ppUsed":0,"ppUp":0},{"moveId":844,"ppUsed":0,"ppUp":0}],"status":null,"friendship":50,"metLevel":5,"metBiome":-1,"metSpecies":37,"metWave":-1,"luck":3,"pauseEvolutions":false,"pokerus":false,"usedTMs":[],"teraType":9,"isTerastallized":false,"stellarTypesBoosted":[],"fusionLuck":3,"fusionTeraType":0,"boss":false,"bossSegments":0,"coopOwner":"guest","summonData":{"statStages":[0,0,0,0,0,0,0],"moveQueue":[],"tags":[],"abilitySuppressed":false,"abilitiesApplied":[],"chuckusterReductionUsed":false,"forceAttackerOutUsed":false,"stats":[0,0,0,0,0,0],"types":[],"berriesEatenLast":[],"moveHistory":[]},"battleData":{"hitCount":0,"hasEatenBerry":false,"berriesEaten":[],"anticipationDodgeUsed":false,"rudeAwakeningTriggered":false,"cowardProtectUsed":false,"lostItems":[]},"customPokemonData":{"spriteScale":-1,"ability":-1,"passive":-1,"passive2":-1,"passive3":-1,"nature":-1,"bonusMoveSlots":0,"abilityOverridesForm":false,"types":[],"hitsRecCount":null,"erBlackShiny":false,"erGiftAbilities":[],"erGiftIndex":0,"erShinyLabSuppressLocal":true,"erInnateShrineUnlocked":false,"erCursedStat":-1,"erLockedAbilitySlots":[],"erRunUnlockedAbilitySlots":[],"coopPassiveAttr":[63,63,63],"coopLuck":3},"fusionCustomPokemonData":{"spriteScale":-1,"ability":-1,"passive":-1,"passive2":-1,"passive3":-1,"nature":-1,"bonusMoveSlots":0,"abilityOverridesForm":false,"types":[],"hitsRecCount":null,"erBlackShiny":false,"erGiftAbilities":[],"erGiftIndex":0,"erShinyLabSuppressLocal":false,"erInnateShrineUnlocked":false,"erCursedStat":-1,"erLockedAbilitySlots":[],"erRunUnlockedAbilitySlots":[]},"mysteryEncounterPokemonData":null,"fusionMysteryEncounterPokemonData":null},{"id":2795405786,"player":true,"species":118,"formIndex":0,"abilityIndex":0,"shiny":true,"variant":2,"pokeball":0,"level":5,"exp":125,"levelExp":0,"gender":0,"hp":21,"stats":[21,16,12,9,11,14],"ivs":[31,31,31,31,31,31],"nature":3,"moveset":[{"moveId":755,"ppUsed":0,"ppUp":0},{"moveId":349,"ppUsed":0,"ppUp":0},{"moveId":916,"ppUsed":0,"ppUp":0},{"moveId":824,"ppUsed":0,"ppUp":0}],"status":null,"friendship":50,"metLevel":5,"metBiome":-1,"metSpecies":118,"metWave":-1,"luck":3,"pauseEvolutions":false,"pokerus":false,"usedTMs":[],"teraType":10,"isTerastallized":false,"stellarTypesBoosted":[],"fusionLuck":3,"fusionTeraType":0,"boss":false,"bossSegments":0,"coopOwner":"host","summonData":{"statStages":[0,0,0,0,0,0,0],"moveQueue":[],"tags":[],"abilitySuppressed":false,"abilitiesApplied":[],"chuckusterReductionUsed":false,"forceAttackerOutUsed":false,"stats":[0,0,0,0,0,0],"types":[],"berriesEatenLast":[],"moveHistory":[]},"battleData":{"hitCount":0,"hasEatenBerry":false,"berriesEaten":[],"anticipationDodgeUsed":false,"rudeAwakeningTriggered":false,"cowardProtectUsed":false,"lostItems":[]},"customPokemonData":{"spriteScale":-1,"ability":-1,"passive":-1,"passive2":-1,"passive3":-1,"nature":-1,"bonusMoveSlots":0,"abilityOverridesForm":false,"types":[],"hitsRecCount":null,"erBlackShiny":false,"erGiftAbilities":[],"erGiftIndex":0,"erShinyLab":[50,30,0,255,255,255,96,0,1,0,0,0,70,85],"erShinyLabSuppressLocal":false,"erInnateShrineUnlocked":false,"erCursedStat":-1,"erLockedAbilitySlots":[],"erRunUnlockedAbilitySlots":[],"coopPassiveAttr":[63,63,63],"coopLuck":3},"fusionCustomPokemonData":{"spriteScale":-1,"ability":-1,"passive":-1,"passive2":-1,"passive3":-1,"nature":-1,"bonusMoveSlots":0,"abilityOverridesForm":false,"types":[],"hitsRecCount":null,"erBlackShiny":false,"erGiftAbilities":[],"erGiftIndex":0,"erShinyLabSuppressLocal":false,"erInnateShrineUnlocked":false,"erCursedStat":-1,"erLockedAbilitySlots":[],"erRunUnlockedAbilitySlots":[]},"mysteryEncounterPokemonData":null,"fusionMysteryEncounterPokemonData":null},{"id":2552979647,"player":true,"species":48,"formIndex":0,"abilityIndex":0,"shiny":true,"variant":0,"pokeball":0,"level":5,"exp":125,"levelExp":0,"gender":0,"hp":22,"stats":[22,12,11,12,12,12],"ivs":[31,31,31,31,31,31],"nature":0,"moveset":[{"moveId":93,"ppUsed":0,"ppUp":0},{"moveId":77,"ppUsed":0,"ppUp":0},{"moveId":324,"ppUsed":0,"ppUp":0},{"moveId":33,"ppUsed":0,"ppUp":0}],"status":null,"friendship":70,"metLevel":5,"metBiome":-1,"metSpecies":48,"metWave":-1,"luck":1,"pauseEvolutions":false,"pokerus":false,"usedTMs":[],"teraType":6,"isTerastallized":false,"stellarTypesBoosted":[],"fusionLuck":1,"fusionTeraType":0,"boss":false,"bossSegments":0,"coopOwner":"guest","summonData":{"statStages":[0,0,0,0,0,0,0],"moveQueue":[],"tags":[],"abilitySuppressed":false,"abilitiesApplied":[],"chuckusterReductionUsed":false,"forceAttackerOutUsed":false,"stats":[0,0,0,0,0,0],"types":[],"berriesEatenLast":[],"moveHistory":[]},"battleData":{"hitCount":0,"hasEatenBerry":false,"berriesEaten":[],"anticipationDodgeUsed":false,"rudeAwakeningTriggered":false,"cowardProtectUsed":false,"lostItems":[]},"customPokemonData":{"spriteScale":-1,"ability":-1,"passive":-1,"passive2":-1,"passive3":-1,"nature":-1,"bonusMoveSlots":0,"abilityOverridesForm":false,"types":[],"hitsRecCount":null,"erBlackShiny":false,"erGiftAbilities":[],"erGiftIndex":0,"erShinyLabSuppressLocal":true,"erInnateShrineUnlocked":false,"erCursedStat":-1,"erLockedAbilitySlots":[],"erRunUnlockedAbilitySlots":[],"coopPassiveAttr":[63,63,63],"coopLuck":1},"fusionCustomPokemonData":{"spriteScale":-1,"ability":-1,"passive":-1,"passive2":-1,"passive3":-1,"nature":-1,"bonusMoveSlots":0,"abilityOverridesForm":false,"types":[],"hitsRecCount":null,"erBlackShiny":false,"erGiftAbilities":[],"erGiftIndex":0,"erShinyLabSuppressLocal":false,"erInnateShrineUnlocked":false,"erCursedStat":-1,"erLockedAbilitySlots":[],"erRunUnlockedAbilitySlots":[]},"mysteryEncounterPokemonData":null,"fusionMysteryEncounterPokemonData":null},{"id":2228660171,"player":true,"species":77,"formIndex":0,"abilityIndex":0,"shiny":true,"variant":2,"pokeball":0,"level":5,"exp":125,"levelExp":0,"gender":0,"hp":21,"stats":[21,15,12,13,13,15],"ivs":[31,31,31,31,31,31],"nature":0,"moveset":[{"moveId":838,"ppUsed":0,"ppUp":0},{"moveId":344,"ppUsed":0,"ppUp":0},{"moveId":136,"ppUsed":0,"ppUp":0},{"moveId":14,"ppUsed":0,"ppUp":0}],"status":null,"friendship":50,"metLevel":5,"metBiome":-1,"metSpecies":77,"metWave":-1,"luck":3,"pauseEvolutions":false,"pokerus":false,"usedTMs":[],"teraType":9,"isTerastallized":false,"stellarTypesBoosted":[],"fusionLuck":3,"fusionTeraType":0,"boss":false,"bossSegments":0,"coopOwner":"host","summonData":{"statStages":[0,0,0,0,0,0,0],"moveQueue":[],"tags":[],"abilitySuppressed":false,"abilitiesApplied":[],"chuckusterReductionUsed":false,"forceAttackerOutUsed":false,"stats":[0,0,0,0,0,0],"types":[],"berriesEatenLast":[],"moveHistory":[]},"battleData":{"hitCount":0,"hasEatenBerry":false,"berriesEaten":[],"anticipationDodgeUsed":false,"rudeAwakeningTriggered":false,"cowardProtectUsed":false,"lostItems":[]},"customPokemonData":{"spriteScale":-1,"ability":-1,"passive":-1,"passive2":-1,"passive3":-1,"nature":-1,"bonusMoveSlots":0,"abilityOverridesForm":false,"types":[],"hitsRecCount":null,"erBlackShiny":false,"erGiftAbilities":[],"erGiftIndex":0,"erShinyLab":[0,3,0,255,255,255,96,0,0,0,0,1,70,85],"erShinyLabName":"Drug Fiend","erShinyLabSuppressLocal":false,"erInnateShrineUnlocked":false,"erCursedStat":-1,"erLockedAbilitySlots":[],"erRunUnlockedAbilitySlots":[],"coopPassiveAttr":[63,63,63],"coopLuck":3},"fusionCustomPokemonData":{"spriteScale":-1,"ability":-1,"passive":-1,"passive2":-1,"passive3":-1,"nature":-1,"bonusMoveSlots":0,"abilityOverridesForm":false,"types":[],"hitsRecCount":null,"erBlackShiny":false,"erGiftAbilities":[],"erGiftIndex":0,"erShinyLabSuppressLocal":false,"erInnateShrineUnlocked":false,"erCursedStat":-1,"erLockedAbilitySlots":[],"erRunUnlockedAbilitySlots":[]},"mysteryEncounterPokemonData":null,"fusionMysteryEncounterPokemonData":null}],"modifiers":[{"player":true,"typeId":"MAP","args":[],"stackCount":1,"className":"MapModifier"}],"money":1000,"pokeballCounts":{"0":5,"1":0,"2":0,"3":0,"4":0}}}
