{
  "invariant": "digest",
  "seed": 20365441,
  "wave": 42,
  "detail": "field - field: host=[{\"bi\":0,\"partyIndex\":0,\"speciesId\":493,\"hp\":1865,\"maxHp\":1865,\"status\":0,\"statStages\":[-1,0,-2,0,0,0,0],\"fainted\":false,\"abilityId\":121,\"formIndex\":0,\"isTerastallized\":false,\"teraType\":0,\"bossSegments\":0,\"bossSegmentIndex\":0,\"moves\":[[34,0],[247,0],[53,0],[85,0]],\"tags\":[],\"transformSpeciesId\":0,\"transformFormIndex\":0},{\"bi\":1,\"partyIndex\":1,\"speciesId\":150,\"hp\":1725,\"maxHp\":1725,\"status\":0,\"statStages\":[-1,0,0,0,0,0,0],\"fainted\":false,\"abilityId\":227,\"formIndex\":0,\"isTerastallized\":false,\"teraType\":13,\"bossSegments\":0,\"bossSegmentIndex\":0,\"moves\":[[34,0],[247,0],[53,0],[85,0]],\"tags\":[],\"transformSpeciesId\":0,\"transformFormIndex\":0},{\"bi\":2,\"partyIndex\":0,\"speciesId\":284,\"hp\":96,\"maxHp\":96,\"status\":0,\"statStages\":[0,0,1,0,0,0,0],\"fainted\":false,\"abilityId\":22,\"formIndex\":0,\"isTerastallized\":false,\"teraType\":10,\"bossSegments\":2,\"bossSegmentIndex\":1,\"moves\":[[318,0],[184,0],[346,0],[362,0]],\"tags\":[],\"transformSpeciesId\":0,\"transformFormIndex\":0},{\"bi\":3,\"partyIndex\":1,\"speciesId\":752,\"hp\":93,\"maxHp\":90,\"status\":0,\"statStages\":[0,0,0,0,0,0,0],\"fainted\":false,\"abilityId\":41,\"formIndex\":0,\"isTerastallized\":false,\"teraType\":6,\"bossSegments\":1,\"bossSegmentIndex\":0,\"moves\":[[127,0],[423,0],[471,0],[5002,0]],\"tags\":[\"AQUA_RING\"],\"transformSpeciesId\":0,\"transformFormIndex\":0}] guest=[{\"bi\":0,\"partyIndex\":0,\"speciesId\":493,\"hp\":1865,\"maxHp\":1865,\"status\":0,\"statStages\":[-1,0,-2,0,0,0,0],\"fainted\":false,\"abilityId\":121,\"formIndex\":0,\"isTerastallized\":false,\"teraType\":0,\"bossSegments\":0,\"bossSegmentIndex\":0,\"moves\":[[34,0],[247,0],[53,0],[85,0]],\"tags\":[],\"transformSpeciesId\":0,\"transformFormIndex\":0},{\"bi\":1,\"partyIndex\":1,\"speciesId\":150,\"hp\":1725,\"maxHp\":1725,\"status\":0,\"statStages\":[-1,0,0,0,0,0,0],\"fainted\":false,\"abilityId\":227,\"formIndex\":0,\"isTerastallized\":false,\"teraType\":13,\"bossSegments\":0,\"bossSegmentIndex\":0,\"moves\":[[34,0],[247,0],[53,0],[85,0]],\"tags\":[],\"transformSpeciesId\":0,\"transformFormIndex\":0},{\"bi\":2,\"partyIndex\":0,\"speciesId\":284,\"hp\":96,\"maxHp\":96,\"status\":0,\"statStages\":[0,0,1,0,0,0,0],\"fainted\":false,\"abilityId\":22,\"formIndex\":0,\"isTerastallized\":false,\"teraType\":10,\"bossSegments\":2,\"bossSegmentIndex\":1,\"moves\":[[318,0],[184,0],[346,0],[362,0]],\"tags\":[],\"transformSpeciesId\":0,\"transformFormIndex\":0},{\"bi\":3,\"partyIndex\":1,\"speciesId\":752,\"hp\":90,\"maxHp\":90,\"status\":0,\"statStages\":[0,0,0,0,0,0,0],\"fainted\":false,\"abilityId\":41,\"formIndex\":0,\"isTerastallized\":false,\"teraType\":6,\"bossSegments\":1,\"bossSegmentIndex\":0,\"moves\":[[127,0],[423,0],[471,0],[5002,0]],\"tags\":[\"AQUA_RING\"],\"transformSpeciesId\":0,\"transformFormIndex\":0}]",
  "replay": "SOAK_SEED=20365441",
  "phaseState": null,
  "actionScript": [
    "SKIP mysteryEncounterDisabledV1",
    "content seed=coop-soak-20365441 preseeded=false",
    "wave 1: host slot move=85 guest slot move=85",
    "wave 1 turn 1: guest SWITCH -> party[3]",
    "wave 1 turn 1: progress enemyHp=[16:0/14,263:14/14] playerHp=[890:2065/2065,150:1723/1725]",
    "wave 1 turn 2: replay guest reciprocally crossed cmd:1:2",
    "wave 1 turn 2: host SWITCH -> party[2]",
    "wave 1 turn 3: replay guest reciprocally crossed cmd:1:3",
    "wave 1: reward shop owner=host take-nonparty",
    "wave 2 turn 1: replay guest reciprocally crossed cmd:2:1",
    "wave 2: host slot move=85 guest slot move=85",
    "wave 2 turn 1: progress enemyHp=[734:0/16,821:0/16] playerHp=[493:1258/1865,150:1723/1725]",
    "wave 2: reward shop owner=guest take-nonparty",
    "wave 3 turn 1: replay guest reciprocally crossed cmd:3:1",
    "wave 3: host slot move=34 guest slot move=53",
    "wave 3 turn 1: progress enemyHp=[664:0/16,519:0/18] playerHp=[493:1258/1865,150:1723/1725]",
    "wave 3: reward shop owner=host leave",
    "wave 4 turn 1: replay guest reciprocally crossed cmd:4:1",
    "wave 4: host slot move=85 guest slot move=34",
    "wave 4 turn 1: progress enemyHp=[191:0/19,16:0/18] playerHp=[493:1258/1865,150:1723/1725]",
    "wave 4: reward shop owner=guest leave",
    "wave 5 turn 1: replay guest reciprocally crossed cmd:5:1",
    "wave 5: TRAINER (fixed)",
    "wave 5: host slot move=53 guest slot move=34",
    "wave 5 turn 1: progress enemyHp=[19:0/17,13:0/18] playerHp=[493:1258/1865,150:1723/1725]",
    "wave 5: reward shop owner=host leave",
    "wave 6 turn 1: replay guest reciprocally crossed cmd:6:1",
    "wave 6: host slot move=247 guest slot move=85",
    "wave 6 turn 1: progress enemyHp=[546:0/18,10:0/21] playerHp=[493:1258/1865,150:1723/1725]",
    "wave 6: reward shop owner=guest take-nonparty",
    "wave 7 turn 1: replay guest reciprocally crossed cmd:7:1",
    "wave 7: host slot move=53 guest slot move=53",
    "wave 7 turn 1: progress enemyHp=[734:0/21,165:0/20] playerHp=[493:1258/1865,150:1723/1725]",
    "wave 7: reward shop owner=host leave",
    "wave 8 turn 1: replay guest reciprocally crossed cmd:8:1",
    "wave 8: TRAINER (fixed)",
    "wave 8 turn 1: host SWITCH -> party[2]",
    "wave 8: host slot move=85 guest slot move=53",
    "wave 8 turn 1: progress enemyHp=[650:27/27,661:0/23] playerHp=[890:2065/2065,150:1720/1725]",
    "wave 8 turn 2: replay guest reciprocally crossed cmd:8:2",
    "wave 8 turn 2: guest SWITCH -> party[3]",
    "wave 8: reward shop owner=guest take-nonparty",
    "wave 9 turn 1: replay guest reciprocally crossed cmd:9:1",
    "wave 9: host slot move=53 guest slot move=34",
    "wave 9 turn 1: progress enemyHp=[915:0/24,21:0/22] playerHp=[890:2065/2065,384:1715/1715]",
    "wave 9: reward shop owner=host take-nonparty",
    "wave 10 turn 1: replay guest reciprocally crossed cmd:10:1",
    "wave 10: host slot move=34 guest slot move=85",
    "wave 10 turn 1: progress enemyHp=[519:0/31,415:0/24] playerHp=[890:2065/2065,384:1712/1715]",
    "wave 10: drained 1 milestone reward continuation(s)",
    "wave 11 turn 1: replay guest reciprocally crossed cmd:11:1",
    "wave 11: host slot move=34 guest slot move=53",
    "wave 11 turn 1: guest SWITCH -> party[3]",
    "wave 11 turn 1: progress enemyHp=[293:0/32,11:28/28] playerHp=[890:2065/2065,150:1723/1725]",
    "wave 11 turn 2: replay guest reciprocally crossed cmd:11:2",
    "wave 11: reward shop owner=guest leave",
    "wave 12 turn 1: replay guest reciprocally crossed cmd:12:1",
    "wave 12: host slot move=85 guest slot move=34",
    "wave 12 turn 1: progress enemyHp=[415:0/28,293:0/35] playerHp=[890:1915/2065,150:1723/1725]",
    "wave 12: reward shop owner=host leave",
    "wave 13 turn 1: replay guest reciprocally crossed cmd:13:1",
    "wave 13: host slot move=53 guest slot move=34",
    "wave 13 turn 1: guest SWITCH -> party[3]",
    "wave 13 turn 1: progress enemyHp=[665:0/34,191:36/36] playerHp=[890:2043/2065,384:1715/1715]",
    "wave 13 turn 2: replay guest reciprocally crossed cmd:13:2",
    "wave 13: drained 1 milestone reward continuation(s)",
    "wave 14 turn 1: replay guest reciprocally crossed cmd:14:1",
    "wave 14: TRAINER (random)",
    "wave 14: host slot move=85 guest slot move=85",
    "wave 14 turn 1: progress enemyHp=[506:0/36,263:0/34] playerHp=[890:1808/2065,384:1715/1715]",
    "wave 14: reward shop owner=host take-nonparty",
    "wave 15 turn 1: replay guest reciprocally crossed cmd:15:1",
    "wave 15: host slot move=85 guest slot move=53",
    "wave 15 turn 1: guest SWITCH -> party[3]",
    "wave 15 turn 1: progress enemyHp=[504:0/43,163:47/47] playerHp=[890:1936/2065,150:1722/1725]",
    "wave 15 turn 2: replay guest reciprocally crossed cmd:15:2",
    "wave 15: reward shop owner=guest leave",
    "wave 16 turn 1: replay guest reciprocally crossed cmd:16:1",
    "wave 16: BIOME 0->26",
    "wave 16: host slot move=34 guest slot move=247",
    "wave 16 turn 1: progress enemyHp=[231:0/41,81:0/28] playerHp=[890:1915/2065,150:1722/1725]",
    "wave 16: reward shop owner=host leave",
    "wave 17 turn 1: replay guest reciprocally crossed cmd:17:1",
    "wave 17: host slot move=53 guest slot move=34",
    "wave 17 turn 1: progress enemyHp=[88:0/44,66:0/37] playerHp=[890:2044/2065,150:1722/1725]",
    "wave 17: reward shop owner=guest leave",
    "wave 18 turn 1: replay guest reciprocally crossed cmd:18:1",
    "wave 18: host slot move=247 guest slot move=85",
    "wave 18 turn 1: progress enemyHp=[66:39/39,296:43/43] playerHp=[890:2065/2065,150:1722/1725]",
    "wave 18 turn 2: replay guest reciprocally crossed cmd:18:2",
    "wave 18 turn 2: host SWITCH -> party[2]",
    "wave 18 turn 3: replay guest reciprocally crossed cmd:18:3",
    "wave 18: reward shop owner=host leave",
    "wave 19 turn 1: replay guest reciprocally crossed cmd:19:1",
    "wave 19: host slot move=34 guest slot move=53",
    "wave 19 turn 1: guest SWITCH -> party[3]",
    "wave 19 turn 1: progress enemyHp=[66:42/42,296:0/43] playerHp=[493:1865/1865,384:1715/1715]",
    "wave 19 turn 2: replay guest reciprocally crossed cmd:19:2",
    "wave 19 turn 2: guest SWITCH -> party[3]",
    "wave 19: reward shop owner=guest leave",
    "wave 20 turn 1: replay guest reciprocally crossed cmd:20:1",
    "wave 20: host slot move=85 guest slot move=247",
    "wave 20 turn 1: progress enemyHp=[299:0/32,81:0/33] playerHp=[493:1865/1865,150:1723/1725]",
    "wave 20: drained 1 milestone reward continuation(s)",
    "wave 21 turn 1: replay guest reciprocally crossed cmd:21:1",
    "wave 21 turn 1: host SWITCH -> party[2]",
    "wave 21: host slot move=53 guest slot move=34",
    "wave 21 turn 1: progress enemyHp=[66:47/47,299:1/32] playerHp=[890:2065/2065,150:1723/1725]",
    "wave 21 turn 2: replay guest reciprocally crossed cmd:21:2",
    "wave 21: reward shop owner=host take-nonparty",
    "wave 22 turn 1: replay guest reciprocally crossed cmd:22:1",
    "wave 22: host slot move=247 guest slot move=85",
    "wave 22 turn 1: progress enemyHp=[296:48/48,2074:37/37] playerHp=[890:2065/2065,150:1723/1725]",
    "wave 22 turn 2: replay guest reciprocally crossed cmd:22:2",
    "wave 22: reward shop owner=guest leave",
    "wave 23 turn 1: replay guest reciprocally crossed cmd:23:1",
    "wave 23: host slot move=34 guest slot move=53",
    "wave 23 turn 1: progress enemyHp=[109:0/43,559:0/42] playerHp=[890:2064/2065,150:1722/1725]",
    "wave 23: reward shop owner=host leave",
    "wave 24 turn 1: replay guest reciprocally crossed cmd:24:1",
    "wave 24: host slot move=85 guest slot move=247",
    "wave 24 turn 1: progress enemyHp=[66:0/47,50:0/32] playerHp=[890:2065/2065,150:1722/1725]",
    "wave 24: reward shop owner=guest leave",
    "wave 25 turn 1: replay guest reciprocally crossed cmd:25:1",
    "wave 25: TRAINER (fixed)",
    "wave 25: host slot move=53 guest slot move=34",
    "wave 25 turn 1: guest SWITCH -> party[3]",
    "wave 25 turn 1: progress enemyHp=[651:0/57,662:53/53] playerHp=[890:2063/2065,384:1713/1715]",
    "wave 25 turn 2: replay guest reciprocally crossed cmd:25:2",
    "wave 25 turn 2: host SWITCH -> party[2]",
    "wave 25: reward shop owner=host take-nonparty",
    "wave 26 turn 1: replay guest reciprocally crossed cmd:26:1",
    "wave 26: host slot move=247 guest slot move=85",
    "wave 26 turn 1: progress enemyHp=[296:0/59,299:1/42] playerHp=[493:1864/1865,384:1711/1715]",
    "wave 26 turn 2: replay guest reciprocally crossed cmd:26:2",
    "wave 26: reward shop owner=guest leave",
    "wave 27 turn 1: replay guest reciprocally crossed cmd:27:1",
    "wave 27 turn 1: host SWITCH -> party[2]",
    "wave 27: host slot move=34 guest slot move=53",
    "wave 27 turn 1: progress enemyHp=[88:52/72,109:0/52] playerHp=[890:2063/2065,384:1709/1715]",
    "wave 27 turn 2: replay guest reciprocally crossed cmd:27:2",
    "wave 27: reward shop owner=host leave",
    "wave 28 turn 1: replay guest reciprocally crossed cmd:28:1",
    "wave 28 turn 1: host SWITCH -> party[2]",
    "wave 28: host slot move=85 guest slot move=247",
    "wave 28 turn 1: progress enemyHp=[532:71/71,237:0/71] playerHp=[493:1865/1865,384:1708/1715]",
    "wave 28 turn 2: replay guest reciprocally crossed cmd:28:2",
    "wave 28: reward shop owner=guest take-nonparty",
    "wave 29 turn 1: replay guest reciprocally crossed cmd:29:1",
    "wave 29: BIOME 26->9",
    "wave 29: host slot move=53 guest slot move=34",
    "wave 29 turn 1: progress enemyHp=[746:0/49,746:0/54] playerHp=[493:1865/1865,384:1708/1715]",
    "wave 29: reward shop owner=host take-nonparty",
    "wave 30 turn 1: replay guest reciprocally crossed cmd:30:1",
    "wave 30: TRAINER (random)",
    "wave 30: host slot move=247 guest slot move=53",
    "wave 30 turn 1: guest SWITCH -> party[3]",
    "wave 30 turn 1: progress enemyHp=[394:0/63,194:62/62] playerHp=[493:1865/1865,150:1723/1725]",
    "wave 30 turn 2: replay guest reciprocally crossed cmd:30:2",
    "wave 30: drained 1 milestone reward continuation(s)",
    "wave 31 turn 1: replay guest reciprocally crossed cmd:31:1",
    "wave 31: host slot move=34 guest slot move=53",
    "wave 31 turn 1: progress enemyHp=[283:52/52,746:0/54] playerHp=[493:1865/1865,150:1725/1725]",
    "wave 31 turn 2: replay guest reciprocally crossed cmd:31:2",
    "wave 31: reward shop owner=guest leave",
    "wave 32 turn 1: replay guest reciprocally crossed cmd:32:1",
    "wave 32: host slot move=53 guest slot move=247",
    "wave 32 turn 1: progress enemyHp=[118:0/54,183:0/66] playerHp=[493:1865/1865,150:1725/1725]",
    "wave 32: reward shop owner=host take-nonparty",
    "wave 33 turn 1: replay guest reciprocally crossed cmd:33:1",
    "wave 33: host slot move=53 guest slot move=34",
    "wave 33 turn 1: guest SWITCH -> party[3]",
    "wave 33 turn 1: progress enemyHp=[833:0/60,8:59/59] playerHp=[493:1865/1865,384:1715/1715]",
    "wave 33 turn 2: replay guest reciprocally crossed cmd:33:2",
    "wave 33: reward shop owner=guest take-nonparty",
    "wave 34 turn 1: replay guest reciprocally crossed cmd:34:1",
    "wave 34: host slot move=53 guest slot move=53",
    "wave 34 turn 1: progress enemyHp=[194:0/65,194:0/65] playerHp=[493:1560/1865,384:1715/1715]",
    "wave 34: reward shop owner=host leave",
    "wave 35 turn 1: replay guest reciprocally crossed cmd:35:1",
    "wave 35: TRAINER (fixed)",
    "wave 35: host slot move=34 guest slot move=53",
    "wave 35 turn 1: guest SWITCH -> party[3]",
    "wave 35 turn 1: progress enemyHp=[49:0/75,96:75/75] playerHp=[493:1676/1865,150:1721/1725]",
    "wave 35 turn 2: replay guest reciprocally crossed cmd:35:2",
    "wave 35: reward shop owner=guest leave",
    "wave 36 turn 1: replay guest reciprocally crossed cmd:36:1",
    "wave 36: host slot move=85 guest slot move=247",
    "wave 36 turn 1: progress enemyHp=[752:0/74,271:0/65] playerHp=[493:1680/1865,150:1725/1725]",
    "wave 36: reward shop owner=host take-nonparty",
    "wave 37 turn 1: replay guest reciprocally crossed cmd:37:1",
    "wave 37: host slot move=53 guest slot move=34",
    "wave 37 turn 1: progress enemyHp=[833:0/67,833:0/67] playerHp=[493:1796/1865,150:1725/1725]",
    "wave 37: reward shop owner=guest leave",
    "wave 38 turn 1: replay guest reciprocally crossed cmd:38:1",
    "wave 38: host slot move=247 guest slot move=85",
    "wave 38 turn 1: progress enemyHp=[194:0/70,502:0/80] playerHp=[493:1865/1865,150:1725/1725]",
    "wave 38: reward shop owner=host take-nonparty",
    "wave 39 turn 1: replay guest reciprocally crossed cmd:39:1",
    "wave 39: host slot move=34 guest slot move=53",
    "wave 39 turn 1: progress enemyHp=[194:0/75,284:0/80] playerHp=[493:1865/1865,150:1725/1725]",
    "wave 39: reward shop owner=guest leave",
    "wave 40 turn 1: replay guest reciprocally crossed cmd:40:1",
    "wave 40: host slot move=85 guest slot move=247",
    "wave 40 turn 1: guest SWITCH -> party[3]",
    "wave 40 turn 1: progress enemyHp=[284:0/83,746:80/80] playerHp=[493:1859/1865,384:1712/1715]",
    "wave 40 turn 2: replay guest reciprocally crossed cmd:40:2",
    "wave 40 turn 2: guest SWITCH -> party[3]",
    "wave 40: drained 1 milestone reward continuation(s)",
    "wave 41 turn 1: replay guest reciprocally crossed cmd:41:1",
    "wave 41: host slot move=53 guest slot move=34",
    "wave 41 turn 1: progress enemyHp=[54:0/76,834:0/100] playerHp=[493:1859/1865,150:1718/1725]",
    "wave 41: reward shop owner=host take-nonparty",
    "wave 42 turn 1: replay guest reciprocally crossed cmd:42:1",
    "wave 42: DIGEST mismatch @wave-start class=unexpected fields=[field] -> one-heal resync"
  ]
}