===== COOP SOAK RESULT =====
profile: level
verdict: FAIL
waves_requested: 55
run: 29182228847 (main)
timestamp: 2026-07-12T06-24-43Z

----- driver lines -----
[22m[39m[coop-soak] SEED=20260712 WAVES=55 - replay this run with:  SOAK_SEED=20260712 SOAK_WAVES=55 ER_SCENARIO=1 npx vitest run test/tests/elite-redux/coop/coop-soak.test.ts
[22m[39m[coop-soak] PRE-HEAL unexpected wave=3 where=post-turn fields=[field] :: field:host=[{"bi":0,"partyIndex":0,"speciesId":143,"hp":232,"maxHp":303,"status":0,"statStages":[0,1,0,0,0,0,0],"fainted":false,"abilityId":5031,"formIndex":0,"isTerastallized":false,"teraType":0,"bossSegments":0,"bossSegmentIndex":0,"moves":[[153,0],[247,0],[53,0],[85,1]],"tags":[],"transformSpeciesId":0,"transformFormIndex":0},{"bi":1,"partyIndex":1,"speciesId":248,"hp":225,"maxHp":225,"status":0,"statStages":[0,0,0,0,0,0,0],"fainted":false,"abilityId":5101,"formIndex":0,"isTerastallized":false,"teraType":5,"bossSegments":0,"bossSegmentIndex":0,"moves":[[153,0],[247,0],[53,0],[85,1]],"tags":[],"transformSpeciesId":0,"transformFormIndex":0},{"bi":2,"partyIndex":0,"speciesId":187,"hp":0,"maxHp":16,"status":7,"statStages":[0,0,0,0,0,0,0],"fainted":true,"abilityId":151,"formIndex":0,"isTerastallized":false,"teraType":2,"bossSegments":0,"bossSegmentIndex":0,"moves":[[72,0],[77,0],[511,0],[78,0]],"tags":[],"transformSpeciesId":0,"transformFormIndex":0},{"bi":3,"partyIndex":1,"speciesId":504,"hp":0,"maxHp":16,"status":7,"statStages":[0,0,0,0,0,0,0],"fainted":true,"abilityId":198,"formIndex":0,"isTerastallized":false,"teraType":0,"bossSegments":0,"bossSegmentIndex":0,"moves":[[158,0],[747,0],[116,0],[43,0]],"tags":[],"transformSpeciesId":0,"transformFormIndex":0}]/guest=[{"bi":0,"partyIndex":0,"speciesId":143,"hp":232,"maxHp":303,"status":0,"statStages":[0,1,0,0,0,0,0],"fainted":false,"abilityId":5031,"formIndex":0,"isTerastallized":false,"teraType":0,"bossSegments":0,"bossSegmentIndex":0,"moves":[[153,0],[247,0],[53,0],[85,0]],"tags":[],"transformSpeciesId":0,"transformFormIndex":0},{"bi":1,"partyIndex":1,"speciesId":248,"hp":225,"maxHp":225,"status":0,"statStages":[0,0,0,0,0,0,0],"fainted":false,"abilityId":5101,"formIndex":0,"isTerastallized":false,"teraType":5,"bossSegments":0,"bossSegmentIndex":0,"moves":[[153,0],[247,0],[53,0],[85,0]],"tags":[],"transformSpeciesId":0,"transformFormIndex":0},{"bi":2,"partyIndex":0,"speciesId":187,"hp":16,"maxHp":16,"status":0,"statStages":[0,0,0,0,0,0,0],"fainted":false,"abilityId":151,"formIndex":0,"isTerastallized":false,"teraType":2,"bossSegments":0,"bossSegmentIndex":0,"moves":[[72,0],[77,0],[511,0],[78,0]],"tags":[],"transformSpeciesId":0,"transformFormIndex":0},{"bi":3,"partyIndex":1,"speciesId":504,"hp":16,"maxHp":16,"status":0,"statStages":[0,0,0,0,0,0,0],"fainted":false,"abilityId":198,"formIndex":0,"isTerastallized":false,"teraType":0,"bossSegments":0,"bossSegmentIndex":0,"moves":[[158,0],[747,0],[116,0],[43,0]],"tags":[],"transformSpeciesId":0,"transformFormIndex":0}]
[22m[39m[coop-soak] PRE-HEAL unexpected wave=5 where=post-turn fields=[field] :: field:host=[{"bi":0,"partyIndex":0,"speciesId":149,"hp":213,"maxHp":213,"status":0,"statStages":[0,0,0,0,-2,0,0],"fainted":false,"abilityId":5013,"formIndex":0,"isTerastallized":false,"teraType":15,"bossSegments":0,"bossSegmentIndex":0,"moves":[[153,0],[247,1],[53,0],[85,0]],"tags":[],"transformSpeciesId":0,"transformFormIndex":0},{"bi":1,"partyIndex":1,"speciesId":248,"hp":225,"maxHp":225,"status":0,"statStages":[0,0,0,0,-2,0,0],"fainted":false,"abilityId":5101,"formIndex":0,"isTerastallized":false,"teraType":5,"bossSegments":0,"bossSegmentIndex":0,"moves":[[153,0],[247,0],[53,0],[85,1]],"tags":[],"transformSpeciesId":0,"transformFormIndex":0},{"bi":2,"partyIndex":0,"speciesId":13,"hp":0,"maxHp":18,"status":7,"statStages":[0,0,0,0,0,0,0],"fainted":true,"abilityId":5269,"formIndex":0,"isTerastallized":false,"teraType":3,"bossSegments":0,"bossSegmentIndex":0,"moves":[[679,0],[40,0]],"tags":[],"transformSpeciesId":0,"transformFormIndex":0},{"bi":3,"partyIndex":1,"speciesId":265,"hp":0,"maxHp":18,"status":7,"statStages":[0,0,0,0,0,0,0],"fainted":true,"abilityId":21,"formIndex":0,"isTerastallized":false,"teraType":6,"bossSegments":0,"bossSegmentIndex":0,"moves":[[522,0],[33,0],[40,0],[5048,0]],"tags":[],"transformSpeciesId":0,"transformFormIndex":0}]/guest=[{"bi":0,"partyIndex":0,"speciesId":149,"hp":213,"maxHp":213,"status":0,"statStages":[0,0,0,0,-2,0,0],"fainted":false,"abilityId":5013,"formIndex":0,"isTerastallized":false,"teraType":15,"bossSegments":0,"bossSegmentIndex":0,"moves":[[153,0],[247,0],[53,0],[85,0]],"tags":[],"transformSpeciesId":0,"transformFormIndex":0},{"bi":1,"partyIndex":1,"speciesId":248,"hp":225,"maxHp":225,"status":0,"statStages":[0,0,0,0,-2,0,0],"fainted":false,"abilityId":5101,"formIndex":0,"isTerastallized":false,"teraType":5,"bossSegments":0,"bossSegmentIndex":0,"moves":[[153,0],[247,0],[53,0],[85,0]],"tags":[],"transformSpeciesId":0,"transformFormIndex":0},{"bi":2,"partyIndex":0,"speciesId":13,"hp":18,"maxHp":18,"status":0,"statStages":[0,0,0,0,0,0,0],"fainted":false,"abilityId":5269,"formIndex":0,"isTerastallized":false,"teraType":3,"bossSegments":0,"bossSegmentIndex":0,"moves":[[679,0],[40,0]],"tags":[],"transformSpeciesId":0,"transformFormIndex":0},{"bi":3,"partyIndex":1,"speciesId":265,"hp":18,"maxHp":18,"status":0,"statStages":[0,0,0,0,0,0,0],"fainted":false,"abilityId":21,"formIndex":0,"isTerastallized":false,"teraType":6,"bossSegments":0,"bossSegmentIndex":0,"moves":[[522,0],[33,0],[40,0],[5048,0]],"tags":[],"transformSpeciesId":0,"transformFormIndex":0}]
[22m[39m[coop-soak] scalar-lag wave 5 @post-shop: guest trails host (expected renderer lag, converges at re-mirror) - money host=110 guest=0
[22m[39m[coop-soak] PRE-HEAL unexpected wave=7 where=post-turn fields=[field] :: field:host=[{"bi":0,"partyIndex":0,"speciesId":376,"hp":199,"maxHp":199,"status":0,"statStages":[0,0,0,0,0,0,0],"fainted":false,"abilityId":181,"formIndex":0,"isTerastallized":false,"teraType":8,"bossSegments":0,"bossSegmentIndex":0,"moves":[[153,0],[247,0],[53,1],[85,0]],"tags":[],"transformSpeciesId":0,"transformFormIndex":0},{"bi":1,"partyIndex":1,"speciesId":248,"hp":219,"maxHp":225,"status":0,"statStages":[0,0,0,0,-2,0,0],"fainted":false,"abilityId":5101,"formIndex":0,"isTerastallized":false,"teraType":5,"bossSegments":0,"bossSegmentIndex":0,"moves":[[153,0],[247,1],[53,0],[85,0]],"tags":[],"transformSpeciesId":0,"transformFormIndex":0},{"bi":2,"partyIndex":0,"speciesId":293,"hp":0,"maxHp":23,"status":7,"statStages":[0,0,0,0,0,0,0],"fainted":true,"abilityId":113,"formIndex":0,"isTerastallized":false,"teraType":0,"bossSegments":0,"bossSegmentIndex":0,"moves":[[45,0],[103,0],[336,1],[310,0]],"tags":[],"transformSpeciesId":0,"transformFormIndex":0},{"bi":3,"partyIndex":1,"speciesId":509,"hp":0,"maxHp":22,"status":7,"statStages":[0,0,0,0,0,0,0],"fainted":true,"abilityId":97,"formIndex":0,"isTerastallized":false,"teraType":16,"bossSegments":0,"bossSegmentIndex":0,"moves":[[468,0],[252,0],[495,1],[98,0]],"tags":[],"transformSpeciesId":0,"transformFormIndex":0}]/guest=[{"bi":0,"partyIndex":0,"speciesId":376,"hp":199,"maxHp":199,"status":0,"statStages":[0,0,0,0,0,0,0],"fainted":false,"abilityId":181,"formIndex":0,"isTerastallized":false,"teraType":8,"bossSegments":0,"bossSegmentIndex":0,"moves":[[153,0],[247,0],[53,0],[85,0]],"tags":[],"transformSpeciesId":0,"transformFormIndex":0},{"bi":1,"partyIndex":1,"speciesId":248,"hp":163,"maxHp":225,"status":0,"statStages":[0,0,0,0,-2,0,0],"fainted":false,"abilityId":5101,"formIndex":0,"isTerastallized":false,"teraType":5,"bossSegments":0,"bossSegmentIndex":0,"moves":[[153,0],[247,0],[53,0],[85,0]],"tags":[],"transformSpeciesId":0,"transformFormIndex":0},{"bi":2,"partyIndex":0,"speciesId":293,"hp":23,"maxHp":23,"status":0,"statStages":[0,0,0,0,0,0,0],"fainted":false,"abilityId":113,"formIndex":0,"isTerastallized":false,"teraType":0,"bossSegments":0,"bossSegmentIndex":0,"moves":[[45,0],[103,0],[336,0],[310,0]],"tags":[],"transformSpeciesId":0,"transformFormIndex":0},{"bi":3,"partyIndex":1,"speciesId":509,"hp":22,"maxHp":22,"status":0,"statStages":[0,0,0,0,0,0,0],"fainted":false,"abilityId":97,"formIndex":0,"isTerastallized":false,"teraType":16,"bossSegments":0,"bossSegmentIndex":0,"moves":[[468,0],[252,0],[495,0],[98,0]],"tags":[],"transformSpeciesId":0,"transformFormIndex":0}]
[22m[39m[coop-soak] scalar-lag wave 8 @post-shop: guest trails host (expected renderer lag, converges at re-mirror) - money host=370 guest=110
[22m[39m[coop-soak] ASYMMETRIC CONTINUATION wave 8 (seed 20260712): host half EXHAUSTED, guest plays on SOLO (partner-plays-on path).
[22m[39m[coop-soak] HOST-HALF EXHAUSTED crossing into wave 9 (seed 20260712): guest-solo continuation reached the harness field-collapse gap; ending as the exhaustion terminal. Finding reported.
[22m[39m[coop-soak] DONE seed=20260712 waves=8/55 resyncHeals=3 assertions=0 findings=0 trainerWaves=2 (fixed=2 random=0) skips={"mysteryEncounterDisabledV1":1} elapsedMs=600018
[coop-soak] RUN ENDED at wave 9 (seed 20260712): host HALF exhausted (guest-solo continuation hit the harness field-collapse gap at the crossing). Surveyed 8/55 waves under all invariants before the terminal.

----- vitest result tail -----
[coop:launch] clearCoopRuntime role=guest netcode=authoritative gen->2
[coop:stream] streamer DISPOSE: cancel pending(turns=0 enemyParty=0 meBattle=0 stateSync=0) + null-out all handlers
[coop:relay] dispose() (no in-flight waiters)
[coop:pump] end session { seq: -1, termSeq: -1, wasOwner: false }
[coop:turn] host recorder: CLEAR (null-out) live emitter (was=false)
[coop:session] coopAuthoritativeGuestPredicate CLEARED (-> solo/host/lockstep reads false)

[90mstdout[2m | test/tests/elite-redux/coop/coop-soak.test.ts[2m:150:3[22m[2m[2m > [22m[2mNIGHTLY co-op SOAK: seeded randomized two-engine run (#841)[2m > [22m[2mplays a seeded randomized co-op run asserting DIGEST/LOCKSTEP/NO-PARK/TEARDOWN each wave
[22m[39m[coop-soak] DONE seed=20260712 waves=8/55 resyncHeals=3 assertions=0 findings=0 trainerWaves=2 (fixed=2 random=0) skips={"mysteryEncounterDisabledV1":1} elapsedMs=600018
[coop-soak] RUN ENDED at wave 9 (seed 20260712): host HALF exhausted (guest-solo continuation hit the harness field-collapse gap at the crossing). Surveyed 8/55 waves under all invariants before the terminal.

[90mstdout[2m | test/tests/elite-redux/coop/coop-soak.test.ts[2m:150:3[22m[2m[2m > [22m[2mNIGHTLY co-op SOAK: seeded randomized two-engine run (#841)[2m > [22m[2mplays a seeded randomized co-op run asserting DIGEST/LOCKSTEP/NO-PARK/TEARDOWN each wave
[22m[39m[2m> [22m[30m[48;2;193;98;222m Test finished! [49m[39m
    Name: [38;2;0;136;134mNIGHTLY co-op SOAK: seeded randomized two-engine run (#841) > plays a seeded randomized co-op run asserting DIGEST/LOCKSTEP/NO-PARK/TEARDOWN each wave[39m
    Result: [31m[1m✗ Failed[22m[39m [2min[22m [33m601058[39m[2mms[22m
    File: [38;2;210;155;14melite-redux/test/tests/elite-redux/coop/coop-soak.test.ts:150:3[39m

[33m[39m[31mx[39m

[31m⎯⎯⎯⎯⎯⎯⎯[39m[1m[41m Failed Tests 1 [49m[22m[31m⎯⎯⎯⎯⎯⎯⎯[39m

[41m[1m FAIL [22m[49m [30m[45m main [49m[39m test/tests/elite-redux/coop/coop-soak.test.ts[2m:150:3[22m[2m > [22mNIGHTLY co-op SOAK: seeded randomized two-engine run (#841)[2m > [22mplays a seeded randomized co-op run asserting DIGEST/LOCKSTEP/NO-PARK/TEARDOWN each wave
[31m[1mError[22m: Test timed out in 600000ms.
If this is a long-running test, pass a timeout value as the last argument or configure it globally with "testTimeout".[39m
[36m [2m❯[22m test/tests/elite-redux/coop/coop-soak.test.ts:[2m150:3[22m[39m
    [90m148|[39m   })[33m;[39m
    [90m149|[39m
    [90m150|[39m   [34mit[39m(
    [90m   |[39m   [31m^[39m
    [90m151|[39m     "plays a seeded randomized co-op run asserting DIGEST/LOCKSTEP/NO-…
    [90m152|[39m     [35masync[39m () [33m=>[39m {

[31m[2m⎯⎯⎯⎯⎯⎯⎯⎯⎯⎯⎯⎯⎯⎯⎯⎯⎯⎯⎯⎯⎯⎯⎯⎯[1/1]⎯[22m[39m


[2m Test Files [22m [1m[31m1 failed[39m[22m[90m (1)[39m
[2m      Tests [22m [1m[31m1 failed[39m[22m[90m (1)[39m
[2m   Start at [22m 06:14:18
[2m   Duration [22m 625.13s[2m (transform 18.31s, setup 22.49s, import 166ms, tests 601.50s, environment 798ms)[22m

