{
  "invariant": "digest",
  "seed": 20470471,
  "wave": 73,
  "detail": "postShopScalarOverGrant - ball[0] host=75 guest=80 (guest OVER-grant)",
  "replay": "SOAK_SEED=20470471",
  "phaseState": null,
  "actionScript": [
    "SKIP mysteryEncounterDisabledV1",
    "content seed=coop-soak-20470471 preseeded=false",
    "wave 1: host slot move=85 guest slot move=53",
    "wave 1 turn 1: progress enemyHp=[16:0/14,263:0/14] playerHp=[890:2065/2065,384:1715/1715]",
    "wave 1: reward shop owner=host leave",
    "wave 2 turn 1: replay guest reciprocally crossed cmd:2:1",
    "wave 2: host slot move=85 guest slot move=247",
    "wave 2 turn 1: guest SWITCH -> party[3]",
    "wave 2 turn 1: progress enemyHp=[831:0/16,283:16/16] playerHp=[890:2065/2065,150:1725/1725]",
    "wave 2 turn 2: replay guest reciprocally crossed cmd:2:2",
    "wave 2: reward shop owner=guest leave",
    "wave 3 turn 1: replay guest reciprocally crossed cmd:3:1",
    "wave 3: host slot move=53 guest slot move=34",
    "wave 3 turn 1: progress enemyHp=[29:0/17,263:0/16] playerHp=[890:2065/2065,150:1725/1725]",
    "wave 3: reward shop owner=host leave",
    "wave 4 turn 1: replay guest reciprocally crossed cmd:4:1",
    "wave 4: host slot move=247 guest slot move=85",
    "wave 4 turn 1: progress enemyHp=[415:0/18,29:0/19] playerHp=[890:2065/2065,150:1725/1725]",
    "wave 4: reward shop owner=guest take-nonparty",
    "wave 5 turn 1: replay guest reciprocally crossed cmd:5:1",
    "wave 5: TRAINER (fixed)",
    "wave 5: host slot move=53 guest slot move=34",
    "wave 5 turn 1: progress enemyHp=[504:0/18,399:0/20] playerHp=[890:2065/2065,150:1725/1725]",
    "wave 5: reward shop owner=host take-nonparty",
    "wave 6 turn 1: replay guest reciprocally crossed cmd:6:1",
    "wave 6: host slot move=85 guest slot move=247",
    "wave 6 turn 1: guest SWITCH -> party[3]",
    "wave 6 turn 1: progress enemyHp=[824:0/17,43:18/18] playerHp=[890:2065/2065,384:1715/1715]",
    "wave 6 turn 2: replay guest reciprocally crossed cmd:6:2",
    "wave 6: reward shop owner=guest leave",
    "wave 7 turn 1: replay guest reciprocally crossed cmd:7:1",
    "wave 7: host slot move=34 guest slot move=34",
    "wave 7 turn 1: progress enemyHp=[824:0/19,915:0/24] playerHp=[890:2065/2065,384:1715/1715]",
    "wave 7: reward shop owner=host leave",
    "wave 8 turn 1: replay guest reciprocally crossed cmd:8:1",
    "wave 8: TRAINER (fixed)",
    "wave 8: host slot move=247 guest slot move=85",
    "wave 8 turn 1: progress enemyHp=[252:0/24,396:0/22] playerHp=[890:2065/2065,384:1715/1715]",
    "wave 8: reward shop owner=guest take-nonparty",
    "wave 9 turn 1: replay guest reciprocally crossed cmd:9:1",
    "wave 9: host slot move=85 guest slot move=53",
    "wave 9 turn 1: guest SWITCH -> party[3]",
    "wave 9 turn 1: progress enemyHp=[661:0/23,268:26/26] playerHp=[890:2064/2065,150:1725/1725]",
    "wave 9 turn 2: replay guest reciprocally crossed cmd:9:2",
    "wave 9: reward shop owner=host leave",
    "wave 10 turn 1: replay guest reciprocally crossed cmd:10:1",
    "wave 10: host slot move=85 guest slot move=247",
    "wave 10 turn 1: guest SWITCH -> party[3]",
    "wave 10 turn 1: progress enemyHp=[273:0/24,14:19/27] playerHp=[890:2064/2065,384:1714/1715]",
    "wave 10 turn 2: replay guest reciprocally crossed cmd:10:2",
    "wave 10: drained 1 milestone reward continuation(s)",
    "wave 11 turn 1: replay guest reciprocally crossed cmd:11:1",
    "wave 11: host slot move=53 guest slot move=85",
    "wave 11 turn 1: progress enemyHp=[831:0/29,263:0/26] playerHp=[890:2065/2065,384:1714/1715]",
    "wave 11: reward shop owner=guest leave",
    "wave 12 turn 1: replay guest reciprocally crossed cmd:12:1",
    "wave 12: host slot move=53 guest slot move=53",
    "wave 12 turn 1: progress enemyHp=[263:0/30,52:0/28] playerHp=[890:2065/2065,384:1714/1715]",
    "wave 12: reward shop owner=host leave",
    "wave 13 turn 1: replay guest reciprocally crossed cmd:13:1",
    "wave 13 turn 1: host SWITCH -> party[2]",
    "wave 13: host slot move=34 guest slot move=85",
    "wave 13 turn 1: guest SWITCH -> party[3]",
    "wave 13 turn 1: progress enemyHp=[261:32/32,401:32/32] playerHp=[493:1863/1865,150:1723/1725]",
    "wave 13 turn 2: replay guest reciprocally crossed cmd:13:2",
    "wave 13: reward shop owner=guest take-nonparty",
    "wave 14 turn 1: replay guest reciprocally crossed cmd:14:1",
    "wave 14: host slot move=34 guest slot move=85",
    "wave 14 turn 1: progress enemyHp=[276:0/37,402:0/47] playerHp=[493:1180/1865,150:1723/1725]",
    "wave 14: reward shop owner=host leave",
    "wave 15 turn 1: replay guest reciprocally crossed cmd:15:1",
    "wave 15: host slot move=53 guest slot move=34",
    "wave 15 turn 1: progress enemyHp=[48:0/47,273:0/41] playerHp=[493:1180/1865,150:1723/1725]",
    "wave 15: drained 1 milestone reward continuation(s)",
    "wave 16 turn 1: replay guest reciprocally crossed cmd:16:1",
    "wave 16: BIOME 0->9",
    "wave 16: TRAINER (random)",
    "wave 16: host slot move=247 guest slot move=85",
    "wave 16 turn 1: progress enemyHp=[559:0/35,532:0/40] playerHp=[493:1180/1865,150:1723/1725]",
    "wave 16 turn 2: replay guest reciprocally crossed cmd:16:2",
    "wave 16: reward shop owner=host leave",
    "wave 17 turn 1: replay guest reciprocally crossed cmd:17:1",
    "wave 17: host slot move=34 guest slot move=53",
    "wave 17 turn 1: progress enemyHp=[833:0/33,129:0/28] playerHp=[493:1412/1865,150:1725/1725]",
    "wave 17: reward shop owner=guest take-nonparty",
    "wave 18 turn 1: replay guest reciprocally crossed cmd:18:1",
    "wave 18: host slot move=85 guest slot move=247",
    "wave 18 turn 1: progress enemyHp=[129:0/30,194:0/40] playerHp=[493:1528/1865,150:1725/1725]",
    "wave 18: reward shop owner=host leave",
    "wave 19 turn 1: replay guest reciprocally crossed cmd:19:1",
    "wave 19: host slot move=53 guest slot move=247",
    "wave 19 turn 1: progress enemyHp=[283:37/37,118:0/36] playerHp=[493:1644/1865,150:1725/1725]",
    "wave 19 turn 2: replay guest reciprocally crossed cmd:19:2",
    "wave 19: reward shop owner=guest take-nonparty",
    "wave 20 turn 1: replay guest reciprocally crossed cmd:20:1",
    "wave 20 turn 1: host SWITCH -> party[2]",
    "wave 20: host slot move=247 guest slot move=85",
    "wave 20 turn 1: progress enemyHp=[283:35/35,183:0/47] playerHp=[890:2065/2065,150:1719/1725]",
    "wave 20 turn 2: replay guest reciprocally crossed cmd:20:2",
    "wave 20: drained 1 milestone reward continuation(s)",
    "wave 21 turn 1: replay guest reciprocally crossed cmd:21:1",
    "wave 21: host slot move=34 guest slot move=53",
    "wave 21 turn 1: guest SWITCH -> party[3]",
    "wave 21 turn 1: progress enemyHp=[283:39/39,79:53/53] playerHp=[890:2065/2065,384:1715/1715]",
    "wave 21 turn 2: replay guest reciprocally crossed cmd:21:2",
    "wave 21: reward shop owner=host leave",
    "wave 22 turn 1: replay guest reciprocally crossed cmd:22:1",
    "wave 22: host slot move=85 guest slot move=247",
    "wave 22 turn 1: progress enemyHp=[283:39/39,746:0/40] playerHp=[890:2065/2065,384:1715/1715]",
    "wave 22 turn 2: replay guest reciprocally crossed cmd:22:2",
    "wave 22 turn 2: guest SWITCH -> party[3]",
    "wave 22: reward shop owner=guest take-nonparty",
    "wave 23 turn 1: replay guest reciprocally crossed cmd:23:1",
    "wave 23: host slot move=53 guest slot move=34",
    "wave 23 turn 1: progress enemyHp=[283:0/41,183:0/47] playerHp=[890:2065/2065,150:1725/1725]",
    "wave 23: reward shop owner=host take-nonparty",
    "wave 24 turn 1: replay guest reciprocally crossed cmd:24:1",
    "wave 24: host slot move=247 guest slot move=85",
    "wave 24 turn 1: progress enemyHp=[183:0/53,746:0/40] playerHp=[890:2065/2065,150:1725/1725]",
    "wave 24: reward shop owner=guest take-nonparty",
    "wave 25 turn 1: replay guest reciprocally crossed cmd:25:1",
    "wave 25: TRAINER (fixed)",
    "wave 25: host slot move=34 guest slot move=34",
    "wave 25 turn 1: progress enemyHp=[253:0/51,397:0/50] playerHp=[890:2065/2065,150:1725/1725]",
    "wave 25 turn 2: replay guest reciprocally crossed cmd:25:2",
    "wave 25: reward shop owner=host leave",
    "wave 26 turn 1: replay guest reciprocally crossed cmd:26:1",
    "wave 26: DIGEST mismatch @wave-start class=unexpected fields=[field] -> one-heal resync",
    "wave 26: host slot move=85 guest slot move=247",
    "wave 26 turn 1: progress enemyHp=[8:0/56,833:0/51] playerHp=[890:2065/2065,150:1725/1725]",
    "wave 26: drained 1 milestone reward continuation(s)",
    "wave 27 turn 1: replay guest reciprocally crossed cmd:27:1",
    "wave 27 turn 1: host SWITCH -> party[2]",
    "wave 27: host slot move=53 guest slot move=34",
    "wave 27 turn 1: progress enemyHp=[751:49/49,271:0/60] playerHp=[493:1865/1865,150:1725/1725]",
    "wave 27 turn 2: replay guest reciprocally crossed cmd:27:2",
    "wave 27: reward shop owner=host leave",
    "wave 28 turn 1: replay guest reciprocally crossed cmd:28:1",
    "wave 28: TRAINER (random)",
    "wave 28: host slot move=247 guest slot move=85",
    "wave 28 turn 1: progress enemyHp=[175:0/48,183:0/61] playerHp=[493:1865/1865,150:1725/1725]",
    "wave 28 turn 2: replay guest reciprocally crossed cmd:28:2",
    "wave 28 turn 3: replay guest reciprocally crossed cmd:28:3",
    "wave 28: reward shop owner=guest leave",
    "wave 29 turn 1: replay guest reciprocally crossed cmd:29:1",
    "wave 29: host slot move=34 guest slot move=53",
    "wave 29 turn 1: guest SWITCH -> party[3]",
    "wave 29 turn 1: progress enemyHp=[580:0/66,834:81/81] playerHp=[493:1865/1865,384:1715/1715]",
    "wave 29 turn 2: replay guest reciprocally crossed cmd:29:2",
    "wave 29: reward shop owner=host take-nonparty",
    "wave 30 turn 1: replay guest reciprocally crossed cmd:30:1",
    "wave 30: TRAINER (random)",
    "wave 30: host slot move=85 guest slot move=34",
    "wave 30 turn 1: progress enemyHp=[394:0/77,195:0/93] playerHp=[493:1865/1865,384:1715/1715]",
    "wave 30 turn 2: replay guest reciprocally crossed cmd:30:2",
    "wave 30: drained 1 milestone reward continuation(s)",
    "wave 31 turn 1: replay guest reciprocally crossed cmd:31:1",
    "wave 31: BIOME 9->40",
    "wave 31: host slot move=53 guest slot move=34",
    "wave 31 turn 1: guest SWITCH -> party[3]",
    "wave 31 turn 1: progress enemyHp=[978:0/60,587:64/64] playerHp=[493:1865/1865,150:1725/1725]",
    "wave 31 turn 2: replay guest reciprocally crossed cmd:31:2",
    "wave 31 turn 2: guest SWITCH -> party[3]",
    "wave 31: reward shop owner=guest take-nonparty",
    "wave 32 turn 1: replay guest reciprocally crossed cmd:32:1",
    "wave 32: host slot move=247 guest slot move=85",
    "wave 32 turn 1: progress enemyHp=[2074:1/52,2027:0/66] playerHp=[493:1859/1865,384:1715/1715]",
    "wave 32 turn 2: replay guest reciprocally crossed cmd:32:2",
    "wave 32: drained 1 milestone reward continuation(s)",
    "wave 33 turn 1: replay guest reciprocally crossed cmd:33:1",
    "wave 33: host slot move=34 guest slot move=247",
    "wave 33 turn 1: progress enemyHp=[2074:1/56,587:0/67] playerHp=[493:1859/1865,384:1715/1715]",
    "wave 33 turn 2: replay guest reciprocally crossed cmd:33:2",
    "wave 33: reward shop owner=guest take-nonparty",
    "wave 34 turn 1: replay guest reciprocally crossed cmd:34:1",
    "wave 34: host slot move=85 guest slot move=247",
    "wave 34 turn 1: progress enemyHp=[2074:15/56,2027:0/64] playerHp=[493:1859/1865,384:1715/1715]",
    "wave 34 turn 2: replay guest reciprocally crossed cmd:34:2",
    "wave 34: reward shop owner=host take-nonparty",
    "wave 35 turn 1: replay guest reciprocally crossed cmd:35:1",
    "wave 35: TRAINER (fixed)",
    "wave 35: host slot move=53 guest slot move=34",
    "wave 35 turn 1: progress enemyHp=[878:0/76,857:0/68] playerHp=[493:1859/1865,384:1709/1715]",
    "wave 35: reward shop owner=guest take-nonparty",
    "wave 36 turn 1: replay guest reciprocally crossed cmd:36:1",
    "wave 36: host slot move=247 guest slot move=85",
    "wave 36 turn 1: progress enemyHp=[968:0/72,102:0/67] playerHp=[493:1856/1865,384:1709/1715]",
    "wave 36: reward shop owner=host take-nonparty",
    "wave 37 turn 1: replay guest reciprocally crossed cmd:37:1",
    "wave 37: host slot move=85 guest slot move=53",
    "wave 37 turn 1: progress enemyHp=[778:57/65,2075:1/65] playerHp=[493:1856/1865,384:1709/1715]",
    "wave 37 turn 2: replay guest reciprocally crossed cmd:37:2",
    "wave 37: reward shop owner=guest take-nonparty",
    "wave 38 turn 1: replay guest reciprocally crossed cmd:38:1",
    "wave 38: host slot move=85 guest slot move=247",
    "wave 38 turn 1: progress enemyHp=[2028:0/90,15:0/77] playerHp=[493:1856/1865,384:1709/1715]",
    "wave 38: drained 1 milestone reward continuation(s)",
    "wave 39 turn 1: replay guest reciprocally crossed cmd:39:1",
    "wave 39: host slot move=53 guest slot move=34",
    "wave 39 turn 1: progress enemyHp=[102:0/70,25:0/67] playerHp=[493:1856/1865,384:1709/1715]",
    "wave 39: reward shop owner=guest leave",
    "wave 40 turn 1: replay guest reciprocally crossed cmd:40:1",
    "wave 40 turn 1: host SWITCH -> party[2]",
    "wave 40: host slot move=247 guest slot move=85",
    "wave 40 turn 1: progress enemyHp=[2028:87/87,2038:0/90] playerHp=[890:2065/2065,384:1704/1715]",
    "wave 40 turn 2: replay guest reciprocally crossed cmd:40:2",
    "wave 40 turn 2: host SWITCH -> party[2]",
    "wave 40: drained 1 milestone reward continuation(s)",
    "wave 41 turn 1: replay guest reciprocally crossed cmd:41:1",
    "wave 41 turn 1: host SWITCH -> party[2]",
    "wave 41: host slot move=247 guest slot move=53",
    "wave 41 turn 1: progress enemyHp=[2050:50/50,2103:0/99] playerHp=[890:2065/2065,384:1704/1715]",
    "wave 41 turn 2: replay guest reciprocally crossed cmd:41:2",
    "wave 41: reward shop owner=host take-nonparty",
    "wave 42 turn 1: replay guest reciprocally crossed cmd:42:1",
    "wave 42: host slot move=85 guest slot move=247",
    "wave 42 turn 1: progress enemyHp=[779:0/87,741:0/94] playerHp=[890:2065/2065,384:1698/1715]",
    "wave 42: drained 1 milestone reward continuation(s)",
    "wave 43 turn 1: replay guest reciprocally crossed cmd:43:1",
    "wave 43: host slot move=53 guest slot move=34",
    "wave 43 turn 1: progress enemyHp=[2088:0/100,2088:0/100] playerHp=[890:2065/2065,384:1698/1715]",
    "wave 43: reward shop owner=host take-nonparty",
    "wave 44 turn 1: replay guest reciprocally crossed cmd:44:1",
    "wave 44 turn 1: host SWITCH -> party[2]",
    "wave 44: host slot move=247 guest slot move=85",
    "wave 44 turn 1: progress enemyHp=[2051:74/74,779:0/95] playerHp=[493:1865/1865,384:1686/1715]",
    "wave 44 turn 2: replay guest reciprocally crossed cmd:44:2",
    "wave 44 turn 2: guest SWITCH -> party[3]",
    "wave 44: drained 1 milestone reward continuation(s)",
    "wave 45 turn 1: replay guest reciprocally crossed cmd:45:1",
    "wave 45: DIGEST mismatch @wave-start class=unexpected fields=[field] -> one-heal resync",
    "wave 45: host slot move=53 guest slot move=53",
    "wave 45 turn 1: progress enemyHp=[741:0/111,2076:1/109] playerHp=[493:1865/1865,150:1717/1725]",
    "wave 45 turn 2: replay guest reciprocally crossed cmd:45:2",
    "wave 45 turn 2: guest SWITCH -> party[3]",
    "wave 45: drained 1 milestone reward continuation(s)",
    "wave 46 turn 1: replay guest reciprocally crossed cmd:46:1",
    "wave 46: BIOME 40->5",
    "wave 46: host slot move=85 guest slot move=85",
    "wave 46 turn 1: progress enemyHp=[919:65/65,945:0/89] playerHp=[493:1861/1865,384:1715/1715]",
    "wave 46 turn 2: replay guest reciprocally crossed cmd:46:2",
    "wave 46 turn 2: host SWITCH -> party[2]",
    "wave 46: reward shop owner=guest take-nonparty",
    "wave 47 turn 1: replay guest reciprocally crossed cmd:47:1",
    "wave 47: host slot move=53 guest slot move=34",
    "wave 47 turn 1: progress enemyHp=[286:0/85,826:0/87] playerHp=[890:2065/2065,384:1715/1715]",
    "wave 47: reward shop owner=host leave",
    "wave 48 turn 1: replay guest reciprocally crossed cmd:48:1",
    "wave 48: host slot move=247 guest slot move=85",
    "wave 48 turn 1: progress enemyHp=[274:0/91,15:0/93] playerHp=[890:2065/2065,384:1715/1715]",
    "wave 48: reward shop owner=guest take-nonparty",
    "wave 49 turn 1: replay guest reciprocally crossed cmd:49:1",
    "wave 49: host slot move=34 guest slot move=53",
    "wave 49 turn 1: progress enemyHp=[15:0/96,286:0/95] playerHp=[890:2065/2065,384:1715/1715]",
    "wave 49: reward shop owner=host leave",
    "wave 50 turn 1: replay guest reciprocally crossed cmd:50:1",
    "wave 50: host slot move=85 guest slot move=247",
    "wave 50 turn 1: progress enemyHp=[826:0/90,168:0/112] playerHp=[890:2065/2065,384:1715/1715]",
    "wave 50: drained 1 milestone reward continuation(s)",
    "wave 51 turn 1: replay guest reciprocally crossed cmd:51:1",
    "wave 51 turn 1: host SWITCH -> party[2]",
    "wave 51: host slot move=53 guest slot move=34",
    "wave 51 turn 1: progress enemyHp=[920:94/94,168:0/102] playerHp=[493:1865/1865,384:1715/1715]",
    "wave 51 turn 2: replay guest reciprocally crossed cmd:51:2",
    "wave 51: reward shop owner=guest take-nonparty",
    "wave 52 turn 1: replay guest reciprocally crossed cmd:52:1",
    "wave 52: host slot move=247 guest slot move=85",
    "wave 52 turn 1: guest SWITCH -> party[3]",
    "wave 52 turn 1: progress enemyHp=[512:0/102,274:102/102] playerHp=[493:1865/1865,150:1721/1725]",
    "wave 52 turn 2: replay guest reciprocally crossed cmd:52:2",
    "wave 52: reward shop owner=host leave",
    "wave 53 turn 1: replay guest reciprocally crossed cmd:53:1",
    "wave 53: host slot move=34 guest slot move=53",
    "wave 53 turn 1: progress enemyHp=[168:0/110,274:0/104] playerHp=[493:1865/1865,150:1721/1725]",
    "wave 53: reward shop owner=guest take-nonparty",
    "wave 54 turn 1: replay guest reciprocally crossed cmd:54:1",
    "wave 54: host slot move=85 guest slot move=53",
    "wave 54 turn 1: progress enemyHp=[15:0/101,217:0/118] playerHp=[493:1865/1865,150:1721/1725]",
    "wave 54: reward shop owner=host leave",
    "wave 55 turn 1: replay guest reciprocally crossed cmd:55:1",
    "wave 55: TRAINER (fixed)",
    "wave 55: host slot move=53 guest slot move=34",
    "wave 55 turn 1: progress enemyHp=[254:0/121,398:0/124] playerHp=[493:1865/1865,150:1721/1725]",
    "wave 55 turn 2: replay guest reciprocally crossed cmd:55:2",
    "wave 55: reward shop owner=guest take-nonparty",
    "wave 56 turn 1: replay guest reciprocally crossed cmd:56:1",
    "wave 56: DIGEST mismatch @wave-start class=unexpected fields=[field] -> one-heal resync",
    "wave 56: host slot move=247 guest slot move=85",
    "wave 56 turn 1: progress enemyHp=[286:105/105,269:0/124] playerHp=[493:1865/1865,150:1721/1725]",
    "wave 56 turn 2: replay guest reciprocally crossed cmd:56:2",
    "wave 56 turn 2: host SWITCH -> party[2]",
    "wave 56: reward shop owner=host leave",
    "wave 57 turn 1: replay guest reciprocally crossed cmd:57:1",
    "wave 57: host slot move=34 guest slot move=53",
    "wave 57 turn 1: progress enemyHp=[826:0/102,49:0/118] playerHp=[890:2065/2065,150:1721/1725]",
    "wave 57: reward shop owner=guest leave",
    "wave 58 turn 1: replay guest reciprocally crossed cmd:58:1",
    "wave 58: BIOME 5->8",
    "wave 58: DIGEST mismatch @wave-start class=unexpected fields=[field] -> one-heal resync",
    "wave 58: host slot move=85 guest slot move=247",
    "wave 58 turn 1: progress enemyHp=[558:0/110,99:0/123] playerHp=[890:2065/2065,150:1721/1725]",
    "wave 58: reward shop owner=host take-nonparty",
    "wave 59 turn 1: replay guest reciprocally crossed cmd:59:1",
    "wave 59: host slot move=53 guest slot move=34",
    "wave 59 turn 1: guest SWITCH -> party[3]",
    "wave 59 turn 1: progress enemyHp=[342:0/117,557:97/97] playerHp=[890:2064/2065,384:1715/1715]",
    "wave 59 turn 2: replay guest reciprocally crossed cmd:59:2",
    "wave 59: reward shop owner=guest take-nonparty",
    "wave 60 turn 1: replay guest reciprocally crossed cmd:60:1",
    "wave 60: TRAINER (random)",
    "wave 60: DIGEST mismatch @wave-start class=unexpected fields=[field] -> one-heal resync",
    "wave 60: host slot move=247 guest slot move=247",
    "wave 60 turn 1: progress enemyHp=[131:0/174,195:0/144] playerHp=[890:2065/2065,384:1715/1715]",
    "wave 60 turn 2: replay guest reciprocally crossed cmd:60:2",
    "wave 60: drained 1 milestone reward continuation(s)",
    "wave 61 turn 1: replay guest reciprocally crossed cmd:61:1",
    "wave 61: host slot move=34 guest slot move=53",
    "wave 61 turn 1: guest SWITCH -> party[3]",
    "wave 61 turn 1: progress enemyHp=[99:0/123,961:94/94] playerHp=[890:2065/2065,150:1505/1725]",
    "wave 61 turn 2: replay guest reciprocally crossed cmd:61:2",
    "wave 61: reward shop owner=host take-nonparty",
    "wave 62 turn 1: replay guest reciprocally crossed cmd:62:1",
    "wave 62: TRAINER (fixed)",
    "wave 62: host slot move=85 guest slot move=34",
    "wave 62 turn 1: progress enemyHp=[598:0/129,208:0/130] playerHp=[890:2065/2065,150:1505/1725]",
    "wave 62 turn 2: replay guest reciprocally crossed cmd:62:2",
    "wave 62 turn 2: host SWITCH -> party[2]",
    "wave 62 turn 2: guest SWITCH -> party[3]",
    "wave 62 turn 3: replay guest reciprocally crossed cmd:62:3",
    "wave 62 turn 3: guest SWITCH -> party[3]",
    "wave 62 turn 4: replay guest reciprocally crossed cmd:62:4",
    "wave 62: reward shop owner=guest leave",
    "wave 63 turn 1: replay guest reciprocally crossed cmd:63:1",
    "wave 63: host slot move=247 guest slot move=34",
    "wave 63 turn 1: progress enemyHp=[770:0/127,913:0/123] playerHp=[493:1865/1865,150:1717/1725]",
    "wave 63: reward shop owner=host take-nonparty",
    "wave 64 turn 1: replay guest reciprocally crossed cmd:64:1",
    "wave 64: TRAINER (fixed)",
    "wave 64: host slot move=247 guest slot move=85",
    "wave 64 turn 1: progress enemyHp=[879:0/178,823:0/157] playerHp=[493:1865/1865,150:1717/1725]",
    "wave 64 turn 2: replay guest reciprocally crossed cmd:64:2",
    "wave 64: reward shop owner=guest take-nonparty",
    "wave 65 turn 1: replay guest reciprocally crossed cmd:65:1",
    "wave 65: host slot move=34 guest slot move=53",
    "wave 65 turn 1: guest SWITCH -> party[3]",
    "wave 65 turn 1: progress enemyHp=[689:0/122,120:86/86] playerHp=[493:1865/1865,384:1715/1715]",
    "wave 65 turn 2: replay guest reciprocally crossed cmd:65:2",
    "wave 65 turn 2: guest SWITCH -> party[3]",
    "wave 65: reward shop owner=host take-nonparty",
    "wave 66 turn 1: replay guest reciprocally crossed cmd:66:1",
    "wave 66: TRAINER (fixed)",
    "wave 66: host slot move=85 guest slot move=53",
    "wave 66 turn 1: progress enemyHp=[4078:0/151,478:0/137] playerHp=[493:1863/1865,150:1725/1725]",
    "wave 66 turn 2: replay guest reciprocally crossed cmd:66:2",
    "wave 66 turn 3: replay guest reciprocally crossed cmd:66:3",
    "wave 66 turn 3: host SWITCH -> party[2]",
    "wave 66 turn 4: replay guest reciprocally crossed cmd:66:4",
    "wave 66: reward shop owner=guest leave",
    "wave 67 turn 1: replay guest reciprocally crossed cmd:67:1",
    "wave 67: host slot move=53 guest slot move=34",
    "wave 67 turn 1: progress enemyHp=[689:0/136,121:0/130] playerHp=[890:2065/2065,150:1715/1725]",
    "wave 67: reward shop owner=host take-nonparty",
    "wave 68 turn 1: replay guest reciprocally crossed cmd:68:1",
    "wave 68: TRAINER (random)",
    "wave 68: host slot move=247 guest slot move=53",
    "wave 68 turn 1: progress enemyHp=[1020:0/177,10520:0/196] playerHp=[890:2065/2065,150:1715/1725]",
    "wave 68: reward shop owner=guest take-nonparty",
    "wave 69 turn 1: replay guest reciprocally crossed cmd:69:1",
    "wave 69: host slot move=34 guest slot move=53",
    "wave 69 turn 1: progress enemyHp=[748:139/139,121:0/122] playerHp=[890:1936/2065,150:1715/1725]",
    "wave 69 turn 2: replay guest reciprocally crossed cmd:69:2",
    "wave 69: reward shop owner=host leave",
    "wave 70 turn 1: replay guest reciprocally crossed cmd:70:1",
    "wave 70: host slot move=85 guest slot move=53",
    "wave 70 turn 1: progress enemyHp=[693:0/168,770:0/175] playerHp=[890:2065/2065,150:1715/1725]",
    "wave 70: drained 1 milestone reward continuation(s)",
    "wave 71 turn 1: replay guest reciprocally crossed cmd:71:1",
    "wave 71: DIGEST mismatch @wave-start class=unexpected fields=[field] -> one-heal resync",
    "wave 71: host slot move=53 guest slot move=34",
    "wave 71 turn 1: guest SWITCH -> party[3]",
    "wave 71 turn 1: progress enemyHp=[59:0/165,565:138/160] playerHp=[890:2065/2065,384:1671/1715]",
    "wave 71 turn 2: replay guest reciprocally crossed cmd:71:2",
    "wave 71: drained 1 milestone reward continuation(s)",
    "wave 72 turn 1: replay guest reciprocally crossed cmd:72:1",
    "wave 72: TRAINER (random)",
    "wave 72: host slot move=53 guest slot move=85",
    "wave 72 turn 1: progress enemyHp=[295:0/237,964:0/198] playerHp=[890:2065/2065,384:1671/1715]",
    "wave 72: reward shop owner=host take-nonparty",
    "wave 73 turn 1: replay guest reciprocally crossed cmd:73:1",
    "wave 73: BIOME 8->1",
    "wave 73: host slot move=85 guest slot move=34",
    "wave 73 turn 1: progress enemyHp=[400:0/170,923:0/150] playerHp=[890:2065/2065,384:1671/1715]",
    "wave 73: reward shop owner=guest take-nonparty"
  ]
}