{
  "invariant": "no-park",
  "seed": 20365441,
  "wave": 200,
  "detail": "wave did not complete within 60 turns (enemies never all fainted)",
  "replay": "SOAK_SEED=20365441",
  "phaseState": {
    "hostPhase": "CommandPhase",
    "guestPhase": "CommandPhase",
    "hostInteractionCounter": 180,
    "guestInteractionCounter": 180,
    "hostWave": 200,
    "hostBattleType": 0,
    "hostPlayerField": [
      {
        "id": 4034144918,
        "battlerIndex": -1,
        "speciesId": 493,
        "speciesName": "Arceus",
        "hp": 1865,
        "maxHp": 1865,
        "fainted": false,
        "status": 0,
        "statStages": [
          0,
          0,
          0,
          0,
          0,
          0,
          0
        ],
        "moves": [
          {
            "id": 34,
            "ppUsed": 15
          },
          {
            "id": 247,
            "ppUsed": 0
          },
          {
            "id": 53,
            "ppUsed": 15
          },
          {
            "id": 85,
            "ppUsed": 6
          }
        ],
        "coopOwner": "host"
      },
      {
        "id": 1544855249,
        "battlerIndex": -1,
        "speciesId": 150,
        "speciesName": "Mewtwo",
        "hp": 1655,
        "maxHp": 1725,
        "fainted": false,
        "status": 0,
        "statStages": [
          0,
          0,
          0,
          0,
          0,
          0,
          0
        ],
        "moves": [
          {
            "id": 34,
            "ppUsed": 0
          },
          {
            "id": 247,
            "ppUsed": 15
          },
          {
            "id": 53,
            "ppUsed": 8
          },
          {
            "id": 85,
            "ppUsed": 0
          }
        ],
        "coopOwner": "guest"
      }
    ],
    "hostEnemyField": [
      {
        "id": 2294576656,
        "battlerIndex": -1,
        "speciesId": 85,
        "speciesName": "Dodrio",
        "hp": 1,
        "maxHp": 632,
        "fainted": false,
        "status": 0,
        "statStages": [
          -6,
          0,
          1,
          6,
          5,
          0,
          0
        ],
        "moves": [
          {
            "id": 413,
            "ppUsed": 0
          },
          {
            "id": 226,
            "ppUsed": 0
          },
          {
            "id": 207,
            "ppUsed": 0
          },
          {
            "id": 667,
            "ppUsed": 8
          }
        ]
      },
      {
        "id": 2049203217,
        "battlerIndex": -1,
        "speciesId": 346,
        "speciesName": "Cradily",
        "hp": 42,
        "maxHp": 656,
        "fainted": false,
        "status": 0,
        "statStages": [
          -6,
          0,
          6,
          0,
          0,
          0,
          0
        ],
        "moves": [
          {
            "id": 800,
            "ppUsed": 0
          },
          {
            "id": 438,
            "ppUsed": 0
          },
          {
            "id": 133,
            "ppUsed": 0
          },
          {
            "id": 254,
            "ppUsed": 0
          }
        ]
      }
    ],
    "guestPlayerField": [
      {
        "id": 4034144918,
        "battlerIndex": 0,
        "speciesId": 493,
        "speciesName": "Arceus",
        "hp": 1865,
        "maxHp": 1865,
        "fainted": false,
        "status": 0,
        "statStages": [
          0,
          0,
          0,
          0,
          0,
          0,
          0
        ],
        "moves": [
          {
            "id": 34,
            "ppUsed": 15
          },
          {
            "id": 247,
            "ppUsed": 0
          },
          {
            "id": 53,
            "ppUsed": 15
          },
          {
            "id": 85,
            "ppUsed": 5
          }
        ],
        "coopOwner": "host"
      },
      {
        "id": 1544855249,
        "battlerIndex": 1,
        "speciesId": 150,
        "speciesName": "Mewtwo",
        "hp": 1725,
        "maxHp": 1725,
        "fainted": false,
        "status": 0,
        "statStages": [
          0,
          0,
          0,
          0,
          0,
          0,
          0
        ],
        "moves": [
          {
            "id": 34,
            "ppUsed": 0
          },
          {
            "id": 247,
            "ppUsed": 15
          },
          {
            "id": 53,
            "ppUsed": 7
          },
          {
            "id": 85,
            "ppUsed": 0
          }
        ],
        "coopOwner": "guest"
      }
    ],
    "guestEnemyField": [
      {
        "id": 2294576656,
        "battlerIndex": 2,
        "speciesId": 85,
        "speciesName": "Dodrio",
        "hp": 1,
        "maxHp": 632,
        "fainted": false,
        "status": 0,
        "statStages": [
          -6,
          0,
          1,
          5,
          6,
          0,
          0
        ],
        "moves": [
          {
            "id": 413,
            "ppUsed": 0
          },
          {
            "id": 226,
            "ppUsed": 0
          },
          {
            "id": 207,
            "ppUsed": 0
          },
          {
            "id": 667,
            "ppUsed": 7
          }
        ]
      },
      {
        "id": 2049203217,
        "battlerIndex": 3,
        "speciesId": 346,
        "speciesName": "Cradily",
        "hp": 96,
        "maxHp": 656,
        "fainted": false,
        "status": 0,
        "statStages": [
          -6,
          0,
          6,
          0,
          0,
          0,
          0
        ],
        "moves": [
          {
            "id": 438,
            "ppUsed": 0
          },
          {
            "id": 479,
            "ppUsed": 0
          },
          {
            "id": 105,
            "ppUsed": 0
          },
          {
            "id": 800,
            "ppUsed": 0
          }
        ]
      }
    ]
  },
  "actionScript": [
    "SKIP mysteryEncounterDisabledV1",
    "content seed=coop-soak-20365441 preseeded=false",
    "wave 1: host slot move=85 guest slot move=85",
    "wave 1 turn 1: guest SWITCH -> party[3]",
    "wave 1 turn 1: progress enemyHp=[16:0/14,263:14/14] playerHp=[890:2065/2065,150:1723/1725]",
    "wave 1 turn 2: replay guest reciprocally crossed cmd:1:2",
    "wave 1 turn 2: host SWITCH -> party[2]",
    "wave 1: reward shop owner=host take-nonparty",
    "wave 2 turn 1: replay guest reciprocally crossed cmd:2:1",
    "wave 2: host slot move=85 guest slot move=85",
    "wave 2 turn 1: progress enemyHp=[734:0/16,821:0/16] playerHp=[493:1865/1865,150:1723/1725]",
    "wave 2: reward shop owner=guest take-nonparty",
    "wave 3 turn 1: replay guest reciprocally crossed cmd:3:1",
    "wave 3: host slot move=34 guest slot move=53",
    "wave 3 turn 1: progress enemyHp=[664:0/16,519:0/18] playerHp=[493:1865/1865,150:1723/1725]",
    "wave 3: reward shop owner=host leave",
    "wave 4 turn 1: replay guest reciprocally crossed cmd:4:1",
    "wave 4: host slot move=85 guest slot move=34",
    "wave 4 turn 1: progress enemyHp=[191:0/19,16:0/18] playerHp=[493:1865/1865,150:1723/1725]",
    "wave 4: reward shop owner=guest leave",
    "wave 5 turn 1: replay guest reciprocally crossed cmd:5:1",
    "wave 5: TRAINER (fixed)",
    "wave 5: host slot move=53 guest slot move=34",
    "wave 5 turn 1: progress enemyHp=[19:0/17,13:0/18] playerHp=[493:1865/1865,150:1723/1725]",
    "wave 5: reward shop owner=host leave",
    "wave 6 turn 1: replay guest reciprocally crossed cmd:6:1",
    "wave 6: host slot move=247 guest slot move=85",
    "wave 6 turn 1: progress enemyHp=[546:0/18,10:0/21] playerHp=[493:1865/1865,150:1723/1725]",
    "wave 6: reward shop owner=guest take-nonparty",
    "wave 7 turn 1: replay guest reciprocally crossed cmd:7:1",
    "wave 7: host slot move=53 guest slot move=53",
    "wave 7 turn 1: progress enemyHp=[734:0/21,165:0/20] playerHp=[493:1865/1865,150:1723/1725]",
    "wave 7: reward shop owner=host leave",
    "wave 8 turn 1: replay guest reciprocally crossed cmd:8:1",
    "wave 8: TRAINER (fixed)",
    "wave 8 turn 1: host SWITCH -> party[2]",
    "wave 8: host slot move=85 guest slot move=53",
    "wave 8 turn 1: progress enemyHp=[650:27/27,661:0/23] playerHp=[890:2065/2065,150:1720/1725]",
    "wave 8 turn 2: replay guest reciprocally crossed cmd:8:2",
    "wave 8 turn 2: guest SWITCH -> party[3]",
    "wave 8: reward shop owner=guest take-nonparty",
    "wave 9 turn 1: replay guest reciprocally crossed cmd:9:1",
    "wave 9: host slot move=53 guest slot move=34",
    "wave 9 turn 1: progress enemyHp=[915:0/24,21:0/22] playerHp=[890:2065/2065,384:1715/1715]",
    "wave 9: reward shop owner=host take-nonparty",
    "wave 10 turn 1: replay guest reciprocally crossed cmd:10:1",
    "wave 10: host slot move=34 guest slot move=85",
    "wave 10 turn 1: progress enemyHp=[519:0/31,415:0/24] playerHp=[890:2065/2065,384:1712/1715]",
    "wave 10: drained 1 milestone reward continuation(s)",
    "wave 11 turn 1: replay guest reciprocally crossed cmd:11:1",
    "wave 11: host slot move=34 guest slot move=53",
    "wave 11 turn 1: guest SWITCH -> party[3]",
    "wave 11 turn 1: progress enemyHp=[293:0/32,11:28/28] playerHp=[890:2065/2065,150:1723/1725]",
    "wave 11 turn 2: replay guest reciprocally crossed cmd:11:2",
    "wave 11: reward shop owner=guest leave",
    "wave 12 turn 1: replay guest reciprocally crossed cmd:12:1",
    "wave 12: host slot move=85 guest slot move=34",
    "wave 12 turn 1: progress enemyHp=[415:0/28,293:0/35] playerHp=[890:2065/2065,150:1723/1725]",
    "wave 12: reward shop owner=host leave",
    "wave 13 turn 1: replay guest reciprocally crossed cmd:13:1",
    "wave 13: host slot move=53 guest slot move=34",
    "wave 13 turn 1: guest SWITCH -> party[3]",
    "wave 13 turn 1: progress enemyHp=[665:0/34,191:36/36] playerHp=[890:2064/2065,384:1715/1715]",
    "wave 13 turn 2: replay guest reciprocally crossed cmd:13:2",
    "wave 13: drained 1 milestone reward continuation(s)",
    "wave 14 turn 1: replay guest reciprocally crossed cmd:14:1",
    "wave 14: TRAINER (random)",
    "wave 14: host slot move=85 guest slot move=85",
    "wave 14 turn 1: progress enemyHp=[506:0/36,263:0/34] playerHp=[890:2065/2065,384:1715/1715]",
    "wave 14: reward shop owner=host take-nonparty",
    "wave 15 turn 1: replay guest reciprocally crossed cmd:15:1",
    "wave 15: host slot move=85 guest slot move=53",
    "wave 15 turn 1: guest SWITCH -> party[3]",
    "wave 15 turn 1: progress enemyHp=[504:0/43,163:47/47] playerHp=[890:2064/2065,150:1722/1725]",
    "wave 15 turn 2: replay guest reciprocally crossed cmd:15:2",
    "wave 15: reward shop owner=guest leave",
    "wave 16 turn 1: replay guest reciprocally crossed cmd:16:1",
    "wave 16: BIOME 0->26",
    "wave 16: host slot move=34 guest slot move=247",
    "wave 16 turn 1: progress enemyHp=[231:0/41,81:0/28] playerHp=[890:2065/2065,150:1722/1725]",
    "wave 16: reward shop owner=host leave",
    "wave 17 turn 1: replay guest reciprocally crossed cmd:17:1",
    "wave 17: host slot move=53 guest slot move=34",
    "wave 17 turn 1: progress enemyHp=[88:0/44,66:0/37] playerHp=[890:2065/2065,150:1722/1725]",
    "wave 17: reward shop owner=guest leave",
    "wave 18 turn 1: replay guest reciprocally crossed cmd:18:1",
    "wave 18: host slot move=247 guest slot move=85",
    "wave 18 turn 1: progress enemyHp=[66:39/39,296:43/43] playerHp=[890:2065/2065,150:1722/1725]",
    "wave 18 turn 2: replay guest reciprocally crossed cmd:18:2",
    "wave 18 turn 2: host SWITCH -> party[2]",
    "wave 18 turn 3: replay guest reciprocally crossed cmd:18:3",
    "wave 18: reward shop owner=host leave",
    "wave 19 turn 1: replay guest reciprocally crossed cmd:19:1",
    "wave 19: host slot move=34 guest slot move=53",
    "wave 19 turn 1: guest SWITCH -> party[3]",
    "wave 19 turn 1: progress enemyHp=[66:42/42,296:0/43] playerHp=[493:1865/1865,384:1715/1715]",
    "wave 19 turn 2: replay guest reciprocally crossed cmd:19:2",
    "wave 19 turn 2: guest SWITCH -> party[3]",
    "wave 19: reward shop owner=guest leave",
    "wave 20 turn 1: replay guest reciprocally crossed cmd:20:1",
    "wave 20: host slot move=85 guest slot move=247",
    "wave 20 turn 1: progress enemyHp=[299:0/32,81:0/33] playerHp=[493:1865/1865,150:1723/1725]",
    "wave 20: drained 1 milestone reward continuation(s)",
    "wave 21 turn 1: replay guest reciprocally crossed cmd:21:1",
    "wave 21 turn 1: host SWITCH -> party[2]",
    "wave 21: host slot move=53 guest slot move=34",
    "wave 21 turn 1: progress enemyHp=[66:47/47,299:1/32] playerHp=[890:2065/2065,150:1723/1725]",
    "wave 21 turn 2: replay guest reciprocally crossed cmd:21:2",
    "wave 21: reward shop owner=host take-nonparty",
    "wave 22 turn 1: replay guest reciprocally crossed cmd:22:1",
    "wave 22: host slot move=247 guest slot move=85",
    "wave 22 turn 1: progress enemyHp=[296:48/48,2074:37/37] playerHp=[890:2065/2065,150:1723/1725]",
    "wave 22 turn 2: replay guest reciprocally crossed cmd:22:2",
    "wave 22: reward shop owner=guest leave",
    "wave 23 turn 1: replay guest reciprocally crossed cmd:23:1",
    "wave 23: host slot move=34 guest slot move=53",
    "wave 23 turn 1: progress enemyHp=[109:0/43,559:0/42] playerHp=[890:2064/2065,150:1722/1725]",
    "wave 23: reward shop owner=host leave",
    "wave 24 turn 1: replay guest reciprocally crossed cmd:24:1",
    "wave 24: host slot move=85 guest slot move=247",
    "wave 24 turn 1: progress enemyHp=[66:0/47,50:0/32] playerHp=[890:2065/2065,150:1722/1725]",
    "wave 24: reward shop owner=guest leave",
    "wave 25 turn 1: replay guest reciprocally crossed cmd:25:1",
    "wave 25: TRAINER (fixed)",
    "wave 25: host slot move=53 guest slot move=34",
    "wave 25 turn 1: guest SWITCH -> party[3]",
    "wave 25 turn 1: progress enemyHp=[651:0/57,662:53/53] playerHp=[890:2063/2065,384:1713/1715]",
    "wave 25 turn 2: replay guest reciprocally crossed cmd:25:2",
    "wave 25 turn 2: host SWITCH -> party[2]",
    "wave 25: reward shop owner=host take-nonparty",
    "wave 26 turn 1: replay guest reciprocally crossed cmd:26:1",
    "wave 26: host slot move=247 guest slot move=85",
    "wave 26 turn 1: progress enemyHp=[296:0/59,299:1/42] playerHp=[493:1864/1865,384:1711/1715]",
    "wave 26 turn 2: replay guest reciprocally crossed cmd:26:2",
    "wave 26: reward shop owner=guest leave",
    "wave 27 turn 1: replay guest reciprocally crossed cmd:27:1",
    "wave 27 turn 1: host SWITCH -> party[2]",
    "wave 27: host slot move=34 guest slot move=53",
    "wave 27 turn 1: progress enemyHp=[88:52/72,109:0/52] playerHp=[890:2063/2065,384:1709/1715]",
    "wave 27 turn 2: replay guest reciprocally crossed cmd:27:2",
    "wave 27: reward shop owner=host leave",
    "wave 28 turn 1: replay guest reciprocally crossed cmd:28:1",
    "wave 28 turn 1: host SWITCH -> party[2]",
    "wave 28: host slot move=85 guest slot move=247",
    "wave 28 turn 1: progress enemyHp=[532:71/71,237:0/71] playerHp=[493:1865/1865,384:1708/1715]",
    "wave 28 turn 2: replay guest reciprocally crossed cmd:28:2",
    "wave 28: reward shop owner=guest take-nonparty",
    "wave 29 turn 1: replay guest reciprocally crossed cmd:29:1",
    "wave 29: BIOME 26->9",
    "wave 29: host slot move=53 guest slot move=34",
    "wave 29 turn 1: progress enemyHp=[746:0/49,746:0/54] playerHp=[493:1865/1865,384:1708/1715]",
    "wave 29: reward shop owner=host take-nonparty",
    "wave 30 turn 1: replay guest reciprocally crossed cmd:30:1",
    "wave 30: TRAINER (random)",
    "wave 30: host slot move=247 guest slot move=53",
    "wave 30 turn 1: guest SWITCH -> party[3]",
    "wave 30 turn 1: progress enemyHp=[394:0/63,194:62/62] playerHp=[493:1865/1865,150:1723/1725]",
    "wave 30 turn 2: replay guest reciprocally crossed cmd:30:2",
    "wave 30: drained 1 milestone reward continuation(s)",
    "wave 31 turn 1: replay guest reciprocally crossed cmd:31:1",
    "wave 31: host slot move=34 guest slot move=53",
    "wave 31 turn 1: progress enemyHp=[283:52/52,746:0/54] playerHp=[493:1865/1865,150:1725/1725]",
    "wave 31 turn 2: replay guest reciprocally crossed cmd:31:2",
    "wave 31: reward shop owner=guest leave",
    "wave 32 turn 1: replay guest reciprocally crossed cmd:32:1",
    "wave 32: host slot move=53 guest slot move=247",
    "wave 32 turn 1: progress enemyHp=[118:0/54,183:0/66] playerHp=[493:1865/1865,150:1725/1725]",
    "wave 32: reward shop owner=host take-nonparty",
    "wave 33 turn 1: replay guest reciprocally crossed cmd:33:1",
    "wave 33: host slot move=53 guest slot move=34",
    "wave 33 turn 1: guest SWITCH -> party[3]",
    "wave 33 turn 1: progress enemyHp=[833:0/60,8:59/59] playerHp=[493:1865/1865,384:1715/1715]",
    "wave 33 turn 2: replay guest reciprocally crossed cmd:33:2",
    "wave 33: reward shop owner=guest take-nonparty",
    "wave 34 turn 1: replay guest reciprocally crossed cmd:34:1",
    "wave 34: host slot move=53 guest slot move=53",
    "wave 34 turn 1: progress enemyHp=[194:0/65,194:0/65] playerHp=[493:1865/1865,384:1715/1715]",
    "wave 34: reward shop owner=host leave",
    "wave 35 turn 1: replay guest reciprocally crossed cmd:35:1",
    "wave 35: TRAINER (fixed)",
    "wave 35: host slot move=34 guest slot move=53",
    "wave 35 turn 1: guest SWITCH -> party[3]",
    "wave 35 turn 1: progress enemyHp=[49:0/75,96:75/75] playerHp=[493:1865/1865,150:1721/1725]",
    "wave 35 turn 2: replay guest reciprocally crossed cmd:35:2",
    "wave 35: reward shop owner=guest leave",
    "wave 36 turn 1: replay guest reciprocally crossed cmd:36:1",
    "wave 36: host slot move=85 guest slot move=247",
    "wave 36 turn 1: progress enemyHp=[752:0/74,271:0/65] playerHp=[493:1865/1865,150:1725/1725]",
    "wave 36: reward shop owner=host take-nonparty",
    "wave 37 turn 1: replay guest reciprocally crossed cmd:37:1",
    "wave 37: host slot move=53 guest slot move=34",
    "wave 37 turn 1: progress enemyHp=[833:0/67,833:0/67] playerHp=[493:1865/1865,150:1725/1725]",
    "wave 37: reward shop owner=guest leave",
    "wave 38 turn 1: replay guest reciprocally crossed cmd:38:1",
    "wave 38: host slot move=247 guest slot move=85",
    "wave 38 turn 1: progress enemyHp=[194:0/70,502:0/80] playerHp=[493:1865/1865,150:1725/1725]",
    "wave 38: reward shop owner=host take-nonparty",
    "wave 39 turn 1: replay guest reciprocally crossed cmd:39:1",
    "wave 39: host slot move=34 guest slot move=53",
    "wave 39 turn 1: progress enemyHp=[194:0/75,284:0/80] playerHp=[493:1865/1865,150:1725/1725]",
    "wave 39: reward shop owner=guest leave",
    "wave 40 turn 1: replay guest reciprocally crossed cmd:40:1",
    "wave 40: host slot move=85 guest slot move=247",
    "wave 40 turn 1: guest SWITCH -> party[3]",
    "wave 40 turn 1: progress enemyHp=[284:0/83,746:80/80] playerHp=[493:1859/1865,384:1712/1715]",
    "wave 40 turn 2: replay guest reciprocally crossed cmd:40:2",
    "wave 40 turn 2: guest SWITCH -> party[3]",
    "wave 40: drained 1 milestone reward continuation(s)",
    "wave 41 turn 1: replay guest reciprocally crossed cmd:41:1",
    "wave 41: host slot move=53 guest slot move=34",
    "wave 41 turn 1: progress enemyHp=[54:0/76,834:0/100] playerHp=[493:1859/1865,150:1718/1725]",
    "wave 41: reward shop owner=host take-nonparty",
    "wave 42 turn 1: replay guest reciprocally crossed cmd:42:1",
    "wave 42: DIGEST mismatch @wave-start class=unexpected fields=[field] -> one-heal resync",
    "wave 42: host slot move=247 guest slot move=85",
    "wave 42 turn 1: progress enemyHp=[284:0/96,752:0/93] playerHp=[493:1865/1865,150:1725/1725]",
    "wave 42: drained 1 milestone reward continuation(s)",
    "wave 43 turn 1: replay guest reciprocally crossed cmd:43:1",
    "wave 43: TRAINER (random)",
    "wave 43: host slot move=34 guest slot move=53",
    "wave 43 turn 1: progress enemyHp=[10391:0/118,689:0/109] playerHp=[493:1865/1865,150:1725/1725]",
    "wave 43: reward shop owner=host take-nonparty",
    "wave 44 turn 1: replay guest reciprocally crossed cmd:44:1",
    "wave 44: BIOME 9->3",
    "wave 44: host slot move=247 guest slot move=247",
    "wave 44 turn 1: progress enemyHp=[37:0/65,920:89/89] playerHp=[493:1865/1865,150:1725/1725]",
    "wave 44 turn 2: replay guest reciprocally crossed cmd:44:2",
    "wave 44 turn 2: guest SWITCH -> party[3]",
    "wave 44: reward shop owner=guest take-nonparty",
    "wave 45 turn 1: replay guest reciprocally crossed cmd:45:1",
    "wave 45: host slot move=53 guest slot move=34",
    "wave 45 turn 1: progress enemyHp=[336:0/93,291:85/85] playerHp=[493:1865/1865,384:1715/1715]",
    "wave 45 turn 2: replay guest reciprocally crossed cmd:45:2",
    "wave 45 turn 2: host SWITCH -> party[2]",
    "wave 45: reward shop owner=host take-nonparty",
    "wave 46 turn 1: replay guest reciprocally crossed cmd:46:1",
    "wave 46: host slot move=247 guest slot move=85",
    "wave 46 turn 1: progress enemyHp=[920:97/97,30:0/91] playerHp=[890:2065/2065,384:1715/1715]",
    "wave 46 turn 2: replay guest reciprocally crossed cmd:46:2",
    "wave 46: reward shop owner=guest take-nonparty",
    "wave 47 turn 1: replay guest reciprocally crossed cmd:47:1",
    "wave 47: host slot move=34 guest slot move=34",
    "wave 47 turn 1: guest SWITCH -> party[3]",
    "wave 47 turn 1: progress enemyHp=[33:0/88,531:117/117] playerHp=[890:2065/2065,150:1725/1725]",
    "wave 47 turn 2: replay guest reciprocally crossed cmd:47:2",
    "wave 47: reward shop owner=host leave",
    "wave 48 turn 1: replay guest reciprocally crossed cmd:48:1",
    "wave 48 turn 1: host SWITCH -> party[2]",
    "wave 48: host slot move=85 guest slot move=53",
    "wave 48 turn 1: progress enemyHp=[336:93/93,290:65/65] playerHp=[493:1865/1865,150:1725/1725]",
    "wave 48 turn 2: replay guest reciprocally crossed cmd:48:2",
    "wave 48 turn 2: guest SWITCH -> party[3]",
    "wave 48 turn 3: replay guest reciprocally crossed cmd:48:3",
    "wave 48 turn 4: replay guest reciprocally crossed cmd:48:4",
    "wave 48: reward shop owner=guest take-nonparty",
    "wave 49 turn 1: replay guest reciprocally crossed cmd:49:1",
    "wave 49 turn 1: host SWITCH -> party[2]",
    "wave 49: host slot move=53 guest slot move=53",
    "wave 49 turn 1: progress enemyHp=[920:97/97,335:0/104] playerHp=[890:2065/2065,384:1715/1715]",
    "wave 49 turn 2: replay guest reciprocally crossed cmd:49:2",
    "wave 49: reward shop owner=host take-nonparty",
    "wave 50 turn 1: replay guest reciprocally crossed cmd:50:1",
    "wave 50: host slot move=247 guest slot move=85",
    "wave 50 turn 1: guest SWITCH -> party[3]",
    "wave 50 turn 1: progress enemyHp=[336:0/104,336:104/104] playerHp=[890:2065/2065,150:1709/1725]",
    "wave 50 turn 2: replay guest reciprocally crossed cmd:50:2",
    "wave 50: drained 1 milestone reward continuation(s)",
    "wave 51 turn 1: replay guest reciprocally crossed cmd:51:1",
    "wave 51 turn 1: host SWITCH -> party[2]",
    "wave 51: host slot move=34 guest slot move=85",
    "wave 51 turn 1: progress enemyHp=[49:99/99,203:0/96] playerHp=[493:1865/1865,150:1709/1725]",
    "wave 51 turn 2: replay guest reciprocally crossed cmd:51:2",
    "wave 51 turn 2: host SWITCH -> party[2]",
    "wave 51: reward shop owner=guest take-nonparty",
    "wave 52 turn 1: replay guest reciprocally crossed cmd:52:1",
    "wave 52: host slot move=85 guest slot move=247",
    "wave 52 turn 1: progress enemyHp=[762:0/85,920:108/108] playerHp=[890:2065/2065,150:1709/1725]",
    "wave 52 turn 2: replay guest reciprocally crossed cmd:52:2",
    "wave 52: reward shop owner=host take-nonparty",
    "wave 53 turn 1: replay guest reciprocally crossed cmd:53:1",
    "wave 53: host slot move=53 guest slot move=34",
    "wave 53 turn 1: progress enemyHp=[920:0/111,33:0/101] playerHp=[890:2065/2065,150:1709/1725]",
    "wave 53: reward shop owner=guest take-nonparty",
    "wave 54 turn 1: replay guest reciprocally crossed cmd:54:1",
    "wave 54: TRAINER (random)",
    "wave 54: host slot move=247 guest slot move=85",
    "wave 54 turn 1: progress enemyHp=[758:0/111,274:0/112] playerHp=[890:2065/2065,150:1709/1725]",
    "wave 54: reward shop owner=host take-nonparty",
    "wave 54: armed owner Dex Nav picks",
    "wave 55 turn 1: replay guest reciprocally crossed cmd:55:1",
    "wave 55: TRAINER (fixed)",
    "wave 55: host slot move=34 guest slot move=53",
    "wave 55 turn 1: progress enemyHp=[652:0/142,663:0/124] playerHp=[890:2065/2065,150:1709/1725]",
    "wave 55 turn 2: replay guest reciprocally crossed cmd:55:2",
    "wave 55 turn 3: replay guest reciprocally crossed cmd:55:3",
    "wave 55: reward shop owner=guest take-nonparty",
    "wave 56 turn 1: replay guest reciprocally crossed cmd:56:1",
    "wave 56: host slot move=85 guest slot move=85",
    "wave 56 turn 1: progress enemyHp=[666:0/136,335:123/123] playerHp=[890:2065/2065,150:1703/1725]",
    "wave 56 turn 2: replay guest reciprocally crossed cmd:56:2",
    "wave 56: reward shop owner=host take-nonparty",
    "wave 57 turn 1: replay guest reciprocally crossed cmd:57:1",
    "wave 57: TRAINER (random)",
    "wave 57: host slot move=53 guest slot move=34",
    "wave 57 turn 1: progress enemyHp=[267:0/111,414:0/111] playerHp=[890:2065/2065,150:1703/1725]",
    "wave 57 turn 2: replay guest reciprocally crossed cmd:57:2",
    "wave 57: reward shop owner=guest take-nonparty",
    "wave 58 turn 1: replay guest reciprocally crossed cmd:58:1",
    "wave 58 turn 1: host SWITCH -> party[2]",
    "wave 58: host slot move=247 guest slot move=53",
    "wave 58 turn 1: progress enemyHp=[336:126/126,335:0/126] playerHp=[493:1865/1865,150:1703/1725]",
    "wave 58 turn 2: replay guest reciprocally crossed cmd:58:2",
    "wave 58: reward shop owner=host leave",
    "wave 59 turn 1: replay guest reciprocally crossed cmd:59:1",
    "wave 59: BIOME 3->19",
    "wave 59: host slot move=85 guest slot move=53",
    "wave 59 turn 1: progress enemyHp=[200:0/107,854:0/88] playerHp=[493:1865/1865,150:1703/1725]",
    "wave 59: reward shop owner=guest take-nonparty",
    "wave 60 turn 1: replay guest reciprocally crossed cmd:60:1",
    "wave 60: TRAINER (random)",
    "wave 60: host slot move=85 guest slot move=85",
    "wave 60 turn 1: guest SWITCH -> party[3]",
    "wave 60 turn 1: progress enemyHp=[6157:0/143,864:115/115] playerHp=[493:1865/1865,384:1707/1715]",
    "wave 60 turn 2: replay guest reciprocally crossed cmd:60:2",
    "wave 60 turn 3: replay guest reciprocally crossed cmd:60:3",
    "wave 60 turn 3: guest SWITCH -> party[3]",
    "wave 60: drained 1 milestone reward continuation(s)",
    "wave 61 turn 1: replay guest reciprocally crossed cmd:61:1",
    "wave 61: host slot move=247 guest slot move=53",
    "wave 61 turn 1: progress enemyHp=[710:0/99,778:93/106] playerHp=[493:1399/1865,150:1725/1725]",
    "wave 61 turn 2: replay guest reciprocally crossed cmd:61:2",
    "wave 61 turn 2: guest SWITCH -> party[3]",
    "wave 61 turn 3: replay guest reciprocally crossed cmd:61:3",
    "wave 61 turn 4: replay guest reciprocally crossed cmd:61:4",
    "wave 61: reward shop owner=host leave",
    "wave 62 turn 1: replay guest reciprocally crossed cmd:62:1",
    "wave 62: TRAINER (fixed)",
    "wave 62: host slot move=247 guest slot move=85",
    "wave 62 turn 1: progress enemyHp=[97:0/148,4110:0/139] playerHp=[493:1/1865,384:488/1715]",
    "wave 62 turn 2: replay guest reciprocally crossed cmd:62:2",
    "wave 62: reward shop owner=guest leave",
    "wave 63 turn 1: replay guest reciprocally crossed cmd:63:1",
    "wave 63: DIGEST mismatch @wave-start class=unexpected fields=[field] -> one-heal resync",
    "wave 63 turn 1: host SWITCH -> party[2]",
    "wave 63: host slot move=53 guest slot move=53",
    "wave 63 turn 1: progress enemyHp=[354:141/145,709:0/139] playerHp=[890:2061/2065,384:469/1715]",
    "wave 63 turn 2: replay guest reciprocally crossed cmd:63:2",
    "wave 63: drained 1 milestone reward continuation(s)",
    "wave 64 turn 1: replay guest reciprocally crossed cmd:64:1",
    "wave 64: TRAINER (fixed)",
    "wave 64: host slot move=53 guest slot move=34",
    "wave 64 turn 1: progress enemyHp=[2105:0/136,2020:0/136] playerHp=[890:1678/2065,384:456/1715]",
    "wave 64 turn 2: replay guest reciprocally crossed cmd:64:2",
    "wave 64: reward shop owner=guest leave",
    "wave 65 turn 1: replay guest reciprocally crossed cmd:65:1",
    "wave 65: host slot move=85 guest slot move=85",
    "wave 65 turn 1: guest SWITCH -> party[3]",
    "wave 65 turn 1: progress enemyHp=[608:0/122,710:106/106] playerHp=[890:1936/2065,150:1721/1725]",
    "wave 65 turn 2: replay guest reciprocally crossed cmd:65:2",
    "wave 65: reward shop owner=host take-nonparty",
    "wave 66 turn 1: replay guest reciprocally crossed cmd:66:1",
    "wave 66: TRAINER (fixed)",
    "wave 66 turn 1: host SWITCH -> party[2]",
    "wave 66: host slot move=247 guest slot move=53",
    "wave 66 turn 1: guest SWITCH -> party[3]",
    "wave 66 turn 1: progress enemyHp=[49:137/137,94:122/132] playerHp=[493:1860/1865,384:1709/1715]",
    "wave 66 turn 2: replay guest reciprocally crossed cmd:66:2",
    "wave 66 turn 2: guest SWITCH -> party[3]",
    "wave 66 turn 3: replay guest reciprocally crossed cmd:66:3",
    "wave 66 turn 4: replay guest reciprocally crossed cmd:66:4",
    "wave 66 turn 5: replay guest reciprocally crossed cmd:66:5",
    "wave 66: reward shop owner=guest take-nonparty",
    "wave 67 turn 1: replay guest reciprocally crossed cmd:67:1",
    "wave 67: host slot move=85 guest slot move=247",
    "wave 67 turn 1: progress enemyHp=[93:0/105,608:0/120] playerHp=[493:1851/1865,150:1717/1725]",
    "wave 67: reward shop owner=host leave",
    "wave 68 turn 1: replay guest reciprocally crossed cmd:68:1",
    "wave 68 turn 1: host SWITCH -> party[2]",
    "wave 68: host slot move=53 guest slot move=247",
    "wave 68 turn 1: progress enemyHp=[972:138/139,986:0/179] playerHp=[890:2065/2065,150:1711/1725]",
    "wave 68 turn 2: replay guest reciprocally crossed cmd:68:2",
    "wave 68: drained 1 milestone reward continuation(s)",
    "wave 69 turn 1: replay guest reciprocally crossed cmd:69:1",
    "wave 69: host slot move=53 guest slot move=247",
    "wave 69 turn 1: progress enemyHp=[354:0/153,711:0/151] playerHp=[890:1549/2065,150:849/1725]",
    "wave 69: reward shop owner=host leave",
    "wave 70 turn 1: replay guest reciprocally crossed cmd:70:1",
    "wave 70: host slot move=85 guest slot move=85",
    "wave 70 turn 1: progress enemyHp=[477:0/116,937:0/142] playerHp=[890:1664/2065,150:849/1725]",
    "wave 70: drained 1 milestone reward continuation(s)",
    "wave 71 turn 1: replay guest reciprocally crossed cmd:71:1",
    "wave 71: host slot move=53 guest slot move=247",
    "wave 71 turn 1: progress enemyHp=[429:0/143,563:0/150] playerHp=[890:1148/2065,150:418/1725]",
    "wave 71: reward shop owner=guest take-nonparty",
    "wave 72 turn 1: replay guest reciprocally crossed cmd:72:1",
    "wave 72: host slot move=85 guest slot move=85",
    "wave 72 turn 1: progress enemyHp=[354:0/159,709:0/163] playerHp=[890:761/2065,150:0/1725]",
    "wave 72: reward shop owner=host take-nonparty",
    "wave 73 turn 1: replay guest reciprocally crossed cmd:73:1",
    "wave 73: DIGEST mismatch @wave-start class=unexpected fields=[field] -> one-heal resync",
    "wave 73: host slot move=53 guest slot move=53",
    "wave 73 turn 1: progress enemyHp=[937:0/167,911:0/207] playerHp=[890:374/2065,384:1715/1715]",
    "wave 73: DIGEST mismatch @post-turn class=unexpected fields=[field,heldItems] -> one-heal resync",
    "wave 73: drained 1 milestone reward continuation(s)",
    "wave 74 turn 1: replay guest reciprocally crossed cmd:74:1",
    "wave 74: host slot move=53 guest slot move=53",
    "wave 74 turn 1: guest SWITCH -> party[3]",
    "wave 74 turn 1: progress enemyHp=[356:0/119,711:144/144] playerHp=[890:503/2065,150:1725/1725]",
    "wave 74 turn 2: replay guest reciprocally crossed cmd:74:2",
    "wave 74: reward shop owner=host take-nonparty",
    "wave 75 turn 1: replay guest reciprocally crossed cmd:75:1",
    "wave 75: host slot move=247 guest slot move=247",
    "wave 75 turn 1: progress enemyHp=[937:0/156,356:0/111] playerHp=[890:0/2065,150:1725/1725]",
    "wave 75: reward shop owner=guest leave",
    "wave 76 turn 1: replay guest reciprocally crossed cmd:76:1",
    "wave 76: host slot move=53 guest slot move=247",
    "wave 76 turn 1: progress enemyHp=[972:0/147,972:0/150] playerHp=[493:1399/1865,150:1294/1725]",
    "wave 76: DIGEST mismatch @post-turn class=unexpected fields=[field,heldItems] -> one-heal resync",
    "wave 76: reward shop owner=host take-nonparty",
    "wave 77 turn 1: replay guest reciprocally crossed cmd:77:1",
    "wave 77: TRAINER (random)",
    "wave 77: host slot move=53 guest slot move=85",
    "wave 77 turn 1: progress enemyHp=[10024:0/189,10065:0/141] playerHp=[493:1399/1865,150:1294/1725]",
    "wave 77 turn 2: replay guest reciprocally crossed cmd:77:2",
    "wave 77: reward shop owner=guest take-nonparty",
    "wave 78 turn 1: replay guest reciprocally crossed cmd:78:1",
    "wave 78: host slot move=85 guest slot move=85",
    "wave 78 turn 1: progress enemyHp=[711:0/172,711:0/142] playerHp=[493:933/1865,150:863/1725]",
    "wave 78: drained 1 milestone reward continuation(s)",
    "wave 79 turn 1: replay guest reciprocally crossed cmd:79:1",
    "wave 79: host slot move=53 guest slot move=53",
    "wave 79 turn 1: progress enemyHp=[477:0/133,94:158/158] playerHp=[493:460/1865,150:432/1725]",
    "wave 79 turn 2: replay guest reciprocally crossed cmd:79:2",
    "wave 79 turn 3: replay guest reciprocally crossed cmd:79:3",
    "wave 79: DIGEST mismatch @post-turn class=unexpected fields=[field,arenaTags,heldItems] -> one-heal resync",
    "wave 79: drained 1 milestone reward continuation(s)",
    "wave 80 turn 1: replay guest reciprocally crossed cmd:80:1",
    "wave 80: host slot move=247 guest slot move=247",
    "wave 80 turn 1: progress enemyHp=[6157:0/193,911:0/223] playerHp=[890:2065/2065,384:1697/1715]",
    "wave 80: DIGEST mismatch @post-turn class=unexpected fields=[field,heldItems] -> one-heal resync",
    "wave 80: drained 1 milestone reward continuation(s)",
    "wave 81 turn 1: replay guest reciprocally crossed cmd:81:1",
    "wave 81: host slot move=53 guest slot move=53",
    "wave 81 turn 1: progress enemyHp=[855:0/155,609:0/178] playerHp=[890:2065/2065,384:1697/1715]",
    "wave 81: reward shop owner=host leave",
    "wave 82 turn 1: replay guest reciprocally crossed cmd:82:1",
    "wave 82 turn 1: host SWITCH -> party[2]",
    "wave 82: host slot move=247 guest slot move=85",
    "wave 82 turn 1: progress enemyHp=[563:167/167,426:0/268] playerHp=[493:1860/1865,384:1691/1715]",
    "wave 82 turn 2: replay guest reciprocally crossed cmd:82:2",
    "wave 82: reward shop owner=guest leave",
    "wave 83 turn 1: replay guest reciprocally crossed cmd:83:1",
    "wave 83: host slot move=53 guest slot move=85",
    "wave 83 turn 1: progress enemyHp=[778:138/157,972:0/175] playerHp=[493:1851/1865,384:1263/1715]",
    "wave 83 turn 2: replay guest reciprocally crossed cmd:83:2",
    "wave 83 turn 2: guest SWITCH -> party[3]",
    "wave 83 turn 3: replay guest reciprocally crossed cmd:83:3",
    "wave 83 turn 4: replay guest reciprocally crossed cmd:83:4",
    "wave 83: drained 1 milestone reward continuation(s)",
    "wave 84 turn 1: replay guest reciprocally crossed cmd:84:1",
    "wave 84: DIGEST mismatch @wave-start class=unexpected fields=[field] -> one-heal resync",
    "wave 84: host slot move=53 guest slot move=247",
    "wave 84 turn 1: progress enemyHp=[911:0/232,855:0/153] playerHp=[493:1842/1865,150:1716/1725]",
    "wave 84: drained 1 milestone reward continuation(s)",
    "wave 85 turn 1: replay guest reciprocally crossed cmd:85:1",
    "wave 85: host slot move=247 guest slot move=85",
    "wave 85 turn 1: progress enemyHp=[972:0/166,94:0/171] playerHp=[493:1376/1865,150:1716/1725]",
    "wave 85: reward shop owner=host leave",
    "wave 86 turn 1: replay guest reciprocally crossed cmd:86:1",
    "wave 86: TRAINER (random)",
    "wave 86 turn 1: host SWITCH -> party[2]",
    "wave 86: host slot move=247 guest slot move=85",
    "wave 86 turn 1: progress enemyHp=[687:231/231,344:0/207] playerHp=[890:2052/2065,150:1716/1725]",
    "wave 86 turn 2: replay guest reciprocally crossed cmd:86:2",
    "wave 86 turn 2: guest SWITCH -> party[3]",
    "wave 86: reward shop owner=guest take-nonparty",
    "wave 87 turn 1: replay guest reciprocally crossed cmd:87:1",
    "wave 87: DIGEST mismatch @wave-start class=unexpected fields=[field] -> one-heal resync",
    "wave 87: host slot move=34 guest slot move=53",
    "wave 87 turn 1: progress enemyHp=[911:0/223,429:0/180] playerHp=[890:2065/2065,384:1715/1715]",
    "wave 87: drained 1 milestone reward continuation(s)",
    "wave 88 turn 1: replay guest reciprocally crossed cmd:88:1",
    "wave 88: host slot move=247 guest slot move=53",
    "wave 88 turn 1: progress enemyHp=[911:0/230,356:0/149] playerHp=[890:1936/2065,384:1711/1715]",
    "wave 88: reward shop owner=guest leave",
    "wave 89 turn 1: replay guest reciprocally crossed cmd:89:1",
    "wave 89: BIOME 19->13",
    "wave 89: host slot move=53 guest slot move=247",
    "wave 89 turn 1: progress enemyHp=[768:0/195,47:0/190] playerHp=[890:2065/2065,384:1711/1715]",
    "wave 89: reward shop owner=host leave",
    "wave 90 turn 1: replay guest reciprocally crossed cmd:90:1",
    "wave 90: TRAINER (random)",
    "wave 90: host slot move=247 guest slot move=85",
    "wave 90 turn 1: progress enemyHp=[1024:245/245,142:0/210] playerHp=[890:2046/2065,384:1691/1715]",
    "wave 90 turn 2: replay guest reciprocally crossed cmd:90:2",
    "wave 90 turn 2: guest SWITCH -> party[3]",
    "wave 90 turn 3: replay guest reciprocally crossed cmd:90:3",
    "wave 90 turn 4: replay guest reciprocally crossed cmd:90:4",
    "wave 90 turn 4: guest SWITCH -> party[3]",
    "wave 90 turn 5: replay guest reciprocally crossed cmd:90:5",
    "wave 90 turn 6: replay guest reciprocally crossed cmd:90:6",
    "wave 90 turn 7: replay guest reciprocally crossed cmd:90:7",
    "wave 90 turn 8: replay guest reciprocally crossed cmd:90:8",
    "wave 90 turn 9: replay guest reciprocally crossed cmd:90:9",
    "wave 90: drained 1 milestone reward continuation(s)",
    "wave 91 turn 1: replay guest reciprocally crossed cmd:91:1",
    "wave 91: host slot move=53 guest slot move=34",
    "wave 91 turn 1: progress enemyHp=[76:1/224,660:0/211] playerHp=[890:2065/2065,384:1609/1715]",
    "wave 91 turn 2: replay guest reciprocally crossed cmd:91:2",
    "wave 91: reward shop owner=guest take-nonparty",
    "wave 92 turn 1: replay guest reciprocally crossed cmd:92:1",
    "wave 92 turn 1: host SWITCH -> party[2]",
    "wave 92: host slot move=85 guest slot move=247",
    "wave 92 turn 1: progress enemyHp=[47:190/190,169:0/205] playerHp=[493:1632/1865,384:1395/1715]",
    "wave 92 turn 2: replay guest reciprocally crossed cmd:92:2",
    "wave 92: reward shop owner=host leave",
    "wave 93 turn 1: replay guest reciprocally crossed cmd:93:1",
    "wave 93: host slot move=53 guest slot move=34",
    "wave 93 turn 1: progress enemyHp=[295:0/257,526:1/208] playerHp=[493:1516/1865,384:1288/1715]",
    "wave 93 turn 2: replay guest reciprocally crossed cmd:93:2",
    "wave 93: reward shop owner=guest leave",
    "wave 94 turn 1: replay guest reciprocally crossed cmd:94:1",
    "wave 94: host slot move=85 guest slot move=85",
    "wave 94 turn 1: progress enemyHp=[47:0/202,476:0/183] playerHp=[493:1284/1865,384:1074/1715]",
    "wave 94: reward shop owner=host leave",
    "wave 95 turn 1: replay guest reciprocally crossed cmd:95:1",
    "wave 95: TRAINER (fixed)",
    "wave 95: DIGEST mismatch @wave-start class=unexpected fields=[field] -> one-heal resync",
    "wave 95 turn 1: host SWITCH -> party[2]",
    "wave 95: host slot move=34 guest slot move=53",
    "wave 95 turn 1: progress enemyHp=[652:255/255,663:0/219] playerHp=[890:2065/2065,384:1074/1715]",
    "wave 95 turn 2: replay guest reciprocally crossed cmd:95:2",
    "wave 95 turn 3: replay guest reciprocally crossed cmd:95:3",
    "wave 95 turn 4: replay guest reciprocally crossed cmd:95:4",
    "wave 95 turn 4: host SWITCH -> party[2]",
    "wave 95 turn 5: replay guest reciprocally crossed cmd:95:5",
    "wave 95: reward shop owner=guest take-nonparty",
    "wave 96 turn 1: replay guest reciprocally crossed cmd:96:1",
    "wave 96 turn 1: host SWITCH -> party[2]",
    "wave 96: host slot move=85 guest slot move=34",
    "wave 96 turn 1: progress enemyHp=[169:201/214,208:0/192] playerHp=[890:1927/2065,384:725/1715]",
    "wave 96 turn 2: replay guest reciprocally crossed cmd:96:2",
    "wave 96 turn 2: guest SWITCH -> party[3]",
    "wave 96: reward shop owner=host take-nonparty",
    "wave 97 turn 1: replay guest reciprocally crossed cmd:97:1",
    "wave 97: host slot move=53 guest slot move=34",
    "wave 97 turn 1: progress enemyHp=[476:0/183,744:0/166] playerHp=[890:1927/2065,150:1511/1725]",
    "wave 97: reward shop owner=guest leave",
    "wave 98 turn 1: replay guest reciprocally crossed cmd:98:1",
    "wave 98: host slot move=247 guest slot move=85",
    "wave 98 turn 1: progress enemyHp=[169:0/223,476:0/198] playerHp=[890:1927/2065,150:1404/1725]",
    "wave 98: reward shop owner=host take-nonparty",
    "wave 99 turn 1: replay guest reciprocally crossed cmd:99:1",
    "wave 99: host slot move=85 guest slot move=53",
    "wave 99 turn 1: progress enemyHp=[217:0/221,47:0/207] playerHp=[890:1927/2065,150:1297/1725]",
    "wave 99: drained 1 milestone reward continuation(s)",
    "wave 100 turn 1: replay guest reciprocally crossed cmd:100:1",
    "wave 100: DIGEST mismatch @wave-start class=unexpected fields=[field] -> one-heal resync",
    "wave 100: host slot move=85 guest slot move=247",
    "wave 100 turn 1: progress enemyHp=[480:0/251,768:0/234] playerHp=[890:2056/2065,150:1297/1725]",
    "wave 100: drained 1 milestone reward continuation(s)",
    "wave 101 turn 1: replay guest reciprocally crossed cmd:101:1",
    "wave 101: DIGEST mismatch @wave-start class=unexpected fields=[field] -> one-heal resync",
    "wave 101: host slot move=53 guest slot move=34",
    "wave 101 turn 1: progress enemyHp=[598:0/229,476:0/199] playerHp=[890:2056/2065,150:1297/1725]",
    "wave 101: drained 1 milestone reward continuation(s)",
    "wave 102 turn 1: replay guest reciprocally crossed cmd:102:1",
    "wave 102: host slot move=53 guest slot move=53",
    "wave 102 turn 1: progress enemyHp=[660:0/235,295:0/321] playerHp=[890:2065/2065,150:1297/1725]",
    "wave 102: reward shop owner=guest take-nonparty",
    "wave 103 turn 1: replay guest reciprocally crossed cmd:103:1",
    "wave 103: TRAINER (random)",
    "wave 103: DIGEST mismatch @wave-start class=unexpected fields=[field] -> one-heal resync",
    "wave 103: host slot move=247 guest slot move=247",
    "wave 103 turn 1: progress enemyHp=[76:0/280,76:1/296] playerHp=[890:2021/2065,150:1274/1725]",
    "wave 103 turn 2: replay guest reciprocally crossed cmd:103:2",
    "wave 103: reward shop owner=host take-nonparty",
    "wave 104 turn 1: replay guest reciprocally crossed cmd:104:1",
    "wave 104: BIOME 13->1",
    "wave 104: host slot move=34 guest slot move=247",
    "wave 104 turn 1: progress enemyHp=[400:0/247,261:0/152] playerHp=[890:2065/2065,150:1274/1725]",
    "wave 104: reward shop owner=guest leave",
    "wave 105 turn 1: replay guest reciprocally crossed cmd:105:1",
    "wave 105: host slot move=85 guest slot move=34",
    "wave 105 turn 1: progress enemyHp=[18:0/253,261:0/154] playerHp=[890:2065/2065,150:1274/1725]",
    "wave 105: reward shop owner=host leave",
    "wave 106 turn 1: replay guest reciprocally crossed cmd:106:1",
    "wave 106: host slot move=247 guest slot move=85",
    "wave 106 turn 1: progress enemyHp=[828:0/207,261:0/174] playerHp=[890:2065/2065,150:1274/1725]",
    "wave 106: reward shop owner=guest leave",
    "wave 107 turn 1: replay guest reciprocally crossed cmd:107:1",
    "wave 107 turn 1: host SWITCH -> party[2]",
    "wave 107: host slot move=53 guest slot move=53",
    "wave 107 turn 1: progress enemyHp=[400:235/235,26:0/198] playerHp=[493:1854/1865,150:1274/1725]",
    "wave 107 turn 2: replay guest reciprocally crossed cmd:107:2",
    "wave 107: reward shop owner=host take-nonparty",
    "wave 108 turn 1: replay guest reciprocally crossed cmd:108:1",
    "wave 108: host slot move=85 guest slot move=53",
    "wave 108 turn 1: progress enemyHp=[663:0/230,53:0/221] playerHp=[493:1854/1865,150:1274/1725]",
    "wave 108: reward shop owner=guest take-nonparty",
    "wave 109 turn 1: replay guest reciprocally crossed cmd:109:1",
    "wave 109: host slot move=53 guest slot move=34",
    "wave 109 turn 1: progress enemyHp=[264:0/245,663:0/239] playerHp=[493:1854/1865,150:1274/1725]",
    "wave 109: reward shop owner=host take-nonparty",
    "wave 110 turn 1: replay guest reciprocally crossed cmd:110:1",
    "wave 110: host slot move=85 guest slot move=85",
    "wave 110 turn 1: progress enemyHp=[83:0/200,381:0/292] playerHp=[493:1854/1865,150:1274/1725]",
    "wave 110: drained 1 milestone reward continuation(s)",
    "wave 111 turn 1: replay guest reciprocally crossed cmd:111:1",
    "wave 111: host slot move=34 guest slot move=53",
    "wave 111 turn 1: progress enemyHp=[53:0/210,261:0/178] playerHp=[493:1854/1865,150:1274/1725]",
    "wave 111: reward shop owner=guest take-nonparty",
    "wave 112 turn 1: replay guest reciprocally crossed cmd:112:1",
    "wave 112: TRAINER (fixed)",
    "wave 112: host slot move=85 guest slot move=247",
    "wave 112 turn 1: progress enemyHp=[748:0/265,545:0/293] playerHp=[493:1854/1865,150:1274/1725]",
    "wave 112 turn 2: replay guest reciprocally crossed cmd:112:2",
    "wave 112 turn 2: host SWITCH -> party[2]",
    "wave 112 turn 3: replay guest reciprocally crossed cmd:112:3",
    "wave 112 turn 4: replay guest reciprocally crossed cmd:112:4",
    "wave 112: reward shop owner=host leave",
    "wave 113 turn 1: replay guest reciprocally crossed cmd:113:1",
    "wave 113 turn 1: host SWITCH -> party[2]",
    "wave 113: host slot move=53 guest slot move=53",
    "wave 113 turn 1: progress enemyHp=[979:290/290,132:284/284] playerHp=[493:1865/1865,150:1274/1725]",
    "wave 113 turn 2: replay guest reciprocally crossed cmd:113:2",
    "wave 113 turn 2: host SWITCH -> party[2]",
    "wave 113 turn 3: replay guest reciprocally crossed cmd:113:3",
    "wave 113 turn 3: host SWITCH -> party[2]",
    "wave 113: reward shop owner=guest leave",
    "wave 114 turn 1: replay guest reciprocally crossed cmd:114:1",
    "wave 114: TRAINER (fixed)",
    "wave 114: host slot move=247 guest slot move=247",
    "wave 114 turn 1: progress enemyHp=[49:0/262,94:0/252] playerHp=[493:1865/1865,150:843/1725]",
    "wave 114 turn 2: replay guest reciprocally crossed cmd:114:2",
    "wave 114 turn 3: replay guest reciprocally crossed cmd:114:3",
    "wave 114: reward shop owner=host leave",
    "wave 115 turn 1: replay guest reciprocally crossed cmd:115:1",
    "wave 115: TRAINER (fixed)",
    "wave 115: host slot move=34 guest slot move=53",
    "wave 115 turn 1: progress enemyHp=[469:0/300,212:0/264] playerHp=[493:1865/1865,150:843/1725]",
    "wave 115 turn 2: replay guest reciprocally crossed cmd:115:2",
    "wave 115 turn 3: replay guest reciprocally crossed cmd:115:3",
    "wave 115 turn 3: guest SWITCH -> party[3]",
    "wave 115 turn 4: replay guest reciprocally crossed cmd:115:4",
    "wave 115: reward shop owner=guest leave",
    "wave 116 turn 1: replay guest reciprocally crossed cmd:116:1",
    "wave 116: host slot move=53 guest slot move=34",
    "wave 116 turn 1: progress enemyHp=[162:0/271,18:0/262] playerHp=[493:1840/1865,384:1715/1715]",
    "wave 116: reward shop owner=host leave",
    "wave 117 turn 1: replay guest reciprocally crossed cmd:117:1",
    "wave 117 turn 1: host SWITCH -> party[2]",
    "wave 117: host slot move=53 guest slot move=34",
    "wave 117 turn 1: guest SWITCH -> party[3]",
    "wave 117 turn 1: progress enemyHp=[264:268/268,2026:225/225] playerHp=[890:2065/2065,150:1711/1725]",
    "wave 117 turn 2: replay guest reciprocally crossed cmd:117:2",
    "wave 117: reward shop owner=guest leave",
    "wave 118 turn 1: replay guest reciprocally crossed cmd:118:1",
    "wave 118: host slot move=53 guest slot move=34",
    "wave 118 turn 1: guest SWITCH -> party[3]",
    "wave 118 turn 1: progress enemyHp=[264:0/259,923:232/232] playerHp=[890:2065/2065,384:1715/1715]",
    "wave 118 turn 2: replay guest reciprocally crossed cmd:118:2",
    "wave 118: reward shop owner=host leave",
    "wave 119 turn 1: replay guest reciprocally crossed cmd:119:1",
    "wave 119: host slot move=34 guest slot move=34",
    "wave 119 turn 1: progress enemyHp=[744:0/213,734:0/225] playerHp=[890:2065/2065,384:1715/1715]",
    "wave 119: reward shop owner=guest take-nonparty",
    "wave 120 turn 1: replay guest reciprocally crossed cmd:120:1",
    "wave 120: TRAINER (random)",
    "wave 120: DIGEST mismatch @wave-start class=unexpected fields=[field] -> one-heal resync",
    "wave 120: host slot move=34 guest slot move=85",
    "wave 120 turn 1: progress enemyHp=[10429:0/342,10138:0/370] playerHp=[890:2065/2065,384:1715/1715]",
    "wave 120 turn 2: replay guest reciprocally crossed cmd:120:2",
    "wave 120 turn 3: replay guest reciprocally crossed cmd:120:3",
    "wave 120: drained 1 milestone reward continuation(s)",
    "wave 121 turn 1: replay guest reciprocally crossed cmd:121:1",
    "wave 121: host slot move=53 guest slot move=53",
    "wave 121 turn 1: progress enemyHp=[735:0/280,923:0/253] playerHp=[890:2065/2065,384:1715/1715]",
    "wave 121: drained 1 milestone reward continuation(s)",
    "wave 122 turn 1: replay guest reciprocally crossed cmd:122:1",
    "wave 122: host slot move=53 guest slot move=85",
    "wave 122 turn 1: progress enemyHp=[923:0/267,428:0/265] playerHp=[890:2065/2065,384:1715/1715]",
    "wave 122: drained 1 milestone reward continuation(s)",
    "wave 123 turn 1: replay guest reciprocally crossed cmd:123:1",
    "wave 123: TRAINER (random)",
    "wave 123: DIGEST mismatch @wave-start class=unexpected fields=[field] -> one-heal resync",
    "wave 123: host slot move=34 guest slot move=247",
    "wave 123 turn 1: progress enemyHp=[941:0/272,78:0/317] playerHp=[890:2065/2065,384:1715/1715]",
    "wave 123: reward shop owner=host take-nonparty",
    "wave 124 turn 1: replay guest reciprocally crossed cmd:124:1",
    "wave 124: BIOME 1->4",
    "wave 124: host slot move=34 guest slot move=247",
    "wave 124 turn 1: progress enemyHp=[264:0/276,836:0/257] playerHp=[890:2065/2065,384:1715/1715]",
    "wave 124: reward shop owner=guest leave",
    "wave 125 turn 1: replay guest reciprocally crossed cmd:125:1",
    "wave 125: host slot move=85 guest slot move=53",
    "wave 125 turn 1: guest SWITCH -> party[3]",
    "wave 125 turn 1: progress enemyHp=[19:0/202,676:279/279] playerHp=[890:2065/2065,150:1725/1725]",
    "wave 125 turn 2: replay guest reciprocally crossed cmd:125:2",
    "wave 125: reward shop owner=host leave",
    "wave 126 turn 1: replay guest reciprocally crossed cmd:126:1",
    "wave 126: host slot move=85 guest slot move=85",
    "wave 126 turn 1: guest SWITCH -> party[3]",
    "wave 126 turn 1: progress enemyHp=[504:0/211,836:273/273] playerHp=[890:2065/2065,384:1715/1715]",
    "wave 126 turn 2: replay guest reciprocally crossed cmd:126:2",
    "wave 126: reward shop owner=guest leave",
    "wave 127 turn 1: replay guest reciprocally crossed cmd:127:1",
    "wave 127: host slot move=53 guest slot move=85",
    "wave 127 turn 1: progress enemyHp=[508:0/320,19:0/195] playerHp=[890:2065/2065,384:1715/1715]",
    "wave 127: reward shop owner=host leave",
    "wave 128 turn 1: replay guest reciprocally crossed cmd:128:1",
    "wave 128: host slot move=53 guest slot move=53",
    "wave 128 turn 1: progress enemyHp=[504:0/219,19:0/197] playerHp=[890:2065/2065,384:1715/1715]",
    "wave 128: reward shop owner=guest leave",
    "wave 129 turn 1: replay guest reciprocally crossed cmd:129:1",
    "wave 129 turn 1: host SWITCH -> party[2]",
    "wave 129: host slot move=247 guest slot move=53",
    "wave 129 turn 1: progress enemyHp=[927:237/237,508:0/307] playerHp=[493:1865/1865,384:1715/1715]",
    "wave 129 turn 2: replay guest reciprocally crossed cmd:129:2",
    "wave 129: reward shop owner=host leave",
    "wave 130 turn 1: replay guest reciprocally crossed cmd:130:1",
    "wave 130: DIGEST mismatch @wave-start class=unexpected fields=[field] -> one-heal resync",
    "wave 130: host slot move=53 guest slot move=85",
    "wave 130 turn 1: progress enemyHp=[676:0/344,966:0/345] playerHp=[493:1865/1865,384:1698/1715]",
    "wave 130: drained 1 milestone reward continuation(s)",
    "wave 131 turn 1: replay guest reciprocally crossed cmd:131:1",
    "wave 131: host slot move=53 guest slot move=34",
    "wave 131 turn 1: progress enemyHp=[504:0/226,508:0/314] playerHp=[493:1865/1865,384:1698/1715]",
    "wave 131: reward shop owner=guest leave",
    "wave 132 turn 1: replay guest reciprocally crossed cmd:132:1",
    "wave 132: TRAINER (random)",
    "wave 132: host slot move=85 guest slot move=85",
    "wave 132 turn 1: guest SWITCH -> party[3]",
    "wave 132 turn 1: progress enemyHp=[2038:0/292,40:388/388] playerHp=[493:1865/1865,150:1685/1725]",
    "wave 132 turn 2: replay guest reciprocally crossed cmd:132:2",
    "wave 132 turn 3: replay guest reciprocally crossed cmd:132:3",
    "wave 132 turn 4: replay guest reciprocally crossed cmd:132:4",
    "wave 132: reward shop owner=host leave",
    "wave 133 turn 1: replay guest reciprocally crossed cmd:133:1",
    "wave 133: host slot move=34 guest slot move=34",
    "wave 133 turn 1: progress enemyHp=[676:0/285,836:0/287] playerHp=[493:1865/1865,150:1154/1725]",
    "wave 133: reward shop owner=guest leave",
    "wave 134 turn 1: replay guest reciprocally crossed cmd:134:1",
    "wave 134: TRAINER (random)",
    "wave 134: host slot move=247 guest slot move=247",
    "wave 134 turn 1: progress enemyHp=[10011:0/301,76:1/370] playerHp=[493:1865/1865,150:1093/1725]",
    "wave 134 turn 2: replay guest reciprocally crossed cmd:134:2",
    "wave 134: reward shop owner=host take-nonparty",
    "wave 135 turn 1: replay guest reciprocally crossed cmd:135:1",
    "wave 135: BIOME 4->2",
    "wave 135: host slot move=34 guest slot move=53",
    "wave 135 turn 1: progress enemyHp=[286:0/268,267:0/273] playerHp=[493:1865/1865,150:1093/1725]",
    "wave 135: reward shop owner=guest take-nonparty",
    "wave 136 turn 1: replay guest reciprocally crossed cmd:136:1",
    "wave 136: host slot move=85 guest slot move=247",
    "wave 136 turn 1: guest SWITCH -> party[3]",
    "wave 136 turn 1: progress enemyHp=[547:0/312,6549:303/303] playerHp=[493:1865/1865,384:1715/1715]",
    "wave 136 turn 2: replay guest reciprocally crossed cmd:136:2",
    "wave 136: reward shop owner=host take-nonparty",
    "wave 137 turn 1: replay guest reciprocally crossed cmd:137:1",
    "wave 137 turn 1: host SWITCH -> party[2]",
    "wave 137: host slot move=53 guest slot move=34",
    "wave 137 turn 1: progress enemyHp=[286:266/266,547:0/301] playerHp=[890:2065/2065,384:1715/1715]",
    "wave 137 turn 2: replay guest reciprocally crossed cmd:137:2",
    "wave 137: reward shop owner=guest leave",
    "wave 138 turn 1: replay guest reciprocally crossed cmd:138:1",
    "wave 138: host slot move=247 guest slot move=85",
    "wave 138 turn 1: progress enemyHp=[438:1/259,189:0/310] playerHp=[890:2065/2065,384:1715/1715]",
    "wave 138 turn 2: replay guest reciprocally crossed cmd:138:2",
    "wave 138: reward shop owner=host leave",
    "wave 139 turn 1: replay guest reciprocally crossed cmd:139:1",
    "wave 139: host slot move=34 guest slot move=53",
    "wave 139 turn 1: progress enemyHp=[192:0/347,241:0/353] playerHp=[890:2065/2065,384:1715/1715]",
    "wave 139: reward shop owner=guest leave",
    "wave 140 turn 1: replay guest reciprocally crossed cmd:140:1",
    "wave 140: DIGEST mismatch @wave-start class=unexpected fields=[field] -> one-heal resync",
    "wave 140: host slot move=85 guest slot move=247",
    "wave 140 turn 1: progress enemyHp=[189:0/352,547:0/350] playerHp=[890:2065/2065,384:1715/1715]",
    "wave 140: drained 1 milestone reward continuation(s)",
    "wave 141 turn 1: replay guest reciprocally crossed cmd:141:1",
    "wave 141: host slot move=53 guest slot move=34",
    "wave 141 turn 1: progress enemyHp=[547:0/341,591:0/401] playerHp=[890:2065/2065,384:1715/1715]",
    "wave 141: reward shop owner=host leave",
    "wave 142 turn 1: replay guest reciprocally crossed cmd:142:1",
    "wave 142: TRAINER (random)",
    "wave 142: host slot move=247 guest slot move=85",
    "wave 142 turn 1: progress enemyHp=[10658:0/465,10110:0/346] playerHp=[890:2065/2065,384:1715/1715]",
    "wave 142 turn 2: replay guest reciprocally crossed cmd:142:2",
    "wave 142: reward shop owner=guest leave",
    "wave 143 turn 1: replay guest reciprocally crossed cmd:143:1",
    "wave 143: host slot move=53 guest slot move=53",
    "wave 143 turn 1: progress enemyHp=[241:0/391,189:0/321] playerHp=[890:2065/2065,384:1715/1715]",
    "wave 143: reward shop owner=host take-nonparty",
    "wave 144 turn 1: replay guest reciprocally crossed cmd:144:1",
    "wave 144: host slot move=85 guest slot move=247",
    "wave 144 turn 1: progress enemyHp=[545:0/355,545:0/380] playerHp=[890:2065/2065,384:1715/1715]",
    "wave 144: reward shop owner=guest take-nonparty",
    "wave 145 turn 1: replay guest reciprocally crossed cmd:145:1",
    "wave 145: TRAINER (fixed)",
    "wave 145: DIGEST mismatch @wave-start class=unexpected fields=[field] -> one-heal resync",
    "wave 145: host slot move=53 guest slot move=34",
    "wave 145 turn 1: progress enemyHp=[778:283/323,663:0/392] playerHp=[890:2065/2065,384:1654/1715]",
    "wave 145 turn 2: replay guest reciprocally crossed cmd:145:2",
    "wave 145 turn 3: replay guest reciprocally crossed cmd:145:3",
    "wave 145 turn 3: guest SWITCH -> party[3]",
    "wave 145 turn 4: replay guest reciprocally crossed cmd:145:4",
    "wave 145 turn 5: replay guest reciprocally crossed cmd:145:5",
    "wave 145 turn 6: replay guest reciprocally crossed cmd:145:6",
    "wave 145: drained 1 milestone reward continuation(s)",
    "wave 146 turn 1: replay guest reciprocally crossed cmd:146:1",
    "wave 146: host slot move=247 guest slot move=85",
    "wave 146 turn 1: progress enemyHp=[59:0/370,6549:0/344] playerHp=[890:2065/2065,150:1480/1725]",
    "wave 146: reward shop owner=guest take-nonparty",
    "wave 147 turn 1: replay guest reciprocally crossed cmd:147:1",
    "wave 147: host slot move=34 guest slot move=53",
    "wave 147 turn 1: progress enemyHp=[547:33/335,286:308/308] playerHp=[890:2065/2065,150:1480/1725]",
    "wave 147 turn 2: replay guest reciprocally crossed cmd:147:2",
    "wave 147 turn 3: replay guest reciprocally crossed cmd:147:3",
    "wave 147 turn 3: guest SWITCH -> party[3]",
    "wave 147: reward shop owner=host leave",
    "wave 148 turn 1: replay guest reciprocally crossed cmd:148:1",
    "wave 148: DIGEST mismatch @wave-start class=unexpected fields=[field] -> one-heal resync",
    "wave 148: host slot move=85 guest slot move=247",
    "wave 148 turn 1: progress enemyHp=[640:218/374,286:0/316] playerHp=[890:2065/2065,384:1668/1715]",
    "wave 148 turn 2: replay guest reciprocally crossed cmd:148:2",
    "wave 148 turn 2: host SWITCH -> party[2]",
    "wave 148 turn 2: guest SWITCH -> party[3]",
    "wave 148 turn 3: replay guest reciprocally crossed cmd:148:3",
    "wave 148 turn 3: guest SWITCH -> party[3]",
    "wave 148: drained 1 milestone reward continuation(s)",
    "wave 149 turn 1: replay guest reciprocally crossed cmd:149:1",
    "wave 149: host slot move=53 guest slot move=34",
    "wave 149 turn 1: progress enemyHp=[421:0/327,547:0/362] playerHp=[493:1865/1865,384:1715/1715]",
    "wave 149: reward shop owner=host take-nonparty",
    "wave 150 turn 1: replay guest reciprocally crossed cmd:150:1",
    "wave 150: TRAINER (random)",
    "wave 150: host slot move=247 guest slot move=85",
    "wave 150 turn 1: progress enemyHp=[10674:0/375,10431:0/397] playerHp=[493:1865/1865,384:1715/1715]",
    "wave 150 turn 2: replay guest reciprocally crossed cmd:150:2",
    "wave 150 turn 2: host SWITCH -> party[2]",
    "wave 150 turn 3: replay guest reciprocally crossed cmd:150:3",
    "wave 150 turn 4: replay guest reciprocally crossed cmd:150:4",
    "wave 150: drained 1 milestone reward continuation(s)",
    "wave 151 turn 1: replay guest reciprocally crossed cmd:151:1",
    "wave 151 turn 1: host SWITCH -> party[2]",
    "wave 151: host slot move=34 guest slot move=53",
    "wave 151 turn 1: progress enemyHp=[269:359/359,269:0/380] playerHp=[493:1865/1865,384:1653/1715]",
    "wave 151 turn 2: replay guest reciprocally crossed cmd:151:2",
    "wave 151: reward shop owner=guest take-nonparty",
    "wave 152 turn 1: replay guest reciprocally crossed cmd:152:1",
    "wave 152: TRAINER (random)",
    "wave 152 turn 1: host SWITCH -> party[2]",
    "wave 152: host slot move=85 guest slot move=34",
    "wave 152 turn 1: guest SWITCH -> party[3]",
    "wave 152 turn 1: progress enemyHp=[184:436/436,10060:424/465] playerHp=[890:1966/2065,150:1690/1725]",
    "wave 152 turn 2: replay guest reciprocally crossed cmd:152:2",
    "wave 152 turn 3: replay guest reciprocally crossed cmd:152:3",
    "wave 152 turn 4: replay guest reciprocally crossed cmd:152:4",
    "wave 152: reward shop owner=host leave",
    "wave 153 turn 1: replay guest reciprocally crossed cmd:153:1",
    "wave 153: TRAINER (random)",
    "wave 153: host slot move=53 guest slot move=34",
    "wave 153 turn 1: progress enemyHp=[666:0/428,286:0/358] playerHp=[890:2065/2065,150:1690/1725]",
    "wave 153: reward shop owner=guest leave",
    "wave 154 turn 1: replay guest reciprocally crossed cmd:154:1",
    "wave 154: host slot move=53 guest slot move=85",
    "wave 154 turn 1: progress enemyHp=[241:0/446,549:0/391] playerHp=[890:2065/2065,150:1690/1725]",
    "wave 154: drained 1 milestone reward continuation(s)",
    "wave 155 turn 1: replay guest reciprocally crossed cmd:155:1",
    "wave 155: BIOME 2->14",
    "wave 155: host slot move=34 guest slot move=34",
    "wave 155 turn 1: guest SWITCH -> party[3]",
    "wave 155 turn 1: progress enemyHp=[348:0/358,844:345/345] playerHp=[890:1926/2065,384:1608/1715]",
    "wave 155 turn 2: replay guest reciprocally crossed cmd:155:2",
    "wave 155 turn 2: host SWITCH -> party[2]",
    "wave 155: reward shop owner=guest leave",
    "wave 156 turn 1: replay guest reciprocally crossed cmd:156:1",
    "wave 156: host slot move=85 guest slot move=247",
    "wave 156 turn 1: progress enemyHp=[954:0/369,207:0/354] playerHp=[493:1633/1865,384:1394/1715]",
    "wave 156: reward shop owner=host take-nonparty",
    "wave 157 turn 1: replay guest reciprocally crossed cmd:157:1",
    "wave 157 turn 1: host SWITCH -> party[2]",
    "wave 157: host slot move=53 guest slot move=247",
    "wave 157 turn 1: progress enemyHp=[954:352/375,207:0/357] playerHp=[890:1936/2065,384:1287/1715]",
    "wave 157 turn 2: replay guest reciprocally crossed cmd:157:2",
    "wave 157 turn 2: guest SWITCH -> party[3]",
    "wave 157: reward shop owner=guest leave",
    "wave 158 turn 1: replay guest reciprocally crossed cmd:158:1",
    "wave 158: host slot move=53 guest slot move=247",
    "wave 158 turn 1: progress enemyHp=[947:0/336,844:0/367] playerHp=[890:1936/2065,150:1511/1725]",
    "wave 158: reward shop owner=host take-nonparty",
    "wave 159 turn 1: replay guest reciprocally crossed cmd:159:1",
    "wave 159: host slot move=34 guest slot move=247",
    "wave 159 turn 1: progress enemyHp=[346:217/433,28:0/401] playerHp=[890:1936/2065,150:1404/1725]",
    "wave 159 turn 2: replay guest reciprocally crossed cmd:159:2",
    "wave 159: drained 1 milestone reward continuation(s)",
    "wave 160 turn 1: replay guest reciprocally crossed cmd:160:1",
    "wave 160: DIGEST mismatch @wave-start class=unexpected fields=[field] -> one-heal resync",
    "wave 160: host slot move=85 guest slot move=247",
    "wave 160 turn 1: progress enemyHp=[452:0/435,555:0/580] playerHp=[890:2065/2065,150:1297/1725]",
    "wave 160: drained 1 milestone reward continuation(s)",
    "wave 161 turn 1: replay guest reciprocally crossed cmd:161:1",
    "wave 161: DIGEST mismatch @wave-start class=unexpected fields=[field] -> one-heal resync",
    "wave 161: host slot move=53 guest slot move=34",
    "wave 161 turn 1: progress enemyHp=[844:0/384,787:0/360] playerHp=[890:1936/2065,150:1190/1725]",
    "wave 161: drained 1 milestone reward continuation(s)",
    "wave 162 turn 1: replay guest reciprocally crossed cmd:162:1",
    "wave 162: DIGEST mismatch @wave-start class=unexpected fields=[field] -> one-heal resync",
    "wave 162: host slot move=53 guest slot move=53",
    "wave 162 turn 1: progress enemyHp=[85:0/421,85:0/432] playerHp=[890:1936/2065,150:1190/1725]",
    "wave 162: drained 1 milestone reward continuation(s)",
    "wave 163 turn 1: replay guest reciprocally crossed cmd:163:1",
    "wave 163: DIGEST mismatch @wave-start class=unexpected fields=[field] -> one-heal resync",
    "wave 163: host slot move=247 guest slot move=53",
    "wave 163 turn 1: progress enemyHp=[563:0/392,332:0/406] playerHp=[890:1936/2065,150:1190/1725]",
    "wave 163: drained 1 milestone reward continuation(s)",
    "wave 164 turn 1: replay guest reciprocally crossed cmd:164:1",
    "wave 164: TRAINER (fixed)",
    "wave 164: DIGEST mismatch @wave-start class=unexpected fields=[field] -> one-heal resync",
    "wave 164: host slot move=85 guest slot move=85",
    "wave 164 turn 1: guest SWITCH -> party[3]",
    "wave 164 turn 1: progress enemyHp=[49:0/413,94:410/437] playerHp=[890:1822/2065,384:1608/1715]",
    "wave 164 turn 2: replay guest reciprocally crossed cmd:164:2",
    "wave 164 turn 3: replay guest reciprocally crossed cmd:164:3",
    "wave 164 turn 4: replay guest reciprocally crossed cmd:164:4",
    "wave 164 turn 4: host SWITCH -> party[2]",
    "wave 164: reward shop owner=guest take-nonparty",
    "wave 165 turn 1: replay guest reciprocally crossed cmd:165:1",
    "wave 165: TRAINER (fixed)",
    "wave 165: host slot move=53 guest slot move=34",
    "wave 165 turn 1: progress enemyHp=[768:0/439,212:416/416] playerHp=[493:1633/1865,384:1072/1715]",
    "wave 165 turn 2: replay guest reciprocally crossed cmd:165:2",
    "wave 165 turn 3: replay guest reciprocally crossed cmd:165:3",
    "wave 165 turn 4: replay guest reciprocally crossed cmd:165:4",
    "wave 165: drained 1 milestone reward continuation(s)",
    "wave 166 turn 1: replay guest reciprocally crossed cmd:166:1",
    "wave 166: DIGEST mismatch @wave-start class=unexpected fields=[field] -> one-heal resync",
    "wave 166: host slot move=247 guest slot move=85",
    "wave 166 turn 1: guest SWITCH -> party[3]",
    "wave 166 turn 1: progress enemyHp=[947:0/397,561:343/378] playerHp=[493:1285/1865,150:1655/1725]",
    "wave 166 turn 2: replay guest reciprocally crossed cmd:166:2",
    "wave 166: drained 1 milestone reward continuation(s)",
    "wave 167 turn 1: replay guest reciprocally crossed cmd:167:1",
    "wave 167: host slot move=34 guest slot move=53",
    "wave 167 turn 1: progress enemyHp=[452:0/386,452:0/359] playerHp=[493:1285/1865,150:1655/1725]",
    "wave 167: reward shop owner=host take-nonparty",
    "wave 168 turn 1: replay guest reciprocally crossed cmd:168:1",
    "wave 168: DIGEST mismatch @wave-start class=unexpected fields=[field] -> one-heal resync",
    "wave 168: host slot move=85 guest slot move=85",
    "wave 168 turn 1: progress enemyHp=[947:0/385,947:0/405] playerHp=[493:1285/1865,150:1655/1725]",
    "wave 168: drained 1 milestone reward continuation(s)",
    "wave 169 turn 1: replay guest reciprocally crossed cmd:169:1",
    "wave 169: host slot move=247 guest slot move=34",
    "wave 169 turn 1: progress enemyHp=[844:0/389,330:0/437] playerHp=[493:1169/1865,150:1548/1725]",
    "wave 169: reward shop owner=host take-nonparty",
    "wave 170 turn 1: replay guest reciprocally crossed cmd:170:1",
    "wave 170: DIGEST mismatch @wave-start class=unexpected fields=[field] -> one-heal resync",
    "wave 170 turn 1: host SWITCH -> party[2]",
    "wave 170: host slot move=247 guest slot move=247",
    "wave 170 turn 1: progress enemyHp=[555:530/565,947:0/405] playerHp=[890:1936/2065,150:1303/1725]",
    "wave 170 turn 2: replay guest reciprocally crossed cmd:170:2",
    "wave 170: drained 1 milestone reward continuation(s)",
    "wave 171 turn 1: replay guest reciprocally crossed cmd:171:1",
    "wave 171: host slot move=34 guest slot move=247",
    "wave 171 turn 1: progress enemyHp=[954:0/397,844:0/386] playerHp=[890:1936/2065,150:1196/1725]",
    "wave 171: reward shop owner=guest leave",
    "wave 172 turn 1: replay guest reciprocally crossed cmd:172:1",
    "wave 172: host slot move=34 guest slot move=34",
    "wave 172 turn 1: progress enemyHp=[28:459/459,330:0/405] playerHp=[890:1807/2065,150:1089/1725]",
    "wave 172 turn 2: replay guest reciprocally crossed cmd:172:2",
    "wave 172: reward shop owner=host take-nonparty",
    "wave 173 turn 1: replay guest reciprocally crossed cmd:173:1",
    "wave 173 turn 1: host SWITCH -> party[2]",
    "wave 173: host slot move=34 guest slot move=53",
    "wave 173 turn 1: progress enemyHp=[694:325/325,844:0/384] playerHp=[493:1749/1865,150:875/1725]",
    "wave 173 turn 2: replay guest reciprocally crossed cmd:173:2",
    "wave 173: reward shop owner=guest leave",
    "wave 174 turn 1: replay guest reciprocally crossed cmd:174:1",
    "wave 174: host slot move=34 guest slot move=85",
    "wave 174 turn 1: guest SWITCH -> party[3]",
    "wave 174 turn 1: progress enemyHp=[330:0/429,954:384/409] playerHp=[493:1517/1865,384:1608/1715]",
    "wave 174 turn 2: replay guest reciprocally crossed cmd:174:2",
    "wave 174: reward shop owner=host take-nonparty",
    "wave 175 turn 1: replay guest reciprocally crossed cmd:175:1",
    "wave 175: DIGEST mismatch @wave-start class=unexpected fields=[field] -> one-heal resync",
    "wave 175: host slot move=247 guest slot move=53",
    "wave 175 turn 1: progress enemyHp=[450:0/523,555:0/588] playerHp=[493:1237/1865,384:1305/1715]",
    "wave 175: drained 1 milestone reward continuation(s)",
    "wave 176 turn 1: replay guest reciprocally crossed cmd:176:1",
    "wave 176: host slot move=34 guest slot move=247",
    "wave 176 turn 1: progress enemyHp=[323:0/473,207:0/391] playerHp=[493:1121/1865,384:1198/1715]",
    "wave 176: reward shop owner=host take-nonparty",
    "wave 177 turn 1: replay guest reciprocally crossed cmd:177:1",
    "wave 177: DIGEST mismatch @wave-start class=unexpected fields=[field] -> one-heal resync",
    "wave 177: host slot move=53 guest slot move=34",
    "wave 177 turn 1: guest SWITCH -> party[3]",
    "wave 177 turn 1: progress enemyHp=[450:0/542,472:455/455] playerHp=[493:1005/1865,150:1560/1725]",
    "wave 177 turn 2: replay guest reciprocally crossed cmd:177:2",
    "wave 177: drained 1 milestone reward continuation(s)",
    "wave 178 turn 1: replay guest reciprocally crossed cmd:178:1",
    "wave 178: DIGEST mismatch @wave-start class=unexpected fields=[field] -> one-heal resync",
    "wave 178: host slot move=247 guest slot move=85",
    "wave 178 turn 1: progress enemyHp=[844:0/434,561:0/439] playerHp=[493:773/1865,150:1131/1725]",
    "wave 178: drained 1 milestone reward continuation(s)",
    "wave 179 turn 1: replay guest reciprocally crossed cmd:179:1",
    "wave 179: DIGEST mismatch @wave-start class=unexpected fields=[field] -> one-heal resync",
    "wave 179: host slot move=34 guest slot move=53",
    "wave 179 turn 1: progress enemyHp=[346:0/484,555:0/547] playerHp=[493:657/1865,150:1024/1725]",
    "wave 179: drained 1 milestone reward continuation(s)",
    "wave 180 turn 1: replay guest reciprocally crossed cmd:180:1",
    "wave 180: TRAINER (random)",
    "wave 180: DIGEST mismatch @wave-start class=unexpected fields=[field] -> one-heal resync",
    "wave 180: host slot move=85 guest slot move=85",
    "wave 180 turn 1: progress enemyHp=[6059:0/566,10368:0/474] playerHp=[493:657/1865,150:1024/1725]",
    "wave 180 turn 2: replay guest reciprocally crossed cmd:180:2",
    "wave 180 turn 3: replay guest reciprocally crossed cmd:180:3",
    "wave 180 turn 4: replay guest reciprocally crossed cmd:180:4",
    "wave 180: drained 1 milestone reward continuation(s)",
    "wave 181 turn 1: replay guest reciprocally crossed cmd:181:1",
    "wave 181 turn 1: host SWITCH -> party[2]",
    "wave 181: host slot move=53 guest slot move=34",
    "wave 181 turn 1: progress enemyHp=[28:478/478,331:0/372] playerHp=[890:1936/2065,150:376/1725]",
    "wave 181 turn 2: replay guest reciprocally crossed cmd:181:2",
    "wave 181: reward shop owner=host take-nonparty",
    "wave 182 turn 1: replay guest reciprocally crossed cmd:182:1",
    "wave 182: TRAINER (fixed)",
    "wave 182: DIGEST mismatch @wave-start class=unexpected fields=[field] -> one-heal resync",
    "wave 182 turn 1: host SWITCH -> party[2]",
    "wave 182: host slot move=53 guest slot move=247",
    "wave 182 turn 1: progress enemyHp=[10072:603/603,232:0/582] playerHp=[493:1749/1865,150:0/1725]",
    "wave 182 turn 2: replay guest reciprocally crossed cmd:182:2",
    "wave 182 turn 2: guest SWITCH -> party[5]",
    "wave 182 turn 3: replay guest reciprocally crossed cmd:182:3",
    "wave 182 turn 4: replay guest reciprocally crossed cmd:182:4",
    "wave 182 turn 5: replay guest reciprocally crossed cmd:182:5",
    "wave 182: reward shop owner=guest leave",
    "wave 183 turn 1: replay guest reciprocally crossed cmd:183:1",
    "wave 183: DIGEST mismatch @wave-start class=unexpected fields=[field] -> one-heal resync",
    "wave 183: host slot move=247 guest slot move=53",
    "wave 183 turn 1: progress enemyHp=[207:0/430,954:0/476] playerHp=[493:1053/1865,888:790/1585]",
    "wave 183: reward shop owner=host leave",
    "wave 184 turn 1: replay guest reciprocally crossed cmd:184:1",
    "wave 184: TRAINER (fixed)",
    "wave 184 turn 1: host SWITCH -> party[2]",
    "wave 184: host slot move=85 guest slot move=247",
    "wave 184 turn 1: progress enemyHp=[879:662/662,462:0/489] playerHp=[890:1878/2065,888:691/1585]",
    "wave 184 turn 2: replay guest reciprocally crossed cmd:184:2",
    "wave 184 turn 3: replay guest reciprocally crossed cmd:184:3",
    "wave 184 turn 4: replay guest reciprocally crossed cmd:184:4",
    "wave 184: reward shop owner=guest take-nonparty",
    "wave 185 turn 1: replay guest reciprocally crossed cmd:185:1",
    "wave 185: host slot move=53 guest slot move=34",
    "wave 185 turn 1: progress enemyHp=[954:0/431,452:0/427] playerHp=[890:2065/2065,888:673/1585]",
    "wave 185: reward shop owner=host take-nonparty",
    "wave 186 turn 1: replay guest reciprocally crossed cmd:186:1",
    "wave 186: TRAINER (fixed)",
    "wave 186: DIGEST mismatch @wave-start class=unexpected fields=[field] -> one-heal resync",
    "wave 186: host slot move=247 guest slot move=85",
    "wave 186 turn 1: progress enemyHp=[334:0/507,962:0/523] playerHp=[890:2065/2065,888:673/1585]",
    "wave 186 turn 2: replay guest reciprocally crossed cmd:186:2",
    "wave 186 turn 2: guest SWITCH -> party[3]",
    "wave 186 turn 3: replay guest reciprocally crossed cmd:186:3",
    "wave 186 turn 4: replay guest reciprocally crossed cmd:186:4",
    "wave 186: reward shop owner=guest take-nonparty",
    "wave 187 turn 1: replay guest reciprocally crossed cmd:187:1",
    "wave 187: host slot move=53 guest slot move=53",
    "wave 187 turn 1: guest SWITCH -> party[3]",
    "wave 187 turn 1: progress enemyHp=[563:0/442,954:465/465] playerHp=[890:2065/2065,888:1585/1585]",
    "wave 187 turn 2: replay guest reciprocally crossed cmd:187:2",
    "wave 187 turn 2: guest SWITCH -> party[3]",
    "wave 187: reward shop owner=host take-nonparty",
    "wave 188 turn 1: replay guest reciprocally crossed cmd:188:1",
    "wave 188: TRAINER (fixed)",
    "wave 188: host slot move=85 guest slot move=247",
    "wave 188 turn 1: progress enemyHp=[715:0/548,691:0/557] playerHp=[890:2065/2065,150:1725/1725]",
    "wave 188 turn 2: replay guest reciprocally crossed cmd:188:2",
    "wave 188 turn 2: guest SWITCH -> party[3]",
    "wave 188 turn 3: replay guest reciprocally crossed cmd:188:3",
    "wave 188 turn 3: host SWITCH -> party[2]",
    "wave 188 turn 4: replay guest reciprocally crossed cmd:188:4",
    "wave 188 turn 4: guest SWITCH -> party[3]",
    "wave 188 turn 5: replay guest reciprocally crossed cmd:188:5",
    "wave 188: reward shop owner=guest leave",
    "wave 189 turn 1: replay guest reciprocally crossed cmd:189:1",
    "wave 189 turn 1: host SWITCH -> party[2]",
    "wave 189: host slot move=53 guest slot move=34",
    "wave 189 turn 1: guest SWITCH -> party[3]",
    "wave 189 turn 1: progress enemyHp=[954:484/484,954:487/487] playerHp=[890:2065/2065,888:1585/1585]",
    "wave 189 turn 2: replay guest reciprocally crossed cmd:189:2",
    "wave 189: reward shop owner=host leave",
    "wave 190 turn 1: replay guest reciprocally crossed cmd:190:1",
    "wave 190: TRAINER (fixed)",
    "wave 190: host slot move=247 guest slot move=85",
    "wave 190 turn 1: progress enemyHp=[970:0/559,956:0/603] playerHp=[890:2065/2065,888:1585/1585]",
    "wave 190 turn 2: replay guest reciprocally crossed cmd:190:2",
    "wave 190 turn 3: replay guest reciprocally crossed cmd:190:3",
    "wave 190 turn 4: replay guest reciprocally crossed cmd:190:4",
    "wave 190: drained 1 milestone reward continuation(s)",
    "wave 191 turn 1: replay guest reciprocally crossed cmd:191:1",
    "wave 191: DIGEST mismatch @wave-start class=unexpected fields=[field] -> one-heal resync",
    "wave 191: host slot move=34 guest slot move=53",
    "wave 191 turn 1: guest SWITCH -> party[3]",
    "wave 191 turn 1: progress enemyHp=[452:0/451,452:442/471] playerHp=[890:1877/2065,150:1618/1725]",
    "wave 191 turn 2: replay guest reciprocally crossed cmd:191:2",
    "wave 191: reward shop owner=guest leave",
    "wave 192 turn 1: replay guest reciprocally crossed cmd:192:1",
    "wave 192: host slot move=34 guest slot move=247",
    "wave 192 turn 1: progress enemyHp=[472:244/487,555:0/562] playerHp=[890:1580/2065,150:1363/1725]",
    "wave 192 turn 2: replay guest reciprocally crossed cmd:192:2",
    "wave 192 turn 2: host SWITCH -> party[2]",
    "wave 192: drained 1 milestone reward continuation(s)",
    "wave 193 turn 1: replay guest reciprocally crossed cmd:193:1",
    "wave 193 turn 1: host SWITCH -> party[2]",
    "wave 193: host slot move=53 guest slot move=34",
    "wave 193 turn 1: progress enemyHp=[331:411/411,844:0/474] playerHp=[890:1936/2065,150:1149/1725]",
    "wave 193 turn 2: replay guest reciprocally crossed cmd:193:2",
    "wave 193: reward shop owner=guest leave",
    "wave 194 turn 1: replay guest reciprocally crossed cmd:194:1",
    "wave 194: DIGEST mismatch @wave-start class=unexpected fields=[field] -> one-heal resync",
    "wave 194: host slot move=247 guest slot move=34",
    "wave 194 turn 1: progress enemyHp=[947:0/432,28:293/586] playerHp=[890:1936/2065,150:631/1725]",
    "wave 194 turn 2: replay guest reciprocally crossed cmd:194:2",
    "wave 194: drained 1 milestone reward continuation(s)",
    "wave 195 turn 1: replay guest reciprocally crossed cmd:195:1",
    "wave 195: TRAINER (fixed)",
    "wave 195: host slot move=34 guest slot move=53",
    "wave 195 turn 1: guest SWITCH -> party[3]",
    "wave 195 turn 1: progress enemyHp=[652:363/599,663:518/552] playerHp=[890:1936/2065,888:1410/1585]",
    "wave 195 turn 2: replay guest reciprocally crossed cmd:195:2",
    "wave 195 turn 2: host SWITCH -> party[2]",
    "wave 195 turn 3: replay guest reciprocally crossed cmd:195:3",
    "wave 195 turn 4: replay guest reciprocally crossed cmd:195:4",
    "wave 195 turn 4: guest SWITCH -> party[3]",
    "wave 195 turn 5: replay guest reciprocally crossed cmd:195:5",
    "wave 195 turn 6: replay guest reciprocally crossed cmd:195:6",
    "wave 195 turn 7: replay guest reciprocally crossed cmd:195:7",
    "wave 195: drained 1 milestone reward continuation(s)",
    "wave 196 turn 1: replay guest reciprocally crossed cmd:196:1",
    "wave 196: host slot move=85 guest slot move=53",
    "wave 196 turn 1: progress enemyHp=[348:0/468,85:0/510] playerHp=[493:1015/1865,150:954/1725]",
    "wave 196: drained 1 milestone reward continuation(s)",
    "wave 197 turn 1: replay guest reciprocally crossed cmd:197:1",
    "wave 197: host slot move=34 guest slot move=85",
    "wave 197 turn 1: progress enemyHp=[695:0/438,947:435/435] playerHp=[493:1015/1865,150:881/1725]",
    "wave 197 turn 2: replay guest reciprocally crossed cmd:197:2",
    "wave 197 turn 2: host SWITCH -> party[2]",
    "wave 197 turn 3: replay guest reciprocally crossed cmd:197:3",
    "wave 197 turn 4: replay guest reciprocally crossed cmd:197:4",
    "wave 197: drained 1 milestone reward continuation(s)",
    "wave 198 turn 1: replay guest reciprocally crossed cmd:198:1",
    "wave 198: DIGEST mismatch @wave-start class=unexpected fields=[field] -> one-heal resync",
    "wave 198 turn 1: host SWITCH -> party[2]",
    "wave 198: host slot move=247 guest slot move=34",
    "wave 198 turn 1: progress enemyHp=[28:603/603,330:0/525] playerHp=[493:1444/1865,150:592/1725]",
    "wave 198 turn 2: replay guest reciprocally crossed cmd:198:2",
    "wave 198: reward shop owner=host take-nonparty",
    "wave 199 turn 1: replay guest reciprocally crossed cmd:199:1",
    "wave 199: host slot move=247 guest slot move=247",
    "wave 199 turn 1: progress enemyHp=[947:0/438,450:140/613] playerHp=[493:1212/1865,150:378/1725]",
    "wave 199 turn 2: replay guest reciprocally crossed cmd:199:2",
    "wave 199 turn 2: guest SWITCH -> party[3]",
    "wave 199: reward shop owner=guest take-nonparty",
    "wave 200 turn 1: replay guest reciprocally crossed cmd:200:1",
    "wave 200: host slot move=53 guest slot move=247",
    "wave 200 turn 1: progress enemyHp=[85:316/632,346:359/656] playerHp=[493:1096/1865,888:877/1585]",
    "wave 200 turn 2: replay guest reciprocally crossed cmd:200:2",
    "wave 200 turn 3: replay guest reciprocally crossed cmd:200:3",
    "wave 200 turn 4: replay guest reciprocally crossed cmd:200:4",
    "wave 200 turn 4: host SWITCH -> party[2]",
    "wave 200 turn 5: replay guest reciprocally crossed cmd:200:5",
    "wave 200 turn 5: host SWITCH -> party[2]",
    "wave 200 turn 6: replay guest reciprocally crossed cmd:200:6",
    "wave 200 turn 7: replay guest reciprocally crossed cmd:200:7",
    "wave 200 turn 8: replay guest reciprocally crossed cmd:200:8",
    "wave 200 turn 8: guest SWITCH -> party[3]",
    "wave 200 turn 9: replay guest reciprocally crossed cmd:200:9",
    "wave 200 turn 10: replay guest reciprocally crossed cmd:200:10",
    "wave 200 turn 10: progress enemyHp=[85:1/632,346:1/656] playerHp=[493:1865/1865,888:1009/1585]",
    "wave 200 turn 11: replay guest reciprocally crossed cmd:200:11",
    "wave 200 turn 12: replay guest reciprocally crossed cmd:200:12",
    "wave 200 turn 13: replay guest reciprocally crossed cmd:200:13",
    "wave 200 turn 14: replay guest reciprocally crossed cmd:200:14",
    "wave 200 turn 15: replay guest reciprocally crossed cmd:200:15",
    "wave 200 turn 16: replay guest reciprocally crossed cmd:200:16",
    "wave 200 turn 17: replay guest reciprocally crossed cmd:200:17",
    "wave 200 turn 17: host SWITCH -> party[2]",
    "wave 200 turn 18: replay guest reciprocally crossed cmd:200:18",
    "wave 200 turn 19: replay guest reciprocally crossed cmd:200:19",
    "wave 200 turn 19: host SWITCH -> party[2]",
    "wave 200 turn 20: replay guest reciprocally crossed cmd:200:20",
    "wave 200 turn 20: host SWITCH -> party[2]",
    "wave 200 turn 20: progress enemyHp=[85:1/632,346:1/656] playerHp=[890:2065/2065,150:1581/1725]",
    "wave 200 turn 21: replay guest reciprocally crossed cmd:200:21",
    "wave 200 turn 22: replay guest reciprocally crossed cmd:200:22",
    "wave 200 turn 23: replay guest reciprocally crossed cmd:200:23",
    "wave 200 turn 24: replay guest reciprocally crossed cmd:200:24",
    "wave 200 turn 25: replay guest reciprocally crossed cmd:200:25",
    "wave 200 turn 26: replay guest reciprocally crossed cmd:200:26",
    "wave 200 turn 26: guest SWITCH -> party[3]",
    "wave 200 turn 27: replay guest reciprocally crossed cmd:200:27",
    "wave 200 turn 28: replay guest reciprocally crossed cmd:200:28",
    "wave 200 turn 28: guest SWITCH -> party[3]",
    "wave 200 turn 29: replay guest reciprocally crossed cmd:200:29",
    "wave 200 turn 30: replay guest reciprocally crossed cmd:200:30",
    "wave 200 turn 30: progress enemyHp=[85:1/632,346:1/656] playerHp=[890:1716/2065,150:0/1725]",
    "wave 200 turn 31: replay guest reciprocally crossed cmd:200:31",
    "wave 200 turn 31: host SWITCH -> party[2]",
    "wave 200 turn 32: replay guest reciprocally crossed cmd:200:32",
    "wave 200 turn 33: replay guest reciprocally crossed cmd:200:33",
    "wave 200 turn 34: replay guest reciprocally crossed cmd:200:34",
    "wave 200 turn 35: replay guest reciprocally crossed cmd:200:35",
    "wave 200 turn 36: replay guest reciprocally crossed cmd:200:36",
    "wave 200 turn 37: replay guest reciprocally crossed cmd:200:37",
    "wave 200 turn 38: replay guest reciprocally crossed cmd:200:38",
    "wave 200 turn 39: replay guest reciprocally crossed cmd:200:39",
    "wave 200 turn 40: replay guest reciprocally crossed cmd:200:40",
    "wave 200 turn 40: host SWITCH -> party[2]",
    "wave 200 turn 40: progress enemyHp=[85:1/632,346:1/656] playerHp=[890:2065/2065,150:0/1725]",
    "wave 200 turn 41: replay guest reciprocally crossed cmd:200:41",
    "wave 200 turn 42: replay guest reciprocally crossed cmd:200:42",
    "wave 200 turn 43: replay guest reciprocally crossed cmd:200:43",
    "wave 200 turn 44: replay guest reciprocally crossed cmd:200:44",
    "wave 200 turn 44: host SWITCH -> party[2]",
    "wave 200 turn 45: replay guest reciprocally crossed cmd:200:45",
    "wave 200 turn 46: replay guest reciprocally crossed cmd:200:46",
    "wave 200 turn 46: guest SWITCH -> party[3]",
    "wave 200 turn 47: replay guest reciprocally crossed cmd:200:47",
    "wave 200 turn 47: guest SWITCH -> party[3]",
    "wave 200 turn 48: replay guest reciprocally crossed cmd:200:48",
    "wave 200 turn 48: guest SWITCH -> party[3]",
    "wave 200 turn 49: replay guest reciprocally crossed cmd:200:49",
    "wave 200 turn 50: replay guest reciprocally crossed cmd:200:50",
    "wave 200 turn 50: progress enemyHp=[85:1/632,346:1/656] playerHp=[493:1811/1865,150:1072/1725]",
    "wave 200 turn 51: replay guest reciprocally crossed cmd:200:51",
    "wave 200 turn 52: replay guest reciprocally crossed cmd:200:52",
    "wave 200 turn 53: replay guest reciprocally crossed cmd:200:53",
    "wave 200 turn 53: guest SWITCH -> party[3]",
    "wave 200 turn 54: replay guest reciprocally crossed cmd:200:54",
    "wave 200 turn 55: replay guest reciprocally crossed cmd:200:55",
    "wave 200 turn 56: replay guest reciprocally crossed cmd:200:56",
    "wave 200 turn 57: replay guest reciprocally crossed cmd:200:57",
    "wave 200 turn 57: host SWITCH -> party[2]",
    "wave 200 turn 58: replay guest reciprocally crossed cmd:200:58",
    "wave 200 turn 58: host SWITCH -> party[2]",
    "wave 200 turn 59: replay guest reciprocally crossed cmd:200:59",
    "wave 200 turn 60: replay guest reciprocally crossed cmd:200:60",
    "wave 200 turn 60: progress enemyHp=[85:1/632,346:1/656] playerHp=[493:1865/1865,150:1655/1725]",
    "wave 200 turn 61: replay guest reciprocally crossed cmd:200:61"
  ]
}