{
  "invariant": "digest",
  "seed": 20260712,
  "wave": 29,
  "detail": "field - field: host=[{\"bi\":0,\"partyIndex\":0,\"speciesId\":890,\"hp\":2065,\"maxHp\":2065,\"status\":0,\"statStages\":[0,0,0,0,-1,0,0],\"fainted\":false,\"abilityId\":212,\"formIndex\":0,\"isTerastallized\":false,\"teraType\":3,\"bossSegments\":0,\"bossSegmentIndex\":0,\"moves\":[[34,0],[247,0],[53,0],[85,0]],\"tags\":[],\"transformSpeciesId\":0,\"transformFormIndex\":0},{\"bi\":1,\"partyIndex\":1,\"speciesId\":384,\"hp\":1706,\"maxHp\":1715,\"status\":0,\"statStages\":[0,0,0,0,0,0,0],\"fainted\":false,\"abilityId\":5144,\"formIndex\":0,\"isTerastallized\":false,\"teraType\":15,\"bossSegments\":0,\"bossSegmentIndex\":0,\"moves\":[[34,0],[247,0],[53,0],[85,0]],\"tags\":[],\"transformSpeciesId\":0,\"transformFormIndex\":0},{\"bi\":2,\"partyIndex\":0,\"speciesId\":72,\"hp\":55,\"maxHp\":54,\"status\":0,\"statStages\":[0,0,0,0,0,0,0],\"fainted\":false,\"abilityId\":233,\"formIndex\":0,\"isTerastallized\":false,\"teraType\":3,\"bossSegments\":2,\"bossSegmentIndex\":1,\"moves\":[[127,0],[598,0],[112,0],[513,0]],\"tags\":[],\"transformSpeciesId\":0,\"transformFormIndex\":0},{\"bi\":3,\"partyIndex\":1,\"speciesId\":940,\"hp\":56,\"maxHp\":56,\"status\":0,\"statStages\":[0,0,0,0,0,0,0],\"fainted\":false,\"abilityId\":5274,\"formIndex\":0,\"isTerastallized\":false,\"teraType\":2,\"bossSegments\":1,\"bossSegmentIndex\":0,\"moves\":[[84,0],[598,0],[268,0],[814,0]],\"tags\":[],\"transformSpeciesId\":0,\"transformFormIndex\":0}] guest=[{\"bi\":0,\"partyIndex\":0,\"speciesId\":890,\"hp\":2065,\"maxHp\":2065,\"status\":0,\"statStages\":[0,0,0,0,-1,0,0],\"fainted\":false,\"abilityId\":212,\"formIndex\":0,\"isTerastallized\":false,\"teraType\":3,\"bossSegments\":0,\"bossSegmentIndex\":0,\"moves\":[[34,0],[247,0],[53,0],[85,0]],\"tags\":[],\"transformSpeciesId\":0,\"transformFormIndex\":0},{\"bi\":1,\"partyIndex\":1,\"speciesId\":384,\"hp\":1706,\"maxHp\":1715,\"status\":0,\"statStages\":[0,0,0,0,0,0,0],\"fainted\":false,\"abilityId\":5144,\"formIndex\":0,\"isTerastallized\":false,\"teraType\":15,\"bossSegments\":0,\"bossSegmentIndex\":0,\"moves\":[[34,0],[247,0],[53,0],[85,0]],\"tags\":[],\"transformSpeciesId\":0,\"transformFormIndex\":0},{\"bi\":2,\"partyIndex\":0,\"speciesId\":72,\"hp\":54,\"maxHp\":54,\"status\":0,\"statStages\":[0,0,0,0,0,0,0],\"fainted\":false,\"abilityId\":233,\"formIndex\":0,\"isTerastallized\":false,\"teraType\":3,\"bossSegments\":2,\"bossSegmentIndex\":1,\"moves\":[[127,0],[598,0],[112,0],[513,0]],\"tags\":[],\"transformSpeciesId\":0,\"transformFormIndex\":0},{\"bi\":3,\"partyIndex\":1,\"speciesId\":940,\"hp\":56,\"maxHp\":56,\"status\":0,\"statStages\":[0,0,0,0,0,0,0],\"fainted\":false,\"abilityId\":5274,\"formIndex\":0,\"isTerastallized\":false,\"teraType\":2,\"bossSegments\":1,\"bossSegmentIndex\":0,\"moves\":[[84,0],[598,0],[268,0],[814,0]],\"tags\":[],\"transformSpeciesId\":0,\"transformFormIndex\":0}]",
  "replay": "SOAK_SEED=20260712",
  "phaseState": null,
  "actionScript": [
    "SKIP mysteryEncounterDisabledV1",
    "content seed=coop-soak-20260712 preseeded=false",
    "wave 1 turn 1: host SWITCH -> party[2]",
    "wave 1: host slot move=85 guest slot move=85",
    "wave 1 turn 1: progress enemyHp=[16:14/14,263:0/14] playerHp=[493:1865/1865,384:1715/1715]",
    "wave 1 turn 2: replay guest reciprocally crossed cmd:1:2",
    "wave 1 turn 2: host SWITCH -> party[2]",
    "wave 1: reward shop owner=host take-nonparty",
    "wave 2 turn 1: replay guest reciprocally crossed cmd:2:1",
    "wave 2: host slot move=53 guest slot move=34",
    "wave 2 turn 1: progress enemyHp=[572:0/17,270:0/16] playerHp=[890:2065/2065,384:1715/1715]",
    "wave 2: reward shop owner=guest take-nonparty",
    "wave 2: armed owner Dex Nav picks",
    "wave 3 turn 1: replay guest reciprocally crossed cmd:3:1",
    "wave 3: host slot move=85 guest slot move=85",
    "wave 3 turn 1: progress enemyHp=[187:0/16,504:0/16] playerHp=[890:2065/2065,384:1715/1715]",
    "wave 3: reward shop owner=host take-nonparty",
    "wave 4 turn 1: replay guest reciprocally crossed cmd:4:1",
    "wave 4: host slot move=85 guest slot move=53",
    "wave 4 turn 1: guest SWITCH -> party[3]",
    "wave 4 turn 1: progress enemyHp=[831:0/18,265:18/18] playerHp=[890:2065/2065,150:1725/1725]",
    "wave 4 turn 2: replay guest reciprocally crossed cmd:4:2",
    "wave 4: reward shop owner=guest take-nonparty",
    "wave 5 turn 1: replay guest reciprocally crossed cmd:5:1",
    "wave 5: TRAINER (fixed)",
    "wave 5: host slot move=247 guest slot move=85",
    "wave 5 turn 1: guest SWITCH -> party[3]",
    "wave 5 turn 1: progress enemyHp=[13:0/18,265:18/18] playerHp=[890:2064/2065,384:1714/1715]",
    "wave 5 turn 2: replay guest reciprocally crossed cmd:5:2",
    "wave 5: reward shop owner=host leave",
    "wave 6 turn 1: replay guest reciprocally crossed cmd:6:1",
    "wave 6: host slot move=34 guest slot move=85",
    "wave 6 turn 1: progress enemyHp=[824:0/19,263:0/20] playerHp=[890:2065/2065,384:1714/1715]",
    "wave 6: reward shop owner=guest leave",
    "wave 7 turn 1: replay guest reciprocally crossed cmd:7:1",
    "wave 7: host slot move=53 guest slot move=247",
    "wave 7 turn 1: progress enemyHp=[293:0/23,509:0/22] playerHp=[890:2065/2065,384:1714/1715]",
    "wave 7: reward shop owner=host take-nonparty",
    "wave 8 turn 1: replay guest reciprocally crossed cmd:8:1",
    "wave 8: TRAINER (fixed)",
    "wave 8: host slot move=34 guest slot move=53",
    "wave 8 turn 1: progress enemyHp=[906:0/24,16:0/22] playerHp=[890:2065/2065,384:1714/1715]",
    "wave 8: reward shop owner=guest take-nonparty",
    "wave 9 turn 1: replay guest reciprocally crossed cmd:9:1",
    "wave 9: host slot move=85 guest slot move=34",
    "wave 9 turn 1: progress enemyHp=[504:0/25,661:0/23] playerHp=[890:2065/2065,384:1714/1715]",
    "wave 9: reward shop owner=host take-nonparty",
    "wave 10 turn 1: replay guest reciprocally crossed cmd:10:1",
    "wave 10: host slot move=34 guest slot move=53",
    "wave 10 turn 1: progress enemyHp=[21:0/22,19:0/25] playerHp=[890:2065/2065,384:1714/1715]",
    "wave 10: drained 1 milestone reward continuation(s)",
    "wave 11 turn 1: replay guest reciprocally crossed cmd:11:1",
    "wave 11: host slot move=85 guest slot move=247",
    "wave 11 turn 1: progress enemyHp=[14:0/27,543:0/25] playerHp=[890:2064/2065,384:1714/1715]",
    "wave 11: reward shop owner=guest leave",
    "wave 12 turn 1: replay guest reciprocally crossed cmd:12:1",
    "wave 12: host slot move=85 guest slot move=53",
    "wave 12 turn 1: progress enemyHp=[831:0/31,268:0/33] playerHp=[890:2063/2065,384:1714/1715]",
    "wave 12: reward shop owner=host leave",
    "wave 13 turn 1: replay guest reciprocally crossed cmd:13:1",
    "wave 13: host slot move=247 guest slot move=85",
    "wave 13 turn 1: progress enemyHp=[509:0/35,821:32/32] playerHp=[890:2063/2065,384:1706/1715]",
    "wave 13 turn 2: replay guest reciprocally crossed cmd:13:2",
    "wave 13 turn 2: host SWITCH -> party[2]",
    "wave 13: drained 1 milestone reward continuation(s)",
    "wave 14 turn 1: replay guest reciprocally crossed cmd:14:1",
    "wave 14: host slot move=53 guest slot move=247",
    "wave 14 turn 1: progress enemyHp=[23:0/41,926:0/38] playerHp=[493:1865/1865,384:1706/1715]",
    "wave 14: drained 1 milestone reward continuation(s)",
    "wave 15 turn 1: replay guest reciprocally crossed cmd:15:1",
    "wave 15 turn 1: host SWITCH -> party[2]",
    "wave 15: host slot move=85 guest slot move=34",
    "wave 15 turn 1: progress enemyHp=[19:36/36,174:0/56] playerHp=[890:2065/2065,384:1706/1715]",
    "wave 15 turn 2: replay guest reciprocally crossed cmd:15:2",
    "wave 15: reward shop owner=guest leave",
    "wave 16 turn 1: replay guest reciprocally crossed cmd:16:1",
    "wave 16: BIOME 0->6",
    "wave 16: host slot move=34 guest slot move=53",
    "wave 16 turn 1: progress enemyHp=[320:0/45,10306:0/38] playerHp=[890:2065/2065,384:1706/1715]",
    "wave 16: reward shop owner=host leave",
    "wave 17 turn 1: replay guest reciprocally crossed cmd:17:1",
    "wave 17 turn 1: host SWITCH -> party[2]",
    "wave 17: host slot move=247 guest slot move=85",
    "wave 17 turn 1: progress enemyHp=[456:32/32,318:0/32] playerHp=[493:1865/1865,384:1706/1715]",
    "wave 17 turn 2: replay guest reciprocally crossed cmd:17:2",
    "wave 17: reward shop owner=guest leave",
    "wave 18 turn 1: replay guest reciprocally crossed cmd:18:1",
    "wave 18: host slot move=53 guest slot move=34",
    "wave 18 turn 1: progress enemyHp=[318:0/36,320:0/56] playerHp=[493:1865/1865,384:1706/1715]",
    "wave 18: reward shop owner=host take-nonparty",
    "wave 19 turn 1: replay guest reciprocally crossed cmd:19:1",
    "wave 19: host slot move=85 guest slot move=247",
    "wave 19 turn 1: progress enemyHp=[515:0/42,320:0/56] playerHp=[493:1865/1865,384:1706/1715]",
    "wave 19: reward shop owner=guest take-nonparty",
    "wave 20 turn 1: replay guest reciprocally crossed cmd:20:1",
    "wave 20: host slot move=34 guest slot move=53",
    "wave 20 turn 1: progress enemyHp=[72:0/39,686:0/40] playerHp=[493:1865/1865,384:1706/1715]",
    "wave 20: drained 1 milestone reward continuation(s)",
    "wave 21 turn 1: replay guest reciprocally crossed cmd:21:1",
    "wave 21: host slot move=247 guest slot move=85",
    "wave 21 turn 1: progress enemyHp=[686:0/43,456:0/42] playerHp=[493:1865/1865,384:1706/1715]",
    "wave 21: reward shop owner=host leave",
    "wave 22 turn 1: replay guest reciprocally crossed cmd:22:1",
    "wave 22 turn 1: host SWITCH -> party[2]",
    "wave 22: host slot move=53 guest slot move=34",
    "wave 22 turn 1: progress enemyHp=[320:60/60,60:0/44] playerHp=[890:2065/2065,384:1706/1715]",
    "wave 22 turn 2: replay guest reciprocally crossed cmd:22:2",
    "wave 22: reward shop owner=guest leave",
    "wave 23 turn 1: replay guest reciprocally crossed cmd:23:1",
    "wave 23: host slot move=85 guest slot move=247",
    "wave 23 turn 1: progress enemyHp=[72:0/43,686:0/40] playerHp=[890:2065/2065,384:1706/1715]",
    "wave 23: reward shop owner=host leave",
    "wave 24 turn 1: replay guest reciprocally crossed cmd:24:1",
    "wave 24: host slot move=34 guest slot move=53",
    "wave 24 turn 1: progress enemyHp=[456:0/42,72:0/41] playerHp=[890:2065/2065,384:1706/1715]",
    "wave 24: reward shop owner=guest leave",
    "wave 25 turn 1: replay guest reciprocally crossed cmd:25:1",
    "wave 25: TRAINER (fixed)",
    "wave 25: host slot move=247 guest slot move=34",
    "wave 25 turn 1: progress enemyHp=[907:0/57,17:0/53] playerHp=[890:2065/2065,384:1706/1715]",
    "wave 25 turn 2: replay guest reciprocally crossed cmd:25:2",
    "wave 25: reward shop owner=host leave",
    "wave 26 turn 1: replay guest reciprocally crossed cmd:26:1",
    "wave 26: TRAINER (random)",
    "wave 26: host slot move=53 guest slot move=34",
    "wave 26 turn 1: progress enemyHp=[211:0/56,72:0/47] playerHp=[890:2065/2065,384:1706/1715]",
    "wave 26: reward shop owner=guest leave",
    "wave 27 turn 1: replay guest reciprocally crossed cmd:27:1",
    "wave 27: host slot move=85 guest slot move=247",
    "wave 27 turn 1: progress enemyHp=[79:0/65,79:0/69] playerHp=[890:2065/2065,384:1706/1715]",
    "wave 27: reward shop owner=host leave",
    "wave 28 turn 1: replay guest reciprocally crossed cmd:28:1",
    "wave 28: host slot move=34 guest slot move=53",
    "wave 28 turn 1: progress enemyHp=[72:0/54,320:0/88] playerHp=[890:2065/2065,384:1706/1715]",
    "wave 28: reward shop owner=guest leave",
    "wave 29 turn 1: replay guest reciprocally crossed cmd:29:1",
    "wave 29: DIGEST mismatch @wave-start class=unexpected fields=[field] -> one-heal resync"
  ]
}