===== COOP SOAK RESULT =====
profile: god
verdict: FAIL
waves_requested: 150
run: 30070714278 (main)
timestamp: 2026-07-24T06-00-31Z

----- driver lines -----
[22m[39m[coop-soak] SEED=20260724 WAVES=150 - replay this run with:  SOAK_SEED=20260724 SOAK_WAVES=150 ER_SCENARIO=1 npx vitest run test/tests/elite-redux/coop/coop-soak.test.ts
[31m[1mSoakInvariantError[22m: [coop-soak] NO-PARK invariant breached at wave 140 (seed 20260724): wave driving threw (strand/stall): client phase drive to guest command 140:2 HANG on TitlePhase; queued=[], ui=TITLE. Artifact + both logs: /home/runner/work/elite-redux/elite-redux/dev-logs/coop-soak/2026-07-24T06-00-18-612Z__seed-20260724__wave-140. Replay: SOAK_SEED=20260724[39m

----- vitest result tail -----
[90mstdout[2m | test/tests/elite-redux/coop/coop-soak.test.ts[2m:280:3[22m[2m[2m > [22m[2mNIGHTLY co-op SOAK: seeded randomized two-engine run (#841)[2m > [22m[2mretained wave boundary keeps one X Attack exact on both clients through natural expiry without recovery
[22m[39m[coop:session] coopAuthoritativeGuestPredicate INSTALLED
[coop:launch] clearCoopRuntime role=host netcode=authoritative gen->5
[coop:stream] streamer DISPOSE: cancel pending(turns=0 enemyParty=0 meBattle=0 stateSync=0) + null-out all handlers
[coop:relay] dispose() (no in-flight waiters)
[coop:pump] end session { seq: -1, termSeq: -1, wasOwner: false }
[coop:transport] state host disconnected -> closed
[coop:turn] host recorder: CLEAR (null-out) live emitter (was=false)
[coop:session] coopAuthoritativeGuestPredicate CLEARED (-> solo/host/lockstep reads false)

[90mstdout[2m | test/tests/elite-redux/coop/coop-soak.test.ts[2m:280:3[22m[2m[2m > [22m[2mNIGHTLY co-op SOAK: seeded randomized two-engine run (#841)[2m > [22m[2mretained wave boundary keeps one X Attack exact on both clients through natural expiry without recovery
[22m[39m[2m> [22m[30m[48;2;193;98;222m Test finished! [49m[39m
    Name: [38;2;0;136;134mNIGHTLY co-op SOAK: seeded randomized two-engine run (#841) > retained wave boundary keeps one X Attack exact on both clients through natural expiry without recovery[39m
    Result: [32m[1m✓ Passed[22m[39m [2min[22m [33m13133[39m[2mms[22m
    File: [38;2;210;155;14melite-redux/test/tests/elite-redux/coop/coop-soak.test.ts:280:3[39m

[33m[39m[32m·[39m

[31m⎯⎯⎯⎯⎯⎯⎯[39m[1m[41m Failed Tests 1 [49m[22m[31m⎯⎯⎯⎯⎯⎯⎯[39m

[41m[1m FAIL [22m[49m [30m[45m main [49m[39m test/tests/elite-redux/coop/coop-soak.test.ts[2m:156:3[22m[2m > [22mNIGHTLY co-op SOAK: seeded randomized two-engine run (#841)[2m > [22mplays a seeded randomized co-op run asserting DIGEST/LOCKSTEP/NO-PARK/TEARDOWN each wave
[31m[1mSoakInvariantError[22m: [coop-soak] NO-PARK invariant breached at wave 140 (seed 20260724): wave driving threw (strand/stall): client phase drive to guest command 140:2 HANG on TitlePhase; queued=[], ui=TITLE. Artifact + both logs: /home/runner/work/elite-redux/elite-redux/dev-logs/coop-soak/2026-07-24T06-00-18-612Z__seed-20260724__wave-140. Replay: SOAK_SEED=20260724[39m
[36m [2m❯[22m fail test/tools/coop-soak-driver.ts:[2m1622:11[22m[39m
    [90m1620|[39m       phaseState: phaseStateDump(rig),
    [90m1621|[39m     });
    [90m1622|[39m     throw new SoakInvariantError(invariant, seed, wave, detail, dir);
    [90m   |[39m           [31m^[39m
    [90m1623|[39m   };
    [90m1624|[39m
[90m [2m❯[22m runCoopSoak test/tools/coop-soak-driver.ts:[2m4379:7[22m[39m
[90m [2m❯[22m test/tests/elite-redux/coop/coop-soak.test.ts:[2m175:22[22m[39m

[31m[2m⎯⎯⎯⎯⎯⎯⎯⎯⎯⎯⎯⎯⎯⎯⎯⎯⎯⎯⎯⎯⎯⎯⎯⎯[1/1]⎯[22m[39m


[2m Test Files [22m [1m[31m1 failed[39m[22m[90m (1)[39m
[2m      Tests [22m [1m[31m1 failed[39m[22m[2m | [22m[1m[32m1 passed[39m[22m[90m (2)[39m
[2m   Start at [22m 05:54:55
[2m   Duration [22m 336.64s[2m (transform 16.77s, setup 20.36s, import 217ms, tests 315.45s, environment 490ms)[22m

