{
  "invariant": "no-park",
  "seed": 20260724,
  "wave": 140,
  "detail": "wave driving threw (strand/stall): client phase drive to guest command 140:2 HANG on TitlePhase; queued=[], ui=TITLE",
  "replay": "SOAK_SEED=20260724",
  "phaseState": {
    "hostPhase": "CommandPhase",
    "guestPhase": "TitlePhase",
    "hostInteractionCounter": 165,
    "guestInteractionCounter": 165,
    "hostWave": 140,
    "hostBattleType": 0,
    "hostPlayerField": [
      {
        "id": 3276815760,
        "battlerIndex": -1,
        "speciesId": 890,
        "speciesName": "Eternatus",
        "hp": 2065,
        "maxHp": 2065,
        "fainted": false,
        "status": 0,
        "statStages": [
          0,
          0,
          0,
          0,
          0,
          0,
          0
        ],
        "moves": [
          {
            "id": 34,
            "ppUsed": 1
          },
          {
            "id": 247,
            "ppUsed": 0
          },
          {
            "id": 53,
            "ppUsed": 0
          },
          {
            "id": 85,
            "ppUsed": 0
          }
        ],
        "coopOwner": "host"
      },
      {
        "id": 3629998900,
        "battlerIndex": -1,
        "speciesId": 384,
        "speciesName": "Rayquaza",
        "hp": 1674,
        "maxHp": 1715,
        "fainted": false,
        "status": 0,
        "statStages": [
          0,
          0,
          0,
          0,
          0,
          0,
          0
        ],
        "moves": [
          {
            "id": 34,
            "ppUsed": 0
          },
          {
            "id": 247,
            "ppUsed": 0
          },
          {
            "id": 53,
            "ppUsed": 1
          },
          {
            "id": 85,
            "ppUsed": 0
          }
        ],
        "coopOwner": "guest"
      }
    ],
    "hostEnemyField": [
      {
        "id": 867455718,
        "battlerIndex": -1,
        "speciesId": 379,
        "speciesName": "Registeel",
        "hp": 199,
        "maxHp": 353,
        "fainted": false,
        "status": 0,
        "statStages": [
          0,
          0,
          0,
          0,
          0,
          0,
          0
        ],
        "moves": [
          {
            "id": 859,
            "ppUsed": 0
          },
          {
            "id": 748,
            "ppUsed": 0
          },
          {
            "id": 796,
            "ppUsed": 1
          },
          {
            "id": 800,
            "ppUsed": 0
          }
        ]
      },
      {
        "id": 4275117979,
        "battlerIndex": -1,
        "speciesId": 379,
        "speciesName": "Registeel",
        "hp": 0,
        "maxHp": 367,
        "fainted": true,
        "status": 7,
        "statStages": [
          0,
          0,
          0,
          0,
          0,
          0,
          0
        ],
        "moves": [
          {
            "id": 309,
            "ppUsed": 0
          },
          {
            "id": 796,
            "ppUsed": 0
          },
          {
            "id": 475,
            "ppUsed": 0
          },
          {
            "id": 276,
            "ppUsed": 0
          }
        ]
      }
    ],
    "guestPlayerField": [],
    "guestEnemyField": []
  },
  "actionScript": [
    "SKIP mysteryEncounterDisabledV1",
    "content seed=coop-soak-20260724 preseeded=false",
    "wave 1 turn 1: replay guest crossed cmd:1:1 through real public COMMAND=opened",
    "wave 1: host slot move=85 guest slot move=34",
    "wave 1 turn 1: guest SWITCH -> party[3]",
    "wave 1 turn 1: progress enemyHp=[16:0/14,263:14/14] playerHp=[890:2065/2065,150:1723/1725]",
    "wave 1 turn 2: replay guest crossed cmd:1:2 through real public COMMAND=opened",
    "wave 1 turn 2: host SWITCH -> party[2]",
    "wave 1: reward shop owner=host leave",
    "wave 2 turn 1: replay guest crossed cmd:2:1 through real public COMMAND=opened",
    "wave 2: host slot move=85 guest slot move=85",
    "wave 2 turn 1: progress enemyHp=[263:0/14,734:0/14] playerHp=[493:1865/1865,150:1723/1725]",
    "wave 2: reward shop owner=guest leave",
    "wave 3 turn 1: replay guest crossed cmd:3:1 through real public COMMAND=opened",
    "wave 3: host slot move=85 guest slot move=34",
    "wave 3 turn 1: progress enemyHp=[415:0/18,734:0/16] playerHp=[493:1865/1865,150:1723/1725]",
    "wave 3: reward shop owner=host leave",
    "wave 4 turn 1: replay guest crossed cmd:4:1 through real public COMMAND=opened",
    "wave 4: host slot move=85 guest slot move=34",
    "wave 4 turn 1: progress enemyHp=[21:0/16,915:0/19] playerHp=[493:1865/1865,150:1723/1725]",
    "wave 4: reward shop owner=guest leave",
    "wave 5 turn 1: replay guest crossed cmd:5:1 through real public COMMAND=opened",
    "wave 5: TRAINER (fixed)",
    "wave 5: host slot move=34 guest slot move=85",
    "wave 5 turn 1: progress enemyHp=[399:0/20,19:0/17] playerHp=[493:1865/1865,150:1723/1725]",
    "wave 5: reward shop owner=host leave",
    "wave 5: guest chose Crossroads Leave through public UI",
    "wave 5: guest drove World Map via public UI=true and both consumed 1827709458752153:1:BIOME_PICK:9700005",
    "wave 6 turn 1: replay guest crossed cmd:6:1 through real public COMMAND=opened",
    "wave 6: BIOME 0->1",
    "wave 6: host slot move=53 guest slot move=85",
    "wave 6 turn 1: progress enemyHp=[41:0/20,108:0/25] playerHp=[493:1865/1865,150:1723/1725]",
    "wave 6: reward shop owner=host leave",
    "wave 7 turn 1: replay guest crossed cmd:7:1 through real public COMMAND=opened",
    "wave 7: host slot move=85 guest slot move=34",
    "wave 7 turn 1: progress enemyHp=[261:0/20,21:0/20] playerHp=[493:1865/1865,150:1723/1725]",
    "wave 7: reward shop owner=guest leave",
    "wave 8 turn 1: replay guest crossed cmd:8:1 through real public COMMAND=opened",
    "wave 8: TRAINER (fixed)",
    "wave 8: host slot move=34 guest slot move=53",
    "wave 8 turn 1: guest SWITCH -> party[3]",
    "wave 8 turn 1: progress enemyHp=[4:0/25,276:22/22] playerHp=[493:1865/1865,384:1709/1715]",
    "wave 8 turn 2: replay guest crossed cmd:8:2 through real public COMMAND=opened",
    "wave 8: reward shop owner=host leave",
    "wave 9 turn 1: replay guest crossed cmd:9:1 through real public COMMAND=opened",
    "wave 9: host slot move=53 guest slot move=53",
    "wave 9 turn 1: progress enemyHp=[915:0/26,399:0/28] playerHp=[493:1865/1865,384:1709/1715]",
    "wave 9: reward shop owner=guest take-nonparty",
    "wave 10 turn 1: replay guest crossed cmd:10:1 through real public COMMAND=opened",
    "wave 10: host slot move=85 guest slot move=53",
    "wave 10 turn 1: progress enemyHp=[399:0/28,83:0/26] playerHp=[493:1865/1865,384:1709/1715]",
    "wave 10: biome market owner=host leave",
    "wave 10: drained 1 milestone reward continuation(s)",
    "wave 10: guest chose Crossroads Leave through public UI",
    "wave 10: guest drove World Map via public UI=true and both consumed 1827709458752153:1:BIOME_PICK:9700011",
    "wave 11 turn 1: replay guest crossed cmd:11:1 through real public COMMAND=opened",
    "wave 11: BIOME 1->2",
    "wave 11: host slot move=85 guest slot move=247",
    "wave 11 turn 1: progress enemyHp=[548:0/25,543:0/23] playerHp=[493:1865/1865,384:1715/1715]",
    "wave 11: reward shop owner=host take-nonparty",
    "wave 12 turn 1: replay guest crossed cmd:12:1 through real public COMMAND=opened",
    "wave 12: host slot move=34 guest slot move=53",
    "wave 12 turn 1: guest SWITCH -> party[3]",
    "wave 12 turn 1: progress enemyHp=[546:0/26,268:26/26] playerHp=[493:1865/1865,150:1723/1725]",
    "wave 12 turn 2: replay guest crossed cmd:12:2 through real public COMMAND=opened",
    "wave 12: reward shop owner=guest leave",
    "wave 13 turn 1: replay guest crossed cmd:13:1 through real public COMMAND=opened",
    "wave 13: host slot move=247 guest slot move=85",
    "wave 13 turn 1: progress enemyHp=[273:0/28,546:0/26] playerHp=[493:1865/1865,150:1723/1725]",
    "wave 13: reward shop owner=host take-nonparty",
    "wave 14 turn 1: replay guest crossed cmd:14:1 through real public COMMAND=opened",
    "wave 14: host slot move=53 guest slot move=34",
    "wave 14 turn 1: progress enemyHp=[548:0/29,543:0/25] playerHp=[493:1865/1865,150:1723/1725]",
    "wave 14: reward shop owner=guest take-nonparty",
    "wave 15 turn 1: replay guest crossed cmd:15:1 through real public COMMAND=opened",
    "wave 15: host slot move=85 guest slot move=247",
    "wave 15 turn 1: progress enemyHp=[548:0/29,387:0/32] playerHp=[493:1865/1865,150:1723/1725]",
    "wave 15: reward shop owner=host take-nonparty",
    "wave 15: guest chose Crossroads Leave through public UI",
    "wave 15: guest drove World Map via public UI=true and both consumed 1827709458752153:1:BIOME_PICK:9700017",
    "wave 16 turn 1: replay guest crossed cmd:16:1 through real public COMMAND=opened",
    "wave 16: BIOME 2->3",
    "wave 16: host slot move=34 guest slot move=53",
    "wave 16 turn 1: progress enemyHp=[43:0/32,43:0/34] playerHp=[493:1865/1865,150:1723/1725]",
    "wave 16: reward shop owner=host leave",
    "wave 17 turn 1: replay guest crossed cmd:17:1 through real public COMMAND=opened",
    "wave 17 turn 1: host SWITCH -> party[2]",
    "wave 17: host slot move=34 guest slot move=85",
    "wave 17 turn 1: guest SWITCH -> party[3]",
    "wave 17 turn 1: progress enemyHp=[401:32/32,43:34/34] playerHp=[890:2065/2065,384:1713/1715]",
    "wave 17 turn 2: replay guest crossed cmd:17:2 through real public COMMAND=opened",
    "wave 17: reward shop owner=guest leave",
    "wave 18 turn 1: replay guest crossed cmd:18:1 through real public COMMAND=opened",
    "wave 18: TRAINER (random)",
    "wave 18: host slot move=53 guest slot move=34",
    "wave 18 turn 1: progress enemyHp=[458:0/34,44:0/37] playerHp=[890:2065/2065,384:1713/1715]",
    "wave 18 turn 2: replay guest crossed cmd:18:2 through real public COMMAND=opened",
    "wave 18: reward shop owner=host take-nonparty",
    "wave 19 turn 1: replay guest crossed cmd:19:1 through real public COMMAND=opened",
    "wave 19: host slot move=85 guest slot move=247",
    "wave 19 turn 1: progress enemyHp=[167:0/37,167:0/37] playerHp=[890:2065/2065,384:1713/1715]",
    "wave 19: reward shop owner=guest take-nonparty",
    "wave 20 turn 1: replay guest crossed cmd:20:1 through real public COMMAND=opened",
    "wave 20: host slot move=34 guest slot move=34",
    "wave 20 turn 1: progress enemyHp=[152:0/43,290:37/37] playerHp=[890:2065/2065,384:1711/1715]",
    "wave 20 turn 2: replay guest crossed cmd:20:2 through real public COMMAND=opened",
    "wave 20 turn 2: host SWITCH -> party[2]",
    "wave 20: biome market owner=host leave",
    "wave 20: drained 1 milestone reward continuation(s)",
    "wave 20: guest chose Crossroads Leave through public UI",
    "wave 20: guest drove World Map via public UI=true and both consumed 1827709458752153:1:BIOME_PICK:9700023",
    "wave 21 turn 1: replay guest crossed cmd:21:1 through real public COMMAND=opened",
    "wave 21: BIOME 3->5",
    "wave 21 turn 1: host SWITCH -> party[2]",
    "wave 21: host slot move=247 guest slot move=85",
    "wave 21 turn 1: progress enemyHp=[204:42/42,412:0/41] playerHp=[890:2065/2065,384:1715/1715]",
    "wave 21 turn 2: replay guest crossed cmd:21:2 through real public COMMAND=opened",
    "wave 21: reward shop owner=host leave",
    "wave 22 turn 1: replay guest crossed cmd:22:1 through real public COMMAND=opened",
    "wave 22: host slot move=53 guest slot move=34",
    "wave 22 turn 1: progress enemyHp=[167:0/39,285:0/42] playerHp=[890:2065/2065,384:1715/1715]",
    "wave 22: reward shop owner=guest take-nonparty",
    "wave 23 turn 1: replay guest crossed cmd:23:1 through real public COMMAND=opened",
    "wave 23: host slot move=85 guest slot move=247",
    "wave 23 turn 1: guest SWITCH -> party[3]",
    "wave 23 turn 1: progress enemyHp=[285:0/45,15:46/46] playerHp=[890:2065/2065,150:1725/1725]",
    "wave 23 turn 2: replay guest crossed cmd:23:2 through real public COMMAND=opened",
    "wave 23: reward shop owner=host take-nonparty",
    "wave 24 turn 1: replay guest crossed cmd:24:1 through real public COMMAND=opened",
    "wave 24: host slot move=34 guest slot move=53",
    "wave 24 turn 1: progress enemyHp=[650:0/48,586:0/53] playerHp=[890:2065/2065,150:1725/1725]",
    "wave 24: reward shop owner=guest take-nonparty",
    "wave 25 turn 1: replay guest crossed cmd:25:1 through real public COMMAND=opened",
    "wave 25: TRAINER (fixed)",
    "wave 25 turn 1: host SWITCH -> party[2]",
    "wave 25: host slot move=247 guest slot move=34",
    "wave 25 turn 1: guest SWITCH -> party[3]",
    "wave 25 turn 1: progress enemyHp=[5:56/56,276:44/45] playerHp=[493:1865/1865,384:1709/1715]",
    "wave 25 turn 2: replay guest crossed cmd:25:2 through real public COMMAND=opened",
    "wave 25 turn 3: replay guest crossed cmd:25:3 through real public COMMAND=opened",
    "wave 25 turn 3: guest SWITCH -> party[3]",
    "wave 25: reward shop owner=host leave",
    "wave 25: guest chose Crossroads Leave through public UI",
    "wave 25: guest drove World Map via public UI=true and both consumed 1827709458752153:1:BIOME_PICK:9700029",
    "wave 26 turn 1: replay guest crossed cmd:26:1 through real public COMMAND=opened",
    "wave 26: BIOME 5->27",
    "wave 26: host slot move=34 guest slot move=34",
    "wave 26 turn 1: progress enemyHp=[190:0/55,541:0/50] playerHp=[493:1515/1865,150:1725/1725]",
    "wave 26: reward shop owner=host leave",
    "wave 26: drained 1 milestone reward continuation(s)",
    "wave 27 turn 1: replay guest crossed cmd:27:1 through real public COMMAND=opened",
    "wave 27: host slot move=85 guest slot move=247",
    "wave 27 turn 1: guest SWITCH -> party[3]",
    "wave 27 turn 1: progress enemyHp=[415:0/50,595:51/51] playerHp=[493:1631/1865,384:1714/1715]",
    "wave 27 turn 2: replay guest crossed cmd:27:2 through real public COMMAND=opened",
    "wave 27 turn 2: host SWITCH -> party[2]",
    "wave 27: reward shop owner=guest leave",
    "wave 28 turn 1: replay guest crossed cmd:28:1 through real public COMMAND=opened",
    "wave 28: host slot move=34 guest slot move=53",
    "wave 28 turn 1: progress enemyHp=[590:0/66,870:0/64] playerHp=[890:2065/2065,384:1714/1715]",
    "wave 28: reward shop owner=host leave",
    "wave 28: drained 1 milestone reward continuation(s)",
    "wave 29 turn 1: replay guest crossed cmd:29:1 through real public COMMAND=opened",
    "wave 29: host slot move=247 guest slot move=53",
    "wave 29 turn 1: progress enemyHp=[415:0/52,732:0/55] playerHp=[890:2065/2065,384:1714/1715]",
    "wave 29: reward shop owner=guest leave",
    "wave 30 turn 1: replay guest crossed cmd:30:1 through real public COMMAND=opened",
    "wave 30: TRAINER (random)",
    "wave 30: host slot move=53 guest slot move=34",
    "wave 30 turn 1: progress enemyHp=[69:0/67,188:0/60] playerHp=[890:2065/2065,384:1714/1715]",
    "wave 30 turn 2: replay guest crossed cmd:30:2 through real public COMMAND=opened",
    "wave 30: biome market owner=host leave",
    "wave 30: drained 1 milestone reward continuation(s)",
    "wave 30: guest chose Crossroads Leave through public UI",
    "wave 30: guest drove World Map via public UI=true and both consumed 1827709458752153:1:BIOME_PICK:9700035",
    "wave 31 turn 1: replay guest crossed cmd:31:1 through real public COMMAND=opened",
    "wave 31: BIOME 27->29",
    "wave 31: host slot move=247 guest slot move=247",
    "wave 31 turn 1: progress enemyHp=[10440:62/62,433:0/51] playerHp=[890:2065/2065,384:1713/1715]",
    "wave 31 turn 2: replay guest crossed cmd:31:2 through real public COMMAND=opened",
    "wave 31: reward shop owner=host leave",
    "wave 31: drained 1 milestone reward continuation(s)",
    "wave 32 turn 1: replay guest crossed cmd:32:1 through real public COMMAND=opened",
    "wave 32: host slot move=247 guest slot move=53",
    "wave 32 turn 1: progress enemyHp=[679:0/56,433:0/54] playerHp=[890:2065/2065,384:1713/1715]",
    "wave 32: reward shop owner=guest leave",
    "wave 32: drained 1 milestone reward continuation(s)",
    "wave 33 turn 1: replay guest crossed cmd:33:1 through real public COMMAND=opened",
    "wave 33: host slot move=85 guest slot move=53",
    "wave 33 turn 1: progress enemyHp=[562:0/53,622:0/59] playerHp=[890:2065/2065,384:1713/1715]",
    "wave 33: reward shop owner=host take-nonparty",
    "wave 34 turn 1: replay guest crossed cmd:34:1 through real public COMMAND=opened",
    "wave 34 turn 1: host SWITCH -> party[2]",
    "wave 34: host slot move=53 guest slot move=247",
    "wave 34 turn 1: progress enemyHp=[562:53/53,451:0/62] playerHp=[493:1865/1865,384:1713/1715]",
    "wave 34 turn 2: replay guest crossed cmd:34:2 through real public COMMAND=opened",
    "wave 34: reward shop owner=guest take-nonparty",
    "wave 35 turn 1: replay guest crossed cmd:35:1 through real public COMMAND=opened",
    "wave 35: TRAINER (fixed)",
    "wave 35: host slot move=247 guest slot move=247",
    "wave 35 turn 1: progress enemyHp=[552:0/70,600:1/70] playerHp=[493:1858/1865,384:1713/1715]",
    "wave 35 turn 2: replay guest crossed cmd:35:2 through real public COMMAND=opened",
    "wave 35 turn 2: guest SWITCH -> party[3]",
    "wave 35: reward shop owner=host take-nonparty",
    "wave 35: guest chose Crossroads Leave through public UI",
    "wave 35: guest drove World Map via public UI=true and both consumed 1827709458752153:1:BIOME_PICK:9700041",
    "wave 36 turn 1: replay guest crossed cmd:36:1 through real public COMMAND=opened",
    "wave 36: BIOME 29->14",
    "wave 36: host slot move=85 guest slot move=34",
    "wave 36 turn 1: guest SWITCH -> party[3]",
    "wave 36 turn 1: progress enemyHp=[946:0/60,84:72/72] playerHp=[493:1742/1865,384:1603/1715]",
    "wave 36 turn 2: replay guest crossed cmd:36:2 through real public COMMAND=opened",
    "wave 36: reward shop owner=host leave",
    "wave 36: drained 1 milestone reward continuation(s)",
    "wave 37 turn 1: replay guest crossed cmd:37:1 through real public COMMAND=opened",
    "wave 37: host slot move=53 guest slot move=247",
    "wave 37 turn 1: progress enemyHp=[28:90/90,28:0/90] playerHp=[493:1510/1865,384:1389/1715]",
    "wave 37 turn 2: replay guest crossed cmd:37:2 through real public COMMAND=opened",
    "wave 37: reward shop owner=guest take-nonparty",
    "wave 38 turn 1: replay guest crossed cmd:38:1 through real public COMMAND=opened",
    "wave 38 turn 1: host SWITCH -> party[2]",
    "wave 38: host slot move=247 guest slot move=34",
    "wave 38 turn 1: guest SWITCH -> party[3]",
    "wave 38 turn 1: progress enemyHp=[449:76/76,694:59/62] playerHp=[890:2065/2065,150:1614/1725]",
    "wave 38 turn 2: replay guest crossed cmd:38:2 through real public COMMAND=opened",
    "wave 38: reward shop owner=host take-nonparty",
    "wave 39 turn 1: replay guest crossed cmd:39:1 through real public COMMAND=opened",
    "wave 39: host slot move=34 guest slot move=53",
    "wave 39 turn 1: progress enemyHp=[449:0/76,329:0/67] playerHp=[890:2065/2065,150:1400/1725]",
    "wave 39: reward shop owner=guest take-nonparty",
    "wave 40 turn 1: replay guest crossed cmd:40:1 through real public COMMAND=opened",
    "wave 40: host slot move=34 guest slot move=34",
    "wave 40 turn 1: progress enemyHp=[554:0/88,449:0/90] playerHp=[890:2065/2065,150:1400/1725]",
    "wave 40: biome market owner=host leave",
    "wave 40: drained 1 milestone reward continuation(s)",
    "wave 40: guest chose Crossroads Leave through public UI",
    "wave 40: guest drove World Map via public UI=true and both consumed 1827709458752153:1:BIOME_PICK:9700047",
    "wave 41 turn 1: replay guest crossed cmd:41:1 through real public COMMAND=opened",
    "wave 41: BIOME 14->22",
    "wave 41: host slot move=247 guest slot move=85",
    "wave 41 turn 1: progress enemyHp=[605:0/75,561:0/78] playerHp=[890:2065/2065,150:1725/1725]",
    "wave 41: reward shop owner=host leave",
    "wave 42 turn 1: replay guest crossed cmd:42:1 through real public COMMAND=opened",
    "wave 42: host slot move=85 guest slot move=34",
    "wave 42 turn 1: progress enemyHp=[177:0/69,96:0/77] playerHp=[890:2065/2065,150:1725/1725]",
    "wave 42: reward shop owner=guest take-nonparty",
    "wave 43 turn 1: replay guest crossed cmd:43:1 through real public COMMAND=opened",
    "wave 43: host slot move=247 guest slot move=247",
    "wave 43 turn 1: guest SWITCH -> party[3]",
    "wave 43 turn 1: progress enemyHp=[958:0/85,201:81/81] playerHp=[890:2065/2065,384:1715/1715]",
    "wave 43 turn 2: replay guest crossed cmd:43:2 through real public COMMAND=opened",
    "wave 43 turn 2: host SWITCH -> party[2]",
    "wave 43 turn 2: guest SWITCH -> party[3]",
    "wave 43 turn 3: replay guest crossed cmd:43:3 through real public COMMAND=opened",
    "wave 43: reward shop owner=host leave",
    "wave 44 turn 1: replay guest crossed cmd:44:1 through real public COMMAND=opened",
    "wave 44: host slot move=34 guest slot move=53",
    "wave 44 turn 1: progress enemyHp=[177:0/66,201:0/84] playerHp=[493:1865/1865,150:1725/1725]",
    "wave 44: reward shop owner=guest take-nonparty",
    "wave 45 turn 1: replay guest crossed cmd:45:1 through real public COMMAND=opened",
    "wave 45: host slot move=34 guest slot move=85",
    "wave 45 turn 1: guest SWITCH -> party[3]",
    "wave 45 turn 1: progress enemyHp=[201:0/84,177:66/66] playerHp=[493:1865/1865,384:1715/1715]",
    "wave 45 turn 2: replay guest crossed cmd:45:2 through real public COMMAND=opened",
    "wave 45 turn 2: host SWITCH -> party[2]",
    "wave 45: reward shop owner=host take-nonparty",
    "wave 45: guest chose Crossroads Leave through public UI",
    "wave 45: guest drove World Map via public UI=true and both consumed 1827709458752153:1:BIOME_PICK:9700053",
    "wave 46 turn 1: replay guest crossed cmd:46:1 through real public COMMAND=opened",
    "wave 46: BIOME 22->11",
    "wave 46: host slot move=53 guest slot move=34",
    "wave 46 turn 1: guest SWITCH -> party[3]",
    "wave 46 turn 1: progress enemyHp=[525:0/94,304:74/74] playerHp=[890:2065/2065,150:1721/1725]",
    "wave 46 turn 2: replay guest crossed cmd:46:2 through real public COMMAND=opened",
    "wave 46: reward shop owner=host take-nonparty",
    "wave 47 turn 1: replay guest crossed cmd:47:1 through real public COMMAND=opened",
    "wave 47: host slot move=85 guest slot move=247",
    "wave 47 turn 1: progress enemyHp=[22:0/90,629:0/91] playerHp=[890:2065/2065,150:1721/1725]",
    "wave 47: reward shop owner=guest leave",
    "wave 48 turn 1: replay guest crossed cmd:48:1 through real public COMMAND=opened",
    "wave 48: host slot move=34 guest slot move=53",
    "wave 48 turn 1: progress enemyHp=[177:0/77,672:0/91] playerHp=[890:2065/2065,150:1721/1725]",
    "wave 48: reward shop owner=host leave",
    "wave 49 turn 1: replay guest crossed cmd:49:1 through real public COMMAND=opened",
    "wave 49: host slot move=53 guest slot move=53",
    "wave 49 turn 1: progress enemyHp=[112:0/119,111:0/106] playerHp=[890:2065/2065,150:1721/1725]",
    "wave 49: reward shop owner=guest leave",
    "wave 50 turn 1: replay guest crossed cmd:50:1 through real public COMMAND=opened",
    "wave 50: host slot move=53 guest slot move=85",
    "wave 50 turn 1: guest SWITCH -> party[3]",
    "wave 50 turn 1: progress enemyHp=[630:0/150,17:92/92] playerHp=[890:2065/2065,384:1711/1715]",
    "wave 50 turn 2: replay guest crossed cmd:50:2 through real public COMMAND=opened",
    "wave 50: biome market owner=host leave",
    "wave 50: drained 1 milestone reward continuation(s)",
    "wave 50: guest chose Crossroads Leave through public UI",
    "wave 50: guest drove World Map via public UI=true and both consumed 1827709458752153:1:BIOME_PICK:9700059",
    "wave 51 turn 1: replay guest crossed cmd:51:1 through real public COMMAND=opened",
    "wave 51: BIOME 11->18",
    "wave 51: host slot move=85 guest slot move=34",
    "wave 51 turn 1: progress enemyHp=[758:0/103,136:0/119] playerHp=[890:2065/2065,384:1715/1715]",
    "wave 51: reward shop owner=host leave",
    "wave 51: drained 1 milestone reward continuation(s)",
    "wave 52 turn 1: replay guest crossed cmd:52:1 through real public COMMAND=opened",
    "wave 52 turn 1: host SWITCH -> party[2]",
    "wave 52: host slot move=34 guest slot move=53",
    "wave 52 turn 1: progress enemyHp=[838:106/106,839:0/136] playerHp=[493:1744/1865,384:1715/1715]",
    "wave 52 turn 2: replay guest crossed cmd:52:2 through real public COMMAND=opened",
    "wave 52 turn 2: guest SWITCH -> party[3]",
    "wave 52: reward shop owner=guest leave",
    "wave 52: drained 1 milestone reward continuation(s)",
    "wave 53 turn 1: replay guest crossed cmd:53:1 through real public COMMAND=opened",
    "wave 53: host slot move=34 guest slot move=85",
    "wave 53 turn 1: progress enemyHp=[219:0/97,325:0/92] playerHp=[493:1512/1865,150:1725/1725]",
    "wave 53: reward shop owner=host leave",
    "wave 54 turn 1: replay guest crossed cmd:54:1 through real public COMMAND=opened",
    "wave 54: host slot move=85 guest slot move=34",
    "wave 54 turn 1: progress enemyHp=[467:0/113,815:0/117] playerHp=[493:1396/1865,150:1725/1725]",
    "wave 54: reward shop owner=guest leave",
    "wave 54: drained 1 milestone reward continuation(s)",
    "wave 55 turn 1: replay guest crossed cmd:55:1 through real public COMMAND=opened",
    "wave 55: TRAINER (fixed)",
    "wave 55: host slot move=85 guest slot move=53",
    "wave 55 turn 1: guest SWITCH -> party[3]",
    "wave 55 turn 1: progress enemyHp=[6:0/128,277:105/105] playerHp=[493:1280/1865,384:1708/1715]",
    "wave 55 turn 2: replay guest crossed cmd:55:2 through real public COMMAND=opened",
    "wave 55 turn 3: replay guest crossed cmd:55:3 through real public COMMAND=opened",
    "wave 55: reward shop owner=host leave",
    "wave 55: guest chose Crossroads Leave through public UI",
    "wave 55: guest drove World Map via public UI=true and both consumed 1827709458752153:1:BIOME_PICK:9700065",
    "wave 56 turn 1: replay guest crossed cmd:56:1 through real public COMMAND=opened",
    "wave 56: BIOME 18->8",
    "wave 56: host slot move=34 guest slot move=53",
    "wave 56 turn 1: guest SWITCH -> party[3]",
    "wave 56 turn 1: progress enemyHp=[413:95/95,692:108/108] playerHp=[493:932/1865,150:1725/1725]",
    "wave 56 turn 2: replay guest crossed cmd:56:2 through real public COMMAND=opened",
    "wave 56 turn 2: host SWITCH -> party[2]",
    "wave 56 turn 3: replay guest crossed cmd:56:3 through real public COMMAND=opened",
    "wave 56: reward shop owner=host leave",
    "wave 57 turn 1: replay guest crossed cmd:57:1 through real public COMMAND=opened",
    "wave 57: host slot move=247 guest slot move=85",
    "wave 57 turn 1: progress enemyHp=[960:0/72,692:0/111] playerHp=[890:2065/2065,150:1725/1725]",
    "wave 57: reward shop owner=guest take-nonparty",
    "wave 58 turn 1: replay guest crossed cmd:58:1 through real public COMMAND=opened",
    "wave 58 turn 1: host SWITCH -> party[2]",
    "wave 58: host slot move=53 guest slot move=34",
    "wave 58 turn 1: progress enemyHp=[747:110/110,689:0/109] playerHp=[493:1865/1865,150:1725/1725]",
    "wave 58 turn 2: replay guest crossed cmd:58:2 through real public COMMAND=opened",
    "wave 58: reward shop owner=host leave",
    "wave 59 turn 1: replay guest crossed cmd:59:1 through real public COMMAND=opened",
    "wave 59: host slot move=85 guest slot move=247",
    "wave 59 turn 1: progress enemyHp=[747:115/115,961:0/90] playerHp=[493:1865/1865,150:1725/1725]",
    "wave 59 turn 2: replay guest crossed cmd:59:2 through real public COMMAND=opened",
    "wave 59 turn 2: host SWITCH -> party[2]",
    "wave 59: reward shop owner=guest take-nonparty",
    "wave 60 turn 1: replay guest crossed cmd:60:1 through real public COMMAND=opened",
    "wave 60: TRAINER (random)",
    "wave 60: host slot move=34 guest slot move=247",
    "wave 60 turn 1: progress enemyHp=[131:0/185,195:0/144] playerHp=[890:2065/2065,150:1618/1725]",
    "wave 60 turn 2: replay guest crossed cmd:60:2 through real public COMMAND=opened",
    "wave 60: biome market owner=host leave",
    "wave 60: drained 1 milestone reward continuation(s)",
    "wave 60: guest chose Crossroads Leave through public UI",
    "wave 60: guest drove World Map via public UI=true and both consumed 1827709458752153:1:BIOME_PICK:9700071",
    "wave 61 turn 1: replay guest crossed cmd:61:1 through real public COMMAND=opened",
    "wave 61: BIOME 8->6",
    "wave 61 turn 1: host SWITCH -> party[2]",
    "wave 61: host slot move=247 guest slot move=85",
    "wave 61 turn 1: progress enemyHp=[130:135/138,73:0/123] playerHp=[493:1737/1865,150:1618/1725]",
    "wave 61 turn 2: replay guest crossed cmd:61:2 through real public COMMAND=opened",
    "wave 61: reward shop owner=host take-nonparty",
    "wave 62 turn 1: replay guest crossed cmd:62:1 through real public COMMAND=opened",
    "wave 62: TRAINER (fixed)",
    "wave 62: host slot move=53 guest slot move=34",
    "wave 62 turn 1: progress enemyHp=[528:0/123,560:0/127] playerHp=[493:1621/1865,150:1511/1725]",
    "wave 62 turn 2: replay guest crossed cmd:62:2 through real public COMMAND=opened",
    "wave 62 turn 2: host SWITCH -> party[2]",
    "wave 62: reward shop owner=guest take-nonparty",
    "wave 63 turn 1: replay guest crossed cmd:63:1 through real public COMMAND=opened",
    "wave 63: host slot move=85 guest slot move=247",
    "wave 63 turn 1: progress enemyHp=[687:0/137,687:0/134] playerHp=[890:2065/2065,150:1511/1725]",
    "wave 63: reward shop owner=host take-nonparty",
    "wave 64 turn 1: replay guest crossed cmd:64:1 through real public COMMAND=opened",
    "wave 64: TRAINER (fixed)",
    "wave 64 turn 1: host SWITCH -> party[2]",
    "wave 64: host slot move=34 guest slot move=53",
    "wave 64 turn 1: guest SWITCH -> party[3]",
    "wave 64 turn 1: progress enemyHp=[560:127/127,569:140/140] playerHp=[493:1859/1865,384:1715/1715]",
    "wave 64 turn 2: replay guest crossed cmd:64:2 through real public COMMAND=opened",
    "wave 64 turn 3: replay guest crossed cmd:64:3 through real public COMMAND=opened",
    "wave 64: reward shop owner=guest leave",
    "wave 65 turn 1: replay guest crossed cmd:65:1 through real public COMMAND=opened",
    "wave 65: host slot move=247 guest slot move=53",
    "wave 65 turn 1: progress enemyHp=[199:0/157,119:0/135] playerHp=[493:1853/1865,384:1715/1715]",
    "wave 65: reward shop owner=host take-nonparty",
    "wave 66 turn 1: replay guest crossed cmd:66:1 through real public COMMAND=opened",
    "wave 66: TRAINER (fixed)",
    "wave 66: host slot move=53 guest slot move=53",
    "wave 66 turn 1: progress enemyHp=[476:0/127,479:0/118] playerHp=[493:1853/1865,384:1715/1715]",
    "wave 66 turn 2: replay guest crossed cmd:66:2 through real public COMMAND=opened",
    "wave 66 turn 3: replay guest crossed cmd:66:3 through real public COMMAND=opened",
    "wave 66 turn 3: guest SWITCH -> party[3]",
    "wave 66 turn 4: replay guest crossed cmd:66:4 through real public COMMAND=opened",
    "wave 66: reward shop owner=guest leave",
    "wave 67 turn 1: replay guest crossed cmd:67:1 through real public COMMAND=opened",
    "wave 67 turn 1: host SWITCH -> party[2]",
    "wave 67: host slot move=85 guest slot move=247",
    "wave 67 turn 1: progress enemyHp=[73:140/140,845:0/130] playerHp=[890:2065/2065,150:1709/1725]",
    "wave 67 turn 2: replay guest crossed cmd:67:2 through real public COMMAND=opened",
    "wave 67: reward shop owner=host take-nonparty",
    "wave 68 turn 1: replay guest crossed cmd:68:1 through real public COMMAND=opened",
    "wave 68: host slot move=34 guest slot move=53",
    "wave 68 turn 1: guest SWITCH -> party[3]",
    "wave 68 turn 1: progress enemyHp=[321:0/203,845:130/130] playerHp=[890:2065/2065,384:1715/1715]",
    "wave 68 turn 2: replay guest crossed cmd:68:2 through real public COMMAND=opened",
    "wave 68: reward shop owner=guest leave",
    "wave 69 turn 1: replay guest crossed cmd:69:1 through real public COMMAND=opened",
    "wave 69: host slot move=247 guest slot move=85",
    "wave 69 turn 1: progress enemyHp=[845:0/130,845:0/139] playerHp=[890:2065/2065,384:1715/1715]",
    "wave 69: reward shop owner=host take-nonparty",
    "wave 70 turn 1: replay guest crossed cmd:70:1 through real public COMMAND=opened",
    "wave 70 turn 1: host SWITCH -> party[2]",
    "wave 70: host slot move=53 guest slot move=34",
    "wave 70 turn 1: guest SWITCH -> party[3]",
    "wave 70 turn 1: progress enemyHp=[395:150/150,845:150/150] playerHp=[493:1853/1865,150:1715/1725]",
    "wave 70 turn 2: replay guest crossed cmd:70:2 through real public COMMAND=opened",
    "wave 70: biome market owner=guest leave",
    "wave 70: drained 1 milestone reward continuation(s)",
    "wave 70: host chose Crossroads Leave through public UI",
    "wave 70: host drove World Map via public UI=true and both consumed 1827709458752153:0:BIOME_PICK:9700082",
    "wave 71 turn 1: replay guest crossed cmd:71:1 through real public COMMAND=opened",
    "wave 71: BIOME 6->10",
    "wave 71: host slot move=85 guest slot move=247",
    "wave 71 turn 1: progress enemyHp=[224:0/142,366:0/102] playerHp=[493:1865/1865,150:1725/1725]",
    "wave 71: reward shop owner=guest take-nonparty",
    "wave 72 turn 1: replay guest crossed cmd:72:1 through real public COMMAND=opened",
    "wave 72: host slot move=34 guest slot move=53",
    "wave 72 turn 1: progress enemyHp=[594:0/245,992:0/233] playerHp=[493:1865/1865,150:1725/1725]",
    "wave 72: reward shop owner=host leave",
    "wave 72: drained 1 milestone reward continuation(s)",
    "wave 73 turn 1: replay guest crossed cmd:73:1 through real public COMMAND=opened",
    "wave 73: host slot move=247 guest slot move=85",
    "wave 73 turn 1: progress enemyHp=[847:0/133,224:0/158] playerHp=[493:1865/1865,150:1725/1725]",
    "wave 73: reward shop owner=guest leave",
    "wave 74 turn 1: replay guest crossed cmd:74:1 through real public COMMAND=opened",
    "wave 74: host slot move=53 guest slot move=85",
    "wave 74 turn 1: progress enemyHp=[847:0/144,593:0/202] playerHp=[493:1865/1865,150:1725/1725]",
    "wave 74: reward shop owner=host leave",
    "wave 75 turn 1: replay guest crossed cmd:75:1 through real public COMMAND=opened",
    "wave 75: host slot move=85 guest slot move=247",
    "wave 75 turn 1: progress enemyHp=[902:0/191,368:0/145] playerHp=[493:1865/1865,150:1725/1725]",
    "wave 75: reward shop owner=guest take-nonparty",
    "wave 75: host chose Crossroads Leave through public UI",
    "wave 75: host drove World Map via public UI=true and both consumed 1827709458752153:0:BIOME_PICK:9700088",
    "wave 76 turn 1: replay guest crossed cmd:76:1 through real public COMMAND=opened",
    "wave 76: BIOME 10->13",
    "wave 76: host slot move=247 guest slot move=53",
    "wave 76 turn 1: progress enemyHp=[47:0/172,297:0/211] playerHp=[493:1865/1865,150:1725/1725]",
    "wave 76: reward shop owner=guest take-nonparty",
    "wave 77 turn 1: replay guest crossed cmd:77:1 through real public COMMAND=opened",
    "wave 77 turn 1: host SWITCH -> party[2]",
    "wave 77: host slot move=247 guest slot move=247",
    "wave 77 turn 1: progress enemyHp=[476:145/145,47:0/158] playerHp=[890:2065/2065,150:1725/1725]",
    "wave 77 turn 2: replay guest crossed cmd:77:2 through real public COMMAND=opened",
    "wave 77: reward shop owner=host leave",
    "wave 78 turn 1: replay guest crossed cmd:78:1 through real public COMMAND=opened",
    "wave 78 turn 1: host SWITCH -> party[2]",
    "wave 78: host slot move=53 guest slot move=34",
    "wave 78 turn 1: progress enemyHp=[42:156/156,528:0/155] playerHp=[493:1865/1865,150:1725/1725]",
    "wave 78 turn 2: replay guest crossed cmd:78:2 through real public COMMAND=opened",
    "wave 78: reward shop owner=guest leave",
    "wave 79 turn 1: replay guest crossed cmd:79:1 through real public COMMAND=opened",
    "wave 79: host slot move=34 guest slot move=53",
    "wave 79 turn 1: progress enemyHp=[294:0/175,217:0/181] playerHp=[493:1865/1865,150:1725/1725]",
    "wave 79: reward shop owner=host leave",
    "wave 80 turn 1: replay guest crossed cmd:80:1 through real public COMMAND=opened",
    "wave 80: host slot move=34 guest slot move=53",
    "wave 80 turn 1: progress enemyHp=[480:0/167,528:0/179] playerHp=[493:1865/1865,150:1725/1725]",
    "wave 80: biome market owner=guest leave",
    "wave 80: drained 1 milestone reward continuation(s)",
    "wave 80: host chose Crossroads Leave through public UI",
    "wave 80: host drove World Map via public UI=true and both consumed 1827709458752153:0:BIOME_PICK:9700094",
    "wave 81 turn 1: replay guest crossed cmd:81:1 through real public COMMAND=opened",
    "wave 81: BIOME 13->12",
    "wave 81 turn 1: host SWITCH -> party[2]",
    "wave 81: host slot move=53 guest slot move=85",
    "wave 81 turn 1: progress enemyHp=[50:91/91,526:1/178] playerHp=[890:2065/2065,150:1618/1725]",
    "wave 81 turn 2: replay guest crossed cmd:81:2 through real public COMMAND=opened",
    "wave 81: reward shop owner=guest leave",
    "wave 82 turn 1: replay guest crossed cmd:82:1 through real public COMMAND=opened",
    "wave 82: host slot move=34 guest slot move=53",
    "wave 82 turn 1: progress enemyHp=[529:0/160,112:0/211] playerHp=[890:2065/2065,150:1404/1725]",
    "wave 82: reward shop owner=host leave",
    "wave 83 turn 1: replay guest crossed cmd:83:1 through real public COMMAND=opened",
    "wave 83: host slot move=85 guest slot move=247",
    "wave 83 turn 1: progress enemyHp=[952:0/153,950:1/172] playerHp=[890:2065/2065,150:854/1725]",
    "wave 83 turn 2: replay guest crossed cmd:83:2 through real public COMMAND=opened",
    "wave 83: reward shop owner=guest take-nonparty",
    "wave 84 turn 1: replay guest crossed cmd:84:1 through real public COMMAND=opened",
    "wave 84: TRAINER (random)",
    "wave 84: host slot move=34 guest slot move=53",
    "wave 84 turn 1: progress enemyHp=[70031:0/199,70031:0/199] playerHp=[890:2065/2065,150:640/1725]",
    "wave 84 turn 2: replay guest crossed cmd:84:2 through real public COMMAND=opened",
    "wave 84 turn 2: host SWITCH -> party[2]",
    "wave 84: reward shop owner=host leave",
    "wave 85 turn 1: replay guest crossed cmd:85:1 through real public COMMAND=opened",
    "wave 85: host slot move=53 guest slot move=53",
    "wave 85 turn 1: guest SWITCH -> party[3]",
    "wave 85 turn 1: progress enemyHp=[750:0/195,112:224/224] playerHp=[493:1633/1865,384:1608/1715]",
    "wave 85 turn 2: replay guest crossed cmd:85:2 through real public COMMAND=opened",
    "wave 85: reward shop owner=guest take-nonparty",
    "wave 85: host chose Crossroads Leave through public UI",
    "wave 85: host drove World Map via public UI=true and both consumed 1827709458752153:0:BIOME_PICK:9700100",
    "wave 86 turn 1: replay guest crossed cmd:86:1 through real public COMMAND=opened",
    "wave 86: BIOME 12->14",
    "wave 86: host slot move=53 guest slot move=247",
    "wave 86 turn 1: progress enemyHp=[947:0/169,28:0/209] playerHp=[493:1401/1865,384:1394/1715]",
    "wave 86: reward shop owner=guest leave",
    "wave 87 turn 1: replay guest crossed cmd:87:1 through real public COMMAND=opened",
    "wave 87: host slot move=53 guest slot move=53",
    "wave 87 turn 1: guest SWITCH -> party[3]",
    "wave 87 turn 1: progress enemyHp=[472:0/192,445:225/225] playerHp=[493:1285/1865,150:1592/1725]",
    "wave 87 turn 2: replay guest crossed cmd:87:2 through real public COMMAND=opened",
    "wave 87: reward shop owner=host leave",
    "wave 87: drained 1 milestone reward continuation(s)",
    "wave 88 turn 1: replay guest crossed cmd:88:1 through real public COMMAND=opened",
    "wave 88: host slot move=34 guest slot move=247",
    "wave 88 turn 1: progress enemyHp=[472:0/192,844:0/177] playerHp=[493:820/1865,150:1378/1725]",
    "wave 88: reward shop owner=guest leave",
    "wave 88: drained 1 milestone reward continuation(s)",
    "wave 89 turn 1: replay guest crossed cmd:89:1 through real public COMMAND=opened",
    "wave 89: host slot move=247 guest slot move=85",
    "wave 89 turn 1: progress enemyHp=[452:0/188,331:0/150] playerHp=[493:704/1865,150:1271/1725]",
    "wave 89: reward shop owner=host take-nonparty",
    "wave 90 turn 1: replay guest crossed cmd:90:1 through real public COMMAND=opened",
    "wave 90: TRAINER (random)",
    "wave 90: host slot move=53 guest slot move=34",
    "wave 90 turn 1: progress enemyHp=[10576:0/252,248:0/238] playerHp=[493:588/1865,150:1164/1725]",
    "wave 90 turn 2: replay guest crossed cmd:90:2 through real public COMMAND=opened",
    "wave 90 turn 2: guest SWITCH -> party[3]",
    "wave 90 turn 3: replay guest crossed cmd:90:3 through real public COMMAND=opened",
    "wave 90: biome market owner=guest leave",
    "wave 90: drained 1 milestone reward continuation(s)",
    "wave 90: host chose Crossroads Leave through public UI",
    "wave 90: host drove World Map via public UI=true and both consumed 1827709458752153:0:BIOME_PICK:9700106",
    "wave 91 turn 1: replay guest crossed cmd:91:1 through real public COMMAND=opened",
    "wave 91: BIOME 14->22",
    "wave 91: host slot move=85 guest slot move=247",
    "wave 91 turn 1: progress enemyHp=[325:0/173,178:0/195] playerHp=[493:1865/1865,384:1715/1715]",
    "wave 91: reward shop owner=guest leave",
    "wave 92 turn 1: replay guest crossed cmd:92:1 through real public COMMAND=opened",
    "wave 92: host slot move=34 guest slot move=247",
    "wave 92 turn 1: progress enemyHp=[561:0/183,344:178/178] playerHp=[493:1865/1865,384:1715/1715]",
    "wave 92 turn 2: replay guest crossed cmd:92:2 through real public COMMAND=opened",
    "wave 92: reward shop owner=host leave",
    "wave 93 turn 1: replay guest crossed cmd:93:1 through real public COMMAND=opened",
    "wave 93: host slot move=85 guest slot move=85",
    "wave 93 turn 1: guest SWITCH -> party[3]",
    "wave 93 turn 1: progress enemyHp=[1016:0/204,97:209/209] playerHp=[493:1865/1865,150:1725/1725]",
    "wave 93 turn 2: replay guest crossed cmd:93:2 through real public COMMAND=opened",
    "wave 93: reward shop owner=guest leave",
    "wave 93: drained 1 milestone reward continuation(s)",
    "wave 94 turn 1: replay guest crossed cmd:94:1 through real public COMMAND=opened",
    "wave 94: host slot move=53 guest slot move=34",
    "wave 94 turn 1: progress enemyHp=[97:0/212,561:0/188] playerHp=[493:1865/1865,150:1725/1725]",
    "wave 94: reward shop owner=host take-nonparty",
    "wave 95 turn 1: replay guest crossed cmd:95:1 through real public COMMAND=opened",
    "wave 95: TRAINER (fixed)",
    "wave 95: host slot move=85 guest slot move=53",
    "wave 95 turn 1: guest SWITCH -> party[3]",
    "wave 95 turn 1: progress enemyHp=[6:0/240,277:173/193] playerHp=[493:1852/1865,384:1699/1715]",
    "wave 95 turn 2: replay guest crossed cmd:95:2 through real public COMMAND=opened",
    "wave 95 turn 3: replay guest crossed cmd:95:3 through real public COMMAND=opened",
    "wave 95: reward shop owner=guest leave",
    "wave 95: host chose Crossroads Leave through public UI",
    "wave 95: host drove World Map via public UI=true and both consumed 1827709458752153:0:BIOME_PICK:9700112",
    "wave 96 turn 1: replay guest crossed cmd:96:1 through real public COMMAND=opened",
    "wave 96: BIOME 22->11",
    "wave 96: host slot move=34 guest slot move=53",
    "wave 96 turn 1: guest SWITCH -> party[3]",
    "wave 96 turn 1: progress enemyHp=[218:0/149,411:196/196] playerHp=[493:1852/1865,150:1720/1725]",
    "wave 96 turn 2: replay guest crossed cmd:96:2 through real public COMMAND=opened",
    "wave 96: reward shop owner=guest take-nonparty",
    "wave 97 turn 1: replay guest crossed cmd:97:1 through real public COMMAND=opened",
    "wave 97: host slot move=247 guest slot move=85",
    "wave 97 turn 1: progress enemyHp=[673:0/262,306:0/202] playerHp=[493:1852/1865,150:1720/1725]",
    "wave 97: reward shop owner=host leave",
    "wave 98 turn 1: replay guest crossed cmd:98:1 through real public COMMAND=opened",
    "wave 98: host slot move=53 guest slot move=34",
    "wave 98 turn 1: progress enemyHp=[218:0/168,18:0/208] playerHp=[493:1852/1865,150:1720/1725]",
    "wave 98: reward shop owner=guest take-nonparty",
    "wave 99 turn 1: replay guest crossed cmd:99:1 through real public COMMAND=opened",
    "wave 99 turn 1: host SWITCH -> party[2]",
    "wave 99: host slot move=85 guest slot move=85",
    "wave 99 turn 1: guest SWITCH -> party[3]",
    "wave 99 turn 1: progress enemyHp=[630:259/259,21:153/153] playerHp=[890:2065/2065,384:1715/1715]",
    "wave 99 turn 2: replay guest crossed cmd:99:2 through real public COMMAND=opened",
    "wave 99: reward shop owner=host leave",
    "wave 100 turn 1: replay guest crossed cmd:100:1 through real public COMMAND=opened",
    "wave 100: host slot move=34 guest slot move=34",
    "wave 100 turn 1: progress enemyHp=[18:0/223,1003:0/378] playerHp=[890:2065/2065,384:1715/1715]",
    "wave 100: biome market owner=guest leave",
    "wave 100: drained 1 milestone reward continuation(s)",
    "wave 100: host chose Crossroads Leave through public UI",
    "wave 100: host drove World Map via public UI=true and both consumed 1827709458752153:0:BIOME_PICK:9700118",
    "wave 101 turn 1: replay guest crossed cmd:101:1 through real public COMMAND=opened",
    "wave 101: BIOME 11->18",
    "wave 101: host slot move=247 guest slot move=34",
    "wave 101 turn 1: progress enemyHp=[758:0/215,323:0/230] playerHp=[890:2065/2065,384:1715/1715]",
    "wave 101: reward shop owner=guest leave",
    "wave 102 turn 1: replay guest crossed cmd:102:1 through real public COMMAND=opened",
    "wave 102 turn 1: host SWITCH -> party[2]",
    "wave 102: host slot move=53 guest slot move=34",
    "wave 102 turn 1: progress enemyHp=[261:158/158,500:0/269] playerHp=[493:1865/1865,384:1711/1715]",
    "wave 102 turn 2: replay guest crossed cmd:102:2 through real public COMMAND=opened",
    "wave 102: reward shop owner=host leave",
    "wave 103 turn 1: replay guest crossed cmd:103:1 through real public COMMAND=opened",
    "wave 103: host slot move=85 guest slot move=247",
    "wave 103 turn 1: progress enemyHp=[839:273/273,261:0/152] playerHp=[493:1865/1865,384:1711/1715]",
    "wave 103 turn 2: replay guest crossed cmd:103:2 through real public COMMAND=opened",
    "wave 103: reward shop owner=guest take-nonparty",
    "wave 104 turn 1: replay guest crossed cmd:104:1 through real public COMMAND=opened",
    "wave 104: host slot move=34 guest slot move=53",
    "wave 104 turn 1: progress enemyHp=[323:0/252,261:0/160] playerHp=[493:1865/1865,384:1711/1715]",
    "wave 104: reward shop owner=host take-nonparty",
    "wave 105 turn 1: replay guest crossed cmd:105:1 through real public COMMAND=opened",
    "wave 105: TRAINER (random)",
    "wave 105: host slot move=247 guest slot move=85",
    "wave 105 turn 1: progress enemyHp=[10454:0/246,10527:0/246] playerHp=[493:1865/1865,384:1711/1715]",
    "wave 105: reward shop owner=guest leave",
    "wave 105: host chose Crossroads Leave through public UI",
    "wave 105: host drove World Map via public UI=true and both consumed 1827709458752153:0:BIOME_PICK:9700124",
    "wave 106 turn 1: replay guest crossed cmd:106:1 through real public COMMAND=opened",
    "wave 106: BIOME 18->8",
    "wave 106: host slot move=53 guest slot move=53",
    "wave 106 turn 1: progress enemyHp=[748:229/229,413:210/210] playerHp=[493:1865/1865,384:1711/1715]",
    "wave 106 turn 2: replay guest crossed cmd:106:2 through real public COMMAND=opened",
    "wave 106: reward shop owner=guest take-nonparty",
    "wave 107 turn 1: replay guest crossed cmd:107:1 through real public COMMAND=opened",
    "wave 107: host slot move=85 guest slot move=247",
    "wave 107 turn 1: guest SWITCH -> party[3]",
    "wave 107 turn 1: progress enemyHp=[121:0/205,960:142/142] playerHp=[493:1865/1865,150:1722/1725]",
    "wave 107 turn 2: replay guest crossed cmd:107:2 through real public COMMAND=opened",
    "wave 107: reward shop owner=host take-nonparty",
    "wave 108 turn 1: replay guest crossed cmd:108:1 through real public COMMAND=opened",
    "wave 108 turn 1: host SWITCH -> party[2]",
    "wave 108: host slot move=34 guest slot move=53",
    "wave 108 turn 1: progress enemyHp=[99:236/236,978:0/212] playerHp=[890:2065/2065,150:1717/1725]",
    "wave 108 turn 2: replay guest crossed cmd:108:2 through real public COMMAND=opened",
    "wave 108: reward shop owner=guest take-nonparty",
    "wave 109 turn 1: replay guest crossed cmd:109:1 through real public COMMAND=opened",
    "wave 109: host slot move=247 guest slot move=85",
    "wave 109 turn 1: progress enemyHp=[748:0/226,689:0/216] playerHp=[890:2065/2065,150:1717/1725]",
    "wave 109: reward shop owner=host take-nonparty",
    "wave 110 turn 1: replay guest crossed cmd:110:1 through real public COMMAND=opened",
    "wave 110: host slot move=247 guest slot move=34",
    "wave 110 turn 1: progress enemyHp=[770:0/247,788:0/264] playerHp=[890:2065/2065,150:1717/1725]",
    "wave 110: biome market owner=guest leave",
    "wave 110: drained 1 milestone reward continuation(s)",
    "wave 110: host chose Crossroads Leave through public UI",
    "wave 110: host drove World Map via public UI=true and both consumed 1827709458752153:0:BIOME_PICK:9700130",
    "wave 111 turn 1: replay guest crossed cmd:111:1 through real public COMMAND=opened",
    "wave 111: BIOME 8->6",
    "wave 111: host slot move=85 guest slot move=247",
    "wave 111 turn 1: progress enemyHp=[963:0/224,80:0/276] playerHp=[890:2065/2065,150:1725/1725]",
    "wave 111: reward shop owner=guest take-nonparty",
    "wave 112 turn 1: replay guest crossed cmd:112:1 through real public COMMAND=opened",
    "wave 112: TRAINER (fixed)",
    "wave 112: host slot move=34 guest slot move=53",
    "wave 112 turn 1: progress enemyHp=[569:0/274,10005:0/311] playerHp=[890:2065/2065,150:1725/1725]",
    "wave 112 turn 2: replay guest crossed cmd:112:2 through real public COMMAND=opened",
    "wave 112 turn 3: replay guest crossed cmd:112:3 through real public COMMAND=opened",
    "wave 112 turn 3: host SWITCH -> party[2]",
    "wave 112 turn 4: replay guest crossed cmd:112:4 through real public COMMAND=opened",
    "wave 112 turn 4: guest SWITCH -> party[3]",
    "wave 112: reward shop owner=host leave",
    "wave 113 turn 1: replay guest crossed cmd:113:1 through real public COMMAND=opened",
    "wave 113: host slot move=247 guest slot move=85",
    "wave 113 turn 1: progress enemyHp=[80:0/260,845:0/234] playerHp=[493:1154/1865,384:1715/1715]",
    "wave 113: reward shop owner=guest take-nonparty",
    "wave 114 turn 1: replay guest crossed cmd:114:1 through real public COMMAND=opened",
    "wave 114: TRAINER (fixed)",
    "wave 114 turn 1: host SWITCH -> party[2]",
    "wave 114: host slot move=53 guest slot move=53",
    "wave 114 turn 1: progress enemyHp=[571:243/243,593:72/377] playerHp=[890:2065/2065,384:1667/1715]",
    "wave 114 turn 2: replay guest crossed cmd:114:2 through real public COMMAND=opened",
    "wave 114 turn 3: replay guest crossed cmd:114:3 through real public COMMAND=opened",
    "wave 114 turn 3: host SWITCH -> party[2]",
    "wave 114 turn 4: replay guest crossed cmd:114:4 through real public COMMAND=opened",
    "wave 114 turn 5: replay guest crossed cmd:114:5 through real public COMMAND=opened",
    "wave 114: reward shop owner=host take-nonparty",
    "wave 115 turn 1: replay guest crossed cmd:115:1 through real public COMMAND=opened",
    "wave 115: TRAINER (fixed)",
    "wave 115: host slot move=53 guest slot move=53",
    "wave 115 turn 1: progress enemyHp=[563:0/293,537:0/330] playerHp=[493:1733/1865,384:1455/1715]",
    "wave 115 turn 2: replay guest crossed cmd:115:2 through real public COMMAND=opened",
    "wave 115 turn 3: replay guest crossed cmd:115:3 through real public COMMAND=opened",
    "wave 115: reward shop owner=guest leave",
    "wave 115: host chose Crossroads Leave through public UI",
    "wave 115: host drove World Map via public UI=true and both consumed 1827709458752153:0:BIOME_PICK:9700136",
    "wave 116 turn 1: replay guest crossed cmd:116:1 through real public COMMAND=opened",
    "wave 116: BIOME 6->10",
    "wave 116: host slot move=247 guest slot move=53",
    "wave 116 turn 1: progress enemyHp=[593:0/314,977:0/389] playerHp=[493:1733/1865,384:1455/1715]",
    "wave 116: reward shop owner=guest leave",
    "wave 116: drained 1 milestone reward continuation(s)",
    "wave 117 turn 1: replay guest crossed cmd:117:1 through real public COMMAND=opened",
    "wave 117: host slot move=247 guest slot move=85",
    "wave 117 turn 1: progress enemyHp=[593:0/347,976:0/294] playerHp=[493:1733/1865,384:1455/1715]",
    "wave 117: reward shop owner=host leave",
    "wave 118 turn 1: replay guest crossed cmd:118:1 through real public COMMAND=opened",
    "wave 118: host slot move=53 guest slot move=34",
    "wave 118 turn 1: progress enemyHp=[321:0/384,976:0/304] playerHp=[493:1733/1865,384:1455/1715]",
    "wave 118: reward shop owner=guest leave",
    "wave 119 turn 1: replay guest crossed cmd:119:1 through real public COMMAND=opened",
    "wave 119: host slot move=85 guest slot move=247",
    "wave 119 turn 1: progress enemyHp=[976:0/301,370:0/225] playerHp=[493:1733/1865,384:1455/1715]",
    "wave 119: reward shop owner=host take-nonparty",
    "wave 120 turn 1: replay guest crossed cmd:120:1 through real public COMMAND=opened",
    "wave 120: TRAINER (random)",
    "wave 120: host slot move=34 guest slot move=53",
    "wave 120 turn 1: progress enemyHp=[10421:0/337,10378:0/288] playerHp=[493:1733/1865,384:1455/1715]",
    "wave 120 turn 2: replay guest crossed cmd:120:2 through real public COMMAND=opened",
    "wave 120 turn 2: guest SWITCH -> party[3]",
    "wave 120 turn 3: replay guest crossed cmd:120:3 through real public COMMAND=opened",
    "wave 120 turn 4: replay guest crossed cmd:120:4 through real public COMMAND=opened",
    "wave 120: biome market owner=guest leave",
    "wave 120: drained 1 milestone reward continuation(s)",
    "wave 120: host chose Crossroads Leave through public UI",
    "wave 120: host drove World Map via public UI=true and both consumed 1827709458752153:0:BIOME_PICK:9700142",
    "wave 121 turn 1: replay guest crossed cmd:121:1 through real public COMMAND=opened",
    "wave 121: BIOME 10->13",
    "wave 121: host slot move=34 guest slot move=53",
    "wave 121 turn 1: progress enemyHp=[295:0/373,295:0/385] playerHp=[493:1865/1865,150:1725/1725]",
    "wave 121: reward shop owner=guest take-nonparty",
    "wave 122 turn 1: replay guest crossed cmd:122:1 through real public COMMAND=opened",
    "wave 122: TRAINER (random)",
    "wave 122 turn 1: host SWITCH -> party[2]",
    "wave 122: host slot move=53 guest slot move=34",
    "wave 122 turn 1: progress enemyHp=[303:289/289,10845:0/361] playerHp=[890:2065/2065,150:1687/1725]",
    "wave 122 turn 2: replay guest crossed cmd:122:2 through real public COMMAND=opened",
    "wave 122: reward shop owner=host leave",
    "wave 123 turn 1: replay guest crossed cmd:123:1 through real public COMMAND=opened",
    "wave 123: host slot move=85 guest slot move=247",
    "wave 123 turn 1: progress enemyHp=[169:0/301,169:0/274] playerHp=[890:2065/2065,150:1687/1725]",
    "wave 123: reward shop owner=guest leave",
    "wave 124 turn 1: replay guest crossed cmd:124:1 through real public COMMAND=opened",
    "wave 124: host slot move=34 guest slot move=34",
    "wave 124 turn 1: progress enemyHp=[768:0/274,660:0/289] playerHp=[890:2065/2065,150:1687/1725]",
    "wave 124: reward shop owner=host take-nonparty",
    "wave 125 turn 1: replay guest crossed cmd:125:1 through real public COMMAND=opened",
    "wave 125: host slot move=85 guest slot move=34",
    "wave 125 turn 1: progress enemyHp=[47:0/277,76:1/317] playerHp=[890:2065/2065,150:1613/1725]",
    "wave 125 turn 2: replay guest crossed cmd:125:2 through real public COMMAND=opened",
    "wave 125: reward shop owner=guest take-nonparty",
    "wave 125: host chose Crossroads Leave through public UI",
    "wave 125: host drove World Map via public UI=true and both consumed 1827709458752153:0:BIOME_PICK:9700148",
    "wave 126 turn 1: replay guest crossed cmd:126:1 through real public COMMAND=opened",
    "wave 126: BIOME 13->12",
    "wave 126: host slot move=53 guest slot move=34",
    "wave 126 turn 1: progress enemyHp=[529:0/253,323:0/317] playerHp=[890:2065/2065,150:1506/1725]",
    "wave 126: reward shop owner=guest leave",
    "wave 127 turn 1: replay guest crossed cmd:127:1 through real public COMMAND=opened",
    "wave 127: host slot move=247 guest slot move=247",
    "wave 127 turn 1: guest SWITCH -> party[3]",
    "wave 127 turn 1: progress enemyHp=[76:1/324,529:250/250] playerHp=[890:2065/2065,384:1603/1715]",
    "wave 127 turn 2: replay guest crossed cmd:127:2 through real public COMMAND=opened",
    "wave 127: reward shop owner=host leave",
    "wave 128 turn 1: replay guest crossed cmd:128:1 through real public COMMAND=opened",
    "wave 128: host slot move=34 guest slot move=34",
    "wave 128 turn 1: guest SWITCH -> party[3]",
    "wave 128 turn 1: progress enemyHp=[750:0/347,50:148/148] playerHp=[890:2065/2065,150:1606/1725]",
    "wave 128 turn 2: replay guest crossed cmd:128:2 through real public COMMAND=opened",
    "wave 128: reward shop owner=guest leave",
    "wave 129 turn 1: replay guest crossed cmd:129:1 through real public COMMAND=opened",
    "wave 129: host slot move=247 guest slot move=53",
    "wave 129 turn 1: progress enemyHp=[76:1/321,112:0/327] playerHp=[890:2065/2065,150:1392/1725]",
    "wave 129 turn 2: replay guest crossed cmd:129:2 through real public COMMAND=opened",
    "wave 129: reward shop owner=host take-nonparty",
    "wave 130 turn 1: replay guest crossed cmd:130:1 through real public COMMAND=opened",
    "wave 130: host slot move=34 guest slot move=53",
    "wave 130 turn 1: progress enemyHp=[472:0/352,1013:0/293] playerHp=[890:1807/2065,150:1285/1725]",
    "wave 130: biome market owner=guest leave",
    "wave 130: drained 1 milestone reward continuation(s)",
    "wave 130: host chose Crossroads Leave through public UI",
    "wave 130: host drove World Map via public UI=true and both consumed 1827709458752153:0:BIOME_PICK:9700154",
    "wave 131 turn 1: replay guest crossed cmd:131:1 through real public COMMAND=opened",
    "wave 131: BIOME 12->14",
    "wave 131 turn 1: host SWITCH -> party[2]",
    "wave 131: host slot move=247 guest slot move=53",
    "wave 131 turn 1: guest SWITCH -> party[3]",
    "wave 131 turn 1: progress enemyHp=[947:240/255,28:340/340] playerHp=[493:1749/1865,384:1608/1715]",
    "wave 131 turn 2: replay guest crossed cmd:131:2 through real public COMMAND=opened",
    "wave 131: reward shop owner=guest leave",
    "wave 132 turn 1: replay guest crossed cmd:132:1 through real public COMMAND=opened",
    "wave 132: host slot move=34 guest slot move=247",
    "wave 132 turn 1: progress enemyHp=[452:0/275,844:0/307] playerHp=[493:1517/1865,384:1394/1715]",
    "wave 132: reward shop owner=host take-nonparty",
    "wave 133 turn 1: replay guest crossed cmd:133:1 through real public COMMAND=opened",
    "wave 133 turn 1: host SWITCH -> party[2]",
    "wave 133: host slot move=53 guest slot move=85",
    "wave 133 turn 1: progress enemyHp=[28:340/340,452:0/294] playerHp=[890:2065/2065,384:1287/1715]",
    "wave 133 turn 2: replay guest crossed cmd:133:2 through real public COMMAND=opened",
    "wave 133 turn 2: guest SWITCH -> party[3]",
    "wave 133: reward shop owner=guest leave",
    "wave 134 turn 1: replay guest crossed cmd:134:1 through real public COMMAND=opened",
    "wave 134: host slot move=53 guest slot move=34",
    "wave 134 turn 1: progress enemyHp=[452:0/294,452:0/289] playerHp=[890:2065/2065,150:1511/1725]",
    "wave 134: reward shop owner=host leave",
    "wave 134: drained 1 milestone reward continuation(s)",
    "wave 135 turn 1: replay guest crossed cmd:135:1 through real public COMMAND=opened",
    "wave 135: host slot move=85 guest slot move=247",
    "wave 135 turn 1: progress enemyHp=[331:0/266,452:0/308] playerHp=[890:2065/2065,150:1404/1725]",
    "wave 135: reward shop owner=guest take-nonparty",
    "wave 135: host chose Crossroads Leave through public UI",
    "wave 135: host drove World Map via public UI=true and both consumed 1827709458752153:0:BIOME_PICK:9700160",
    "wave 136 turn 1: replay guest crossed cmd:136:1 through real public COMMAND=opened",
    "wave 136: BIOME 14->22",
    "wave 136 turn 1: host SWITCH -> party[2]",
    "wave 136: host slot move=34 guest slot move=53",
    "wave 136 turn 1: progress enemyHp=[178:328/328,606:307/307] playerHp=[493:1865/1865,150:1404/1725]",
    "wave 136 turn 2: replay guest crossed cmd:136:2 through real public COMMAND=opened",
    "wave 136: reward shop owner=guest take-nonparty",
    "wave 137 turn 1: replay guest crossed cmd:137:1 through real public COMMAND=opened",
    "wave 137 turn 1: host SWITCH -> party[2]",
    "wave 137: host slot move=247 guest slot move=85",
    "wave 137 turn 1: progress enemyHp=[959:323/323,201:0/269] playerHp=[890:2065/2065,384:1715/1715]",
    "wave 137 turn 2: replay guest crossed cmd:137:2 through real public COMMAND=opened",
    "wave 137: reward shop owner=host take-nonparty",
    "wave 138 turn 1: replay guest crossed cmd:138:1 through real public COMMAND=opened",
    "wave 138: host slot move=53 guest slot move=34",
    "wave 138 turn 1: progress enemyHp=[561:0/304,561:0/309] playerHp=[890:2065/2065,384:1715/1715]",
    "wave 138: reward shop owner=guest leave",
    "wave 138: drained 1 milestone reward continuation(s)",
    "wave 139 turn 1: replay guest crossed cmd:139:1 through real public COMMAND=opened",
    "wave 139: host slot move=85 guest slot move=53",
    "wave 139 turn 1: progress enemyHp=[379:0/341,344:0/299] playerHp=[890:2065/2065,384:1715/1715]",
    "wave 139: reward shop owner=host leave",
    "wave 139: drained 1 milestone reward continuation(s)",
    "wave 140 turn 1: replay guest crossed cmd:140:1 through real public COMMAND=opened",
    "wave 140: host slot move=34 guest slot move=53",
    "wave 140 turn 1: progress enemyHp=[379:199/353,379:0/367] playerHp=[890:2065/2065,384:1674/1715]"
  ]
}