----- BUG REPORT (in-game) -----
version:  1.11.19
url:      https://elite-redux.pages.dev/
ua:       Mozilla/5.0 (Windows NT 10.0; Win64; x64) AppleWebKit/537.36 (KHTML, like Gecko) Chrome/149.0.0.0 Safari/537.36
mode:     4  wave:64  difficulty:youngster
seed:     ldjmygquL9zGueEAz6G0fzFs
party:    Chien-Pao(L63 193/193), Polartic Bluemoon(L38 0/158), Dewgong(L50 164/164)

----- DESCRIPTION -----
So I was testing the difference in Happiness/Candy gain for the Meadow Biome, and it doesn't seem to change at all. I am playing with a capped challenge mode with 3x candy rate and i'm on Youngster mode, so my regular Candy rate is +8 per level. I was told in the discord that the Meadow Candy and Happiness Increase is supposed to be +50% higher, but whenever I get a happiness level up I still only recive +8 candy. I also checked the happiness rate itself, which also went unchagned.

----- CONSOLE -----
[21:55:15.266] LOG: crit stage: +0
[21:55:15.267] LOG: Move: Ice Fang | Base damage: 155.088 | Power: 104 | Source attack: 138 | Target defense: 51
[21:55:15.268] LOG: Move: Ice Fang | Attack damage: 110
[21:55:15.268] LOG: Applied Amulet Coin 
[21:55:15.268] LOG: Applied Golden Punch 
[21:55:15.269] LOG: %cStart Phase ShowAbilityPhase color:green;
[21:55:15.435] LOG: %cStart Phase HideAbilityPhase color:green;
[21:55:15.482] LOG: %cStart Phase DamageAnimPhase color:green;
[21:55:15.516] LOG: %cStart Phase MoveEffectPhase color:green;
[21:55:15.516] LOG: Applied Wide Lens 
[21:55:15.517] LOG: crit stage: +0
[21:55:15.517] LOG: Move: Ice Fang | Base damage: 155.088 | Power: 104 | Source attack: 138 | Target defense: 51
[21:55:15.518] LOG: Move: Ice Fang | Attack damage: 26
[21:55:15.518] LOG: Applied Amulet Coin 
[21:55:15.518] LOG: Applied Golden Punch 
[21:55:15.519] LOG: %cStart Phase DamageAnimPhase color:green;
[21:55:15.549] LOG: %cStart Phase MessagePhase color:green;
[21:55:15.749] LOG: %cStart Phase FaintPhase color:green;
[21:55:17.234] LOG: %cStart Phase MessagePhase color:green;
[21:55:17.553] LOG: %cStart Phase VictoryPhase color:green;
[21:55:17.553] LOG: Applied Soothe Bell 
[21:55:17.553] LOG: %cStart Phase ShowPartyExpBarPhase color:green;
[21:55:17.553] LOG: Applied Super EXP. Charm 
[21:55:17.553] LOG: Applied EXP. Charm 
[21:55:17.553] LOG: %cStart Phase LevelUpPhase color:green;
[21:55:17.553] LOG: %cStart Phase HidePartyExpBarPhase color:green;
[21:55:17.553] LOG: %cStart Phase MoveEndPhase color:green;
[21:55:17.553] LOG: %cStart Phase MovePhase color:green;
[21:55:17.553] LOG: %cStart Phase MoveEndPhase color:green;
[21:55:17.554] LOG: %cStart Phase CheckInterludePhase color:green;
[21:55:17.554] LOG: %cStart Phase WeatherEffectPhase color:green;
[21:55:17.554] LOG: %cStart Phase PositionalTagPhase color:green;
[21:55:17.554] LOG: %cStart Phase BerryPhase color:green;
[21:55:17.554] LOG: %cStart Phase CheckStatusEffectPhase color:green;
[21:55:17.554] LOG: %cStart Phase TurnEndPhase color:green;
[21:55:17.554] LOG: %cStart Phase SwitchSummonPhase color:green;
[21:55:17.782] LOG: Localized grunt name: Aether Foundation Employee
[21:55:17.866] LOG: Applied HP Up (enemy)
[21:55:17.867] LOG: Applied Zinc (enemy)
[21:55:17.867] LOG: Applied Carbos (enemy)
[21:55:18.018] LOG: %cStart Phase PostSummonPhase color:green;
[21:55:18.018] LOG: Ran PSP for: Flutter Mane
[21:55:18.019] LOG: %cStart Phase PostSummonPhase color:green;
[21:55:18.019] LOG: %cStart Phase PostSummonPhase color:green;
[21:55:18.019] LOG: %cStart Phase TurnInitPhase color:green;
[21:55:18.019] LOG: %cStart Phase CommandPhase color:green;
[21:55:18.681] LOG: Move: ICE_FANG Move targets: {"targets":[2],"multiple":false} 
Player Pokemon: Chien-Pao
[21:55:18.682] LOG: %cStart Phase EnemyCommandPhase color:green;
[21:55:18.684] LOG: Applied X Sp. Def 
[21:55:18.685] LOG: Applied X Sp. Def 
[21:55:18.685] LOG: Battle Seed: Al8PTtwR0hqiH6S6
[21:55:18.687] LOG: Move Pool: ["Draining Kiss","Requiem","Fake Tears","Perish Song"]
[21:55:18.687] LOG: Move Scores: [57,13.5,0,16]
[21:55:18.687] LOG: Sorted Move Pool: ["Draining Kiss","Perish Song","Requiem","Fake Tears"]
[21:55:18.687] LOG: Chosen Move: Perish Song
[21:55:18.687] LOG: %cStart Phase TurnStartPhase color:green;
[21:55:18.688] LOG: %cStart Phase MovePhase color:green;
[21:55:18.688] LOG: %cUser: Chien-Pao
Move: ICE_FANG
Use Mode: NORMAL color:orchid
[21:55:18.689] LOG: %cStart Phase MessagePhase color:green;
[21:55:18.799] LOG: %cStart Phase MoveEffectPhase color:green;
[21:55:18.801] LOG: Applied Wide Lens 
[21:55:18.803] LOG: crit stage: +0
[21:55:18.806] LOG: Move: Ice Fang | Base damage: 197.18719999999996 | Power: 104 | Source attack: 138 | Target defense: 40
[21:55:18.807] LOG: Move: Ice Fang | Attack damage: 289
[21:55:18.807] LOG: Applied Amulet Coin 
[21:55:18.809] LOG: Applied Golden Punch 
[21:55:18.810] LOG: %cStart Phase ShowAbilityPhase color:green;
[21:55:18.968] LOG: %cStart Phase HideAbilityPhase color:green;
[21:55:19.016] LOG: %cStart Phase DamageAnimPhase color:green;
[21:55:19.052] LOG: %cStart Phase MessagePhase color:green;
[21:55:19.266] LOG: %cStart Phase FaintPhase color:green;
[21:55:20.183] LOG: %cStart Phase MessagePhase color:green;
[21:55:20.569] LOG: %cStart Phase VictoryPhase color:green;
[21:55:20.569] LOG: Applied Soothe Bell 
[21:55:20.570] LOG: %cStart Phase ShowPartyExpBarPhase color:green;
[21:55:20.570] LOG: Applied Super EXP. Charm 
[21:55:20.570] LOG: Applied EXP. Charm 
[21:55:20.570] LOG: %cStart Phase LevelUpPhase color:green;
[21:55:20.570] LOG: %cStart Phase HidePartyExpBarPhase color:green;
[21:55:20.570] LOG: %cStart Phase MoveEndPhase color:green;
[21:55:20.570] LOG: %cStart Phase MovePhase color:green;
[21:55:20.570] LOG: %cStart Phase MoveEndPhase color:green;
[21:55:20.570] LOG: %cStart Phase CheckInterludePhase color:green;
[21:55:20.570] LOG: %cStart Phase WeatherEffectPhase color:green;
[21:55:20.570] LOG: %cStart Phase PositionalTagPhase color:green;
[21:55:20.570] LOG: %cStart Phase BerryPhase color:green;
[21:55:20.571] LOG: %cStart Phase CheckStatusEffectPhase color:green;
[21:55:20.571] LOG: %cStart Phase TurnEndPhase color:green;
[21:55:20.571] LOG: %cStart Phase SwitchSummonPhase color:green;
[21:55:20.816] LOG: Localized grunt name: Aether Foundation Employee
[21:55:20.900] LOG: Applied Zinc (enemy)
[21:55:20.900] LOG: Applied HP Up (enemy)
[21:55:20.900] LOG: Applied Carbos (enemy)
[21:55:21.052] LOG: %cStart Phase PostSummonPhase color:green;
[21:55:21.052] LOG: Ran PSP for: Porygon2
[21:55:21.052] LOG: %cStart Phase PostSummonPhase color:green;
[21:55:21.054] LOG: %cStart Phase ShowAbilityPhase color:green;
[21:55:21.232] LOG: %cStart Phase MessagePhase color:green;
[21:55:21.499] LOG: %cStart Phase HideAbilityPhase color:green;
[21:55:21.532] LOG: %cStart Phase PostSummonPhase color:green;
[21:55:21.533] LOG: %cStart Phase TurnInitPhase color:green;
[21:55:21.533] LOG: %cStart Phase CommandPhase color:green;
[21:55:22.192] LOG: Move: ICE_FANG Move targets: {"targets":[2],"multiple":false} 
Player Pokemon: Chien-Pao
[21:55:22.192] LOG: %cStart Phase EnemyCommandPhase color:green;
[21:55:22.194] LOG: Applied X Sp. Def 
[21:55:22.195] LOG: Battle Seed: Al8PTtwR0hqiH6S6
[21:55:22.196] LOG: Move Pool: ["Tri Attack","Eerie Impulse","Conversion 2 (P)","Psycho Shift"]
[21:55:22.196] LOG: Move Scores: [31.5,6,0,-20]
[21:55:22.196] LOG: Sorted Move Pool: ["Tri Attack","Eerie Impulse","Conversion 2 (P)","Psycho Shift"]
[21:55:22.196] LOG: Chosen Move: Eerie Impulse
[21:55:22.196] LOG: %cStart Phase TurnStartPhase color:green;
[21:55:22.197] LOG: %cStart Phase MovePhase color:green;
[21:55:22.197] LOG: %cUser: Chien-Pao
Move: ICE_FANG
Use Mode: NORMAL color:orchid
[21:55:22.198] LOG: %cStart Phase MessagePhase color:green;
[21:55:22.315] LOG: %cStart Phase MoveEffectPhase color:green;
[21:55:22.316] LOG: Applied Wide Lens 
[21:55:22.316] LOG: crit stage: +0
[21:55:22.317] LOG: Move: Ice Fang | Base damage: 116.81599999999999 | Power: 104 | Source attack: 138 | Target defense: 68
[21:55:22.317] LOG: Move: Ice Fang | Attack damage: 155
[21:55:22.317] LOG: Applied Amulet Coin 
[21:55:22.318] LOG: Applied Golden Punch 
[21:55:22.318] LOG: %cStart Phase ShowAbilityPhase color:green;
[21:55:22.483] LOG: %cStart Phase HideAbilityPhase color:green;
[21:55:22.533] LOG: %cStart Phase DamageAnimPhase color:green;
[21:55:22.572] LOG: %cStart Phase MessagePhase color:green;
[21:55:22.765] LOG: %cStart Phase FaintPhase color:green;
[21:55:23.933] LOG: %cStart Phase MessagePhase color:green;
[21:55:24.385] LOG: %cStart Phase VictoryPhase color:green;
[21:55:24.385] LOG: Applied Soothe Bell 
[21:55:24.385] LOG: %cStart Phase ShowPartyExpBarPhase color:green;
[21:55:24.385] LOG: Applied Super EXP. Charm 
[21:55:24.385] LOG: Applied EXP. Charm 
[21:55:24.385] LOG: %cStart Phase LevelUpPhase color:green;
[21:55:24.386] LOG: %cStart Phase HidePartyExpBarPhase color:green;
[21:55:24.386] LOG: %cStart Phase MoveEndPhase color:green;
[21:55:24.386] LOG: %cStart Phase MovePhase color:green;
[21:55:24.386] LOG: %cStart Phase MoveEndPhase color:green;
[21:55:24.386] LOG: %cStart Phase CheckInterludePhase color:green;
[21:55:24.386] LOG: %cStart Phase WeatherEffectPhase color:green;
[21:55:24.386] LOG: %cStart Phase PositionalTagPhase color:green;
[21:55:24.386] LOG: %cStart Phase BerryPhase color:green;
[21:55:24.386] LOG: %cStart Phase CheckStatusEffectPhase color:green;
[21:55:24.386] LOG: %cStart Phase TurnEndPhase color:green;
[21:55:24.386] LOG: %cStart Phase BattleEndPhase color:green;
[21:55:24.386] LOG: Battle Score: 535 (3 Turns x0.84)
[21:55:24.386] LOG: Total Score: 6138
[21:55:24.394] LOG: %cStart Phase TrainerVictoryPhase color:green;
[21:55:24.395] LOG: Localized grunt name: Aether Foundation Employee
[21:55:24.744] LOG: Localized grunt name: Aether Foundation Employee
[21:55:24.745] LOG: Dialogue dialogue:aetherGrunt.victory.3 skipped
[21:55:24.745] LOG: %cStart Phase MoneyRewardPhase color:green;
[21:55:24.745] LOG: Applied Amulet Coin 
[21:55:25.127] LOG: %cStart Phase EggLapsePhase color:green;
[21:55:25.127] LOG: %cStart Phase SelectModifierPhase color:green;
[21:55:25.127] LOG: Wave Seed: ª¢¨«·¥¯³w¸³£¸tn¤¸± 62
[21:55:25.129] LOG: Applied Golden Poké Ball 
[21:55:25.129] LOG: 6 4 [2,3,4,5]
[21:55:25.129] LOG: {"id":"LURE","localeKey":"modifierType:ModifierType.LURE","iconImage":"lure","group":"lure","soundName":"se/restore","tier":0,"maxBattles":10} 
[21:55:25.129] LOG: 9 4 [2,3,4,5]
[21:55:25.129] LOG: {"id":"TM_COMMON","localeKey":"","iconImage":"tm_fighting","group":"tm","soundName":"se/restore","tier":0,"moveId":410} 
[21:55:25.129] LOG: 3 1 [2,5,6,7,8,9,10,16,23]
[21:55:25.129] LOG: {"id":"REVIVE","localeKey":"modifierType:ModifierType.REVIVE","iconImage":"revive","group":"revive","soundName":"se/restore","tier":1,"restorePoints":0,"restorePercent":50,"healStatus":false} 
[21:55:25.130] LOG: 0 0 [2,5,6,7,8,9,10,16,23]
[21:55:25.130] LOG: {"id":"GREAT_BALL","localeKey":"","iconImage":"gb","group":"pb","soundName":"se/pb_bounce_1","tier":1,"pokeballType":1,"count":5} 
[21:55:25.130] LOG: 6 4 [2,3,4,5]
[21:55:25.130] LOG: {"id":"LURE","localeKey":"modifierType:ModifierType.LURE","iconImage":"lure","group":"lure","soundName":"se/restore","tier":0,"maxBattles":10} 
[21:55:25.130] LOG: 0 0 [2,3,4,5]
[21:55:25.130] LOG: {"id":"POKEBALL","localeKey":"","iconImage":"pb","group":"pb","soundName":"se/pb_bounce_1","tier":0,"pokeballType":0,"count":5} 
[21:55:25.130] LOG: 9 4 [2,3,4,5]
[21:55:25.130] LOG: {"id":"TM_COMMON","localeKey":"","iconImage":"tm_fighting","group":"tm","soundName":"se/restore","tier":0,"moveId":410} 
[21:55:25.130] LOG: 9 4 [2,3,4,5]
[21:55:25.130] LOG: {"id":"TM_COMMON","localeKey":"","iconImage":"tm_normal","group":"tm","soundName":"se/restore","tier":0,"moveId":214} 
[21:55:25.130] LOG: 0 0 [2,3,4,5]
[21:55:25.130] LOG: {"id":"POKEBALL","localeKey":"","iconImage":"pb","group":"pb","soundName":"se/pb_bounce_1","tier":0,"pokeballType":0,"count":5} 
[21:55:25.131] LOG: 0 0 [2,3,4,5]
[21:55:25.131] LOG: {"id":"POKEBALL","localeKey":"","iconImage":"pb","group":"pb","soundName":"se/pb_bounce_1","tier":0,"pokeballType":0,"count":5} 
[21:55:25.131] LOG: 0 0 [2,3,4,5]
[21:55:25.131] LOG: {"id":"POKEBALL","localeKey":"","iconImage":"pb","group":"pb","soundName":"se/pb_bounce_1","tier":0,"pokeballType":0,"count":5} 
[21:55:25.131] LOG: 0 0 [2,3,4,5]
[21:55:25.131] LOG: {"id":"POKEBALL","localeKey":"","iconImage":"pb","group":"pb","soundName":"se/pb_bounce_1","tier":0,"pokeballType":0,"count":5} 
[21:55:25.131] LOG: 7 4 [2,3,4,5]
[21:55:25.131] LOG: {"id":"TEMP_STAT_STAGE_BOOSTER","localeKey":"","iconImage":"x_speed","soundName":"se/restore","tier":0,"stat":5,"nameKey":"x_speed","quantityKey":"percentage"} 
[21:55:26.564] LOG: %cStart Phase NewBattlePhase color:green;
[21:55:26.564] LOG: Wave Seed: «£©¬¸¦°´x¹´¤¹uo¥¹² 63
[21:55:26.564] LOG: %cStart Phase ReturnPhase color:green;
[21:55:26.682] LOG: %cStart Phase ShowTrainerPhase color:green;
[21:55:26.782] LOG: %cStart Phase NextEncounterPhase color:green;
[21:55:26.852] DEBUG: Session data saved to slot 0!
[21:55:26.852] LOG: Wave Seed: «£©¬¸¦°´x¹´¤¹uo¥¹² 63
[21:55:30.166] LOG: %cStart Phase MysteryEncounterPhase color:green;
[21:55:41.800] LOG: %cStart Phase MysteryEncounterOptionSelectedPhase color:green;
[21:55:41.803] LOG: Applied Soothe Bell 
[21:55:41.901] LOG: %cStart Phase MessagePhase color:green;
[21:55:42.577] LOG: %cStart Phase MysteryEncounterRewardsPhase color:green;
[21:55:42.577] LOG: %cStart Phase SelectModifierPhase color:green;
[21:55:42.577] LOG: Wave Seed: «£©¬¸¦°´x¹´¤¹uo¥¹² 63
[21:55:42.579] LOG: Applied Golden Poké Ball 
[21:56:06.250] LOG: %cStart Phase EggLapsePhase color:green;
[21:56:06.250] LOG: %cStart Phase PostMysteryEncounterPhase color:green;
[21:56:06.250] LOG: %cStart Phase NewBattlePhase color:green;
[21:56:06.250] LOG: Wave Seed: ¬¤ª­¹§±µyºµ¥ºvp¦º³ 64
[21:56:06.251] LOG: %cStart Phase NextEncounterPhase color:green;
[21:56:06.251] LOG: COMMON
[21:56:06.251] LOG: Comfey
[21:56:06.259] LOG: Pokemon: Foe Comfey | Species ID: 764 | Level: 45 | Nature: Brave (+Atk/-Spd)
[21:56:06.259] LOG: Stats (IVs): HP: 131 (28), Atk: 57 (12), Def: 99 (23), Spatk: 82 (8), Spdef: 108 (20), Spd: 90 (31)
[21:56:06.259] LOG: Ability: Flower Veil | Passive Ability: Natural Cure 
[21:56:06.259] LOG: Moveset: ["Disarming Voice","Hidden Power","Tailwind","Synthesis"]
[21:56:06.259] LOG: COMMON
[21:56:06.259] LOG: Corsola
[21:56:06.266] LOG: Pokemon: Foe Corsola | Species ID: 222 | Level: 45 | Nature: Brave (+Atk/-Spd)
[21:56:06.266] LOG: Stats (IVs): HP: 145 (6), Atk: 65 (17), Def: 104 (21), Spatk: 81 (30), Spdef: 101 (27), Spd: 37 (9)
[21:56:06.266] LOG: Ability: Rough Skin | Passive Ability: Natural Recovery 
[21:56:06.266] LOG: Moveset: ["Ancient Power","Water Pulse","Rock Polish","Amnesia"]
[21:56:06.266] LOG: COMMON
[21:56:06.266] LOG: Togedemaru
[21:56:06.274] LOG: Pokemon: Foe Togedemaru | Species ID: 777 | Level: 48 | Nature: Serious (-)
[21:56:06.274] LOG: Stats (IVs): HP: 123 (11), Atk: 114 (15), Def: 92 (12), Spatk: 52 (20), Spdef: 77 (30), Spd: 113 (21)
[21:56:06.274] LOG: Ability: Sturdy | Passive Ability: Iron Barbs 
[21:56:06.274] LOG: Moveset: ["Zing Zap","Homing Fletch","Iron Defense","Ion Deluge"]
[21:56:06.847] LOG: {"id":"BASE_STAT_BOOSTER","localeKey":"","iconImage":"carbos","soundName":"se/restore","tier":1,"stat":5,"key":"carbos"} (enemy)
[21:56:06.847] LOG: {"id":"BERRY","localeKey":"","iconImage":"apicot_berry","group":"berry","soundName":"se/restore","tier":0,"berryType":6} (enemy)
[21:56:06.847] LOG: Battle Seed: cvq22SX5A4JgNSbh
[21:56:06.848] LOG: Applied Carbos (enemy)
[21:56:06.848] LOG: Generated AI funcs
[21:56:06.894] DEBUG: Session data saved to slot 0!
[21:56:06.894] LOG: Wave Seed: ¬¤ª­¹§±µyºµ¥ºvp¦º³ 64
[21:56:07.100] LOG: Localized grunt name: Aether Foundation Employee
[21:56:07.100] LOG: Dialogue dialogue:aetherGrunt.encounter.2 skipped
[21:56:07.151] LOG: Localized grunt name: Aether Foundation Employee
[21:56:07.752] LOG: %cStart Phase SummonPhase color:green;
[21:56:07.753] LOG: Localized grunt name: Aether Foundation Employee
[21:56:07.935] LOG: Applied Carbos (enemy)
[21:56:08.066] LOG: %cStart Phase SummonPhase color:green;
[21:56:08.350] LOG: %cStart Phase ShinySparklePhase color:green;
[21:56:08.466] LOG: %cStart Phase ToggleDoublePositionPhase color:green;
[21:56:08.467] LOG: %cStart Phase InitEncounterPhase color:green;
[21:56:08.467] LOG: %cStart Phase PostSummonPhase color:green;
[21:56:08.467] LOG: Ran PSP for: Chien-Pao
[21:56:08.468] LOG: %cStart Phase PostSummonPhase color:green;
[21:56:08.468] LOG: %cStart Phase PostSummonPhase color:green;
[21:56:08.468] LOG: %cStart Phase ShowAbilityPhase color:green;
[21:56:08.636] LOG: %cStart Phase MessagePhase color:green;
[21:56:08.967] LOG: %cStart Phase HideAbilityPhase color:green;
[21:56:09.000] LOG: %cStart Phase PostSummonPhase color:green;
[21:56:09.000] LOG: Ran PSP for: Comfey
[21:56:09.000] LOG: %cStart Phase PostSummonPhase color:green;
[21:56:09.000] LOG: %cStart Phase PostSummonPhase color:green;
[21:56:09.001] LOG: %cStart Phase TurnInitPhase color:green;
[21:56:09.001] LOG: %cStart Phase CommandPhase color:green;
