url:      https://elite-redux-staging.pages.dev/
build:    mqjts635-jy50
mode:     0  wave:3
seed:     AcgrHwKxAXMzxBt352g9jwWi
party:    Cyndaquil(L5 20hp f0), Squirtle(L5 2hp f0), Sprigatito(L5 19hp f0)
enemy:    Purrloin(L3)

----- CONSOLE -----
[19:37:54.553] LOG: %c %c %c %c %c Phaser v3.90.0 (WebGL | Web Audio) %c https://phaser.io/v390 background: #ff0000 background: #ffff00 background: #00ff00 background: #00ffff color: #ffffff; background: #000000 background: transparent
[19:37:56.464] WARN: [er-b1c] 1 mega-form injection issues: ["ER mega target 1850 has no primary type"]
[19:37:57.018] LOG: [ER] build mqjts635-jy50
[19:37:57.121] LOG: [dev-tools] loaded — 212 scenarios + Send Logs button
[19:38:45.111] DEBUG: Destroying loading scene
[19:38:45.111] DEBUG: Destroyed loading scene
[19:38:46.157] LOG: Seed: wS1WQKrcNh6V8IG7FqwUj8Xw
[19:38:46.158] LOG: Wave Seed: wS1WQKrcNh6V8IG7FqwUj8Xw 0
[19:38:58.338] LOG: %cStart Phase LoginPhase color:green;
[19:38:59.122] LOG: Client Session: WRQMmnxSlrS3hx53hfzpWmTe51CqOo6r
[19:39:01.652] DEBUG: Using cached system data
[19:39:02.652] LOG: %cStart Phase TitlePhase color:green;
[19:39:02.687] LOG: use seasonal splash messages true
[19:39:02.689] LOG: Adding 2 Pride Month splash messages (weight: x15)
[19:39:08.600] LOG: %cStart Phase TitlePhase color:green;
[19:39:08.618] LOG: use seasonal splash messages true
[19:39:08.619] LOG: Adding 2 Pride Month splash messages (weight: x15)
[19:39:09.982] LOG: Getting Session Slot id: %d 0
[19:39:10.007] LOG: Getting Session Slot id: %d 1
[19:39:10.012] LOG: Getting Session Slot id: %d 2
[19:39:10.016] LOG: Getting Session Slot id: %d 3
[19:39:10.024] LOG: Getting Session Slot id: %d 4
[19:39:10.033] LOG: Getting Session Slot id: %d 0
[19:39:10.376] ERROR: Invalid save data JSON detected! Session not found.
[19:39:10.377] ERROR: Invalid save data JSON detected! Session not found.
[19:39:10.380] ERROR: Invalid save data JSON detected! Session not found.
[19:39:10.381] ERROR: Invalid save data JSON detected! Session not found.
[19:39:13.982] LOG: Getting Session Slot id: %d 0
[19:39:13.991] LOG: Wave Seed: AcgrHwKxAXMzxBt352g9jwWi 0
[19:39:13.991] LOG: Seed: AcgrHwKxAXMzxBt352g9jwWi
[19:39:14.080] LOG: Wave Seed: DfjuKzN{D[P}{Ew685j<mzZl 3
[19:39:14.285] LOG: %cStart Phase EncounterPhase color:green;
[19:39:14.302] LOG: Pokemon: Wild Purrloin | Species ID: 509 | Level: 3 | Nature: Serious (-)
[19:39:14.303] LOG: Stats (IVs): HP: 16 (23), Atk: 9 (9), Def: 7 (22), Spatk: 8 (0), Spdef: 7 (23), Spd: 9 (21)
[19:39:14.303] LOG: Ability: Sniper | Passive Ability: Prankster 
[19:39:14.303] LOG: Moveset: ["Hone Claws","After You","Quick Attack","Fake Out"]
[19:39:16.775] LOG: Wave Seed: DfjuKzN{D[P}{Ew685j<mzZl 3
[19:39:17.346] LOG: %cStart Phase SummonPhase color:green;
[19:39:17.711] LOG: %cStart Phase CheckSwitchPhase color:green;
[19:39:24.620] LOG: %cStart Phase InitEncounterPhase color:green;
[19:39:24.621] LOG: %cStart Phase PostSummonPhase color:green;
[19:39:24.621] LOG: Ran PSP for: Purrloin
[19:39:24.622] LOG: %cStart Phase PostSummonPhase color:green;
[19:39:24.622] LOG: %cStart Phase PostSummonPhase color:green;
[19:39:24.623] LOG: %cStart Phase TurnInitPhase color:green;
[19:39:24.624] LOG: %cStart Phase CommandPhase color:green;
[19:39:37.841] LOG: Move: FLAME_WHEEL Move targets: {"targets":[2],"multiple":false} 
Player Pokemon: Cyndaquil
[19:39:37.845] LOG: %cStart Phase EnemyCommandPhase color:green;
[19:39:37.854] LOG: Battle Seed: URuuMoVf6nydGYYN
[19:39:37.861] LOG: Move Pool: ["Hone Claws","After You","Quick Attack","Fake Out"]
[19:39:37.861] LOG: Move Scores: [4,-20,8,13]
[19:39:37.862] LOG: Sorted Move Pool: ["Fake Out","Quick Attack","Hone Claws","After You"]
[19:39:37.862] LOG: Chosen Move: Fake Out
[19:39:37.862] LOG: %cStart Phase TurnStartPhase color:green;
[19:39:37.868] LOG: %cStart Phase MovePhase color:green;
[19:39:37.869] LOG: %cUser: Purrloin
Move: FAKE_OUT
Use Mode: NORMAL color:orchid
[19:39:37.881] LOG: %cStart Phase MessagePhase color:green;
