{
  "invariant": "no-park",
  "seed": 20260723,
  "wave": 52,
  "detail": "wave driving threw (strand/stall): client phase drive to guest command 52:4 HANG on TitlePhase; queued=[], ui=TITLE",
  "replay": "SOAK_SEED=20260723",
  "phaseState": {
    "hostPhase": "CommandPhase",
    "guestPhase": "TitlePhase",
    "hostInteractionCounter": 61,
    "guestInteractionCounter": 61,
    "hostWave": 52,
    "hostBattleType": 0,
    "hostPlayerField": [
      {
        "id": 1694808340,
        "battlerIndex": -1,
        "speciesId": 149,
        "speciesName": "Dragonite",
        "hp": 213,
        "maxHp": 213,
        "fainted": false,
        "status": 0,
        "statStages": [
          0,
          0,
          0,
          0,
          0,
          0,
          0
        ],
        "moves": [
          {
            "id": 153,
            "ppUsed": 0
          },
          {
            "id": 247,
            "ppUsed": 3
          },
          {
            "id": 53,
            "ppUsed": 0
          },
          {
            "id": 85,
            "ppUsed": 0
          }
        ],
        "coopOwner": "host"
      },
      {
        "id": 959897263,
        "battlerIndex": -1,
        "speciesId": 445,
        "speciesName": "Garchomp",
        "hp": 112,
        "maxHp": 235,
        "fainted": false,
        "status": 0,
        "statStages": [
          0,
          0,
          -2,
          0,
          0,
          0,
          0
        ],
        "moves": [
          {
            "id": 153,
            "ppUsed": 0
          },
          {
            "id": 247,
            "ppUsed": 0
          },
          {
            "id": 53,
            "ppUsed": 0
          },
          {
            "id": 85,
            "ppUsed": 3
          }
        ],
        "coopOwner": "guest"
      }
    ],
    "hostEnemyField": [
      {
        "id": 3616714440,
        "battlerIndex": -1,
        "speciesId": 631,
        "speciesName": "Heatmor",
        "hp": 92,
        "maxHp": 115,
        "fainted": false,
        "status": 0,
        "statStages": [
          0,
          0,
          0,
          1,
          0,
          0,
          0
        ],
        "moves": [
          {
            "id": 5045,
            "ppUsed": 0
          },
          {
            "id": 418,
            "ppUsed": 0
          },
          {
            "id": 231,
            "ppUsed": 3
          },
          {
            "id": 108,
            "ppUsed": 0
          }
        ]
      },
      {
        "id": 3640066262,
        "battlerIndex": -1,
        "speciesId": 38,
        "speciesName": "Ninetales",
        "hp": 0,
        "maxHp": 104,
        "fainted": true,
        "status": 7,
        "statStages": [
          0,
          0,
          0,
          0,
          0,
          0,
          0
        ],
        "moves": [
          {
            "id": 510,
            "ppUsed": 0
          },
          {
            "id": 595,
            "ppUsed": 2
          },
          {
            "id": 46,
            "ppUsed": 0
          },
          {
            "id": 286,
            "ppUsed": 0
          }
        ]
      }
    ],
    "guestPlayerField": [],
    "guestEnemyField": []
  },
  "actionScript": [
    "SKIP mysteryEncounterDisabledV1",
    "content seed=coop-soak-20260723 preseeded=false",
    "wave 1 turn 1: replay guest crossed cmd:1:1 through real public COMMAND=opened",
    "wave 1: host slot move=53 guest slot move=53",
    "wave 1 turn 1: guest SWITCH -> party[3]",
    "wave 1 turn 1: progress enemyHp=[16:0/14,263:13/14] playerHp=[143:303/303,248:224/225]",
    "wave 1 turn 2: replay guest crossed cmd:1:2 through real public COMMAND=opened",
    "wave 1 turn 2: guest SWITCH -> party[3]",
    "wave 1: reward shop owner=host take-nonparty",
    "wave 2 turn 1: replay guest crossed cmd:2:1 through real public COMMAND=opened",
    "wave 2 turn 1: staged guest-owned lead at 1 HP on both engines",
    "wave 2: host slot move=247 guest slot move=85",
    "wave 2 turn 1: forced-faint guest EXPLOSION self-KO",
    "wave 2 turn 1: progress enemyHp=[69:0/18,415:14/14] playerHp=[143:303/303,94:0/179]",
    "wave 2 turn 2: replay guest crossed cmd:2:2 through real public COMMAND=opened",
    "wave 2: reward shop owner=guest leave",
    "wave 3 turn 1: replay guest crossed cmd:3:1 through real public COMMAND=opened",
    "wave 3: host slot move=53 guest slot move=247",
    "wave 3 turn 1: progress enemyHp=[273:0/16,420:0/16] playerHp=[143:303/303,248:223/225]",
    "wave 3: reward shop owner=host leave",
    "wave 4 turn 1: replay guest crossed cmd:4:1 through real public COMMAND=opened",
    "wave 4: host slot move=85 guest slot move=85",
    "wave 4 turn 1: guest SWITCH -> party[3]",
    "wave 4 turn 1: progress enemyHp=[924:0/19,293:18/18] playerHp=[143:303/303,94:89/179]",
    "wave 4 turn 2: replay guest crossed cmd:4:2 through real public COMMAND=opened",
    "wave 4: reward shop owner=guest leave",
    "wave 5 turn 1: replay guest crossed cmd:5:1 through real public COMMAND=opened",
    "wave 5: TRAINER (fixed)",
    "wave 5: host slot move=53 guest slot move=85",
    "wave 5 turn 1: progress enemyHp=[506:0/18,261:0/18] playerHp=[143:303/303,94:89/179]",
    "wave 5: reward shop owner=host leave",
    "wave 5: guest chose Crossroads Leave through public UI",
    "wave 5: guest drove World Map via public UI=true and both consumed 1827622224468126:1:BIOME_PICK:9700005",
    "wave 6 turn 1: replay guest crossed cmd:6:1 through real public COMMAND=opened",
    "wave 6: BIOME 0->1",
    "wave 6: host slot move=85 guest slot move=85",
    "wave 6 turn 1: progress enemyHp=[263:0/20,161:0/20] playerHp=[143:303/303,94:89/179]",
    "wave 6: reward shop owner=host take-nonparty",
    "wave 7 turn 1: replay guest crossed cmd:7:1 through real public COMMAND=opened",
    "wave 7: host slot move=53 guest slot move=53",
    "wave 7 turn 1: progress enemyHp=[261:0/22,734:0/23] playerHp=[143:303/303,94:89/179]",
    "wave 7: reward shop owner=guest leave",
    "wave 8 turn 1: replay guest crossed cmd:8:1 through real public COMMAND=opened",
    "wave 8: TRAINER (fixed)",
    "wave 8: host slot move=85 guest slot move=85",
    "wave 8 turn 1: progress enemyHp=[810:0/26,661:0/23] playerHp=[143:303/303,94:100/179]",
    "wave 8: reward shop owner=host leave",
    "wave 9 turn 1: replay guest crossed cmd:9:1 through real public COMMAND=opened",
    "wave 9 turn 1: host SWITCH -> party[2]",
    "wave 9: host slot move=247 guest slot move=53",
    "wave 9 turn 1: progress enemyHp=[10194:21/21,819:0/28] playerHp=[149:213/213,94:111/179]",
    "wave 9 turn 2: replay guest crossed cmd:9:2 through real public COMMAND=opened",
    "wave 9: reward shop owner=guest take-nonparty",
    "wave 10 turn 1: replay guest crossed cmd:10:1 through real public COMMAND=opened",
    "wave 10: host slot move=85 guest slot move=85",
    "wave 10 turn 1: guest SWITCH -> party[3]",
    "wave 10 turn 1: progress enemyHp=[83:0/26,161:26/26] playerHp=[149:213/213,248:225/225]",
    "wave 10 turn 2: replay guest crossed cmd:10:2 through real public COMMAND=opened",
    "wave 10: biome market owner=host leave",
    "wave 10: drained 1 milestone reward continuation(s)",
    "wave 10: guest chose Crossroads Leave through public UI",
    "wave 10: guest drove World Map via public UI=true and both consumed 1827622224468126:1:BIOME_PICK:9700011",
    "wave 11 turn 1: replay guest crossed cmd:11:1 through real public COMMAND=opened",
    "wave 11: BIOME 1->2",
    "wave 11: host slot move=247 guest slot move=53",
    "wave 11 turn 1: progress enemyHp=[546:0/26,266:0/28] playerHp=[149:213/213,248:225/225]",
    "wave 11: reward shop owner=host take-nonparty",
    "wave 12 turn 1: replay guest crossed cmd:12:1 through real public COMMAND=opened",
    "wave 12: host slot move=247 guest slot move=85",
    "wave 12 turn 1: progress enemyHp=[285:0/30,191:0/29] playerHp=[149:213/213,248:225/225]",
    "wave 12: reward shop owner=guest leave",
    "wave 13 turn 1: replay guest crossed cmd:13:1 through real public COMMAND=opened",
    "wave 13 turn 1: host SWITCH -> party[2]",
    "wave 13: host slot move=85 guest slot move=53",
    "wave 13 turn 1: progress enemyHp=[187:26/26,285:0/32] playerHp=[143:303/303,248:225/225]",
    "wave 13 turn 2: replay guest crossed cmd:13:2 through real public COMMAND=opened",
    "wave 13 turn 2: guest SWITCH -> party[3]",
    "wave 13: reward shop owner=host leave",
    "wave 14 turn 1: replay guest crossed cmd:14:1 through real public COMMAND=opened",
    "wave 14: host slot move=53 guest slot move=85",
    "wave 14 turn 1: progress enemyHp=[191:0/31,543:0/27] playerHp=[143:303/303,94:179/179]",
    "wave 14: reward shop owner=guest take-nonparty",
    "wave 15 turn 1: replay guest crossed cmd:15:1 through real public COMMAND=opened",
    "wave 15 turn 1: host SWITCH -> party[2]",
    "wave 15: host slot move=53 guest slot move=247",
    "wave 15 turn 1: guest SWITCH -> party[3]",
    "wave 15 turn 1: progress enemyHp=[187:30/30,543:29/29] playerHp=[149:213/213,248:225/225]",
    "wave 15 turn 2: replay guest crossed cmd:15:2 through real public COMMAND=opened",
    "wave 15: reward shop owner=host take-nonparty",
    "wave 15: guest chose Crossroads Leave through public UI",
    "wave 15: guest drove World Map via public UI=true and both consumed 1827622224468126:1:BIOME_PICK:9700017",
    "wave 16 turn 1: replay guest crossed cmd:16:1 through real public COMMAND=opened",
    "wave 16: BIOME 2->3",
    "wave 16: host slot move=247 guest slot move=53",
    "wave 16 turn 1: progress enemyHp=[919:27/27,753:0/33] playerHp=[149:213/213,248:225/225]",
    "wave 16 turn 2: replay guest crossed cmd:16:2 through real public COMMAND=opened",
    "wave 16: reward shop owner=host leave",
    "wave 17 turn 1: replay guest crossed cmd:17:1 through real public COMMAND=opened",
    "wave 17: host slot move=53 guest slot move=247",
    "wave 17 turn 1: progress enemyHp=[20:0/36,753:0/35] playerHp=[149:213/213,248:225/225]",
    "wave 17: reward shop owner=guest take-nonparty",
    "wave 18 turn 1: replay guest crossed cmd:18:1 through real public COMMAND=opened",
    "wave 18: host slot move=247 guest slot move=247",
    "wave 18 turn 1: progress enemyHp=[665:0/34,919:31/31] playerHp=[149:213/213,248:225/225]",
    "wave 18 turn 2: replay guest crossed cmd:18:2 through real public COMMAND=opened",
    "wave 18: reward shop owner=host leave",
    "wave 19 turn 1: replay guest crossed cmd:19:1 through real public COMMAND=opened",
    "wave 19 turn 1: host SWITCH -> party[2]",
    "wave 19: host slot move=85 guest slot move=85",
    "wave 19 turn 1: progress enemyHp=[176:42/42,64:0/37] playerHp=[143:303/303,248:225/225]",
    "wave 19 turn 2: replay guest crossed cmd:19:2 through real public COMMAND=opened",
    "wave 19: reward shop owner=guest take-nonparty",
    "wave 20 turn 1: replay guest crossed cmd:20:1 through real public COMMAND=opened",
    "wave 20: TRAINER (random)",
    "wave 20: host slot move=85 guest slot move=85",
    "wave 20 turn 1: progress enemyHp=[928:0/37,438:3/42] playerHp=[143:303/303,248:225/225]",
    "wave 20 turn 2: replay guest crossed cmd:20:2 through real public COMMAND=opened",
    "wave 20 turn 2: host SWITCH -> party[2]",
    "wave 20: biome market owner=host leave",
    "wave 20: drained 1 milestone reward continuation(s)",
    "wave 20: guest chose Crossroads Leave through public UI",
    "wave 20: guest drove World Map via public UI=true and both consumed 1827622224468126:1:BIOME_PICK:9700023",
    "wave 21 turn 1: replay guest crossed cmd:21:1 through real public COMMAND=opened",
    "wave 21: BIOME 3->5",
    "wave 21: host slot move=247 guest slot move=53",
    "wave 21 turn 1: guest SWITCH -> party[3]",
    "wave 21 turn 1: progress enemyHp=[917:0/38,23:41/41] playerHp=[149:213/213,94:179/179]",
    "wave 21 turn 2: replay guest crossed cmd:21:2 through real public COMMAND=opened",
    "wave 21 turn 2: host SWITCH -> party[2]",
    "wave 21: reward shop owner=host leave",
    "wave 22 turn 1: replay guest crossed cmd:22:1 through real public COMMAND=opened",
    "wave 22: host slot move=53 guest slot move=53",
    "wave 22 turn 1: guest SWITCH -> party[3]",
    "wave 22 turn 1: progress enemyHp=[285:0/45,15:49/49] playerHp=[143:303/303,248:219/225]",
    "wave 22 turn 2: replay guest crossed cmd:22:2 through real public COMMAND=opened",
    "wave 22: reward shop owner=guest take-nonparty",
    "wave 23 turn 1: replay guest crossed cmd:23:1 through real public COMMAND=opened",
    "wave 23: host slot move=247 guest slot move=247",
    "wave 23 turn 1: progress enemyHp=[285:0/47,285:0/47] playerHp=[143:303/303,248:213/225]",
    "wave 23: reward shop owner=host leave",
    "wave 24 turn 1: replay guest crossed cmd:24:1 through real public COMMAND=opened",
    "wave 24: host slot move=85 guest slot move=85",
    "wave 24 turn 1: guest SWITCH -> party[3]",
    "wave 24 turn 1: progress enemyHp=[216:0/47,543:36/36] playerHp=[143:303/303,94:178/179]",
    "wave 24 turn 2: replay guest crossed cmd:24:2 through real public COMMAND=opened",
    "wave 24: reward shop owner=guest take-nonparty",
    "wave 25 turn 1: replay guest crossed cmd:25:1 through real public COMMAND=opened",
    "wave 25: TRAINER (fixed)",
    "wave 25: host slot move=53 guest slot move=53",
    "wave 25 turn 1: progress enemyHp=[811:0/58,662:0/53] playerHp=[143:303/303,94:179/179]",
    "wave 25 turn 2: replay guest crossed cmd:25:2 through real public COMMAND=opened",
    "wave 25 turn 2: host SWITCH -> party[2]",
    "wave 25: reward shop owner=host leave",
    "wave 25: guest chose Crossroads Leave through public UI",
    "wave 25: guest drove World Map via public UI=true and both consumed 1827622224468126:1:BIOME_PICK:9700029",
    "wave 26 turn 1: replay guest crossed cmd:26:1 through real public COMMAND=opened",
    "wave 26: BIOME 5->27",
    "wave 26: host slot move=247 guest slot move=53",
    "wave 26 turn 1: progress enemyHp=[193:0/59,595:0/51] playerHp=[149:213/213,94:179/179]",
    "wave 26: reward shop owner=host leave",
    "wave 27 turn 1: replay guest crossed cmd:27:1 through real public COMMAND=opened",
    "wave 27: host slot move=85 guest slot move=85",
    "wave 27 turn 1: progress enemyHp=[674:0/63,753:0/50] playerHp=[149:213/213,94:179/179]",
    "wave 27: reward shop owner=guest leave",
    "wave 28 turn 1: replay guest crossed cmd:28:1 through real public COMMAND=opened",
    "wave 28: host slot move=247 guest slot move=53",
    "wave 28 turn 1: guest SWITCH -> party[3]",
    "wave 28 turn 1: progress enemyHp=[674:0/65,513:56/56] playerHp=[149:210/213,248:225/225]",
    "wave 28 turn 2: replay guest crossed cmd:28:2 through real public COMMAND=opened",
    "wave 28: reward shop owner=host take-nonparty",
    "wave 29 turn 1: replay guest crossed cmd:29:1 through real public COMMAND=opened",
    "wave 29 turn 1: host SWITCH -> party[2]",
    "wave 29: host slot move=53 guest slot move=85",
    "wave 29 turn 1: progress enemyHp=[190:58/58,590:0/63] playerHp=[143:303/303,248:225/225]",
    "wave 29 turn 2: replay guest crossed cmd:29:2 through real public COMMAND=opened",
    "wave 29: reward shop owner=guest leave",
    "wave 30 turn 1: replay guest crossed cmd:30:1 through real public COMMAND=opened",
    "wave 30: host slot move=53 guest slot move=53",
    "wave 30 turn 1: progress enemyHp=[193:0/75,336:0/79] playerHp=[143:303/303,248:225/225]",
    "wave 30: biome market owner=host leave",
    "wave 30: drained 1 milestone reward continuation(s)",
    "wave 30: guest chose Crossroads Leave through public UI",
    "wave 30: guest drove World Map via public UI=true and both consumed 1827622224468126:1:BIOME_PICK:9700035",
    "wave 31 turn 1: replay guest crossed cmd:31:1 through real public COMMAND=opened",
    "wave 31: BIOME 27->29",
    "wave 31: host slot move=247 guest slot move=53",
    "wave 31 turn 1: progress enemyHp=[104:0/58,343:0/58] playerHp=[143:303/303,248:225/225]",
    "wave 31: reward shop owner=host leave",
    "wave 32 turn 1: replay guest crossed cmd:32:1 through real public COMMAND=opened",
    "wave 32: host slot move=247 guest slot move=53",
    "wave 32 turn 1: progress enemyHp=[177:0/50,92:0/48] playerHp=[143:303/303,248:169/225]",
    "wave 32: reward shop owner=guest leave",
    "wave 33 turn 1: replay guest crossed cmd:33:1 through real public COMMAND=opened",
    "wave 33: host slot move=247 guest slot move=53",
    "wave 33 turn 1: progress enemyHp=[679:0/54,562:0/55] playerHp=[143:303/303,248:113/225]",
    "wave 33: reward shop owner=host leave",
    "wave 34 turn 1: replay guest crossed cmd:34:1 through real public COMMAND=opened",
    "wave 34 turn 1: host SWITCH -> party[2]",
    "wave 34: host slot move=53 guest slot move=53",
    "wave 34 turn 1: progress enemyHp=[451:65/65,92:0/52] playerHp=[149:213/213,248:57/225]",
    "wave 34 turn 2: replay guest crossed cmd:34:2 through real public COMMAND=opened",
    "wave 34: reward shop owner=guest leave",
    "wave 35 turn 1: replay guest crossed cmd:35:1 through real public COMMAND=opened",
    "wave 35: TRAINER (fixed)",
    "wave 35: host slot move=85 guest slot move=247",
    "wave 35 turn 1: progress enemyHp=[919:0/57,951:0/65] playerHp=[149:213/213,248:1/225]",
    "wave 35: reward shop owner=host take-nonparty",
    "wave 35: guest chose Crossroads Leave through public UI",
    "wave 35: guest drove World Map via public UI=true and both consumed 1827622224468126:1:BIOME_PICK:9700041",
    "wave 36 turn 1: replay guest crossed cmd:36:1 through real public COMMAND=opened",
    "wave 36: BIOME 29->14",
    "wave 36: host slot move=53 guest slot move=53",
    "wave 36 turn 1: progress enemyHp=[451:0/65,946:0/63] playerHp=[149:200/213,248:1/225]",
    "wave 36: reward shop owner=host take-nonparty",
    "wave 37 turn 1: replay guest crossed cmd:37:1 through real public COMMAND=opened",
    "wave 37: host slot move=247 guest slot move=247",
    "wave 37 turn 1: progress enemyHp=[207:0/72,449:0/76] playerHp=[149:187/213,248:1/225]",
    "wave 37: reward shop owner=guest take-nonparty",
    "wave 38 turn 1: replay guest crossed cmd:38:1 through real public COMMAND=opened",
    "wave 38: host slot move=53 guest slot move=53",
    "wave 38 turn 1: progress enemyHp=[347:0/63,843:0/64] playerHp=[149:174/213,248:1/225]",
    "wave 38: reward shop owner=host take-nonparty",
    "wave 39 turn 1: replay guest crossed cmd:39:1 through real public COMMAND=opened",
    "wave 39: host slot move=247 guest slot move=247",
    "wave 39 turn 1: progress enemyHp=[946:0/65,449:40/79] playerHp=[149:161/213,248:0/225]",
    "wave 39 turn 2: replay guest crossed cmd:39:2 through real public COMMAND=opened",
    "wave 39: reward shop owner=guest take-nonparty",
    "wave 40 turn 1: replay guest crossed cmd:40:1 through real public COMMAND=opened",
    "wave 40 turn 1: host SWITCH -> party[2]",
    "wave 40: host slot move=53 guest slot move=53",
    "wave 40 turn 1: guest SWITCH -> party[5]",
    "wave 40 turn 1: progress enemyHp=[554:83/88,84:75/75] playerHp=[143:260/303,445:207/235]",
    "wave 40 turn 2: replay guest crossed cmd:40:2 through real public COMMAND=opened",
    "wave 40 turn 3: replay guest crossed cmd:40:3 through real public COMMAND=opened",
    "wave 40: biome market owner=host leave",
    "wave 40: drained 1 milestone reward continuation(s)",
    "wave 40: guest chose Crossroads Leave through public UI",
    "wave 40: guest drove World Map via public UI=true and both consumed 1827622224468126:1:BIOME_PICK:9700047",
    "wave 41 turn 1: replay guest crossed cmd:41:1 through real public COMMAND=opened",
    "wave 41: BIOME 14->22",
    "wave 41: host slot move=247 guest slot move=247",
    "wave 41 turn 1: progress enemyHp=[325:0/72,605:0/83] playerHp=[143:303/303,445:235/235]",
    "wave 41: reward shop owner=host leave",
    "wave 42 turn 1: replay guest crossed cmd:42:1 through real public COMMAND=opened",
    "wave 42: host slot move=85 guest slot move=85",
    "wave 42 turn 1: progress enemyHp=[958:0/83,177:0/71] playerHp=[143:303/303,445:235/235]",
    "wave 42: reward shop owner=guest leave",
    "wave 43 turn 1: replay guest crossed cmd:43:1 through real public COMMAND=opened",
    "wave 43: host slot move=85 guest slot move=85",
    "wave 43 turn 1: progress enemyHp=[177:0/69,177:0/64] playerHp=[143:303/303,445:235/235]",
    "wave 43: reward shop owner=host take-nonparty",
    "wave 44 turn 1: replay guest crossed cmd:44:1 through real public COMMAND=opened",
    "wave 44: host slot move=247 guest slot move=85",
    "wave 44 turn 1: progress enemyHp=[64:0/73,202:10/153] playerHp=[143:303/303,445:92/235]",
    "wave 44 turn 2: replay guest crossed cmd:44:2 through real public COMMAND=opened",
    "wave 44: reward shop owner=guest leave",
    "wave 45 turn 1: replay guest crossed cmd:45:1 through real public COMMAND=opened",
    "wave 45: host slot move=53 guest slot move=53",
    "wave 45 turn 1: progress enemyHp=[97:54/108,958:0/88] playerHp=[143:303/303,445:209/235]",
    "wave 45 turn 2: replay guest crossed cmd:45:2 through real public COMMAND=opened",
    "wave 45: reward shop owner=host leave",
    "wave 45: guest chose Crossroads Leave through public UI",
    "wave 45: guest drove World Map via public UI=true and both consumed 1827622224468126:1:BIOME_PICK:9700053",
    "wave 46 turn 1: replay guest crossed cmd:46:1 through real public COMMAND=opened",
    "wave 46: BIOME 22->11",
    "wave 46 turn 1: host SWITCH -> party[2]",
    "wave 46: host slot move=247 guest slot move=85",
    "wave 46 turn 1: progress enemyHp=[662:91/91,277:0/82] playerHp=[149:213/213,445:209/235]",
    "wave 46 turn 2: replay guest crossed cmd:46:2 through real public COMMAND=opened",
    "wave 46: reward shop owner=host leave",
    "wave 47 turn 1: replay guest crossed cmd:47:1 through real public COMMAND=opened",
    "wave 47: host slot move=53 guest slot move=53",
    "wave 47 turn 1: progress enemyHp=[397:0/87,17:0/81] playerHp=[149:213/213,445:199/235]",
    "wave 47: reward shop owner=guest leave",
    "wave 48 turn 1: replay guest crossed cmd:48:1 through real public COMMAND=opened",
    "wave 48: host slot move=85 guest slot move=53",
    "wave 48 turn 1: guest SWITCH -> party[3]",
    "wave 48 turn 1: progress enemyHp=[333:0/74,67:100/100] playerHp=[149:213/213,248:225/225]",
    "wave 48 turn 2: replay guest crossed cmd:48:2 through real public COMMAND=opened",
    "wave 48: reward shop owner=host leave",
    "wave 49 turn 1: replay guest crossed cmd:49:1 through real public COMMAND=opened",
    "wave 49: host slot move=53 guest slot move=53",
    "wave 49 turn 1: guest SWITCH -> party[3]",
    "wave 49 turn 1: progress enemyHp=[17:0/87,662:95/95] playerHp=[149:213/213,445:195/235]",
    "wave 49 turn 2: replay guest crossed cmd:49:2 through real public COMMAND=opened",
    "wave 49: reward shop owner=guest leave",
    "wave 50 turn 1: replay guest crossed cmd:50:1 through real public COMMAND=opened",
    "wave 50: TRAINER (random)",
    "wave 50: host slot move=53 guest slot move=85",
    "wave 50 turn 1: progress enemyHp=[430:46/122,178:76/121] playerHp=[149:213/213,445:143/235]",
    "wave 50 turn 2: replay guest crossed cmd:50:2 through real public COMMAND=opened",
    "wave 50 turn 3: replay guest crossed cmd:50:3 through real public COMMAND=opened",
    "wave 50: biome market owner=host leave",
    "wave 50: drained 1 milestone reward continuation(s)",
    "wave 50: guest chose Crossroads Leave through public UI",
    "wave 50: guest drove World Map via public UI=true and both consumed 1827622224468126:1:BIOME_PICK:9700059",
    "wave 51 turn 1: replay guest crossed cmd:51:1 through real public COMMAND=opened",
    "wave 51: BIOME 11->18",
    "wave 51: host slot move=53 guest slot move=85",
    "wave 51 turn 1: progress enemyHp=[307:78/78,325:100/100] playerHp=[149:213/213,445:235/235]",
    "wave 51 turn 2: replay guest crossed cmd:51:2 through real public COMMAND=opened",
    "wave 51 turn 3: replay guest crossed cmd:51:3 through real public COMMAND=opened",
    "wave 51: reward shop owner=host take-nonparty",
    "wave 52 turn 1: replay guest crossed cmd:52:1 through real public COMMAND=opened",
    "wave 52: host slot move=247 guest slot move=85",
    "wave 52 turn 1: progress enemyHp=[631:67/115,38:54/104] playerHp=[149:213/213,445:187/235]",
    "wave 52 turn 2: replay guest crossed cmd:52:2 through real public COMMAND=opened",
    "wave 52 turn 3: replay guest crossed cmd:52:3 through real public COMMAND=opened"
  ]
}