url:      https://showdown-sync.elite-redux-staging.pages.dev/
build:    local:mrxu4zst:5ef0d63c53bc7045
ua:       Mozilla/5.0 (Windows NT 10.0; Win64; x64) AppleWebKit/537.36 (KHTML, like Gecko) Chrome/150.0.0.0 Safari/537.36
platform: Win32
screen:   1920x1080 @1x  devmem:16 GB
boot:     boot-start@0ms -> loading-complete@28021ms -> title-shown@35375ms
lastSess: crashed after boot-start
mode:     7  wave:1
seed:     showdown-sync:e8e9576b53ecbef6:7e4d524f2f72f1e3
party:    Vulnona(L100 287hp f0), Arkani(L100 321hp f1)
enemy:    Simsala(L100), Stahlos(L100), Lapras(L100)

----- BUILD IDENTITY (JSON) -----
{"version":1,"id":"local:mrxu4zst:5ef0d63c53bc7045","source":"local","sha":null,"workflow":null,"deployment":null}

----- CO-OP REPORT CORRELATION (JSON) -----
{"version":1,"pairKey":"coop-v1|session=-|run=82bb40ab-6475-464a-adfd-48dd9d11bfb7|epoch=1827667191454364|seed=showdown-sync%3Ae8e9576b53ecbef6%3A7e4d524f2f72f1e3","runId":"82bb40ab-6475-464a-adfd-48dd9d11bfb7","epoch":1827667191454364,"seed":"showdown-sync:e8e9576b53ecbef6:7e4d524f2f72f1e3","binding":null,"membership":{"revision":1,"connectionGeneration":0},"local":{"role":"host","seat":0},"partner":{"role":"guest","seat":1},"build":{"version":1,"id":"local:mrxu4zst:5ef0d63c53bc7045","source":"local","sha":null,"workflow":null,"deployment":null}}

----- CO-OP CONTROL PLANE -----
session:  role=host seat=0 gen=0g epoch=1827667191454364 run=82bb40ab-6475-464a-adfd-48dd9d11bfb7 binding=- sessionId=- netcode=lockstep
members:  rev=1 state=active connectionGen=0 present=[0:host=true, 1:guest=true]
phase:    running=CommandPhase queue=[EnemyCommandPhase, TurnStartPhase]
interact: counter=0 awaiting=none
commands: pending=[]
rendez:   awaiting=[] localArrived=[showdown-ready, showdown-wager-commit] partnerArrived=[showdown-ready, showdown-wager-commit]
transport(local): state=connected generation=0 lastRx=1s
causal:   8/8 most-recent edges
  #1 recovery:local-arrival id=rendezvous:e1827667191454364:showdown-ready role=host @e1827667191454364
  #2 recovery:wait-open id=rendezvous:e1827667191454364:showdown-ready role=host @e1827667191454364
  #3 recovery:peer-arrival id=rendezvous:e1827667191454364:showdown-ready role=host @e1827667191454364
  #4 recovery:release id=rendezvous:e1827667191454364:showdown-ready role=host @e1827667191454364 outcome=exact
  #5 recovery:local-arrival id=rendezvous:e1827667191454364:showdown-wager-commit role=host @e1827667191454364
  #6 recovery:wait-open id=rendezvous:e1827667191454364:showdown-wager-commit role=host @e1827667191454364
  #7 recovery:peer-arrival id=rendezvous:e1827667191454364:showdown-wager-commit role=host @e1827667191454364
  #8 recovery:release id=rendezvous:e1827667191454364:showdown-wager-commit role=host @e1827667191454364 outcome=exact
uiRelay:  none

----- CONSOLE -----
[18:26:04.111] LOG: %c %c %c %c %c Phaser v3.90.0 (WebGL | Web Audio) %c https://phaser.io/v390 background: #ff0000 background: #ffff00 background: #00ff00 background: #00ffff color: #ffffff; background: #000000 background: transparent
[18:26:04.556] LOG: [ER] build {"version":1,"id":"local:mrxu4zst:5ef0d63c53bc7045","source":"local","sha":null,"workflow":null,"deployment":null}
[18:26:04.599] LOG: [dev-tools] loaded — 725 scenarios + Send Logs button
[18:26:10.576] WARN: [asset-retry] load error key=town_bg_courtyard_day - retry 1/2 with cache-buster
[18:26:10.602] WARN: [asset-retry] load error key=grass_bg_rocky_day - retry 1/2 with cache-buster
[18:26:10.746] WARN: [asset-retry] load error key=tall_grass_bg_field_day - retry 1/2 with cache-buster
[18:26:10.868] WARN: [asset-retry] load error key=town_bg_courtyard_night - retry 1/2 with cache-buster
[18:26:10.869] WARN: [asset-retry] load error key=tall_grass_bg_field_night - retry 1/2 with cache-buster
[18:26:10.870] WARN: [asset-retry] load error key=grass_bg_rocky_night - retry 1/2 with cache-buster
[18:26:10.871] WARN: [asset-retry] load error key=metropolis_bg_east_day - retry 1/2 with cache-buster
[18:26:10.872] WARN: [asset-retry] load error key=metropolis_bg_west_dusk - retry 1/2 with cache-buster
[18:26:10.885] WARN: [asset-retry] load error key=town_bg_courtyard_dusk - retry 1/2 with cache-buster
[18:26:10.886] WARN: [asset-retry] load error key=metropolis_bg_dusk - retry 1/2 with cache-buster
[18:26:10.886] WARN: [asset-retry] load error key=metropolis_bg_east_night - retry 1/2 with cache-buster
[18:26:10.899] WARN: [asset-retry] load error key=metropolis_bg_west_day - retry 1/2 with cache-buster
[18:26:10.905] WARN: [asset-retry] load error key=metropolis_bg_night - retry 1/2 with cache-buster
[18:26:10.905] WARN: [asset-retry] load error key=metropolis_bg_west_night - retry 1/2 with cache-buster
[18:26:10.941] WARN: [asset-retry] load error key=metropolis_bg_park_day - retry 1/2 with cache-buster
[18:26:10.942] WARN: [asset-retry] load error key=forest_bg_path_night - retry 1/2 with cache-buster
[18:26:10.944] WARN: [asset-retry] load error key=metropolis_bg_park_night - retry 1/2 with cache-buster
[18:26:10.978] WARN: [asset-retry] load error key=metropolis_bg_east_dusk - retry 1/2 with cache-buster
[18:26:11.105] WARN: [asset-retry] load error key=metropolis_bg_mart - retry 1/2 with cache-buster
[18:26:11.132] WARN: [asset-retry] load error key=sea_bg_open_day - retry 1/2 with cache-buster
[18:26:11.196] WARN: [asset-retry] load error key=swamp_bg_shadowmoon - retry 1/2 with cache-buster
[18:26:11.223] WARN: [asset-retry] load error key=metropolis_bg_park_dusk - retry 1/2 with cache-buster
[18:26:11.241] WARN: [asset-retry] load error key=sea_bg_open_night - retry 1/2 with cache-buster
[18:26:11.296] WARN: [asset-retry] load error key=beach_bg_shore_dusk - retry 1/2 with cache-buster
[18:26:11.299] WARN: [asset-retry] load error key=beach_bg_shore_night - retry 1/2 with cache-buster
[18:26:11.313] WARN: [asset-retry] load error key=beach_bg_shore_day - retry 1/2 with cache-buster
[18:26:11.328] WARN: [asset-retry] load error key=forest_bg_path_day - retry 1/2 with cache-buster
[18:26:11.338] WARN: [asset-retry] load error key=lake_bg_forest_day - retry 1/2 with cache-buster
[18:26:11.355] WARN: [asset-retry] load error key=lake_bg_forest_night - retry 1/2 with cache-buster
[18:26:11.366] WARN: [asset-retry] load error key=forest_bg_shadowmoon - retry 1/2 with cache-buster
[18:26:11.394] WARN: [asset-retry] load error key=swamp_bg_path - retry 1/2 with cache-buster
[18:26:11.414] WARN: [asset-retry] load error key=seabed_bg_dirty - retry 1/2 with cache-buster
[18:26:11.454] WARN: [asset-retry] load error key=seabed_bg_coral - retry 1/2 with cache-buster
[18:26:11.511] WARN: [asset-retry] load error key=swamp_bg_wetlands - retry 1/2 with cache-buster
[18:26:11.609] WARN: [asset-retry] load error key=grass_bg_rocky_dusk - retry 1/2 with cache-buster
[18:26:11.655] WARN: [asset-retry] load error key=lake_bg_orion_day - retry 1/2 with cache-buster
[18:26:11.838] WARN: [asset-retry] load error key=cave_bg_crystal_night - retry 1/2 with cache-buster
[18:26:11.844] WARN: [asset-retry] load error key=cave_bg_crystal_day - retry 1/2 with cache-buster
[18:26:11.862] WARN: [asset-retry] load error key=desert_bg_dunes - retry 1/2 with cache-buster
[18:26:12.143] WARN: [asset-retry] load error key=lake_bg_orion_night - retry 1/2 with cache-buster
[18:26:12.189] WARN: [asset-retry] load error key=badlands_bg_scrub_path - retry 1/2 with cache-buster
[18:26:13.160] WARN: [asset-retry] load error key=mountain_bg_canyon_day - retry 1/2 with cache-buster
[18:26:13.218] WARN: [asset-retry] load error key=cave_bg_stream - retry 1/2 with cache-buster
[18:26:13.218] WARN: [asset-retry] load error key=dojo_bg_stadium_day - retry 1/2 with cache-buster
[18:26:13.218] WARN: [asset-retry] load error key=mountain_bg_canyon_dusk - retry 1/2 with cache-buster
[18:26:13.219] WARN: [asset-retry] load error key=mountain_bg_canyon_night - retry 1/2 with cache-buster
[18:26:13.219] WARN: [asset-retry] load error key=cave_bg_rock_night - retry 1/2 with cache-buster
[18:26:13.219] WARN: [asset-retry] load error key=lake_bg_orion_dusk - retry 1/2 with cache-buster
[18:26:13.219] WARN: [asset-retry] load error key=ice_cave_bg_glacier - retry 1/2 with cache-buster
[18:26:13.219] WARN: [asset-retry] load error key=cave_bg_rock_day - retry 1/2 with cache-buster
[18:26:13.608] WARN: [asset-retry] load error key=construction_site_bg_dusk - retry 1/2 with cache-buster
[18:26:13.609] WARN: [asset-retry] load error key=dojo_bg_stadium_dusk - retry 1/2 with cache-buster
[18:26:13.610] WARN: [asset-retry] load error key=dojo_bg_interior - retry 1/2 with cache-buster
[18:26:13.613] WARN: [asset-retry] load error key=dojo_bg_stadium_night - retry 1/2 with cache-buster
[18:26:13.650] WARN: [asset-retry] load error key=fairy_cave_bg_crystal_water_night - retry 1/2 with cache-buster
[18:26:13.941] WARN: [asset-retry] load error key=construction_site_bg_night - retry 1/2 with cache-buster
[18:26:14.095] WARN: [asset-retry] load error key=snowy_forest_bg_plain_night - retry 1/2 with cache-buster
[18:26:14.109] WARN: [asset-retry] load error key=laboratory_bg_science_night - retry 1/2 with cache-buster
[18:26:14.196] WARN: [asset-retry] load error key=snowy_forest_bg_plain_day - retry 1/2 with cache-buster
[18:26:14.377] WARN: [asset-retry] load error key=fairy_cave_bg_crystal_water_day - retry 1/2 with cache-buster
[18:26:15.311] WARN: [asset-retry] load error key=laboratory_bg_destroyed - retry 1/2 with cache-buster
[18:26:26.770] WARN: [asset-retry] load error key=er_icon__ryuveon - retry 1/2 with cache-buster
[18:26:26.779] WARN: [asset-retry] load error key=er_icon__twinkletuff - retry 1/2 with cache-buster
[18:26:26.784] WARN: [asset-retry] load error key=er_icon__dustnoir - retry 1/2 with cache-buster
[18:26:26.787] WARN: [asset-retry] load error key=er_icon__drawclops - retry 1/2 with cache-buster
[18:26:26.787] WARN: [asset-retry] load error key=er_icon__egoelk - retry 1/2 with cache-buster
[18:26:26.799] WARN: [asset-retry] load error key=er_icon__nimbeon - retry 1/2 with cache-buster
[18:26:26.814] WARN: [asset-retry] load error key=er_icon__titaneon - retry 1/2 with cache-buster
[18:26:26.851] WARN: [asset-retry] load error key=er_icon__forbiddron - retry 1/2 with cache-buster
[18:26:26.902] WARN: [asset-retry] load error key=er_icon__idolfin - retry 1/2 with cache-buster
[18:26:26.920] WARN: [asset-retry] load error key=er_icon__webbed_bruiser - retry 1/2 with cache-buster
[18:26:27.916] WARN: [asset-retry] load error key=town_bg_courtyard_night - retry 2/2 via fastly mirror + cache-buster
[18:26:27.926] WARN: [asset-retry] load error key=town_bg_courtyard_day - retry 2/2 via fastly mirror + cache-buster
[18:26:27.931] WARN: [asset-retry] load error key=grass_bg_rocky_day - retry 2/2 via fastly mirror + cache-buster
[18:26:27.943] WARN: [asset-retry] load error key=town_bg_courtyard_dusk - retry 2/2 via fastly mirror + cache-buster
[18:26:27.953] WARN: [asset-retry] load error key=tall_grass_bg_field_day - retry 2/2 via fastly mirror + cache-buster
[18:26:27.956] WARN: [asset-retry] load error key=metropolis_bg_west_dusk - retry 2/2 via fastly mirror + cache-buster
[18:26:27.963] WARN: [asset-retry] load error key=tall_grass_bg_field_night - retry 2/2 via fastly mirror + cache-buster
[18:26:27.967] WARN: [asset-retry] load error key=metropolis_bg_dusk - retry 2/2 via fastly mirror + cache-buster
[18:26:27.972] WARN: [asset-retry] load error key=metropolis_bg_west_day - retry 2/2 via fastly mirror + cache-buster
[18:26:27.979] WARN: [asset-retry] load error key=grass_bg_rocky_night - retry 2/2 via fastly mirror + cache-buster
[18:26:27.986] WARN: [asset-retry] load error key=metropolis_bg_east_night - retry 2/2 via fastly mirror + cache-buster
[18:26:27.989] WARN: [asset-retry] load error key=metropolis_bg_east_day - retry 2/2 via fastly mirror + cache-buster
[18:26:28.006] WARN: [asset-retry] load error key=forest_bg_path_night - retry 2/2 via fastly mirror + cache-buster
[18:26:28.009] WARN: [asset-retry] load error key=metropolis_bg_park_day - retry 2/2 via fastly mirror + cache-buster
[18:26:28.010] WARN: [asset-retry] load error key=swamp_bg_shadowmoon - retry 2/2 via fastly mirror + cache-buster
[18:26:28.012] WARN: [asset-retry] load error key=metropolis_bg_east_dusk - retry 2/2 via fastly mirror + cache-buster
[18:26:28.014] WARN: [asset-retry] load error key=metropolis_bg_park_night - retry 2/2 via fastly mirror + cache-buster
[18:26:28.016] WARN: [asset-retry] load error key=metropolis_bg_night - retry 2/2 via fastly mirror + cache-buster
[18:26:28.023] WARN: [asset-retry] load error key=metropolis_bg_west_night - retry 2/2 via fastly mirror + cache-buster
[18:26:28.030] WARN: [asset-retry] load error key=metropolis_bg_park_dusk - retry 2/2 via fastly mirror + cache-buster
[18:26:28.034] WARN: [asset-retry] load error key=sea_bg_open_day - retry 2/2 via fastly mirror + cache-buster
[18:26:28.039] WARN: [asset-retry] load error key=metropolis_bg_mart - retry 2/2 via fastly mirror + cache-buster
[18:26:28.042] WARN: [asset-retry] load error key=sea_bg_open_night - retry 2/2 via fastly mirror + cache-buster
[18:26:28.146] WARN: [asset-retry] load error key=beach_bg_shore_dusk - retry 2/2 via fastly mirror + cache-buster
[18:26:28.169] WARN: [asset-retry] load error key=beach_bg_shore_night - retry 2/2 via fastly mirror + cache-buster
[18:26:28.171] WARN: [asset-retry] load error key=forest_bg_path_day - retry 2/2 via fastly mirror + cache-buster
[18:26:28.232] WARN: [asset-retry] load error key=beach_bg_shore_day - retry 2/2 via fastly mirror + cache-buster
[18:26:28.246] WARN: [asset-retry] load error key=swamp_bg_path - retry 2/2 via fastly mirror + cache-buster
[18:26:28.255] WARN: [asset-retry] load error key=lake_bg_forest_day - retry 2/2 via fastly mirror + cache-buster
[18:26:28.260] WARN: [asset-retry] load error key=forest_bg_shadowmoon - retry 2/2 via fastly mirror + cache-buster
[18:26:28.264] WARN: [asset-retry] load error key=seabed_bg_dirty - retry 2/2 via fastly mirror + cache-buster
[18:26:28.270] WARN: [asset-retry] load error key=lake_bg_forest_night - retry 2/2 via fastly mirror + cache-buster
[18:26:28.278] WARN: [asset-retry] load error key=seabed_bg_coral - retry 2/2 via fastly mirror + cache-buster
[18:26:28.283] WARN: [asset-retry] load error key=swamp_bg_wetlands - retry 2/2 via fastly mirror + cache-buster
[18:26:28.353] WARN: [asset-retry] load error key=cave_bg_crystal_day - retry 2/2 via fastly mirror + cache-buster
[18:26:28.357] WARN: [asset-retry] load error key=grass_bg_rocky_dusk - retry 2/2 via fastly mirror + cache-buster
[18:26:28.361] WARN: [asset-retry] load error key=cave_bg_crystal_night - retry 2/2 via fastly mirror + cache-buster
[18:26:28.364] WARN: [asset-retry] load error key=lake_bg_orion_night - retry 2/2 via fastly mirror + cache-buster
[18:26:28.367] WARN: [asset-retry] load error key=mountain_bg_canyon_day - retry 2/2 via fastly mirror + cache-buster
[18:26:28.374] WARN: [asset-retry] load error key=lake_bg_orion_day - retry 2/2 via fastly mirror + cache-buster
[18:26:28.376] WARN: [asset-retry] load error key=desert_bg_dunes - retry 2/2 via fastly mirror + cache-buster
[18:26:28.379] WARN: [asset-retry] load error key=badlands_bg_scrub_path - retry 2/2 via fastly mirror + cache-buster
[18:26:28.382] WARN: [asset-retry] load error key=mountain_bg_canyon_night - retry 2/2 via fastly mirror + cache-buster
[18:26:28.385] WARN: [asset-retry] load error key=dojo_bg_stadium_day - retry 2/2 via fastly mirror + cache-buster
[18:26:28.396] WARN: [asset-retry] load error key=cave_bg_stream - retry 2/2 via fastly mirror + cache-buster
[18:26:28.400] WARN: [asset-retry] load error key=mountain_bg_canyon_dusk - retry 2/2 via fastly mirror + cache-buster
[18:26:28.419] WARN: [asset-retry] load error key=cave_bg_rock_night - retry 2/2 via fastly mirror + cache-buster
[18:26:28.422] WARN: [asset-retry] load error key=lake_bg_orion_dusk - retry 2/2 via fastly mirror + cache-buster
[18:26:28.429] WARN: [asset-retry] load error key=cave_bg_rock_day - retry 2/2 via fastly mirror + cache-buster
[18:26:28.433] WARN: [asset-retry] load error key=ice_cave_bg_glacier - retry 2/2 via fastly mirror + cache-buster
[18:26:28.450] WARN: [asset-retry] load error key=dojo_bg_interior - retry 2/2 via fastly mirror + cache-buster
[18:26:28.476] WARN: [asset-retry] load error key=dojo_bg_stadium_night - retry 2/2 via fastly mirror + cache-buster
[18:26:28.481] WARN: [asset-retry] load error key=dojo_bg_stadium_dusk - retry 2/2 via fastly mirror + cache-buster
[18:26:28.490] WARN: [asset-retry] load error key=construction_site_bg_dusk - retry 2/2 via fastly mirror + cache-buster
[18:26:28.569] WARN: [asset-retry] load error key=fairy_cave_bg_crystal_water_night - retry 2/2 via fastly mirror + cache-buster
[18:26:28.574] WARN: [asset-retry] load error key=construction_site_bg_night - retry 2/2 via fastly mirror + cache-buster
[18:26:28.579] WARN: [asset-retry] load error key=snowy_forest_bg_plain_night - retry 2/2 via fastly mirror + cache-buster
[18:26:28.603] WARN: [asset-retry] load error key=laboratory_bg_science_night - retry 2/2 via fastly mirror + cache-buster
[18:26:28.623] WARN: [asset-retry] load error key=er_icon__twinkletuff - retry 2/2 via fastly mirror + cache-buster
[18:26:28.631] WARN: [asset-retry] load error key=er_icon__ryuveon - retry 2/2 via fastly mirror + cache-buster
[18:26:28.636] WARN: [asset-retry] load error key=er_icon__drawclops - retry 2/2 via fastly mirror + cache-buster
[18:26:28.658] WARN: [asset-retry] load error key=laboratory_bg_destroyed - retry 2/2 via fastly mirror + cache-buster
[18:26:28.663] WARN: [asset-retry] load error key=fairy_cave_bg_crystal_water_day - retry 2/2 via fastly mirror + cache-buster
[18:26:28.666] WARN: [asset-retry] load error key=snowy_forest_bg_plain_day - retry 2/2 via fastly mirror + cache-buster
[18:26:28.668] WARN: [asset-retry] load error key=er_icon__egoelk - retry 2/2 via fastly mirror + cache-buster
[18:26:28.678] WARN: [asset-retry] load error key=er_icon__dustnoir - retry 2/2 via fastly mirror + cache-buster
[18:26:28.810] WARN: [asset-retry] load error key=er_icon__titaneon - retry 2/2 via fastly mirror + cache-buster
[18:26:28.835] WARN: [asset-retry] load error key=er_icon__forbiddron - retry 2/2 via fastly mirror + cache-buster
[18:26:28.842] WARN: [asset-retry] load error key=er_icon__webbed_bruiser - retry 2/2 via fastly mirror + cache-buster
[18:26:28.847] WARN: [asset-retry] load error key=er_icon__nimbeon - retry 2/2 via fastly mirror + cache-buster
[18:26:28.849] WARN: [asset-retry] load error key=er_icon__idolfin - retry 2/2 via fastly mirror + cache-buster
[18:26:30.591] DEBUG: Destroying loading scene
[18:26:30.591] DEBUG: Destroyed loading scene
[18:26:30.723] LOG: Seed: ZdRufr0hGJZ8MObNhNWWEyQ7
[18:26:30.723] LOG: Wave Seed: ZdRufr0hGJZ8MObNhNWWEyQ7 0
[18:26:36.972] LOG: %cStart Phase LoginPhase color:green;
[18:26:37.240] LOG: Client Session: QuU7hefsCOZm3iTtGJu8BR8HlC8e8fOv
[18:26:37.925] LOG: %cStart Phase TitlePhase color:green;
[18:26:37.926] LOG: Getting Session Slot id: %d 0
[18:26:37.939] LOG: use seasonal splash messages true
[18:27:13.980] LOG: [coop:lobby] start announce name=Heraklines1 protocol=p33
[18:27:15.341] LOG: [coop:lobby] poll players=1
[18:27:16.442] LOG: [coop:lobby] request target=p33_aKmKyDMgEDbtrT_-dDBhPKwuR1OjR1-6 (self=p33_9Q0WYa_ozA7iZvDWWSx24hOslJ4DwfLD)
[18:27:17.023] LOG: [coop:lobby] poll players=1
[18:27:18.887] LOG: [coop:lobby] poll matched code=5MTTXZ transportRole=answerer -> connect
[18:27:19.172] LOG: [coop:launch] ICE from worker /coop/ice servers=1
[18:27:21.432] LOG: [coop:launch] data channel already open
[18:27:21.432] LOG: [coop:webrtc] peer connection state role=host state=connected channel=open
[18:27:21.433] LOG: [coop:webrtc] ICE connection state role=host state=connected channel=open
[18:27:21.433] LOG: [coop:webrtc] ctor role=host readyState=open state=connected
[18:27:21.435] LOG: [coop:webrtc] channel OPEN role=host gen=0
[18:27:21.599] LOG: [coop:webrtc] raw rx role=host t=hello bytes=530 handlers=0
[18:27:21.599] LOG: [coop:webrtc] raw rx BUFFERED (no handlers yet) role=host t=hello queued=1
[18:27:21.652] LOG: [coop:launch] connectCoopSession role=host state=connected username=Heraklines1 netcode=authoritative
[18:27:21.654] LOG: [coop:stream] streamer CONSTRUCT timeout=1200000ms onMessage registered
[18:27:21.655] LOG: [coop:stream] guest REGISTER onGhostPool handler (bufferedEarly=false)
[18:27:21.655] LOG: [coop:stream] host REGISTER onStateSyncRequest handler (was=false)
[18:27:21.655] LOG: [coop:stream] host REGISTER onEnemyPartyRequest handler (was=false)
[18:27:21.655] LOG: [coop:stream] guest REGISTER onWaveResolved handler (was=false)
[18:27:21.655] LOG: [coop:stream] guest REGISTER onWaveEndState handler (was=false)
[18:27:21.655] LOG: [coop:stream] watcher REGISTER onMeChecksum handler (was=false)
[18:27:21.655] LOG: [coop:turn] host recorder: REGISTER live emitter (was=false)
[18:27:21.656] LOG: [coop:session] coopAuthoritativeGuestPredicate INSTALLED
[18:27:21.656] LOG: [coop:launch] peer session ready role=host netcode=authoritative -> connecting
[18:27:21.656] LOG: [coop:launch] session connect role=host partnerRole=guest netcode=authoritative username=Heraklines1 version=er-coop-37 tiebreak=0.545824725770349
[18:27:21.657] LOG: [coop:webrtc] raw tx QUEUE role=host t=hello bytes=543
[18:27:21.700] LOG: [coop:checksum] dataFingerprint compute moveMap=e9b828360aafb9e2(1032) movesData=d934626e515c046f(1108) movesName=12be97f97ecdc120(1108) movesets=3cd1aab08a835678(1932) abilitiesData=750d7c1a57ed5701(1148) abilitiesName=92447639a283b339(1148)
[18:27:21.703] LOG: [coop:webrtc] raw tx QUEUE role=host t=dataFingerprint bytes=329
[18:27:21.704] LOG: [coop:session] capabilities NEGOTIATED local=[durability.journal,opSurface.abilityPicker,opSurface.bargain,opSurface.biome,opSurface.catchFull,opSurface.colosseum,opSurface.faintSwitch,opSurface.learnMove,opSurface.me.v2,opSurface.revival,opSurface.reward,opSurface.stormglass,opSurface.wave,renderer.allowlistEnforce] peer=[durability.journal,opSurface.abilityPicker,opSurface.bargain,opSurface.biome,opSurface.catchFull,opSurface.colosseum,opSurface.faintSwitch,opSurface.learnMove,opSurface.me.v2,opSurface.revival,opSurface.reward,opSurface.stormglass,opSurface.wave,renderer.allowlistEnforce] -> effective=[durability.journal,opSurface.abilityPicker,opSurface.bargain,opSurface.biome,opSurface.catchFull,opSurface.colosseum,opSurface.faintSwitch,opSurface.learnMove,opSurface.me.v2,opSurface.revival,opSurface.reward,opSurface.stormglass,opSurface.wave,renderer.allowlistEnforce]
[18:27:21.704] LOG: [coop:owner] ownerOf(counter=0) seat=0 -> owner=host
[18:27:21.704] LOG: [coop:owner] ownerOf(counter=0) seat=0 -> owner=host
[18:27:21.707] LOG: [coop:webrtc] early-rx drain role=host n=1 dropped=0
[18:27:21.713] LOG: %cStart Phase SelectStarterPhase color:green;
[18:27:21.716] LOG: [coop:webrtc] raw tx QUEUE role=host t=showdownTeam bytes=793
[18:27:21.717] LOG: [coop:webrtc] raw tx QUEUE role=host t=showdownReady bytes=51
[18:27:21.719] LOG: [coop:webrtc] raw rx role=host t=dataFingerprint bytes=329 handlers=13
[18:27:21.720] LOG: [coop:checksum] MATCH - data tables identical across clients
[18:27:21.720] LOG: [coop:owner] ownerOf(counter=0) seat=0 -> owner=host
[18:27:21.720] LOG: [coop:owner] ownerOf(counter=0) seat=0 -> owner=host
[18:27:21.720] LOG: [coop:webrtc] raw rx role=host t=showdownTeam bytes=745 handlers=13
[18:27:21.721] LOG: [coop:webrtc] raw rx role=host t=showdownReady bytes=51 handlers=13
[18:27:21.721] LOG: [coop:webrtc] raw tx QUEUE role=host t=showdownTeam bytes=793
[18:27:21.721] LOG: [coop:webrtc] raw tx QUEUE role=host t=showdownReady bytes=51
[18:27:21.723] LOG: [coop:rendezvous] ARRIVE point=showdown-ready (send) role=host
[18:27:21.723] LOG: [coop:webrtc] raw tx QUEUE role=host t=rendezvous bytes=43
[18:27:21.723] LOG: [coop:rendezvous] AWAIT point=showdown-ready timeoutMs=600000 -> network-wait role=host
[18:27:21.724] LOG: [coop:webrtc] raw rx role=host t=showdownTeam bytes=745 handlers=13
[18:27:21.724] LOG: [coop:webrtc] raw rx role=host t=showdownReady bytes=51 handlers=13
[18:27:21.727] LOG: [coop:webrtc] raw rx role=host t=rendezvous bytes=43 handlers=13
[18:27:21.727] LOG: [coop:rendezvous] RECV arrival point=showdown-ready -> deliver-to-waiter role=host
[18:27:21.727] LOG: [coop:webrtc] raw tx QUEUE role=host t=rendezvous bytes=43
[18:27:21.727] LOG: [coop:rendezvous] AWAIT point=showdown-ready RESOLVE both-arrived role=host
[18:27:21.764] LOG: [coop:webrtc] raw tx QUEUE role=host t=showdownStakeOffer bytes=106
[18:27:21.793] LOG: [coop:webrtc] raw rx role=host t=rendezvous bytes=43 handlers=13
[18:27:21.793] LOG: [coop:rendezvous] RECV arrival point=showdown-ready -> DUPLICATE (already seen) role=host
[18:27:21.794] LOG: [coop:webrtc] raw rx role=host t=showdownStakeOffer bytes=106 handlers=13
[18:27:23.099] LOG: [coop:rendezvous] ARRIVE point=showdown-wager-commit (send) role=host
[18:27:23.099] LOG: [coop:webrtc] raw tx QUEUE role=host t=rendezvous bytes=50
[18:27:23.099] LOG: [coop:rendezvous] AWAIT point=showdown-wager-commit timeoutMs=600000 -> network-wait role=host
[18:27:26.468] LOG: [coop:webrtc] raw rx role=host t=rendezvous bytes=50 handlers=13
[18:27:26.468] LOG: [coop:rendezvous] RECV arrival point=showdown-wager-commit -> deliver-to-waiter role=host
[18:27:26.469] LOG: [coop:webrtc] raw tx QUEUE role=host t=rendezvous bytes=50
[18:27:26.469] LOG: [coop:rendezvous] AWAIT point=showdown-wager-commit RESOLVE both-arrived role=host
[18:27:26.509] LOG: Wave Seed: showdown-sync:e8e9576b53ecbef6:7e4d524f2f72f1e3 0
[18:27:26.663] LOG: [coop:interaction] interactionCounter() read -> 0 (role=host)
[18:27:26.664] LOG: [coop:health] tick=0g turn=- wave=- counter=0 assertions=0 wait=-1ms machineWaits=- peerBeat=- lastRx=0s transport=connected journal=0/0 queue=0
[18:27:27.613] LOG: Wave Seed: tipxepxo.tzod;f9f:687c64fdcfg7;8f5e635g3g83g2f4 1
[18:27:27.618] LOG: %cStart Phase EncounterPhase color:green;
[18:27:27.653] LOG: Pokemon: Mega-Simsala (Gegner) | Species ID: 65 | Level: 100 | Nature: Robust (-)
[18:27:27.653] LOG: Stats (IVs): HP: 251 (31), Atk: 136 (31), Def: 166 (31), Spatk: 386 (31), Spdef: 246 (31), Spd: 336 (31)
[18:27:27.653] LOG: Ability: Mystic Power | Passive Ability: Psychic Mind 
[18:27:27.653] LOG: Moveset: ["Teleport","Psykraft","Telekinese","Seitentausch"]
[18:27:27.673] LOG: Pokemon: Stahlos (Gegner) | Species ID: 208 | Level: 100 | Nature: Robust (-)
[18:27:27.673] LOG: Stats (IVs): HP: 291 (31), Atk: 246 (31), Def: 436 (31), Spatk: 146 (31), Spdef: 186 (31), Spd: 76 (31)
[18:27:27.673] LOG: Ability: Aftershock | Passive Ability: Lead Coat 
[18:27:27.673] LOG: Moveset: ["Body Press","Einrollen","Tectonic Fangs","Sandsammler"]
[18:27:27.686] LOG: Pokemon: Lapras (Gegner) | Species ID: 131 | Level: 100 | Nature: Robust (-)
[18:27:27.686] LOG: Stats (IVs): HP: 401 (31), Atk: 206 (31), Def: 196 (31), Spatk: 226 (31), Spdef: 226 (31), Spd: 156 (31)
[18:27:27.686] LOG: Ability: Anpassung | Passive Ability: Edelmut 
[18:27:27.686] LOG: Moveset: ["Genesung","Gefriertrockner","Gesang","Siedewasser"]
[18:27:31.664] LOG: Generated AI funcs
[18:27:31.673] LOG: Wave Seed: tipxepxo.tzod;f9f:687c64fdcfg7;8f5e635g3g83g2f4 1
[18:27:32.347] LOG: Veteran test4
[18:27:36.453] LOG: Dialogue saved as seen: dialogue:veteran.encounter.1
[18:27:36.547] LOG: Veteran test4
[18:27:37.346] LOG: %cStart Phase SummonPhase color:green;
[18:27:37.347] LOG: test4
[18:27:38.149] LOG: %cStart Phase SummonPhase color:green;
[18:27:38.729] WARN: cry/38 not found
[18:27:39.027] LOG: %cStart Phase ShinySparklePhase color:green;
[18:27:39.364] LOG: %cStart Phase ToggleDoublePositionPhase color:green;
[18:27:39.369] LOG: %cStart Phase InitEncounterPhase color:green;
[18:27:39.374] LOG: %cStart Phase PostSummonPhase color:green;
[18:27:39.374] LOG: Ran PSP for: Mega-Simsala
[18:27:39.379] LOG: %cStart Phase PostSummonPhase color:green;
[18:27:39.404] LOG: %cStart Phase ShowAbilityPhase color:green;
[18:27:39.931] LOG: %cStart Phase CommonAnimPhase color:green;
[18:27:40.992] LOG: %cStart Phase MessagePhase color:green;
[18:27:41.748] LOG: %cStart Phase HideAbilityPhase color:green;
[18:27:41.824] LOG: %cStart Phase PostSummonPhase color:green;
[18:27:41.825] LOG: Ran PSP for: Vulnona
[18:27:41.826] LOG: %cStart Phase PostSummonPhase color:green;
[18:27:41.846] LOG: %cStart Phase ShowAbilityPhase color:green;
[18:27:42.381] LOG: %cStart Phase CommonAnimPhase color:green;
[18:27:42.911] LOG: %cStart Phase MessagePhase color:green;
[18:27:43.721] LOG: %cStart Phase HideAbilityPhase color:green;
[18:27:43.797] LOG: %cStart Phase TurnInitPhase color:green;
[18:27:43.800] LOG: %cStart Phase CommandPhase color:green;
[18:27:56.672] LOG: [coop:interaction] interactionCounter() read -> 0 (role=host)
[18:27:56.672] LOG: [coop:health] tick=0g turn=1 wave=1 counter=0 assertions=0 wait=-1ms machineWaits=- peerBeat=- lastRx=0s transport=connected journal=0/0 queue=0
[18:28:01.230] LOG: [coop:webrtc] raw rx role=host t=showdownCommand bytes=106 handlers=12
[18:28:01.231] LOG: [coop:relay] showdown recv command turn=1 slot=0 command=0 -> BUFFERED (no awaiter yet)
[18:28:27.463] LOG: [coop:interaction] interactionCounter() read -> 0 (role=host)

----- REPLAY TRACE (JSON) -----
{"version":2,"seed":"showdown-sync:e8e9576b53ecbef6:7e4d524f2f72f1e3","gameModeId":7,"difficulty":"youngster","challenges":[],"roster":[{"id":2731181490,"player":true,"species":38,"formIndex":0,"abilityIndex":2,"passive":false,"shiny":true,"variant":2,"pokeball":0,"level":100,"exp":1000000,"levelExp":0,"gender":0,"hp":287,"stats":[287,169,186,240,236,236],"ivs":[31,31,31,31,31,31],"nature":15,"moveset":[{"moveId":294,"ppUsed":0,"ppUp":0},{"moveId":595,"ppUsed":0,"ppUp":0},{"moveId":585,"ppUsed":0,"ppUp":0},{"moveId":844,"ppUsed":0,"ppUp":0}],"status":null,"friendship":50,"metLevel":100,"metBiome":-1,"metSpecies":38,"metWave":-1,"luck":3,"pauseEvolutions":false,"pokerus":false,"usedTMs":[],"teraType":9,"isTerastallized":false,"stellarTypesBoosted":[],"fusionShiny":false,"fusionLuck":3,"fusionTeraType":0,"boss":false,"bossSegments":0,"summonData":{"statStages":[0,0,0,0,0,0,0],"moveQueue":[],"tags":[],"abilitySuppressed":false,"abilitiesApplied":[],"erSuppressedInnateSlots":[false,false,false],"erTimedAbilitySuppressions":[],"erAbilityProvenance":[],"erImposterCopiedAttackBoost":false,"chuckusterReductionUsed":false,"forceAttackerOutUsed":false,"erCommandedUsedThisSwitchIn":false,"stats":[0,0,0,0,0,0],"types":[],"berriesEatenLast":[],"moveHistory":[]},"battleData":{"hitCount":0,"hasEatenBerry":false,"berriesEaten":[],"anticipationDodgeUsed":false,"rudeAwakeningTriggered":false,"cowardProtectUsed":false,"lostItems":[]},"customPokemonData":{"spriteScale":-1,"ability":-1,"passive":-1,"passive2":-1,"passive3":-1,"nature":-1,"bonusMoveSlots":0,"abilityOverridesForm":false,"types":[],"hitsRecCount":null,"erBlackShiny":false,"erGiftAbilities":[],"erGiftIndex":0,"erShinyLabSuppressLocal":false,"erInnateShrineUnlocked":false,"erCursedStat":-1,"erLockedAbilitySlots":[],"erRunUnlockedAbilitySlots":[]},"fusionCustomPokemonData":{"spriteScale":-1,"ability":-1,"passive":-1,"passive2":-1,"passive3":-1,"nature":-1,"bonusMoveSlots":0,"abilityOverridesForm":false,"types":[],"hitsRecCount":null,"erBlackShiny":false,"erGiftAbilities":[],"erGiftIndex":0,"erShinyLabSuppressLocal":false,"erInnateShrineUnlocked":false,"erCursedStat":-1,"erLockedAbilitySlots":[],"erRunUnlockedAbilitySlots":[]},"mysteryEncounterPokemonData":null,"fusionMysteryEncounterPokemonData":null},{"id":924376070,"player":true,"species":59,"formIndex":1,"abilityIndex":0,"passive":false,"shiny":true,"variant":0,"pokeball":0,"level":100,"exp":1081250,"levelExp":0,"gender":0,"hp":321,"stats":[321,316,256,256,256,316],"ivs":[31,31,31,31,31,31],"nature":0,"moveset":[{"moveId":43,"ppUsed":0,"ppUp":0},{"moveId":52,"ppUsed":0,"ppUp":0},{"moveId":221,"ppUsed":0,"ppUp":0},{"moveId":24,"ppUsed":0,"ppUp":0}],"status":null,"friendship":50,"metLevel":100,"metBiome":-1,"metSpecies":59,"metWave":-1,"luck":1,"pauseEvolutions":false,"pokerus":false,"usedTMs":[],"teraType":9,"isTerastallized":false,"stellarTypesBoosted":[],"fusionShiny":false,"fusionLuck":1,"fusionTeraType":0,"boss":false,"bossSegments":0,"summonData":{"statStages":[0,0,0,0,0,0,0],"moveQueue":[],"tags":[],"abilitySuppressed":false,"abilitiesApplied":[],"erSuppressedInnateSlots":[false,false,false],"erTimedAbilitySuppressions":[],"erAbilityProvenance":[],"erImposterCopiedAttackBoost":false,"chuckusterReductionUsed":false,"forceAttackerOutUsed":false,"erCommandedUsedThisSwitchIn":false,"stats":[0,0,0,0,0,0],"types":[],"berriesEatenLast":[],"moveHistory":[]},"battleData":{"hitCount":0,"hasEatenBerry":false,"berriesEaten":[],"anticipationDodgeUsed":false,"rudeAwakeningTriggered":false,"cowardProtectUsed":false,"lostItems":[]},"customPokemonData":{"spriteScale":-1,"ability":-1,"passive":-1,"passive2":-1,"passive3":-1,"nature":-1,"bonusMoveSlots":0,"abilityOverridesForm":false,"types":[],"hitsRecCount":null,"erBlackShiny":false,"erGiftAbilities":[],"erGiftIndex":0,"erShinyLabSuppressLocal":false,"erInnateShrineUnlocked":false,"erCursedStat":-1,"erLockedAbilitySlots":[],"erRunUnlockedAbilitySlots":[]},"fusionCustomPokemonData":{"spriteScale":-1,"ability":-1,"passive":-1,"passive2":-1,"passive3":-1,"nature":-1,"bonusMoveSlots":0,"abilityOverridesForm":false,"types":[],"hitsRecCount":null,"erBlackShiny":false,"erGiftAbilities":[],"erGiftIndex":0,"erShinyLabSuppressLocal":false,"erInnateShrineUnlocked":false,"erCursedStat":-1,"erLockedAbilitySlots":[],"erRunUnlockedAbilitySlots":[]},"mysteryEncounterPokemonData":null,"fusionMysteryEncounterPokemonData":null}],"events":[],"checkpoint":{"wave":1,"seed":"showdown-sync:e8e9576b53ecbef6:7e4d524f2f72f1e3","party":[{"id":2731181490,"player":true,"species":38,"formIndex":0,"abilityIndex":2,"passive":false,"shiny":true,"variant":2,"pokeball":0,"level":100,"exp":1000000,"levelExp":0,"gender":0,"hp":287,"stats":[287,169,186,240,236,236],"ivs":[31,31,31,31,31,31],"nature":15,"moveset":[{"moveId":294,"ppUsed":0,"ppUp":0},{"moveId":595,"ppUsed":0,"ppUp":0},{"moveId":585,"ppUsed":0,"ppUp":0},{"moveId":844,"ppUsed":0,"ppUp":0}],"status":null,"friendship":50,"metLevel":100,"metBiome":-1,"metSpecies":38,"metWave":-1,"luck":3,"pauseEvolutions":false,"pokerus":false,"usedTMs":[],"teraType":9,"isTerastallized":false,"stellarTypesBoosted":[],"fusionShiny":false,"fusionLuck":3,"fusionTeraType":0,"boss":false,"bossSegments":0,"summonData":{"statStages":[0,0,0,0,0,0,0],"moveQueue":[],"tags":[],"abilitySuppressed":false,"abilitiesApplied":[],"erSuppressedInnateSlots":[false,false,false],"erTimedAbilitySuppressions":[],"erAbilityProvenance":[],"erImposterCopiedAttackBoost":false,"chuckusterReductionUsed":false,"forceAttackerOutUsed":false,"erCommandedUsedThisSwitchIn":false,"stats":[0,0,0,0,0,0],"types":[],"berriesEatenLast":[],"moveHistory":[]},"battleData":{"hitCount":0,"hasEatenBerry":false,"berriesEaten":[],"anticipationDodgeUsed":false,"rudeAwakeningTriggered":false,"cowardProtectUsed":false,"lostItems":[]},"customPokemonData":{"spriteScale":-1,"ability":-1,"passive":-1,"passive2":-1,"passive3":-1,"nature":-1,"bonusMoveSlots":0,"abilityOverridesForm":false,"types":[],"hitsRecCount":null,"erBlackShiny":false,"erGiftAbilities":[],"erGiftIndex":0,"erShinyLabSuppressLocal":false,"erInnateShrineUnlocked":false,"erCursedStat":-1,"erLockedAbilitySlots":[],"erRunUnlockedAbilitySlots":[]},"fusionCustomPokemonData":{"spriteScale":-1,"ability":-1,"passive":-1,"passive2":-1,"passive3":-1,"nature":-1,"bonusMoveSlots":0,"abilityOverridesForm":false,"types":[],"hitsRecCount":null,"erBlackShiny":false,"erGiftAbilities":[],"erGiftIndex":0,"erShinyLabSuppressLocal":false,"erInnateShrineUnlocked":false,"erCursedStat":-1,"erLockedAbilitySlots":[],"erRunUnlockedAbilitySlots":[]},"mysteryEncounterPokemonData":null,"fusionMysteryEncounterPokemonData":null},{"id":924376070,"player":true,"species":59,"formIndex":1,"abilityIndex":0,"passive":false,"shiny":true,"variant":0,"pokeball":0,"level":100,"exp":1081250,"levelExp":0,"gender":0,"hp":321,"stats":[321,316,256,256,256,316],"ivs":[31,31,31,31,31,31],"nature":0,"moveset":[{"moveId":43,"ppUsed":0,"ppUp":0},{"moveId":52,"ppUsed":0,"ppUp":0},{"moveId":221,"ppUsed":0,"ppUp":0},{"moveId":24,"ppUsed":0,"ppUp":0}],"status":null,"friendship":50,"metLevel":100,"metBiome":-1,"metSpecies":59,"metWave":-1,"luck":1,"pauseEvolutions":false,"pokerus":false,"usedTMs":[],"teraType":9,"isTerastallized":false,"stellarTypesBoosted":[],"fusionShiny":false,"fusionLuck":1,"fusionTeraType":0,"boss":false,"bossSegments":0,"summonData":{"statStages":[0,0,0,0,0,0,0],"moveQueue":[],"tags":[],"abilitySuppressed":false,"abilitiesApplied":[],"erSuppressedInnateSlots":[false,false,false],"erTimedAbilitySuppressions":[],"erAbilityProvenance":[],"erImposterCopiedAttackBoost":false,"chuckusterReductionUsed":false,"forceAttackerOutUsed":false,"erCommandedUsedThisSwitchIn":false,"stats":[0,0,0,0,0,0],"types":[],"berriesEatenLast":[],"moveHistory":[]},"battleData":{"hitCount":0,"hasEatenBerry":false,"berriesEaten":[],"anticipationDodgeUsed":false,"rudeAwakeningTriggered":false,"cowardProtectUsed":false,"lostItems":[]},"customPokemonData":{"spriteScale":-1,"ability":-1,"passive":-1,"passive2":-1,"passive3":-1,"nature":-1,"bonusMoveSlots":0,"abilityOverridesForm":false,"types":[],"hitsRecCount":null,"erBlackShiny":false,"erGiftAbilities":[],"erGiftIndex":0,"erShinyLabSuppressLocal":false,"erInnateShrineUnlocked":false,"erCursedStat":-1,"erLockedAbilitySlots":[],"erRunUnlockedAbilitySlots":[]},"fusionCustomPokemonData":{"spriteScale":-1,"ability":-1,"passive":-1,"passive2":-1,"passive3":-1,"nature":-1,"bonusMoveSlots":0,"abilityOverridesForm":false,"types":[],"hitsRecCount":null,"erBlackShiny":false,"erGiftAbilities":[],"erGiftIndex":0,"erShinyLabSuppressLocal":false,"erInnateShrineUnlocked":false,"erCursedStat":-1,"erLockedAbilitySlots":[],"erRunUnlockedAbilitySlots":[]},"mysteryEncounterPokemonData":null,"fusionMysteryEncounterPokemonData":null}],"modifiers":[{"player":true,"typeId":"LEFTOVERS","args":[2731181490],"stackCount":1,"className":"TurnHealModifier"},{"player":true,"typeId":"MAP","args":[],"stackCount":1,"className":"MapModifier"}],"money":0,"pokeballCounts":{"0":5,"1":0,"2":0,"3":0,"4":0}}}
