url:      https://showdown-sync.elite-redux-staging.pages.dev/
build:    local:mrxtallp:f588d014e317c076
ua:       Mozilla/5.0 (Windows NT 10.0; Win64; x64) AppleWebKit/537.36 (KHTML, like Gecko) Chrome/150.0.0.0 Safari/537.36
platform: Win32
screen:   1920x1080 @1x  devmem:16 GB
boot:     boot-start@0ms -> loading-complete@139487ms -> title-shown@162571ms
lastSess: ok (reached title)
mode:     7  wave:?
seed:     Bx1TlCCDKHknZBwJlwtqke8L
party:    
enemy:    

----- BUILD IDENTITY (JSON) -----
{"version":1,"id":"local:mrxtallp:f588d014e317c076","source":"local","sha":null,"workflow":null,"deployment":null}

----- CO-OP REPORT CORRELATION (JSON) -----
{"version":1,"pairKey":"coop-v1|session=-|run=-|epoch=0|seed=Bx1TlCCDKHknZBwJlwtqke8L","runId":null,"epoch":0,"seed":"Bx1TlCCDKHknZBwJlwtqke8L","binding":null,"membership":{"revision":1,"connectionGeneration":0},"local":{"role":"guest","seat":1},"partner":{"role":"host","seat":0},"build":{"version":1,"id":"local:mrxtallp:f588d014e317c076","source":"local","sha":null,"workflow":null,"deployment":null}}

----- CO-OP CONTROL PLANE -----
session:  role=guest seat=1 gen=0g epoch=0 run=- binding=- sessionId=- netcode=lockstep
members:  rev=1 state=active connectionGen=0 present=[0:host=true, 1:guest=true]
phase:    running=SelectStarterPhase queue=[EncounterPhase]
interact: counter=0 awaiting=none
commands: pending=[]
rendez:   awaiting=[] localArrived=[] partnerArrived=[showdown-ready]
transport(local): state=connected generation=0 lastRx=2s
causal:   1/1 most-recent edges
  #1 recovery:peer-arrival id=rendezvous:e0:showdown-ready role=guest @e0
uiRelay:  none

----- CONSOLE -----
[18:04:28.453] LOG: %c %c %c %c %c Phaser v3.90.0 (WebGL | Web Audio) %c https://phaser.io/v390 background: #ff0000 background: #ffff00 background: #00ff00 background: #00ffff color: #ffffff; background: #000000 background: transparent
[18:04:29.148] LOG: [ER] build {"version":1,"id":"local:mrxtallp:f588d014e317c076","source":"local","sha":null,"workflow":null,"deployment":null}
[18:04:29.649] LOG: [dev-tools] loaded — 725 scenarios + Send Logs button
[18:04:46.003] WARN: [asset-retry] load error key=grass_bg_rocky_day - retry 1/2 with cache-buster
[18:04:46.006] WARN: [asset-retry] load error key=grass_bg_rocky_dusk - retry 1/2 with cache-buster
[18:04:46.077] WARN: [asset-retry] load error key=grass_bg_rocky_night - retry 1/2 with cache-buster
[18:04:46.116] WARN: [asset-retry] load error key=town_bg_courtyard_night - retry 1/2 with cache-buster
[18:04:46.617] WARN: [asset-retry] load error key=tall_grass_bg_field_day - retry 1/2 with cache-buster
[18:04:46.663] WARN: [asset-retry] load error key=tall_grass_bg_field_night - retry 1/2 with cache-buster
[18:04:46.942] WARN: [asset-retry] load error key=metropolis_bg_dusk - retry 1/2 with cache-buster
[18:04:47.175] WARN: [asset-retry] load error key=metropolis_bg_east_dusk - retry 1/2 with cache-buster
[18:04:47.190] WARN: [asset-retry] load error key=metropolis_bg_east_night - retry 1/2 with cache-buster
[18:04:47.243] WARN: [asset-retry] load error key=metropolis_bg_west_dusk - retry 1/2 with cache-buster
[18:04:47.361] WARN: [asset-retry] load error key=metropolis_bg_park_dusk - retry 1/2 with cache-buster
[18:04:47.421] WARN: [asset-retry] load error key=metropolis_bg_park_day - retry 1/2 with cache-buster
[18:04:47.422] WARN: [asset-retry] load error key=town_bg_courtyard_day - retry 1/2 with cache-buster
[18:04:47.423] WARN: [asset-retry] load error key=metropolis_bg_west_day - retry 1/2 with cache-buster
[18:04:47.455] WARN: [asset-retry] load error key=metropolis_bg_east_day - retry 1/2 with cache-buster
[18:04:47.457] WARN: [asset-retry] load error key=town_bg_courtyard_dusk - retry 1/2 with cache-buster
[18:04:47.500] WARN: [asset-retry] load error key=metropolis_bg_park_night - retry 1/2 with cache-buster
[18:04:47.542] WARN: [asset-retry] load error key=metropolis_bg_mart - retry 1/2 with cache-buster
[18:04:47.545] WARN: [asset-retry] load error key=metropolis_bg_west_night - retry 1/2 with cache-buster
[18:04:47.585] WARN: [asset-retry] load error key=forest_bg_path_day - retry 1/2 with cache-buster
[18:04:47.629] WARN: [asset-retry] load error key=metropolis_bg_night - retry 1/2 with cache-buster
[18:04:47.631] WARN: [asset-retry] load error key=forest_bg_path_night - retry 1/2 with cache-buster
[18:04:47.645] WARN: [asset-retry] load error key=forest_bg_shadowmoon - retry 1/2 with cache-buster
[18:04:47.884] WARN: [asset-retry] load error key=sea_bg_open_day - retry 1/2 with cache-buster
[18:04:48.387] WARN: [asset-retry] load error key=sea_bg_open_night - retry 1/2 with cache-buster
[18:04:48.586] WARN: [asset-retry] load error key=swamp_bg_wetlands - retry 1/2 with cache-buster
[18:04:48.848] WARN: [asset-retry] load error key=swamp_bg_path - retry 1/2 with cache-buster
[18:04:49.097] WARN: [asset-retry] load error key=beach_bg_shore_night - retry 1/2 with cache-buster
[18:04:49.150] WARN: [asset-retry] load error key=beach_bg_shore_day - retry 1/2 with cache-buster
[18:04:49.221] WARN: [asset-retry] load error key=lake_bg_orion_day - retry 1/2 with cache-buster
[18:04:49.238] WARN: [asset-retry] load error key=lake_bg_forest_night - retry 1/2 with cache-buster
[18:04:49.285] WARN: [asset-retry] load error key=lake_bg_orion_night - retry 1/2 with cache-buster
[18:04:49.387] WARN: [asset-retry] load error key=seabed_bg_dirty - retry 1/2 with cache-buster
[18:04:49.392] WARN: [asset-retry] load error key=lake_bg_orion_dusk - retry 1/2 with cache-buster
[18:04:49.441] WARN: [asset-retry] load error key=swamp_bg_shadowmoon - retry 1/2 with cache-buster
[18:04:49.664] WARN: [asset-retry] load error key=seabed_bg_coral - retry 1/2 with cache-buster
[18:04:49.800] WARN: [asset-retry] load error key=lake_bg_forest_day - retry 1/2 with cache-buster
[18:04:50.745] WARN: [asset-retry] load error key=mountain_bg_canyon_dusk - retry 1/2 with cache-buster
[18:04:50.759] WARN: [asset-retry] load error key=mountain_bg_canyon_night - retry 1/2 with cache-buster
[18:04:51.024] WARN: [asset-retry] load error key=beach_bg_shore_dusk - retry 1/2 with cache-buster
[18:04:51.407] WARN: [asset-retry] load error key=cave_bg_rock_night - retry 1/2 with cache-buster
[18:04:51.598] WARN: [asset-retry] load error key=mountain_bg_canyon_day - retry 1/2 with cache-buster
[18:04:51.646] WARN: [asset-retry] load error key=cave_bg_crystal_night - retry 1/2 with cache-buster
[18:04:51.701] WARN: [asset-retry] load error key=cave_bg_stream - retry 1/2 with cache-buster
[18:04:51.721] WARN: [asset-retry] load error key=cave_bg_rock_day - retry 1/2 with cache-buster
[18:04:51.943] WARN: [asset-retry] load error key=cave_bg_crystal_day - retry 1/2 with cache-buster
[18:04:52.754] WARN: [asset-retry] load error key=badlands_bg_scrub_path - retry 1/2 with cache-buster
[18:04:53.198] WARN: [asset-retry] load error key=ice_cave_bg_glacier - retry 1/2 with cache-buster
[18:04:53.587] WARN: [asset-retry] load error key=desert_bg_dunes - retry 1/2 with cache-buster
[18:04:56.060] WARN: [asset-retry] load error key=dojo_bg_interior - retry 1/2 with cache-buster
[18:04:56.072] WARN: [asset-retry] load error key=dojo_bg_stadium_day - retry 1/2 with cache-buster
[18:04:57.143] WARN: [asset-retry] load error key=dojo_bg_stadium_dusk - retry 1/2 with cache-buster
[18:04:58.224] WARN: [asset-retry] load error key=dojo_bg_stadium_night - retry 1/2 with cache-buster
[18:05:01.715] WARN: [asset-retry] load error key=construction_site_bg_dusk - retry 1/2 with cache-buster
[18:05:02.026] WARN: [asset-retry] load error key=construction_site_bg_night - retry 1/2 with cache-buster
[18:05:04.944] WARN: [asset-retry] load error key=fairy_cave_bg_crystal_water_day - retry 1/2 with cache-buster
[18:05:05.041] WARN: [asset-retry] load error key=fairy_cave_bg_crystal_water_night - retry 1/2 with cache-buster
[18:05:07.575] WARN: [asset-retry] load error key=snowy_forest_bg_plain_day - retry 1/2 with cache-buster
[18:05:07.783] WARN: [asset-retry] load error key=snowy_forest_bg_plain_night - retry 1/2 with cache-buster
[18:05:11.853] WARN: [asset-retry] load error key=laboratory_bg_destroyed - retry 1/2 with cache-buster
[18:05:11.974] WARN: [asset-retry] load error key=laboratory_bg_science_night - retry 1/2 with cache-buster
[18:06:26.128] WARN: [asset-retry] load error key=er_icon__drawclops - retry 1/2 with cache-buster
[18:06:26.240] WARN: [asset-retry] load error key=er_icon__nimbeon - retry 1/2 with cache-buster
[18:06:26.310] WARN: [asset-retry] load error key=er_icon__dustnoir - retry 1/2 with cache-buster
[18:06:26.401] WARN: [asset-retry] load error key=er_icon__ryuveon - retry 1/2 with cache-buster
[18:06:26.845] WARN: [asset-retry] load error key=er_icon__titaneon - retry 1/2 with cache-buster
[18:06:27.189] WARN: [asset-retry] load error key=er_icon__egoelk - retry 1/2 with cache-buster
[18:06:27.230] WARN: [asset-retry] load error key=er_icon__forbiddron - retry 1/2 with cache-buster
[18:06:27.530] WARN: [asset-retry] load error key=er_icon__webbed_bruiser - retry 1/2 with cache-buster
[18:06:27.614] WARN: [asset-retry] load error key=er_icon__twinkletuff - retry 1/2 with cache-buster
[18:06:28.334] WARN: [asset-retry] load error key=er_icon__idolfin - retry 1/2 with cache-buster
[18:06:33.814] WARN: [asset-retry] load error key=grass_bg_rocky_dusk - retry 2/2 via fastly mirror + cache-buster
[18:06:33.826] WARN: [asset-retry] load error key=metropolis_bg_dusk - retry 2/2 via fastly mirror + cache-buster
[18:06:34.168] WARN: [asset-retry] load error key=tall_grass_bg_field_night - retry 2/2 via fastly mirror + cache-buster
[18:06:34.406] WARN: [asset-retry] load error key=grass_bg_rocky_day - retry 2/2 via fastly mirror + cache-buster
[18:06:34.414] WARN: [asset-retry] load error key=grass_bg_rocky_night - retry 2/2 via fastly mirror + cache-buster
[18:06:34.427] WARN: [asset-retry] load error key=metropolis_bg_east_night - retry 2/2 via fastly mirror + cache-buster
[18:06:34.483] WARN: [asset-retry] load error key=town_bg_courtyard_night - retry 2/2 via fastly mirror + cache-buster
[18:06:34.701] WARN: [asset-retry] load error key=tall_grass_bg_field_day - retry 2/2 via fastly mirror + cache-buster
[18:06:34.955] WARN: [asset-retry] load error key=metropolis_bg_park_dusk - retry 2/2 via fastly mirror + cache-buster
[18:06:34.965] WARN: [asset-retry] load error key=metropolis_bg_mart - retry 2/2 via fastly mirror + cache-buster
[18:06:35.645] WARN: [asset-retry] load error key=metropolis_bg_park_day - retry 2/2 via fastly mirror + cache-buster
[18:06:35.655] WARN: [asset-retry] load error key=metropolis_bg_west_dusk - retry 2/2 via fastly mirror + cache-buster
[18:06:35.661] WARN: [asset-retry] load error key=town_bg_courtyard_dusk - retry 2/2 via fastly mirror + cache-buster
[18:06:35.668] WARN: [asset-retry] load error key=metropolis_bg_west_day - retry 2/2 via fastly mirror + cache-buster
[18:06:35.675] WARN: [asset-retry] load error key=metropolis_bg_west_night - retry 2/2 via fastly mirror + cache-buster
[18:06:35.679] WARN: [asset-retry] load error key=metropolis_bg_east_day - retry 2/2 via fastly mirror + cache-buster
[18:06:35.685] WARN: [asset-retry] load error key=forest_bg_path_day - retry 2/2 via fastly mirror + cache-buster
[18:06:35.691] WARN: [asset-retry] load error key=metropolis_bg_night - retry 2/2 via fastly mirror + cache-buster
[18:06:35.696] WARN: [asset-retry] load error key=forest_bg_path_night - retry 2/2 via fastly mirror + cache-buster
[18:06:36.596] WARN: [asset-retry] load error key=sea_bg_open_night - retry 2/2 via fastly mirror + cache-buster
[18:06:36.601] WARN: [asset-retry] load error key=sea_bg_open_day - retry 2/2 via fastly mirror + cache-buster
[18:06:36.606] WARN: [asset-retry] load error key=metropolis_bg_park_night - retry 2/2 via fastly mirror + cache-buster
[18:06:36.610] WARN: [asset-retry] load error key=lake_bg_orion_day - retry 2/2 via fastly mirror + cache-buster
[18:06:36.616] WARN: [asset-retry] load error key=beach_bg_shore_day - retry 2/2 via fastly mirror + cache-buster
[18:06:36.621] WARN: [asset-retry] load error key=metropolis_bg_east_dusk - retry 2/2 via fastly mirror + cache-buster
[18:06:36.642] WARN: [asset-retry] load error key=lake_bg_orion_dusk - retry 2/2 via fastly mirror + cache-buster
[18:06:37.307] WARN: [asset-retry] load error key=swamp_bg_path - retry 2/2 via fastly mirror + cache-buster
[18:06:37.342] WARN: [asset-retry] load error key=forest_bg_shadowmoon - retry 2/2 via fastly mirror + cache-buster
[18:06:37.351] WARN: [asset-retry] load error key=mountain_bg_canyon_day - retry 2/2 via fastly mirror + cache-buster
[18:06:37.359] WARN: [asset-retry] load error key=lake_bg_orion_night - retry 2/2 via fastly mirror + cache-buster
[18:06:37.364] WARN: [asset-retry] load error key=town_bg_courtyard_day - retry 2/2 via fastly mirror + cache-buster
[18:06:37.369] WARN: [asset-retry] load error key=lake_bg_forest_day - retry 2/2 via fastly mirror + cache-buster
[18:06:37.372] WARN: [asset-retry] load error key=swamp_bg_shadowmoon - retry 2/2 via fastly mirror + cache-buster
[18:06:37.388] WARN: [asset-retry] load error key=beach_bg_shore_dusk - retry 2/2 via fastly mirror + cache-buster
[18:06:37.391] WARN: [asset-retry] load error key=cave_bg_rock_night - retry 2/2 via fastly mirror + cache-buster
[18:06:37.437] WARN: [asset-retry] load error key=swamp_bg_wetlands - retry 2/2 via fastly mirror + cache-buster
[18:06:37.496] WARN: [asset-retry] load error key=mountain_bg_canyon_dusk - retry 2/2 via fastly mirror + cache-buster
[18:06:37.501] WARN: [asset-retry] load error key=cave_bg_crystal_day - retry 2/2 via fastly mirror + cache-buster
[18:06:37.507] WARN: [asset-retry] load error key=cave_bg_crystal_night - retry 2/2 via fastly mirror + cache-buster
[18:06:37.511] WARN: [asset-retry] load error key=seabed_bg_coral - retry 2/2 via fastly mirror + cache-buster
[18:06:37.518] WARN: [asset-retry] load error key=beach_bg_shore_night - retry 2/2 via fastly mirror + cache-buster
[18:06:37.604] WARN: [asset-retry] load error key=cave_bg_rock_day - retry 2/2 via fastly mirror + cache-buster
[18:06:37.705] WARN: [asset-retry] load error key=mountain_bg_canyon_night - retry 2/2 via fastly mirror + cache-buster
[18:06:37.713] WARN: [asset-retry] load error key=lake_bg_forest_night - retry 2/2 via fastly mirror + cache-buster
[18:06:38.042] WARN: [asset-retry] load error key=desert_bg_dunes - retry 2/2 via fastly mirror + cache-buster
[18:06:38.093] WARN: [asset-retry] load error key=badlands_bg_scrub_path - retry 2/2 via fastly mirror + cache-buster
[18:06:38.100] WARN: [asset-retry] load error key=ice_cave_bg_glacier - retry 2/2 via fastly mirror + cache-buster
[18:06:38.139] WARN: [asset-retry] load error key=dojo_bg_stadium_day - retry 2/2 via fastly mirror + cache-buster
[18:06:38.149] WARN: [asset-retry] load error key=dojo_bg_stadium_dusk - retry 2/2 via fastly mirror + cache-buster
[18:06:38.156] WARN: [asset-retry] load error key=dojo_bg_interior - retry 2/2 via fastly mirror + cache-buster
[18:06:38.261] WARN: [asset-retry] load error key=fairy_cave_bg_crystal_water_night - retry 2/2 via fastly mirror + cache-buster
[18:06:38.282] WARN: [asset-retry] load error key=fairy_cave_bg_crystal_water_day - retry 2/2 via fastly mirror + cache-buster
[18:06:38.309] WARN: [asset-retry] load error key=er_icon__ryuveon - retry 2/2 via fastly mirror + cache-buster
[18:06:38.319] WARN: [asset-retry] load error key=er_icon__drawclops - retry 2/2 via fastly mirror + cache-buster
[18:06:38.329] WARN: [asset-retry] load error key=er_icon__nimbeon - retry 2/2 via fastly mirror + cache-buster
[18:06:38.336] WARN: [asset-retry] load error key=er_icon__idolfin - retry 2/2 via fastly mirror + cache-buster
[18:06:38.346] WARN: [asset-retry] load error key=er_icon__titaneon - retry 2/2 via fastly mirror + cache-buster
[18:06:38.354] WARN: [asset-retry] load error key=er_icon__dustnoir - retry 2/2 via fastly mirror + cache-buster
[18:06:38.358] WARN: [asset-retry] load error key=construction_site_bg_dusk - retry 2/2 via fastly mirror + cache-buster
[18:06:38.361] WARN: [asset-retry] load error key=er_icon__forbiddron - retry 2/2 via fastly mirror + cache-buster
[18:06:38.370] WARN: [asset-retry] load error key=er_icon__egoelk - retry 2/2 via fastly mirror + cache-buster
[18:06:38.376] WARN: [asset-retry] load error key=er_icon__webbed_bruiser - retry 2/2 via fastly mirror + cache-buster
[18:06:38.381] WARN: [asset-retry] load error key=er_icon__twinkletuff - retry 2/2 via fastly mirror + cache-buster
[18:06:39.379] WARN: [asset-retry] load error key=seabed_bg_dirty - retry 2/2 via fastly mirror + cache-buster
[18:06:39.386] WARN: [asset-retry] load error key=dojo_bg_stadium_night - retry 2/2 via fastly mirror + cache-buster
[18:06:39.892] WARN: [asset-retry] load error key=snowy_forest_bg_plain_day - retry 2/2 via fastly mirror + cache-buster
[18:06:40.045] WARN: [asset-retry] load error key=snowy_forest_bg_plain_night - retry 2/2 via fastly mirror + cache-buster
[18:06:40.135] WARN: [asset-retry] load error key=laboratory_bg_science_night - retry 2/2 via fastly mirror + cache-buster
[18:06:40.597] WARN: [asset-retry] load error key=laboratory_bg_destroyed - retry 2/2 via fastly mirror + cache-buster
[18:06:40.666] WARN: [asset-retry] load error key=construction_site_bg_night - retry 2/2 via fastly mirror + cache-buster
[18:06:41.358] WARN: [asset-retry] load error key=cave_bg_stream - retry 2/2 via fastly mirror + cache-buster
[18:06:44.034] DEBUG: Destroying loading scene
[18:06:44.034] DEBUG: Destroyed loading scene
[18:06:44.129] LOG: Seed: Bx1TlCCDKHknZBwJlwtqke8L
[18:06:44.129] LOG: Wave Seed: Bx1TlCCDKHknZBwJlwtqke8L 0
[18:07:00.905] LOG: %cStart Phase LoginPhase color:green;
[18:07:02.466] LOG: Client Session: wkn0cFxbPhqrQdeXzY4MflzOYsmiSYWh
[18:07:07.106] LOG: %cStart Phase TitlePhase color:green;
[18:07:07.108] LOG: Getting Session Slot id: %d 2
[18:07:07.158] LOG: use seasonal splash messages true
[18:07:35.231] LOG: [coop:lobby] start announce name=test4 protocol=p33
[18:07:36.245] LOG: [coop:lobby] poll players=0
[18:07:38.092] LOG: [coop:lobby] poll players=0
[18:07:39.852] LOG: [coop:lobby] poll players=0
[18:07:41.911] LOG: [coop:lobby] poll players=1
[18:07:44.130] LOG: [coop:lobby] poll: incoming request from=p33_6xAjFBXLZk_LGTggjl-yTGLwFbIGRW13 name=Heraklines1
[18:07:44.135] LOG: [coop:lobby] poll players=1
[18:07:45.126] LOG: [coop:lobby] respond accept=true from=p33_6xAjFBXLZk_LGTggjl-yTGLwFbIGRW13 (self=p33_I93v0TEaDUH2_njASkwpS_JQUNtC9kNC)
[18:07:46.637] LOG: [coop:launch] ICE from worker /coop/ice servers=1
[18:07:52.019] LOG: [coop:launch] await data channel open (state=connecting timeout=30000ms)
[18:07:52.029] LOG: [coop:launch] data channel OPEN
[18:07:52.029] LOG: [coop:webrtc] peer connection state role=guest state=connected channel=open
[18:07:52.029] LOG: [coop:webrtc] ICE connection state role=guest state=connected channel=open
[18:07:52.030] LOG: [coop:webrtc] ctor role=guest readyState=open state=connected
[18:07:52.948] LOG: [coop:webrtc] raw rx role=guest t=hello bytes=543 handlers=0
[18:07:52.948] LOG: [coop:webrtc] raw rx BUFFERED (no handlers yet) role=guest t=hello queued=1
[18:07:52.995] LOG: [coop:webrtc] raw rx role=guest t=dataFingerprint bytes=329 handlers=0
[18:07:52.995] LOG: [coop:webrtc] raw rx BUFFERED (no handlers yet) role=guest t=dataFingerprint queued=2
[18:07:53.002] LOG: [coop:webrtc] raw rx role=guest t=showdownTeam bytes=793 handlers=0
[18:07:53.002] LOG: [coop:webrtc] raw rx BUFFERED (no handlers yet) role=guest t=showdownTeam queued=3
[18:07:53.003] LOG: [coop:webrtc] raw rx role=guest t=showdownReady bytes=51 handlers=0
[18:07:53.003] LOG: [coop:webrtc] raw rx BUFFERED (no handlers yet) role=guest t=showdownReady queued=4
[18:07:54.064] LOG: [coop:launch] connectCoopSession role=guest state=connected username=test4 netcode=authoritative
[18:07:54.065] LOG: [coop:stream] streamer CONSTRUCT timeout=1200000ms onMessage registered
[18:07:54.068] LOG: [coop:stream] guest REGISTER onGhostPool handler (bufferedEarly=false)
[18:07:54.068] LOG: [coop:stream] host REGISTER onStateSyncRequest handler (was=false)
[18:07:54.068] LOG: [coop:stream] host REGISTER onEnemyPartyRequest handler (was=false)
[18:07:54.068] LOG: [coop:stream] guest REGISTER onWaveResolved handler (was=false)
[18:07:54.068] LOG: [coop:stream] guest REGISTER onWaveEndState handler (was=false)
[18:07:54.068] LOG: [coop:stream] watcher REGISTER onMeChecksum handler (was=false)
[18:07:54.068] LOG: [coop:turn] host recorder: REGISTER live emitter (was=false)
[18:07:54.069] LOG: [coop:session] coopAuthoritativeGuestPredicate INSTALLED
[18:07:54.069] LOG: [coop:launch] peer session ready role=guest netcode=authoritative -> connecting
[18:07:54.069] LOG: [coop:launch] session connect role=guest partnerRole=host netcode=authoritative username=test4 version=er-coop-37 tiebreak=0.5945462678664577
[18:07:54.070] LOG: [coop:webrtc] raw tx QUEUE role=guest t=hello bytes=530
[18:07:54.118] LOG: [coop:checksum] dataFingerprint compute moveMap=e9b828360aafb9e2(1032) movesData=d934626e515c046f(1108) movesName=12be97f97ecdc120(1108) movesets=3cd1aab08a835678(1932) abilitiesData=750d7c1a57ed5701(1148) abilitiesName=92447639a283b339(1148)
[18:07:54.120] LOG: [coop:webrtc] raw tx QUEUE role=guest t=dataFingerprint bytes=329
[18:07:54.123] LOG: [coop:session] capabilities NEGOTIATED local=[durability.journal,opSurface.abilityPicker,opSurface.bargain,opSurface.biome,opSurface.catchFull,opSurface.colosseum,opSurface.faintSwitch,opSurface.learnMove,opSurface.me.v2,opSurface.revival,opSurface.reward,opSurface.stormglass,opSurface.wave,renderer.allowlistEnforce] peer=[durability.journal,opSurface.abilityPicker,opSurface.bargain,opSurface.biome,opSurface.catchFull,opSurface.colosseum,opSurface.faintSwitch,opSurface.learnMove,opSurface.me.v2,opSurface.revival,opSurface.reward,opSurface.stormglass,opSurface.wave,renderer.allowlistEnforce] -> effective=[durability.journal,opSurface.abilityPicker,opSurface.bargain,opSurface.biome,opSurface.catchFull,opSurface.colosseum,opSurface.faintSwitch,opSurface.learnMove,opSurface.me.v2,opSurface.revival,opSurface.reward,opSurface.stormglass,opSurface.wave,renderer.allowlistEnforce]
[18:07:54.123] LOG: [coop:owner] ownerOf(counter=0) seat=0 -> owner=host
[18:07:54.123] LOG: [coop:owner] ownerOf(counter=0) seat=0 -> owner=host
[18:07:54.126] LOG: [coop:checksum] MATCH - data tables identical across clients
[18:07:54.126] LOG: [coop:owner] ownerOf(counter=0) seat=0 -> owner=host
[18:07:54.126] LOG: [coop:owner] ownerOf(counter=0) seat=0 -> owner=host
[18:07:54.126] LOG: [coop:webrtc] early-rx drain role=guest n=4 dropped=0
[18:07:54.131] LOG: %cStart Phase SelectStarterPhase color:green;
[18:07:54.133] LOG: [coop:webrtc] raw tx QUEUE role=guest t=showdownTeam bytes=745
[18:07:54.133] LOG: [coop:webrtc] raw tx QUEUE role=guest t=showdownReady bytes=51
[18:07:54.137] LOG: [coop:webrtc] raw rx role=guest t=rendezvous bytes=43 handlers=13
[18:07:54.137] LOG: [coop:rendezvous] RECV arrival point=showdown-ready -> BUFFER (no waiter yet) role=guest
[18:07:59.070] LOG: [coop:interaction] interactionCounter() read -> 0 (role=guest)
[18:07:59.070] LOG: [coop:health] tick=0g turn=- wave=- counter=0 assertions=0 wait=-1ms machineWaits=- peerBeat=- lastRx=2s transport=connected journal=0/0 queue=0
[18:08:07.946] LOG: [coop:webrtc] raw rx role=guest t=stallBeat bytes=35 handlers=13
[18:08:12.949] LOG: [coop:webrtc] raw rx role=guest t=stallBeat bytes=35 handlers=13
[18:08:17.944] LOG: [coop:webrtc] raw rx role=guest t=stallBeat bytes=35 handlers=13
[18:08:20.277] LOG: [coop:interaction] interactionCounter() read -> 0 (role=guest)

----- REPLAY TRACE (JSON) -----
(none)
