{
  "invariant": "no-park",
  "seed": 20260710,
  "wave": 49,
  "detail": "wave driving threw (strand/stall): guest reward WATCH HANG: watcher neither left nor advanced past interaction 44 after 32 drains (owner terminal never arrived) - see dev-logs/coop-duo/",
  "replay": "SOAK_SEED=20260710",
  "phaseState": {
    "hostPhase": "NewBattlePhase",
    "guestPhase": "VictoryPhase",
    "hostInteractionCounter": 44,
    "guestInteractionCounter": 44,
    "hostWave": 50,
    "hostBattleType": 1
  },
  "actionScript": [
    "SKIP mysteryEncounterDisabledV1",
    "wave 1: host slot move=53 guest slot move=53",
    "wave 1: reward shop owner=host take-nonparty",
    "wave 2 turn 1: host SWITCH -> party[2]",
    "wave 2: host slot move=34 guest slot move=53",
    "wave 2: reward shop owner=guest take-nonparty",
    "wave 3: host slot move=85 guest slot move=85",
    "wave 3: reward shop owner=host leave",
    "wave 4: host slot move=34 guest slot move=34",
    "wave 4: reward shop owner=guest leave",
    "wave 5: TRAINER (fixed)",
    "wave 5: host slot move=53 guest slot move=85",
    "wave 5: reward shop owner=host take-nonparty",
    "wave 6: host slot move=53 guest slot move=53",
    "wave 6: reward shop owner=guest leave",
    "wave 7: host slot move=247 guest slot move=85",
    "wave 7: reward shop owner=host leave",
    "wave 8: TRAINER (fixed)",
    "wave 8: host slot move=53 guest slot move=34",
    "wave 8: reward shop owner=guest leave",
    "wave 9: host slot move=85 guest slot move=85",
    "wave 9 turn 2: guest SWITCH -> party[3]",
    "wave 9: reward shop owner=host take-nonparty",
    "wave 10: host slot move=34 guest slot move=34",
    "wave 11: host slot move=247 guest slot move=85",
    "wave 11: reward shop owner=guest leave",
    "wave 12 turn 1: host SWITCH -> party[2]",
    "wave 12: host slot move=53 guest slot move=85",
    "wave 12 turn 2: guest SWITCH -> party[3]",
    "wave 12: reward shop owner=host leave",
    "wave 13: TRAINER (random)",
    "wave 13: host slot move=85 guest slot move=34",
    "wave 13: reward shop owner=guest take-nonparty",
    "wave 14: TRAINER (random)",
    "wave 14: host slot move=34 guest slot move=85",
    "wave 14: reward shop owner=host take-nonparty",
    "wave 15: host slot move=34 guest slot move=34",
    "wave 15: reward shop owner=guest take-nonparty",
    "wave 16: host slot move=53 guest slot move=34",
    "wave 16: reward shop owner=host take-nonparty",
    "wave 17 turn 1: host SWITCH -> party[2]",
    "wave 17: host slot move=85 guest slot move=247",
    "wave 17: reward shop owner=guest take-nonparty",
    "wave 18 turn 1: host SWITCH -> party[2]",
    "wave 18: host slot move=34 guest slot move=53",
    "wave 18: reward shop owner=host take-nonparty",
    "wave 19: host slot move=247 guest slot move=85",
    "wave 19: reward shop owner=guest leave",
    "wave 20: TRAINER (random)",
    "wave 20: host slot move=53 guest slot move=85",
    "wave 21: host slot move=85 guest slot move=247",
    "wave 21 turn 1: guest SWITCH -> party[3]",
    "wave 21: reward shop owner=host take-nonparty",
    "wave 22: host slot move=34 guest slot move=53",
    "wave 22: reward shop owner=guest leave",
    "wave 23: host slot move=247 guest slot move=85",
    "wave 23: reward shop owner=host leave",
    "wave 24: host slot move=53 guest slot move=34",
    "wave 24: reward shop owner=guest take-nonparty",
    "wave 25: TRAINER (fixed)",
    "wave 25: host slot move=85 guest slot move=247",
    "wave 25: reward shop owner=host take-nonparty",
    "wave 26 turn 1: host SWITCH -> party[2]",
    "wave 26: host slot move=34 guest slot move=53",
    "wave 26: reward shop owner=guest leave",
    "wave 27: TRAINER (random)",
    "wave 27: host slot move=247 guest slot move=85",
    "wave 27: reward shop owner=host leave",
    "wave 28: TRAINER (random)",
    "wave 28: host slot move=53 guest slot move=34",
    "wave 28: reward shop owner=guest take-nonparty",
    "wave 29: host slot move=85 guest slot move=247",
    "wave 29: reward shop owner=host leave",
    "wave 30: host slot move=34 guest slot move=53",
    "wave 31: host slot move=247 guest slot move=85",
    "wave 31 turn 1: guest SWITCH -> party[3]",
    "wave 32: host slot move=53 guest slot move=34",
    "wave 32: reward shop owner=host leave",
    "wave 33: host slot move=53 guest slot move=34",
    "wave 33: reward shop owner=guest take-nonparty",
    "wave 34 turn 1: host SWITCH -> party[2]",
    "wave 34: host slot move=34 guest slot move=53",
    "wave 34 turn 1: guest SWITCH -> party[3]",
    "wave 34 turn 2: guest SWITCH -> party[3]",
    "wave 34 turn 3: guest SWITCH -> party[3]",
    "wave 34: reward shop owner=host take-nonparty",
    "wave 35: TRAINER (fixed)",
    "wave 35: host slot move=247 guest slot move=85",
    "wave 35: reward shop owner=guest take-nonparty",
    "wave 36 turn 1: host SWITCH -> party[2]",
    "wave 36: host slot move=53 guest slot move=53",
    "wave 36: reward shop owner=host take-nonparty",
    "wave 37: host slot move=85 guest slot move=85",
    "wave 37: reward shop owner=guest take-nonparty",
    "wave 38: host slot move=34 guest slot move=53",
    "wave 38: reward shop owner=host leave",
    "wave 39: host slot move=247 guest slot move=85",
    "wave 39: reward shop owner=guest take-nonparty",
    "wave 40: host slot move=53 guest slot move=34",
    "wave 41: host slot move=85 guest slot move=247",
    "wave 41: reward shop owner=host leave",
    "wave 42: host slot move=34 guest slot move=53",
    "wave 42 turn 1: guest SWITCH -> party[3]",
    "wave 42: reward shop owner=guest take-nonparty",
    "wave 43: TRAINER (random)",
    "wave 43: host slot move=247 guest slot move=85",
    "wave 43: reward shop owner=host take-nonparty",
    "wave 44: host slot move=53 guest slot move=34",
    "wave 44: reward shop owner=guest leave",
    "wave 45: host slot move=85 guest slot move=247",
    "wave 46 turn 1: guest SWITCH -> party[3]",
    "wave 45: reward shop owner=host take-nonparty",
    "wave 46 turn 1: host SWITCH -> party[2]",
    "wave 46: host slot move=34 guest slot move=53",
    "wave 46: reward shop owner=guest leave",
    "wave 47: host slot move=247 guest slot move=85",
    "wave 47: reward shop owner=host take-nonparty",
    "wave 48: host slot move=53 guest slot move=34",
    "wave 48: reward shop owner=guest leave",
    "wave 49: TRAINER (random)",
    "wave 49: host slot move=85 guest slot move=247"
  ]
}