url:      https://elite-redux-staging.pages.dev/
build:    mrc9a598-g33b
mode:     6  wave:7
seed:     JZVSBJ3bjqJ7JKF2ABGnUYeG
party:    Chinchou(L6 14hp f0), Turtwig(L8 29hp f0), Oddish(L6 23hp f0), Fennekin(L5 20hp f0)
enemy:    Pidgey(L5), Taillow(L5)

----- COMMENT -----
Ditto didnt actually transform visually,it did however seem to transform becasue it took super effective ice beam,might have just been visual

----- CONSOLE -----
[15:05:04.382] LOG: [coop:replay] guest replay turn=2: live increment seq=7..8
[15:05:04.382] LOG: [coop:replay] guest replay turn=2: rendering 2 event(s)
[15:05:04.382] LOG: [coop:replay] guest replay turn=2: present k=message
[15:05:04.382] LOG: [coop:replay] guest replay turn=2: present k=message
[15:05:04.382] LOG: [coop:replay] guest replay turn=2: rendered phases [message=2]
[15:05:04.382] LOG: [coop:session] isCoopAuthoritativeGuestGated -> true (authoritative GUEST gates a structural mutation)
[15:05:04.382] LOG: %cStart Phase MessagePhase color:green;
[15:05:04.590] LOG: %cStart Phase MessagePhase color:green;
[15:05:04.826] LOG: %cStart Phase CoopReplayTurnPhase color:green;
[15:05:04.826] LOG: [coop:replay] guest awaitTurn turn=2 RESOLVE (buffered race) events=9
[15:05:04.827] LOG: [coop:replay] guest consume live events turn=2 count=0
[15:05:04.827] LOG: [coop:replay] guest replay turn=2: RESOLVE renderedLive=9 remaining=0 batch=9
[15:05:04.827] LOG: [coop:replay] guest replay turn=2: rendering 0 event(s)
[15:05:04.827] LOG: [coop:replay] guest replay turn=2: rendered phases [none]
[15:05:04.827] LOG: [coop:replay] guest replay turn=2: unshift CoopFinalizeTurnPhase (checkpoint apply deferred)
[15:05:04.827] LOG: [coop:session] isCoopAuthoritativeGuestGated -> true (authoritative GUEST gates a structural mutation)
[15:05:04.827] LOG: %cStart Phase CoopFinalizeTurnPhase color:green;
[15:05:04.827] LOG: [coop:checksum] guest finalize turn=2: apply checkpoint + verify checksum=fb6f3f7f8d709618
[15:05:04.827] LOG: [coop:checkpoint] guest apply field=4 weather=0 terrain=0 arenaTags=1
[15:05:04.827] WARN: [coop:checkpoint] mon bi=0 hp host=14 guest=12 status host=0 guest=0 -> applied
[15:05:04.827] LOG: [coop:session] isCoopAuthoritativeGuestGated -> true (authoritative GUEST gates a structural mutation)
[15:05:04.828] LOG: Applied Calcium 
[15:05:04.828] LOG: [coop:heal] erMoneyStreaks host entries=4 -> restored (#837/#348)
[15:05:04.828] LOG: [coop:heal] biomeOverstayAnchor host=null -> restored (#837/#504)
[15:05:04.828] LOG: [coop:heal] erBiomeStructure host length=null startWave=1 -> restored (#841 item 5)
[15:05:04.828] LOG: [coop:heal] erRelicBattleState host wave=6 -> restored (#837)
[15:05:04.828] LOG: Applied Calcium 
[15:05:04.829] LOG: [coop:resync] guest apply authoritativeState tick=29 wave=6 turn=2 party=4/2 field=4
[15:05:04.830] LOG: [coop:checksum] capture digest=fb6f3f7f8d709618 field=2 biome=0 seed=JZVSBJ3bjqJ7JKF2ABGnUYeG weather=0 terrain=0 money=960 party=[170,387,43,653] partyLevels=[6,8,6,5] arenaTags=1 modifiers=2 heldItemsDigest=0 pokeballs=[0:10,1:0,2:0,3:0,4:0] mons=[bi0:sp170/hp14-26/st0/ab33/form0/tera0:10/boss0:0 bi1:sp387/hp29-29/st0/ab5036/form0/tera0:11/boss0:0]
[15:05:04.830] LOG: [coop:checksum] guest verify turn=2: MATCH host=guest=fb6f3f7f8d709618
[15:05:04.830] WARN: [coop:replay] guest finalize turn=2: suppressing phantom turn after wave-advance signaled wave=6 (terminal final turn, NOT queuing turn-end)
[15:05:04.830] LOG: [coop:runtime] consume wave-advance wave=6 outcome=win (lastResolved 5 -> 6)
[15:05:04.830] LOG: [coop:replay] guest wave-advance outcome=win wave=6 battleType=WILD queues=VictoryPhase
[15:05:04.830] LOG: [coop:session] isCoopAuthoritativeGuestGated -> true (authoritative GUEST gates a structural mutation)
[15:05:04.830] LOG: [coop:replay] guest finalize turn=2: END (checkpoint applied, turn-end queued)
[15:05:04.830] LOG: %cStart Phase VictoryPhase color:green;
[15:05:04.830] LOG: [coop:progression] GUEST applyPartyExp SKIP wave=6 koMon=Ditto (awaiting host waveEndState)
[15:05:04.830] LOG: [coop:session] isCoopAuthoritativeGuestGated -> true (authoritative GUEST gates a structural mutation)
[15:05:04.830] LOG: [coop:session] isCoopAuthoritativeGuestGated -> true (authoritative GUEST gates a structural mutation)
[15:05:04.830] LOG: [coop:session] isCoopAuthoritativeGuestGated -> true (authoritative GUEST gates a structural mutation)
[15:05:04.830] LOG: [coop:session] isCoopAuthoritativeGuestGated -> true (authoritative GUEST gates a structural mutation)
[15:05:04.830] LOG: %cStart Phase BattleEndPhase color:green;
[15:05:04.830] LOG: [coop:progression] waveEndState BROADCAST wave=6 (host streams authoritative snapshot)
[15:05:04.830] LOG: [coop:runtime] consume waveEndState wave=6 tick=30
[15:05:04.831] LOG: Applied Calcium 
[15:05:04.831] LOG: [coop:heal] erMoneyStreaks host entries=4 -> restored (#837/#348)
[15:05:04.831] LOG: [coop:heal] biomeOverstayAnchor host=null -> restored (#837/#504)
[15:05:04.831] LOG: [coop:heal] erBiomeStructure host length=null startWave=1 -> restored (#841 item 5)
[15:05:04.831] LOG: [coop:heal] erRelicBattleState host wave=6 -> restored (#837)
[15:05:04.831] LOG: Applied Calcium 
[15:05:04.832] LOG: [coop:resync] guest apply authoritativeState tick=30 wave=6 turn=3 party=4/2 field=4
[15:05:04.832] LOG: [coop:progression] GUEST waveEndState APPLY wave=6 applied=true tick=30
[15:05:04.833] LOG: Battle Score: 0 (1 Turns x1)
[15:05:04.833] LOG: Total Score: 147
[15:05:04.837] LOG: Applied Calcium 
[15:05:04.838] LOG: %cStart Phase EggLapsePhase color:green;
[15:05:04.838] LOG: %cStart Phase SelectModifierPhase color:green;
[15:05:04.838] LOG: [coop:interaction] interactionCounter() read -> 5 (role=guest)
[15:05:04.838] LOG: [coop:owner] ownerOf(counter=5) seat=1 -> owner=guest
[15:05:04.838] LOG: [coop:owner] isLocalOwnerAtCounter(pinnedCounter=5) parity=1 owner=guest role=guest -> true
[15:05:04.838] LOG: Wave Seed: P`\YHP9hpwP=PQL8GHMt[_kM 6
[15:05:04.840] LOG: 7 4 [3,4,5,6]
[15:05:04.840] LOG: {"id":"TEMP_STAT_STAGE_BOOSTER","localeKey":"","iconImage":"x_attack","soundName":"se/restore","tier":0,"stat":1,"nameKey":"x_attack","quantityKey":"percentage"} 
[15:05:04.840] LOG: 32 8 [1,8,10,11,12,13,14,23]
[15:05:04.840] LOG: {"id":"ER_DEX_NAV","localeKey":"","iconImage":"dex_nav","soundName":"se/restore","tier":2} 
[15:05:04.840] LOG: 0 0 [1,8,10,11,12,13,14,23]
[15:05:04.840] LOG: {"id":"ULTRA_BALL","localeKey":"","iconImage":"ub","group":"pb","soundName":"se/pb_bounce_1","tier":2,"pokeballType":2,"count":5} 
[15:05:04.841] LOG: 13 10 [2,3,4,5,6,7,8,9,10,12,22]
[15:05:04.841] LOG: {"id":"NUGGET","localeKey":"modifierType:ModifierType.NUGGET","iconImage":"nugget","group":"money","soundName":"se/buy","tier":1,"moneyMultiplier":1,"moneyMultiplierDescriptorKey":"modifierType:ModifierType.MoneyRewardModifierType.extra.small"} 
[15:05:04.841] LOG: [coop:owner] ownerOf(counter=5) seat=1 -> owner=guest
[15:05:04.841] LOG: [coop:owner] isLocalOwnerAtCounter(pinnedCounter=5) parity=1 owner=guest role=guest -> true
[15:05:04.841] LOG: [coop:interaction] interactionCounter() read -> 5 (role=guest)
[15:05:04.841] LOG: [coop:reward] owner/watcher decision: pinnedStart=5 liveCounter=5 parity=1 role=guest pick=OWNER option=ROLL spoof=false
[15:05:04.841] LOG: [coop:shop] serializeRewardOptions count=3 ids=[TEMP_STAT_STAGE_BOOSTER,ULTRA_BALL,NUGGET] tiers=[0,2,1]
[15:05:04.841] LOG: [coop:reward] OWNER streams reward options (start=5 reroll=0 count=3 ids=[TEMP_STAT_STAGE_BOOSTER,ULTRA_BALL,NUGGET])
[15:05:04.841] LOG: [coop:relay] SEND rewardOptions seq=5 reroll=0 count=3 ids=[TEMP_STAT_STAGE_BOOSTER,ULTRA_BALL,NUGGET]
[15:05:04.841] LOG: [coop:webrtc] raw tx role=guest t=rewardOptions bytes=243
[15:05:04.841] LOG: [coop:rendezvous] ARRIVE point=shop:6:5 (send) role=guest
[15:05:04.841] LOG: [coop:webrtc] raw tx role=guest t=rendezvous bytes=37
[15:05:04.841] LOG: [coop:reward] OWNER drives reward screen (start=5 role=guest spoof=false adoptsOptions=false wave=6)
[15:05:04.841] LOG: [coop:rendezvous] shop-pick-commit barrier AWAIT shop:6:5
[15:05:04.841] LOG: [coop:rendezvous] AWAIT point=shop:6:5 -> partner already arrived (buffer-hit) role=guest
[15:05:04.848] LOG: [coop:interaction] mirror begin role=owner mirrorSeq=320 interactionStart=5 reroll=0
[15:05:04.848] LOG: [coop:interaction] uiMirror beginSession role=owner mode=6 seq=320 early=1
[15:05:04.928] LOG: [coop:interaction] uiMirror OWNER send seq=320 n=0 button=5 modeBefore=6
[15:05:04.928] LOG: [coop:webrtc] raw tx role=guest t=uiInput bytes=51
[15:05:07.093] LOG: [coop:interaction] uiMirror OWNER send seq=320 n=1 button=3 modeBefore=6
[15:05:07.093] LOG: [coop:webrtc] raw tx role=guest t=uiInput bytes=51
[15:05:07.631] LOG: [coop:interaction] uiMirror OWNER send seq=320 n=2 button=3 modeBefore=6
[15:05:07.631] LOG: [coop:webrtc] raw tx role=guest t=uiInput bytes=51
[15:05:08.349] LOG: [coop:interaction] uiMirror OWNER send seq=320 n=3 button=2 modeBefore=6
[15:05:08.349] LOG: [coop:webrtc] raw tx role=guest t=uiInput bytes=51
[15:05:09.673] LOG: [coop:interaction] uiMirror OWNER send seq=320 n=4 button=3 modeBefore=6
[15:05:09.673] LOG: [coop:webrtc] raw tx role=guest t=uiInput bytes=51
[15:05:10.189] LOG: [coop:interaction] uiMirror OWNER send seq=320 n=5 button=2 modeBefore=6
[15:05:10.189] LOG: [coop:webrtc] raw tx role=guest t=uiInput bytes=51
[15:05:10.675] LOG: [coop:owner] ownerOf(counter=5) seat=1 -> owner=guest
[15:05:10.675] LOG: [coop:owner] isLocalOwnerAtCounter(pinnedCounter=5) parity=1 owner=guest role=guest -> true
[15:05:10.675] LOG: [coop:owner] ownerOf(counter=5) seat=1 -> owner=guest
[15:05:10.675] LOG: [coop:owner] isLocalOwnerAtCounter(pinnedCounter=5) parity=1 owner=guest role=guest -> true
[15:05:10.675] LOG: [coop:relay] OWNER send seq=5 kind=reward choice=1 data=[0] role=guest
[15:05:10.675] LOG: [coop:relay] SEND interactionChoice seq=5 kind=reward kind=? choice=1 data=[0]
[15:05:10.675] LOG: [coop:webrtc] raw tx role=guest t=interactionChoice bytes=71
[15:05:10.676] LOG: %cStart Phase NewBattlePhase color:green;
[15:05:10.677] LOG: Wave Seed: Qa]ZIQ:iqxQ>QRM9HINu\`lN 7
[15:05:10.677] LOG: [coop:session] isCoopAuthoritativeGuestGated -> true (authoritative GUEST gates a structural mutation)
[15:05:10.677] LOG: %cStart Phase NextEncounterPhase color:green;
[15:05:10.677] LOG: [coop:stream] guest consumeEnemyParty wave=7 -> null (buffered=wave 6)
[15:05:10.677] LOG: [coop:stream] guest awaitEnemyParty wave=7 START timeout=120000ms
[15:05:10.677] LOG: [coop:interaction] interactionCounter() read -> 5 (role=guest)
[15:05:10.677] LOG: [coop:interaction] CoopInteractionTurn.advance INCREMENT (fromCounter=5) counter 5 -> 6
[15:05:10.677] LOG: [coop:interaction] advanceInteraction ADVANCED+BROADCAST (fromCounter=5) counter 5 -> 6 role=guest; send interaction screen=__turn__ choice=6
[15:05:10.677] LOG: [coop:webrtc] raw tx role=guest t=interaction bytes=50
[15:05:10.677] LOG: [coop:owner] ownerOf(counter=6) seat=0 -> owner=host
[15:05:10.677] LOG: [coop:owner] ownerOf(counter=6) seat=0 -> owner=host
[15:05:10.677] LOG: [coop-launch] proceedIfReady launched=true localTeam=2 bothReady=true role=guest partnerReady=true
[15:05:10.677] LOG: [coop:interaction] interactionCounter() read -> 6 (role=guest)
[15:05:10.677] LOG: [coop:reward] advance interaction (role=guest from=5 counter 5 -> 6)
[15:05:10.677] LOG: [coop:session] isCoopAuthoritativeGuestGated -> true (authoritative GUEST gates a structural mutation)
[15:05:10.819] LOG: [coop:webrtc] raw rx role=guest t=interaction bytes=50 handlers=11
[15:05:10.819] LOG: [coop:interaction] RECV interaction broadcast (deferred catch-up net) received=6 localBefore=6 role=guest -> no defer (local >= received)
[15:05:10.819] WARN: [coop:interaction] CoopInteractionTurn.mergeRemote DEFER (remote=6, counter=6, pendingRemote=6) live counter UNCHANGED (folds in at next advance if still ahead)
[15:05:10.819] LOG: [coop:owner] ownerOf(counter=6) seat=0 -> owner=host
[15:05:10.819] LOG: [coop:owner] ownerOf(counter=6) seat=0 -> owner=host
[15:05:10.819] LOG: [coop-launch] proceedIfReady launched=true localTeam=2 bothReady=true role=guest partnerReady=true
[15:05:11.023] LOG: [coop:webrtc] raw rx role=guest t=enemyPartySync bytes=518 handlers=11
[15:05:11.023] LOG: [coop:replay] guest RECV enemyPartySync wave=7 count=2 -> parked waiter
[15:05:11.023] LOG: [coop:stream] guest awaitEnemyParty wave=7 RESOLVE count=2
[15:05:11.031] LOG: [coop:enemy] buildCoopEnemy ADOPT bi=0 species=16 form=0 lv=5 abilityIdx=0 nature=17 gender=1 shiny=false hp=20/20 moves=4 heldItems=0
[15:05:11.036] LOG: [coop:enemy] buildCoopEnemy ADOPT bi=0 species=276 form=0 lv=5 abilityIdx=1 nature=13 gender=0 shiny=false hp=19/19 moves=4 heldItems=0
[15:05:11.038] LOG: Pokemon: Wild Pidgey | Species ID: 16 | Level: 5 | Nature: Quiet (+SpAtk/-Spd)
[15:05:11.038] LOG: Stats (IVs): HP: 20 (26), Atk: 9 (29), Def: 9 (11), Spatk: 11 (16), Spdef: 8 (9), Spd: 9 (26)
[15:05:11.038] LOG: Ability: No Guard | Passive Ability: Flock 
[15:05:11.038] LOG: Moveset: ["Air Cutter","Steel Wing","Sand Attack","Gust"]
[15:05:11.038] LOG: Pokemon: Wild Taillow | Species ID: 276 | Level: 5 | Nature: Jolly (+Spd/-SpAtk)
[15:05:11.038] LOG: Stats (IVs): HP: 19 (1), Atk: 12 (30), Def: 8 (15), Spatk: 9 (22), Spdef: 8 (14), Spd: 16 (26)
[15:05:11.038] LOG: Ability: Air Blower | Passive Ability: Flock 
[15:05:11.038] LOG: Moveset: ["Quick Attack","Focus Energy","Quick Guard","Peck"]
[15:05:11.837] LOG: [coop:launch] resume marker recorded slot=0 self=moon partner=sosos2001 wave=7 (#810)
[15:05:11.887] DEBUG: Session data saved to slot 0!
[15:05:11.887] LOG: Wave Seed: Qa]ZIQ:iqxQ>QRM9HINu\`lN 7
[15:05:12.088] WARN: cry/16 not found
[15:05:12.333] LOG: [coop:session] isCoopAuthoritativeGuestGated -> true (authoritative GUEST gates a structural mutation)
[15:05:12.333] LOG: [coop:session] isCoopAuthoritativeGuestGated -> true (authoritative GUEST gates a structural mutation)
[15:05:12.333] LOG: [coop:session] isCoopAuthoritativeGuestGated -> true (authoritative GUEST gates a structural mutation)
[15:05:12.333] LOG: [coop:session] isCoopAuthoritativeGuestGated -> true (authoritative GUEST gates a structural mutation)
[15:05:12.334] LOG: %cStart Phase CoopPartnerSyncPhase color:green;
[15:05:12.334] LOG: [coop:interaction] interactionCounter() read -> 6 (role=guest)
[15:05:12.334] LOG: %cStart Phase ToggleDoublePositionPhase color:green;
[15:05:12.334] LOG: %cStart Phase CheckSwitchPhase color:green;
[15:05:12.334] LOG: %cStart Phase CheckSwitchPhase color:green;
[15:05:12.334] LOG: %cStart Phase InitEncounterPhase color:green;
[15:05:12.334] LOG: [coop:session] isCoopAuthoritativeGuestGated -> true (authoritative GUEST gates a structural mutation)
[15:05:12.334] LOG: [coop:session] isCoopAuthoritativeGuestGated -> true (authoritative GUEST gates a structural mutation)
[15:05:12.335] LOG: %cStart Phase PostSummonPhase color:green;
[15:05:12.335] LOG: Ran PSP for: Taillow
[15:05:12.335] LOG: [coop:session] isCoopAuthoritativeGuestGated -> true (authoritative GUEST gates a structural mutation)
[15:05:12.335] LOG: %cStart Phase MessagePhase color:green;
[15:05:12.560] LOG: %cStart Phase DamageAnimPhase color:green;
[15:05:12.563] LOG: %cStart Phase PostSummonPhase color:green;
[15:05:12.563] LOG: [coop:session] isCoopAuthoritativeGuestGated -> true (authoritative GUEST gates a structural mutation)
[15:05:12.563] LOG: %cStart Phase CoopInertPhase color:green;
[15:05:12.563] LOG: %cStart Phase PostSummonPhase color:green;
[15:05:12.563] LOG: %cStart Phase PostSummonPhase color:green;
[15:05:12.563] LOG: Ran PSP for: Pidgey
[15:05:12.563] LOG: [coop:session] isCoopAuthoritativeGuestGated -> true (authoritative GUEST gates a structural mutation)
[15:05:12.564] LOG: %cStart Phase MessagePhase color:green;
[15:05:12.796] LOG: %cStart Phase DamageAnimPhase color:green;
[15:05:12.798] LOG: %cStart Phase PostSummonPhase color:green;
[15:05:12.798] LOG: %cStart Phase PostSummonPhase color:green;
[15:05:12.798] LOG: %cStart Phase TurnInitPhase color:green;
[15:05:12.798] LOG: [coop:session] isCoopAuthoritativeGuestGated -> true (authoritative GUEST gates a structural mutation)
[15:05:12.798] LOG: [coop:session] isCoopAuthoritativeGuestGated -> true (authoritative GUEST gates a structural mutation)
[15:05:12.798] LOG: [coop:session] isCoopAuthoritativeGuestGated -> true (authoritative GUEST gates a structural mutation)
[15:05:12.798] LOG: [coop:session] isCoopAuthoritativeGuestGated -> true (authoritative GUEST gates a structural mutation)
[15:05:12.798] LOG: [coop:session] isCoopAuthoritativeGuestGated -> true (authoritative GUEST gates a structural mutation)
[15:05:12.798] LOG: %cStart Phase CommandPhase color:green;
[15:05:12.798] LOG: [coop:stream] guest consumeEnemyParty wave=7 -> null (buffered=none)
[15:05:12.798] LOG: [coop:battle] CommandPhase slot=0 turn=1 owner=host role=guest -> partner path
[15:05:12.798] LOG: %cStart Phase CommandPhase color:green;
[15:05:12.798] LOG: [coop:stream] guest consumeEnemyParty wave=7 -> null (buffered=none)
[15:05:12.799] LOG: [coop:battle] CommandPhase slot=1 turn=1 owner=guest role=guest -> LOCAL UI
[15:05:12.799] LOG: [coop:rendezvous] next-command barrier ARRIVE+AWAIT cmd:7:1 slot=1
[15:05:12.799] LOG: [coop:rendezvous] ARRIVE point=cmd:7:1 (send) role=guest
[15:05:12.799] LOG: [coop:webrtc] raw tx role=guest t=rendezvous bytes=36
[15:05:12.799] LOG: [coop:rendezvous] AWAIT point=cmd:7:1 timeoutMs=60000 -> network-wait role=guest
[15:05:13.593] LOG: [coop:webrtc] raw rx role=guest t=enemyPartySync bytes=506 handlers=11
[15:05:13.593] LOG: [coop:replay] guest RECV enemyPartySync wave=7 count=2 -> buffered (no waiter)
[15:05:13.593] LOG: [coop:webrtc] raw rx role=guest t=rendezvous bytes=36 handlers=11
[15:05:13.593] LOG: [coop:rendezvous] RECV arrival point=cmd:7:1 -> deliver-to-waiter role=guest
[15:05:13.593] LOG: [coop:rendezvous] AWAIT point=cmd:7:1 RESOLVE both-arrived role=guest
[15:05:17.975] LOG: Move: STONE_AXE Move targets: {"targets":[2,3,0],"multiple":false} 
Player Pokemon: Turtwig
[15:05:17.975] LOG: [coop:session] isCoopAuthoritativeGuestGated -> true (authoritative GUEST gates a structural mutation)
[15:05:17.976] LOG: %cStart Phase SelectTargetPhase color:green;
[15:05:18.637] LOG: [coop:owner] broadcast own-slot fi=1 turn=1 role=guest cmd=0
[15:05:18.637] LOG: [coop:relay] broadcastLocalCommand SEND fieldIndex=1 owner=guest turn=1 command=0 cursor=3 moveId=830 targets=[3]
[15:05:18.637] LOG: [coop:webrtc] raw tx role=guest t=command bytes=129
[15:05:18.637] LOG: %cStart Phase CoopInertPhase color:green;
[15:05:18.637] LOG: %cStart Phase CoopInertPhase color:green;
[15:05:18.637] LOG: %cStart Phase TurnStartPhase color:green;
[15:05:18.637] LOG: [coop:session] isCoopAuthoritativeGuestGated -> true (authoritative GUEST gates a structural mutation)
[15:05:18.637] LOG: %cStart Phase CoopReplayTurnPhase color:green;
[15:05:18.637] LOG: [coop:replay] guest replay turn=1: live pump start (awaiting host events/resolution)
[15:05:18.637] LOG: [coop:replay] guest awaitTurn turn=1 START timeout=1200000ms
[15:05:23.285] LOG: [coop:webrtc] raw rx role=guest t=command bytes=128 handlers=11
[15:05:23.285] LOG: [coop:relay] recv command fieldIndex=0 turn=1 command=0 -> BUFFERED (no awaiter yet)
[15:05:23.301] LOG: [coop:webrtc] raw rx role=guest t=battleEvent bytes=95 handlers=11
[15:05:23.301] LOG: [coop:replay] guest RECV live battleEvent turn=1 seq=0 k=moveUsed
[15:05:23.301] LOG: [coop:replay] guest live-pump drain turn=1 seq=0..0
[15:05:23.301] LOG: [coop:replay] guest replay turn=1: live increment seq=0..0
[15:05:23.301] LOG: [coop:replay] guest replay turn=1: rendering 1 event(s)
[15:05:23.301] LOG: [coop:replay] guest replay turn=1: present k=moveUsed
[15:05:23.301] LOG: [coop:session] isCoopAuthoritativeGuestGated -> true (authoritative GUEST gates a structural mutation)
[15:05:23.301] LOG: [coop:replay] guest replay turn=1: rendered phases [moveUsed=1]
[15:05:23.301] LOG: [coop:session] isCoopAuthoritativeGuestGated -> true (authoritative GUEST gates a structural mutation)
[15:05:23.301] LOG: %cStart Phase MessagePhase color:green;
[15:05:23.952] LOG: [coop:webrtc] raw rx role=guest t=battleEvent bytes=89 handlers=11
[15:05:23.952] LOG: [coop:replay] guest RECV live battleEvent turn=1 seq=1 k=hp
[15:05:23.952] LOG: [coop:webrtc] raw rx role=guest t=battleEvent bytes=89 handlers=11
[15:05:23.952] LOG: [coop:replay] guest RECV live battleEvent turn=1 seq=2 k=faint
[15:05:23.952] LOG: [coop:webrtc] raw rx role=guest t=battleEvent bytes=91 handlers=11
[15:05:23.952] LOG: [coop:replay] guest RECV live battleEvent turn=1 seq=3 k=message
[15:05:24.232] LOG: %cStart Phase CoopMoveAnimReplayPhase color:green;
[15:05:24.232] LOG: [coop:replay] present move bi=0 moveId=909 targets=1
[15:05:24.658] LOG: %cStart Phase CoopReplayTurnPhase color:green;
[15:05:24.658] LOG: [coop:replay] guest live-pump drain turn=1 seq=1..3
[15:05:24.658] LOG: [coop:replay] guest replay turn=1: live increment seq=1..3
[15:05:24.658] LOG: [coop:replay] guest replay turn=1: rendering 3 event(s)
[15:05:24.658] LOG: [coop:replay] guest replay turn=1: present k=hp
[15:05:24.658] LOG: [coop:session] isCoopAuthoritativeGuestGated -> true (authoritative GUEST gates a structural mutation)
[15:05:24.658] LOG: [coop:replay] guest replay turn=1: present k=faint
[15:05:24.658] LOG: [coop:session] isCoopAuthoritativeGuestGated -> true (authoritative GUEST gates a structural mutation)
[15:05:24.658] LOG: [coop:replay] guest replay turn=1: present k=message
[15:05:24.658] LOG: [coop:replay] guest replay turn=1: rendered phases [hp=1 faint=1 message=1]
[15:05:24.658] LOG: [coop:session] isCoopAuthoritativeGuestGated -> true (authoritative GUEST gates a structural mutation)
[15:05:24.658] LOG: %cStart Phase CoopHpDrainReplayPhase color:green;
[15:05:24.658] LOG: [coop:replay] present hp bi=3 15->0/19
[15:05:24.660] LOG: %cStart Phase CoopFaintReplayPhase color:green;
[15:05:24.660] LOG: [coop:replay] present faint bi=3 narrate=true
[15:05:25.164] LOG: %cStart Phase MessagePhase color:green;
[15:05:25.687] LOG: [coop:webrtc] raw rx role=guest t=battleEvent bytes=97 handlers=11
[15:05:25.687] LOG: [coop:replay] guest RECV live battleEvent turn=1 seq=4 k=moveUsed
[15:05:26.192] LOG: [coop:webrtc] raw rx role=guest t=battleEvent bytes=90 handlers=11
[15:05:26.192] LOG: [coop:replay] guest RECV live battleEvent turn=1 seq=5 k=hp
[15:05:26.192] LOG: [coop:webrtc] raw rx role=guest t=battleEvent bytes=94 handlers=11
[15:05:26.192] LOG: [coop:replay] guest RECV live battleEvent turn=1 seq=6 k=message
[15:05:26.192] LOG: [coop:webrtc] raw rx role=guest t=battleEvent bytes=90 handlers=11
[15:05:26.192] LOG: [coop:replay] guest RECV live battleEvent turn=1 seq=7 k=hp
[15:05:26.192] LOG: [coop:webrtc] raw rx role=guest t=battleEvent bytes=91 handlers=11
[15:05:26.192] LOG: [coop:replay] guest RECV live battleEvent turn=1 seq=8 k=message
