{
  "invariant": "no-park",
  "seed": 20260704,
  "wave": 66,
  "detail": "wave driving threw (strand/stall): PhaseInterceptor.to(\"CommandPhase\") did not reach its target (soft-lock / freeze?): stuck at phase \"SwitchPhase\", UI mode PARTY (=8), interceptor state \"running\".\nOriginal: Timed out in waitUntil!",
  "replay": "SOAK_SEED=20260704",
  "phaseState": {
    "hostPhase": "SwitchPhase",
    "guestPhase": "TurnInitPhase",
    "hostInteractionCounter": 65,
    "guestInteractionCounter": 65,
    "hostWave": 66,
    "hostBattleType": 1
  },
  "actionScript": [
    "SKIP mysteryEncounterDisabledV1",
    "wave 1: host slot move=53 guest slot move=53",
    "wave 1: reward shop owner=host take-nonparty",
    "wave 2: host slot move=85 guest slot move=85",
    "wave 2: reward shop owner=guest take-nonparty",
    "wave 3 turn 1: host SWITCH -> party[2]",
    "wave 3: host slot move=34 guest slot move=53",
    "wave 3: reward shop owner=host take-nonparty",
    "wave 4: host slot move=85 guest slot move=53",
    "wave 4: reward shop owner=guest leave",
    "wave 5: TRAINER (fixed)",
    "wave 5 turn 1: host SWITCH -> party[2]",
    "wave 5: host slot move=53 guest slot move=53",
    "wave 5 turn 1: guest SWITCH -> party[3]",
    "wave 5 turn 2: guest SWITCH -> party[3]",
    "wave 5: reward shop owner=host leave",
    "wave 6: host slot move=53 guest slot move=53",
    "wave 6 turn 1: guest SWITCH -> party[3]",
    "wave 6: reward shop owner=guest take-nonparty",
    "wave 7: host slot move=85 guest slot move=247",
    "wave 7: reward shop owner=host leave",
    "wave 8: TRAINER (fixed)",
    "wave 8: host slot move=34 guest slot move=53",
    "wave 8: reward shop owner=guest leave",
    "wave 9: host slot move=85 guest slot move=85",
    "wave 9: reward shop owner=host leave",
    "wave 10: host slot move=34 guest slot move=53",
    "wave 11: host slot move=85 guest slot move=247",
    "wave 11: reward shop owner=host take-nonparty",
    "wave 12: host slot move=34 guest slot move=53",
    "wave 12: reward shop owner=guest leave",
    "wave 13: TRAINER (random)",
    "wave 13: host slot move=247 guest slot move=53",
    "wave 13: reward shop owner=host take-nonparty",
    "wave 14: TRAINER (random)",
    "wave 14: host slot move=53 guest slot move=34",
    "wave 14: reward shop owner=guest take-nonparty",
    "wave 15: host slot move=53 guest slot move=247",
    "wave 15: reward shop owner=host leave",
    "wave 16: host slot move=34 guest slot move=53",
    "wave 16: reward shop owner=guest take-nonparty",
    "wave 17 turn 1: host SWITCH -> party[2]",
    "wave 17: host slot move=247 guest slot move=85",
    "wave 17 turn 2: guest SWITCH -> party[3]",
    "wave 17: reward shop owner=host leave",
    "wave 18: host slot move=53 guest slot move=34",
    "wave 18: reward shop owner=guest leave",
    "wave 19: TRAINER (random)",
    "wave 19: host slot move=85 guest slot move=247",
    "wave 19: reward shop owner=host take-nonparty",
    "wave 20: host slot move=34 guest slot move=53",
    "wave 21 turn 1: host SWITCH -> party[2]",
    "wave 21: host slot move=247 guest slot move=247",
    "wave 21: reward shop owner=host take-nonparty",
    "wave 22: host slot move=53 guest slot move=34",
    "wave 22: reward shop owner=guest leave",
    "wave 23: host slot move=85 guest slot move=53",
    "wave 23: reward shop owner=host leave",
    "wave 24 turn 1: host SWITCH -> party[2]",
    "wave 24: host slot move=34 guest slot move=53",
    "wave 24: reward shop owner=guest take-nonparty",
    "wave 25: TRAINER (fixed)",
    "wave 25: host slot move=247 guest slot move=85",
    "wave 25 turn 2: guest SWITCH -> party[3]",
    "wave 25: reward shop owner=host leave",
    "wave 26: host slot move=53 guest slot move=34",
    "wave 26: reward shop owner=guest take-nonparty",
    "wave 27: TRAINER (random)",
    "wave 27 turn 1: host SWITCH -> party[2]",
    "wave 27: host slot move=85 guest slot move=247",
    "wave 27: reward shop owner=host take-nonparty",
    "wave 28: TRAINER (random)",
    "wave 28: host slot move=34 guest slot move=34",
    "wave 28: reward shop owner=guest take-nonparty",
    "wave 29: host slot move=247 guest slot move=85",
    "wave 29: reward shop owner=host take-nonparty",
    "wave 30: TRAINER (random)",
    "wave 30: host slot move=53 guest slot move=34",
    "wave 30 turn 3: guest SWITCH -> party[3]",
    "wave 31 turn 1: host SWITCH -> party[2]",
    "wave 31: host slot move=85 guest slot move=247",
    "wave 32: host slot move=34 guest slot move=53",
    "wave 32: reward shop owner=guest take-nonparty",
    "wave 33: host slot move=53 guest slot move=34",
    "wave 33: reward shop owner=host take-nonparty",
    "wave 34: host slot move=53 guest slot move=34",
    "wave 34: reward shop owner=guest take-nonparty",
    "wave 35: TRAINER (fixed)",
    "wave 35: host slot move=85 guest slot move=53",
    "wave 35 turn 2: guest SWITCH -> party[3]",
    "wave 35: reward shop owner=host leave",
    "wave 36: host slot move=34 guest slot move=53",
    "wave 36: reward shop owner=guest take-nonparty",
    "wave 37: host slot move=247 guest slot move=85",
    "wave 37: reward shop owner=host take-nonparty",
    "wave 38: host slot move=53 guest slot move=34",
    "wave 38: reward shop owner=guest leave",
    "wave 39 turn 1: host SWITCH -> party[2]",
    "wave 39: host slot move=85 guest slot move=247",
    "wave 39 turn 2: guest SWITCH -> party[3]",
    "wave 39: reward shop owner=host leave",
    "wave 40: host slot move=34 guest slot move=53",
    "wave 41: host slot move=247 guest slot move=85",
    "wave 41: reward shop owner=host take-nonparty",
    "wave 42: host slot move=53 guest slot move=34",
    "wave 42: reward shop owner=guest take-nonparty",
    "wave 43: TRAINER (random)",
    "wave 43: host slot move=34 guest slot move=247",
    "wave 43: reward shop owner=host take-nonparty",
    "wave 44: TRAINER (random)",
    "wave 44 turn 1: host SWITCH -> party[2]",
    "wave 44: host slot move=34 guest slot move=53",
    "wave 44: reward shop owner=guest leave",
    "wave 45: host slot move=247 guest slot move=85",
    "wave 45: reward shop owner=host leave",
    "wave 46: host slot move=53 guest slot move=34",
    "wave 46: reward shop owner=guest take-nonparty",
    "wave 47: host slot move=85 guest slot move=247",
    "wave 47: reward shop owner=host take-nonparty",
    "wave 48: host slot move=85 guest slot move=34",
    "wave 48: reward shop owner=guest take-nonparty",
    "wave 49: host slot move=34 guest slot move=85",
    "wave 49 turn 1: guest SWITCH -> party[3]",
    "wave 49: reward shop owner=host leave",
    "wave 50 turn 1: host SWITCH -> party[2]",
    "wave 50: host slot move=53 guest slot move=34",
    "wave 50 turn 1: guest SWITCH -> party[3]",
    "wave 51: host slot move=34 guest slot move=247",
    "wave 51: reward shop owner=host leave",
    "wave 52: host slot move=85 guest slot move=53",
    "wave 52: reward shop owner=guest take-nonparty",
    "wave 53: host slot move=85 guest slot move=85",
    "wave 53 turn 1: guest SWITCH -> party[3]",
    "wave 53: DIGEST mismatch @post-turn -> one-heal resync",
    "wave 53: reward shop owner=host take-nonparty",
    "wave 54 turn 1: host SWITCH -> party[2]",
    "wave 54: host slot move=34 guest slot move=34",
    "wave 54 turn 2: host SWITCH -> party[2]",
    "wave 54: reward shop owner=guest leave",
    "wave 55: TRAINER (fixed)",
    "wave 55: host slot move=247 guest slot move=247",
    "wave 55 turn 2: host SWITCH -> party[2]",
    "wave 55: reward shop owner=host leave",
    "wave 56: host slot move=34 guest slot move=53",
    "wave 56: reward shop owner=guest leave",
    "wave 57: host slot move=247 guest slot move=34",
    "wave 57 turn 1: guest SWITCH -> party[3]",
    "wave 57: reward shop owner=host leave",
    "wave 58: TRAINER (random)",
    "wave 58 turn 1: host SWITCH -> party[2]",
    "wave 58: host slot move=53 guest slot move=34",
    "wave 58: DIGEST mismatch @post-turn -> one-heal resync",
    "wave 58: reward shop owner=guest leave",
    "wave 59: host slot move=85 guest slot move=247",
    "wave 59: reward shop owner=host take-nonparty",
    "wave 60: TRAINER (random)",
    "wave 60: host slot move=34 guest slot move=34",
    "wave 60 turn 2: guest SWITCH -> party[5]",
    "wave 61: host slot move=247 guest slot move=85",
    "wave 61: DIGEST mismatch @post-turn -> one-heal resync",
    "wave 62: TRAINER (fixed)",
    "wave 62: host slot move=34 guest slot move=34",
    "wave 62: reward shop owner=guest take-nonparty",
    "wave 63: host slot move=247 guest slot move=85",
    "wave 63: DIGEST mismatch @post-turn -> one-heal resync",
    "wave 63: reward shop owner=host take-nonparty",
    "wave 64: TRAINER (fixed)",
    "wave 64: host slot move=247 guest slot move=85",
    "wave 64 turn 3: host SWITCH -> party[2]",
    "wave 64: reward shop owner=guest take-nonparty",
    "wave 65: host slot move=53 guest slot move=53",
    "wave 65: reward shop owner=host take-nonparty",
    "wave 66: TRAINER (fixed)",
    "wave 66: host slot move=53 guest slot move=53",
    "wave 66 turn 2: guest SWITCH -> party[2]"
  ]
}