===== COOP SOAK RESULT =====
verdict: FAIL
waves_requested: 150
run: 28716409840 (feat/elite-redux-port)
timestamp: 2026-07-04T19-00-42Z

----- driver lines -----
[22m[39m[coop-soak] SEED=20260704 WAVES=150 - replay this run with:  SOAK_SEED=20260704 SOAK_WAVES=150 ER_SCENARIO=1 npx vitest run test/tests/elite-redux/coop/coop-soak.test.ts
[22m[39m[coop-soak] scalar-lag wave 5 @post-shop: guest trails host (expected renderer lag, converges at re-mirror) - money host=590 guest=480
[22m[39m[coop-soak] scalar-lag wave 8 @post-shop: guest trails host (expected renderer lag, converges at re-mirror) - money host=870 guest=590
[22m[39m[coop-soak] scalar-lag wave 13 @post-shop: guest trails host (expected renderer lag, converges at re-mirror) - money host=1060 guest=870
[22m[39m[coop-soak] scalar-lag wave 14 @post-shop: guest trails host (expected renderer lag, converges at re-mirror) - money host=1260 guest=1060
[coop-soak] scalar-lag wave 20 @boss-post-shop: guest trails host (expected renderer lag, converges at re-mirror) - money host=2570 guest=1260
[22m[39m[coop-soak] scalar-lag wave 25 @post-shop: guest trails host (expected renderer lag, converges at re-mirror) - money host=3400 guest=2570
[22m[39m[coop-soak] scalar-lag wave 27 @post-shop: guest trails host (expected renderer lag, converges at re-mirror) - money host=4490 guest=3400
[22m[39m[coop-soak] scalar-lag wave 28 @post-shop: guest trails host (expected renderer lag, converges at re-mirror) - money host=5450 guest=4490
[22m[39m[coop-soak] scalar-lag wave 35 @post-shop: guest trails host (expected renderer lag, converges at re-mirror) - money host=6370 guest=5450
[22m[39m[coop-soak] scalar-lag wave 43 @post-shop: guest trails host (expected renderer lag, converges at re-mirror) - money host=7820 guest=6370
[22m[39m[coop-soak] scalar-lag wave 44 @post-shop: guest trails host (expected renderer lag, converges at re-mirror) - money host=8650 guest=7820
[coop-soak] scalar-lag wave 50 @boss-post-shop: guest trails host (expected renderer lag, converges at re-mirror) - money host=11720 guest=8650
[22m[39m[coop-soak] scalar-lag wave 55 @post-shop: guest trails host (expected renderer lag, converges at re-mirror) - money host=13770 guest=11720
[22m[39m[coop-soak] scalar-lag wave 58 @post-shop: guest trails host (expected renderer lag, converges at re-mirror) - money host=15760 guest=13770
[31m[1mSoakInvariantError[22m: [coop-soak] NO-PARK invariant breached at wave 62 (seed 20260704): wave driving threw (strand/stall): PhaseInterceptor.to("TurnEndPhase") did not reach its target (soft-lock / freeze?): stuck at phase "CommandPhase", UI mode MESSAGE (=0), interceptor state "interrupted".

----- vitest result tail -----
[coop:transport] state guest connected -> closed
[coop:transport] state host connected -> disconnected
[coop:relay] cancelWaiters() no orphaned waiters selected -> nothing cancelled (live waits spared)
[coop:turn] host recorder: CLEAR (null-out) live emitter (was=true)
[coop:session] coopAuthoritativeGuestPredicate CLEARED (-> solo/host/lockstep reads false)

[90mstderr[2m | test/tests/elite-redux/coop/coop-soak.test.ts[2m:114:3[22m[2m[2m > [22m[2mNIGHTLY co-op SOAK: seeded randomized two-engine run (#841)[2m > [22m[2mplays a seeded randomized co-op run asserting DIGEST/LOCKSTEP/NO-PARK/TEARDOWN each wave
[22m[39m[33m[coop:runtime] partner channel disconnected -> cancelling pending co-op waits (no 20-minute strand)[39m

[90mstdout[2m | test/tests/elite-redux/coop/coop-soak.test.ts[2m:114:3[22m[2m[2m > [22m[2mNIGHTLY co-op SOAK: seeded randomized two-engine run (#841)[2m > [22m[2mplays a seeded randomized co-op run asserting DIGEST/LOCKSTEP/NO-PARK/TEARDOWN each wave
[22m[39m[2m> [22m[30m[48;2;193;98;222m Test finished! [49m[39m
    Name: [38;2;0;136;134mNIGHTLY co-op SOAK: seeded randomized two-engine run (#841) > plays a seeded randomized co-op run asserting DIGEST/LOCKSTEP/NO-PARK/TEARDOWN each wave[39m
    Result: [31m[1m✗ Failed[22m[39m [2min[22m [33m99177[39m[2mms[22m
    File: [38;2;210;155;14melite-redux/test/tests/elite-redux/coop/coop-soak.test.ts:114:3[39m

[33m[39m[31mx[39m

[31m⎯⎯⎯⎯⎯⎯⎯[39m[1m[41m Failed Tests 1 [49m[22m[31m⎯⎯⎯⎯⎯⎯⎯[39m

[41m[1m FAIL [22m[49m [30m[45m main [49m[39m test/tests/elite-redux/coop/coop-soak.test.ts[2m:114:3[22m[2m > [22mNIGHTLY co-op SOAK: seeded randomized two-engine run (#841)[2m > [22mplays a seeded randomized co-op run asserting DIGEST/LOCKSTEP/NO-PARK/TEARDOWN each wave
[31m[1mSoakInvariantError[22m: [coop-soak] NO-PARK invariant breached at wave 62 (seed 20260704): wave driving threw (strand/stall): PhaseInterceptor.to("TurnEndPhase") did not reach its target (soft-lock / freeze?): stuck at phase "CommandPhase", UI mode MESSAGE (=0), interceptor state "interrupted".
Original: Timed out in waitUntil!. Artifact + both logs: /home/runner/work/elite-redux/elite-redux/dev-logs/coop-soak/2026-07-04T19-00-41-994Z__seed-20260704__wave-62. Replay: SOAK_SEED=20260704[39m
[36m [2m❯[22m fail test/tools/coop-soak-driver.ts:[2m767:11[22m[39m
    [90m765|[39m       phaseState[33m:[39m [34mphaseStateDump[39m(rig)[33m,[39m
    [90m766|[39m     })[33m;[39m
    [90m767|[39m     [35mthrow[39m [35mnew[39m [33mSoakInvariantError[39m(invariant[33m,[39m seed[33m,[39m wave[33m,[39m detail[33m,[39m dir)[33m;[39m
    [90m   |[39m           [31m^[39m
    [90m768|[39m   }[33m;[39m
    [90m769|[39m
[90m [2m❯[22m runCoopSoak test/tools/coop-soak-driver.ts:[2m1225:7[22m[39m
[90m [2m❯[22m test/tests/elite-redux/coop/coop-soak.test.ts:[2m132:20[22m[39m

[31m[2m⎯⎯⎯⎯⎯⎯⎯⎯⎯⎯⎯⎯⎯⎯⎯⎯⎯⎯⎯⎯⎯⎯⎯⎯[1/1]⎯[22m[39m


[2m Test Files [22m [1m[31m1 failed[39m[22m[90m (1)[39m
[2m      Tests [22m [1m[31m1 failed[39m[22m[90m (1)[39m
[2m   Start at [22m 18:58:39
[2m   Duration [22m 122.29s[2m (transform 17.41s, setup 21.57s, import 82ms, tests 99.61s, environment 823ms)[22m

