===== COOP SOAK RESULT =====
verdict: FAIL
waves_requested: 150
run: 28709099279 (feat/elite-redux-port)
timestamp: 2026-07-04T14-24-44Z

----- driver lines -----
(no [coop-soak] lines captured)

----- vitest result tail -----

[90mstderr[2m | test/tests/elite-redux/coop/coop-soak.test.ts
[22m[39m[33m[coop:relay] AWAIT interactionChoice seq=13 -> STICKY-CANCELLED (resync rescue) resolve null[39m
[33m[coop:relay] AWAIT interactionChoice seq=57 -> STICKY-CANCELLED (resync rescue) resolve null[39m

[90mstdout[2m | test/tests/elite-redux/coop/coop-soak.test.ts
[22m[39m[coop:reward] WATCHER timed out waiting for partner -> leaving reward screen
[38;2;0;60;189mUI mode changed from MODIFIER_SELECT (=6) to MESSAGE (=0)![39m
[coop:reward] WATCHER timed out waiting for partner -> leaving reward screen
[38;2;0;60;189mUI mode changed from MESSAGE (=0) to MESSAGE (=0)![39m

[33m[39m[31mx[39m[90mstdout[2m | Console.console.<computed> [as log] (/home/runner/work/elite-redux/elite-redux/src/utils/console-ring-buffer.ts:82:7)
[22m[39m[34mContinue to the next wave.[39m
[34mContinue to the next wave.[39m



[31m⎯⎯⎯⎯⎯⎯⎯[39m[1m[41m Failed Tests 1 [49m[22m[31m⎯⎯⎯⎯⎯⎯⎯[39m

[41m[1m FAIL [22m[49m [30m[45m main [49m[39m test/tests/elite-redux/coop/coop-soak.test.ts[2m:99:3[22m[2m > [22mNIGHTLY co-op SOAK: seeded randomized two-engine run (#841)[2m > [22mplays a seeded randomized co-op run asserting DIGEST/LOCKSTEP/NO-PARK/TEARDOWN each wave
[31m[1mSoakInvariantError[22m: [coop-soak] NO-PARK invariant breached at wave 62 (seed 20260704): wave driving threw (strand/stall): PhaseInterceptor.to("CommandPhase") did not reach its target (soft-lock / freeze?): stuck at phase "SwitchPhase", UI mode PARTY (=8), interceptor state "running".
Original: Timed out in waitUntil!. Artifact + both logs: /home/runner/work/elite-redux/elite-redux/dev-logs/coop-soak/2026-07-04T14-24-44-441Z__seed-20260704__wave-62. Replay: SOAK_SEED=20260704[39m
[36m [2m❯[22m fail test/tools/coop-soak-driver.ts:[2m666:11[22m[39m
    [90m664|[39m       phaseState[33m:[39m [34mphaseStateDump[39m(rig)[33m,[39m
    [90m665|[39m     })[33m;[39m
    [90m666|[39m     [35mthrow[39m [35mnew[39m [33mSoakInvariantError[39m(invariant[33m,[39m seed[33m,[39m wave[33m,[39m detail[33m,[39m dir)[33m;[39m
    [90m   |[39m           [31m^[39m
    [90m667|[39m   }[33m;[39m
    [90m668|[39m
[90m [2m❯[22m runCoopSoak test/tools/coop-soak-driver.ts:[2m1045:7[22m[39m
[90m [2m❯[22m test/tests/elite-redux/coop/coop-soak.test.ts:[2m117:20[22m[39m

[31m[2m⎯⎯⎯⎯⎯⎯⎯⎯⎯⎯⎯⎯⎯⎯⎯⎯⎯⎯⎯⎯⎯⎯⎯⎯[1/1]⎯[22m[39m


[2m Test Files [22m [1m[31m1 failed[39m[22m[90m (1)[39m
[2m      Tests [22m [1m[31m1 failed[39m[22m[90m (1)[39m
[2m   Start at [22m 14:22:48
[2m   Duration [22m 116.38s[2m (transform 17.31s, setup 21.36s, import 76ms, tests 93.98s, environment 781ms)[22m

