url:      https://elite-redux-staging.pages.dev/
build:    github:580e588fc4a3bc645972dbddf58b1f272cb38d52:run-29517994105.1
mode:     0  wave:?
seed:     0CSB4CrIBkfg11FqeVXK7hq2
party:    
enemy:    

----- COMMENT -----
could not verify your co op

----- BUILD IDENTITY (JSON) -----
{"version":1,"id":"github:580e588fc4a3bc645972dbddf58b1f272cb38d52:run-29517994105.1","source":"github","sha":"580e588fc4a3bc645972dbddf58b1f272cb38d52","workflow":{"provider":"github-actions","runId":"29517994105","runAttempt":1,"workflow":"Deploy Staging","job":"deploy","repository":"Heraklines/elite-redux","ref":"ci/coop/p33-closure-integrated"},"deployment":null}

----- CONSOLE -----
[17:51:27.945] LOG: %c %c %c %c %c Phaser v3.90.0 (WebGL | Web Audio) %c https://phaser.io/v390 background: #ff0000 background: #ffff00 background: #00ff00 background: #00ffff color: #ffffff; background: #000000 background: transparent
[17:51:28.499] LOG: [ER] build {"version":1,"id":"github:580e588fc4a3bc645972dbddf58b1f272cb38d52:run-29517994105.1","source":"github","sha":"580e588fc4a3bc645972dbddf58b1f272cb38d52","workflow":{"provider":"github-actions","runId":"29517994105","runAttempt":1,"workflow":"Deploy Staging","job":"deploy","repository":"Heraklines/elite-redux","ref":"ci/coop/p33-closure-integrated"},"deployment":null}
[17:51:28.938] LOG: [dev-tools] loaded — 624 scenarios + Send Logs button
[17:52:04.313] DEBUG: Destroying loading scene
[17:52:04.313] DEBUG: Destroyed loading scene
[17:52:04.711] LOG: Seed: 0CSB4CrIBkfg11FqeVXK7hq2
[17:52:04.711] LOG: Wave Seed: 0CSB4CrIBkfg11FqeVXK7hq2 0
[17:52:11.725] LOG: %cStart Phase LoginPhase color:green;
[17:52:12.326] LOG: Client Session: I1EWvpoXiIbDURgxfNRXEoYhiIFBqw8M
[17:52:12.978] DEBUG: Using cached system data
[17:52:13.079] LOG: %cStart Phase TitlePhase color:green;
[17:52:13.080] LOG: Getting Session Slot id: %d 4
[17:52:13.101] LOG: use seasonal splash messages true
[17:52:29.090] LOG: [coop:lobby] start announce name=Heraklines1 protocol=p33
[17:52:30.276] LOG: [coop:lobby] poll players=0
[17:52:32.052] LOG: [coop:lobby] poll players=0
[17:52:34.097] LOG: [coop:lobby] poll players=0
[17:52:35.872] LOG: [coop:lobby] poll players=0
[17:52:37.669] LOG: [coop:lobby] poll players=0
[17:52:39.564] LOG: [coop:lobby] poll players=0
[17:52:41.315] LOG: [coop:lobby] poll players=0
[17:52:43.456] LOG: [coop:lobby] poll players=0
[17:52:45.233] LOG: [coop:lobby] poll players=0
[17:52:47.029] LOG: [coop:lobby] poll players=0
[17:52:49.763] LOG: [coop:lobby] poll players=0
[17:52:51.613] LOG: [coop:lobby] poll players=0
[17:52:53.397] LOG: [coop:lobby] poll players=0
[17:52:55.204] LOG: [coop:lobby] poll players=0
[17:52:56.961] LOG: [coop:lobby] poll players=1
[17:52:58.763] LOG: [coop:lobby] poll: incoming request from=p33_wPEo5tmp8EAFvQlVc5WMlU_ghBD6--BN name=test4
[17:52:58.769] LOG: [coop:lobby] poll players=1
[17:52:59.828] LOG: [coop:lobby] respond accept=true from=p33_wPEo5tmp8EAFvQlVc5WMlU_ghBD6--BN (self=p33_a-fpEikbtpPk_4bkZTzBQEn35kLpEMyK)
[17:53:00.489] LOG: [coop:launch] ICE from worker /coop/ice servers=1
[17:53:02.689] LOG: [coop:launch] await data channel open (state=connecting timeout=30000ms)
[17:53:02.702] LOG: [coop:launch] data channel OPEN
[17:53:02.703] LOG: [coop:webrtc] peer connection state role=host state=connected channel=open
[17:53:02.703] LOG: [coop:webrtc] ICE connection state role=host state=connected channel=open
[17:53:02.703] LOG: [coop:webrtc] ctor role=host readyState=open state=connected
[17:53:02.704] LOG: [coop:launch] connectCoopSession role=host state=connected username=Heraklines1 netcode=authoritative
[17:53:02.712] LOG: [coop:stream] streamer CONSTRUCT timeout=1200000ms onMessage registered
[17:53:02.716] LOG: [coop:stream] guest REGISTER onGhostPool handler (bufferedEarly=false)
[17:53:02.716] LOG: [coop:stream] host REGISTER onStateSyncRequest handler (was=false)
[17:53:02.716] LOG: [coop:stream] host REGISTER onEnemyPartyRequest handler (was=false)
[17:53:02.717] LOG: [coop:stream] guest REGISTER onWaveResolved handler (was=false)
[17:53:02.717] LOG: [coop:stream] guest REGISTER onWaveEndState handler (was=false)
[17:53:02.717] LOG: [coop:stream] watcher REGISTER onMeChecksum handler (was=false)
[17:53:02.717] LOG: [coop:turn] host recorder: REGISTER live emitter (was=false)
[17:53:02.720] LOG: [coop:session] coopAuthoritativeGuestPredicate INSTALLED
[17:53:02.721] LOG: [coop:launch] peer session ready role=host netcode=authoritative -> connecting
[17:53:02.721] LOG: [coop:launch] session connect role=host partnerRole=guest netcode=authoritative username=Heraklines1 version=er-coop-37 tiebreak=0.6363732356066533
[17:53:02.725] LOG: [coop:webrtc] raw tx QUEUE role=host t=hello bytes=542
[17:53:02.779] LOG: [coop:checksum] dataFingerprint compute moveMap=beac47fd49483418(1032) movesData=d934626e515c046f(1108) movesName=c262a065143b9028(1108) movesets=3b61964f350caf7b(1920) abilitiesData=484720164af0dd92(1115) abilitiesName=0dc202b994a0ebe5(1115)
[17:53:02.783] LOG: [coop:webrtc] raw tx QUEUE role=host t=dataFingerprint bytes=329
[17:53:02.791] LOG: [coop:owner] ownerOf(counter=0) seat=0 -> owner=host
[17:53:02.791] LOG: [coop:owner] ownerOf(counter=0) seat=0 -> owner=host
[17:53:02.791] LOG: [coop:owner] ownerOf(counter=0) seat=0 -> owner=host
[17:53:02.791] LOG: [coop:owner] ownerOf(counter=0) seat=0 -> owner=host
[17:53:02.795] LOG: [coop:webrtc] raw rx role=host t=hello bytes=531 handlers=11
[17:53:02.797] LOG: [coop:session] capabilities NEGOTIATED local=[durability.journal,opSurface.abilityPicker,opSurface.bargain,opSurface.biome,opSurface.catchFull,opSurface.colosseum,opSurface.faintSwitch,opSurface.learnMove,opSurface.me.v2,opSurface.revival,opSurface.reward,opSurface.stormglass,opSurface.wave,renderer.allowlistEnforce] peer=[durability.journal,opSurface.abilityPicker,opSurface.bargain,opSurface.biome,opSurface.catchFull,opSurface.colosseum,opSurface.faintSwitch,opSurface.learnMove,opSurface.me.v2,opSurface.revival,opSurface.reward,opSurface.stormglass,opSurface.wave,renderer.allowlistEnforce] -> effective=[durability.journal,opSurface.abilityPicker,opSurface.bargain,opSurface.biome,opSurface.catchFull,opSurface.colosseum,opSurface.faintSwitch,opSurface.learnMove,opSurface.me.v2,opSurface.revival,opSurface.reward,opSurface.stormglass,opSurface.wave,renderer.allowlistEnforce]
[17:53:02.797] LOG: [coop:owner] ownerOf(counter=0) seat=0 -> owner=host
[17:53:02.797] LOG: [coop:owner] ownerOf(counter=0) seat=0 -> owner=host
[17:53:02.798] LOG: [coop:owner] ownerOf(counter=0) seat=0 -> owner=host
[17:53:02.798] LOG: [coop:owner] ownerOf(counter=0) seat=0 -> owner=host
[17:53:02.798] LOG: [coop:owner] ownerOf(counter=0) seat=0 -> owner=host
[17:53:02.798] LOG: [coop:owner] ownerOf(counter=0) seat=0 -> owner=host
[17:53:02.800] LOG: [coop:webrtc] raw rx role=host t=dataFingerprint bytes=329 handlers=11
[17:53:02.801] WARN: [coop:checksum] FUNCTIONAL MISMATCH sections=moveMap,movesets - launch remains closed - moveMap local=beac47fd49483418(1032) peer=e9b828360aafb9e2(1032) movesName local=c262a065143b9028(1108) peer=12be97f97ecdc120(1108) movesets local=3b61964f350caf7b(1920) peer=44374aedf908f2ff(1920) abilitiesName local=0dc202b994a0ebe5(1115) peer=1581743383868012(1115)
[17:53:02.801] LOG: [coop:owner] ownerOf(counter=0) seat=0 -> owner=host
[17:53:02.801] LOG: [coop:owner] ownerOf(counter=0) seat=0 -> owner=host
[17:53:02.801] LOG: [coop:owner] ownerOf(counter=0) seat=0 -> owner=host
[17:53:02.801] LOG: [coop:owner] ownerOf(counter=0) seat=0 -> owner=host
[17:53:02.801] WARN: [coop-resume] peer compatibility barrier failed; keeping lobby closed (no unilateral start)
[17:53:02.805] LOG: [coop:lobby] cancel (id=p33_a-fpEikbtpPk_4bkZTzBQEn35kLpEMyK connecting=true)
[17:53:02.806] LOG: [coop:launch] clearCoopRuntime role=host netcode=authoritative gen->1
[17:53:02.807] LOG: [coop:stream] streamer DISPOSE: cancel pending(turns=0 enemyParty=0 meBattle=0 stateSync=0) + null-out all handlers
[17:53:02.807] LOG: [coop:relay] dispose() (no in-flight waiters)
[17:53:02.807] LOG: [coop:pump] end session {"wasOwner":false,"seq":-1,"termSeq":-1}
[17:53:02.807] LOG: [coop:webrtc] close() role=host state=connected
[17:53:02.807] LOG: [coop:webrtc] state role=host connected -> closed
[17:53:02.810] LOG: [coop:turn] host recorder: CLEAR (null-out) live emitter (was=true)
[17:53:02.810] LOG: [coop:session] coopAuthoritativeGuestPredicate CLEARED (-> solo/host/lockstep reads false)
[17:53:02.817] WARN: [coop:webrtc] channel ERROR role=host readyState=closed err=User-Initiated Abort, reason=Close called

----- REPLAY TRACE (JSON) -----
(none)
