url:      https://elite-redux-staging.pages.dev/
build:    github:b8d35fe687544dafd2d58a1a29f0f060ffa545a8:run-29524356341.1
mode:     0  wave:?
seed:     oWbZuq5xP5JIyKvvF6E0iYFp
party:    
enemy:    

----- COMMENT -----
could not verify coop partner build

----- BUILD IDENTITY (JSON) -----
{"version":1,"id":"github:b8d35fe687544dafd2d58a1a29f0f060ffa545a8:run-29524356341.1","source":"github","sha":"b8d35fe687544dafd2d58a1a29f0f060ffa545a8","workflow":{"provider":"github-actions","runId":"29524356341","runAttempt":1,"workflow":"Deploy Staging","job":"deploy","repository":"Heraklines/elite-redux","ref":"feat/elite-redux-port"},"deployment":null}

----- CONSOLE -----
[18:45:17.669] LOG: %c %c %c %c %c Phaser v3.90.0 (WebGL | Web Audio) %c https://phaser.io/v390 background: #ff0000 background: #ffff00 background: #00ff00 background: #00ffff color: #ffffff; background: #000000 background: transparent
[18:45:18.951] LOG: [ER] build {"version":1,"id":"github:b8d35fe687544dafd2d58a1a29f0f060ffa545a8:run-29524356341.1","source":"github","sha":"b8d35fe687544dafd2d58a1a29f0f060ffa545a8","workflow":{"provider":"github-actions","runId":"29524356341","runAttempt":1,"workflow":"Deploy Staging","job":"deploy","repository":"Heraklines/elite-redux","ref":"feat/elite-redux-port"},"deployment":null}
[18:45:19.045] LOG: [dev-tools] loaded — 624 scenarios + Send Logs button
[18:45:57.450] DEBUG: Destroying loading scene
[18:45:57.450] DEBUG: Destroyed loading scene
[18:45:57.903] LOG: Seed: oWbZuq5xP5JIyKvvF6E0iYFp
[18:45:57.903] LOG: Wave Seed: oWbZuq5xP5JIyKvvF6E0iYFp 0
[18:46:07.999] LOG: %cStart Phase LoginPhase color:green;
[18:46:08.709] LOG: Client Session: nlulu51xmKDTdtZRJs6AN6GqCv13Ryy8
[18:46:09.895] DEBUG: Using cached system data
[18:46:10.084] LOG: %cStart Phase TitlePhase color:green;
[18:46:10.085] LOG: Getting Session Slot id: %d 4
[18:46:10.111] LOG: use seasonal splash messages true
[18:57:11.666] LOG: [coop:lobby] start announce name=Heraklines1 protocol=legacy
[18:57:12.326] LOG: [coop:lobby] announced id=c33ad5f4-fc2d-4c16-afb8-bdb194470b3b -> begin polling
[18:57:12.685] LOG: [coop:lobby] poll players=1
[18:57:14.120] LOG: [coop:lobby] request target=ff64c7f6-01f1-4bfb-b8b7-db6fc3c82610 (self=c33ad5f4-fc2d-4c16-afb8-bdb194470b3b)
[18:57:14.550] LOG: [coop:lobby] poll players=1
[18:57:14.970] LOG: [coop:lobby] poll players=1
[18:57:16.805] LOG: [coop:lobby] poll players=1
[18:57:18.637] LOG: [coop:lobby] poll matched code=RZBWC8 role=guest -> connect
[18:57:18.637] LOG: [coop:launch] lobby connect code=RZBWC8 role=guest name=Heraklines1
[18:57:18.642] LOG: [coop:launch] connectCoopWithCode code=RZBWC8 role=guest username=Heraklines1
[18:57:18.644] LOG: [coop:launch] exchange SDP start code=RZBWC8 role=guest (ice=fetched)
[18:57:18.929] LOG: [coop:launch] ICE from worker /coop/ice servers=1
[18:57:18.946] LOG: [coop:launch] await peer signal start code=RZBWC8 role=guest timeout=60000ms
[18:57:21.854] LOG: [coop:launch] await peer signal resolve code=RZBWC8 role=guest (1550b)
[18:57:21.854] LOG: [coop:launch] guest received offer code=RZBWC8 -> answering
[18:57:21.907] LOG: [coop:launch] iceConnectionState=checking code=RZBWC8 role=guest
[18:57:21.907] LOG: [coop:launch] pcConnectionState=connecting code=RZBWC8 role=guest
[18:57:21.914] LOG: [coop:launch] iceConnectionState=connected code=RZBWC8 role=guest
[18:57:21.916] LOG: [coop:launch] guest pushing answer code=RZBWC8 (ICE gathered)
[18:57:21.916] LOG: [coop:launch] pushSignal code=RZBWC8 role=guest sdpBytes=648
[18:57:23.133] LOG: [coop:launch] pcConnectionState=connected code=RZBWC8 role=guest
[18:57:23.144] LOG: [coop:launch] guest datachannel event label=coop state=open code=RZBWC8
[18:57:23.145] LOG: [coop:launch] data channel already open
[18:57:23.145] LOG: [coop:webrtc] peer connection state role=guest state=connected channel=open
[18:57:23.145] LOG: [coop:webrtc] ICE connection state role=guest state=connected channel=open
[18:57:23.146] LOG: [coop:webrtc] ctor role=guest readyState=open state=connected
[18:57:23.147] LOG: [coop:launch] connectCoopSession role=guest state=connected username=Heraklines1 netcode=authoritative
[18:57:23.158] LOG: [coop:stream] streamer CONSTRUCT timeout=1200000ms onMessage registered
[18:57:23.165] LOG: [coop:stream] guest REGISTER onGhostPool handler (bufferedEarly=false)
[18:57:23.166] LOG: [coop:stream] host REGISTER onStateSyncRequest handler (was=false)
[18:57:23.166] LOG: [coop:stream] host REGISTER onEnemyPartyRequest handler (was=false)
[18:57:23.167] LOG: [coop:stream] guest REGISTER onWaveResolved handler (was=false)
[18:57:23.167] LOG: [coop:stream] guest REGISTER onWaveEndState handler (was=false)
[18:57:23.167] LOG: [coop:stream] watcher REGISTER onMeChecksum handler (was=false)
[18:57:23.167] LOG: [coop:turn] host recorder: REGISTER live emitter (was=false)
[18:57:23.171] LOG: [coop:session] coopAuthoritativeGuestPredicate INSTALLED
[18:57:23.171] LOG: [coop:launch] peer session ready role=guest netcode=authoritative -> connecting
[18:57:23.172] LOG: [coop:launch] session connect role=guest partnerRole=host netcode=authoritative username=Heraklines1 version=er-coop-37 tiebreak=0.6491738944574784
[18:57:23.175] LOG: [coop:webrtc] raw tx QUEUE role=guest t=hello bytes=433
[18:57:23.238] LOG: [coop:checksum] dataFingerprint compute moveMap=beac47fd49483418(1032) movesData=d934626e515c046f(1108) movesName=c262a065143b9028(1108) movesets=3b61964f350caf7b(1920) abilitiesData=484720164af0dd92(1115) abilitiesName=0dc202b994a0ebe5(1115)
[18:57:23.245] LOG: [coop:webrtc] raw tx QUEUE role=guest t=dataFingerprint bytes=329
[18:57:23.246] LOG: [coop:launch] lobby connected code=RZBWC8 role=guest -> onConnected
[18:57:23.248] LOG: [coop:owner] ownerOf(counter=0) seat=0 -> owner=host
[18:57:23.248] LOG: [coop:owner] ownerOf(counter=0) seat=0 -> owner=host
[18:57:23.248] LOG: [coop:owner] ownerOf(counter=0) seat=0 -> owner=host
[18:57:23.248] LOG: [coop:owner] ownerOf(counter=0) seat=0 -> owner=host
[18:57:23.248] LOG: [coop:webrtc] channel OPEN role=guest gen=0
[18:57:23.253] LOG: [coop:webrtc] raw rx role=guest t=hello bytes=511 handlers=10
[18:57:23.254] LOG: [coop:launch] hello recv partner=test4 partnerRole=host (local role=guest; no conflict)
[18:57:23.255] LOG: [coop:launch] RUN IDENTITY host-hello-new-epoch-same-run run=35d9f13e-442d-4c69-8e02-f6b2a03c6d1a checkpointRev=0
[18:57:23.255] LOG: [coop:launch] EPOCH ADOPT epoch=1827049720991226 from same-run host hello
[18:57:23.257] LOG: [coop:webrtc] raw tx QUEUE role=guest t=hello bytes=518
[18:57:23.257] LOG: [coop:session] capabilities NEGOTIATED local=[durability.journal,opSurface.abilityPicker,opSurface.bargain,opSurface.biome,opSurface.catchFull,opSurface.colosseum,opSurface.faintSwitch,opSurface.learnMove,opSurface.me.v2,opSurface.revival,opSurface.reward,opSurface.stormglass,opSurface.wave,renderer.allowlistEnforce] peer=[durability.journal,opSurface.abilityPicker,opSurface.bargain,opSurface.biome,opSurface.catchFull,opSurface.colosseum,opSurface.faintSwitch,opSurface.learnMove,opSurface.me.v2,opSurface.revival,opSurface.reward,opSurface.stormglass,opSurface.wave,renderer.allowlistEnforce] -> effective=[durability.journal,opSurface.abilityPicker,opSurface.bargain,opSurface.biome,opSurface.catchFull,opSurface.colosseum,opSurface.faintSwitch,opSurface.learnMove,opSurface.me.v2,opSurface.revival,opSurface.reward,opSurface.stormglass,opSurface.wave,renderer.allowlistEnforce]
[18:57:23.257] LOG: [coop:owner] ownerOf(counter=0) seat=0 -> owner=host
[18:57:23.257] LOG: [coop:owner] ownerOf(counter=0) seat=0 -> owner=host
[18:57:23.258] LOG: [coop:owner] ownerOf(counter=0) seat=0 -> owner=host
[18:57:23.258] LOG: [coop:owner] ownerOf(counter=0) seat=0 -> owner=host
[18:57:23.258] LOG: [coop:owner] ownerOf(counter=0) seat=0 -> owner=host
[18:57:23.258] LOG: [coop:owner] ownerOf(counter=0) seat=0 -> owner=host
[18:57:23.261] LOG: [coop:webrtc] raw rx role=guest t=dataFingerprint bytes=329 handlers=10
[18:57:23.261] WARN: [coop:checksum] FUNCTIONAL MISMATCH sections=moveMap,movesets - launch remains closed - moveMap local=beac47fd49483418(1032) peer=e9b828360aafb9e2(1032) movesName local=c262a065143b9028(1108) peer=12be97f97ecdc120(1108) movesets local=3b61964f350caf7b(1920) peer=44374aedf908f2ff(1920) abilitiesName local=0dc202b994a0ebe5(1115) peer=1581743383868012(1115)
[18:57:23.261] LOG: [coop:owner] ownerOf(counter=0) seat=0 -> owner=host
[18:57:23.261] LOG: [coop:owner] ownerOf(counter=0) seat=0 -> owner=host
[18:57:23.261] LOG: [coop:owner] ownerOf(counter=0) seat=0 -> owner=host
[18:57:23.262] LOG: [coop:owner] ownerOf(counter=0) seat=0 -> owner=host
[18:57:23.262] WARN: [coop-resume] peer compatibility barrier failed; keeping lobby closed (no unilateral start)
[18:57:23.269] LOG: [coop:lobby] cancel (id=c33ad5f4-fc2d-4c16-afb8-bdb194470b3b connecting=true)
[18:57:23.270] LOG: [coop:launch] clearCoopRuntime role=guest netcode=authoritative gen->1
[18:57:23.271] LOG: [coop:stream] streamer DISPOSE: cancel pending(turns=0 enemyParty=0 meBattle=0 stateSync=0) + null-out all handlers
[18:57:23.272] LOG: [coop:relay] dispose() (no in-flight waiters)
[18:57:23.272] LOG: [coop:pump] end session {"wasOwner":false,"seq":-1,"termSeq":-1}
[18:57:23.273] LOG: [coop:webrtc] close() role=guest state=connected
[18:57:23.274] LOG: [coop:webrtc] state role=guest connected -> closed
[18:57:23.281] LOG: [coop:turn] host recorder: CLEAR (null-out) live emitter (was=true)
[18:57:23.281] LOG: [coop:session] coopAuthoritativeGuestPredicate CLEARED (-> solo/host/lockstep reads false)

----- REPLAY TRACE (JSON) -----
(none)
