===== COOP SOAK RESULT =====
profile: me-asym
verdict: PASS
waves_requested: 150
run: 29308997545 (main)
timestamp: 2026-07-14T05-44-38Z

----- driver lines -----
[22m[39m[coop-soak] SEED=828633 WAVES=12 - replay this run with:  SOAK_SEED=828633 SOAK_WAVES=12 ER_SCENARIO=1 npx vitest run test/tests/elite-redux/coop/coop-soak.test.ts
[22m[39m[coop-soak] scalar-lag wave 5 @post-shop: guest trails host (expected renderer lag, converges at re-mirror) - money host=110 guest=0
[22m[39m[coop-soak] scalar-lag wave 8 @post-shop: guest trails host (expected renderer lag, converges at re-mirror) - money host=390 guest=110
[coop-soak] ME DRIVEN wave 12 (seed 828633): DEPARTMENT_STORE_SALE [host-owned]
[22m[39m[coop-soak] SEED=828633 WAVES=14 - replay this run with:  SOAK_SEED=828633 SOAK_WAVES=14 ER_SCENARIO=1 npx vitest run test/tests/elite-redux/coop/coop-soak.test.ts
[22m[39m[coop-soak] scalar-lag wave 5 @post-shop: guest trails host (expected renderer lag, converges at re-mirror) - money host=140 guest=0
[22m[39m[coop-soak] scalar-lag wave 8 @post-shop: guest trails host (expected renderer lag, converges at re-mirror) - money host=480 guest=140
[coop-soak] ME DRIVEN wave 12 (seed 828633): DEPARTMENT_STORE_SALE [host-owned]
[22m[39m[coop-soak] scalar-lag wave 13 @post-shop: guest trails host (expected renderer lag, converges at re-mirror) - money host=1070 guest=480
[22m[39m[coop-soak] SEED=828633 WAVES=16 - replay this run with:  SOAK_SEED=828633 SOAK_WAVES=16 ER_SCENARIO=1 npx vitest run test/tests/elite-redux/coop/coop-soak.test.ts
[22m[39m[coop-soak] scalar-lag wave 5 @post-shop: guest trails host (expected renderer lag, converges at re-mirror) - money host=170 guest=0
[22m[39m[coop-soak] scalar-lag wave 8 @post-shop: guest trails host (expected renderer lag, converges at re-mirror) - money host=570 guest=170
[22m[39m[coop-soak] scalar-lag wave 13 @post-shop: guest trails host (expected renderer lag, converges at re-mirror) - money host=1230 guest=570
[coop-soak] ME DRIVEN wave 15 (seed 828633): DEPARTMENT_STORE_SALE [guest-owned]

----- vitest result tail -----

[90mstdout[2m | test/tests/elite-redux/coop/coop-soak-me.test.ts[2m:212:3[22m[2m[2m > [22m[2mNIGHTLY co-op SOAK: mid-run mystery-encounter continuation (#633 BUILD 1)[2m > [22m[2mdrives a GUEST-OWNED ME inline (counter parity), then surveys past it, findings=0
[22m[39m[coop:session] coopAuthoritativeGuestPredicate INSTALLED
[coop:stream] guest REGISTER onGhostPool handler (bufferedEarly=false)
[coop:me] coopClearMePinForGuest { after: -1, before: -1 }

[90mstdout[2m | test/tests/elite-redux/coop/coop-soak-me.test.ts[2m:212:3[22m[2m[2m > [22m[2mNIGHTLY co-op SOAK: mid-run mystery-encounter continuation (#633 BUILD 1)[2m > [22m[2mdrives a GUEST-OWNED ME inline (counter parity), then surveys past it, findings=0
[22m[39m[coop:interaction] interactionCounter() read -> 15 (role=host)
[coop:interaction] interactionCounter() read -> 15 (role=guest)

[90mstdout[2m | test/tests/elite-redux/coop/coop-soak-me.test.ts[2m:212:3[22m[2m[2m > [22m[2mNIGHTLY co-op SOAK: mid-run mystery-encounter continuation (#633 BUILD 1)[2m > [22m[2mdrives a GUEST-OWNED ME inline (counter parity), then surveys past it, findings=0
[22m[39m[coop:launch] clearCoopRuntime role=guest netcode=authoritative gen->3
[coop:stream] streamer DISPOSE: cancel pending(turns=0 enemyParty=0 meBattle=0 stateSync=0) + null-out all handlers
[coop:relay] dispose() (no in-flight waiters)
[coop:pump] end session { seq: -1, termSeq: -1, wasOwner: false }
[coop:transport] state guest connected -> closed
[coop:transport] state host connected -> disconnected
[coop:turn] host recorder: CLEAR (null-out) live emitter (was=true)
[coop:session] coopAuthoritativeGuestPredicate CLEARED (-> solo/host/lockstep reads false)
[coop:reward] WATCHER timed out waiting for partner -> leaving reward screen
[coop-soak-me] GUEST-OWNED-ME DONE seed=828633 waves=16/16 findings=0 MEs=[{"wave":15,"type":"DEPARTMENT_STORE_SALE","path":"guest-owned"}] skips={}

[90mstderr[2m | test/tests/elite-redux/coop/coop-soak-me.test.ts[2m:212:3[22m[2m[2m > [22m[2mNIGHTLY co-op SOAK: mid-run mystery-encounter continuation (#633 BUILD 1)[2m > [22m[2mdrives a GUEST-OWNED ME inline (counter parity), then surveys past it, findings=0
[22m[39m[33m[coop:runtime] partner channel disconnected -> entering membership recovery (shared waits retained)[39m
[33m[coop:relay] cancelWaiters() sticky-cancel seqs=[13] (resync rescue) -> selected resolve null[39m
[33m[coop:relay] AWAIT interactionChoice seq=13 RESOLVE null (TIMEOUT or supersede) -> watcher leaves[39m

[90mstdout[2m | test/tests/elite-redux/coop/coop-soak-me.test.ts[2m:212:3[22m[2m[2m > [22m[2mNIGHTLY co-op SOAK: mid-run mystery-encounter continuation (#633 BUILD 1)[2m > [22m[2mdrives a GUEST-OWNED ME inline (counter parity), then surveys past it, findings=0
[22m[39m[2m> [22m[30m[48;2;193;98;222m Test finished! [49m[39m
    Name: [38;2;0;136;134mNIGHTLY co-op SOAK: mid-run mystery-encounter continuation (#633 BUILD 1) > drives a GUEST-OWNED ME inline (counter parity), then surveys past it, findings=0[39m
    Result: [32m[1m✓ Passed[22m[39m [2min[22m [33m21226[39m[2mms[22m
    File: [38;2;210;155;14melite-redux/test/tests/elite-redux/coop/coop-soak-me.test.ts:212:3[39m

[33m[39m[32m·[39m

[2m Test Files [22m [1m[32m2 passed[39m[22m[90m (2)[39m
[2m      Tests [22m [1m[32m5 passed[39m[22m[90m (5)[39m
[2m   Start at [22m 05:43:21
[2m   Duration [22m 77.27s[2m (transform 34.24s, setup 45.25s, import 397ms, tests 62.06s, environment 1.25s)[22m

