===== COOP SOAK RESULT =====
profile: level
verdict: FAIL
waves_requested: 55
run: 29308997545 (main)
timestamp: 2026-07-14T05-42-44Z

----- driver lines -----
[22m[39m[coop-soak] SEED=20260714 WAVES=55 - replay this run with:  SOAK_SEED=20260714 SOAK_WAVES=55 ER_SCENARIO=1 npx vitest run test/tests/elite-redux/coop/coop-soak.test.ts
[22m[39m[coop-soak] RUN ENDED crossing into wave 3 (seed 20260714): host at terminal phase TitlePhase. Survey stops here.
[22m[39m[coop-soak] DONE seed=20260714 waves=2/55 resyncHeals=0 assertions=0 findings=0 trainerWaves=0 (fixed=0 random=0) skips={"mysteryEncounterDisabledV1":1} elapsedMs=23382
[coop-soak] RUN ENDED at wave 3 (seed 20260714): host at terminal phase TitlePhase. Surveyed 2/55 waves under all invariants before the terminal.

----- vitest result tail -----
[coop:launch] clearCoopRuntime role=guest netcode=authoritative gen->2
[coop:stream] streamer DISPOSE: cancel pending(turns=0 enemyParty=0 meBattle=0 stateSync=0) + null-out all handlers
[coop:relay] dispose() (no in-flight waiters)
[coop:pump] end session { seq: -1, termSeq: -1, wasOwner: false }
[coop:transport] state guest disconnected -> closed
[coop:turn] host recorder: CLEAR (null-out) live emitter (was=false)
[coop:session] coopAuthoritativeGuestPredicate CLEARED (-> solo/host/lockstep reads false)

[90mstdout[2m | test/tests/elite-redux/coop/coop-soak.test.ts[2m:151:3[22m[2m[2m > [22m[2mNIGHTLY co-op SOAK: seeded randomized two-engine run (#841)[2m > [22m[2mplays a seeded randomized co-op run asserting DIGEST/LOCKSTEP/NO-PARK/TEARDOWN each wave
[22m[39m[coop-soak] DONE seed=20260714 waves=2/55 resyncHeals=0 assertions=0 findings=0 trainerWaves=0 (fixed=0 random=0) skips={"mysteryEncounterDisabledV1":1} elapsedMs=23382
[coop-soak] RUN ENDED at wave 3 (seed 20260714): host at terminal phase TitlePhase. Surveyed 2/55 waves under all invariants before the terminal.

[90mstdout[2m | test/tests/elite-redux/coop/coop-soak.test.ts[2m:151:3[22m[2m[2m > [22m[2mNIGHTLY co-op SOAK: seeded randomized two-engine run (#841)[2m > [22m[2mplays a seeded randomized co-op run asserting DIGEST/LOCKSTEP/NO-PARK/TEARDOWN each wave
[22m[39m[2m> [22m[30m[48;2;193;98;222m Test finished! [49m[39m
    Name: [38;2;0;136;134mNIGHTLY co-op SOAK: seeded randomized two-engine run (#841) > plays a seeded randomized co-op run asserting DIGEST/LOCKSTEP/NO-PARK/TEARDOWN each wave[39m
    Result: [31m[1m✗ Failed[22m[39m [2min[22m [33m24416[39m[2mms[22m
    File: [38;2;210;155;14melite-redux/test/tests/elite-redux/coop/coop-soak.test.ts:151:3[39m

[33m[39m[31mx[39m

[31m⎯⎯⎯⎯⎯⎯⎯[39m[1m[41m Failed Tests 1 [49m[22m[31m⎯⎯⎯⎯⎯⎯⎯[39m

[41m[1m FAIL [22m[49m [30m[45m main [49m[39m test/tests/elite-redux/coop/coop-soak.test.ts[2m:151:3[22m[2m > [22mNIGHTLY co-op SOAK: seeded randomized two-engine run (#841)[2m > [22mplays a seeded randomized co-op run asserting DIGEST/LOCKSTEP/NO-PARK/TEARDOWN each wave
[31m[1mAssertionError[22m: run-end at wave 3 surveyed only 2 waves - below the proven-survivable floor of 30 (a party this weak this early is a regression, not the late-game level ceiling; replay SOAK_SEED=20260714): expected 2 to be greater than or equal to 30[39m
[36m [2m❯[22m test/tests/elite-redux/coop/coop-soak.test.ts:[2m217:11[22m[39m
    [90m215|[39m             + `proven-survivable floor of ${coverageFloor} (a party th…
    [90m216|[39m             + `not the late-game level ceiling; replay SOAK_SEED=${see…
    [90m217|[39m         )[33m.[39m[34mtoBeGreaterThanOrEqual[39m(coverageFloor)[33m;[39m
    [90m   |[39m           [31m^[39m
    [90m218|[39m       }
    [90m219|[39m       [35mif[39m (profile [33m===[39m [32m"god"[39m) {

[31m[2m⎯⎯⎯⎯⎯⎯⎯⎯⎯⎯⎯⎯⎯⎯⎯⎯⎯⎯⎯⎯⎯⎯⎯⎯[1/1]⎯[22m[39m


[2m Test Files [22m [1m[31m1 failed[39m[22m[90m (1)[39m
[2m      Tests [22m [1m[31m1 failed[39m[22m[90m (1)[39m
[2m   Start at [22m 05:41:55
[2m   Duration [22m 48.30s[2m (transform 18.30s, setup 22.42s, import 183ms, tests 24.84s, environment 694ms)[22m

