===== COOP SOAK RESULT =====
profile: god
verdict: FAIL
waves_requested: 150
run: 28847428334 (main)
timestamp: 2026-07-07T06-56-43Z

----- driver lines -----
[22m[39m[coop-soak] SEED=20260707 WAVES=150 - replay this run with:  SOAK_SEED=20260707 SOAK_WAVES=150 ER_SCENARIO=1 npx vitest run test/tests/elite-redux/coop/coop-soak.test.ts
[22m[39m[coop-soak] scalar-lag wave 5 @post-shop: guest trails host (expected renderer lag, converges at re-mirror) - money host=110 guest=0
[22m[39m[coop-soak] scalar-lag wave 8 @post-shop: guest trails host (expected renderer lag, converges at re-mirror) - money host=390 guest=110
[22m[39m[coop-soak] scalar-lag wave 13 @post-shop: guest trails host (expected renderer lag, converges at re-mirror) - money host=580 guest=390
[22m[39m[coop-soak] scalar-lag wave 14 @post-shop: guest trails host (expected renderer lag, converges at re-mirror) - money host=780 guest=580
[22m[39m[coop-soak] scalar-lag wave 19 @post-shop: guest trails host (expected renderer lag, converges at re-mirror) - money host=1440 guest=780
[22m[39m[coop-soak] scalar-lag wave 25 @post-shop: guest trails host (expected renderer lag, converges at re-mirror) - money host=2930 guest=2100
[22m[39m[coop-soak] scalar-lag wave 27 @post-shop: guest trails host (expected renderer lag, converges at re-mirror) - money host=4020 guest=2930
[22m[39m[coop-soak] scalar-lag wave 28 @post-shop: guest trails host (expected renderer lag, converges at re-mirror) - money host=4980 guest=4020
[coop-soak] scalar-lag wave 30 @boss-post-shop: guest trails host (expected renderer lag, converges at re-mirror) - money host=7000 guest=4980
[22m[39m[coop-soak] scalar-lag wave 35 @post-shop: guest trails host (expected renderer lag, converges at re-mirror) - money host=7920 guest=7000
[22m[39m[coop-soak] scalar-lag wave 43 @post-shop: guest trails host (expected renderer lag, converges at re-mirror) - money host=9280 guest=7920
[22m[39m[coop-soak] scalar-lag wave 44 @post-shop: guest trails host (expected renderer lag, converges at re-mirror) - money host=10060 guest=9280
[22m[39m[coop-soak] scalar-lag wave 55 @post-shop: guest trails host (expected renderer lag, converges at re-mirror) - money host=11980 guest=10060
[22m[39m[coop-soak] scalar-lag wave 58 @post-shop: guest trails host (expected renderer lag, converges at re-mirror) - money host=14224 guest=11980
[coop-soak] scalar-lag wave 60 @boss-post-shop: guest trails host (expected renderer lag, converges at re-mirror) - money host=18340 guest=14224
[22m[39m[coop-soak] scalar-lag wave 62 @post-shop: guest trails host (expected renderer lag, converges at re-mirror) - money host=20080 guest=18340
[22m[39m[coop-soak] scalar-lag wave 64 @post-shop: guest trails host (expected renderer lag, converges at re-mirror) - money host=21868 guest=20080
[22m[39m[coop-soak] scalar-lag wave 66 @post-shop: guest trails host (expected renderer lag, converges at re-mirror) - money host=24616 guest=21868
[22m[39m[coop-soak] scalar-lag wave 69 @post-shop: guest trails host (expected renderer lag, converges at re-mirror) - money host=26896 guest=24616
[22m[39m[coop-soak] scalar-lag wave 73 @post-shop: guest trails host (expected renderer lag, converges at re-mirror) - money host=29632 guest=26896
[22m[39m[coop-soak] scalar-lag wave 85 @post-shop: guest trails host (expected renderer lag, converges at re-mirror) - money host=33400 guest=29632
[coop-soak] scalar-lag wave 90 @boss-post-shop: guest trails host (expected renderer lag, converges at re-mirror) - money host=39784 guest=33400
[22m[39m[coop-soak] scalar-lag wave 95 @post-shop: guest trails host (expected renderer lag, converges at re-mirror) - money host=44644 guest=39784
[22m[39m[coop-soak] scalar-lag wave 103 @post-shop: guest trails host (expected renderer lag, converges at re-mirror) - money host=49900 guest=44644
[22m[39m[coop-soak] scalar-lag wave 112 @post-shop: guest trails host (expected renderer lag, converges at re-mirror) - money host=53356 guest=49900
[22m[39m[coop-soak] scalar-lag wave 114 @post-shop: guest trails host (expected renderer lag, converges at re-mirror) - money host=58624 guest=53356
[22m[39m[coop-soak] scalar-lag wave 115 @post-shop: guest trails host (expected renderer lag, converges at re-mirror) - money host=67468 guest=58624
[22m[39m[coop-soak] scalar-lag wave 119 @post-shop: guest trails host (expected renderer lag, converges at re-mirror) - money host=72304 guest=67468
[coop-soak] scalar-lag wave 120 @boss-post-shop: guest trails host (expected renderer lag, converges at re-mirror) - money host=81508 guest=72304
[22m[39m[coop-soak] scalar-lag wave 122 @post-shop: guest trails host (expected renderer lag, converges at re-mirror) - money host=86644 guest=81508
[22m[39m[coop-soak] scalar-lag wave 134 @post-shop: guest trails host (expected renderer lag, converges at re-mirror) - money host=98116 guest=90664
[22m[39m[coop-soak] scalar-lag wave 138 @post-shop: guest trails host (expected renderer lag, converges at re-mirror) - money host=103528 guest=98116
[coop-soak] scalar-lag wave 145 @boss-post-shop: guest trails host (expected renderer lag, converges at re-mirror) - money host=118612 guest=107980
[coop-soak] scalar-lag wave 150 @boss-post-shop: guest trails host (expected renderer lag, converges at re-mirror) - money host=123532 guest=118612
[coop-soak] DONE seed=20260707 waves=150/150 resyncHeals=3 assertions=2 findings=0 trainerWaves=34 (fixed=13 random=21) skips={"mysteryEncounterDisabledV1":1} elapsedMs=219058

----- vitest result tail -----

[90mstdout[2m | test/tests/elite-redux/coop/coop-soak.test.ts[2m:149:3[22m[2m[2m > [22m[2mNIGHTLY co-op SOAK: seeded randomized two-engine run (#841)[2m > [22m[2mplays a seeded randomized co-op run asserting DIGEST/LOCKSTEP/NO-PARK/TEARDOWN each wave
[22m[39m[2m> [22m[30m[48;2;193;98;222m Test finished! [49m[39m
    Name: [38;2;0;136;134mNIGHTLY co-op SOAK: seeded randomized two-engine run (#841) > plays a seeded randomized co-op run asserting DIGEST/LOCKSTEP/NO-PARK/TEARDOWN each wave[39m
    Result: [31m[1m✗ Failed[22m[39m [2min[22m [33m220115[39m[2mms[22m
    File: [38;2;210;155;14melite-redux/test/tests/elite-redux/coop/coop-soak.test.ts:149:3[39m

[90mstdout[2m | test/tests/elite-redux/coop/coop-soak.test.ts
[22m[39m[34mContinue to the next wave.[39m
[34mContinue to the next wave.[39m

[33m[39m[31mx[39m

[31m⎯⎯⎯⎯⎯⎯⎯[39m[1m[41m Failed Tests 1 [49m[22m[31m⎯⎯⎯⎯⎯⎯⎯[39m

[41m[1m FAIL [22m[49m [30m[45m main [49m[39m test/tests/elite-redux/coop/coop-soak.test.ts[2m:149:3[22m[2m > [22mNIGHTLY co-op SOAK: seeded randomized two-engine run (#841)[2m > [22mplays a seeded randomized co-op run asserting DIGEST/LOCKSTEP/NO-PARK/TEARDOWN each wave
[31m[1mAssertionError[22m: soak tripped 2 production checksum assertion(s) - the full-state payload left a per-turn divergence the heal-once had to close (replay SOAK_SEED=20260707; see the [coop:ASSERT] lines): expected 2 to be +0 // Object.is equality[39m

[32m- Expected[39m
[31m+ Received[39m

[32m- 0[39m
[31m+ 2[39m

[36m [2m❯[22m test/tests/elite-redux/coop/coop-soak.test.ts:[2m236:9[22m[39m
    [90m234|[39m         `soak tripped ${result.assertions} production checksum asserti…
    [90m235|[39m           + `per-turn divergence the heal-once had to close (replay SO…
    [90m236|[39m       )[33m.[39m[34mtoBe[39m([34m0[39m)[33m;[39m
    [90m   |[39m         [31m^[39m
    [90m237|[39m
    [90m238|[39m       // #849 COMPLETENESS BACKSTOP: PROVE the soak exercised every co…

[31m[2m⎯⎯⎯⎯⎯⎯⎯⎯⎯⎯⎯⎯⎯⎯⎯⎯⎯⎯⎯⎯⎯⎯⎯⎯[1/1]⎯[22m[39m


[2m Test Files [22m [1m[31m1 failed[39m[22m[90m (1)[39m
[2m      Tests [22m [1m[31m1 failed[39m[22m[90m (1)[39m
[2m   Start at [22m 06:52:40
[2m   Duration [22m 243.19s[2m (transform 17.51s, setup 21.57s, import 129ms, tests 220.56s, environment 747ms)[22m

