{
  "invariant": "no-park",
  "seed": 20260705,
  "wave": 37,
  "detail": "wave driving threw (strand/stall): PhaseInterceptor.to(\"CommandPhase\") did not reach its target (soft-lock / freeze?): stuck at phase \"SelectModifierPhase\", UI mode MODIFIER_SELECT (=6), interceptor state \"running\".\nOriginal: Timed out in waitUntil!",
  "replay": "SOAK_SEED=20260705",
  "phaseState": {
    "hostPhase": "SelectModifierPhase",
    "guestPhase": "VictoryPhase",
    "hostInteractionCounter": 36,
    "guestInteractionCounter": 36,
    "hostWave": 37,
    "hostBattleType": 0
  },
  "actionScript": [
    "SKIP mysteryEncounterDisabledV1",
    "wave 1: host slot move=85 guest slot move=34",
    "wave 1: reward shop owner=host take-nonparty",
    "wave 2: host slot move=53 guest slot move=85",
    "wave 2: reward shop owner=guest leave",
    "wave 3: host slot move=85 guest slot move=34",
    "wave 3 turn 1: guest SWITCH -> party[3]",
    "wave 3: reward shop owner=host take-nonparty",
    "wave 4: host slot move=53 guest slot move=85",
    "wave 4: reward shop owner=guest leave",
    "wave 5: TRAINER (fixed)",
    "wave 5: host slot move=53 guest slot move=53",
    "wave 5: reward shop owner=host leave",
    "wave 6: host slot move=53 guest slot move=247",
    "wave 6: reward shop owner=guest take-nonparty",
    "wave 7: host slot move=53 guest slot move=34",
    "wave 7: reward shop owner=host leave",
    "wave 8: TRAINER (fixed)",
    "wave 8: host slot move=247 guest slot move=85",
    "wave 8: reward shop owner=guest take-nonparty",
    "wave 9 turn 1: host SWITCH -> party[2]",
    "wave 9: host slot move=34 guest slot move=85",
    "wave 9: reward shop owner=host take-nonparty",
    "wave 10: host slot move=34 guest slot move=53",
    "wave 11: host slot move=53 guest slot move=53",
    "wave 11: reward shop owner=host take-nonparty",
    "wave 12: host slot move=247 guest slot move=53",
    "wave 12: reward shop owner=guest leave",
    "wave 13: TRAINER (random)",
    "wave 13: host slot move=34 guest slot move=53",
    "wave 13: reward shop owner=host leave",
    "wave 14: TRAINER (random)",
    "wave 14: host slot move=85 guest slot move=34",
    "wave 14: reward shop owner=guest leave",
    "wave 15: host slot move=34 guest slot move=53",
    "wave 15: reward shop owner=host take-nonparty",
    "wave 16: host slot move=247 guest slot move=85",
    "wave 16: reward shop owner=guest take-nonparty",
    "wave 17: host slot move=34 guest slot move=53",
    "wave 17: reward shop owner=host leave",
    "wave 18: host slot move=85 guest slot move=247",
    "wave 18: reward shop owner=guest take-nonparty",
    "wave 19 turn 1: host SWITCH -> party[2]",
    "wave 19: host slot move=53 guest slot move=34",
    "wave 19 turn 2: host SWITCH -> party[2]",
    "wave 19 turn 3: host SWITCH -> party[2]",
    "wave 19: reward shop owner=host take-nonparty",
    "wave 20: TRAINER (random)",
    "wave 20: host slot move=247 guest slot move=247",
    "wave 21: host slot move=34 guest slot move=53",
    "wave 21: reward shop owner=host take-nonparty",
    "wave 22: host slot move=85 guest slot move=247",
    "wave 22: reward shop owner=guest leave",
    "wave 23: host slot move=53 guest slot move=34",
    "wave 23 turn 1: guest SWITCH -> party[3]",
    "wave 23 turn 2: host SWITCH -> party[2]",
    "wave 23: reward shop owner=host leave",
    "wave 24: host slot move=247 guest slot move=85",
    "wave 24: reward shop owner=guest leave",
    "wave 25: TRAINER (fixed)",
    "wave 25: host slot move=34 guest slot move=53",
    "wave 25 turn 2: guest SWITCH -> party[3]",
    "wave 25: reward shop owner=host take-nonparty",
    "wave 26: host slot move=85 guest slot move=247",
    "wave 26: reward shop owner=guest leave",
    "wave 27: TRAINER (random)",
    "wave 27: host slot move=53 guest slot move=34",
    "wave 27: reward shop owner=host take-nonparty",
    "wave 28: TRAINER (random)",
    "wave 28: host slot move=247 guest slot move=34",
    "wave 28 turn 1: guest SWITCH -> party[3]",
    "wave 28 turn 2: host SWITCH -> party[2]",
    "wave 28: reward shop owner=guest take-nonparty",
    "wave 29: host slot move=34 guest slot move=53",
    "wave 29: reward shop owner=host leave",
    "wave 30 turn 1: host SWITCH -> party[2]",
    "wave 30: host slot move=85 guest slot move=247",
    "wave 30 turn 1: guest SWITCH -> party[3]",
    "wave 30 turn 2: host SWITCH -> party[2]",
    "wave 31: host slot move=53 guest slot move=34",
    "wave 31 turn 1: guest SWITCH -> party[3]",
    "wave 32 turn 1: host SWITCH -> party[2]",
    "wave 32: host slot move=247 guest slot move=85",
    "wave 32 turn 2: guest SWITCH -> party[3]",
    "wave 32: reward shop owner=guest take-nonparty",
    "wave 33: host slot move=85 guest slot move=34",
    "wave 33: reward shop owner=host take-nonparty",
    "wave 34: host slot move=85 guest slot move=247",
    "wave 34: reward shop owner=guest leave",
    "wave 35: TRAINER (fixed)",
    "wave 35: host slot move=53 guest slot move=53",
    "wave 35: reward shop owner=host take-nonparty",
    "wave 36: host slot move=247 guest slot move=53",
    "wave 36: reward shop owner=guest take-nonparty",
    "wave 37 turn 1: host SWITCH -> party[2]",
    "wave 37: host slot move=34 guest slot move=85",
    "wave 37 turn 1: guest SWITCH -> party[3]",
    "wave 37 turn 3: host SWITCH -> party[2]"
  ]
}