{
  "invariant": "no-park",
  "seed": 20260719,
  "wave": 117,
  "detail": "wave driving threw (strand/stall): client phase drive to guest command 117:2 HANG on TitlePhase; queued=[], ui=TITLE",
  "replay": "SOAK_SEED=20260719",
  "phaseState": {
    "hostPhase": "CommandPhase",
    "guestPhase": "TitlePhase",
    "hostInteractionCounter": 138,
    "guestInteractionCounter": 138,
    "hostWave": 117,
    "hostBattleType": 0,
    "hostPlayerField": [
      {
        "id": 2003286474,
        "battlerIndex": -1,
        "speciesId": 382,
        "speciesName": "Kyogre",
        "hp": 1309,
        "maxHp": 1665,
        "fainted": false,
        "status": 0,
        "statStages": [
          0,
          0,
          0,
          0,
          0,
          0,
          0
        ],
        "moves": [
          {
            "id": 34,
            "ppUsed": 0
          },
          {
            "id": 247,
            "ppUsed": 0
          },
          {
            "id": 53,
            "ppUsed": 1
          },
          {
            "id": 85,
            "ppUsed": 0
          }
        ],
        "coopOwner": "host"
      },
      {
        "id": 3533484315,
        "battlerIndex": -1,
        "speciesId": 384,
        "speciesName": "Rayquaza",
        "hp": 1661,
        "maxHp": 1715,
        "fainted": false,
        "status": 0,
        "statStages": [
          0,
          0,
          0,
          0,
          0,
          0,
          0
        ],
        "moves": [
          {
            "id": 34,
            "ppUsed": 0
          },
          {
            "id": 247,
            "ppUsed": 0
          },
          {
            "id": 53,
            "ppUsed": 0
          },
          {
            "id": 85,
            "ppUsed": 0
          }
        ],
        "coopOwner": "guest"
      }
    ],
    "hostEnemyField": [
      {
        "id": 2428753661,
        "battlerIndex": -1,
        "speciesId": 350,
        "speciesName": "Milotic",
        "hp": 173,
        "maxHp": 308,
        "fainted": false,
        "status": 0,
        "statStages": [
          -1,
          1,
          -1,
          1,
          0,
          0,
          0
        ],
        "moves": [
          {
            "id": 914,
            "ppUsed": 1
          },
          {
            "id": 95,
            "ppUsed": 0
          },
          {
            "id": 5182,
            "ppUsed": 0
          },
          {
            "id": 505,
            "ppUsed": 0
          }
        ]
      },
      {
        "id": 563403766,
        "battlerIndex": -1,
        "speciesId": 367,
        "speciesName": "Huntail",
        "hp": 223,
        "maxHp": 223,
        "fainted": false,
        "status": 0,
        "statStages": [
          -1,
          0,
          -1,
          0,
          0,
          0,
          0
        ],
        "moves": [
          {
            "id": 5000,
            "ppUsed": 0
          },
          {
            "id": 105,
            "ppUsed": 0
          },
          {
            "id": 801,
            "ppUsed": 1
          },
          {
            "id": 226,
            "ppUsed": 0
          }
        ]
      }
    ],
    "guestPlayerField": [],
    "guestEnemyField": []
  },
  "actionScript": [
    "SKIP mysteryEncounterDisabledV1",
    "content seed=coop-soak-20260719 preseeded=false",
    "wave 1 turn 1: replay guest crossed cmd:1:1 through real public COMMAND=opened",
    "wave 1: host slot move=34 guest slot move=53",
    "wave 1 turn 1: progress enemyHp=[16:0/14,263:0/14] playerHp=[890:2065/2065,384:1715/1715]",
    "wave 1: reward shop owner=host take-nonparty",
    "wave 2 turn 1: replay guest crossed cmd:2:1 through real public COMMAND=opened",
    "wave 2: host slot move=85 guest slot move=34",
    "wave 2 turn 1: progress enemyHp=[661:0/14,276:0/16] playerHp=[890:2065/2065,384:1715/1715]",
    "wave 2: reward shop owner=guest take-nonparty",
    "wave 3 turn 1: replay guest crossed cmd:3:1 through real public COMMAND=opened",
    "wave 3: host slot move=34 guest slot move=53",
    "wave 3 turn 1: progress enemyHp=[265:0/16,10:0/16] playerHp=[890:2065/2065,384:1715/1715]",
    "wave 3: reward shop owner=host take-nonparty",
    "wave 4 turn 1: replay guest crossed cmd:4:1 through real public COMMAND=opened",
    "wave 4: host slot move=85 guest slot move=247",
    "wave 4 turn 1: progress enemyHp=[519:0/18,29:0/19] playerHp=[890:2065/2065,384:1715/1715]",
    "wave 4: reward shop owner=guest leave",
    "wave 5 turn 1: replay guest crossed cmd:5:1 through real public COMMAND=opened",
    "wave 5: TRAINER (fixed)",
    "wave 5: host slot move=53 guest slot move=34",
    "wave 5 turn 1: progress enemyHp=[504:0/18,13:0/18] playerHp=[890:2065/2065,384:1715/1715]",
    "wave 5: reward shop owner=host leave",
    "wave 5: guest chose Crossroads Leave through public UI",
    "wave 5: guest drove World Map via public UI=true and both consumed 1827267703574226:1:BIOME_PICK:9700005",
    "wave 6 turn 1: replay guest crossed cmd:6:1 through real public COMMAND=opened",
    "wave 6: BIOME 0->1",
    "wave 6: host slot move=34 guest slot move=85",
    "wave 6 turn 1: progress enemyHp=[915:0/19,427:0/19] playerHp=[890:2065/2065,384:1715/1715]",
    "wave 6: reward shop owner=host take-nonparty",
    "wave 7 turn 1: replay guest crossed cmd:7:1 through real public COMMAND=opened",
    "wave 7: host slot move=85 guest slot move=53",
    "wave 7 turn 1: progress enemyHp=[915:0/21,16:0/20] playerHp=[890:2065/2065,384:1715/1715]",
    "wave 7: reward shop owner=guest take-nonparty",
    "wave 8 turn 1: replay guest crossed cmd:8:1 through real public COMMAND=opened",
    "wave 8: TRAINER (fixed)",
    "wave 8: host slot move=85 guest slot move=85",
    "wave 8 turn 1: guest SWITCH -> party[3]",
    "wave 8 turn 1: progress enemyHp=[158:0/26,519:26/26] playerHp=[890:2065/2065,150:1723/1725]",
    "wave 8 turn 2: replay guest crossed cmd:8:2 through real public COMMAND=opened",
    "wave 8: reward shop owner=host leave",
    "wave 9 turn 1: replay guest crossed cmd:9:1 through real public COMMAND=opened",
    "wave 9: host slot move=53 guest slot move=53",
    "wave 9 turn 1: progress enemyHp=[399:0/26,734:0/23] playerHp=[890:2065/2065,150:1723/1725]",
    "wave 9: reward shop owner=guest take-nonparty",
    "wave 10 turn 1: replay guest crossed cmd:10:1 through real public COMMAND=opened",
    "wave 10: host slot move=85 guest slot move=53",
    "wave 10 turn 1: progress enemyHp=[734:0/28,105:0/29] playerHp=[890:2056/2065,150:1723/1725]",
    "wave 10: biome market owner=host leave",
    "wave 10: drained 1 milestone reward continuation(s)",
    "wave 10: guest chose Crossroads Leave through public UI",
    "wave 10: guest drove World Map via public UI=true and both consumed 1827267703574226:1:BIOME_PICK:9700011",
    "wave 11 turn 1: replay guest crossed cmd:11:1 through real public COMMAND=opened",
    "wave 11: BIOME 1->2",
    "wave 11: host slot move=34 guest slot move=53",
    "wave 11 turn 1: progress enemyHp=[548:0/25,187:0/24] playerHp=[890:2065/2065,150:1725/1725]",
    "wave 11: reward shop owner=host leave",
    "wave 12 turn 1: replay guest crossed cmd:12:1 through real public COMMAND=opened",
    "wave 12: host slot move=85 guest slot move=247",
    "wave 12 turn 1: progress enemyHp=[543:0/23,285:0/30] playerHp=[890:2065/2065,150:1725/1725]",
    "wave 12: reward shop owner=guest leave",
    "wave 13 turn 1: replay guest crossed cmd:13:1 through real public COMMAND=opened",
    "wave 13 turn 1: host SWITCH -> party[2]",
    "wave 13: host slot move=53 guest slot move=34",
    "wave 13 turn 1: progress enemyHp=[191:29/29,266:0/28] playerHp=[493:1865/1865,150:1725/1725]",
    "wave 13 turn 2: replay guest crossed cmd:13:2 through real public COMMAND=opened",
    "wave 13: reward shop owner=host take-nonparty",
    "wave 14 turn 1: replay guest crossed cmd:14:1 through real public COMMAND=opened",
    "wave 14: host slot move=247 guest slot move=85",
    "wave 14 turn 1: progress enemyHp=[285:0/32,266:0/30] playerHp=[493:1865/1865,150:1725/1725]",
    "wave 14: reward shop owner=guest take-nonparty",
    "wave 15 turn 1: replay guest crossed cmd:15:1 through real public COMMAND=opened",
    "wave 15: host slot move=34 guest slot move=53",
    "wave 15 turn 1: progress enemyHp=[548:0/32,266:0/33] playerHp=[493:1865/1865,150:1725/1725]",
    "wave 15: reward shop owner=host take-nonparty",
    "wave 15: guest chose Crossroads Leave through public UI",
    "wave 15: guest drove World Map via public UI=true and both consumed 1827267703574226:1:BIOME_PICK:9700017",
    "wave 16 turn 1: replay guest crossed cmd:16:1 through real public COMMAND=opened",
    "wave 16: BIOME 2->3",
    "wave 16: host slot move=85 guest slot move=247",
    "wave 16 turn 1: progress enemyHp=[919:0/29,753:0/31] playerHp=[493:1865/1865,150:1725/1725]",
    "wave 16: reward shop owner=host leave",
    "wave 17 turn 1: replay guest crossed cmd:17:1 through real public COMMAND=opened",
    "wave 17: host slot move=53 guest slot move=34",
    "wave 17 turn 1: progress enemyHp=[665:0/34,665:0/34] playerHp=[493:1865/1865,150:1725/1725]",
    "wave 17: reward shop owner=guest take-nonparty",
    "wave 18 turn 1: replay guest crossed cmd:18:1 through real public COMMAND=opened",
    "wave 18: host slot move=247 guest slot move=85",
    "wave 18 turn 1: guest SWITCH -> party[3]",
    "wave 18 turn 1: progress enemyHp=[761:0/35,753:35/35] playerHp=[493:1865/1865,384:1715/1715]",
    "wave 18 turn 2: replay guest crossed cmd:18:2 through real public COMMAND=opened",
    "wave 18: reward shop owner=host leave",
    "wave 19 turn 1: replay guest crossed cmd:19:1 through real public COMMAND=opened",
    "wave 19: host slot move=34 guest slot move=53",
    "wave 19 turn 1: progress enemyHp=[919:0/35,761:0/33] playerHp=[493:1865/1865,384:1715/1715]",
    "wave 19: reward shop owner=guest take-nonparty",
    "wave 20 turn 1: replay guest crossed cmd:20:1 through real public COMMAND=opened",
    "wave 20: TRAINER (random)",
    "wave 20: host slot move=85 guest slot move=247",
    "wave 20 turn 1: progress enemyHp=[420:0/38,406:0/39] playerHp=[493:1865/1865,384:1712/1715]",
    "wave 20: biome market owner=host leave",
    "wave 20: drained 1 milestone reward continuation(s)",
    "wave 20: guest chose Crossroads Leave through public UI",
    "wave 20: guest drove World Map via public UI=true and both consumed 1827267703574226:1:BIOME_PICK:9700023",
    "wave 21 turn 1: replay guest crossed cmd:21:1 through real public COMMAND=opened",
    "wave 21: BIOME 3->5",
    "wave 21: host slot move=53 guest slot move=34",
    "wave 21 turn 1: progress enemyHp=[285:0/42,285:0/42] playerHp=[493:1865/1865,384:1715/1715]",
    "wave 21: reward shop owner=host take-nonparty",
    "wave 22 turn 1: replay guest crossed cmd:22:1 through real public COMMAND=opened",
    "wave 22: host slot move=34 guest slot move=85",
    "wave 22 turn 1: progress enemyHp=[944:0/39,511:0/42] playerHp=[493:1865/1865,384:1715/1715]",
    "wave 22: reward shop owner=guest take-nonparty",
    "wave 23 turn 1: replay guest crossed cmd:23:1 through real public COMMAND=opened",
    "wave 23: host slot move=34 guest slot move=53",
    "wave 23 turn 1: guest SWITCH -> party[3]",
    "wave 23 turn 1: progress enemyHp=[15:0/43,167:39/39] playerHp=[493:1865/1865,150:1719/1725]",
    "wave 23 turn 2: replay guest crossed cmd:23:2 through real public COMMAND=opened",
    "wave 23 turn 2: guest SWITCH -> party[3]",
    "wave 23: reward shop owner=host take-nonparty",
    "wave 24 turn 1: replay guest crossed cmd:24:1 through real public COMMAND=opened",
    "wave 24: host slot move=85 guest slot move=247",
    "wave 24 turn 1: progress enemyHp=[917:0/42,919:0/41] playerHp=[493:1865/1865,384:1287/1715]",
    "wave 24: reward shop owner=guest take-nonparty",
    "wave 25 turn 1: replay guest crossed cmd:25:1 through real public COMMAND=opened",
    "wave 25: TRAINER (fixed)",
    "wave 25: host slot move=53 guest slot move=53",
    "wave 25 turn 1: progress enemyHp=[159:0/58,520:0/60] playerHp=[493:1865/1865,384:1073/1715]",
    "wave 25 turn 2: replay guest crossed cmd:25:2 through real public COMMAND=opened",
    "wave 25: reward shop owner=host leave",
    "wave 25: guest chose Crossroads Leave through public UI",
    "wave 25: guest drove World Map via public UI=true and both consumed 1827267703574226:1:BIOME_PICK:9700029",
    "wave 26 turn 1: replay guest crossed cmd:26:1 through real public COMMAND=opened",
    "wave 26: BIOME 5->27",
    "wave 26: host slot move=247 guest slot move=85",
    "wave 26 turn 1: progress enemyHp=[522:0/53,674:0/60] playerHp=[493:1865/1865,384:645/1715]",
    "wave 26: reward shop owner=host take-nonparty",
    "wave 27 turn 1: replay guest crossed cmd:27:1 through real public COMMAND=opened",
    "wave 27: host slot move=34 guest slot move=53",
    "wave 27 turn 1: progress enemyHp=[114:0/62,285:0/57] playerHp=[493:1865/1865,384:431/1715]",
    "wave 27: reward shop owner=guest leave",
    "wave 27: drained 1 milestone reward continuation(s)",
    "wave 28 turn 1: replay guest crossed cmd:28:1 through real public COMMAND=opened",
    "wave 28: host slot move=85 guest slot move=247",
    "wave 28 turn 1: progress enemyHp=[667:0/61,114:0/62] playerHp=[493:1865/1865,384:217/1715]",
    "wave 28: reward shop owner=host leave",
    "wave 29 turn 1: replay guest crossed cmd:29:1 through real public COMMAND=opened",
    "wave 29: host slot move=53 guest slot move=53",
    "wave 29 turn 1: progress enemyHp=[590:0/69,190:0/60] playerHp=[493:1865/1865,384:3/1715]",
    "wave 29: reward shop owner=guest take-nonparty",
    "wave 30 turn 1: replay guest crossed cmd:30:1 through real public COMMAND=opened",
    "wave 30: host slot move=85 guest slot move=53",
    "wave 30 turn 1: progress enemyHp=[190:0/70,667:0/73] playerHp=[493:1865/1865,384:3/1715]",
    "wave 30: biome market owner=host leave",
    "wave 30: drained 1 milestone reward continuation(s)",
    "wave 30: guest chose Crossroads Leave through public UI",
    "wave 30: guest drove World Map via public UI=true and both consumed 1827267703574226:1:BIOME_PICK:9700035",
    "wave 31 turn 1: replay guest crossed cmd:31:1 through real public COMMAND=opened",
    "wave 31: BIOME 27->29",
    "wave 31 turn 1: host SWITCH -> party[2]",
    "wave 31: host slot move=247 guest slot move=85",
    "wave 31 turn 1: progress enemyHp=[679:51/51,562:0/47] playerHp=[890:2065/2065,384:1715/1715]",
    "wave 31 turn 2: replay guest crossed cmd:31:2 through real public COMMAND=opened",
    "wave 31 turn 2: host SWITCH -> party[2]",
    "wave 31: reward shop owner=host leave",
    "wave 32 turn 1: replay guest crossed cmd:32:1 through real public COMMAND=opened",
    "wave 32: host slot move=85 guest slot move=85",
    "wave 32 turn 1: progress enemyHp=[607:0/56,607:0/58] playerHp=[493:1865/1865,384:1715/1715]",
    "wave 32: reward shop owner=guest take-nonparty",
    "wave 33 turn 1: replay guest crossed cmd:33:1 through real public COMMAND=opened",
    "wave 33: host slot move=85 guest slot move=53",
    "wave 33 turn 1: guest SWITCH -> party[3]",
    "wave 33 turn 1: progress enemyHp=[999:64/64,343:60/60] playerHp=[493:1865/1865,150:1722/1725]",
    "wave 33 turn 2: replay guest crossed cmd:33:2 through real public COMMAND=opened",
    "wave 33 turn 2: host SWITCH -> party[2]",
    "wave 33 turn 3: replay guest crossed cmd:33:3 through real public COMMAND=opened",
    "wave 33: reward shop owner=host take-nonparty",
    "wave 34 turn 1: replay guest crossed cmd:34:1 through real public COMMAND=opened",
    "wave 34: host slot move=53 guest slot move=53",
    "wave 34 turn 1: guest SWITCH -> party[3]",
    "wave 34 turn 1: progress enemyHp=[104:0/58,622:64/64] playerHp=[890:2065/2065,384:1709/1715]",
    "wave 34 turn 2: replay guest crossed cmd:34:2 through real public COMMAND=opened",
    "wave 34 turn 2: host SWITCH -> party[2]",
    "wave 34: reward shop owner=guest take-nonparty",
    "wave 35 turn 1: replay guest crossed cmd:35:1 through real public COMMAND=opened",
    "wave 35: TRAINER (fixed)",
    "wave 35: host slot move=34 guest slot move=53",
    "wave 35 turn 1: progress enemyHp=[583:0/65,6570:0/58] playerHp=[493:1749/1865,384:1602/1715]",
    "wave 35: reward shop owner=host take-nonparty",
    "wave 35: guest chose Crossroads Leave through public UI",
    "wave 35: guest drove World Map via public UI=true and both consumed 1827267703574226:1:BIOME_PICK:9700041",
    "wave 36 turn 1: replay guest crossed cmd:36:1 through real public COMMAND=opened",
    "wave 36: BIOME 29->14",
    "wave 36: host slot move=34 guest slot move=247",
    "wave 36 turn 1: progress enemyHp=[449:0/66,946:0/65] playerHp=[493:1633/1865,384:1495/1715]",
    "wave 36: reward shop owner=host leave",
    "wave 36: drained 1 milestone reward continuation(s)",
    "wave 37 turn 1: replay guest crossed cmd:37:1 through real public COMMAND=opened",
    "wave 37: host slot move=34 guest slot move=34",
    "wave 37 turn 1: progress enemyHp=[449:0/76,451:0/70] playerHp=[493:1517/1865,384:1388/1715]",
    "wave 37: reward shop owner=guest leave",
    "wave 38 turn 1: replay guest crossed cmd:38:1 through real public COMMAND=opened",
    "wave 38: host slot move=247 guest slot move=247",
    "wave 38 turn 1: guest SWITCH -> party[3]",
    "wave 38 turn 1: progress enemyHp=[946:0/63,843:66/66] playerHp=[493:1401/1865,150:1615/1725]",
    "wave 38 turn 2: replay guest crossed cmd:38:2 through real public COMMAND=opened",
    "wave 38 turn 2: host SWITCH -> party[2]",
    "wave 38: reward shop owner=host leave",
    "wave 38: drained 1 milestone reward continuation(s)",
    "wave 39 turn 1: replay guest crossed cmd:39:1 through real public COMMAND=opened",
    "wave 39: host slot move=34 guest slot move=53",
    "wave 39 turn 1: progress enemyHp=[451:0/75,331:0/65] playerHp=[890:2041/2065,150:1401/1725]",
    "wave 39: reward shop owner=guest leave",
    "wave 40 turn 1: replay guest crossed cmd:40:1 through real public COMMAND=opened",
    "wave 40: host slot move=34 guest slot move=34",
    "wave 40 turn 1: progress enemyHp=[552:0/87,843:0/68] playerHp=[890:2013/2065,150:1401/1725]",
    "wave 40: biome market owner=host leave",
    "wave 40: drained 1 milestone reward continuation(s)",
    "wave 40: guest chose Crossroads Leave through public UI",
    "wave 40: guest drove World Map via public UI=true and both consumed 1827267703574226:1:BIOME_PICK:9700047",
    "wave 41 turn 1: replay guest crossed cmd:41:1 through real public COMMAND=opened",
    "wave 41: BIOME 14->22",
    "wave 41: host slot move=53 guest slot move=34",
    "wave 41 turn 1: progress enemyHp=[96:0/75,177:0/64] playerHp=[890:2065/2065,150:1725/1725]",
    "wave 41: reward shop owner=host leave",
    "wave 42 turn 1: replay guest crossed cmd:42:1 through real public COMMAND=opened",
    "wave 42: host slot move=247 guest slot move=85",
    "wave 42 turn 1: progress enemyHp=[575:0/80,605:0/85] playerHp=[890:2039/2065,150:1725/1725]",
    "wave 42: reward shop owner=guest leave",
    "wave 42: drained 1 milestone reward continuation(s)",
    "wave 43 turn 1: replay guest crossed cmd:43:1 through real public COMMAND=opened",
    "wave 43: host slot move=34 guest slot move=53",
    "wave 43 turn 1: progress enemyHp=[561:0/84,177:0/71] playerHp=[890:2012/2065,150:1725/1725]",
    "wave 43: reward shop owner=host leave",
    "wave 44 turn 1: replay guest crossed cmd:44:1 through real public COMMAND=opened",
    "wave 44: TRAINER (random)",
    "wave 44: host slot move=53 guest slot move=247",
    "wave 44 turn 1: progress enemyHp=[302:0/91,346:0/106] playerHp=[890:2065/2065,150:1725/1725]",
    "wave 44 turn 2: replay guest crossed cmd:44:2 through real public COMMAND=opened",
    "wave 44: reward shop owner=guest take-nonparty",
    "wave 45 turn 1: replay guest crossed cmd:45:1 through real public COMMAND=opened",
    "wave 45: host slot move=53 guest slot move=53",
    "wave 45 turn 1: guest SWITCH -> party[3]",
    "wave 45 turn 1: progress enemyHp=[325:0/85,201:81/81] playerHp=[890:2065/2065,384:1715/1715]",
    "wave 45 turn 2: replay guest crossed cmd:45:2 through real public COMMAND=opened",
    "wave 45: reward shop owner=host leave",
    "wave 45: guest chose Crossroads Leave through public UI",
    "wave 45: guest drove World Map via public UI=true and both consumed 1827267703574226:1:BIOME_PICK:9700053",
    "wave 46 turn 1: replay guest crossed cmd:46:1 through real public COMMAND=opened",
    "wave 46: BIOME 22->11",
    "wave 46: host slot move=34 guest slot move=53",
    "wave 46 turn 1: progress enemyHp=[277:0/85,333:0/76] playerHp=[890:2065/2065,384:1715/1715]",
    "wave 46: reward shop owner=host leave",
    "wave 47 turn 1: replay guest crossed cmd:47:1 through real public COMMAND=opened",
    "wave 47: host slot move=34 guest slot move=85",
    "wave 47 turn 1: progress enemyHp=[662:0/83,333:0/80] playerHp=[890:2065/2065,384:1715/1715]",
    "wave 47: reward shop owner=guest take-nonparty",
    "wave 48 turn 1: replay guest crossed cmd:48:1 through real public COMMAND=opened",
    "wave 48: host slot move=85 guest slot move=85",
    "wave 48 turn 1: guest SWITCH -> party[3]",
    "wave 48 turn 1: progress enemyHp=[304:1/86,17:89/89] playerHp=[890:2065/2065,150:1722/1725]",
    "wave 48 turn 2: replay guest crossed cmd:48:2 through real public COMMAND=opened",
    "wave 48: reward shop owner=host take-nonparty",
    "wave 49 turn 1: replay guest crossed cmd:49:1 through real public COMMAND=opened",
    "wave 49: host slot move=34 guest slot move=34",
    "wave 49 turn 1: progress enemyHp=[17:0/97,662:0/91] playerHp=[890:2065/2065,150:1722/1725]",
    "wave 49: reward shop owner=guest leave",
    "wave 50 turn 1: replay guest crossed cmd:50:1 through real public COMMAND=opened",
    "wave 50: TRAINER (random)",
    "wave 50: host slot move=247 guest slot move=85",
    "wave 50 turn 1: guest SWITCH -> party[3]",
    "wave 50 turn 1: progress enemyHp=[430:0/122,178:121/121] playerHp=[890:2065/2065,384:1710/1715]",
    "wave 50 turn 2: replay guest crossed cmd:50:2 through real public COMMAND=opened",
    "wave 50: biome market owner=host leave",
    "wave 50: drained 1 milestone reward continuation(s)",
    "wave 50: guest chose Crossroads Leave through public UI",
    "wave 50: guest drove World Map via public UI=true and both consumed 1827267703574226:1:BIOME_PICK:9700059",
    "wave 51 turn 1: replay guest crossed cmd:51:1 through real public COMMAND=opened",
    "wave 51: BIOME 11->18",
    "wave 51: host slot move=34 guest slot move=53",
    "wave 51 turn 1: progress enemyHp=[324:0/104,757:0/82] playerHp=[890:2065/2065,384:1715/1715]",
    "wave 51: reward shop owner=host leave",
    "wave 51: drained 1 milestone reward continuation(s)",
    "wave 52 turn 1: replay guest crossed cmd:52:1 through real public COMMAND=opened",
    "wave 52: host slot move=85 guest slot move=247",
    "wave 52 turn 1: guest SWITCH -> party[3]",
    "wave 52 turn 1: progress enemyHp=[324:0/99,654:89/89] playerHp=[890:2065/2065,150:1715/1725]",
    "wave 52 turn 2: replay guest crossed cmd:52:2 through real public COMMAND=opened",
    "wave 52: reward shop owner=guest leave",
    "wave 52: drained 1 milestone reward continuation(s)",
    "wave 53 turn 1: replay guest crossed cmd:53:1 through real public COMMAND=opened",
    "wave 53: host slot move=53 guest slot move=247",
    "wave 53 turn 1: progress enemyHp=[776:0/100,2051:0/82] playerHp=[890:2065/2065,150:1715/1725]",
    "wave 53: reward shop owner=host leave",
    "wave 53: drained 1 milestone reward continuation(s)",
    "wave 54 turn 1: replay guest crossed cmd:54:1 through real public COMMAND=opened",
    "wave 54: host slot move=247 guest slot move=85",
    "wave 54 turn 1: progress enemyHp=[126:0/98,758:0/103] playerHp=[890:2065/2065,150:1715/1725]",
    "wave 54: reward shop owner=guest leave",
    "wave 54: drained 1 milestone reward continuation(s)",
    "wave 55 turn 1: replay guest crossed cmd:55:1 through real public COMMAND=opened",
    "wave 55: TRAINER (fixed)",
    "wave 55: host slot move=34 guest slot move=53",
    "wave 55 turn 1: progress enemyHp=[160:0/133,521:0/135] playerHp=[890:1893/2065,150:1715/1725]",
    "wave 55 turn 2: replay guest crossed cmd:55:2 through real public COMMAND=opened",
    "wave 55 turn 2: host SWITCH -> party[2]",
    "wave 55 turn 3: replay guest crossed cmd:55:3 through real public COMMAND=opened",
    "wave 55 turn 3: host SWITCH -> party[2]",
    "wave 55: reward shop owner=host take-nonparty",
    "wave 55: guest chose Crossroads Leave through public UI",
    "wave 55: guest drove World Map via public UI=true and both consumed 1827267703574226:1:BIOME_PICK:9700065",
    "wave 56 turn 1: replay guest crossed cmd:56:1 through real public COMMAND=opened",
    "wave 56: BIOME 18->8",
    "wave 56: host slot move=85 guest slot move=53",
    "wave 56 turn 1: progress enemyHp=[120:0/80,770:0/121] playerHp=[890:2065/2065,150:1715/1725]",
    "wave 56: reward shop owner=host leave",
    "wave 57 turn 1: replay guest crossed cmd:57:1 through real public COMMAND=opened",
    "wave 57 turn 1: host SWITCH -> party[2]",
    "wave 57: host slot move=53 guest slot move=34",
    "wave 57 turn 1: guest SWITCH -> party[3]",
    "wave 57 turn 1: progress enemyHp=[557:93/93,692:105/105] playerHp=[493:1865/1865,384:1715/1715]",
    "wave 57 turn 2: replay guest crossed cmd:57:2 through real public COMMAND=opened",
    "wave 57: reward shop owner=guest leave",
    "wave 58 turn 1: replay guest crossed cmd:58:1 through real public COMMAND=opened",
    "wave 58: host slot move=247 guest slot move=85",
    "wave 58 turn 1: progress enemyHp=[960:0/71,342:0/115] playerHp=[493:1865/1865,384:1714/1715]",
    "wave 58: reward shop owner=host take-nonparty",
    "wave 59 turn 1: replay guest crossed cmd:59:1 through real public COMMAND=opened",
    "wave 59: host slot move=34 guest slot move=53",
    "wave 59 turn 1: progress enemyHp=[961:0/92,960:0/71] playerHp=[493:1865/1865,384:1714/1715]",
    "wave 59: reward shop owner=guest take-nonparty",
    "wave 60 turn 1: replay guest crossed cmd:60:1 through real public COMMAND=opened",
    "wave 60: host slot move=85 guest slot move=247",
    "wave 60 turn 1: progress enemyHp=[693:0/155,558:33/131] playerHp=[493:1859/1865,384:1711/1715]",
    "wave 60 turn 2: replay guest crossed cmd:60:2 through real public COMMAND=opened",
    "wave 60 turn 2: guest SWITCH -> party[3]",
    "wave 60: biome market owner=host leave",
    "wave 60: drained 1 milestone reward continuation(s)",
    "wave 60: guest chose Crossroads Leave through public UI",
    "wave 60: guest drove World Map via public UI=true and both consumed 1827267703574226:1:BIOME_PICK:9700071",
    "wave 61 turn 1: replay guest crossed cmd:61:1 through real public COMMAND=opened",
    "wave 61: BIOME 8->6",
    "wave 61: host slot move=53 guest slot move=34",
    "wave 61 turn 1: progress enemyHp=[119:0/123,457:0/120] playerHp=[493:1865/1865,150:1725/1725]",
    "wave 61: reward shop owner=host leave",
    "wave 62 turn 1: replay guest crossed cmd:62:1 through real public COMMAND=opened",
    "wave 62: TRAINER (fixed)",
    "wave 62: host slot move=247 guest slot move=85",
    "wave 62 turn 1: progress enemyHp=[510:0/121,545:0/143] playerHp=[493:1865/1865,150:1725/1725]",
    "wave 62 turn 2: replay guest crossed cmd:62:2 through real public COMMAND=opened",
    "wave 62 turn 2: guest SWITCH -> party[3]",
    "wave 62: reward shop owner=guest take-nonparty",
    "wave 63 turn 1: replay guest crossed cmd:63:1 through real public COMMAND=opened",
    "wave 63: host slot move=34 guest slot move=53",
    "wave 63 turn 1: progress enemyHp=[321:0/199,321:0/185] playerHp=[493:1865/1865,384:1715/1715]",
    "wave 63: reward shop owner=host take-nonparty",
    "wave 64 turn 1: replay guest crossed cmd:64:1 through real public COMMAND=opened",
    "wave 64: TRAINER (fixed)",
    "wave 64: host slot move=53 guest slot move=247",
    "wave 64 turn 1: progress enemyHp=[10056:0/158,621:0/156] playerHp=[493:1865/1865,384:1715/1715]",
    "wave 64 turn 2: replay guest crossed cmd:64:2 through real public COMMAND=opened",
    "wave 64: reward shop owner=guest take-nonparty",
    "wave 65 turn 1: replay guest crossed cmd:65:1 through real public COMMAND=opened",
    "wave 65: host slot move=53 guest slot move=34",
    "wave 65 turn 1: progress enemyHp=[395:0/132,321:0/208] playerHp=[493:1633/1865,384:1501/1715]",
    "wave 65: reward shop owner=host leave",
    "wave 66 turn 1: replay guest crossed cmd:66:1 through real public COMMAND=opened",
    "wave 66: TRAINER (fixed)",
    "wave 66: host slot move=85 guest slot move=247",
    "wave 66 turn 1: progress enemyHp=[233:133/151,101:0/127] playerHp=[493:1630/1865,384:1498/1715]",
    "wave 66 turn 2: replay guest crossed cmd:66:2 through real public COMMAND=opened",
    "wave 66 turn 3: replay guest crossed cmd:66:3 through real public COMMAND=opened",
    "wave 66 turn 3: guest SWITCH -> party[3]",
    "wave 66 turn 4: replay guest crossed cmd:66:4 through real public COMMAND=opened",
    "wave 66 turn 5: replay guest crossed cmd:66:5 through real public COMMAND=opened",
    "wave 66: reward shop owner=guest leave",
    "wave 67 turn 1: replay guest crossed cmd:67:1 through real public COMMAND=opened",
    "wave 67: host slot move=53 guest slot move=53",
    "wave 67 turn 1: progress enemyHp=[171:0/173,90:1/90] playerHp=[493:1624/1865,150:1698/1725]",
    "wave 67 turn 2: replay guest crossed cmd:67:2 through real public COMMAND=opened",
    "wave 67: reward shop owner=host take-nonparty",
    "wave 68 turn 1: replay guest crossed cmd:68:1 through real public COMMAND=opened",
    "wave 68: host slot move=85 guest slot move=247",
    "wave 68 turn 1: guest SWITCH -> party[3]",
    "wave 68 turn 1: progress enemyHp=[457:0/136,687:143/143] playerHp=[493:1624/1865,384:1715/1715]",
    "wave 68 turn 2: replay guest crossed cmd:68:2 through real public COMMAND=opened",
    "wave 68: reward shop owner=guest take-nonparty",
    "wave 69 turn 1: replay guest crossed cmd:69:1 through real public COMMAND=opened",
    "wave 69: host slot move=53 guest slot move=34",
    "wave 69 turn 1: progress enemyHp=[730:0/138,321:0/226] playerHp=[493:1624/1865,384:1715/1715]",
    "wave 69: reward shop owner=host take-nonparty",
    "wave 70 turn 1: replay guest crossed cmd:70:1 through real public COMMAND=opened",
    "wave 70: host slot move=247 guest slot move=85",
    "wave 70 turn 1: progress enemyHp=[73:0/161,687:0/167] playerHp=[493:1624/1865,384:1704/1715]",
    "wave 70: biome market owner=guest leave",
    "wave 70: drained 1 milestone reward continuation(s)",
    "wave 70: host chose Crossroads Leave through public UI",
    "wave 70: host drove World Map via public UI=true and both consumed 1827267703574226:0:BIOME_PICK:9700082",
    "wave 71 turn 1: replay guest crossed cmd:71:1 through real public COMMAND=opened",
    "wave 71: BIOME 6->10",
    "wave 71: host slot move=34 guest slot move=53",
    "wave 71 turn 1: progress enemyHp=[224:0/144,976:0/167] playerHp=[493:1865/1865,384:1715/1715]",
    "wave 71: reward shop owner=guest leave",
    "wave 72 turn 1: replay guest crossed cmd:72:1 through real public COMMAND=opened",
    "wave 72: host slot move=85 guest slot move=247",
    "wave 72 turn 1: progress enemyHp=[847:0/133,171:0/185] playerHp=[493:1865/1865,384:1715/1715]",
    "wave 72: reward shop owner=host leave",
    "wave 73 turn 1: replay guest crossed cmd:73:1 through real public COMMAND=opened",
    "wave 73 turn 1: host SWITCH -> party[2]",
    "wave 73: host slot move=53 guest slot move=53",
    "wave 73 turn 1: progress enemyHp=[593:188/188,423:0/179] playerHp=[890:2065/2065,384:1715/1715]",
    "wave 73 turn 2: replay guest crossed cmd:73:2 through real public COMMAND=opened",
    "wave 73: reward shop owner=guest leave",
    "wave 74 turn 1: replay guest crossed cmd:74:1 through real public COMMAND=opened",
    "wave 74 turn 1: host SWITCH -> party[4]",
    "wave 74: host slot move=247 guest slot move=85",
    "wave 74 turn 1: guest SWITCH -> party[3]",
    "wave 74 turn 1: progress enemyHp=[224:147/147,222:151/151] playerHp=[382:1656/1665,150:1714/1725]",
    "wave 74 turn 2: replay guest crossed cmd:74:2 through real public COMMAND=opened",
    "wave 74: reward shop owner=host leave",
    "wave 74: drained 1 milestone reward continuation(s)",
    "wave 75 turn 1: replay guest crossed cmd:75:1 through real public COMMAND=opened",
    "wave 75: host slot move=34 guest slot move=53",
    "wave 75 turn 1: progress enemyHp=[224:0/144,73:0/152] playerHp=[382:1552/1665,150:1600/1725]",
    "wave 75: reward shop owner=guest leave",
    "wave 75: host chose Crossroads Leave through public UI",
    "wave 75: host drove World Map via public UI=true and both consumed 1827267703574226:0:BIOME_PICK:9700088",
    "wave 76 turn 1: replay guest crossed cmd:76:1 through real public COMMAND=opened",
    "wave 76: BIOME 10->13",
    "wave 76: host slot move=53 guest slot move=85",
    "wave 76 turn 1: progress enemyHp=[47:0/164,294:0/166] playerHp=[382:1552/1665,150:1600/1725]",
    "wave 76: reward shop owner=guest leave",
    "wave 77 turn 1: replay guest crossed cmd:77:1 through real public COMMAND=opened",
    "wave 77 turn 1: host SWITCH -> party[2]",
    "wave 77: host slot move=53 guest slot move=34",
    "wave 77 turn 1: progress enemyHp=[986:190/190,217:0/181] playerHp=[890:2065/2065,150:1600/1725]",
    "wave 77 turn 2: replay guest crossed cmd:77:2 through real public COMMAND=opened",
    "wave 77: reward shop owner=host leave",
    "wave 77: drained 1 milestone reward continuation(s)",
    "wave 78 turn 1: replay guest crossed cmd:78:1 through real public COMMAND=opened",
    "wave 78 turn 1: host SWITCH -> party[2]",
    "wave 78: host slot move=53 guest slot move=85",
    "wave 78 turn 1: progress enemyHp=[660:181/181,476:0/143] playerHp=[382:1650/1665,150:1600/1725]",
    "wave 78 turn 2: replay guest crossed cmd:78:2 through real public COMMAND=opened",
    "wave 78 turn 2: guest SWITCH -> party[3]",
    "wave 78: reward shop owner=guest take-nonparty",
    "wave 79 turn 1: replay guest crossed cmd:79:1 through real public COMMAND=opened",
    "wave 79: host slot move=53 guest slot move=53",
    "wave 79 turn 1: progress enemyHp=[75:1/135,42:0/153] playerHp=[382:1650/1665,384:1715/1715]",
    "wave 79 turn 2: replay guest crossed cmd:79:2 through real public COMMAND=opened",
    "wave 79 turn 2: guest SWITCH -> party[3]",
    "wave 79: reward shop owner=host take-nonparty",
    "wave 80 turn 1: replay guest crossed cmd:80:1 through real public COMMAND=opened",
    "wave 80: TRAINER (random)",
    "wave 80: host slot move=85 guest slot move=247",
    "wave 80 turn 1: progress enemyHp=[306:0/172,348:0/178] playerHp=[382:1650/1665,150:1725/1725]",
    "wave 80 turn 2: replay guest crossed cmd:80:2 through real public COMMAND=opened",
    "wave 80: biome market owner=guest leave",
    "wave 80: drained 1 milestone reward continuation(s)",
    "wave 80: host chose Crossroads Leave through public UI",
    "wave 80: host drove World Map via public UI=true and both consumed 1827267703574226:0:BIOME_PICK:9700094",
    "wave 81 turn 1: replay guest crossed cmd:81:1 through real public COMMAND=opened",
    "wave 81: BIOME 13->12",
    "wave 81: host slot move=53 guest slot move=53",
    "wave 81 turn 1: progress enemyHp=[464:0/201,232:0/177] playerHp=[382:1561/1665,150:1618/1725]",
    "wave 81: reward shop owner=guest leave",
    "wave 81: drained 1 milestone reward continuation(s)",
    "wave 82 turn 1: replay guest crossed cmd:82:1 through real public COMMAND=opened",
    "wave 82: TRAINER (random)",
    "wave 82: host slot move=247 guest slot move=85",
    "wave 82 turn 1: progress enemyHp=[801:0/187,6:0/186] playerHp=[382:1457/1665,150:1511/1725]",
    "wave 82 turn 2: replay guest crossed cmd:82:2 through real public COMMAND=opened",
    "wave 82 turn 2: guest SWITCH -> party[3]",
    "wave 82: reward shop owner=host take-nonparty",
    "wave 83 turn 1: replay guest crossed cmd:83:1 through real public COMMAND=opened",
    "wave 83: host slot move=34 guest slot move=247",
    "wave 83 turn 1: progress enemyHp=[950:1/169,50:0/93] playerHp=[382:1249/1665,384:1455/1715]",
    "wave 83 turn 2: replay guest crossed cmd:83:2 through real public COMMAND=opened",
    "wave 83: reward shop owner=guest take-nonparty",
    "wave 84 turn 1: replay guest crossed cmd:84:1 through real public COMMAND=opened",
    "wave 84: host slot move=85 guest slot move=34",
    "wave 84 turn 1: progress enemyHp=[851:0/208,530:0/203] playerHp=[382:1041/1665,384:1241/1715]",
    "wave 84: reward shop owner=host take-nonparty",
    "wave 85 turn 1: replay guest crossed cmd:85:1 through real public COMMAND=opened",
    "wave 85: host slot move=53 guest slot move=34",
    "wave 85 turn 1: guest SWITCH -> party[3]",
    "wave 85 turn 1: progress enemyHp=[28:0/192,952:151/161] playerHp=[382:937/1665,150:1606/1725]",
    "wave 85 turn 2: replay guest crossed cmd:85:2 through real public COMMAND=opened",
    "wave 85 turn 2: guest SWITCH -> party[3]",
    "wave 85: reward shop owner=guest leave",
    "wave 85: host chose Crossroads Leave through public UI",
    "wave 85: host drove World Map via public UI=true and both consumed 1827267703574226:0:BIOME_PICK:9700100",
    "wave 86 turn 1: replay guest crossed cmd:86:1 through real public COMMAND=opened",
    "wave 86: BIOME 12->14",
    "wave 86: host slot move=34 guest slot move=85",
    "wave 86 turn 1: progress enemyHp=[553:0/212,874:0/195] playerHp=[382:729/1665,384:1501/1715]",
    "wave 86: reward shop owner=guest leave",
    "wave 86: drained 1 milestone reward continuation(s)",
    "wave 87 turn 1: replay guest crossed cmd:87:1 through real public COMMAND=opened",
    "wave 87: host slot move=247 guest slot move=247",
    "wave 87 turn 1: progress enemyHp=[28:0/205,323:0/209] playerHp=[382:625/1665,384:1394/1715]",
    "wave 87: reward shop owner=host leave",
    "wave 88 turn 1: replay guest crossed cmd:88:1 through real public COMMAND=opened",
    "wave 88: host slot move=53 guest slot move=53",
    "wave 88 turn 1: progress enemyHp=[694:0/150,323:0/196] playerHp=[382:521/1665,384:1287/1715]",
    "wave 88: reward shop owner=guest take-nonparty",
    "wave 89 turn 1: replay guest crossed cmd:89:1 through real public COMMAND=opened",
    "wave 89: host slot move=53 guest slot move=34",
    "wave 89 turn 1: progress enemyHp=[450:0/218,694:0/143] playerHp=[382:417/1665,384:1180/1715]",
    "wave 89: reward shop owner=host leave",
    "wave 90 turn 1: replay guest crossed cmd:90:1 through real public COMMAND=opened",
    "wave 90: host slot move=247 guest slot move=85",
    "wave 90 turn 1: progress enemyHp=[556:0/206,346:0/226] playerHp=[382:417/1665,384:1180/1715]",
    "wave 90: biome market owner=guest leave",
    "wave 90: drained 1 milestone reward continuation(s)",
    "wave 90: host chose Crossroads Leave through public UI",
    "wave 90: host drove World Map via public UI=true and both consumed 1827267703574226:0:BIOME_PICK:9700106",
    "wave 91 turn 1: replay guest crossed cmd:91:1 through real public COMMAND=opened",
    "wave 91: BIOME 14->22",
    "wave 91: host slot move=34 guest slot move=53",
    "wave 91 turn 1: progress enemyHp=[959:0/193,178:0/207] playerHp=[382:1665/1665,384:1715/1715]",
    "wave 91: reward shop owner=guest take-nonparty",
    "wave 92 turn 1: replay guest crossed cmd:92:1 through real public COMMAND=opened",
    "wave 92: host slot move=85 guest slot move=247",
    "wave 92 turn 1: progress enemyHp=[65:0/176,97:0/205] playerHp=[382:1665/1665,384:1715/1715]",
    "wave 92: reward shop owner=host take-nonparty",
    "wave 93 turn 1: replay guest crossed cmd:93:1 through real public COMMAND=opened",
    "wave 93 turn 1: host SWITCH -> party[2]",
    "wave 93: host slot move=53 guest slot move=34",
    "wave 93 turn 1: guest SWITCH -> party[3]",
    "wave 93 turn 1: progress enemyHp=[561:191/191,576:204/204] playerHp=[890:2065/2065,150:1700/1725]",
    "wave 93 turn 2: replay guest crossed cmd:93:2 through real public COMMAND=opened",
    "wave 93: reward shop owner=guest leave",
    "wave 93: drained 1 milestone reward continuation(s)",
    "wave 94 turn 1: replay guest crossed cmd:94:1 through real public COMMAND=opened",
    "wave 94: host slot move=247 guest slot move=85",
    "wave 94 turn 1: progress enemyHp=[576:0/204,201:0/165] playerHp=[890:2065/2065,150:1700/1725]",
    "wave 94: reward shop owner=host leave",
    "wave 95 turn 1: replay guest crossed cmd:95:1 through real public COMMAND=opened",
    "wave 95: TRAINER (fixed)",
    "wave 95 turn 1: host SWITCH -> party[2]",
    "wave 95: host slot move=34 guest slot move=53",
    "wave 95 turn 1: progress enemyHp=[160:238/238,521:0/266] playerHp=[382:1643/1665,150:1700/1725]",
    "wave 95 turn 2: replay guest crossed cmd:95:2 through real public COMMAND=opened",
    "wave 95 turn 2: host SWITCH -> party[2]",
    "wave 95 turn 3: replay guest crossed cmd:95:3 through real public COMMAND=opened",
    "wave 95 turn 4: replay guest crossed cmd:95:4 through real public COMMAND=opened",
    "wave 95 turn 4: host SWITCH -> party[2]",
    "wave 95: reward shop owner=guest take-nonparty",
    "wave 95: host chose Crossroads Leave through public UI",
    "wave 95: host drove World Map via public UI=true and both consumed 1827267703574226:0:BIOME_PICK:9700112",
    "wave 96 turn 1: replay guest crossed cmd:96:1 through real public COMMAND=opened",
    "wave 96: BIOME 22->11",
    "wave 96: host slot move=85 guest slot move=247",
    "wave 96 turn 1: progress enemyHp=[18:0/223,823:0/232] playerHp=[382:1665/1665,150:1700/1725]",
    "wave 96: reward shop owner=guest take-nonparty",
    "wave 97 turn 1: replay guest crossed cmd:97:1 through real public COMMAND=opened",
    "wave 97: host slot move=34 guest slot move=34",
    "wave 97 turn 1: progress enemyHp=[21:0/164,68:0/218] playerHp=[382:1665/1665,150:1700/1725]",
    "wave 97: reward shop owner=host leave",
    "wave 98 turn 1: replay guest crossed cmd:98:1 through real public COMMAND=opened",
    "wave 98: host slot move=34 guest slot move=85",
    "wave 98 turn 1: progress enemyHp=[398:0/229,673:0/258] playerHp=[382:1665/1665,150:1700/1725]",
    "wave 98: reward shop owner=guest leave",
    "wave 99 turn 1: replay guest crossed cmd:99:1 through real public COMMAND=opened",
    "wave 99: host slot move=34 guest slot move=34",
    "wave 99 turn 1: progress enemyHp=[227:0/206,277:0/188] playerHp=[382:1665/1665,150:1700/1725]",
    "wave 99: reward shop owner=host take-nonparty",
    "wave 100 turn 1: replay guest crossed cmd:100:1 through real public COMMAND=opened",
    "wave 100: host slot move=85 guest slot move=247",
    "wave 100 turn 1: progress enemyHp=[277:0/235,6628:0/297] playerHp=[382:1665/1665,150:1700/1725]",
    "wave 100: biome market owner=guest leave",
    "wave 100: drained 1 milestone reward continuation(s)",
    "wave 100: host chose Crossroads Leave through public UI",
    "wave 100: host drove World Map via public UI=true and both consumed 1827267703574226:0:BIOME_PICK:9700118",
    "wave 101 turn 1: replay guest crossed cmd:101:1 through real public COMMAND=opened",
    "wave 101: BIOME 11->18",
    "wave 101: host slot move=53 guest slot move=34",
    "wave 101 turn 1: progress enemyHp=[334:0/206,308:0/200] playerHp=[382:1665/1665,150:1725/1725]",
    "wave 101: reward shop owner=guest take-nonparty",
    "wave 102 turn 1: replay guest crossed cmd:102:1 through real public COMMAND=opened",
    "wave 102: host slot move=53 guest slot move=85",
    "wave 102 turn 1: progress enemyHp=[323:0/252,59:0/233] playerHp=[382:1665/1665,150:1725/1725]",
    "wave 102: reward shop owner=host leave",
    "wave 102: drained 1 milestone reward continuation(s)",
    "wave 103 turn 1: replay guest crossed cmd:103:1 through real public COMMAND=opened",
    "wave 103: host slot move=34 guest slot move=247",
    "wave 103 turn 1: progress enemyHp=[78:0/247,218:0/161] playerHp=[382:1665/1665,150:1725/1725]",
    "wave 103: reward shop owner=guest leave",
    "wave 104 turn 1: replay guest crossed cmd:104:1 through real public COMMAND=opened",
    "wave 104: host slot move=247 guest slot move=247",
    "wave 104 turn 1: guest SWITCH -> party[3]",
    "wave 104 turn 1: progress enemyHp=[323:0/230,323:255/258] playerHp=[382:1655/1665,384:1715/1715]",
    "wave 104 turn 2: replay guest crossed cmd:104:2 through real public COMMAND=opened",
    "wave 104: reward shop owner=host leave",
    "wave 105 turn 1: replay guest crossed cmd:105:1 through real public COMMAND=opened",
    "wave 105: host slot move=53 guest slot move=85",
    "wave 105 turn 1: progress enemyHp=[839:0/290,78:0/250] playerHp=[382:1655/1665,384:1715/1715]",
    "wave 105: reward shop owner=guest take-nonparty",
    "wave 105: host chose Crossroads Leave through public UI",
    "wave 105: host drove World Map via public UI=true and both consumed 1827267703574226:0:BIOME_PICK:9700124",
    "wave 106 turn 1: replay guest crossed cmd:106:1 through real public COMMAND=opened",
    "wave 106: BIOME 18->8",
    "wave 106: host slot move=247 guest slot move=85",
    "wave 106 turn 1: progress enemyHp=[692:0/214,99:0/242] playerHp=[382:1655/1665,384:1715/1715]",
    "wave 106: reward shop owner=guest take-nonparty",
    "wave 107 turn 1: replay guest crossed cmd:107:1 through real public COMMAND=opened",
    "wave 107: host slot move=34 guest slot move=53",
    "wave 107 turn 1: progress enemyHp=[692:0/225,99:0/225] playerHp=[382:1655/1665,384:1713/1715]",
    "wave 107: reward shop owner=host take-nonparty",
    "wave 108 turn 1: replay guest crossed cmd:108:1 through real public COMMAND=opened",
    "wave 108: host slot move=53 guest slot move=53",
    "wave 108 turn 1: guest SWITCH -> party[3]",
    "wave 108 turn 1: progress enemyHp=[413:215/215,769:190/190] playerHp=[382:1655/1665,150:1712/1725]",
    "wave 108 turn 2: replay guest crossed cmd:108:2 through real public COMMAND=opened",
    "wave 108: reward shop owner=guest take-nonparty",
    "wave 109 turn 1: replay guest crossed cmd:109:1 through real public COMMAND=opened",
    "wave 109 turn 1: host SWITCH -> party[2]",
    "wave 109: host slot move=247 guest slot move=34",
    "wave 109 turn 1: progress enemyHp=[769:148/205,558:1/232] playerHp=[890:2065/2065,150:1704/1725]",
    "wave 109 turn 2: replay guest crossed cmd:109:2 through real public COMMAND=opened",
    "wave 109 turn 2: guest SWITCH -> party[3]",
    "wave 109 turn 3: replay guest crossed cmd:109:3 through real public COMMAND=opened",
    "wave 109 turn 3: host SWITCH -> party[2]",
    "wave 109: reward shop owner=host leave",
    "wave 110 turn 1: replay guest crossed cmd:110:1 through real public COMMAND=opened",
    "wave 110: TRAINER (random)",
    "wave 110: DIGEST mismatch @wave-start class=unexpected fields=[terrain] -> one-heal resync",
    "wave 110: host slot move=53 guest slot move=85",
    "wave 110 turn 1: progress enemyHp=[10507:0/295,131:0/357] playerHp=[382:1561/1665,384:1608/1715]",
    "wave 110 turn 2: replay guest crossed cmd:110:2 through real public COMMAND=opened",
    "wave 110 turn 2: guest SWITCH -> party[3]",
    "wave 110 turn 3: replay guest crossed cmd:110:3 through real public COMMAND=opened",
    "wave 110: biome market owner=guest leave",
    "wave 110: drained 1 milestone reward continuation(s)",
    "wave 110: host chose Crossroads Leave through public UI",
    "wave 110: host drove World Map via public UI=true and both consumed 1827267703574226:0:BIOME_PICK:9700130",
    "wave 111 turn 1: replay guest crossed cmd:111:1 through real public COMMAND=opened",
    "wave 111: BIOME 8->6",
    "wave 111: host slot move=34 guest slot move=53",
    "wave 111 turn 1: progress enemyHp=[130:0/282,456:0/197] playerHp=[382:1665/1665,150:1725/1725]",
    "wave 111: reward shop owner=guest take-nonparty",
    "wave 112 turn 1: replay guest crossed cmd:112:1 through real public COMMAND=opened",
    "wave 112: TRAINER (fixed)",
    "wave 112: host slot move=85 guest slot move=247",
    "wave 112 turn 1: progress enemyHp=[555:0/320,510:0/245] playerHp=[382:1665/1665,150:1725/1725]",
    "wave 112 turn 2: replay guest crossed cmd:112:2 through real public COMMAND=opened",
    "wave 112 turn 2: guest SWITCH -> party[3]",
    "wave 112 turn 3: replay guest crossed cmd:112:3 through real public COMMAND=opened",
    "wave 112 turn 3: guest SWITCH -> party[3]",
    "wave 112 turn 4: replay guest crossed cmd:112:4 through real public COMMAND=opened",
    "wave 112 turn 5: replay guest crossed cmd:112:5 through real public COMMAND=opened",
    "wave 112: reward shop owner=host leave",
    "wave 113 turn 1: replay guest crossed cmd:113:1 through real public COMMAND=opened",
    "wave 113: host slot move=53 guest slot move=34",
    "wave 113 turn 1: guest SWITCH -> party[3]",
    "wave 113 turn 1: progress enemyHp=[186:0/297,230:246/246] playerHp=[382:1612/1665,384:1715/1715]",
    "wave 113 turn 2: replay guest crossed cmd:113:2 through real public COMMAND=opened",
    "wave 113 turn 2: host SWITCH -> party[2]",
    "wave 113: reward shop owner=guest leave",
    "wave 114 turn 1: replay guest crossed cmd:114:1 through real public COMMAND=opened",
    "wave 114: TRAINER (fixed)",
    "wave 114: host slot move=247 guest slot move=247",
    "wave 114 turn 1: progress enemyHp=[10005:0/317,473:0/356] playerHp=[890:2065/2065,384:1715/1715]",
    "wave 114 turn 2: replay guest crossed cmd:114:2 through real public COMMAND=opened",
    "wave 114 turn 3: replay guest crossed cmd:114:3 through real public COMMAND=opened",
    "wave 114 turn 4: replay guest crossed cmd:114:4 through real public COMMAND=opened",
    "wave 114 turn 4: host SWITCH -> party[2]",
    "wave 114: reward shop owner=host leave",
    "wave 115 turn 1: replay guest crossed cmd:115:1 through real public COMMAND=opened",
    "wave 115: TRAINER (fixed)",
    "wave 115: host slot move=247 guest slot move=53",
    "wave 115 turn 1: progress enemyHp=[563:0/279,537:0/349] playerHp=[382:1561/1665,384:1327/1715]",
    "wave 115 turn 2: replay guest crossed cmd:115:2 through real public COMMAND=opened",
    "wave 115 turn 3: replay guest crossed cmd:115:3 through real public COMMAND=opened",
    "wave 115 turn 3: guest SWITCH -> party[3]",
    "wave 115 turn 4: replay guest crossed cmd:115:4 through real public COMMAND=opened",
    "wave 115: reward shop owner=guest take-nonparty",
    "wave 115: host chose Crossroads Leave through public UI",
    "wave 115: host drove World Map via public UI=true and both consumed 1827267703574226:0:BIOME_PICK:9700136",
    "wave 116 turn 1: replay guest crossed cmd:116:1 through real public COMMAND=opened",
    "wave 116: BIOME 6->10",
    "wave 116: host slot move=85 guest slot move=247",
    "wave 116 turn 1: progress enemyHp=[211:0/239,793:0/313] playerHp=[382:1309/1665,150:1650/1725]",
    "wave 116: reward shop owner=guest leave",
    "wave 116: drained 1 milestone reward continuation(s)",
    "wave 117 turn 1: replay guest crossed cmd:117:1 through real public COMMAND=opened",
    "wave 117: host slot move=53 guest slot move=34",
    "wave 117 turn 1: guest SWITCH -> party[3]",
    "wave 117 turn 1: progress enemyHp=[350:173/308,367:223/223] playerHp=[382:1309/1665,384:1661/1715]"
  ]
}